35.0 APEX_CODE,FINEST;APEX_PROFILING,INFO;CALLOUT,INFO;DB,INFO;SYSTEM,DEBUG;VALIDATION,INFO;VISUALFORCE,INFO;WORKFLOW,INFO
Execute Anonymous: SObjectData d = new SObjectData('Test_objects__c');
Execute Anonymous: Map<String, String> x = new Map<String, String>();
Execute Anonymous: x.put('Name', 'x');
Execute Anonymous: 
Execute Anonymous: SObjectData d1 = new SObjectData('Test_objects__c');
Execute Anonymous: d1.setParent(d);
Execute Anonymous: 
Execute Anonymous: d.addChild(d1);
Execute Anonymous: 
Execute Anonymous: //ScoringSchemeHelper h = new ScoringSchemeHelper();
Execute Anonymous: //h.createSObjects(new List<SObjectData> { d} );
14:09:38.027 (27088153)|EXECUTION_STARTED
14:09:38.027 (27097254)|CODE_UNIT_STARTED|[EXTERNAL]|execute_anonymous_apex
14:09:38.028 (28585671)|VARIABLE_SCOPE_BEGIN|[1]|d|SObjectData|true|false
14:09:38.028 (28597948)|VARIABLE_SCOPE_BEGIN|[5]|d1|SObjectData|true|false
14:09:38.028 (28607601)|VARIABLE_SCOPE_BEGIN|[2]|x|Map<String,String>|true|false
14:09:38.028 (28770946)|HEAP_ALLOCATE|[72]|Bytes:3
14:09:38.028 (28832758)|HEAP_ALLOCATE|[77]|Bytes:152
14:09:38.028 (28854998)|HEAP_ALLOCATE|[342]|Bytes:408
14:09:38.028 (28877385)|HEAP_ALLOCATE|[355]|Bytes:408
14:09:38.028 (28898590)|HEAP_ALLOCATE|[467]|Bytes:48
14:09:38.028 (28941476)|HEAP_ALLOCATE|[139]|Bytes:6
14:09:38.028 (28974030)|HEAP_ALLOCATE|[EXTERNAL]|Bytes:11
14:09:38.029 (29017727)|STATEMENT_EXECUTE|[1]
14:09:38.029 (29022760)|STATEMENT_EXECUTE|[1]
14:09:38.029 (29029610)|HEAP_ALLOCATE|[1]|Bytes:34
14:09:38.029 (29070191)|METHOD_ENTRY|[1]|01p58000000n6Fr|SObjectData.SObjectData()
14:09:38.029 (29076249)|STATEMENT_EXECUTE|[1]
14:09:38.029 (29080350)|STATEMENT_EXECUTE|[1]
14:09:38.029 (29119942)|HEAP_ALLOCATE|[50]|Bytes:5
14:09:38.029 (29153047)|HEAP_ALLOCATE|[56]|Bytes:5
14:09:38.029 (29165381)|HEAP_ALLOCATE|[64]|Bytes:7
14:09:38.029 (29190448)|SYSTEM_MODE_ENTER|false
14:09:38.029 (29213075)|HEAP_ALLOCATE|[1]|Bytes:5
14:09:38.029 (29220880)|SYSTEM_MODE_EXIT|false
14:09:38.029 (29232913)|METHOD_EXIT|[1]|SObjectData
14:09:38.029 (29313275)|HEAP_ALLOCATE|[1]|Bytes:20
14:09:38.029 (29321112)|HEAP_ALLOCATE|[1]|Bytes:15
14:09:38.029 (29347573)|SYSTEM_MODE_ENTER|false
14:09:38.029 (29365808)|HEAP_ALLOCATE|[1]|Bytes:5
14:09:38.029 (29386943)|CONSTRUCTOR_ENTRY|[1]|01p58000000n6Fr|<init>(String)
14:09:38.029 (29423197)|VARIABLE_SCOPE_BEGIN|[7]|this|SObjectData|true|false
14:09:38.029 (29479494)|VARIABLE_ASSIGNMENT|[7]|this|{}|0x523331d7
14:09:38.029 (29486063)|VARIABLE_SCOPE_BEGIN|[7]|sobjectType|String|false|false
14:09:38.029 (29496767)|VARIABLE_ASSIGNMENT|[7]|sobjectType|"Test_objects__c"
14:09:38.029 (29505854)|HEAP_ALLOCATE|[2]|Bytes:5
14:09:38.029 (29510695)|STATEMENT_EXECUTE|[1]
14:09:38.029 (29514611)|HEAP_ALLOCATE|[2]|Bytes:5
14:09:38.029 (29517679)|STATEMENT_EXECUTE|[2]
14:09:38.029 (29525018)|HEAP_ALLOCATE|[2]|Bytes:4
14:09:38.029 (29563229)|VARIABLE_ASSIGNMENT|[2]|this.fieldMap|{"s":1,"v":{}}|0x523331d7
14:09:38.029 (29569003)|STATEMENT_EXECUTE|[3]
14:09:38.029 (29571632)|STATEMENT_EXECUTE|[4]
14:09:38.029 (29573872)|STATEMENT_EXECUTE|[5]
14:09:38.029 (29588551)|HEAP_ALLOCATE|[2]|Bytes:6
14:09:38.029 (29605630)|VARIABLE_SCOPE_BEGIN|[2]|this|System.ApexBaseClass|true|false
14:09:38.029 (29631700)|VARIABLE_ASSIGNMENT|[2]|this|{"fieldMap":"0xec54181"}|0x523331d7
14:09:38.029 (29643276)|STATEMENT_EXECUTE|[7]
14:09:38.029 (29646039)|STATEMENT_EXECUTE|[8]
14:09:38.029 (29657871)|VARIABLE_ASSIGNMENT|[8]|this.sObjectType|"Test_objects__c"|0x523331d7
14:09:38.029 (29669487)|CONSTRUCTOR_EXIT|[1]|01p58000000n6Fr|<init>(String)
14:09:38.029 (29675075)|SYSTEM_MODE_EXIT|false
14:09:38.029 (29707930)|VARIABLE_ASSIGNMENT|[1]|d|{"fieldMap":"0xec54181","sObjectType":"Test_objects__c"}|0x523331d7
14:09:38.029 (29714366)|STATEMENT_EXECUTE|[2]
14:09:38.029 (29719969)|HEAP_ALLOCATE|[2]|Bytes:4
14:09:38.029 (29743825)|VARIABLE_ASSIGNMENT|[2]|x|{"s":1,"v":{}}|0x79f07699
14:09:38.029 (29748941)|STATEMENT_EXECUTE|[3]
14:09:38.029 (29757484)|HEAP_ALLOCATE|[3]|Bytes:4
14:09:38.029 (29761627)|HEAP_ALLOCATE|[3]|Bytes:1
14:09:38.029 (29820807)|HEAP_ALLOCATE|[EXTERNAL]|Bytes:-4
14:09:38.029 (29839193)|STATEMENT_EXECUTE|[5]
14:09:38.029 (29845567)|HEAP_ALLOCATE|[5]|Bytes:20
14:09:38.029 (29868539)|SYSTEM_MODE_ENTER|false
14:09:38.029 (29884553)|HEAP_ALLOCATE|[5]|Bytes:5
14:09:38.029 (29895531)|CONSTRUCTOR_ENTRY|[5]|01p58000000n6Fr|<init>(String)
14:09:38.029 (29912734)|VARIABLE_SCOPE_BEGIN|[7]|this|SObjectData|true|false
14:09:38.029 (29932933)|VARIABLE_ASSIGNMENT|[7]|this|{}|0x762737cb
14:09:38.029 (29937409)|VARIABLE_SCOPE_BEGIN|[7]|sobjectType|String|false|false
14:09:38.029 (29944194)|VARIABLE_ASSIGNMENT|[7]|sobjectType|"Test_objects__c"
14:09:38.029 (29951774)|HEAP_ALLOCATE|[2]|Bytes:5
14:09:38.029 (29956678)|STATEMENT_EXECUTE|[1]
14:09:38.029 (29960304)|HEAP_ALLOCATE|[2]|Bytes:5
14:09:38.029 (29963447)|STATEMENT_EXECUTE|[2]
14:09:38.029 (29968068)|HEAP_ALLOCATE|[2]|Bytes:4
14:09:38.029 (29987822)|VARIABLE_ASSIGNMENT|[2]|this.fieldMap|{"s":1,"v":{}}|0x762737cb
14:09:38.029 (29993072)|STATEMENT_EXECUTE|[3]
14:09:38.029 (29995647)|STATEMENT_EXECUTE|[4]
14:09:38.029 (29997869)|STATEMENT_EXECUTE|[5]
14:09:38.030 (30005552)|VARIABLE_SCOPE_BEGIN|[2]|this|System.ApexBaseClass|true|false
14:09:38.030 (30026805)|VARIABLE_ASSIGNMENT|[2]|this|{"fieldMap":"0x524aa9c7"}|0x762737cb
14:09:38.030 (30035965)|STATEMENT_EXECUTE|[7]
14:09:38.030 (30038567)|STATEMENT_EXECUTE|[8]
14:09:38.030 (30048414)|VARIABLE_ASSIGNMENT|[8]|this.sObjectType|"Test_objects__c"|0x762737cb
14:09:38.030 (30058111)|CONSTRUCTOR_EXIT|[5]|01p58000000n6Fr|<init>(String)
14:09:38.030 (30063306)|SYSTEM_MODE_EXIT|false
14:09:38.030 (30092662)|VARIABLE_ASSIGNMENT|[5]|d1|{"fieldMap":"0x524aa9c7","sObjectType":"Test_objects__c"}|0x762737cb
14:09:38.030 (30098663)|STATEMENT_EXECUTE|[6]
14:09:38.030 (30124436)|SYSTEM_MODE_ENTER|false
14:09:38.030 (30144279)|HEAP_ALLOCATE|[6]|Bytes:5
14:09:38.030 (30183787)|METHOD_ENTRY|[6]|01p58000000n6Fr|SObjectData.setParent(SObjectData)
14:09:38.030 (30206810)|VARIABLE_SCOPE_BEGIN|[27]|this|SObjectData|true|false
14:09:38.030 (30231056)|VARIABLE_ASSIGNMENT|[27]|this|{"fieldMap":"0x524aa9c7","sObjectType":"Test_objects__c"}|0x762737cb
14:09:38.030 (30236765)|VARIABLE_SCOPE_BEGIN|[27]|o|SObjectData|true|false
14:09:38.030 (30252183)|VARIABLE_ASSIGNMENT|[27]|o|{"fieldMap":"0xec54181","sObjectType":"Test_objects__c"}|0x523331d7
14:09:38.030 (30266467)|HEAP_ALLOCATE|[28]|Bytes:5
14:09:38.030 (30271343)|STATEMENT_EXECUTE|[27]
14:09:38.030 (30273975)|STATEMENT_EXECUTE|[28]
14:09:38.030 (30281373)|VARIABLE_ASSIGNMENT|[28]|this.parent|0x523331d7|0x762737cb
14:09:38.030 (30290288)|METHOD_EXIT|[6]|01p58000000n6Fr|SObjectData.setParent(SObjectData)
14:09:38.030 (30295198)|SYSTEM_MODE_EXIT|false
14:09:38.030 (30299646)|STATEMENT_EXECUTE|[8]
14:09:38.030 (30324519)|SYSTEM_MODE_ENTER|false
14:09:38.030 (30339754)|HEAP_ALLOCATE|[8]|Bytes:5
14:09:38.030 (30362907)|METHOD_ENTRY|[8]|01p58000000n6Fr|SObjectData.addChild(SObjectData)
14:09:38.030 (30384173)|VARIABLE_SCOPE_BEGIN|[37]|this|SObjectData|true|false
14:09:38.030 (30407913)|VARIABLE_ASSIGNMENT|[37]|this|{"fieldMap":"0xec54181","sObjectType":"Test_objects__c"}|0x523331d7
14:09:38.030 (30413854)|VARIABLE_SCOPE_BEGIN|[37]|o|SObjectData|true|false
14:09:38.030 (30430722)|VARIABLE_ASSIGNMENT|[37]|o|{"fieldMap":"0x524aa9c7","parent":"0x523331d7","sObjectType":"Test_objects__c"}|0x762737cb
14:09:38.030 (30440325)|HEAP_ALLOCATE|[38]|Bytes:5
14:09:38.030 (30445044)|STATEMENT_EXECUTE|[37]
14:09:38.030 (30451788)|STATEMENT_EXECUTE|[38]
14:09:38.030 (30454046)|STATEMENT_EXECUTE|[39]
14:09:38.030 (30461113)|HEAP_ALLOCATE|[39]|Bytes:4
14:09:38.030 (30606528)|HEAP_ALLOCATE|[EXTERNAL]|Bytes:4
14:09:38.030 (30626015)|VARIABLE_ASSIGNMENT|[39]|this.children|{"s":1,"v":[]}|0x523331d7
14:09:38.030 (30631444)|STATEMENT_EXECUTE|[41]
14:09:38.030 (30679438)|HEAP_ALLOCATE|[EXTERNAL]|Bytes:4
14:09:38.030 (30700290)|METHOD_EXIT|[8]|01p58000000n6Fr|SObjectData.addChild(SObjectData)
14:09:38.030 (30705631)|SYSTEM_MODE_EXIT|false
14:09:38.030 (30748577)|CUMULATIVE_LIMIT_USAGE
14:09:38.030 (30748577)|LIMIT_USAGE_FOR_NS|(default)|
  Number of SOQL queries: 0 out of 100
  Number of query rows: 0 out of 50000
  Number of SOSL queries: 0 out of 20
  Number of DML statements: 0 out of 150
  Number of DML rows: 0 out of 10000
  Maximum CPU time: 0 out of 10000
  Maximum heap size: 0 out of 6000000
  Number of callouts: 0 out of 100
  Number of Email Invocations: 0 out of 10
  Number of future calls: 0 out of 50
  Number of queueable jobs added to the queue: 0 out of 50
  Number of Mobile Apex push calls: 0 out of 10

14:09:38.030 (30748577)|CUMULATIVE_LIMIT_USAGE_END

14:09:38.030 (30792763)|CODE_UNIT_FINISHED|execute_anonymous_apex
14:09:38.031 (31867841)|EXECUTION_FINISHED
