35.0 APEX_CODE,FINEST;APEX_PROFILING,INFO;CALLOUT,INFO;DB,INFO;SYSTEM,DEBUG;VALIDATION,INFO;VISUALFORCE,INFO;WORKFLOW,INFO
Execute Anonymous: /*SObjectData d = new SObjectData('Test_objects__c');
Execute Anonymous: d.addValuePair('Name', 'Parent');
Execute Anonymous: d.setParentField('Parent__c');
Execute Anonymous: 
Execute Anonymous: SObjectData d1 = new SObjectData('Test_objects__c');
Execute Anonymous: d1.addValuePair('Name', 'Child 1');
Execute Anonymous: d1.setParent(d);
Execute Anonymous: d1.setParentField('Parent__c');
Execute Anonymous: 
Execute Anonymous: SObjectData d2 = new SObjectData('Test_objects__c');
Execute Anonymous: d2.addValuePair('Name', 'Child 2');
Execute Anonymous: d2.setParent(d);
Execute Anonymous: d2.setParentField('Parent__c');
Execute Anonymous: 
Execute Anonymous: SObjectData d3 = new SObjectData('Test_objects__c');
Execute Anonymous: d3.addValuePair('Name', 'Child 3');
Execute Anonymous: d3.setParent(d);
Execute Anonymous: d3.setParentField('Parent__c');
Execute Anonymous: 
Execute Anonymous: d.addChild(d1);
Execute Anonymous: d.addChild(d2);
Execute Anonymous: d.addChild(d3);
Execute Anonymous: 
Execute Anonymous: SObjectData d4 = new SObjectData('Test_objects__c');
Execute Anonymous: d4.addValuePair('Name', 'Child 4');
Execute Anonymous: d4.setParent(d3);
Execute Anonymous: d4.setParentField('Parent__c');
Execute Anonymous: 
Execute Anonymous: d3.addChild(d4);
Execute Anonymous: 
Execute Anonymous: SObjectUtility h = new SObjectUtility();
Execute Anonymous: h.createSObjects(new List<SObjectData> { d} );*/
Execute Anonymous: 
Execute Anonymous: ScoringSchemeHelper.create5x5ScoringScheme();
17:22:56.160 (160936238)|EXECUTION_STARTED
17:22:56.160 (160949943)|CODE_UNIT_STARTED|[EXTERNAL]|execute_anonymous_apex
17:22:56.161 (161216122)|HEAP_ALLOCATE|[72]|Bytes:3
17:22:56.161 (161279747)|HEAP_ALLOCATE|[77]|Bytes:152
17:22:56.161 (161304174)|HEAP_ALLOCATE|[342]|Bytes:408
17:22:56.161 (161326581)|HEAP_ALLOCATE|[355]|Bytes:408
17:22:56.161 (161347150)|HEAP_ALLOCATE|[467]|Bytes:48
17:22:56.161 (161388716)|HEAP_ALLOCATE|[139]|Bytes:6
17:22:56.161 (161421023)|HEAP_ALLOCATE|[EXTERNAL]|Bytes:2
17:22:56.161 (161511329)|STATEMENT_EXECUTE|[1]
17:22:56.161 (161516365)|STATEMENT_EXECUTE|[34]
17:22:56.161 (161581235)|HEAP_ALLOCATE|[50]|Bytes:5
17:22:56.161 (161609886)|HEAP_ALLOCATE|[56]|Bytes:5
17:22:56.161 (161620759)|HEAP_ALLOCATE|[64]|Bytes:7
17:22:56.161 (161651435)|SYSTEM_MODE_ENTER|false
17:22:56.161 (161689564)|HEAP_ALLOCATE|[34]|Bytes:5
17:22:56.183 (183085519)|HEAP_ALLOCATE|[34]|Bytes:1
17:22:56.183 (183143088)|METHOD_ENTRY|[1]|01p58000000n81u|ScoringSchemeHelper.ScoringSchemeHelper()
17:22:56.183 (183152487)|STATEMENT_EXECUTE|[1]
17:22:56.183 (183160366)|STATEMENT_EXECUTE|[1]
17:22:56.183 (183182042)|HEAP_ALLOCATE|[34]|Bytes:5
17:22:56.183 (183197508)|METHOD_EXIT|[1]|ScoringSchemeHelper
17:22:56.183 (183248922)|METHOD_ENTRY|[34]|01p58000000n81u|ScoringSchemeHelper.create5x5ScoringScheme()
17:22:56.183 (183318278)|HEAP_ALLOCATE|[4]|Bytes:5
17:22:56.183 (183325499)|STATEMENT_EXECUTE|[3]
17:22:56.183 (183328189)|STATEMENT_EXECUTE|[4]
17:22:56.190 (190102244)|HEAP_ALLOCATE|[4]|Bytes:43
17:22:56.190 (190126022)|METHOD_ENTRY|[1]|01p58000000n6Fr|SObjectData.SObjectData()
17:22:56.190 (190131793)|STATEMENT_EXECUTE|[1]
17:22:56.190 (190136560)|STATEMENT_EXECUTE|[1]
17:22:56.190 (190143742)|HEAP_ALLOCATE|[4]|Bytes:5
17:22:56.190 (190154184)|METHOD_EXIT|[1]|SObjectData
17:22:56.190 (190257502)|HEAP_ALLOCATE|[4]|Bytes:24
17:22:56.190 (190266728)|HEAP_ALLOCATE|[4]|Bytes:23
17:22:56.190 (190286289)|CONSTRUCTOR_ENTRY|[4]|01p58000000n6Fr|<init>(String)
17:22:56.190 (190347714)|VARIABLE_SCOPE_BEGIN|[8]|this|SObjectData|true|false
17:22:56.190 (190418600)|VARIABLE_ASSIGNMENT|[8]|this|{}|0x7048b4bc
17:22:56.190 (190425323)|VARIABLE_SCOPE_BEGIN|[8]|sobjectType|String|false|false
17:22:56.190 (190440958)|VARIABLE_ASSIGNMENT|[8]|sobjectType|"Risk__Scoring_Scheme (3 more) ..."
17:22:56.190 (190449799)|HEAP_ALLOCATE|[2]|Bytes:5
17:22:56.190 (190455134)|STATEMENT_EXECUTE|[1]
17:22:56.190 (190459305)|HEAP_ALLOCATE|[2]|Bytes:5
17:22:56.190 (190462637)|STATEMENT_EXECUTE|[2]
17:22:56.190 (190472907)|HEAP_ALLOCATE|[2]|Bytes:4
17:22:56.190 (190523683)|VARIABLE_ASSIGNMENT|[2]|this.fieldMap|{"s":1,"v":{}}|0x7048b4bc
17:22:56.190 (190530664)|STATEMENT_EXECUTE|[3]
17:22:56.190 (190533435)|STATEMENT_EXECUTE|[4]
17:22:56.190 (190535633)|STATEMENT_EXECUTE|[5]
17:22:56.190 (190537773)|STATEMENT_EXECUTE|[6]
17:22:56.190 (190554796)|HEAP_ALLOCATE|[2]|Bytes:6
17:22:56.190 (190572738)|VARIABLE_SCOPE_BEGIN|[2]|this|System.ApexBaseClass|true|false
17:22:56.190 (190598470)|VARIABLE_ASSIGNMENT|[2]|this|{"fieldMap":"0x5d896db1"}|0x7048b4bc
17:22:56.190 (190615144)|STATEMENT_EXECUTE|[8]
17:22:56.190 (190617967)|STATEMENT_EXECUTE|[9]
17:22:56.190 (190631363)|VARIABLE_ASSIGNMENT|[9]|this.sObjectType|"Risk__Scoring_Scheme (3 more) ..."|0x7048b4bc
17:22:56.190 (190646196)|CONSTRUCTOR_EXIT|[4]|01p58000000n6Fr|<init>(String)
17:22:56.190 (190652121)|VARIABLE_SCOPE_BEGIN|[4]|scoringScheme|SObjectData|true|false
17:22:56.190 (190674448)|VARIABLE_ASSIGNMENT|[4]|scoringScheme|{"fieldMap":"0x5d896db1","sObjectType":"Risk__Scoring_Scheme (3 more) ..."}|0x7048b4bc
17:22:56.190 (190680651)|STATEMENT_EXECUTE|[5]
17:22:56.190 (190685145)|HEAP_ALLOCATE|[5]|Bytes:4
17:22:56.190 (190689418)|HEAP_ALLOCATE|[5]|Bytes:18
17:22:56.190 (190727125)|METHOD_ENTRY|[5]|01p58000000n6Fr|SObjectData.addValuePair(String, String)
17:22:56.190 (190757719)|VARIABLE_SCOPE_BEGIN|[67]|this|SObjectData|true|false
17:22:56.190 (190784390)|VARIABLE_ASSIGNMENT|[67]|this|{"fieldMap":"0x5d896db1","sObjectType":"Risk__Scoring_Scheme (3 more) ..."}|0x7048b4bc
17:22:56.190 (190790799)|VARIABLE_SCOPE_BEGIN|[67]|field|String|false|false
17:22:56.190 (190796816)|VARIABLE_ASSIGNMENT|[67]|field|"Name"
17:22:56.190 (190800344)|VARIABLE_SCOPE_BEGIN|[67]|value|String|false|false
17:22:56.190 (190805554)|VARIABLE_ASSIGNMENT|[67]|value|"Scoring Scheme 5x5"
17:22:56.190 (190814601)|HEAP_ALLOCATE|[69]|Bytes:5
17:22:56.190 (190819926)|STATEMENT_EXECUTE|[67]
17:22:56.190 (190826253)|STATEMENT_EXECUTE|[69]
17:22:56.190 (190832880)|STATEMENT_EXECUTE|[72]
17:22:56.190 (190943293)|HEAP_ALLOCATE|[EXTERNAL]|Bytes:-4
17:22:56.190 (190973449)|METHOD_EXIT|[5]|01p58000000n6Fr|SObjectData.addValuePair(String, String)
17:22:56.190 (190979653)|STATEMENT_EXECUTE|[6]
17:22:56.190 (190985346)|HEAP_ALLOCATE|[6]|Bytes:12
17:22:56.190 (190992293)|HEAP_ALLOCATE|[6]|Bytes:15
17:22:56.191 (191002474)|METHOD_ENTRY|[6]|01p58000000n6Fr|SObjectData.addValuePair(String, String)
17:22:56.191 (191023555)|VARIABLE_SCOPE_BEGIN|[67]|this|SObjectData|true|false
17:22:56.191 (191050383)|VARIABLE_ASSIGNMENT|[67]|this|{"fieldMap":"0x5d896db1","sObjectType":"Risk__Scoring_Scheme (3 more) ..."}|0x7048b4bc
17:22:56.191 (191055709)|VARIABLE_SCOPE_BEGIN|[67]|field|String|false|false
17:22:56.191 (191061810)|VARIABLE_ASSIGNMENT|[67]|field|"RecordTypeId"
17:22:56.191 (191064686)|VARIABLE_SCOPE_BEGIN|[67]|value|String|false|false
17:22:56.191 (191069623)|VARIABLE_ASSIGNMENT|[67]|value|"012580000000H5p"
17:22:56.191 (191078015)|HEAP_ALLOCATE|[69]|Bytes:5
17:22:56.191 (191082748)|STATEMENT_EXECUTE|[67]
17:22:56.191 (191086257)|STATEMENT_EXECUTE|[69]
17:22:56.191 (191088884)|STATEMENT_EXECUTE|[72]
17:22:56.191 (191110543)|HEAP_ALLOCATE|[EXTERNAL]|Bytes:-4
17:22:56.191 (191129791)|METHOD_EXIT|[6]|01p58000000n6Fr|SObjectData.addValuePair(String, String)
17:22:56.191 (191135373)|STATEMENT_EXECUTE|[8]
17:22:56.191 (191141408)|HEAP_ALLOCATE|[8]|Bytes:24
17:22:56.191 (191146282)|HEAP_ALLOCATE|[8]|Bytes:24
17:22:56.191 (191155122)|CONSTRUCTOR_ENTRY|[8]|01p58000000n6Fr|<init>(String)
17:22:56.191 (191177111)|VARIABLE_SCOPE_BEGIN|[8]|this|SObjectData|true|false
17:22:56.191 (191198090)|VARIABLE_ASSIGNMENT|[8]|this|{}|0x267b7bc9
17:22:56.191 (191202682)|VARIABLE_SCOPE_BEGIN|[8]|sobjectType|String|false|false
17:22:56.191 (191210881)|VARIABLE_ASSIGNMENT|[8]|sobjectType|"Risk__Impact_Categor (4 more) ..."
17:22:56.191 (191218870)|HEAP_ALLOCATE|[2]|Bytes:5
17:22:56.191 (191223645)|STATEMENT_EXECUTE|[1]
17:22:56.191 (191227395)|HEAP_ALLOCATE|[2]|Bytes:5
17:22:56.191 (191230577)|STATEMENT_EXECUTE|[2]
17:22:56.191 (191237241)|HEAP_ALLOCATE|[2]|Bytes:4
17:22:56.191 (191259530)|VARIABLE_ASSIGNMENT|[2]|this.fieldMap|{"s":1,"v":{}}|0x267b7bc9
17:22:56.191 (191265424)|STATEMENT_EXECUTE|[3]
17:22:56.191 (191268114)|STATEMENT_EXECUTE|[4]
17:22:56.191 (191270512)|STATEMENT_EXECUTE|[5]
17:22:56.191 (191272628)|STATEMENT_EXECUTE|[6]
17:22:56.191 (191280763)|VARIABLE_SCOPE_BEGIN|[2]|this|System.ApexBaseClass|true|false
17:22:56.191 (191301344)|VARIABLE_ASSIGNMENT|[2]|this|{"fieldMap":"0x30096e52"}|0x267b7bc9
17:22:56.191 (191310823)|STATEMENT_EXECUTE|[8]
17:22:56.191 (191313489)|STATEMENT_EXECUTE|[9]
17:22:56.191 (191324482)|VARIABLE_ASSIGNMENT|[9]|this.sObjectType|"Risk__Impact_Categor (4 more) ..."|0x267b7bc9
17:22:56.191 (191336195)|CONSTRUCTOR_EXIT|[8]|01p58000000n6Fr|<init>(String)
17:22:56.191 (191340887)|VARIABLE_SCOPE_BEGIN|[8]|costIC|SObjectData|true|false
17:22:56.191 (191361618)|VARIABLE_ASSIGNMENT|[8]|costIC|{"fieldMap":"0x30096e52","sObjectType":"Risk__Impact_Categor (4 more) ..."}|0x267b7bc9
17:22:56.191 (191367407)|STATEMENT_EXECUTE|[9]
17:22:56.191 (191372154)|HEAP_ALLOCATE|[9]|Bytes:7
17:22:56.191 (191382612)|METHOD_ENTRY|[9]|01p58000000n6Fr|SObjectData.addValuePair(String, String)
17:22:56.191 (191402098)|VARIABLE_SCOPE_BEGIN|[67]|this|SObjectData|true|false
17:22:56.191 (191426203)|VARIABLE_ASSIGNMENT|[67]|this|{"fieldMap":"0x30096e52","sObjectType":"Risk__Impact_Categor (4 more) ..."}|0x267b7bc9
17:22:56.191 (191431663)|VARIABLE_SCOPE_BEGIN|[67]|field|String|false|false
17:22:56.191 (191437260)|VARIABLE_ASSIGNMENT|[67]|field|"Name"
17:22:56.191 (191440058)|VARIABLE_SCOPE_BEGIN|[67]|value|String|false|false
17:22:56.191 (191445005)|VARIABLE_ASSIGNMENT|[67]|value|"Cost IC"
17:22:56.191 (191453092)|HEAP_ALLOCATE|[69]|Bytes:5
17:22:56.191 (191457866)|STATEMENT_EXECUTE|[67]
17:22:56.191 (191461511)|STATEMENT_EXECUTE|[69]
17:22:56.191 (191463906)|STATEMENT_EXECUTE|[72]
17:22:56.191 (191485167)|HEAP_ALLOCATE|[EXTERNAL]|Bytes:-4
17:22:56.191 (191504495)|METHOD_EXIT|[9]|01p58000000n6Fr|SObjectData.addValuePair(String, String)
17:22:56.191 (191509958)|STATEMENT_EXECUTE|[10]
17:22:56.191 (191514116)|HEAP_ALLOCATE|[10]|Bytes:21
17:22:56.191 (191518128)|HEAP_ALLOCATE|[10]|Bytes:4
17:22:56.191 (191526423)|METHOD_ENTRY|[10]|01p58000000n6Fr|SObjectData.addValuePair(String, String)
17:22:56.191 (191544418)|VARIABLE_SCOPE_BEGIN|[67]|this|SObjectData|true|false
17:22:56.191 (191569173)|VARIABLE_ASSIGNMENT|[67]|this|{"fieldMap":"0x30096e52","sObjectType":"Risk__Impact_Categor (4 more) ..."}|0x267b7bc9
17:22:56.191 (191574636)|VARIABLE_SCOPE_BEGIN|[67]|field|String|false|false
17:22:56.191 (191581129)|VARIABLE_ASSIGNMENT|[67]|field|"Risk__Type_Of_Risk__ (1 more) ..."
17:22:56.191 (191584588)|VARIABLE_SCOPE_BEGIN|[67]|value|String|false|false
17:22:56.191 (191589307)|VARIABLE_ASSIGNMENT|[67]|value|"Cost"
17:22:56.191 (191596956)|HEAP_ALLOCATE|[69]|Bytes:5
17:22:56.191 (191601428)|STATEMENT_EXECUTE|[67]
17:22:56.191 (191604867)|STATEMENT_EXECUTE|[69]
17:22:56.191 (191607185)|STATEMENT_EXECUTE|[72]
17:22:56.191 (191627628)|HEAP_ALLOCATE|[EXTERNAL]|Bytes:-4
17:22:56.191 (191646113)|METHOD_EXIT|[10]|01p58000000n6Fr|SObjectData.addValuePair(String, String)
17:22:56.191 (191651046)|STATEMENT_EXECUTE|[12]
17:22:56.191 (191656826)|HEAP_ALLOCATE|[12]|Bytes:24
17:22:56.191 (191666015)|CONSTRUCTOR_ENTRY|[12]|01p58000000n6Fr|<init>(String)
17:22:56.191 (191687156)|VARIABLE_SCOPE_BEGIN|[8]|this|SObjectData|true|false
17:22:56.191 (191707520)|VARIABLE_ASSIGNMENT|[8]|this|{}|0x660cfe92
17:22:56.191 (191712037)|VARIABLE_SCOPE_BEGIN|[8]|sobjectType|String|false|false
17:22:56.191 (191719664)|VARIABLE_ASSIGNMENT|[8]|sobjectType|"Risk__Impact_Categor (4 more) ..."
17:22:56.191 (191727481)|HEAP_ALLOCATE|[2]|Bytes:5
17:22:56.191 (191732120)|STATEMENT_EXECUTE|[1]
17:22:56.191 (191736011)|HEAP_ALLOCATE|[2]|Bytes:5
17:22:56.191 (191739131)|STATEMENT_EXECUTE|[2]
17:22:56.191 (191746094)|HEAP_ALLOCATE|[2]|Bytes:4
17:22:56.191 (191767251)|VARIABLE_ASSIGNMENT|[2]|this.fieldMap|{"s":1,"v":{}}|0x660cfe92
17:22:56.191 (191772915)|STATEMENT_EXECUTE|[3]
17:22:56.191 (191775513)|STATEMENT_EXECUTE|[4]
17:22:56.191 (191777711)|STATEMENT_EXECUTE|[5]
17:22:56.191 (191779801)|STATEMENT_EXECUTE|[6]
17:22:56.191 (191787537)|VARIABLE_SCOPE_BEGIN|[2]|this|System.ApexBaseClass|true|false
17:22:56.191 (191806711)|VARIABLE_ASSIGNMENT|[2]|this|{"fieldMap":"0x6b203bfe"}|0x660cfe92
17:22:56.191 (191815945)|STATEMENT_EXECUTE|[8]
17:22:56.191 (191818580)|STATEMENT_EXECUTE|[9]
17:22:56.191 (191833506)|VARIABLE_ASSIGNMENT|[9]|this.sObjectType|"Risk__Impact_Categor (4 more) ..."|0x660cfe92
17:22:56.191 (191845719)|CONSTRUCTOR_EXIT|[12]|01p58000000n6Fr|<init>(String)
17:22:56.191 (191850616)|VARIABLE_SCOPE_BEGIN|[12]|timeIC|SObjectData|true|false
17:22:56.191 (191871849)|VARIABLE_ASSIGNMENT|[12]|timeIC|{"fieldMap":"0x6b203bfe","sObjectType":"Risk__Impact_Categor (4 more) ..."}|0x660cfe92
17:22:56.191 (191878435)|STATEMENT_EXECUTE|[13]
17:22:56.191 (191883568)|HEAP_ALLOCATE|[13]|Bytes:7
17:22:56.191 (191893842)|METHOD_ENTRY|[13]|01p58000000n6Fr|SObjectData.addValuePair(String, String)
17:22:56.191 (191912678)|VARIABLE_SCOPE_BEGIN|[67]|this|SObjectData|true|false
17:22:56.191 (191936419)|VARIABLE_ASSIGNMENT|[67]|this|{"fieldMap":"0x6b203bfe","sObjectType":"Risk__Impact_Categor (4 more) ..."}|0x660cfe92
17:22:56.191 (191941558)|VARIABLE_SCOPE_BEGIN|[67]|field|String|false|false
17:22:56.191 (191946854)|VARIABLE_ASSIGNMENT|[67]|field|"Name"
17:22:56.191 (191949562)|VARIABLE_SCOPE_BEGIN|[67]|value|String|false|false
17:22:56.191 (191954397)|VARIABLE_ASSIGNMENT|[67]|value|"Time IC"
17:22:56.191 (191962279)|HEAP_ALLOCATE|[69]|Bytes:5
17:22:56.191 (191966927)|STATEMENT_EXECUTE|[67]
17:22:56.191 (191970455)|STATEMENT_EXECUTE|[69]
17:22:56.191 (191972786)|STATEMENT_EXECUTE|[72]
17:22:56.191 (191996916)|HEAP_ALLOCATE|[EXTERNAL]|Bytes:-4
17:22:56.192 (192017095)|METHOD_EXIT|[13]|01p58000000n6Fr|SObjectData.addValuePair(String, String)
17:22:56.192 (192023433)|STATEMENT_EXECUTE|[14]
17:22:56.192 (192028163)|HEAP_ALLOCATE|[14]|Bytes:4
17:22:56.192 (192037040)|METHOD_ENTRY|[14]|01p58000000n6Fr|SObjectData.addValuePair(String, String)
17:22:56.192 (192054971)|VARIABLE_SCOPE_BEGIN|[67]|this|SObjectData|true|false
17:22:56.192 (192079845)|VARIABLE_ASSIGNMENT|[67]|this|{"fieldMap":"0x6b203bfe","sObjectType":"Risk__Impact_Categor (4 more) ..."}|0x660cfe92
17:22:56.192 (192085132)|VARIABLE_SCOPE_BEGIN|[67]|field|String|false|false
17:22:56.192 (192091667)|VARIABLE_ASSIGNMENT|[67]|field|"Risk__Type_Of_Risk__ (1 more) ..."
17:22:56.192 (192094657)|VARIABLE_SCOPE_BEGIN|[67]|value|String|false|false
17:22:56.192 (192099327)|VARIABLE_ASSIGNMENT|[67]|value|"Time"
17:22:56.192 (192107098)|HEAP_ALLOCATE|[69]|Bytes:5
17:22:56.192 (192111677)|STATEMENT_EXECUTE|[67]
17:22:56.192 (192115013)|STATEMENT_EXECUTE|[69]
17:22:56.192 (192117303)|STATEMENT_EXECUTE|[72]
17:22:56.192 (192137668)|HEAP_ALLOCATE|[EXTERNAL]|Bytes:-4
17:22:56.192 (192156123)|METHOD_EXIT|[14]|01p58000000n6Fr|SObjectData.addValuePair(String, String)
17:22:56.192 (192161037)|STATEMENT_EXECUTE|[16]
17:22:56.192 (192175570)|METHOD_ENTRY|[16]|01p58000000n6Fr|SObjectData.addChild(String, SObjectData)
17:22:56.192 (192201265)|VARIABLE_SCOPE_BEGIN|[40]|this|SObjectData|true|false
17:22:56.192 (192226404)|VARIABLE_ASSIGNMENT|[40]|this|{"fieldMap":"0x5d896db1","sObjectType":"Risk__Scoring_Scheme (3 more) ..."}|0x7048b4bc
17:22:56.192 (192232656)|VARIABLE_SCOPE_BEGIN|[40]|field|String|false|false
17:22:56.192 (192239212)|VARIABLE_ASSIGNMENT|[40]|field|"Risk__Scoring_Scheme (3 more) ..."
17:22:56.192 (192242771)|VARIABLE_SCOPE_BEGIN|[40]|o|SObjectData|true|false
17:22:56.192 (192258865)|VARIABLE_ASSIGNMENT|[40]|o|{"fieldMap":"0x30096e52","sObjectType":"Risk__Impact_Categor (4 more) ..."}|0x267b7bc9
17:22:56.192 (192268781)|HEAP_ALLOCATE|[41]|Bytes:5
17:22:56.192 (192273576)|STATEMENT_EXECUTE|[40]
17:22:56.192 (192278066)|STATEMENT_EXECUTE|[41]
17:22:56.192 (192280346)|STATEMENT_EXECUTE|[42]
17:22:56.192 (192287172)|HEAP_ALLOCATE|[42]|Bytes:4
17:22:56.192 (192355981)|VARIABLE_ASSIGNMENT|[42]|this.children|{"s":1,"v":{}}|0x7048b4bc
17:22:56.192 (192362910)|STATEMENT_EXECUTE|[45]
17:22:56.192 (192424041)|HEAP_ALLOCATE|[45]|Bytes:23
17:22:56.192 (192446588)|VARIABLE_ASSIGNMENT|[45]|field|"risk__scoring_scheme (3 more) ..."
17:22:56.192 (192510834)|STATEMENT_EXECUTE|[49]
17:22:56.192 (192515184)|STATEMENT_EXECUTE|[50]
17:22:56.192 (192571655)|HEAP_ALLOCATE|[50]|Bytes:4
17:22:56.192 (192698343)|HEAP_ALLOCATE|[EXTERNAL]|Bytes:8
17:22:56.192 (192704409)|HEAP_ALLOCATE|[EXTERNAL]|Bytes:-4
17:22:56.192 (192725963)|METHOD_EXIT|[16]|01p58000000n6Fr|SObjectData.addChild(String, SObjectData)
17:22:56.192 (192731836)|STATEMENT_EXECUTE|[17]
17:22:56.192 (192740958)|METHOD_ENTRY|[17]|01p58000000n6Fr|SObjectData.addChild(String, SObjectData)
17:22:56.192 (192759287)|VARIABLE_SCOPE_BEGIN|[40]|this|SObjectData|true|false
17:22:56.192 (192787310)|VARIABLE_ASSIGNMENT|[40]|this|{"children":"0x6df82713","fieldMap":"0x5d896db1","sObjectType":"Risk__Scoring_Scheme (3 more) ..."}|0x7048b4bc
17:22:56.192 (192793362)|VARIABLE_SCOPE_BEGIN|[40]|field|String|false|false
17:22:56.192 (192799648)|VARIABLE_ASSIGNMENT|[40]|field|"Risk__Scoring_Scheme (3 more) ..."
17:22:56.192 (192802744)|VARIABLE_SCOPE_BEGIN|[40]|o|SObjectData|true|false
17:22:56.192 (192818548)|VARIABLE_ASSIGNMENT|[40]|o|{"fieldMap":"0x6b203bfe","sObjectType":"Risk__Impact_Categor (4 more) ..."}|0x660cfe92
17:22:56.192 (192832417)|HEAP_ALLOCATE|[41]|Bytes:5
17:22:56.192 (192837489)|STATEMENT_EXECUTE|[40]
17:22:56.192 (192841106)|STATEMENT_EXECUTE|[41]
17:22:56.192 (192843457)|STATEMENT_EXECUTE|[45]
17:22:56.192 (192860390)|HEAP_ALLOCATE|[45]|Bytes:23
17:22:56.192 (192877707)|VARIABLE_ASSIGNMENT|[45]|field|"risk__scoring_scheme (3 more) ..."
17:22:56.192 (192905014)|STATEMENT_EXECUTE|[47]
17:22:56.192 (192908680)|STATEMENT_EXECUTE|[48]
17:22:56.192 (192987444)|HEAP_ALLOCATE|[EXTERNAL]|Bytes:4
17:22:56.193 (193010819)|METHOD_EXIT|[17]|01p58000000n6Fr|SObjectData.addChild(String, SObjectData)
17:22:56.193 (193017264)|STATEMENT_EXECUTE|[19]
17:22:56.199 (199843489)|HEAP_ALLOCATE|[19]|Bytes:19
17:22:56.199 (199854006)|HEAP_ALLOCATE|[19]|Bytes:2
17:22:56.199 (199871840)|METHOD_ENTRY|[1]|01p58000000n6rI|SObjectUtility.SObjectUtility()
17:22:56.199 (199877643)|STATEMENT_EXECUTE|[1]
17:22:56.199 (199883292)|STATEMENT_EXECUTE|[1]
17:22:56.199 (199890410)|HEAP_ALLOCATE|[19]|Bytes:5
17:22:56.199 (199900438)|METHOD_EXIT|[1]|SObjectUtility
17:22:56.199 (199919013)|HEAP_ALLOCATE|[19]|Bytes:8
17:22:56.199 (199929908)|CONSTRUCTOR_ENTRY|[19]|01p58000000n6rI|<init>()
17:22:56.199 (199961755)|VARIABLE_SCOPE_BEGIN|[1]|this|SObjectUtility|true|false
17:22:56.199 (199989654)|VARIABLE_ASSIGNMENT|[1]|this|{}|0x2e6e6ac6
17:22:56.200 (200000690)|HEAP_ALLOCATE|[3]|Bytes:5
17:22:56.200 (200010529)|VARIABLE_SCOPE_BEGIN|[2]|this|System.ApexBaseClass|true|false
17:22:56.200 (200031561)|VARIABLE_ASSIGNMENT|[2]|this|{}|0x2e6e6ac6
17:22:56.200 (200044285)|STATEMENT_EXECUTE|[1]
17:22:56.200 (200050134)|HEAP_ALLOCATE|[3]|Bytes:5
17:22:56.200 (200054738)|STATEMENT_EXECUTE|[3]
17:22:56.200 (200062167)|HEAP_ALLOCATE|[3]|Bytes:4
17:22:56.200 (200092717)|VARIABLE_ASSIGNMENT|[3]|this.childrenMap|{"s":1,"v":{}}|0x2e6e6ac6
17:22:56.200 (200105033)|CONSTRUCTOR_EXIT|[19]|01p58000000n6rI|<init>()
17:22:56.200 (200109910)|VARIABLE_SCOPE_BEGIN|[19]|su|SObjectUtility|true|false
17:22:56.200 (200129867)|VARIABLE_ASSIGNMENT|[19]|su|{"childrenMap":"0x278a1ae0"}|0x2e6e6ac6
17:22:56.200 (200135865)|STATEMENT_EXECUTE|[20]
17:22:56.200 (200142030)|HEAP_ALLOCATE|[20]|Bytes:4
17:22:56.200 (200199901)|METHOD_ENTRY|[20]|01p58000000n6rI|SObjectUtility.createSObjects(List<SObjectData>)
17:22:56.200 (200210460)|VARIABLE_SCOPE_BEGIN|[5]|this|SObjectUtility|true|false
17:22:56.200 (200232260)|VARIABLE_ASSIGNMENT|[5]|this|{"childrenMap":"0x278a1ae0"}|0x2e6e6ac6
17:22:56.200 (200238504)|VARIABLE_SCOPE_BEGIN|[5]|dataList|List<SObjectData>|true|false
17:22:56.200 (200248922)|HEAP_ALLOCATE|[EXTERNAL]|Bytes:8
17:22:56.200 (200278992)|VARIABLE_ASSIGNMENT|[5]|dataList|{"s":1,"v":[{"children":"0x6df82713","fieldMap":"0x5d896db1","sObjectType":"Risk__Scoring_Scheme (3 more) ..."}]}|0x1535f81e
17:22:56.200 (200290983)|HEAP_ALLOCATE|[6]|Bytes:5
17:22:56.200 (200296265)|STATEMENT_EXECUTE|[5]
17:22:56.200 (200299183)|STATEMENT_EXECUTE|[6]
17:22:56.200 (200320521)|METHOD_ENTRY|[6]|01p58000000n6rI|SObjectUtility.createRoot(List<SObjectData>)
17:22:56.200 (200381035)|VARIABLE_SCOPE_BEGIN|[58]|this|SObjectUtility|true|false
17:22:56.200 (200404676)|VARIABLE_ASSIGNMENT|[58]|this|{"childrenMap":"0x278a1ae0"}|0x2e6e6ac6
17:22:56.200 (200411089)|VARIABLE_SCOPE_BEGIN|[58]|dataList|List<SObjectData>|true|false
17:22:56.200 (200434521)|VARIABLE_ASSIGNMENT|[58]|dataList|{"s":1,"v":[{"children":"0x6df82713","fieldMap":"0x5d896db1","sObjectType":"Risk__Scoring_Scheme (3 more) ..."}]}|0x1535f81e
17:22:56.200 (200446633)|HEAP_ALLOCATE|[59]|Bytes:5
17:22:56.200 (200451764)|STATEMENT_EXECUTE|[58]
17:22:56.200 (200454433)|STATEMENT_EXECUTE|[59]
17:22:56.200 (200461570)|HEAP_ALLOCATE|[59]|Bytes:4
17:22:56.200 (200473191)|VARIABLE_SCOPE_BEGIN|[59]|rootObjects|Map<String,SObject>|true|false
17:22:56.200 (200492118)|VARIABLE_ASSIGNMENT|[59]|rootObjects|{"s":1,"v":{}}|0x2eff6819
17:22:56.200 (200772618)|HEAP_ALLOCATE|[60]|Bytes:5
17:22:56.200 (200794073)|HEAP_ALLOCATE|[60]|Bytes:24
17:22:56.200 (200805545)|VARIABLE_SCOPE_BEGIN|[60]|obj|SObjectData|true|false
17:22:56.200 (200839126)|VARIABLE_ASSIGNMENT|[60]|obj|{"children":"0x6df82713","fieldMap":"0x5d896db1","sObjectType":"Risk__Scoring_Scheme (3 more) ..."}|0x7048b4bc
17:22:56.200 (200847248)|STATEMENT_EXECUTE|[60]
17:22:56.200 (200849854)|STATEMENT_EXECUTE|[61]
17:22:56.200 (200869285)|METHOD_ENTRY|[61]|01p58000000n6rI|SObjectUtility.generateRandomString(Integer)
17:22:56.200 (200894666)|HEAP_ALLOCATE|[97]|Bytes:4
17:22:56.200 (200901561)|VARIABLE_SCOPE_BEGIN|[96]|len|Integer|false|false
17:22:56.200 (200910284)|VARIABLE_ASSIGNMENT|[96]|len|18
17:22:56.200 (200918867)|HEAP_ALLOCATE|[97]|Bytes:5
17:22:56.200 (200923490)|STATEMENT_EXECUTE|[96]
17:22:56.200 (200925903)|STATEMENT_EXECUTE|[97]
17:22:56.200 (200929479)|HEAP_ALLOCATE|[97]|Bytes:62
17:22:56.200 (200934158)|VARIABLE_SCOPE_BEGIN|[97]|chars|String|false|false
17:22:56.200 (200943310)|VARIABLE_ASSIGNMENT|[97]|chars|"ABCDEFGHIJKLMNOPQRST (42 more) ..."
17:22:56.200 (200946873)|STATEMENT_EXECUTE|[98]
17:22:56.200 (200953823)|VARIABLE_SCOPE_BEGIN|[98]|randStr|String|false|false
17:22:56.200 (200960036)|VARIABLE_ASSIGNMENT|[98]|randStr|""
17:22:56.201 (201018232)|STATEMENT_EXECUTE|[99]
17:22:56.201 (201023405)|STATEMENT_EXECUTE|[100]
17:22:56.201 (201230764)|VARIABLE_SCOPE_BEGIN|[2]|Math.E|Double|false|true
17:22:56.201 (201237929)|VARIABLE_SCOPE_BEGIN|[3]|Math.PI|Double|false|true
17:22:56.201 (201499685)|VARIABLE_SCOPE_BEGIN|[100]|idx|Integer|false|false
17:22:56.201 (201506377)|HEAP_ALLOCATE|[100]|Bytes:4
17:22:56.201 (201516101)|VARIABLE_ASSIGNMENT|[100]|idx|59
17:22:56.201 (201520288)|STATEMENT_EXECUTE|[101]
17:22:56.201 (201566207)|HEAP_ALLOCATE|[101]|Bytes:1
17:22:56.201 (201594230)|HEAP_ALLOCATE|[101]|Bytes:1
17:22:56.201 (201605570)|VARIABLE_ASSIGNMENT|[101]|randStr|"x"
17:22:56.201 (201626722)|STATEMENT_EXECUTE|[99]
17:22:56.201 (201629874)|STATEMENT_EXECUTE|[100]
17:22:56.201 (201724487)|VARIABLE_SCOPE_BEGIN|[100]|idx|Integer|false|false
17:22:56.201 (201730134)|HEAP_ALLOCATE|[100]|Bytes:4
17:22:56.201 (201738477)|VARIABLE_ASSIGNMENT|[100]|idx|29
17:22:56.201 (201742254)|STATEMENT_EXECUTE|[101]
17:22:56.201 (201766046)|HEAP_ALLOCATE|[101]|Bytes:1
17:22:56.201 (201783390)|HEAP_ALLOCATE|[101]|Bytes:2
17:22:56.201 (201793223)|VARIABLE_ASSIGNMENT|[101]|randStr|"x3"
17:22:56.201 (201812084)|STATEMENT_EXECUTE|[99]
17:22:56.201 (201815230)|STATEMENT_EXECUTE|[100]
17:22:56.201 (201911137)|VARIABLE_SCOPE_BEGIN|[100]|idx|Integer|false|false
17:22:56.201 (201916798)|HEAP_ALLOCATE|[100]|Bytes:4
17:22:56.201 (201925158)|VARIABLE_ASSIGNMENT|[100]|idx|60
17:22:56.201 (201928905)|STATEMENT_EXECUTE|[101]
17:22:56.201 (201952036)|HEAP_ALLOCATE|[101]|Bytes:1
17:22:56.201 (201969128)|HEAP_ALLOCATE|[101]|Bytes:3
17:22:56.201 (201979191)|VARIABLE_ASSIGNMENT|[101]|randStr|"x3y"
17:22:56.202 (202002512)|STATEMENT_EXECUTE|[99]
17:22:56.202 (202006987)|STATEMENT_EXECUTE|[100]
17:22:56.202 (202096713)|VARIABLE_SCOPE_BEGIN|[100]|idx|Integer|false|false
17:22:56.202 (202102064)|HEAP_ALLOCATE|[100]|Bytes:4
17:22:56.202 (202110286)|VARIABLE_ASSIGNMENT|[100]|idx|11
17:22:56.202 (202113953)|STATEMENT_EXECUTE|[101]
17:22:56.202 (202137282)|HEAP_ALLOCATE|[101]|Bytes:1
17:22:56.202 (202154118)|HEAP_ALLOCATE|[101]|Bytes:4
17:22:56.202 (202164315)|VARIABLE_ASSIGNMENT|[101]|randStr|"x3yL"
17:22:56.202 (202182849)|STATEMENT_EXECUTE|[99]
17:22:56.202 (202185951)|STATEMENT_EXECUTE|[100]
17:22:56.202 (202290435)|VARIABLE_SCOPE_BEGIN|[100]|idx|Integer|false|false
17:22:56.202 (202295962)|HEAP_ALLOCATE|[100]|Bytes:4
17:22:56.202 (202304227)|VARIABLE_ASSIGNMENT|[100]|idx|59
17:22:56.202 (202307870)|STATEMENT_EXECUTE|[101]
17:22:56.202 (202331031)|HEAP_ALLOCATE|[101]|Bytes:1
17:22:56.202 (202347982)|HEAP_ALLOCATE|[101]|Bytes:5
17:22:56.202 (202357924)|VARIABLE_ASSIGNMENT|[101]|randStr|"x3yLx"
17:22:56.202 (202376605)|STATEMENT_EXECUTE|[99]
17:22:56.202 (202379816)|STATEMENT_EXECUTE|[100]
17:22:56.202 (202470231)|VARIABLE_SCOPE_BEGIN|[100]|idx|Integer|false|false
17:22:56.202 (202475648)|HEAP_ALLOCATE|[100]|Bytes:4
17:22:56.202 (202483929)|VARIABLE_ASSIGNMENT|[100]|idx|57
17:22:56.202 (202487535)|STATEMENT_EXECUTE|[101]
17:22:56.202 (202510245)|HEAP_ALLOCATE|[101]|Bytes:1
17:22:56.202 (202527532)|HEAP_ALLOCATE|[101]|Bytes:6
17:22:56.202 (202537490)|VARIABLE_ASSIGNMENT|[101]|randStr|"x3yLxv"
17:22:56.202 (202555985)|STATEMENT_EXECUTE|[99]
17:22:56.202 (202559045)|STATEMENT_EXECUTE|[100]
17:22:56.202 (202647059)|VARIABLE_SCOPE_BEGIN|[100]|idx|Integer|false|false
17:22:56.202 (202652337)|HEAP_ALLOCATE|[100]|Bytes:4
17:22:56.202 (202660202)|VARIABLE_ASSIGNMENT|[100]|idx|53
17:22:56.202 (202663699)|STATEMENT_EXECUTE|[101]
17:22:56.202 (202686224)|HEAP_ALLOCATE|[101]|Bytes:1
17:22:56.202 (202702946)|HEAP_ALLOCATE|[101]|Bytes:7
17:22:56.202 (202712918)|VARIABLE_ASSIGNMENT|[101]|randStr|"x3yLxvr"
17:22:56.202 (202731332)|STATEMENT_EXECUTE|[99]
17:22:56.202 (202734365)|STATEMENT_EXECUTE|[100]
17:22:56.202 (202821821)|VARIABLE_SCOPE_BEGIN|[100]|idx|Integer|false|false
17:22:56.202 (202830782)|HEAP_ALLOCATE|[100]|Bytes:4
17:22:56.202 (202839444)|VARIABLE_ASSIGNMENT|[100]|idx|2
17:22:56.202 (202843223)|STATEMENT_EXECUTE|[101]
17:22:56.202 (202866897)|HEAP_ALLOCATE|[101]|Bytes:1
17:22:56.202 (202884209)|HEAP_ALLOCATE|[101]|Bytes:8
17:22:56.202 (202894050)|VARIABLE_ASSIGNMENT|[101]|randStr|"x3yLxvrC"
17:22:56.202 (202912889)|STATEMENT_EXECUTE|[99]
17:22:56.202 (202915863)|STATEMENT_EXECUTE|[100]
17:22:56.203 (203010803)|VARIABLE_SCOPE_BEGIN|[100]|idx|Integer|false|false
17:22:56.203 (203017361)|HEAP_ALLOCATE|[100]|Bytes:4
17:22:56.203 (203025959)|VARIABLE_ASSIGNMENT|[100]|idx|41
17:22:56.203 (203029560)|STATEMENT_EXECUTE|[101]
17:22:56.203 (203052974)|HEAP_ALLOCATE|[101]|Bytes:1
17:22:56.203 (203069766)|HEAP_ALLOCATE|[101]|Bytes:9
17:22:56.203 (203079662)|VARIABLE_ASSIGNMENT|[101]|randStr|"x3yLxvrCf"
17:22:56.203 (203098450)|STATEMENT_EXECUTE|[99]
17:22:56.203 (203101610)|STATEMENT_EXECUTE|[100]
17:22:56.203 (203189664)|VARIABLE_SCOPE_BEGIN|[100]|idx|Integer|false|false
17:22:56.203 (203195010)|HEAP_ALLOCATE|[100]|Bytes:4
17:22:56.203 (203203013)|VARIABLE_ASSIGNMENT|[100]|idx|34
17:22:56.203 (203206564)|STATEMENT_EXECUTE|[101]
17:22:56.203 (203229231)|HEAP_ALLOCATE|[101]|Bytes:1
17:22:56.203 (203246300)|HEAP_ALLOCATE|[101]|Bytes:10
17:22:56.203 (203256459)|VARIABLE_ASSIGNMENT|[101]|randStr|"x3yLxvrCf8"
17:22:56.203 (203275493)|STATEMENT_EXECUTE|[99]
17:22:56.203 (203278529)|STATEMENT_EXECUTE|[100]
17:22:56.203 (203368793)|VARIABLE_SCOPE_BEGIN|[100]|idx|Integer|false|false
17:22:56.203 (203374190)|HEAP_ALLOCATE|[100]|Bytes:4
17:22:56.203 (203382467)|VARIABLE_ASSIGNMENT|[100]|idx|32
17:22:56.203 (203386023)|STATEMENT_EXECUTE|[101]
17:22:56.203 (203408553)|HEAP_ALLOCATE|[101]|Bytes:1
17:22:56.203 (203425397)|HEAP_ALLOCATE|[101]|Bytes:11
17:22:56.203 (203435366)|VARIABLE_ASSIGNMENT|[101]|randStr|"x3yLxvrCf86"
17:22:56.203 (203453873)|STATEMENT_EXECUTE|[99]
17:22:56.203 (203456861)|STATEMENT_EXECUTE|[100]
17:22:56.203 (203545562)|VARIABLE_SCOPE_BEGIN|[100]|idx|Integer|false|false
17:22:56.203 (203551272)|HEAP_ALLOCATE|[100]|Bytes:4
17:22:56.203 (203559215)|VARIABLE_ASSIGNMENT|[100]|idx|42
17:22:56.203 (203562742)|STATEMENT_EXECUTE|[101]
17:22:56.203 (203585446)|HEAP_ALLOCATE|[101]|Bytes:1
17:22:56.203 (203602478)|HEAP_ALLOCATE|[101]|Bytes:12
17:22:56.203 (203612204)|VARIABLE_ASSIGNMENT|[101]|randStr|"x3yLxvrCf86g"
17:22:56.203 (203630845)|STATEMENT_EXECUTE|[99]
17:22:56.203 (203633869)|STATEMENT_EXECUTE|[100]
17:22:56.203 (203734415)|VARIABLE_SCOPE_BEGIN|[100]|idx|Integer|false|false
17:22:56.203 (203739959)|HEAP_ALLOCATE|[100]|Bytes:4
17:22:56.203 (203748259)|VARIABLE_ASSIGNMENT|[100]|idx|0
17:22:56.203 (203751923)|STATEMENT_EXECUTE|[101]
17:22:56.203 (203774855)|HEAP_ALLOCATE|[101]|Bytes:1
17:22:56.203 (203791613)|HEAP_ALLOCATE|[101]|Bytes:13
17:22:56.203 (203801614)|VARIABLE_ASSIGNMENT|[101]|randStr|"x3yLxvrCf86gA"
17:22:56.203 (203820268)|STATEMENT_EXECUTE|[99]
17:22:56.203 (203823326)|STATEMENT_EXECUTE|[100]
17:22:56.203 (203916226)|VARIABLE_SCOPE_BEGIN|[100]|idx|Integer|false|false
17:22:56.203 (203921700)|HEAP_ALLOCATE|[100]|Bytes:4
17:22:56.203 (203929748)|VARIABLE_ASSIGNMENT|[100]|idx|38
17:22:56.203 (203933358)|STATEMENT_EXECUTE|[101]
17:22:56.203 (203956281)|HEAP_ALLOCATE|[101]|Bytes:1
17:22:56.203 (203973677)|HEAP_ALLOCATE|[101]|Bytes:14
17:22:56.203 (203984152)|VARIABLE_ASSIGNMENT|[101]|randStr|"x3yLxvrCf86gAc"
17:22:56.204 (204006822)|STATEMENT_EXECUTE|[99]
17:22:56.204 (204010960)|STATEMENT_EXECUTE|[100]
17:22:56.204 (204099513)|VARIABLE_SCOPE_BEGIN|[100]|idx|Integer|false|false
17:22:56.204 (204104816)|HEAP_ALLOCATE|[100]|Bytes:4
17:22:56.204 (204113232)|VARIABLE_ASSIGNMENT|[100]|idx|20
17:22:56.204 (204116668)|STATEMENT_EXECUTE|[101]
17:22:56.204 (204139296)|HEAP_ALLOCATE|[101]|Bytes:1
17:22:56.204 (204155978)|HEAP_ALLOCATE|[101]|Bytes:15
17:22:56.204 (204166106)|VARIABLE_ASSIGNMENT|[101]|randStr|"x3yLxvrCf86gAcU"
17:22:56.204 (204184959)|STATEMENT_EXECUTE|[99]
17:22:56.204 (204188041)|STATEMENT_EXECUTE|[100]
17:22:56.204 (204277966)|VARIABLE_SCOPE_BEGIN|[100]|idx|Integer|false|false
17:22:56.204 (204283192)|HEAP_ALLOCATE|[100]|Bytes:4
17:22:56.204 (204291380)|VARIABLE_ASSIGNMENT|[100]|idx|13
17:22:56.204 (204294909)|STATEMENT_EXECUTE|[101]
17:22:56.204 (204317334)|HEAP_ALLOCATE|[101]|Bytes:1
17:22:56.204 (204334523)|HEAP_ALLOCATE|[101]|Bytes:16
17:22:56.204 (204344799)|VARIABLE_ASSIGNMENT|[101]|randStr|"x3yLxvrCf86gAcUN"
17:22:56.204 (204363943)|STATEMENT_EXECUTE|[99]
17:22:56.204 (204367102)|STATEMENT_EXECUTE|[100]
17:22:56.204 (204455121)|VARIABLE_SCOPE_BEGIN|[100]|idx|Integer|false|false
17:22:56.204 (204460398)|HEAP_ALLOCATE|[100]|Bytes:4
17:22:56.204 (204468463)|VARIABLE_ASSIGNMENT|[100]|idx|10
17:22:56.204 (204472032)|STATEMENT_EXECUTE|[101]
17:22:56.204 (204494621)|HEAP_ALLOCATE|[101]|Bytes:1
17:22:56.204 (204511380)|HEAP_ALLOCATE|[101]|Bytes:17
17:22:56.204 (204521457)|VARIABLE_ASSIGNMENT|[101]|randStr|"x3yLxvrCf86gAcUNK"
17:22:56.204 (204540534)|STATEMENT_EXECUTE|[99]
17:22:56.204 (204543766)|STATEMENT_EXECUTE|[100]
17:22:56.204 (204631733)|VARIABLE_SCOPE_BEGIN|[100]|idx|Integer|false|false
17:22:56.204 (204637070)|HEAP_ALLOCATE|[100]|Bytes:4
17:22:56.204 (204645123)|VARIABLE_ASSIGNMENT|[100]|idx|27
17:22:56.204 (204648709)|STATEMENT_EXECUTE|[101]
17:22:56.204 (204671777)|HEAP_ALLOCATE|[101]|Bytes:1
17:22:56.204 (204688361)|HEAP_ALLOCATE|[101]|Bytes:18
17:22:56.204 (204698423)|VARIABLE_ASSIGNMENT|[101]|randStr|"x3yLxvrCf86gAcUNK1"
17:22:56.204 (204718541)|STATEMENT_EXECUTE|[103]
17:22:56.204 (204727519)|METHOD_EXIT|[61]|01p58000000n6rI|SObjectUtility.generateRandomString(Integer)
17:22:56.204 (204733057)|VARIABLE_SCOPE_BEGIN|[61]|rId|String|false|false
17:22:56.204 (204741010)|VARIABLE_ASSIGNMENT|[61]|rId|"x3yLxvrCf86gAcUNK1"
17:22:56.204 (204744679)|STATEMENT_EXECUTE|[62]
17:22:56.204 (204757632)|METHOD_ENTRY|[62]|01p58000000n6rI|SObjectUtility.createSObject(SObjectData)
17:22:56.204 (204787153)|VARIABLE_SCOPE_BEGIN|[11]|this|SObjectUtility|true|false
17:22:56.204 (204811314)|VARIABLE_ASSIGNMENT|[11]|this|{"childrenMap":"0x278a1ae0"}|0x2e6e6ac6
17:22:56.204 (204817193)|VARIABLE_SCOPE_BEGIN|[11]|obj|SObjectData|true|false
17:22:56.204 (204841964)|VARIABLE_ASSIGNMENT|[11]|obj|{"children":"0x6df82713","fieldMap":"0x5d896db1","sObjectType":"Risk__Scoring_Scheme (3 more) ..."}|0x7048b4bc
17:22:56.204 (204853911)|HEAP_ALLOCATE|[12]|Bytes:5
17:22:56.204 (204859223)|STATEMENT_EXECUTE|[11]
17:22:56.317 (317057523)|HEAP_ALLOCATE|[12]|Bytes:1796
17:22:56.317 (317130046)|METHOD_ENTRY|[12]|01p58000000n6Fr|SObjectData.getSObjectType()
17:22:56.317 (317147305)|VARIABLE_SCOPE_BEGIN|[79]|this|SObjectData|true|false
17:22:56.317 (317221974)|VARIABLE_ASSIGNMENT|[79]|this|{"children":"0x6df82713","fieldMap":"0x5d896db1","sObjectType":"Risk__Scoring_Scheme (3 more) ..."}|0x7048b4bc
17:22:56.317 (317244179)|HEAP_ALLOCATE|[80]|Bytes:5
17:22:56.317 (317253126)|STATEMENT_EXECUTE|[79]
17:22:56.317 (317256192)|STATEMENT_EXECUTE|[80]
17:22:56.317 (317272777)|METHOD_EXIT|[12]|01p58000000n6Fr|SObjectData.getSObjectType()
17:22:56.317 (317331820)|STATEMENT_EXECUTE|[12]
17:22:56.317 (317335976)|STATEMENT_EXECUTE|[15]
17:22:56.320 (320843297)|HEAP_ALLOCATE|[15]|Bytes:1796
17:22:56.320 (320865875)|METHOD_ENTRY|[15]|01p58000000n6Fr|SObjectData.getSObjectType()
17:22:56.320 (320872723)|VARIABLE_SCOPE_BEGIN|[79]|this|SObjectData|true|false
17:22:56.320 (320902874)|VARIABLE_ASSIGNMENT|[79]|this|{"children":"0x6df82713","fieldMap":"0x5d896db1","sObjectType":"Risk__Scoring_Scheme (3 more) ..."}|0x7048b4bc
17:22:56.320 (320914885)|HEAP_ALLOCATE|[80]|Bytes:5
17:22:56.320 (320920279)|STATEMENT_EXECUTE|[79]
17:22:56.320 (320923135)|STATEMENT_EXECUTE|[80]
17:22:56.320 (320931334)|METHOD_EXIT|[15]|01p58000000n6Fr|SObjectData.getSObjectType()
17:22:56.321 (321196324)|HEAP_ALLOCATE|[15]|Bytes:4
17:22:56.321 (321214064)|VARIABLE_SCOPE_BEGIN|[15]|sObj|SObject|true|false
17:22:56.321 (321233013)|VARIABLE_ASSIGNMENT|[15]|sObj|{}|0x4d44004c
17:22:56.321 (321256918)|HEAP_ALLOCATE|[16]|Bytes:4
17:22:56.321 (321310382)|METHOD_ENTRY|[16]|01p58000000n6Fr|SObjectData.getFieldMap()
17:22:56.321 (321319254)|VARIABLE_SCOPE_BEGIN|[75]|this|SObjectData|true|false
17:22:56.321 (321347425)|VARIABLE_ASSIGNMENT|[75]|this|{"children":"0x6df82713","fieldMap":"0x5d896db1","sObjectType":"Risk__Scoring_Scheme (3 more) ..."}|0x7048b4bc
17:22:56.321 (321359309)|HEAP_ALLOCATE|[76]|Bytes:5
17:22:56.321 (321364426)|STATEMENT_EXECUTE|[75]
17:22:56.321 (321367270)|STATEMENT_EXECUTE|[76]
17:22:56.321 (321376786)|METHOD_EXIT|[16]|01p58000000n6Fr|SObjectData.getFieldMap()
17:22:56.321 (321447743)|HEAP_ALLOCATE|[16]|Bytes:28
17:22:56.321 (321486752)|HEAP_ALLOCATE|[16]|Bytes:8
17:22:56.321 (321540838)|HEAP_ALLOCATE|[16]|Bytes:5
17:22:56.321 (321565548)|VARIABLE_SCOPE_BEGIN|[16]|field|String|false|false
17:22:56.321 (321577631)|VARIABLE_ASSIGNMENT|[16]|field|"Name"
17:22:56.321 (321582224)|STATEMENT_EXECUTE|[16]
17:22:56.321 (321584984)|STATEMENT_EXECUTE|[17]
17:22:56.321 (321593872)|METHOD_ENTRY|[17]|01p58000000n6Fr|SObjectData.getFieldMap()
17:22:56.321 (321621311)|VARIABLE_SCOPE_BEGIN|[75]|this|SObjectData|true|false
17:22:56.321 (321648543)|VARIABLE_ASSIGNMENT|[75]|this|{"children":"0x6df82713","fieldMap":"0x5d896db1","sObjectType":"Risk__Scoring_Scheme (3 more) ..."}|0x7048b4bc
17:22:56.321 (321659810)|HEAP_ALLOCATE|[76]|Bytes:5
17:22:56.321 (321664801)|STATEMENT_EXECUTE|[75]
17:22:56.321 (321667458)|STATEMENT_EXECUTE|[76]
17:22:56.321 (321675755)|METHOD_EXIT|[17]|01p58000000n6Fr|SObjectData.getFieldMap()
17:22:56.321 (321706416)|VARIABLE_SCOPE_BEGIN|[17]|value|String|false|false
17:22:56.321 (321717560)|VARIABLE_ASSIGNMENT|[17]|value|"Scoring Scheme 5x5"
17:22:56.321 (321721759)|STATEMENT_EXECUTE|[18]
17:22:56.322 (322115393)|HEAP_ALLOCATE|[16]|Bytes:5
17:22:56.322 (322133889)|VARIABLE_SCOPE_BEGIN|[16]|field|String|false|false
17:22:56.322 (322145440)|VARIABLE_ASSIGNMENT|[16]|field|"RecordTypeId"
17:22:56.322 (322149945)|STATEMENT_EXECUTE|[16]
17:22:56.322 (322152482)|STATEMENT_EXECUTE|[17]
17:22:56.322 (322158852)|METHOD_ENTRY|[17]|01p58000000n6Fr|SObjectData.getFieldMap()
17:22:56.322 (322164119)|VARIABLE_SCOPE_BEGIN|[75]|this|SObjectData|true|false
17:22:56.322 (322189356)|VARIABLE_ASSIGNMENT|[75]|this|{"children":"0x6df82713","fieldMap":"0x5d896db1","sObjectType":"Risk__Scoring_Scheme (3 more) ..."}|0x7048b4bc
17:22:56.322 (322200867)|HEAP_ALLOCATE|[76]|Bytes:5
17:22:56.322 (322205638)|STATEMENT_EXECUTE|[75]
17:22:56.322 (322208263)|STATEMENT_EXECUTE|[76]
17:22:56.322 (322216181)|METHOD_EXIT|[17]|01p58000000n6Fr|SObjectData.getFieldMap()
17:22:56.322 (322244193)|VARIABLE_SCOPE_BEGIN|[17]|value|String|false|false
17:22:56.322 (322254666)|VARIABLE_ASSIGNMENT|[17]|value|"012580000000H5p"
17:22:56.322 (322258752)|STATEMENT_EXECUTE|[18]
17:22:56.322 (322363134)|HEAP_ALLOCATE|[16]|Bytes:5
17:22:56.322 (322383159)|VARIABLE_ASSIGNMENT|[16]|field|null
17:22:56.322 (322388963)|STATEMENT_EXECUTE|[21]
17:22:56.322 (322398267)|METHOD_EXIT|[62]|01p58000000n6rI|SObjectUtility.createSObject(SObjectData)
17:22:56.322 (322432083)|HEAP_ALLOCATE|[EXTERNAL]|Bytes:-4
17:22:56.322 (322455270)|METHOD_ENTRY|[63]|01p58000000n6Fr|SObjectData.getChildren()
17:22:56.322 (322483050)|VARIABLE_SCOPE_BEGIN|[83]|this|SObjectData|true|false
17:22:56.322 (322511147)|VARIABLE_ASSIGNMENT|[83]|this|{"children":"0x6df82713","fieldMap":"0x5d896db1","sObjectType":"Risk__Scoring_Scheme (3 more) ..."}|0x7048b4bc
17:22:56.322 (322522510)|HEAP_ALLOCATE|[84]|Bytes:5
17:22:56.322 (322527928)|STATEMENT_EXECUTE|[83]
17:22:56.322 (322534210)|STATEMENT_EXECUTE|[84]
17:22:56.322 (322537087)|STATEMENT_EXECUTE|[87]
17:22:56.322 (322545530)|METHOD_EXIT|[63]|01p58000000n6Fr|SObjectData.getChildren()
17:22:56.322 (322570904)|STATEMENT_EXECUTE|[63]
17:22:56.322 (322574135)|STATEMENT_EXECUTE|[64]
17:22:56.322 (322581833)|METHOD_ENTRY|[64]|01p58000000n6Fr|SObjectData.getChildren()
17:22:56.322 (322600156)|VARIABLE_SCOPE_BEGIN|[83]|this|SObjectData|true|false
17:22:56.322 (322626069)|VARIABLE_ASSIGNMENT|[83]|this|{"children":"0x6df82713","fieldMap":"0x5d896db1","sObjectType":"Risk__Scoring_Scheme (3 more) ..."}|0x7048b4bc
17:22:56.322 (322636944)|HEAP_ALLOCATE|[84]|Bytes:5
17:22:56.322 (322641552)|STATEMENT_EXECUTE|[83]
17:22:56.322 (322644948)|STATEMENT_EXECUTE|[84]
17:22:56.322 (322647314)|STATEMENT_EXECUTE|[87]
17:22:56.322 (322654310)|METHOD_EXIT|[64]|01p58000000n6Fr|SObjectData.getChildren()
17:22:56.322 (322671905)|METHOD_ENTRY|[64]|01p58000000n6rI|SObjectUtility.createChildren(String, Map<String,List<SObjectData>>)
17:22:56.322 (322679884)|VARIABLE_SCOPE_BEGIN|[70]|this|SObjectUtility|true|false
17:22:56.322 (322700542)|VARIABLE_ASSIGNMENT|[70]|this|{"childrenMap":"0x278a1ae0"}|0x2e6e6ac6
17:22:56.322 (322706600)|VARIABLE_SCOPE_BEGIN|[70]|parentId|String|false|false
17:22:56.322 (322713299)|VARIABLE_ASSIGNMENT|[70]|parentId|"x3yLxvrCf86gAcUNK1"
17:22:56.322 (322717227)|VARIABLE_SCOPE_BEGIN|[70]|childMap|Map<String,List<SObjectData>>|true|false
17:22:56.322 (322769572)|VARIABLE_ASSIGNMENT|[70]|childMap|{"s":1,"v":{"risk__scoring_scheme (3 more) ...":{"s":2,"v":[{"fieldMap":"0x30096e52","sObjectType":"Risk__Impact_Categor (4 more) ..."},{"fieldMap":"0x6b203bfe","sObjectType":"Risk__Impact_Categor (4 more) ..."}]}}}|0x6df82713
17:22:56.322 (322783439)|HEAP_ALLOCATE|[72]|Bytes:5
17:22:56.322 (322788573)|STATEMENT_EXECUTE|[70]
17:22:56.322 (322794745)|HEAP_ALLOCATE|[72]|Bytes:4
17:22:56.322 (322855358)|HEAP_ALLOCATE|[72]|Bytes:31
17:22:56.322 (322884662)|HEAP_ALLOCATE|[72]|Bytes:4
17:22:56.322 (322919869)|HEAP_ALLOCATE|[72]|Bytes:5
17:22:56.322 (322937851)|VARIABLE_SCOPE_BEGIN|[72]|relationshipKey|String|false|false
17:22:56.322 (322950638)|VARIABLE_ASSIGNMENT|[72]|relationshipKey|"risk__scoring_scheme (3 more) ..."
17:22:56.322 (322955736)|STATEMENT_EXECUTE|[72]
17:22:56.322 (322958413)|STATEMENT_EXECUTE|[73]
17:22:56.322 (322967008)|HEAP_ALLOCATE|[73]|Bytes:4
17:22:56.322 (322974704)|VARIABLE_SCOPE_BEGIN|[73]|childObjects|Map<String,SObject>|true|false
17:22:56.322 (322993703)|VARIABLE_ASSIGNMENT|[73]|childObjects|{"s":1,"v":{}}|0x1acc8df1
17:22:56.322 (322999434)|STATEMENT_EXECUTE|[74]
17:22:56.323 (323054003)|VARIABLE_SCOPE_BEGIN|[74]|childrenList|List<SObjectData>|true|false
17:22:56.323 (323094442)|VARIABLE_ASSIGNMENT|[74]|childrenList|{"s":1,"v":[{"fieldMap":"0x30096e52","sObjectType":"Risk__Impact_Categor (4 more) ..."},{"fieldMap":"0x6b203bfe","sObjectType":"Risk__Impact_Categor (4 more) ..."}]}|0x1f5c3c49
17:22:56.323 (323148295)|HEAP_ALLOCATE|[76]|Bytes:5
17:22:56.323 (323165168)|HEAP_ALLOCATE|[76]|Bytes:24
17:22:56.323 (323174846)|VARIABLE_SCOPE_BEGIN|[76]|obj|SObjectData|true|false
17:22:56.323 (323200735)|VARIABLE_ASSIGNMENT|[76]|obj|{"fieldMap":"0x30096e52","sObjectType":"Risk__Impact_Categor (4 more) ..."}|0x267b7bc9
17:22:56.323 (323207662)|STATEMENT_EXECUTE|[76]
17:22:56.323 (323210231)|STATEMENT_EXECUTE|[77]
17:22:56.323 (323219250)|METHOD_ENTRY|[77]|01p58000000n6Fr|SObjectData.getFieldMap()
17:22:56.323 (323237845)|VARIABLE_SCOPE_BEGIN|[75]|this|SObjectData|true|false
17:22:56.323 (323261311)|VARIABLE_ASSIGNMENT|[75]|this|{"fieldMap":"0x30096e52","sObjectType":"Risk__Impact_Categor (4 more) ..."}|0x267b7bc9
17:22:56.323 (323271651)|HEAP_ALLOCATE|[76]|Bytes:5
17:22:56.323 (323276410)|STATEMENT_EXECUTE|[75]
17:22:56.323 (323279122)|STATEMENT_EXECUTE|[76]
17:22:56.323 (323287003)|METHOD_EXIT|[77]|01p58000000n6Fr|SObjectData.getFieldMap()
17:22:56.323 (323319602)|HEAP_ALLOCATE|[77]|Bytes:8
17:22:56.323 (323332203)|HEAP_ALLOCATE|[77]|Bytes:15
17:22:56.323 (323369871)|USER_DEBUG|[77]|DEBUG|Cost IC Created
17:22:56.323 (323381041)|STATEMENT_EXECUTE|[78]
17:22:56.323 (323392382)|METHOD_ENTRY|[78]|01p58000000n6rI|SObjectUtility.generateRandomString(Integer)
17:22:56.323 (323412602)|HEAP_ALLOCATE|[97]|Bytes:4
17:22:56.323 (323417814)|VARIABLE_SCOPE_BEGIN|[96]|len|Integer|false|false
17:22:56.323 (323426817)|VARIABLE_ASSIGNMENT|[96]|len|18
17:22:56.323 (323434922)|HEAP_ALLOCATE|[97]|Bytes:5
17:22:56.323 (323439265)|STATEMENT_EXECUTE|[96]
17:22:56.323 (323441947)|STATEMENT_EXECUTE|[97]
17:22:56.323 (323446794)|VARIABLE_SCOPE_BEGIN|[97]|chars|String|false|false
17:22:56.323 (323456180)|VARIABLE_ASSIGNMENT|[97]|chars|"ABCDEFGHIJKLMNOPQRST (42 more) ..."
17:22:56.323 (323460100)|STATEMENT_EXECUTE|[98]
17:22:56.323 (323463712)|VARIABLE_SCOPE_BEGIN|[98]|randStr|String|false|false
17:22:56.323 (323470570)|VARIABLE_ASSIGNMENT|[98]|randStr|""
17:22:56.323 (323497384)|STATEMENT_EXECUTE|[99]
17:22:56.323 (323500844)|STATEMENT_EXECUTE|[100]
17:22:56.323 (323620941)|VARIABLE_SCOPE_BEGIN|[100]|idx|Integer|false|false
17:22:56.323 (323626875)|HEAP_ALLOCATE|[100]|Bytes:4
17:22:56.323 (323635512)|VARIABLE_ASSIGNMENT|[100]|idx|26
17:22:56.323 (323639345)|STATEMENT_EXECUTE|[101]
17:22:56.323 (323667047)|HEAP_ALLOCATE|[101]|Bytes:1
17:22:56.323 (323685275)|HEAP_ALLOCATE|[101]|Bytes:1
17:22:56.323 (323695431)|VARIABLE_ASSIGNMENT|[101]|randStr|"0"
17:22:56.323 (323714760)|STATEMENT_EXECUTE|[99]
17:22:56.323 (323717927)|STATEMENT_EXECUTE|[100]
17:22:56.323 (323810644)|VARIABLE_SCOPE_BEGIN|[100]|idx|Integer|false|false
17:22:56.323 (323818388)|HEAP_ALLOCATE|[100]|Bytes:4
17:22:56.323 (323835167)|VARIABLE_ASSIGNMENT|[100]|idx|56
17:22:56.323 (323840841)|STATEMENT_EXECUTE|[101]
17:22:56.323 (323866984)|HEAP_ALLOCATE|[101]|Bytes:1
17:22:56.323 (323884031)|HEAP_ALLOCATE|[101]|Bytes:2
17:22:56.323 (323894263)|VARIABLE_ASSIGNMENT|[101]|randStr|"0u"
17:22:56.323 (323914189)|STATEMENT_EXECUTE|[99]
17:22:56.323 (323917222)|STATEMENT_EXECUTE|[100]
17:22:56.324 (324011145)|VARIABLE_SCOPE_BEGIN|[100]|idx|Integer|false|false
17:22:56.324 (324017510)|HEAP_ALLOCATE|[100]|Bytes:4
17:22:56.324 (324025816)|VARIABLE_ASSIGNMENT|[100]|idx|9
17:22:56.324 (324029669)|STATEMENT_EXECUTE|[101]
17:22:56.324 (324053001)|HEAP_ALLOCATE|[101]|Bytes:1
17:22:56.324 (324069829)|HEAP_ALLOCATE|[101]|Bytes:3
17:22:56.324 (324079709)|VARIABLE_ASSIGNMENT|[101]|randStr|"0uJ"
17:22:56.324 (324098731)|STATEMENT_EXECUTE|[99]
17:22:56.324 (324101799)|STATEMENT_EXECUTE|[100]
17:22:56.324 (324191458)|VARIABLE_SCOPE_BEGIN|[100]|idx|Integer|false|false
17:22:56.324 (324196935)|HEAP_ALLOCATE|[100]|Bytes:4
17:22:56.324 (324205186)|VARIABLE_ASSIGNMENT|[100]|idx|47
17:22:56.324 (324208925)|STATEMENT_EXECUTE|[101]
17:22:56.324 (324231947)|HEAP_ALLOCATE|[101]|Bytes:1
17:22:56.324 (324248582)|HEAP_ALLOCATE|[101]|Bytes:4
17:22:56.324 (324258596)|VARIABLE_ASSIGNMENT|[101]|randStr|"0uJl"
17:22:56.324 (324277808)|STATEMENT_EXECUTE|[99]
17:22:56.324 (324280871)|STATEMENT_EXECUTE|[100]
17:22:56.324 (324369564)|VARIABLE_SCOPE_BEGIN|[100]|idx|Integer|false|false
17:22:56.324 (324374985)|HEAP_ALLOCATE|[100]|Bytes:4
17:22:56.324 (324383057)|VARIABLE_ASSIGNMENT|[100]|idx|4
17:22:56.324 (324386693)|STATEMENT_EXECUTE|[101]
17:22:56.324 (324409758)|HEAP_ALLOCATE|[101]|Bytes:1
17:22:56.324 (324426450)|HEAP_ALLOCATE|[101]|Bytes:5
17:22:56.324 (324436427)|VARIABLE_ASSIGNMENT|[101]|randStr|"0uJlE"
17:22:56.324 (324455001)|STATEMENT_EXECUTE|[99]
17:22:56.324 (324458104)|STATEMENT_EXECUTE|[100]
17:22:56.324 (324547920)|VARIABLE_SCOPE_BEGIN|[100]|idx|Integer|false|false
17:22:56.324 (324553265)|HEAP_ALLOCATE|[100]|Bytes:4
17:22:56.324 (324561443)|VARIABLE_ASSIGNMENT|[100]|idx|48
17:22:56.324 (324565143)|STATEMENT_EXECUTE|[101]
17:22:56.324 (324587700)|HEAP_ALLOCATE|[101]|Bytes:1
17:22:56.324 (324604514)|HEAP_ALLOCATE|[101]|Bytes:6
17:22:56.324 (324614344)|VARIABLE_ASSIGNMENT|[101]|randStr|"0uJlEm"
17:22:56.324 (324633371)|STATEMENT_EXECUTE|[99]
17:22:56.324 (324636425)|STATEMENT_EXECUTE|[100]
17:22:56.324 (324734962)|VARIABLE_SCOPE_BEGIN|[100]|idx|Integer|false|false
17:22:56.324 (324740504)|HEAP_ALLOCATE|[100]|Bytes:4
17:22:56.324 (324748700)|VARIABLE_ASSIGNMENT|[100]|idx|59
17:22:56.324 (324752456)|STATEMENT_EXECUTE|[101]
17:22:56.324 (324775539)|HEAP_ALLOCATE|[101]|Bytes:1
17:22:56.324 (324792337)|HEAP_ALLOCATE|[101]|Bytes:7
17:22:56.324 (324802113)|VARIABLE_ASSIGNMENT|[101]|randStr|"0uJlEmx"
17:22:56.324 (324820930)|STATEMENT_EXECUTE|[99]
17:22:56.324 (324824236)|STATEMENT_EXECUTE|[100]
17:22:56.324 (324920386)|VARIABLE_SCOPE_BEGIN|[100]|idx|Integer|false|false
17:22:56.324 (324925808)|HEAP_ALLOCATE|[100]|Bytes:4
17:22:56.324 (324933983)|VARIABLE_ASSIGNMENT|[100]|idx|10
17:22:56.324 (324937742)|STATEMENT_EXECUTE|[101]
17:22:56.324 (324960952)|HEAP_ALLOCATE|[101]|Bytes:1
17:22:56.324 (324977872)|HEAP_ALLOCATE|[101]|Bytes:8
17:22:56.324 (324987742)|VARIABLE_ASSIGNMENT|[101]|randStr|"0uJlEmxK"
17:22:56.325 (325006665)|STATEMENT_EXECUTE|[99]
17:22:56.325 (325010521)|STATEMENT_EXECUTE|[100]
17:22:56.325 (325098576)|VARIABLE_SCOPE_BEGIN|[100]|idx|Integer|false|false
17:22:56.325 (325103902)|HEAP_ALLOCATE|[100]|Bytes:4
17:22:56.325 (325111914)|VARIABLE_ASSIGNMENT|[100]|idx|30
17:22:56.325 (325115629)|STATEMENT_EXECUTE|[101]
17:22:56.325 (325138163)|HEAP_ALLOCATE|[101]|Bytes:1
17:22:56.325 (325154711)|HEAP_ALLOCATE|[101]|Bytes:9
17:22:56.325 (325164865)|VARIABLE_ASSIGNMENT|[101]|randStr|"0uJlEmxK4"
17:22:56.325 (325183811)|STATEMENT_EXECUTE|[99]
17:22:56.325 (325186974)|STATEMENT_EXECUTE|[100]
17:22:56.325 (325288966)|VARIABLE_SCOPE_BEGIN|[100]|idx|Integer|false|false
17:22:56.325 (325294392)|HEAP_ALLOCATE|[100]|Bytes:4
17:22:56.325 (325302692)|VARIABLE_ASSIGNMENT|[100]|idx|32
17:22:56.325 (325306204)|STATEMENT_EXECUTE|[101]
17:22:56.325 (325329096)|HEAP_ALLOCATE|[101]|Bytes:1
17:22:56.325 (325345730)|HEAP_ALLOCATE|[101]|Bytes:10
17:22:56.325 (325355744)|VARIABLE_ASSIGNMENT|[101]|randStr|"0uJlEmxK46"
17:22:56.325 (325375090)|STATEMENT_EXECUTE|[99]
17:22:56.325 (325378174)|STATEMENT_EXECUTE|[100]
17:22:56.325 (325466882)|VARIABLE_SCOPE_BEGIN|[100]|idx|Integer|false|false
17:22:56.325 (325472164)|HEAP_ALLOCATE|[100]|Bytes:4
17:22:56.325 (325480434)|VARIABLE_ASSIGNMENT|[100]|idx|60
17:22:56.325 (325484042)|STATEMENT_EXECUTE|[101]
17:22:56.325 (325506747)|HEAP_ALLOCATE|[101]|Bytes:1
17:22:56.325 (325523268)|HEAP_ALLOCATE|[101]|Bytes:11
17:22:56.325 (325533069)|VARIABLE_ASSIGNMENT|[101]|randStr|"0uJlEmxK46y"
17:22:56.325 (325551954)|STATEMENT_EXECUTE|[99]
17:22:56.325 (325554977)|STATEMENT_EXECUTE|[100]
17:22:56.325 (325642906)|VARIABLE_SCOPE_BEGIN|[100]|idx|Integer|false|false
17:22:56.325 (325648262)|HEAP_ALLOCATE|[100]|Bytes:4
17:22:56.325 (325656441)|VARIABLE_ASSIGNMENT|[100]|idx|28
17:22:56.325 (325660025)|STATEMENT_EXECUTE|[101]
17:22:56.325 (325682646)|HEAP_ALLOCATE|[101]|Bytes:1
17:22:56.325 (325699205)|HEAP_ALLOCATE|[101]|Bytes:12
17:22:56.325 (325708972)|VARIABLE_ASSIGNMENT|[101]|randStr|"0uJlEmxK46y2"
17:22:56.325 (325728145)|STATEMENT_EXECUTE|[99]
17:22:56.325 (325731222)|STATEMENT_EXECUTE|[100]
17:22:56.325 (325821356)|VARIABLE_SCOPE_BEGIN|[100]|idx|Integer|false|false
17:22:56.325 (325831197)|HEAP_ALLOCATE|[100]|Bytes:4
17:22:56.325 (325840385)|VARIABLE_ASSIGNMENT|[100]|idx|13
17:22:56.325 (325844024)|STATEMENT_EXECUTE|[101]
17:22:56.325 (325867782)|HEAP_ALLOCATE|[101]|Bytes:1
17:22:56.325 (325884464)|HEAP_ALLOCATE|[101]|Bytes:13
17:22:56.325 (325894625)|VARIABLE_ASSIGNMENT|[101]|randStr|"0uJlEmxK46y2N"
17:22:56.325 (325913763)|STATEMENT_EXECUTE|[99]
17:22:56.325 (325916781)|STATEMENT_EXECUTE|[100]
17:22:56.326 (326005431)|VARIABLE_SCOPE_BEGIN|[100]|idx|Integer|false|false
17:22:56.326 (326011662)|HEAP_ALLOCATE|[100]|Bytes:4
17:22:56.326 (326019805)|VARIABLE_ASSIGNMENT|[100]|idx|42
17:22:56.326 (326023299)|STATEMENT_EXECUTE|[101]
17:22:56.326 (326045947)|HEAP_ALLOCATE|[101]|Bytes:1
17:22:56.326 (326062672)|HEAP_ALLOCATE|[101]|Bytes:14
17:22:56.326 (326072637)|VARIABLE_ASSIGNMENT|[101]|randStr|"0uJlEmxK46y2Ng"
17:22:56.326 (326091793)|STATEMENT_EXECUTE|[99]
17:22:56.326 (326094821)|STATEMENT_EXECUTE|[100]
17:22:56.326 (326192516)|VARIABLE_SCOPE_BEGIN|[100]|idx|Integer|false|false
17:22:56.326 (326197981)|HEAP_ALLOCATE|[100]|Bytes:4
17:22:56.326 (326206134)|VARIABLE_ASSIGNMENT|[100]|idx|27
17:22:56.326 (326209719)|STATEMENT_EXECUTE|[101]
17:22:56.326 (326232602)|HEAP_ALLOCATE|[101]|Bytes:1
17:22:56.326 (326249202)|HEAP_ALLOCATE|[101]|Bytes:15
17:22:56.326 (326259598)|VARIABLE_ASSIGNMENT|[101]|randStr|"0uJlEmxK46y2Ng1"
17:22:56.326 (326278462)|STATEMENT_EXECUTE|[99]
17:22:56.326 (326281628)|STATEMENT_EXECUTE|[100]
17:22:56.326 (326370038)|VARIABLE_SCOPE_BEGIN|[100]|idx|Integer|false|false
17:22:56.326 (326375580)|HEAP_ALLOCATE|[100]|Bytes:4
17:22:56.326 (326383660)|VARIABLE_ASSIGNMENT|[100]|idx|23
17:22:56.326 (326387288)|STATEMENT_EXECUTE|[101]
17:22:56.326 (326410064)|HEAP_ALLOCATE|[101]|Bytes:1
17:22:56.326 (326426799)|HEAP_ALLOCATE|[101]|Bytes:16
17:22:56.326 (326436821)|VARIABLE_ASSIGNMENT|[101]|randStr|"0uJlEmxK46y2Ng1X"
17:22:56.326 (326456442)|STATEMENT_EXECUTE|[99]
17:22:56.326 (326459459)|STATEMENT_EXECUTE|[100]
17:22:56.326 (326547626)|VARIABLE_SCOPE_BEGIN|[100]|idx|Integer|false|false
17:22:56.326 (326552975)|HEAP_ALLOCATE|[100]|Bytes:4
17:22:56.326 (326561102)|VARIABLE_ASSIGNMENT|[100]|idx|20
17:22:56.326 (326564639)|STATEMENT_EXECUTE|[101]
17:22:56.326 (326587604)|HEAP_ALLOCATE|[101]|Bytes:1
17:22:56.326 (326604187)|HEAP_ALLOCATE|[101]|Bytes:17
17:22:56.326 (326614123)|VARIABLE_ASSIGNMENT|[101]|randStr|"0uJlEmxK46y2Ng1XU"
17:22:56.326 (326633066)|STATEMENT_EXECUTE|[99]
17:22:56.326 (326636072)|STATEMENT_EXECUTE|[100]
17:22:56.326 (326725932)|VARIABLE_SCOPE_BEGIN|[100]|idx|Integer|false|false
17:22:56.326 (326731338)|HEAP_ALLOCATE|[100]|Bytes:4
17:22:56.326 (326739566)|VARIABLE_ASSIGNMENT|[100]|idx|61
17:22:56.326 (326743161)|STATEMENT_EXECUTE|[101]
17:22:56.326 (326766164)|HEAP_ALLOCATE|[101]|Bytes:1
17:22:56.326 (326782908)|HEAP_ALLOCATE|[101]|Bytes:18
17:22:56.326 (326792871)|VARIABLE_ASSIGNMENT|[101]|randStr|"0uJlEmxK46y2Ng1XUz"
17:22:56.326 (326813119)|STATEMENT_EXECUTE|[103]
17:22:56.326 (326822524)|METHOD_EXIT|[78]|01p58000000n6rI|SObjectUtility.generateRandomString(Integer)
17:22:56.326 (326834184)|VARIABLE_SCOPE_BEGIN|[78]|rId|String|false|false
17:22:56.326 (326844403)|VARIABLE_ASSIGNMENT|[78]|rId|"0uJlEmxK46y2Ng1XUz"
17:22:56.326 (326848492)|STATEMENT_EXECUTE|[79]
17:22:56.326 (326858302)|METHOD_ENTRY|[79]|01p58000000n6rI|SObjectUtility.createSObject(SObjectData)
17:22:56.326 (326879516)|VARIABLE_SCOPE_BEGIN|[11]|this|SObjectUtility|true|false
17:22:56.326 (326903226)|VARIABLE_ASSIGNMENT|[11]|this|{"childrenMap":"0x278a1ae0"}|0x2e6e6ac6
17:22:56.326 (326908873)|VARIABLE_SCOPE_BEGIN|[11]|obj|SObjectData|true|false
17:22:56.326 (326927768)|VARIABLE_ASSIGNMENT|[11]|obj|{"fieldMap":"0x30096e52","sObjectType":"Risk__Impact_Categor (4 more) ..."}|0x267b7bc9
17:22:56.326 (326938419)|HEAP_ALLOCATE|[12]|Bytes:5
17:22:56.326 (326943410)|STATEMENT_EXECUTE|[11]
17:22:56.330 (330070208)|HEAP_ALLOCATE|[12]|Bytes:1796
17:22:56.330 (330089687)|METHOD_ENTRY|[12]|01p58000000n6Fr|SObjectData.getSObjectType()
17:22:56.330 (330096071)|VARIABLE_SCOPE_BEGIN|[79]|this|SObjectData|true|false
17:22:56.330 (330125266)|VARIABLE_ASSIGNMENT|[79]|this|{"fieldMap":"0x30096e52","sObjectType":"Risk__Impact_Categor (4 more) ..."}|0x267b7bc9
17:22:56.330 (330136582)|HEAP_ALLOCATE|[80]|Bytes:5
17:22:56.330 (330141977)|STATEMENT_EXECUTE|[79]
17:22:56.330 (330144772)|STATEMENT_EXECUTE|[80]
17:22:56.330 (330153035)|METHOD_EXIT|[12]|01p58000000n6Fr|SObjectData.getSObjectType()
17:22:56.330 (330183483)|STATEMENT_EXECUTE|[12]
17:22:56.330 (330187411)|STATEMENT_EXECUTE|[15]
17:22:56.333 (333300436)|HEAP_ALLOCATE|[15]|Bytes:1796
17:22:56.333 (333319661)|METHOD_ENTRY|[15]|01p58000000n6Fr|SObjectData.getSObjectType()
17:22:56.333 (333325968)|VARIABLE_SCOPE_BEGIN|[79]|this|SObjectData|true|false
17:22:56.333 (333354748)|VARIABLE_ASSIGNMENT|[79]|this|{"fieldMap":"0x30096e52","sObjectType":"Risk__Impact_Categor (4 more) ..."}|0x267b7bc9
17:22:56.333 (333365603)|HEAP_ALLOCATE|[80]|Bytes:5
17:22:56.333 (333371044)|STATEMENT_EXECUTE|[79]
17:22:56.333 (333373725)|STATEMENT_EXECUTE|[80]
17:22:56.333 (333381762)|METHOD_EXIT|[15]|01p58000000n6Fr|SObjectData.getSObjectType()
17:22:56.333 (333502712)|HEAP_ALLOCATE|[15]|Bytes:4
17:22:56.333 (333518746)|VARIABLE_SCOPE_BEGIN|[15]|sObj|SObject|true|false
17:22:56.333 (333532681)|VARIABLE_ASSIGNMENT|[15]|sObj|{}|0x21e225d6
17:22:56.333 (333539666)|HEAP_ALLOCATE|[16]|Bytes:4
17:22:56.333 (333555792)|METHOD_ENTRY|[16]|01p58000000n6Fr|SObjectData.getFieldMap()
17:22:56.333 (333561321)|VARIABLE_SCOPE_BEGIN|[75]|this|SObjectData|true|false
17:22:56.333 (333587207)|VARIABLE_ASSIGNMENT|[75]|this|{"fieldMap":"0x30096e52","sObjectType":"Risk__Impact_Categor (4 more) ..."}|0x267b7bc9
17:22:56.333 (333597518)|HEAP_ALLOCATE|[76]|Bytes:5
17:22:56.333 (333602475)|STATEMENT_EXECUTE|[75]
17:22:56.333 (333605063)|STATEMENT_EXECUTE|[76]
17:22:56.333 (333613019)|METHOD_EXIT|[16]|01p58000000n6Fr|SObjectData.getFieldMap()
17:22:56.333 (333643976)|HEAP_ALLOCATE|[16]|Bytes:37
17:22:56.333 (333670784)|HEAP_ALLOCATE|[16]|Bytes:8
17:22:56.333 (333703527)|HEAP_ALLOCATE|[16]|Bytes:5
17:22:56.333 (333719099)|VARIABLE_SCOPE_BEGIN|[16]|field|String|false|false
17:22:56.333 (333729844)|VARIABLE_ASSIGNMENT|[16]|field|"Name"
17:22:56.333 (333734134)|STATEMENT_EXECUTE|[16]
17:22:56.333 (333736699)|STATEMENT_EXECUTE|[17]
17:22:56.333 (333742763)|METHOD_ENTRY|[17]|01p58000000n6Fr|SObjectData.getFieldMap()
17:22:56.333 (333747573)|VARIABLE_SCOPE_BEGIN|[75]|this|SObjectData|true|false
17:22:56.333 (333770705)|VARIABLE_ASSIGNMENT|[75]|this|{"fieldMap":"0x30096e52","sObjectType":"Risk__Impact_Categor (4 more) ..."}|0x267b7bc9
17:22:56.333 (333780676)|HEAP_ALLOCATE|[76]|Bytes:5
17:22:56.333 (333785258)|STATEMENT_EXECUTE|[75]
17:22:56.333 (333787767)|STATEMENT_EXECUTE|[76]
17:22:56.333 (333795922)|METHOD_EXIT|[17]|01p58000000n6Fr|SObjectData.getFieldMap()
17:22:56.333 (333823989)|VARIABLE_SCOPE_BEGIN|[17]|value|String|false|false
17:22:56.333 (333839348)|VARIABLE_ASSIGNMENT|[17]|value|"Cost IC"
17:22:56.333 (333843873)|STATEMENT_EXECUTE|[18]
17:22:56.335 (335620805)|HEAP_ALLOCATE|[16]|Bytes:5
17:22:56.335 (335639357)|VARIABLE_SCOPE_BEGIN|[16]|field|String|false|false
17:22:56.335 (335652398)|VARIABLE_ASSIGNMENT|[16]|field|"Risk__Type_Of_Risk__ (1 more) ..."
17:22:56.335 (335657234)|STATEMENT_EXECUTE|[16]
17:22:56.335 (335659818)|STATEMENT_EXECUTE|[17]
17:22:56.335 (335666554)|METHOD_ENTRY|[17]|01p58000000n6Fr|SObjectData.getFieldMap()
17:22:56.335 (335671878)|VARIABLE_SCOPE_BEGIN|[75]|this|SObjectData|true|false
17:22:56.335 (335697481)|VARIABLE_ASSIGNMENT|[75]|this|{"fieldMap":"0x30096e52","sObjectType":"Risk__Impact_Categor (4 more) ..."}|0x267b7bc9
17:22:56.335 (335708143)|HEAP_ALLOCATE|[76]|Bytes:5
17:22:56.335 (335712768)|STATEMENT_EXECUTE|[75]
17:22:56.335 (335715333)|STATEMENT_EXECUTE|[76]
17:22:56.335 (335723437)|METHOD_EXIT|[17]|01p58000000n6Fr|SObjectData.getFieldMap()
17:22:56.335 (335752128)|VARIABLE_SCOPE_BEGIN|[17]|value|String|false|false
17:22:56.335 (335762326)|VARIABLE_ASSIGNMENT|[17]|value|"Cost"
17:22:56.335 (335766456)|STATEMENT_EXECUTE|[18]
17:22:56.335 (335893565)|HEAP_ALLOCATE|[16]|Bytes:5
17:22:56.335 (335912329)|VARIABLE_ASSIGNMENT|[16]|field|null
17:22:56.335 (335917417)|STATEMENT_EXECUTE|[21]
17:22:56.335 (335925731)|METHOD_EXIT|[79]|01p58000000n6rI|SObjectUtility.createSObject(SObjectData)
17:22:56.335 (335950169)|HEAP_ALLOCATE|[EXTERNAL]|Bytes:-4
17:22:56.335 (335970406)|METHOD_ENTRY|[80]|01p58000000n6Fr|SObjectData.getChildren()
17:22:56.335 (335992431)|VARIABLE_SCOPE_BEGIN|[83]|this|SObjectData|true|false
17:22:56.336 (336019833)|VARIABLE_ASSIGNMENT|[83]|this|{"fieldMap":"0x30096e52","sObjectType":"Risk__Impact_Categor (4 more) ..."}|0x267b7bc9
17:22:56.336 (336031437)|HEAP_ALLOCATE|[84]|Bytes:5
17:22:56.336 (336036452)|STATEMENT_EXECUTE|[83]
17:22:56.336 (336040216)|STATEMENT_EXECUTE|[84]
17:22:56.336 (336042418)|STATEMENT_EXECUTE|[85]
17:22:56.336 (336049740)|HEAP_ALLOCATE|[85]|Bytes:4
17:22:56.336 (336080082)|VARIABLE_ASSIGNMENT|[85]|this.children|{"s":1,"v":{}}|0x267b7bc9
17:22:56.336 (336086801)|STATEMENT_EXECUTE|[87]
17:22:56.336 (336095866)|METHOD_EXIT|[80]|01p58000000n6Fr|SObjectData.getChildren()
17:22:56.336 (336116035)|STATEMENT_EXECUTE|[80]
17:22:56.336 (336131588)|HEAP_ALLOCATE|[76]|Bytes:5
17:22:56.336 (336145001)|HEAP_ALLOCATE|[76]|Bytes:24
17:22:56.336 (336152600)|VARIABLE_SCOPE_BEGIN|[76]|obj|SObjectData|true|false
17:22:56.336 (336178085)|VARIABLE_ASSIGNMENT|[76]|obj|{"fieldMap":"0x6b203bfe","sObjectType":"Risk__Impact_Categor (4 more) ..."}|0x660cfe92
17:22:56.336 (336184845)|STATEMENT_EXECUTE|[76]
17:22:56.336 (336187377)|STATEMENT_EXECUTE|[77]
17:22:56.336 (336194344)|METHOD_ENTRY|[77]|01p58000000n6Fr|SObjectData.getFieldMap()
17:22:56.336 (336199158)|VARIABLE_SCOPE_BEGIN|[75]|this|SObjectData|true|false
17:22:56.336 (336218556)|VARIABLE_ASSIGNMENT|[75]|this|{"fieldMap":"0x6b203bfe","sObjectType":"Risk__Impact_Categor (4 more) ..."}|0x660cfe92
17:22:56.336 (336227706)|HEAP_ALLOCATE|[76]|Bytes:5
17:22:56.336 (336232127)|STATEMENT_EXECUTE|[75]
17:22:56.336 (336234526)|STATEMENT_EXECUTE|[76]
17:22:56.336 (336241884)|METHOD_EXIT|[77]|01p58000000n6Fr|SObjectData.getFieldMap()
17:22:56.336 (336272691)|HEAP_ALLOCATE|[77]|Bytes:15
17:22:56.336 (336290233)|USER_DEBUG|[77]|DEBUG|Time IC Created
17:22:56.336 (336299770)|STATEMENT_EXECUTE|[78]
17:22:56.336 (336306376)|METHOD_ENTRY|[78]|01p58000000n6rI|SObjectUtility.generateRandomString(Integer)
17:22:56.336 (336311498)|HEAP_ALLOCATE|[97]|Bytes:4
17:22:56.336 (336315258)|VARIABLE_SCOPE_BEGIN|[96]|len|Integer|false|false
17:22:56.336 (336323337)|VARIABLE_ASSIGNMENT|[96]|len|18
17:22:56.336 (336330829)|HEAP_ALLOCATE|[97]|Bytes:5
17:22:56.336 (336334934)|STATEMENT_EXECUTE|[96]
17:22:56.336 (336337430)|STATEMENT_EXECUTE|[97]
17:22:56.336 (336341820)|VARIABLE_SCOPE_BEGIN|[97]|chars|String|false|false
17:22:56.336 (336350700)|VARIABLE_ASSIGNMENT|[97]|chars|"ABCDEFGHIJKLMNOPQRST (42 more) ..."
17:22:56.336 (336354332)|STATEMENT_EXECUTE|[98]
17:22:56.336 (336357914)|VARIABLE_SCOPE_BEGIN|[98]|randStr|String|false|false
17:22:56.336 (336363796)|VARIABLE_ASSIGNMENT|[98]|randStr|""
17:22:56.336 (336386090)|STATEMENT_EXECUTE|[99]
17:22:56.336 (336389418)|STATEMENT_EXECUTE|[100]
17:22:56.336 (336488065)|VARIABLE_SCOPE_BEGIN|[100]|idx|Integer|false|false
17:22:56.336 (336493775)|HEAP_ALLOCATE|[100]|Bytes:4
17:22:56.336 (336502554)|VARIABLE_ASSIGNMENT|[100]|idx|29
17:22:56.336 (336506325)|STATEMENT_EXECUTE|[101]
17:22:56.336 (336531104)|HEAP_ALLOCATE|[101]|Bytes:1
17:22:56.336 (336549014)|HEAP_ALLOCATE|[101]|Bytes:1
17:22:56.336 (336559179)|VARIABLE_ASSIGNMENT|[101]|randStr|"3"
17:22:56.336 (336578951)|STATEMENT_EXECUTE|[99]
17:22:56.336 (336582123)|STATEMENT_EXECUTE|[100]
17:22:56.336 (336672988)|VARIABLE_SCOPE_BEGIN|[100]|idx|Integer|false|false
17:22:56.336 (336678589)|HEAP_ALLOCATE|[100]|Bytes:4
17:22:56.336 (336686805)|VARIABLE_ASSIGNMENT|[100]|idx|1
17:22:56.336 (336690561)|STATEMENT_EXECUTE|[101]
17:22:56.336 (336713737)|HEAP_ALLOCATE|[101]|Bytes:1
17:22:56.336 (336730719)|HEAP_ALLOCATE|[101]|Bytes:2
17:22:56.336 (336740639)|VARIABLE_ASSIGNMENT|[101]|randStr|"3B"
17:22:56.336 (336759730)|STATEMENT_EXECUTE|[99]
17:22:56.336 (336762814)|STATEMENT_EXECUTE|[100]
17:22:56.336 (336858111)|VARIABLE_SCOPE_BEGIN|[100]|idx|Integer|false|false
17:22:56.336 (336863776)|HEAP_ALLOCATE|[100]|Bytes:4
17:22:56.336 (336872354)|VARIABLE_ASSIGNMENT|[100]|idx|54
17:22:56.336 (336876114)|STATEMENT_EXECUTE|[101]
17:22:56.336 (336899677)|HEAP_ALLOCATE|[101]|Bytes:1
17:22:56.336 (336916553)|HEAP_ALLOCATE|[101]|Bytes:3
17:22:56.336 (336926384)|VARIABLE_ASSIGNMENT|[101]|randStr|"3Bs"
17:22:56.336 (336945791)|STATEMENT_EXECUTE|[99]
17:22:56.336 (336948846)|STATEMENT_EXECUTE|[100]
17:22:56.337 (337037518)|VARIABLE_SCOPE_BEGIN|[100]|idx|Integer|false|false
17:22:56.337 (337043696)|HEAP_ALLOCATE|[100]|Bytes:4
17:22:56.337 (337051879)|VARIABLE_ASSIGNMENT|[100]|idx|5
17:22:56.337 (337055495)|STATEMENT_EXECUTE|[101]
17:22:56.337 (337078613)|HEAP_ALLOCATE|[101]|Bytes:1
17:22:56.337 (337095222)|HEAP_ALLOCATE|[101]|Bytes:4
17:22:56.337 (337104975)|VARIABLE_ASSIGNMENT|[101]|randStr|"3BsF"
17:22:56.337 (337123616)|STATEMENT_EXECUTE|[99]
17:22:56.337 (337126668)|STATEMENT_EXECUTE|[100]
17:22:56.337 (337227264)|VARIABLE_SCOPE_BEGIN|[100]|idx|Integer|false|false
17:22:56.337 (337232763)|HEAP_ALLOCATE|[100]|Bytes:4
17:22:56.337 (337241080)|VARIABLE_ASSIGNMENT|[100]|idx|18
17:22:56.337 (337244743)|STATEMENT_EXECUTE|[101]
17:22:56.337 (337268080)|HEAP_ALLOCATE|[101]|Bytes:1
17:22:56.337 (337284945)|HEAP_ALLOCATE|[101]|Bytes:5
17:22:56.337 (337294951)|VARIABLE_ASSIGNMENT|[101]|randStr|"3BsFS"
17:22:56.337 (337313856)|STATEMENT_EXECUTE|[99]
17:22:56.337 (337317414)|STATEMENT_EXECUTE|[100]
17:22:56.337 (337406329)|VARIABLE_SCOPE_BEGIN|[100]|idx|Integer|false|false
17:22:56.337 (337411618)|HEAP_ALLOCATE|[100]|Bytes:4
17:22:56.337 (337419816)|VARIABLE_ASSIGNMENT|[100]|idx|14
17:22:56.337 (337423357)|STATEMENT_EXECUTE|[101]
17:22:56.337 (337446147)|HEAP_ALLOCATE|[101]|Bytes:1
17:22:56.337 (337462882)|HEAP_ALLOCATE|[101]|Bytes:6
17:22:56.337 (337472850)|VARIABLE_ASSIGNMENT|[101]|randStr|"3BsFSO"
17:22:56.337 (337492277)|STATEMENT_EXECUTE|[99]
17:22:56.337 (337495423)|STATEMENT_EXECUTE|[100]
17:22:56.337 (337583911)|VARIABLE_SCOPE_BEGIN|[100]|idx|Integer|false|false
17:22:56.337 (337589242)|HEAP_ALLOCATE|[100]|Bytes:4
17:22:56.337 (337597266)|VARIABLE_ASSIGNMENT|[100]|idx|9
17:22:56.337 (337600773)|STATEMENT_EXECUTE|[101]
17:22:56.337 (337623506)|HEAP_ALLOCATE|[101]|Bytes:1
17:22:56.337 (337640012)|HEAP_ALLOCATE|[101]|Bytes:7
17:22:56.337 (337649942)|VARIABLE_ASSIGNMENT|[101]|randStr|"3BsFSOJ"
17:22:56.337 (337668962)|STATEMENT_EXECUTE|[99]
17:22:56.337 (337672489)|STATEMENT_EXECUTE|[100]
17:22:56.337 (337761244)|VARIABLE_SCOPE_BEGIN|[100]|idx|Integer|false|false
17:22:56.337 (337766618)|HEAP_ALLOCATE|[100]|Bytes:4
17:22:56.337 (337774690)|VARIABLE_ASSIGNMENT|[100]|idx|30
17:22:56.337 (337778197)|STATEMENT_EXECUTE|[101]
17:22:56.337 (337801109)|HEAP_ALLOCATE|[101]|Bytes:1
17:22:56.337 (337817890)|HEAP_ALLOCATE|[101]|Bytes:8
17:22:56.337 (337839231)|VARIABLE_ASSIGNMENT|[101]|randStr|"3BsFSOJ4"
17:22:56.337 (337859312)|STATEMENT_EXECUTE|[99]
17:22:56.337 (337862550)|STATEMENT_EXECUTE|[100]
17:22:56.337 (337952194)|VARIABLE_SCOPE_BEGIN|[100]|idx|Integer|false|false
17:22:56.337 (337957406)|HEAP_ALLOCATE|[100]|Bytes:4
17:22:56.337 (337965463)|VARIABLE_ASSIGNMENT|[100]|idx|52
17:22:56.337 (337969089)|STATEMENT_EXECUTE|[101]
17:22:56.337 (337991752)|HEAP_ALLOCATE|[101]|Bytes:1
17:22:56.338 (338008380)|HEAP_ALLOCATE|[101]|Bytes:9
17:22:56.338 (338019011)|VARIABLE_ASSIGNMENT|[101]|randStr|"3BsFSOJ4q"
17:22:56.338 (338037997)|STATEMENT_EXECUTE|[99]
17:22:56.338 (338041545)|STATEMENT_EXECUTE|[100]
17:22:56.338 (338131807)|VARIABLE_SCOPE_BEGIN|[100]|idx|Integer|false|false
17:22:56.338 (338137179)|HEAP_ALLOCATE|[100]|Bytes:4
17:22:56.338 (338145305)|VARIABLE_ASSIGNMENT|[100]|idx|4
17:22:56.338 (338148888)|STATEMENT_EXECUTE|[101]
17:22:56.338 (338171738)|HEAP_ALLOCATE|[101]|Bytes:1
17:22:56.338 (338188371)|HEAP_ALLOCATE|[101]|Bytes:10
17:22:56.338 (338198452)|VARIABLE_ASSIGNMENT|[101]|randStr|"3BsFSOJ4qE"
17:22:56.338 (338217440)|STATEMENT_EXECUTE|[99]
17:22:56.338 (338220593)|STATEMENT_EXECUTE|[100]
17:22:56.338 (338308857)|VARIABLE_SCOPE_BEGIN|[100]|idx|Integer|false|false
17:22:56.338 (338314206)|HEAP_ALLOCATE|[100]|Bytes:4
17:22:56.338 (338322180)|VARIABLE_ASSIGNMENT|[100]|idx|12
17:22:56.338 (338325743)|STATEMENT_EXECUTE|[101]
17:22:56.338 (338348478)|HEAP_ALLOCATE|[101]|Bytes:1
17:22:56.338 (338365209)|HEAP_ALLOCATE|[101]|Bytes:11
17:22:56.338 (338375195)|VARIABLE_ASSIGNMENT|[101]|randStr|"3BsFSOJ4qEM"
17:22:56.338 (338394278)|STATEMENT_EXECUTE|[99]
17:22:56.338 (338397667)|STATEMENT_EXECUTE|[100]
17:22:56.338 (338486060)|VARIABLE_SCOPE_BEGIN|[100]|idx|Integer|false|false
17:22:56.338 (338491459)|HEAP_ALLOCATE|[100]|Bytes:4
17:22:56.338 (338499676)|VARIABLE_ASSIGNMENT|[100]|idx|47
17:22:56.338 (338503324)|STATEMENT_EXECUTE|[101]
17:22:56.338 (338526069)|HEAP_ALLOCATE|[101]|Bytes:1
17:22:56.338 (338542774)|HEAP_ALLOCATE|[101]|Bytes:12
17:22:56.338 (338552646)|VARIABLE_ASSIGNMENT|[101]|randStr|"3BsFSOJ4qEMl"
17:22:56.338 (338571736)|STATEMENT_EXECUTE|[99]
17:22:56.338 (338574809)|STATEMENT_EXECUTE|[100]
17:22:56.338 (338672346)|VARIABLE_SCOPE_BEGIN|[100]|idx|Integer|false|false
17:22:56.338 (338677737)|HEAP_ALLOCATE|[100]|Bytes:4
17:22:56.338 (338686061)|VARIABLE_ASSIGNMENT|[100]|idx|13
17:22:56.338 (338689631)|STATEMENT_EXECUTE|[101]
17:22:56.338 (338712458)|HEAP_ALLOCATE|[101]|Bytes:1
17:22:56.338 (338729148)|HEAP_ALLOCATE|[101]|Bytes:13
17:22:56.338 (338739024)|VARIABLE_ASSIGNMENT|[101]|randStr|"3BsFSOJ4qEMlN"
17:22:56.338 (338757899)|STATEMENT_EXECUTE|[99]
17:22:56.338 (338761551)|STATEMENT_EXECUTE|[100]
17:22:56.338 (338854050)|VARIABLE_SCOPE_BEGIN|[100]|idx|Integer|false|false
17:22:56.338 (338859736)|HEAP_ALLOCATE|[100]|Bytes:4
17:22:56.338 (338867888)|VARIABLE_ASSIGNMENT|[100]|idx|61
17:22:56.338 (338871421)|STATEMENT_EXECUTE|[101]
17:22:56.338 (338894703)|HEAP_ALLOCATE|[101]|Bytes:1
17:22:56.338 (338911653)|HEAP_ALLOCATE|[101]|Bytes:14
17:22:56.338 (338921814)|VARIABLE_ASSIGNMENT|[101]|randStr|"3BsFSOJ4qEMlNz"
17:22:56.338 (338940930)|STATEMENT_EXECUTE|[99]
17:22:56.338 (338943966)|STATEMENT_EXECUTE|[100]
17:22:56.339 (339033532)|VARIABLE_SCOPE_BEGIN|[100]|idx|Integer|false|false
17:22:56.339 (339039662)|HEAP_ALLOCATE|[100]|Bytes:4
17:22:56.339 (339047800)|VARIABLE_ASSIGNMENT|[100]|idx|38
17:22:56.339 (339051313)|STATEMENT_EXECUTE|[101]
17:22:56.339 (339074095)|HEAP_ALLOCATE|[101]|Bytes:1
17:22:56.339 (339090944)|HEAP_ALLOCATE|[101]|Bytes:15
17:22:56.339 (339101110)|VARIABLE_ASSIGNMENT|[101]|randStr|"3BsFSOJ4qEMlNzc"
17:22:56.339 (339120086)|STATEMENT_EXECUTE|[99]
17:22:56.339 (339123506)|STATEMENT_EXECUTE|[100]
17:22:56.339 (339211951)|VARIABLE_SCOPE_BEGIN|[100]|idx|Integer|false|false
17:22:56.339 (339217270)|HEAP_ALLOCATE|[100]|Bytes:4
17:22:56.339 (339225183)|VARIABLE_ASSIGNMENT|[100]|idx|0
17:22:56.339 (339228787)|STATEMENT_EXECUTE|[101]
17:22:56.339 (339251441)|HEAP_ALLOCATE|[101]|Bytes:1
17:22:56.339 (339267944)|HEAP_ALLOCATE|[101]|Bytes:16
17:22:56.339 (339278308)|VARIABLE_ASSIGNMENT|[101]|randStr|"3BsFSOJ4qEMlNzcA"
17:22:56.339 (339297374)|STATEMENT_EXECUTE|[99]
17:22:56.339 (339300444)|STATEMENT_EXECUTE|[100]
17:22:56.339 (339388683)|VARIABLE_SCOPE_BEGIN|[100]|idx|Integer|false|false
17:22:56.339 (339394009)|HEAP_ALLOCATE|[100]|Bytes:4
17:22:56.339 (339402155)|VARIABLE_ASSIGNMENT|[100]|idx|44
17:22:56.339 (339405712)|STATEMENT_EXECUTE|[101]
17:22:56.339 (339428162)|HEAP_ALLOCATE|[101]|Bytes:1
17:22:56.339 (339444830)|HEAP_ALLOCATE|[101]|Bytes:17
17:22:56.339 (339455123)|VARIABLE_ASSIGNMENT|[101]|randStr|"3BsFSOJ4qEMlNzcAi"
17:22:56.339 (339474542)|STATEMENT_EXECUTE|[99]
17:22:56.339 (339477654)|STATEMENT_EXECUTE|[100]
17:22:56.339 (339565671)|VARIABLE_SCOPE_BEGIN|[100]|idx|Integer|false|false
17:22:56.339 (339571212)|HEAP_ALLOCATE|[100]|Bytes:4
17:22:56.339 (339579216)|VARIABLE_ASSIGNMENT|[100]|idx|31
17:22:56.339 (339582719)|STATEMENT_EXECUTE|[101]
17:22:56.339 (339605325)|HEAP_ALLOCATE|[101]|Bytes:1
17:22:56.339 (339621910)|HEAP_ALLOCATE|[101]|Bytes:18
17:22:56.339 (339632205)|VARIABLE_ASSIGNMENT|[101]|randStr|"3BsFSOJ4qEMlNzcAi5"
17:22:56.339 (339651558)|STATEMENT_EXECUTE|[103]
17:22:56.339 (339660082)|METHOD_EXIT|[78]|01p58000000n6rI|SObjectUtility.generateRandomString(Integer)
17:22:56.339 (339665328)|VARIABLE_SCOPE_BEGIN|[78]|rId|String|false|false
17:22:56.339 (339673195)|VARIABLE_ASSIGNMENT|[78]|rId|"3BsFSOJ4qEMlNzcAi5"
17:22:56.339 (339676724)|STATEMENT_EXECUTE|[79]
17:22:56.339 (339683888)|METHOD_ENTRY|[79]|01p58000000n6rI|SObjectUtility.createSObject(SObjectData)
17:22:56.339 (339688652)|VARIABLE_SCOPE_BEGIN|[11]|this|SObjectUtility|true|false
17:22:56.339 (339709524)|VARIABLE_ASSIGNMENT|[11]|this|{"childrenMap":"0x278a1ae0"}|0x2e6e6ac6
17:22:56.339 (339714492)|VARIABLE_SCOPE_BEGIN|[11]|obj|SObjectData|true|false
17:22:56.339 (339734297)|VARIABLE_ASSIGNMENT|[11]|obj|{"fieldMap":"0x6b203bfe","sObjectType":"Risk__Impact_Categor (4 more) ..."}|0x660cfe92
17:22:56.339 (339744284)|HEAP_ALLOCATE|[12]|Bytes:5
17:22:56.339 (339749077)|STATEMENT_EXECUTE|[11]
17:22:56.342 (342874649)|HEAP_ALLOCATE|[12]|Bytes:1796
17:22:56.342 (342894042)|METHOD_ENTRY|[12]|01p58000000n6Fr|SObjectData.getSObjectType()
17:22:56.342 (342900560)|VARIABLE_SCOPE_BEGIN|[79]|this|SObjectData|true|false
17:22:56.342 (342929625)|VARIABLE_ASSIGNMENT|[79]|this|{"fieldMap":"0x6b203bfe","sObjectType":"Risk__Impact_Categor (4 more) ..."}|0x660cfe92
17:22:56.342 (342940675)|HEAP_ALLOCATE|[80]|Bytes:5
17:22:56.342 (342946007)|STATEMENT_EXECUTE|[79]
17:22:56.342 (342948747)|STATEMENT_EXECUTE|[80]
17:22:56.342 (342956879)|METHOD_EXIT|[12]|01p58000000n6Fr|SObjectData.getSObjectType()
17:22:56.342 (342987805)|STATEMENT_EXECUTE|[12]
17:22:56.342 (342991821)|STATEMENT_EXECUTE|[15]
17:22:56.346 (346114620)|HEAP_ALLOCATE|[15]|Bytes:1796
17:22:56.346 (346134080)|METHOD_ENTRY|[15]|01p58000000n6Fr|SObjectData.getSObjectType()
17:22:56.346 (346140477)|VARIABLE_SCOPE_BEGIN|[79]|this|SObjectData|true|false
17:22:56.346 (346169204)|VARIABLE_ASSIGNMENT|[79]|this|{"fieldMap":"0x6b203bfe","sObjectType":"Risk__Impact_Categor (4 more) ..."}|0x660cfe92
17:22:56.346 (346180253)|HEAP_ALLOCATE|[80]|Bytes:5
17:22:56.346 (346185618)|STATEMENT_EXECUTE|[79]
17:22:56.346 (346188267)|STATEMENT_EXECUTE|[80]
17:22:56.346 (346196242)|METHOD_EXIT|[15]|01p58000000n6Fr|SObjectData.getSObjectType()
17:22:56.346 (346254396)|HEAP_ALLOCATE|[15]|Bytes:4
17:22:56.346 (346268425)|VARIABLE_SCOPE_BEGIN|[15]|sObj|SObject|true|false
17:22:56.346 (346281943)|VARIABLE_ASSIGNMENT|[15]|sObj|{}|0x1ae08821
17:22:56.346 (346288755)|HEAP_ALLOCATE|[16]|Bytes:4
17:22:56.346 (346304557)|METHOD_ENTRY|[16]|01p58000000n6Fr|SObjectData.getFieldMap()
17:22:56.346 (346309969)|VARIABLE_SCOPE_BEGIN|[75]|this|SObjectData|true|false
17:22:56.346 (346334893)|VARIABLE_ASSIGNMENT|[75]|this|{"fieldMap":"0x6b203bfe","sObjectType":"Risk__Impact_Categor (4 more) ..."}|0x660cfe92
17:22:56.346 (346345400)|HEAP_ALLOCATE|[76]|Bytes:5
17:22:56.346 (346350079)|STATEMENT_EXECUTE|[75]
17:22:56.346 (346352736)|STATEMENT_EXECUTE|[76]
17:22:56.346 (346360515)|METHOD_EXIT|[16]|01p58000000n6Fr|SObjectData.getFieldMap()
17:22:56.346 (346391209)|HEAP_ALLOCATE|[16]|Bytes:37
17:22:56.346 (346417940)|HEAP_ALLOCATE|[16]|Bytes:8
17:22:56.346 (346450861)|HEAP_ALLOCATE|[16]|Bytes:5
17:22:56.346 (346466609)|VARIABLE_SCOPE_BEGIN|[16]|field|String|false|false
17:22:56.346 (346477392)|VARIABLE_ASSIGNMENT|[16]|field|"Name"
17:22:56.346 (346481743)|STATEMENT_EXECUTE|[16]
17:22:56.346 (346484336)|STATEMENT_EXECUTE|[17]
17:22:56.346 (346490754)|METHOD_ENTRY|[17]|01p58000000n6Fr|SObjectData.getFieldMap()
17:22:56.346 (346495479)|VARIABLE_SCOPE_BEGIN|[75]|this|SObjectData|true|false
17:22:56.346 (346518442)|VARIABLE_ASSIGNMENT|[75]|this|{"fieldMap":"0x6b203bfe","sObjectType":"Risk__Impact_Categor (4 more) ..."}|0x660cfe92
17:22:56.346 (346528301)|HEAP_ALLOCATE|[76]|Bytes:5
17:22:56.346 (346533140)|STATEMENT_EXECUTE|[75]
17:22:56.346 (346535635)|STATEMENT_EXECUTE|[76]
17:22:56.346 (346543591)|METHOD_EXIT|[17]|01p58000000n6Fr|SObjectData.getFieldMap()
17:22:56.346 (346571181)|VARIABLE_SCOPE_BEGIN|[17]|value|String|false|false
17:22:56.346 (346581538)|VARIABLE_ASSIGNMENT|[17]|value|"Time IC"
17:22:56.346 (346585425)|STATEMENT_EXECUTE|[18]
17:22:56.346 (346685622)|HEAP_ALLOCATE|[16]|Bytes:5
17:22:56.346 (346702388)|VARIABLE_SCOPE_BEGIN|[16]|field|String|false|false
17:22:56.346 (346714469)|VARIABLE_ASSIGNMENT|[16]|field|"Risk__Type_Of_Risk__ (1 more) ..."
17:22:56.346 (346719329)|STATEMENT_EXECUTE|[16]
17:22:56.346 (346721865)|STATEMENT_EXECUTE|[17]
17:22:56.346 (346728353)|METHOD_ENTRY|[17]|01p58000000n6Fr|SObjectData.getFieldMap()
17:22:56.346 (346733032)|VARIABLE_SCOPE_BEGIN|[75]|this|SObjectData|true|false
17:22:56.346 (346755901)|VARIABLE_ASSIGNMENT|[75]|this|{"fieldMap":"0x6b203bfe","sObjectType":"Risk__Impact_Categor (4 more) ..."}|0x660cfe92
17:22:56.346 (346765686)|HEAP_ALLOCATE|[76]|Bytes:5
17:22:56.346 (346770196)|STATEMENT_EXECUTE|[75]
17:22:56.346 (346772675)|STATEMENT_EXECUTE|[76]
17:22:56.346 (346780292)|METHOD_EXIT|[17]|01p58000000n6Fr|SObjectData.getFieldMap()
17:22:56.346 (346807929)|VARIABLE_SCOPE_BEGIN|[17]|value|String|false|false
17:22:56.346 (346817926)|VARIABLE_ASSIGNMENT|[17]|value|"Time"
17:22:56.346 (346821751)|STATEMENT_EXECUTE|[18]
17:22:56.346 (346933799)|HEAP_ALLOCATE|[16]|Bytes:5
17:22:56.346 (346952065)|VARIABLE_ASSIGNMENT|[16]|field|null
17:22:56.346 (346957103)|STATEMENT_EXECUTE|[21]
17:22:56.346 (346965336)|METHOD_EXIT|[79]|01p58000000n6rI|SObjectUtility.createSObject(SObjectData)
17:22:56.346 (346986808)|HEAP_ALLOCATE|[EXTERNAL]|Bytes:-4
17:22:56.347 (347004627)|METHOD_ENTRY|[80]|01p58000000n6Fr|SObjectData.getChildren()
17:22:56.347 (347011229)|VARIABLE_SCOPE_BEGIN|[83]|this|SObjectData|true|false
17:22:56.347 (347035531)|VARIABLE_ASSIGNMENT|[83]|this|{"fieldMap":"0x6b203bfe","sObjectType":"Risk__Impact_Categor (4 more) ..."}|0x660cfe92
17:22:56.347 (347045391)|HEAP_ALLOCATE|[84]|Bytes:5
17:22:56.347 (347050620)|STATEMENT_EXECUTE|[83]
17:22:56.347 (347054145)|STATEMENT_EXECUTE|[84]
17:22:56.347 (347056352)|STATEMENT_EXECUTE|[85]
17:22:56.347 (347063030)|HEAP_ALLOCATE|[85]|Bytes:4
17:22:56.347 (347086087)|VARIABLE_ASSIGNMENT|[85]|this.children|{"s":1,"v":{}}|0x660cfe92
17:22:56.347 (347092368)|STATEMENT_EXECUTE|[87]
17:22:56.347 (347101026)|METHOD_EXIT|[80]|01p58000000n6Fr|SObjectData.getChildren()
17:22:56.347 (347119405)|STATEMENT_EXECUTE|[80]
17:22:56.347 (347134729)|HEAP_ALLOCATE|[76]|Bytes:5
17:22:56.347 (347150520)|VARIABLE_ASSIGNMENT|[76]|obj|null|
17:22:56.347 (347155316)|STATEMENT_EXECUTE|[85]
17:22:56.347 (347166514)|HEAP_ALLOCATE|[85]|Bytes:4
17:22:56.347 (347178094)|VARIABLE_SCOPE_BEGIN|[85]|bufferMap|Map<String,Map<String,SObject>>|true|false
17:22:56.347 (347197258)|VARIABLE_ASSIGNMENT|[85]|bufferMap|{"s":1,"v":{}}|0x72d11f7e
17:22:56.347 (347202909)|STATEMENT_EXECUTE|[86]
17:22:56.347 (347246070)|HEAP_ALLOCATE|[EXTERNAL]|Bytes:-4
17:22:56.347 (347307546)|STATEMENT_EXECUTE|[89]
17:22:56.347 (347311757)|STATEMENT_EXECUTE|[90]
17:22:56.347 (347347162)|HEAP_ALLOCATE|[EXTERNAL]|Bytes:-4
17:22:56.347 (347376302)|HEAP_ALLOCATE|[72]|Bytes:5
17:22:56.347 (347393215)|VARIABLE_ASSIGNMENT|[72]|relationshipKey|null
17:22:56.347 (347405613)|METHOD_EXIT|[64]|01p58000000n6rI|SObjectUtility.createChildren(String, Map<String,List<SObjectData>>)
17:22:56.347 (347421291)|HEAP_ALLOCATE|[60]|Bytes:5
17:22:56.347 (347435034)|VARIABLE_ASSIGNMENT|[60]|obj|null|
17:22:56.347 (347440074)|STATEMENT_EXECUTE|[67]
17:22:56.347 (347447803)|METHOD_EXIT|[6]|01p58000000n6rI|SObjectUtility.createRoot(List<SObjectData>)
17:22:56.347 (347453786)|VARIABLE_SCOPE_BEGIN|[6]|root|Map<String,SObject>|true|false
17:22:56.347 (347475996)|VARIABLE_ASSIGNMENT|[6]|root|{"s":1,"v":{"x3yLxvrCf86gAcUNK1":{"Name":"Scoring Scheme 5x5","RecordTypeId":"012580000000H5p"}}}|0x2eff6819
17:22:56.347 (347482535)|STATEMENT_EXECUTE|[7]
17:22:56.347 (347499002)|METHOD_ENTRY|[7]|01p58000000n6rI|SObjectUtility.insertSObjects(Map<String,SObject>)
17:22:56.347 (347529166)|VARIABLE_SCOPE_BEGIN|[24]|this|SObjectUtility|true|false
17:22:56.347 (347551923)|VARIABLE_ASSIGNMENT|[24]|this|{"childrenMap":"0x278a1ae0"}|0x2e6e6ac6
17:22:56.347 (347558263)|VARIABLE_SCOPE_BEGIN|[24]|objMap|Map<String,SObject>|true|false
17:22:56.347 (347575544)|VARIABLE_ASSIGNMENT|[24]|objMap|{"s":1,"v":{"x3yLxvrCf86gAcUNK1":{"Name":"Scoring Scheme 5x5","RecordTypeId":"012580000000H5p"}}}|0x2eff6819
17:22:56.347 (347587240)|HEAP_ALLOCATE|[25]|Bytes:5
17:22:56.347 (347592623)|STATEMENT_EXECUTE|[24]
17:22:56.347 (347595352)|STATEMENT_EXECUTE|[25]
17:22:56.347 (347597638)|STATEMENT_EXECUTE|[25]
17:22:56.347 (347599716)|STATEMENT_EXECUTE|[26]
17:22:56.347 (347606189)|HEAP_ALLOCATE|[26]|Bytes:4
17:22:56.347 (347613029)|VARIABLE_SCOPE_BEGIN|[26]|childMap|Map<String,SObject>|true|false
17:22:56.347 (347630037)|VARIABLE_ASSIGNMENT|[26]|childMap|{"s":1,"v":{}}|0x53738d0c
17:22:56.347 (347635192)|STATEMENT_EXECUTE|[27]
17:22:56.347 (347680511)|HEAP_ALLOCATE|[EXTERNAL]|Bytes:8
17:22:56.347 (347695341)|HEAP_ALLOCATE|[27]|Bytes:69
17:22:56.347 (347767125)|DML_BEGIN|[27]|Op:Insert|Type:SObject|Rows:1
17:22:56.347 (347802365)|HEAP_ALLOCATE|[EXTERNAL]|Bytes:8
17:22:56.403 (403532977)|DML_END|[27]
17:22:56.403 (403621645)|HEAP_ALLOCATE|[EXTERNAL]|Bytes:8
17:22:56.403 (403636429)|HEAP_ALLOCATE|[28]|Bytes:4
17:22:56.403 (403695351)|HEAP_ALLOCATE|[28]|Bytes:26
17:22:56.403 (403727619)|HEAP_ALLOCATE|[28]|Bytes:4
17:22:56.403 (403766924)|HEAP_ALLOCATE|[28]|Bytes:5
17:22:56.403 (403786809)|VARIABLE_SCOPE_BEGIN|[28]|key|String|false|false
17:22:56.403 (403800817)|VARIABLE_ASSIGNMENT|[28]|key|"x3yLxvrCf86gAcUNK1"
17:22:56.403 (403805944)|STATEMENT_EXECUTE|[28]
17:22:56.403 (403812312)|HEAP_ALLOCATE|[29]|Bytes:4
17:22:56.403 (403874289)|HEAP_ALLOCATE|[29]|Bytes:31
17:22:56.403 (403903961)|HEAP_ALLOCATE|[29]|Bytes:4
17:22:56.403 (403939253)|HEAP_ALLOCATE|[29]|Bytes:5
17:22:56.403 (403957751)|VARIABLE_SCOPE_BEGIN|[29]|relationshipKey|String|false|false
17:22:56.403 (403971063)|VARIABLE_ASSIGNMENT|[29]|relationshipKey|"risk__scoring_scheme (3 more) ..."
17:22:56.403 (403976636)|STATEMENT_EXECUTE|[29]
17:22:56.404 (404058870)|STATEMENT_EXECUTE|[31]
17:22:56.404 (404064282)|STATEMENT_EXECUTE|[32]
17:22:56.404 (404170762)|HEAP_ALLOCATE|[32]|Bytes:18
17:22:56.404 (404243377)|METHOD_ENTRY|[32]|01p58000000n6rI|SObjectUtility.buildRelationships(String, String, Map<String,SObject>)
17:22:56.404 (404252932)|VARIABLE_SCOPE_BEGIN|[47]|this|SObjectUtility|true|false
17:22:56.404 (404277120)|VARIABLE_ASSIGNMENT|[47]|this|{"childrenMap":"0x278a1ae0"}|0x2e6e6ac6
17:22:56.404 (404283740)|VARIABLE_SCOPE_BEGIN|[47]|field|String|false|false
17:22:56.404 (404291902)|VARIABLE_ASSIGNMENT|[47]|field|"risk__scoring_scheme (3 more) ..."
17:22:56.404 (404295941)|VARIABLE_SCOPE_BEGIN|[47]|parentId|String|false|false
17:22:56.404 (404301461)|VARIABLE_ASSIGNMENT|[47]|parentId|"a0u58000000PNVUAA4"
17:22:56.404 (404305495)|VARIABLE_SCOPE_BEGIN|[47]|objMap|Map<String,SObject>|true|false
17:22:56.404 (404327498)|VARIABLE_ASSIGNMENT|[47]|objMap|{"s":1,"v":{"0uJlEmxK46y2Ng1XUz":{"Name":"Cost IC","Risk__Type_of_Risk__ (1 more) ...":"Cost"},"3BsFSOJ4qEMlNzcAi5":{"Name":"Time IC","Risk__Type_of_Risk__ (1 more) ...":"Time"}}}|0x1acc8df1
17:22:56.404 (404340750)|HEAP_ALLOCATE|[48]|Bytes:5
17:22:56.404 (404346213)|STATEMENT_EXECUTE|[47]
17:22:56.404 (404348929)|STATEMENT_EXECUTE|[48]
17:22:56.404 (404351124)|STATEMENT_EXECUTE|[48]
17:22:56.404 (404356904)|HEAP_ALLOCATE|[49]|Bytes:4
17:22:56.404 (404411120)|HEAP_ALLOCATE|[49]|Bytes:48
17:22:56.404 (404440242)|HEAP_ALLOCATE|[49]|Bytes:8
17:22:56.404 (404475723)|HEAP_ALLOCATE|[49]|Bytes:5
17:22:56.404 (404494176)|VARIABLE_SCOPE_BEGIN|[49]|key|String|false|false
17:22:56.404 (404505836)|VARIABLE_ASSIGNMENT|[49]|key|"0uJlEmxK46y2Ng1XUz"
17:22:56.404 (404510749)|STATEMENT_EXECUTE|[49]
17:22:56.404 (404513303)|STATEMENT_EXECUTE|[50]
17:22:56.404 (404705146)|HEAP_ALLOCATE|[49]|Bytes:5
17:22:56.404 (404722183)|VARIABLE_SCOPE_BEGIN|[49]|key|String|false|false
17:22:56.404 (404733668)|VARIABLE_ASSIGNMENT|[49]|key|"3BsFSOJ4qEMlNzcAi5"
17:22:56.404 (404738235)|STATEMENT_EXECUTE|[49]
17:22:56.404 (404740765)|STATEMENT_EXECUTE|[50]
17:22:56.404 (404884925)|HEAP_ALLOCATE|[49]|Bytes:5
17:22:56.404 (404903655)|VARIABLE_ASSIGNMENT|[49]|key|null
17:22:56.404 (404909124)|STATEMENT_EXECUTE|[52]
17:22:56.404 (404918881)|METHOD_EXIT|[32]|01p58000000n6rI|SObjectUtility.buildRelationships(String, String, Map<String,SObject>)
17:22:56.404 (404955031)|HEAP_ALLOCATE|[EXTERNAL]|Bytes:-8
17:22:56.404 (404959995)|HEAP_ALLOCATE|[32]|Bytes:8
17:22:56.404 (404987611)|HEAP_ALLOCATE|[29]|Bytes:5
17:22:56.405 (405006468)|VARIABLE_ASSIGNMENT|[29]|relationshipKey|null
17:22:56.405 (405022204)|HEAP_ALLOCATE|[28]|Bytes:5
17:22:56.405 (405035564)|VARIABLE_ASSIGNMENT|[28]|key|null
17:22:56.405 (405083732)|HEAP_ALLOCATE|[37]|Bytes:48
17:22:56.405 (405117678)|STATEMENT_EXECUTE|[37]
17:22:56.405 (405121271)|STATEMENT_EXECUTE|[38]
17:22:56.405 (405130213)|METHOD_ENTRY|[38]|01p58000000n6rI|SObjectUtility.insertSObjects(Map<String,SObject>)
17:22:56.405 (405148964)|VARIABLE_SCOPE_BEGIN|[24]|this|SObjectUtility|true|false
17:22:56.405 (405173505)|VARIABLE_ASSIGNMENT|[24]|this|{"childrenMap":"0x278a1ae0"}|0x2e6e6ac6
17:22:56.405 (405178790)|VARIABLE_SCOPE_BEGIN|[24]|objMap|Map<String,SObject>|true|false
17:22:56.405 (405202860)|VARIABLE_ASSIGNMENT|[24]|objMap|{"s":1,"v":{"0uJlEmxK46y2Ng1XUz":{"Name":"Cost IC","Risk__Type_of_Risk__ (1 more) ...":"Cost","Risk__Scoring_Scheme (3 more) ...":"a0u58000000PNVUAA4"},"3BsFSOJ4qEMlNzcAi5":{"Name":"Time IC","Risk__Type_of_Risk__ (1 more) ...":"Time","Risk__Scoring_Scheme (3 more) ...":"a0u58000000PNVUAA4"}}}|0x53738d0c
17:22:56.405 (405215726)|HEAP_ALLOCATE|[25]|Bytes:5
17:22:56.405 (405220895)|STATEMENT_EXECUTE|[24]
17:22:56.405 (405223485)|STATEMENT_EXECUTE|[25]
17:22:56.405 (405225588)|STATEMENT_EXECUTE|[25]
17:22:56.405 (405227642)|STATEMENT_EXECUTE|[26]
17:22:56.405 (405233724)|HEAP_ALLOCATE|[26]|Bytes:4
17:22:56.405 (405240777)|VARIABLE_SCOPE_BEGIN|[26]|childMap|Map<String,SObject>|true|false
17:22:56.405 (405258182)|VARIABLE_ASSIGNMENT|[26]|childMap|{"s":1,"v":{}}|0x636fc940
17:22:56.405 (405263902)|STATEMENT_EXECUTE|[27]
17:22:56.405 (405281039)|HEAP_ALLOCATE|[EXTERNAL]|Bytes:12
17:22:56.405 (405293849)|HEAP_ALLOCATE|[27]|Bytes:198
17:22:56.405 (405327141)|DML_BEGIN|[27]|Op:Insert|Type:SObject|Rows:2
17:22:56.405 (405348959)|HEAP_ALLOCATE|[EXTERNAL]|Bytes:12
17:22:56.420 (420270701)|ENTERING_MANAGED_PKG|Risk
17:22:56.425 (425638859)|SOQL_EXECUTE_BEGIN|[19]|Aggregations:1|SELECT Id, (SELECT Risk__Order__c FROM Impact_Categories__r ORDER BY Order__c DESC NULLS FIRST LIMIT 1) FROM Scoring_Scheme__c WHERE Id = :tmpVar1
17:22:56.432 (432071580)|SOQL_EXECUTE_END|[19]|Rows:1
17:22:56.433 (433952461)|SOQL_EXECUTE_BEGIN|[64]|Aggregations:1|SELECT Id, (SELECT Id, Risk__Type_of_Risk__c FROM Impact_Categories__r) FROM Scoring_Scheme__c WHERE Id = :tmpVar1
17:22:56.437 (437470600)|SOQL_EXECUTE_END|[64]|Rows:1
17:22:56.471 (471146572)|DML_END|[27]
17:22:56.471 (471181499)|HEAP_ALLOCATE|[EXTERNAL]|Bytes:12
17:22:56.471 (471195690)|HEAP_ALLOCATE|[28]|Bytes:4
17:22:56.471 (471242512)|HEAP_ALLOCATE|[28]|Bytes:48
17:22:56.471 (471273620)|HEAP_ALLOCATE|[28]|Bytes:8
17:22:56.471 (471312069)|HEAP_ALLOCATE|[28]|Bytes:5
17:22:56.471 (471328920)|VARIABLE_SCOPE_BEGIN|[28]|key|String|false|false
17:22:56.471 (471345565)|VARIABLE_ASSIGNMENT|[28]|key|"0uJlEmxK46y2Ng1XUz"
17:22:56.471 (471351174)|STATEMENT_EXECUTE|[28]
17:22:56.471 (471356812)|HEAP_ALLOCATE|[29]|Bytes:4
17:22:56.471 (471393391)|HEAP_ALLOCATE|[29]|Bytes:31
17:22:56.471 (471420255)|HEAP_ALLOCATE|[29]|Bytes:4
17:22:56.471 (471452344)|HEAP_ALLOCATE|[29]|Bytes:5
17:22:56.471 (471478472)|VARIABLE_SCOPE_BEGIN|[29]|relationshipKey|String|false|false
17:22:56.471 (471503710)|VARIABLE_ASSIGNMENT|[29]|relationshipKey|"risk__scoring_scheme (3 more) ..."
17:22:56.471 (471511304)|STATEMENT_EXECUTE|[29]
17:22:56.471 (471596787)|STATEMENT_EXECUTE|[31]
17:22:56.471 (471630930)|HEAP_ALLOCATE|[29]|Bytes:5
17:22:56.471 (471658702)|VARIABLE_ASSIGNMENT|[29]|relationshipKey|null
17:22:56.471 (471675819)|HEAP_ALLOCATE|[28]|Bytes:5
17:22:56.471 (471695609)|VARIABLE_SCOPE_BEGIN|[28]|key|String|false|false
17:22:56.471 (471714328)|VARIABLE_ASSIGNMENT|[28]|key|"3BsFSOJ4qEMlNzcAi5"
17:22:56.471 (471723725)|STATEMENT_EXECUTE|[28]
17:22:56.471 (471732352)|HEAP_ALLOCATE|[29]|Bytes:4
17:22:56.471 (471773579)|HEAP_ALLOCATE|[29]|Bytes:31
17:22:56.471 (471800243)|HEAP_ALLOCATE|[29]|Bytes:4
17:22:56.471 (471837215)|HEAP_ALLOCATE|[29]|Bytes:5
17:22:56.471 (471853118)|VARIABLE_SCOPE_BEGIN|[29]|relationshipKey|String|false|false
17:22:56.471 (471868649)|VARIABLE_ASSIGNMENT|[29]|relationshipKey|"risk__scoring_scheme (3 more) ..."
17:22:56.471 (471873685)|STATEMENT_EXECUTE|[29]
17:22:56.471 (471922418)|STATEMENT_EXECUTE|[31]
17:22:56.471 (471938183)|HEAP_ALLOCATE|[29]|Bytes:5
17:22:56.471 (471954098)|VARIABLE_ASSIGNMENT|[29]|relationshipKey|null
17:22:56.471 (471970277)|HEAP_ALLOCATE|[28]|Bytes:5
17:22:56.471 (471985066)|VARIABLE_ASSIGNMENT|[28]|key|null
17:22:56.472 (472016237)|HEAP_ALLOCATE|[37]|Bytes:4
17:22:56.472 (472043310)|STATEMENT_EXECUTE|[37]
17:22:56.472 (472054783)|METHOD_EXIT|[38]|01p58000000n6rI|SObjectUtility.insertSObjects(Map<String,SObject>)
17:22:56.472 (472062817)|METHOD_EXIT|[7]|01p58000000n6rI|SObjectUtility.insertSObjects(Map<String,SObject>)
17:22:56.472 (472067013)|STATEMENT_EXECUTE|[8]
17:22:56.472 (472075124)|METHOD_EXIT|[20]|01p58000000n6rI|SObjectUtility.createSObjects(List<SObjectData>)
17:22:56.472 (472087048)|METHOD_EXIT|[34]|01p58000000n81u|ScoringSchemeHelper.create5x5ScoringScheme()
17:22:56.472 (472095701)|SYSTEM_MODE_EXIT|false
17:22:56.476 (476744257)|CUMULATIVE_LIMIT_USAGE
17:22:56.476 (476744257)|LIMIT_USAGE_FOR_NS|(default)|
  Number of SOQL queries: 0 out of 100
  Number of query rows: 0 out of 50000
  Number of SOSL queries: 0 out of 20
  Number of DML statements: 2 out of 150
  Number of DML rows: 3 out of 10000
  Maximum CPU time: 65 out of 10000
  Maximum heap size: 0 out of 6000000
  Number of callouts: 0 out of 100
  Number of Email Invocations: 0 out of 10
  Number of future calls: 0 out of 50
  Number of queueable jobs added to the queue: 0 out of 50
  Number of Mobile Apex push calls: 0 out of 10

17:22:56.476 (476744257)|LIMIT_USAGE_FOR_NS|Risk|
  Number of SOQL queries: 2 out of 100
  Number of query rows: 2 out of 50000
  Number of SOSL queries: 0 out of 20
  Number of DML statements: 0 out of 150
  Number of DML rows: 0 out of 10000
  Maximum CPU time: 0 out of 10000
  Maximum heap size: 0 out of 6000000
  Number of callouts: 0 out of 100
  Number of Email Invocations: 0 out of 10
  Number of future calls: 0 out of 50
  Number of queueable jobs added to the queue: 0 out of 50
  Number of Mobile Apex push calls: 0 out of 10

17:22:56.476 (476744257)|CUMULATIVE_LIMIT_USAGE_END

17:22:56.476 (476814744)|CODE_UNIT_FINISHED|execute_anonymous_apex
17:22:56.477 (477904779)|EXECUTION_FINISHED
