35.0 APEX_CODE,FINEST;APEX_PROFILING,INFO;CALLOUT,INFO;DB,INFO;SYSTEM,DEBUG;VALIDATION,INFO;VISUALFORCE,INFO;WORKFLOW,INFO
Execute Anonymous: /*SObjectData d = new SObjectData('Test_objects__c');
Execute Anonymous: d.addValuePair('Name', 'Parent');
Execute Anonymous: d.setParentField('Parent__c');
Execute Anonymous: 
Execute Anonymous: SObjectData d1 = new SObjectData('Test_objects__c');
Execute Anonymous: d1.addValuePair('Name', 'Child 1');
Execute Anonymous: d1.setParent(d);
Execute Anonymous: d1.setParentField('Parent__c');
Execute Anonymous: 
Execute Anonymous: SObjectData d2 = new SObjectData('Test_objects__c');
Execute Anonymous: d2.addValuePair('Name', 'Child 2');
Execute Anonymous: d2.setParent(d);
Execute Anonymous: d2.setParentField('Parent__c');
Execute Anonymous: 
Execute Anonymous: SObjectData d3 = new SObjectData('Test_objects__c');
Execute Anonymous: d3.addValuePair('Name', 'Child 3');
Execute Anonymous: d3.setParent(d);
Execute Anonymous: d3.setParentField('Parent__c');
Execute Anonymous: 
Execute Anonymous: d.addChild(d1);
Execute Anonymous: d.addChild(d2);
Execute Anonymous: d.addChild(d3);
Execute Anonymous: 
Execute Anonymous: SObjectData d4 = new SObjectData('Test_objects__c');
Execute Anonymous: d4.addValuePair('Name', 'Child 4');
Execute Anonymous: d4.setParent(d3);
Execute Anonymous: d4.setParentField('Parent__c');
Execute Anonymous: 
Execute Anonymous: d3.addChild(d4);
Execute Anonymous: 
Execute Anonymous: SObjectUtility h = new SObjectUtility();
Execute Anonymous: h.createSObjects(new List<SObjectData> { d} );*/
Execute Anonymous: 
Execute Anonymous: ScoringSchemeHelper.create5x5ScoringScheme();
17:18:00.187 (187462622)|EXECUTION_STARTED
17:18:00.187 (187477048)|CODE_UNIT_STARTED|[EXTERNAL]|execute_anonymous_apex
17:18:00.187 (187741415)|HEAP_ALLOCATE|[72]|Bytes:3
17:18:00.187 (187805132)|HEAP_ALLOCATE|[77]|Bytes:152
17:18:00.187 (187829225)|HEAP_ALLOCATE|[342]|Bytes:408
17:18:00.187 (187851875)|HEAP_ALLOCATE|[355]|Bytes:408
17:18:00.187 (187872976)|HEAP_ALLOCATE|[467]|Bytes:48
17:18:00.187 (187915570)|HEAP_ALLOCATE|[139]|Bytes:6
17:18:00.187 (187947625)|HEAP_ALLOCATE|[EXTERNAL]|Bytes:2
17:18:00.188 (188041327)|STATEMENT_EXECUTE|[1]
17:18:00.188 (188047376)|STATEMENT_EXECUTE|[34]
17:18:00.188 (188116314)|HEAP_ALLOCATE|[50]|Bytes:5
17:18:00.188 (188145402)|HEAP_ALLOCATE|[56]|Bytes:5
17:18:00.188 (188156723)|HEAP_ALLOCATE|[64]|Bytes:7
17:18:00.188 (188187401)|SYSTEM_MODE_ENTER|false
17:18:00.188 (188224369)|HEAP_ALLOCATE|[34]|Bytes:5
17:18:00.210 (210028161)|HEAP_ALLOCATE|[34]|Bytes:1
17:18:00.210 (210084955)|METHOD_ENTRY|[1]|01p58000000n81u|ScoringSchemeHelper.ScoringSchemeHelper()
17:18:00.210 (210093898)|STATEMENT_EXECUTE|[1]
17:18:00.210 (210101924)|STATEMENT_EXECUTE|[1]
17:18:00.210 (210123125)|HEAP_ALLOCATE|[34]|Bytes:5
17:18:00.210 (210138707)|METHOD_EXIT|[1]|ScoringSchemeHelper
17:18:00.210 (210190879)|METHOD_ENTRY|[34]|01p58000000n81u|ScoringSchemeHelper.create5x5ScoringScheme()
17:18:00.210 (210261841)|HEAP_ALLOCATE|[4]|Bytes:5
17:18:00.210 (210268980)|STATEMENT_EXECUTE|[3]
17:18:00.210 (210271705)|STATEMENT_EXECUTE|[4]
17:18:00.217 (217639417)|HEAP_ALLOCATE|[4]|Bytes:43
17:18:00.217 (217650383)|HEAP_ALLOCATE|[4]|Bytes:2
17:18:00.217 (217668185)|METHOD_ENTRY|[1]|01p58000000n6Fr|SObjectData.SObjectData()
17:18:00.217 (217673951)|STATEMENT_EXECUTE|[1]
17:18:00.217 (217678742)|STATEMENT_EXECUTE|[1]
17:18:00.217 (217685846)|HEAP_ALLOCATE|[4]|Bytes:5
17:18:00.217 (217696045)|METHOD_EXIT|[1]|SObjectData
17:18:00.217 (217797114)|HEAP_ALLOCATE|[4]|Bytes:24
17:18:00.217 (217806810)|HEAP_ALLOCATE|[4]|Bytes:23
17:18:00.217 (217826194)|CONSTRUCTOR_ENTRY|[4]|01p58000000n6Fr|<init>(String)
17:18:00.217 (217887138)|VARIABLE_SCOPE_BEGIN|[8]|this|SObjectData|true|false
17:18:00.217 (217957489)|VARIABLE_ASSIGNMENT|[8]|this|{}|0x43e89fc9
17:18:00.217 (217965119)|VARIABLE_SCOPE_BEGIN|[8]|sobjectType|String|false|false
17:18:00.217 (217980477)|VARIABLE_ASSIGNMENT|[8]|sobjectType|"Risk__Scoring_Scheme (3 more) ..."
17:18:00.217 (217989734)|HEAP_ALLOCATE|[2]|Bytes:5
17:18:00.217 (217995042)|STATEMENT_EXECUTE|[1]
17:18:00.217 (217999165)|HEAP_ALLOCATE|[2]|Bytes:5
17:18:00.218 (218002524)|STATEMENT_EXECUTE|[2]
17:18:00.218 (218014039)|HEAP_ALLOCATE|[2]|Bytes:4
17:18:00.218 (218065958)|VARIABLE_ASSIGNMENT|[2]|this.fieldMap|{"s":1,"v":{}}|0x43e89fc9
17:18:00.218 (218073349)|STATEMENT_EXECUTE|[3]
17:18:00.218 (218076158)|STATEMENT_EXECUTE|[4]
17:18:00.218 (218078237)|STATEMENT_EXECUTE|[5]
17:18:00.218 (218080345)|STATEMENT_EXECUTE|[6]
17:18:00.218 (218096994)|HEAP_ALLOCATE|[2]|Bytes:6
17:18:00.218 (218114607)|VARIABLE_SCOPE_BEGIN|[2]|this|System.ApexBaseClass|true|false
17:18:00.218 (218145199)|VARIABLE_ASSIGNMENT|[2]|this|{"fieldMap":"0x7132e6d0"}|0x43e89fc9
17:18:00.218 (218162683)|STATEMENT_EXECUTE|[8]
17:18:00.218 (218165567)|STATEMENT_EXECUTE|[9]
17:18:00.218 (218179546)|VARIABLE_ASSIGNMENT|[9]|this.sObjectType|"Risk__Scoring_Scheme (3 more) ..."|0x43e89fc9
17:18:00.218 (218194341)|CONSTRUCTOR_EXIT|[4]|01p58000000n6Fr|<init>(String)
17:18:00.218 (218200096)|VARIABLE_SCOPE_BEGIN|[4]|scoringScheme|SObjectData|true|false
17:18:00.218 (218222287)|VARIABLE_ASSIGNMENT|[4]|scoringScheme|{"fieldMap":"0x7132e6d0","sObjectType":"Risk__Scoring_Scheme (3 more) ..."}|0x43e89fc9
17:18:00.218 (218228748)|STATEMENT_EXECUTE|[5]
17:18:00.218 (218233292)|HEAP_ALLOCATE|[5]|Bytes:4
17:18:00.218 (218238256)|HEAP_ALLOCATE|[5]|Bytes:18
17:18:00.218 (218275134)|METHOD_ENTRY|[5]|01p58000000n6Fr|SObjectData.addValuePair(String, String)
17:18:00.218 (218309006)|VARIABLE_SCOPE_BEGIN|[65]|this|SObjectData|true|false
17:18:00.218 (218336150)|VARIABLE_ASSIGNMENT|[65]|this|{"fieldMap":"0x7132e6d0","sObjectType":"Risk__Scoring_Scheme (3 more) ..."}|0x43e89fc9
17:18:00.218 (218342784)|VARIABLE_SCOPE_BEGIN|[65]|field|String|false|false
17:18:00.218 (218349035)|VARIABLE_ASSIGNMENT|[65]|field|"Name"
17:18:00.218 (218352439)|VARIABLE_SCOPE_BEGIN|[65]|value|String|false|false
17:18:00.218 (218357575)|VARIABLE_ASSIGNMENT|[65]|value|"Scoring Scheme 5x5"
17:18:00.218 (218367077)|HEAP_ALLOCATE|[67]|Bytes:5
17:18:00.218 (218372126)|STATEMENT_EXECUTE|[65]
17:18:00.218 (218378150)|STATEMENT_EXECUTE|[67]
17:18:00.218 (218380659)|STATEMENT_EXECUTE|[70]
17:18:00.218 (218488691)|HEAP_ALLOCATE|[EXTERNAL]|Bytes:-4
17:18:00.218 (218518231)|METHOD_EXIT|[5]|01p58000000n6Fr|SObjectData.addValuePair(String, String)
17:18:00.218 (218524199)|STATEMENT_EXECUTE|[6]
17:18:00.218 (218529230)|HEAP_ALLOCATE|[6]|Bytes:12
17:18:00.218 (218534010)|HEAP_ALLOCATE|[6]|Bytes:15
17:18:00.218 (218543189)|METHOD_ENTRY|[6]|01p58000000n6Fr|SObjectData.addValuePair(String, String)
17:18:00.218 (218562379)|VARIABLE_SCOPE_BEGIN|[65]|this|SObjectData|true|false
17:18:00.218 (218589207)|VARIABLE_ASSIGNMENT|[65]|this|{"fieldMap":"0x7132e6d0","sObjectType":"Risk__Scoring_Scheme (3 more) ..."}|0x43e89fc9
17:18:00.218 (218594516)|VARIABLE_SCOPE_BEGIN|[65]|field|String|false|false
17:18:00.218 (218600548)|VARIABLE_ASSIGNMENT|[65]|field|"RecordTypeId"
17:18:00.218 (218603365)|VARIABLE_SCOPE_BEGIN|[65]|value|String|false|false
17:18:00.218 (218608325)|VARIABLE_ASSIGNMENT|[65]|value|"012580000000H5p"
17:18:00.218 (218617083)|HEAP_ALLOCATE|[67]|Bytes:5
17:18:00.218 (218621928)|STATEMENT_EXECUTE|[65]
17:18:00.218 (218625868)|STATEMENT_EXECUTE|[67]
17:18:00.218 (218628177)|STATEMENT_EXECUTE|[70]
17:18:00.218 (218649547)|HEAP_ALLOCATE|[EXTERNAL]|Bytes:-4
17:18:00.218 (218668789)|METHOD_EXIT|[6]|01p58000000n6Fr|SObjectData.addValuePair(String, String)
17:18:00.218 (218674238)|STATEMENT_EXECUTE|[8]
17:18:00.218 (218680177)|HEAP_ALLOCATE|[8]|Bytes:24
17:18:00.218 (218685024)|HEAP_ALLOCATE|[8]|Bytes:24
17:18:00.218 (218693858)|CONSTRUCTOR_ENTRY|[8]|01p58000000n6Fr|<init>(String)
17:18:00.218 (218715470)|VARIABLE_SCOPE_BEGIN|[8]|this|SObjectData|true|false
17:18:00.218 (218736284)|VARIABLE_ASSIGNMENT|[8]|this|{}|0x51e3b184
17:18:00.218 (218740876)|VARIABLE_SCOPE_BEGIN|[8]|sobjectType|String|false|false
17:18:00.218 (218748997)|VARIABLE_ASSIGNMENT|[8]|sobjectType|"Risk__Impact_Categor (4 more) ..."
17:18:00.218 (218757137)|HEAP_ALLOCATE|[2]|Bytes:5
17:18:00.218 (218761945)|STATEMENT_EXECUTE|[1]
17:18:00.218 (218765784)|HEAP_ALLOCATE|[2]|Bytes:5
17:18:00.218 (218769035)|STATEMENT_EXECUTE|[2]
17:18:00.218 (218775691)|HEAP_ALLOCATE|[2]|Bytes:4
17:18:00.218 (218798290)|VARIABLE_ASSIGNMENT|[2]|this.fieldMap|{"s":1,"v":{}}|0x51e3b184
17:18:00.218 (218804390)|STATEMENT_EXECUTE|[3]
17:18:00.218 (218807258)|STATEMENT_EXECUTE|[4]
17:18:00.218 (218809369)|STATEMENT_EXECUTE|[5]
17:18:00.218 (218811409)|STATEMENT_EXECUTE|[6]
17:18:00.218 (218819824)|VARIABLE_SCOPE_BEGIN|[2]|this|System.ApexBaseClass|true|false
17:18:00.218 (218839879)|VARIABLE_ASSIGNMENT|[2]|this|{"fieldMap":"0x464eb34a"}|0x51e3b184
17:18:00.218 (218849230)|STATEMENT_EXECUTE|[8]
17:18:00.218 (218851826)|STATEMENT_EXECUTE|[9]
17:18:00.218 (218862953)|VARIABLE_ASSIGNMENT|[9]|this.sObjectType|"Risk__Impact_Categor (4 more) ..."|0x51e3b184
17:18:00.218 (218874768)|CONSTRUCTOR_EXIT|[8]|01p58000000n6Fr|<init>(String)
17:18:00.218 (218879462)|VARIABLE_SCOPE_BEGIN|[8]|costIC|SObjectData|true|false
17:18:00.218 (218899789)|VARIABLE_ASSIGNMENT|[8]|costIC|{"fieldMap":"0x464eb34a","sObjectType":"Risk__Impact_Categor (4 more) ..."}|0x51e3b184
17:18:00.218 (218905603)|STATEMENT_EXECUTE|[9]
17:18:00.218 (218911103)|HEAP_ALLOCATE|[9]|Bytes:7
17:18:00.218 (218921603)|METHOD_ENTRY|[9]|01p58000000n6Fr|SObjectData.addValuePair(String, String)
17:18:00.218 (218940854)|VARIABLE_SCOPE_BEGIN|[65]|this|SObjectData|true|false
17:18:00.218 (218965129)|VARIABLE_ASSIGNMENT|[65]|this|{"fieldMap":"0x464eb34a","sObjectType":"Risk__Impact_Categor (4 more) ..."}|0x51e3b184
17:18:00.218 (218971040)|VARIABLE_SCOPE_BEGIN|[65]|field|String|false|false
17:18:00.218 (218976523)|VARIABLE_ASSIGNMENT|[65]|field|"Name"
17:18:00.218 (218979329)|VARIABLE_SCOPE_BEGIN|[65]|value|String|false|false
17:18:00.218 (218984134)|VARIABLE_ASSIGNMENT|[65]|value|"Cost IC"
17:18:00.218 (218992401)|HEAP_ALLOCATE|[67]|Bytes:5
17:18:00.218 (218997082)|STATEMENT_EXECUTE|[65]
17:18:00.219 (219000465)|STATEMENT_EXECUTE|[67]
17:18:00.219 (219003786)|STATEMENT_EXECUTE|[70]
17:18:00.219 (219025415)|HEAP_ALLOCATE|[EXTERNAL]|Bytes:-4
17:18:00.219 (219044576)|METHOD_EXIT|[9]|01p58000000n6Fr|SObjectData.addValuePair(String, String)
17:18:00.219 (219049812)|STATEMENT_EXECUTE|[10]
17:18:00.219 (219054748)|HEAP_ALLOCATE|[10]|Bytes:21
17:18:00.219 (219058845)|HEAP_ALLOCATE|[10]|Bytes:4
17:18:00.219 (219067478)|METHOD_ENTRY|[10]|01p58000000n6Fr|SObjectData.addValuePair(String, String)
17:18:00.219 (219085792)|VARIABLE_SCOPE_BEGIN|[65]|this|SObjectData|true|false
17:18:00.219 (219110884)|VARIABLE_ASSIGNMENT|[65]|this|{"fieldMap":"0x464eb34a","sObjectType":"Risk__Impact_Categor (4 more) ..."}|0x51e3b184
17:18:00.219 (219116812)|VARIABLE_SCOPE_BEGIN|[65]|field|String|false|false
17:18:00.219 (219123867)|VARIABLE_ASSIGNMENT|[65]|field|"Risk__Type_Of_Risk__ (1 more) ..."
17:18:00.219 (219131334)|VARIABLE_SCOPE_BEGIN|[65]|value|String|false|false
17:18:00.219 (219136919)|VARIABLE_ASSIGNMENT|[65]|value|"Cost"
17:18:00.219 (219145253)|HEAP_ALLOCATE|[67]|Bytes:5
17:18:00.219 (219150017)|STATEMENT_EXECUTE|[65]
17:18:00.219 (219153494)|STATEMENT_EXECUTE|[67]
17:18:00.219 (219156314)|STATEMENT_EXECUTE|[70]
17:18:00.219 (219177272)|HEAP_ALLOCATE|[EXTERNAL]|Bytes:-4
17:18:00.219 (219195531)|METHOD_EXIT|[10]|01p58000000n6Fr|SObjectData.addValuePair(String, String)
17:18:00.219 (219200464)|STATEMENT_EXECUTE|[12]
17:18:00.219 (219206190)|HEAP_ALLOCATE|[12]|Bytes:24
17:18:00.219 (219215534)|CONSTRUCTOR_ENTRY|[12]|01p58000000n6Fr|<init>(String)
17:18:00.219 (219236905)|VARIABLE_SCOPE_BEGIN|[8]|this|SObjectData|true|false
17:18:00.219 (219257302)|VARIABLE_ASSIGNMENT|[8]|this|{}|0x7f1e3a94
17:18:00.219 (219261943)|VARIABLE_SCOPE_BEGIN|[8]|sobjectType|String|false|false
17:18:00.219 (219269737)|VARIABLE_ASSIGNMENT|[8]|sobjectType|"Risk__Impact_Categor (4 more) ..."
17:18:00.219 (219277876)|HEAP_ALLOCATE|[2]|Bytes:5
17:18:00.219 (219282852)|STATEMENT_EXECUTE|[1]
17:18:00.219 (219289521)|HEAP_ALLOCATE|[2]|Bytes:5
17:18:00.219 (219295095)|STATEMENT_EXECUTE|[2]
17:18:00.219 (219302334)|HEAP_ALLOCATE|[2]|Bytes:4
17:18:00.219 (219325165)|VARIABLE_ASSIGNMENT|[2]|this.fieldMap|{"s":1,"v":{}}|0x7f1e3a94
17:18:00.219 (219331049)|STATEMENT_EXECUTE|[3]
17:18:00.219 (219333779)|STATEMENT_EXECUTE|[4]
17:18:00.219 (219335894)|STATEMENT_EXECUTE|[5]
17:18:00.219 (219337998)|STATEMENT_EXECUTE|[6]
17:18:00.219 (219345922)|VARIABLE_SCOPE_BEGIN|[2]|this|System.ApexBaseClass|true|false
17:18:00.219 (219366017)|VARIABLE_ASSIGNMENT|[2]|this|{"fieldMap":"0x4c7902de"}|0x7f1e3a94
17:18:00.219 (219375311)|STATEMENT_EXECUTE|[8]
17:18:00.219 (219378074)|STATEMENT_EXECUTE|[9]
17:18:00.219 (219388820)|VARIABLE_ASSIGNMENT|[9]|this.sObjectType|"Risk__Impact_Categor (4 more) ..."|0x7f1e3a94
17:18:00.219 (219400313)|CONSTRUCTOR_EXIT|[12]|01p58000000n6Fr|<init>(String)
17:18:00.219 (219404976)|VARIABLE_SCOPE_BEGIN|[12]|timeIC|SObjectData|true|false
17:18:00.219 (219424932)|VARIABLE_ASSIGNMENT|[12]|timeIC|{"fieldMap":"0x4c7902de","sObjectType":"Risk__Impact_Categor (4 more) ..."}|0x7f1e3a94
17:18:00.219 (219431451)|STATEMENT_EXECUTE|[13]
17:18:00.219 (219441442)|METHOD_ENTRY|[13]|01p58000000n6Fr|SObjectData.addValuePair(String, String)
17:18:00.219 (219459961)|VARIABLE_SCOPE_BEGIN|[65]|this|SObjectData|true|false
17:18:00.219 (219483540)|VARIABLE_ASSIGNMENT|[65]|this|{"fieldMap":"0x4c7902de","sObjectType":"Risk__Impact_Categor (4 more) ..."}|0x7f1e3a94
17:18:00.219 (219489182)|VARIABLE_SCOPE_BEGIN|[65]|field|String|false|false
17:18:00.219 (219494813)|VARIABLE_ASSIGNMENT|[65]|field|"Name"
17:18:00.219 (219497665)|VARIABLE_SCOPE_BEGIN|[65]|value|String|false|false
17:18:00.219 (219502377)|VARIABLE_ASSIGNMENT|[65]|value|"Cost IC"
17:18:00.219 (219510413)|HEAP_ALLOCATE|[67]|Bytes:5
17:18:00.219 (219515095)|STATEMENT_EXECUTE|[65]
17:18:00.219 (219518425)|STATEMENT_EXECUTE|[67]
17:18:00.219 (219520651)|STATEMENT_EXECUTE|[70]
17:18:00.219 (219541482)|HEAP_ALLOCATE|[EXTERNAL]|Bytes:-4
17:18:00.219 (219560123)|METHOD_EXIT|[13]|01p58000000n6Fr|SObjectData.addValuePair(String, String)
17:18:00.219 (219565790)|STATEMENT_EXECUTE|[14]
17:18:00.219 (219570315)|HEAP_ALLOCATE|[14]|Bytes:4
17:18:00.219 (219579165)|METHOD_ENTRY|[14]|01p58000000n6Fr|SObjectData.addValuePair(String, String)
17:18:00.219 (219597058)|VARIABLE_SCOPE_BEGIN|[65]|this|SObjectData|true|false
17:18:00.219 (219621710)|VARIABLE_ASSIGNMENT|[65]|this|{"fieldMap":"0x4c7902de","sObjectType":"Risk__Impact_Categor (4 more) ..."}|0x7f1e3a94
17:18:00.219 (219627646)|VARIABLE_SCOPE_BEGIN|[65]|field|String|false|false
17:18:00.219 (219633946)|VARIABLE_ASSIGNMENT|[65]|field|"Risk__Type_Of_Risk__ (1 more) ..."
17:18:00.219 (219636944)|VARIABLE_SCOPE_BEGIN|[65]|value|String|false|false
17:18:00.219 (219641677)|VARIABLE_ASSIGNMENT|[65]|value|"Time"
17:18:00.219 (219649615)|HEAP_ALLOCATE|[67]|Bytes:5
17:18:00.219 (219654159)|STATEMENT_EXECUTE|[65]
17:18:00.219 (219657448)|STATEMENT_EXECUTE|[67]
17:18:00.219 (219659679)|STATEMENT_EXECUTE|[70]
17:18:00.219 (219988381)|HEAP_ALLOCATE|[EXTERNAL]|Bytes:-4
17:18:00.220 (220008671)|METHOD_EXIT|[14]|01p58000000n6Fr|SObjectData.addValuePair(String, String)
17:18:00.220 (220014812)|STATEMENT_EXECUTE|[16]
17:18:00.220 (220029754)|METHOD_ENTRY|[16]|01p58000000n6Fr|SObjectData.addChild(String, SObjectData)
17:18:00.220 (220055790)|VARIABLE_SCOPE_BEGIN|[40]|this|SObjectData|true|false
17:18:00.220 (220081232)|VARIABLE_ASSIGNMENT|[40]|this|{"fieldMap":"0x7132e6d0","sObjectType":"Risk__Scoring_Scheme (3 more) ..."}|0x43e89fc9
17:18:00.220 (220087709)|VARIABLE_SCOPE_BEGIN|[40]|field|String|false|false
17:18:00.220 (220094043)|VARIABLE_ASSIGNMENT|[40]|field|"Risk__Scoring_Scheme (3 more) ..."
17:18:00.220 (220097840)|VARIABLE_SCOPE_BEGIN|[40]|o|SObjectData|true|false
17:18:00.220 (220114169)|VARIABLE_ASSIGNMENT|[40]|o|{"fieldMap":"0x464eb34a","sObjectType":"Risk__Impact_Categor (4 more) ..."}|0x51e3b184
17:18:00.220 (220123911)|HEAP_ALLOCATE|[41]|Bytes:5
17:18:00.220 (220132834)|STATEMENT_EXECUTE|[40]
17:18:00.220 (220137639)|STATEMENT_EXECUTE|[41]
17:18:00.220 (220139903)|STATEMENT_EXECUTE|[42]
17:18:00.220 (220147113)|HEAP_ALLOCATE|[42]|Bytes:4
17:18:00.220 (220215632)|VARIABLE_ASSIGNMENT|[42]|this.children|{"s":1,"v":{}}|0x43e89fc9
17:18:00.220 (220285957)|STATEMENT_EXECUTE|[46]
17:18:00.220 (220291869)|STATEMENT_EXECUTE|[47]
17:18:00.220 (220349937)|HEAP_ALLOCATE|[47]|Bytes:4
17:18:00.220 (220477943)|HEAP_ALLOCATE|[EXTERNAL]|Bytes:8
17:18:00.220 (220483792)|HEAP_ALLOCATE|[EXTERNAL]|Bytes:-4
17:18:00.220 (220500245)|STATEMENT_EXECUTE|[49]
17:18:00.220 (220575265)|HEAP_ALLOCATE|[49]|Bytes:31
17:18:00.220 (220651690)|HEAP_ALLOCATE|[49]|Bytes:1
17:18:00.220 (220669242)|HEAP_ALLOCATE|[49]|Bytes:4
17:18:00.220 (220737892)|HEAP_ALLOCATE|[49]|Bytes:177
17:18:00.220 (220770029)|HEAP_ALLOCATE|[49]|Bytes:205
17:18:00.220 (220813434)|USER_DEBUG|[49]|DEBUG|1Risk__Scoring_Scheme__c :: {Risk__Scoring_Scheme__c=(SObjectData:[children=null, fieldMap={Name=Cost IC, Risk__Type_Of_Risk__c=Cost}, parent=null, parentField=null, sObjectType=Risk__Impact_Category__c])}
17:18:00.220 (220831756)|METHOD_EXIT|[16]|01p58000000n6Fr|SObjectData.addChild(String, SObjectData)
17:18:00.220 (220836893)|STATEMENT_EXECUTE|[17]
17:18:00.220 (220845873)|METHOD_ENTRY|[17]|01p58000000n6Fr|SObjectData.addChild(String, SObjectData)
17:18:00.220 (220864495)|VARIABLE_SCOPE_BEGIN|[40]|this|SObjectData|true|false
17:18:00.220 (220892933)|VARIABLE_ASSIGNMENT|[40]|this|{"children":"0x6320ab01","fieldMap":"0x7132e6d0","sObjectType":"Risk__Scoring_Scheme (3 more) ..."}|0x43e89fc9
17:18:00.220 (220899443)|VARIABLE_SCOPE_BEGIN|[40]|field|String|false|false
17:18:00.220 (220906061)|VARIABLE_ASSIGNMENT|[40]|field|"Risk__Scoring_Scheme (3 more) ..."
17:18:00.220 (220909240)|VARIABLE_SCOPE_BEGIN|[40]|o|SObjectData|true|false
17:18:00.220 (220925567)|VARIABLE_ASSIGNMENT|[40]|o|{"fieldMap":"0x4c7902de","sObjectType":"Risk__Impact_Categor (4 more) ..."}|0x7f1e3a94
17:18:00.220 (220935755)|HEAP_ALLOCATE|[41]|Bytes:5
17:18:00.220 (220940697)|STATEMENT_EXECUTE|[40]
17:18:00.220 (220944326)|STATEMENT_EXECUTE|[41]
17:18:00.220 (220971073)|STATEMENT_EXECUTE|[46]
17:18:00.220 (220974519)|STATEMENT_EXECUTE|[47]
17:18:00.220 (220979995)|HEAP_ALLOCATE|[47]|Bytes:4
17:18:00.221 (221011731)|HEAP_ALLOCATE|[EXTERNAL]|Bytes:8
17:18:00.221 (221035665)|STATEMENT_EXECUTE|[49]
17:18:00.221 (221063552)|HEAP_ALLOCATE|[49]|Bytes:31
17:18:00.221 (221100630)|HEAP_ALLOCATE|[49]|Bytes:1
17:18:00.221 (221158756)|HEAP_ALLOCATE|[49]|Bytes:177
17:18:00.221 (221184500)|HEAP_ALLOCATE|[49]|Bytes:205
17:18:00.221 (221200600)|USER_DEBUG|[49]|DEBUG|1Risk__Scoring_Scheme__c :: {Risk__Scoring_Scheme__c=(SObjectData:[children=null, fieldMap={Name=Cost IC, Risk__Type_Of_Risk__c=Time}, parent=null, parentField=null, sObjectType=Risk__Impact_Category__c])}
17:18:00.221 (221216288)|METHOD_EXIT|[17]|01p58000000n6Fr|SObjectData.addChild(String, SObjectData)
17:18:00.221 (221221430)|STATEMENT_EXECUTE|[19]
17:18:00.228 (228067358)|HEAP_ALLOCATE|[19]|Bytes:19
17:18:00.228 (228078375)|HEAP_ALLOCATE|[19]|Bytes:2
17:18:00.228 (228095787)|METHOD_ENTRY|[1]|01p58000000n6rI|SObjectUtility.SObjectUtility()
17:18:00.228 (228101730)|STATEMENT_EXECUTE|[1]
17:18:00.228 (228106654)|STATEMENT_EXECUTE|[1]
17:18:00.228 (228113693)|HEAP_ALLOCATE|[19]|Bytes:5
17:18:00.228 (228123724)|METHOD_EXIT|[1]|SObjectUtility
17:18:00.228 (228143112)|HEAP_ALLOCATE|[19]|Bytes:8
17:18:00.228 (228153915)|CONSTRUCTOR_ENTRY|[19]|01p58000000n6rI|<init>()
17:18:00.228 (228185569)|VARIABLE_SCOPE_BEGIN|[1]|this|SObjectUtility|true|false
17:18:00.228 (228211929)|VARIABLE_ASSIGNMENT|[1]|this|{}|0x72fbd729
17:18:00.228 (228221886)|HEAP_ALLOCATE|[3]|Bytes:5
17:18:00.228 (228230606)|VARIABLE_SCOPE_BEGIN|[2]|this|System.ApexBaseClass|true|false
17:18:00.228 (228247544)|VARIABLE_ASSIGNMENT|[2]|this|{}|0x72fbd729
17:18:00.228 (228259785)|STATEMENT_EXECUTE|[1]
17:18:00.228 (228265385)|HEAP_ALLOCATE|[3]|Bytes:5
17:18:00.228 (228269294)|STATEMENT_EXECUTE|[3]
17:18:00.228 (228276666)|HEAP_ALLOCATE|[3]|Bytes:4
17:18:00.228 (228309498)|VARIABLE_ASSIGNMENT|[3]|this.childrenMap|{"s":1,"v":{}}|0x72fbd729
17:18:00.228 (228321788)|CONSTRUCTOR_EXIT|[19]|01p58000000n6rI|<init>()
17:18:00.228 (228326693)|VARIABLE_SCOPE_BEGIN|[19]|su|SObjectUtility|true|false
17:18:00.228 (228347003)|VARIABLE_ASSIGNMENT|[19]|su|{"childrenMap":"0x7ba32a04"}|0x72fbd729
17:18:00.228 (228353234)|STATEMENT_EXECUTE|[20]
17:18:00.228 (228359591)|HEAP_ALLOCATE|[20]|Bytes:4
17:18:00.228 (228416707)|METHOD_ENTRY|[20]|01p58000000n6rI|SObjectUtility.createSObjects(List<SObjectData>)
17:18:00.228 (228426798)|VARIABLE_SCOPE_BEGIN|[5]|this|SObjectUtility|true|false
17:18:00.228 (228448642)|VARIABLE_ASSIGNMENT|[5]|this|{"childrenMap":"0x7ba32a04"}|0x72fbd729
17:18:00.228 (228455186)|VARIABLE_SCOPE_BEGIN|[5]|dataList|List<SObjectData>|true|false
17:18:00.228 (228465561)|HEAP_ALLOCATE|[EXTERNAL]|Bytes:8
17:18:00.228 (228495829)|VARIABLE_ASSIGNMENT|[5]|dataList|{"s":1,"v":[{"children":"0x6320ab01","fieldMap":"0x7132e6d0","sObjectType":"Risk__Scoring_Scheme (3 more) ..."}]}|0x464d0b91
17:18:00.228 (228508643)|HEAP_ALLOCATE|[6]|Bytes:5
17:18:00.228 (228513730)|STATEMENT_EXECUTE|[5]
17:18:00.228 (228516342)|STATEMENT_EXECUTE|[6]
17:18:00.228 (228537252)|METHOD_ENTRY|[6]|01p58000000n6rI|SObjectUtility.createRoot(List<SObjectData>)
17:18:00.228 (228597751)|VARIABLE_SCOPE_BEGIN|[58]|this|SObjectUtility|true|false
17:18:00.228 (228621080)|VARIABLE_ASSIGNMENT|[58]|this|{"childrenMap":"0x7ba32a04"}|0x72fbd729
17:18:00.228 (228627664)|VARIABLE_SCOPE_BEGIN|[58]|dataList|List<SObjectData>|true|false
17:18:00.228 (228651423)|VARIABLE_ASSIGNMENT|[58]|dataList|{"s":1,"v":[{"children":"0x6320ab01","fieldMap":"0x7132e6d0","sObjectType":"Risk__Scoring_Scheme (3 more) ..."}]}|0x464d0b91
17:18:00.228 (228663041)|HEAP_ALLOCATE|[59]|Bytes:5
17:18:00.228 (228668180)|STATEMENT_EXECUTE|[58]
17:18:00.228 (228670814)|STATEMENT_EXECUTE|[59]
17:18:00.228 (228678042)|HEAP_ALLOCATE|[59]|Bytes:4
17:18:00.228 (228689103)|VARIABLE_SCOPE_BEGIN|[59]|rootObjects|Map<String,SObject>|true|false
17:18:00.228 (228707985)|VARIABLE_ASSIGNMENT|[59]|rootObjects|{"s":1,"v":{}}|0x683af830
17:18:00.228 (228990893)|HEAP_ALLOCATE|[60]|Bytes:5
17:18:00.229 (229013506)|HEAP_ALLOCATE|[60]|Bytes:24
17:18:00.229 (229025712)|VARIABLE_SCOPE_BEGIN|[60]|obj|SObjectData|true|false
17:18:00.229 (229054922)|VARIABLE_ASSIGNMENT|[60]|obj|{"children":"0x6320ab01","fieldMap":"0x7132e6d0","sObjectType":"Risk__Scoring_Scheme (3 more) ..."}|0x43e89fc9
17:18:00.229 (229062793)|STATEMENT_EXECUTE|[60]
17:18:00.229 (229065875)|STATEMENT_EXECUTE|[61]
17:18:00.229 (229084573)|METHOD_ENTRY|[61]|01p58000000n6rI|SObjectUtility.generateRandomString(Integer)
17:18:00.229 (229109759)|HEAP_ALLOCATE|[97]|Bytes:4
17:18:00.229 (229116558)|VARIABLE_SCOPE_BEGIN|[96]|len|Integer|false|false
17:18:00.229 (229125273)|VARIABLE_ASSIGNMENT|[96]|len|18
17:18:00.229 (229134045)|HEAP_ALLOCATE|[97]|Bytes:5
17:18:00.229 (229138647)|STATEMENT_EXECUTE|[96]
17:18:00.229 (229141087)|STATEMENT_EXECUTE|[97]
17:18:00.229 (229144672)|HEAP_ALLOCATE|[97]|Bytes:62
17:18:00.229 (229149413)|VARIABLE_SCOPE_BEGIN|[97]|chars|String|false|false
17:18:00.229 (229158779)|VARIABLE_ASSIGNMENT|[97]|chars|"ABCDEFGHIJKLMNOPQRST (42 more) ..."
17:18:00.229 (229162418)|STATEMENT_EXECUTE|[98]
17:18:00.229 (229168975)|VARIABLE_SCOPE_BEGIN|[98]|randStr|String|false|false
17:18:00.229 (229175293)|VARIABLE_ASSIGNMENT|[98]|randStr|""
17:18:00.229 (229230121)|STATEMENT_EXECUTE|[99]
17:18:00.229 (229234376)|STATEMENT_EXECUTE|[100]
17:18:00.229 (229440942)|VARIABLE_SCOPE_BEGIN|[2]|Math.E|Double|false|true
17:18:00.229 (229448344)|VARIABLE_SCOPE_BEGIN|[3]|Math.PI|Double|false|true
17:18:00.229 (229710091)|VARIABLE_SCOPE_BEGIN|[100]|idx|Integer|false|false
17:18:00.229 (229716706)|HEAP_ALLOCATE|[100]|Bytes:4
17:18:00.229 (229726228)|VARIABLE_ASSIGNMENT|[100]|idx|8
17:18:00.229 (229730501)|STATEMENT_EXECUTE|[101]
17:18:00.229 (229776975)|HEAP_ALLOCATE|[101]|Bytes:1
17:18:00.229 (229802784)|HEAP_ALLOCATE|[101]|Bytes:1
17:18:00.229 (229814197)|VARIABLE_ASSIGNMENT|[101]|randStr|"I"
17:18:00.229 (229835163)|STATEMENT_EXECUTE|[99]
17:18:00.229 (229838400)|STATEMENT_EXECUTE|[100]
17:18:00.229 (229934059)|VARIABLE_SCOPE_BEGIN|[100]|idx|Integer|false|false
17:18:00.229 (229939729)|HEAP_ALLOCATE|[100]|Bytes:4
17:18:00.229 (229948159)|VARIABLE_ASSIGNMENT|[100]|idx|12
17:18:00.229 (229951982)|STATEMENT_EXECUTE|[101]
17:18:00.229 (229975930)|HEAP_ALLOCATE|[101]|Bytes:1
17:18:00.229 (229993260)|HEAP_ALLOCATE|[101]|Bytes:2
17:18:00.230 (230003341)|VARIABLE_ASSIGNMENT|[101]|randStr|"IM"
17:18:00.230 (230023527)|STATEMENT_EXECUTE|[99]
17:18:00.230 (230026694)|STATEMENT_EXECUTE|[100]
17:18:00.230 (230124186)|VARIABLE_SCOPE_BEGIN|[100]|idx|Integer|false|false
17:18:00.230 (230129765)|HEAP_ALLOCATE|[100]|Bytes:4
17:18:00.230 (230138250)|VARIABLE_ASSIGNMENT|[100]|idx|4
17:18:00.230 (230141922)|STATEMENT_EXECUTE|[101]
17:18:00.230 (230165424)|HEAP_ALLOCATE|[101]|Bytes:1
17:18:00.230 (230182616)|HEAP_ALLOCATE|[101]|Bytes:3
17:18:00.230 (230192640)|VARIABLE_ASSIGNMENT|[101]|randStr|"IME"
17:18:00.230 (230211862)|STATEMENT_EXECUTE|[99]
17:18:00.230 (230214982)|STATEMENT_EXECUTE|[100]
17:18:00.230 (230309974)|VARIABLE_SCOPE_BEGIN|[100]|idx|Integer|false|false
17:18:00.230 (230315732)|HEAP_ALLOCATE|[100]|Bytes:4
17:18:00.230 (230324131)|VARIABLE_ASSIGNMENT|[100]|idx|0
17:18:00.230 (230327930)|STATEMENT_EXECUTE|[101]
17:18:00.230 (230351709)|HEAP_ALLOCATE|[101]|Bytes:1
17:18:00.230 (230368276)|HEAP_ALLOCATE|[101]|Bytes:4
17:18:00.230 (230378300)|VARIABLE_ASSIGNMENT|[101]|randStr|"IMEA"
17:18:00.230 (230397049)|STATEMENT_EXECUTE|[99]
17:18:00.230 (230400063)|STATEMENT_EXECUTE|[100]
17:18:00.230 (230504519)|VARIABLE_SCOPE_BEGIN|[100]|idx|Integer|false|false
17:18:00.230 (230510218)|HEAP_ALLOCATE|[100]|Bytes:4
17:18:00.230 (230518578)|VARIABLE_ASSIGNMENT|[100]|idx|56
17:18:00.230 (230522289)|STATEMENT_EXECUTE|[101]
17:18:00.230 (230545594)|HEAP_ALLOCATE|[101]|Bytes:1
17:18:00.230 (230562512)|HEAP_ALLOCATE|[101]|Bytes:5
17:18:00.230 (230572705)|VARIABLE_ASSIGNMENT|[101]|randStr|"IMEAu"
17:18:00.230 (230591461)|STATEMENT_EXECUTE|[99]
17:18:00.230 (230594530)|STATEMENT_EXECUTE|[100]
17:18:00.230 (230683581)|VARIABLE_SCOPE_BEGIN|[100]|idx|Integer|false|false
17:18:00.230 (230689001)|HEAP_ALLOCATE|[100]|Bytes:4
17:18:00.230 (230697097)|VARIABLE_ASSIGNMENT|[100]|idx|14
17:18:00.230 (230700619)|STATEMENT_EXECUTE|[101]
17:18:00.230 (230723205)|HEAP_ALLOCATE|[101]|Bytes:1
17:18:00.230 (230739665)|HEAP_ALLOCATE|[101]|Bytes:6
17:18:00.230 (230749718)|VARIABLE_ASSIGNMENT|[101]|randStr|"IMEAuO"
17:18:00.230 (230768416)|STATEMENT_EXECUTE|[99]
17:18:00.230 (230771397)|STATEMENT_EXECUTE|[100]
17:18:00.230 (230860582)|VARIABLE_SCOPE_BEGIN|[100]|idx|Integer|false|false
17:18:00.230 (230866178)|HEAP_ALLOCATE|[100]|Bytes:4
17:18:00.230 (230874377)|VARIABLE_ASSIGNMENT|[100]|idx|13
17:18:00.230 (230878001)|STATEMENT_EXECUTE|[101]
17:18:00.230 (230900562)|HEAP_ALLOCATE|[101]|Bytes:1
17:18:00.230 (230917040)|HEAP_ALLOCATE|[101]|Bytes:7
17:18:00.230 (230927228)|VARIABLE_ASSIGNMENT|[101]|randStr|"IMEAuON"
17:18:00.230 (230945894)|STATEMENT_EXECUTE|[99]
17:18:00.230 (230948922)|STATEMENT_EXECUTE|[100]
17:18:00.231 (231040281)|VARIABLE_SCOPE_BEGIN|[100]|idx|Integer|false|false
17:18:00.231 (231046528)|HEAP_ALLOCATE|[100]|Bytes:4
17:18:00.231 (231054928)|VARIABLE_ASSIGNMENT|[100]|idx|40
17:18:00.231 (231058462)|STATEMENT_EXECUTE|[101]
17:18:00.231 (231081569)|HEAP_ALLOCATE|[101]|Bytes:1
17:18:00.231 (231098175)|HEAP_ALLOCATE|[101]|Bytes:8
17:18:00.231 (231108235)|VARIABLE_ASSIGNMENT|[101]|randStr|"IMEAuONe"
17:18:00.231 (231127156)|STATEMENT_EXECUTE|[99]
17:18:00.231 (231130192)|STATEMENT_EXECUTE|[100]
17:18:00.231 (231219437)|VARIABLE_SCOPE_BEGIN|[100]|idx|Integer|false|false
17:18:00.231 (231225097)|HEAP_ALLOCATE|[100]|Bytes:4
17:18:00.231 (231233357)|VARIABLE_ASSIGNMENT|[100]|idx|52
17:18:00.231 (231237024)|STATEMENT_EXECUTE|[101]
17:18:00.231 (231259858)|HEAP_ALLOCATE|[101]|Bytes:1
17:18:00.231 (231276198)|HEAP_ALLOCATE|[101]|Bytes:9
17:18:00.231 (231289984)|VARIABLE_ASSIGNMENT|[101]|randStr|"IMEAuONeq"
17:18:00.231 (231310150)|STATEMENT_EXECUTE|[99]
17:18:00.231 (231313291)|STATEMENT_EXECUTE|[100]
17:18:00.231 (231402634)|VARIABLE_SCOPE_BEGIN|[100]|idx|Integer|false|false
17:18:00.231 (231407885)|HEAP_ALLOCATE|[100]|Bytes:4
17:18:00.231 (231416161)|VARIABLE_ASSIGNMENT|[100]|idx|0
17:18:00.231 (231419761)|STATEMENT_EXECUTE|[101]
17:18:00.231 (231442848)|HEAP_ALLOCATE|[101]|Bytes:1
17:18:00.231 (231459625)|HEAP_ALLOCATE|[101]|Bytes:10
17:18:00.231 (231470001)|VARIABLE_ASSIGNMENT|[101]|randStr|"IMEAuONeqA"
17:18:00.231 (231488902)|STATEMENT_EXECUTE|[99]
17:18:00.231 (231491935)|STATEMENT_EXECUTE|[100]
17:18:00.231 (231581188)|VARIABLE_SCOPE_BEGIN|[100]|idx|Integer|false|false
17:18:00.231 (231586855)|HEAP_ALLOCATE|[100]|Bytes:4
17:18:00.231 (231595094)|VARIABLE_ASSIGNMENT|[100]|idx|19
17:18:00.231 (231598712)|STATEMENT_EXECUTE|[101]
17:18:00.231 (231621358)|HEAP_ALLOCATE|[101]|Bytes:1
17:18:00.231 (231638042)|HEAP_ALLOCATE|[101]|Bytes:11
17:18:00.231 (231648115)|VARIABLE_ASSIGNMENT|[101]|randStr|"IMEAuONeqAT"
17:18:00.231 (231666929)|STATEMENT_EXECUTE|[99]
17:18:00.231 (231670040)|STATEMENT_EXECUTE|[100]
17:18:00.231 (231758486)|VARIABLE_SCOPE_BEGIN|[100]|idx|Integer|false|false
17:18:00.231 (231763857)|HEAP_ALLOCATE|[100]|Bytes:4
17:18:00.231 (231771760)|VARIABLE_ASSIGNMENT|[100]|idx|35
17:18:00.231 (231775304)|STATEMENT_EXECUTE|[101]
17:18:00.231 (231797993)|HEAP_ALLOCATE|[101]|Bytes:1
17:18:00.231 (231814676)|HEAP_ALLOCATE|[101]|Bytes:12
17:18:00.231 (231824725)|VARIABLE_ASSIGNMENT|[101]|randStr|"IMEAuONeqAT9"
17:18:00.231 (231843367)|STATEMENT_EXECUTE|[99]
17:18:00.231 (231846389)|STATEMENT_EXECUTE|[100]
17:18:00.231 (231950780)|VARIABLE_SCOPE_BEGIN|[100]|idx|Integer|false|false
17:18:00.231 (231956514)|HEAP_ALLOCATE|[100]|Bytes:4
17:18:00.231 (231964856)|VARIABLE_ASSIGNMENT|[100]|idx|13
17:18:00.231 (231968526)|STATEMENT_EXECUTE|[101]
17:18:00.231 (231991596)|HEAP_ALLOCATE|[101]|Bytes:1
17:18:00.232 (232008274)|HEAP_ALLOCATE|[101]|Bytes:13
17:18:00.232 (232019387)|VARIABLE_ASSIGNMENT|[101]|randStr|"IMEAuONeqAT9N"
17:18:00.232 (232038553)|STATEMENT_EXECUTE|[99]
17:18:00.232 (232041680)|STATEMENT_EXECUTE|[100]
17:18:00.232 (232133498)|VARIABLE_SCOPE_BEGIN|[100]|idx|Integer|false|false
17:18:00.232 (232140899)|HEAP_ALLOCATE|[100]|Bytes:4
17:18:00.232 (232149816)|VARIABLE_ASSIGNMENT|[100]|idx|58
17:18:00.232 (232153571)|STATEMENT_EXECUTE|[101]
17:18:00.232 (232177783)|HEAP_ALLOCATE|[101]|Bytes:1
17:18:00.232 (232194367)|HEAP_ALLOCATE|[101]|Bytes:14
17:18:00.232 (232204636)|VARIABLE_ASSIGNMENT|[101]|randStr|"IMEAuONeqAT9Nw"
17:18:00.232 (232223950)|STATEMENT_EXECUTE|[99]
17:18:00.232 (232227001)|STATEMENT_EXECUTE|[100]
17:18:00.232 (232329365)|VARIABLE_SCOPE_BEGIN|[100]|idx|Integer|false|false
17:18:00.232 (232335237)|HEAP_ALLOCATE|[100]|Bytes:4
17:18:00.232 (232343889)|VARIABLE_ASSIGNMENT|[100]|idx|17
17:18:00.232 (232347708)|STATEMENT_EXECUTE|[101]
17:18:00.232 (232371333)|HEAP_ALLOCATE|[101]|Bytes:1
17:18:00.232 (232388273)|HEAP_ALLOCATE|[101]|Bytes:15
17:18:00.232 (232398591)|VARIABLE_ASSIGNMENT|[101]|randStr|"IMEAuONeqAT9NwR"
17:18:00.232 (232417602)|STATEMENT_EXECUTE|[99]
17:18:00.232 (232420699)|STATEMENT_EXECUTE|[100]
17:18:00.232 (232509915)|VARIABLE_SCOPE_BEGIN|[100]|idx|Integer|false|false
17:18:00.232 (232515292)|HEAP_ALLOCATE|[100]|Bytes:4
17:18:00.232 (232523599)|VARIABLE_ASSIGNMENT|[100]|idx|1
17:18:00.232 (232527286)|STATEMENT_EXECUTE|[101]
17:18:00.232 (232550219)|HEAP_ALLOCATE|[101]|Bytes:1
17:18:00.232 (232566926)|HEAP_ALLOCATE|[101]|Bytes:16
17:18:00.232 (232577354)|VARIABLE_ASSIGNMENT|[101]|randStr|"IMEAuONeqAT9NwRB"
17:18:00.232 (232596642)|STATEMENT_EXECUTE|[99]
17:18:00.232 (232599733)|STATEMENT_EXECUTE|[100]
17:18:00.232 (232689280)|VARIABLE_SCOPE_BEGIN|[100]|idx|Integer|false|false
17:18:00.232 (232695006)|HEAP_ALLOCATE|[100]|Bytes:4
17:18:00.232 (232703220)|VARIABLE_ASSIGNMENT|[100]|idx|33
17:18:00.232 (232706867)|STATEMENT_EXECUTE|[101]
17:18:00.232 (232729996)|HEAP_ALLOCATE|[101]|Bytes:1
17:18:00.232 (232746571)|HEAP_ALLOCATE|[101]|Bytes:17
17:18:00.232 (232757091)|VARIABLE_ASSIGNMENT|[101]|randStr|"IMEAuONeqAT9NwRB7"
17:18:00.232 (232776203)|STATEMENT_EXECUTE|[99]
17:18:00.232 (232779242)|STATEMENT_EXECUTE|[100]
17:18:00.232 (232869533)|VARIABLE_SCOPE_BEGIN|[100]|idx|Integer|false|false
17:18:00.232 (232875077)|HEAP_ALLOCATE|[100]|Bytes:4
17:18:00.232 (232883574)|VARIABLE_ASSIGNMENT|[100]|idx|25
17:18:00.232 (232887178)|STATEMENT_EXECUTE|[101]
17:18:00.232 (232909985)|HEAP_ALLOCATE|[101]|Bytes:1
17:18:00.232 (232926725)|HEAP_ALLOCATE|[101]|Bytes:18
17:18:00.232 (232937214)|VARIABLE_ASSIGNMENT|[101]|randStr|"IMEAuONeqAT9NwRB7Z"
17:18:00.232 (232957305)|STATEMENT_EXECUTE|[103]
17:18:00.232 (232966137)|METHOD_EXIT|[61]|01p58000000n6rI|SObjectUtility.generateRandomString(Integer)
17:18:00.232 (232971711)|VARIABLE_SCOPE_BEGIN|[61]|rId|String|false|false
17:18:00.232 (232980256)|VARIABLE_ASSIGNMENT|[61]|rId|"IMEAuONeqAT9NwRB7Z"
17:18:00.232 (232983816)|STATEMENT_EXECUTE|[62]
17:18:00.232 (232997076)|METHOD_ENTRY|[62]|01p58000000n6rI|SObjectUtility.createSObject(SObjectData)
17:18:00.233 (233025471)|VARIABLE_SCOPE_BEGIN|[11]|this|SObjectUtility|true|false
17:18:00.233 (233050866)|VARIABLE_ASSIGNMENT|[11]|this|{"childrenMap":"0x7ba32a04"}|0x72fbd729
17:18:00.233 (233057068)|VARIABLE_SCOPE_BEGIN|[11]|obj|SObjectData|true|false
17:18:00.233 (233078037)|VARIABLE_ASSIGNMENT|[11]|obj|{"children":"0x6320ab01","fieldMap":"0x7132e6d0","sObjectType":"Risk__Scoring_Scheme (3 more) ..."}|0x43e89fc9
17:18:00.233 (233089473)|HEAP_ALLOCATE|[12]|Bytes:5
17:18:00.233 (233094614)|STATEMENT_EXECUTE|[11]
17:18:00.441 (441407320)|HEAP_ALLOCATE|[12]|Bytes:1796
17:18:00.441 (441486666)|METHOD_ENTRY|[12]|01p58000000n6Fr|SObjectData.getSObjectType()
17:18:00.441 (441505694)|VARIABLE_SCOPE_BEGIN|[77]|this|SObjectData|true|false
17:18:00.441 (441589441)|VARIABLE_ASSIGNMENT|[77]|this|{"children":"0x6320ab01","fieldMap":"0x7132e6d0","sObjectType":"Risk__Scoring_Scheme (3 more) ..."}|0x43e89fc9
17:18:00.441 (441613580)|HEAP_ALLOCATE|[78]|Bytes:5
17:18:00.441 (441623822)|STATEMENT_EXECUTE|[77]
17:18:00.441 (441627021)|STATEMENT_EXECUTE|[78]
17:18:00.441 (441644225)|METHOD_EXIT|[12]|01p58000000n6Fr|SObjectData.getSObjectType()
17:18:00.441 (441706394)|STATEMENT_EXECUTE|[12]
17:18:00.441 (441710633)|STATEMENT_EXECUTE|[15]
17:18:00.445 (445226675)|HEAP_ALLOCATE|[15]|Bytes:1796
17:18:00.445 (445249156)|METHOD_ENTRY|[15]|01p58000000n6Fr|SObjectData.getSObjectType()
17:18:00.445 (445256075)|VARIABLE_SCOPE_BEGIN|[77]|this|SObjectData|true|false
17:18:00.445 (445286536)|VARIABLE_ASSIGNMENT|[77]|this|{"children":"0x6320ab01","fieldMap":"0x7132e6d0","sObjectType":"Risk__Scoring_Scheme (3 more) ..."}|0x43e89fc9
17:18:00.445 (445298340)|HEAP_ALLOCATE|[78]|Bytes:5
17:18:00.445 (445303548)|STATEMENT_EXECUTE|[77]
17:18:00.445 (445306319)|STATEMENT_EXECUTE|[78]
17:18:00.445 (445314820)|METHOD_EXIT|[15]|01p58000000n6Fr|SObjectData.getSObjectType()
17:18:00.445 (445582976)|HEAP_ALLOCATE|[15]|Bytes:4
17:18:00.445 (445599973)|VARIABLE_SCOPE_BEGIN|[15]|sObj|SObject|true|false
17:18:00.445 (445618908)|VARIABLE_ASSIGNMENT|[15]|sObj|{}|0x452663e7
17:18:00.445 (445638923)|HEAP_ALLOCATE|[16]|Bytes:4
17:18:00.445 (445693005)|METHOD_ENTRY|[16]|01p58000000n6Fr|SObjectData.getFieldMap()
17:18:00.445 (445702358)|VARIABLE_SCOPE_BEGIN|[73]|this|SObjectData|true|false
17:18:00.445 (445731329)|VARIABLE_ASSIGNMENT|[73]|this|{"children":"0x6320ab01","fieldMap":"0x7132e6d0","sObjectType":"Risk__Scoring_Scheme (3 more) ..."}|0x43e89fc9
17:18:00.445 (445744364)|HEAP_ALLOCATE|[74]|Bytes:5
17:18:00.445 (445749691)|STATEMENT_EXECUTE|[73]
17:18:00.445 (445752297)|STATEMENT_EXECUTE|[74]
17:18:00.445 (445761849)|METHOD_EXIT|[16]|01p58000000n6Fr|SObjectData.getFieldMap()
17:18:00.445 (445815197)|HEAP_ALLOCATE|[16]|Bytes:28
17:18:00.445 (445854734)|HEAP_ALLOCATE|[16]|Bytes:8
17:18:00.445 (445911641)|HEAP_ALLOCATE|[16]|Bytes:5
17:18:00.445 (445937826)|VARIABLE_SCOPE_BEGIN|[16]|field|String|false|false
17:18:00.445 (445949941)|VARIABLE_ASSIGNMENT|[16]|field|"Name"
17:18:00.445 (445954835)|STATEMENT_EXECUTE|[16]
17:18:00.445 (445957558)|STATEMENT_EXECUTE|[17]
17:18:00.445 (445966495)|METHOD_ENTRY|[17]|01p58000000n6Fr|SObjectData.getFieldMap()
17:18:00.445 (445994582)|VARIABLE_SCOPE_BEGIN|[73]|this|SObjectData|true|false
17:18:00.446 (446022577)|VARIABLE_ASSIGNMENT|[73]|this|{"children":"0x6320ab01","fieldMap":"0x7132e6d0","sObjectType":"Risk__Scoring_Scheme (3 more) ..."}|0x43e89fc9
17:18:00.446 (446034709)|HEAP_ALLOCATE|[74]|Bytes:5
17:18:00.446 (446039638)|STATEMENT_EXECUTE|[73]
17:18:00.446 (446042284)|STATEMENT_EXECUTE|[74]
17:18:00.446 (446051175)|METHOD_EXIT|[17]|01p58000000n6Fr|SObjectData.getFieldMap()
17:18:00.446 (446082380)|VARIABLE_SCOPE_BEGIN|[17]|value|String|false|false
17:18:00.446 (446093743)|VARIABLE_ASSIGNMENT|[17]|value|"Scoring Scheme 5x5"
17:18:00.446 (446098275)|STATEMENT_EXECUTE|[18]
17:18:00.455 (455328468)|HEAP_ALLOCATE|[16]|Bytes:5
17:18:00.455 (455348628)|VARIABLE_SCOPE_BEGIN|[16]|field|String|false|false
17:18:00.455 (455361191)|VARIABLE_ASSIGNMENT|[16]|field|"RecordTypeId"
17:18:00.455 (455366093)|STATEMENT_EXECUTE|[16]
17:18:00.455 (455368896)|STATEMENT_EXECUTE|[17]
17:18:00.455 (455375797)|METHOD_ENTRY|[17]|01p58000000n6Fr|SObjectData.getFieldMap()
17:18:00.455 (455381115)|VARIABLE_SCOPE_BEGIN|[73]|this|SObjectData|true|false
17:18:00.455 (455409422)|VARIABLE_ASSIGNMENT|[73]|this|{"children":"0x6320ab01","fieldMap":"0x7132e6d0","sObjectType":"Risk__Scoring_Scheme (3 more) ..."}|0x43e89fc9
17:18:00.455 (455421246)|HEAP_ALLOCATE|[74]|Bytes:5
17:18:00.455 (455426137)|STATEMENT_EXECUTE|[73]
17:18:00.455 (455428815)|STATEMENT_EXECUTE|[74]
17:18:00.455 (455437259)|METHOD_EXIT|[17]|01p58000000n6Fr|SObjectData.getFieldMap()
17:18:00.455 (455467084)|VARIABLE_SCOPE_BEGIN|[17]|value|String|false|false
17:18:00.455 (455478073)|VARIABLE_ASSIGNMENT|[17]|value|"012580000000H5p"
17:18:00.455 (455482803)|STATEMENT_EXECUTE|[18]
17:18:00.455 (455591445)|HEAP_ALLOCATE|[16]|Bytes:5
17:18:00.455 (455611900)|VARIABLE_ASSIGNMENT|[16]|field|null
17:18:00.455 (455617849)|STATEMENT_EXECUTE|[21]
17:18:00.455 (455627440)|METHOD_EXIT|[62]|01p58000000n6rI|SObjectUtility.createSObject(SObjectData)
17:18:00.455 (455662886)|HEAP_ALLOCATE|[EXTERNAL]|Bytes:-4
17:18:00.455 (455687325)|METHOD_ENTRY|[63]|01p58000000n6Fr|SObjectData.getChildren()
17:18:00.455 (455716527)|VARIABLE_SCOPE_BEGIN|[81]|this|SObjectData|true|false
17:18:00.455 (455746795)|VARIABLE_ASSIGNMENT|[81]|this|{"children":"0x6320ab01","fieldMap":"0x7132e6d0","sObjectType":"Risk__Scoring_Scheme (3 more) ..."}|0x43e89fc9
17:18:00.455 (455758883)|HEAP_ALLOCATE|[82]|Bytes:5
17:18:00.455 (455764122)|STATEMENT_EXECUTE|[81]
17:18:00.455 (455769909)|STATEMENT_EXECUTE|[82]
17:18:00.455 (455772757)|STATEMENT_EXECUTE|[85]
17:18:00.455 (455781029)|METHOD_EXIT|[63]|01p58000000n6Fr|SObjectData.getChildren()
17:18:00.455 (455806622)|STATEMENT_EXECUTE|[63]
17:18:00.455 (455809986)|STATEMENT_EXECUTE|[64]
17:18:00.455 (455818002)|METHOD_ENTRY|[64]|01p58000000n6Fr|SObjectData.getChildren()
17:18:00.455 (455836870)|VARIABLE_SCOPE_BEGIN|[81]|this|SObjectData|true|false
17:18:00.455 (455863938)|VARIABLE_ASSIGNMENT|[81]|this|{"children":"0x6320ab01","fieldMap":"0x7132e6d0","sObjectType":"Risk__Scoring_Scheme (3 more) ..."}|0x43e89fc9
17:18:00.455 (455875010)|HEAP_ALLOCATE|[82]|Bytes:5
17:18:00.455 (455879661)|STATEMENT_EXECUTE|[81]
17:18:00.455 (455883199)|STATEMENT_EXECUTE|[82]
17:18:00.455 (455885509)|STATEMENT_EXECUTE|[85]
17:18:00.455 (455892769)|METHOD_EXIT|[64]|01p58000000n6Fr|SObjectData.getChildren()
17:18:00.455 (455911486)|METHOD_ENTRY|[64]|01p58000000n6rI|SObjectUtility.createChildren(String, Map<String,List<SObjectData>>)
17:18:00.455 (455919350)|VARIABLE_SCOPE_BEGIN|[70]|this|SObjectUtility|true|false
17:18:00.455 (455941503)|VARIABLE_ASSIGNMENT|[70]|this|{"childrenMap":"0x7ba32a04"}|0x72fbd729
17:18:00.455 (455948053)|VARIABLE_SCOPE_BEGIN|[70]|parentId|String|false|false
17:18:00.455 (455955520)|VARIABLE_ASSIGNMENT|[70]|parentId|"IMEAuONeqAT9NwRB7Z"
17:18:00.455 (455959421)|VARIABLE_SCOPE_BEGIN|[70]|childMap|Map<String,List<SObjectData>>|true|false
17:18:00.456 (456003012)|VARIABLE_ASSIGNMENT|[70]|childMap|{"s":1,"v":{"Risk__Scoring_Scheme (3 more) ...":{"s":2,"v":[{"fieldMap":"0x4c7902de","sObjectType":"Risk__Impact_Categor (4 more) ..."}]}}}|0x6320ab01
17:18:00.456 (456016742)|HEAP_ALLOCATE|[72]|Bytes:5
17:18:00.456 (456021806)|STATEMENT_EXECUTE|[70]
17:18:00.456 (456028291)|HEAP_ALLOCATE|[72]|Bytes:4
17:18:00.456 (456084914)|HEAP_ALLOCATE|[72]|Bytes:31
17:18:00.456 (456114952)|HEAP_ALLOCATE|[72]|Bytes:4
17:18:00.456 (456155007)|HEAP_ALLOCATE|[72]|Bytes:5
17:18:00.456 (456173750)|VARIABLE_SCOPE_BEGIN|[72]|relationshipKey|String|false|false
17:18:00.456 (456186965)|VARIABLE_ASSIGNMENT|[72]|relationshipKey|"Risk__Scoring_Scheme (3 more) ..."
17:18:00.456 (456191984)|STATEMENT_EXECUTE|[72]
17:18:00.456 (456194500)|STATEMENT_EXECUTE|[73]
17:18:00.456 (456203810)|HEAP_ALLOCATE|[73]|Bytes:4
17:18:00.456 (456211857)|VARIABLE_SCOPE_BEGIN|[73]|childObjects|Map<String,SObject>|true|false
17:18:00.456 (456231062)|VARIABLE_ASSIGNMENT|[73]|childObjects|{"s":1,"v":{}}|0x11f11eb7
17:18:00.456 (456236564)|STATEMENT_EXECUTE|[74]
17:18:00.456 (456302003)|VARIABLE_SCOPE_BEGIN|[74]|childrenList|List<SObjectData>|true|false
17:18:00.456 (456336123)|VARIABLE_ASSIGNMENT|[74]|childrenList|{"s":1,"v":[{"fieldMap":"0x4c7902de","sObjectType":"Risk__Impact_Categor (4 more) ..."}]}|0xae54124
17:18:00.456 (456392138)|HEAP_ALLOCATE|[76]|Bytes:5
17:18:00.456 (456409952)|HEAP_ALLOCATE|[76]|Bytes:24
17:18:00.456 (456419362)|VARIABLE_SCOPE_BEGIN|[76]|obj|SObjectData|true|false
17:18:00.456 (456445543)|VARIABLE_ASSIGNMENT|[76]|obj|{"fieldMap":"0x4c7902de","sObjectType":"Risk__Impact_Categor (4 more) ..."}|0x7f1e3a94
17:18:00.456 (456452439)|STATEMENT_EXECUTE|[76]
17:18:00.456 (456455009)|STATEMENT_EXECUTE|[77]
17:18:00.456 (456464330)|METHOD_ENTRY|[77]|01p58000000n6Fr|SObjectData.getFieldMap()
17:18:00.456 (456483014)|VARIABLE_SCOPE_BEGIN|[73]|this|SObjectData|true|false
17:18:00.456 (456507356)|VARIABLE_ASSIGNMENT|[73]|this|{"fieldMap":"0x4c7902de","sObjectType":"Risk__Impact_Categor (4 more) ..."}|0x7f1e3a94
17:18:00.456 (456517840)|HEAP_ALLOCATE|[74]|Bytes:5
17:18:00.456 (456522451)|STATEMENT_EXECUTE|[73]
17:18:00.456 (456524897)|STATEMENT_EXECUTE|[74]
17:18:00.456 (456532853)|METHOD_EXIT|[77]|01p58000000n6Fr|SObjectData.getFieldMap()
17:18:00.456 (456565703)|HEAP_ALLOCATE|[77]|Bytes:8
17:18:00.456 (456578938)|HEAP_ALLOCATE|[77]|Bytes:15
17:18:00.456 (456606901)|USER_DEBUG|[77]|DEBUG|Cost IC Created
17:18:00.456 (456617457)|STATEMENT_EXECUTE|[78]
17:18:00.456 (456628593)|METHOD_ENTRY|[78]|01p58000000n6rI|SObjectUtility.generateRandomString(Integer)
17:18:00.456 (456649137)|HEAP_ALLOCATE|[97]|Bytes:4
17:18:00.456 (456654996)|VARIABLE_SCOPE_BEGIN|[96]|len|Integer|false|false
17:18:00.456 (456664176)|VARIABLE_ASSIGNMENT|[96]|len|18
17:18:00.456 (456672438)|HEAP_ALLOCATE|[97]|Bytes:5
17:18:00.456 (456677139)|STATEMENT_EXECUTE|[96]
17:18:00.456 (456679738)|STATEMENT_EXECUTE|[97]
17:18:00.456 (456685009)|VARIABLE_SCOPE_BEGIN|[97]|chars|String|false|false
17:18:00.456 (456694479)|VARIABLE_ASSIGNMENT|[97]|chars|"ABCDEFGHIJKLMNOPQRST (42 more) ..."
17:18:00.456 (456698123)|STATEMENT_EXECUTE|[98]
17:18:00.456 (456701822)|VARIABLE_SCOPE_BEGIN|[98]|randStr|String|false|false
17:18:00.456 (456708640)|VARIABLE_ASSIGNMENT|[98]|randStr|""
17:18:00.456 (456735546)|STATEMENT_EXECUTE|[99]
17:18:00.456 (456738927)|STATEMENT_EXECUTE|[100]
17:18:00.456 (456881065)|VARIABLE_SCOPE_BEGIN|[100]|idx|Integer|false|false
17:18:00.456 (456887430)|HEAP_ALLOCATE|[100]|Bytes:4
17:18:00.456 (456896360)|VARIABLE_ASSIGNMENT|[100]|idx|53
17:18:00.456 (456900348)|STATEMENT_EXECUTE|[101]
17:18:00.456 (456928924)|HEAP_ALLOCATE|[101]|Bytes:1
17:18:00.456 (456948124)|HEAP_ALLOCATE|[101]|Bytes:1
17:18:00.456 (456958284)|VARIABLE_ASSIGNMENT|[101]|randStr|"r"
17:18:00.456 (456977830)|STATEMENT_EXECUTE|[99]
17:18:00.456 (456980905)|STATEMENT_EXECUTE|[100]
17:18:00.457 (457075953)|VARIABLE_SCOPE_BEGIN|[100]|idx|Integer|false|false
17:18:00.457 (457082368)|HEAP_ALLOCATE|[100]|Bytes:4
17:18:00.457 (457090698)|VARIABLE_ASSIGNMENT|[100]|idx|14
17:18:00.457 (457094564)|STATEMENT_EXECUTE|[101]
17:18:00.457 (457118085)|HEAP_ALLOCATE|[101]|Bytes:1
17:18:00.457 (457134882)|HEAP_ALLOCATE|[101]|Bytes:2
17:18:00.457 (457144795)|VARIABLE_ASSIGNMENT|[101]|randStr|"rO"
17:18:00.457 (457163853)|STATEMENT_EXECUTE|[99]
17:18:00.457 (457166922)|STATEMENT_EXECUTE|[100]
17:18:00.457 (457258188)|VARIABLE_SCOPE_BEGIN|[100]|idx|Integer|false|false
17:18:00.457 (457263747)|HEAP_ALLOCATE|[100]|Bytes:4
17:18:00.457 (457271796)|VARIABLE_ASSIGNMENT|[100]|idx|60
17:18:00.457 (457275474)|STATEMENT_EXECUTE|[101]
17:18:00.457 (457305065)|HEAP_ALLOCATE|[101]|Bytes:1
17:18:00.457 (457323478)|HEAP_ALLOCATE|[101]|Bytes:3
17:18:00.457 (457333848)|VARIABLE_ASSIGNMENT|[101]|randStr|"rOy"
17:18:00.457 (457353124)|STATEMENT_EXECUTE|[99]
17:18:00.457 (457356213)|STATEMENT_EXECUTE|[100]
17:18:00.457 (457447216)|VARIABLE_SCOPE_BEGIN|[100]|idx|Integer|false|false
17:18:00.457 (457452547)|HEAP_ALLOCATE|[100]|Bytes:4
17:18:00.457 (457460879)|VARIABLE_ASSIGNMENT|[100]|idx|1
17:18:00.457 (457464571)|STATEMENT_EXECUTE|[101]
17:18:00.457 (457487490)|HEAP_ALLOCATE|[101]|Bytes:1
17:18:00.457 (457504561)|HEAP_ALLOCATE|[101]|Bytes:4
17:18:00.457 (457515088)|VARIABLE_ASSIGNMENT|[101]|randStr|"rOyB"
17:18:00.457 (457533888)|STATEMENT_EXECUTE|[99]
17:18:00.457 (457536938)|STATEMENT_EXECUTE|[100]
17:18:00.457 (457632148)|VARIABLE_SCOPE_BEGIN|[100]|idx|Integer|false|false
17:18:00.457 (457637902)|HEAP_ALLOCATE|[100]|Bytes:4
17:18:00.457 (457646232)|VARIABLE_ASSIGNMENT|[100]|idx|7
17:18:00.457 (457649894)|STATEMENT_EXECUTE|[101]
17:18:00.457 (457672722)|HEAP_ALLOCATE|[101]|Bytes:1
17:18:00.457 (457689482)|HEAP_ALLOCATE|[101]|Bytes:5
17:18:00.457 (457699993)|VARIABLE_ASSIGNMENT|[101]|randStr|"rOyBH"
17:18:00.457 (457718913)|STATEMENT_EXECUTE|[99]
17:18:00.457 (457721997)|STATEMENT_EXECUTE|[100]
17:18:00.457 (457811752)|VARIABLE_SCOPE_BEGIN|[100]|idx|Integer|false|false
17:18:00.457 (457817146)|HEAP_ALLOCATE|[100]|Bytes:4
17:18:00.457 (457825225)|VARIABLE_ASSIGNMENT|[100]|idx|1
17:18:00.457 (457828902)|STATEMENT_EXECUTE|[101]
17:18:00.457 (457851937)|HEAP_ALLOCATE|[101]|Bytes:1
17:18:00.457 (457868803)|HEAP_ALLOCATE|[101]|Bytes:6
17:18:00.457 (457878854)|VARIABLE_ASSIGNMENT|[101]|randStr|"rOyBHB"
17:18:00.457 (457897303)|STATEMENT_EXECUTE|[99]
17:18:00.457 (457900437)|STATEMENT_EXECUTE|[100]
17:18:00.457 (457990334)|VARIABLE_SCOPE_BEGIN|[100]|idx|Integer|false|false
17:18:00.457 (457995754)|HEAP_ALLOCATE|[100]|Bytes:4
17:18:00.458 (458003831)|VARIABLE_ASSIGNMENT|[100]|idx|42
17:18:00.458 (458008431)|STATEMENT_EXECUTE|[101]
17:18:00.458 (458031862)|HEAP_ALLOCATE|[101]|Bytes:1
17:18:00.458 (458048602)|HEAP_ALLOCATE|[101]|Bytes:7
17:18:00.458 (458059045)|VARIABLE_ASSIGNMENT|[101]|randStr|"rOyBHBg"
17:18:00.458 (458078181)|STATEMENT_EXECUTE|[99]
17:18:00.458 (458081276)|STATEMENT_EXECUTE|[100]
17:18:00.458 (458170935)|VARIABLE_SCOPE_BEGIN|[100]|idx|Integer|false|false
17:18:00.458 (458176341)|HEAP_ALLOCATE|[100]|Bytes:4
17:18:00.458 (458184443)|VARIABLE_ASSIGNMENT|[100]|idx|39
17:18:00.458 (458188121)|STATEMENT_EXECUTE|[101]
17:18:00.458 (458211031)|HEAP_ALLOCATE|[101]|Bytes:1
17:18:00.458 (458227866)|HEAP_ALLOCATE|[101]|Bytes:8
17:18:00.458 (458237911)|VARIABLE_ASSIGNMENT|[101]|randStr|"rOyBHBgd"
17:18:00.458 (458256776)|STATEMENT_EXECUTE|[99]
17:18:00.458 (458259866)|STATEMENT_EXECUTE|[100]
17:18:00.458 (458364588)|VARIABLE_SCOPE_BEGIN|[100]|idx|Integer|false|false
17:18:00.458 (458370356)|HEAP_ALLOCATE|[100]|Bytes:4
17:18:00.458 (458378765)|VARIABLE_ASSIGNMENT|[100]|idx|22
17:18:00.458 (458382520)|STATEMENT_EXECUTE|[101]
17:18:00.458 (458405765)|HEAP_ALLOCATE|[101]|Bytes:1
17:18:00.458 (458422494)|HEAP_ALLOCATE|[101]|Bytes:9
17:18:00.458 (458433024)|VARIABLE_ASSIGNMENT|[101]|randStr|"rOyBHBgdW"
17:18:00.458 (458451968)|STATEMENT_EXECUTE|[99]
17:18:00.458 (458455017)|STATEMENT_EXECUTE|[100]
17:18:00.458 (458562228)|VARIABLE_SCOPE_BEGIN|[100]|idx|Integer|false|false
17:18:00.458 (458567805)|HEAP_ALLOCATE|[100]|Bytes:4
17:18:00.458 (458576180)|VARIABLE_ASSIGNMENT|[100]|idx|11
17:18:00.458 (458579888)|STATEMENT_EXECUTE|[101]
17:18:00.458 (458602944)|HEAP_ALLOCATE|[101]|Bytes:1
17:18:00.458 (458619784)|HEAP_ALLOCATE|[101]|Bytes:10
17:18:00.458 (458629978)|VARIABLE_ASSIGNMENT|[101]|randStr|"rOyBHBgdWL"
17:18:00.458 (458649228)|STATEMENT_EXECUTE|[99]
17:18:00.458 (458652272)|STATEMENT_EXECUTE|[100]
17:18:00.458 (458741528)|VARIABLE_SCOPE_BEGIN|[100]|idx|Integer|false|false
17:18:00.458 (458746829)|HEAP_ALLOCATE|[100]|Bytes:4
17:18:00.458 (458755040)|VARIABLE_ASSIGNMENT|[100]|idx|8
17:18:00.458 (458758713)|STATEMENT_EXECUTE|[101]
17:18:00.458 (458781615)|HEAP_ALLOCATE|[101]|Bytes:1
17:18:00.458 (458798389)|HEAP_ALLOCATE|[101]|Bytes:11
17:18:00.458 (458809418)|VARIABLE_ASSIGNMENT|[101]|randStr|"rOyBHBgdWLI"
17:18:00.458 (458828320)|STATEMENT_EXECUTE|[99]
17:18:00.458 (458831384)|STATEMENT_EXECUTE|[100]
17:18:00.458 (458920591)|VARIABLE_SCOPE_BEGIN|[100]|idx|Integer|false|false
17:18:00.458 (458926006)|HEAP_ALLOCATE|[100]|Bytes:4
17:18:00.458 (458934205)|VARIABLE_ASSIGNMENT|[100]|idx|58
17:18:00.458 (458937797)|STATEMENT_EXECUTE|[101]
17:18:00.458 (458960650)|HEAP_ALLOCATE|[101]|Bytes:1
17:18:00.458 (458977434)|HEAP_ALLOCATE|[101]|Bytes:12
17:18:00.458 (458987398)|VARIABLE_ASSIGNMENT|[101]|randStr|"rOyBHBgdWLIw"
17:18:00.459 (459006310)|STATEMENT_EXECUTE|[99]
17:18:00.459 (459010152)|STATEMENT_EXECUTE|[100]
17:18:00.459 (459099598)|VARIABLE_SCOPE_BEGIN|[100]|idx|Integer|false|false
17:18:00.459 (459104985)|HEAP_ALLOCATE|[100]|Bytes:4
17:18:00.459 (459113058)|VARIABLE_ASSIGNMENT|[100]|idx|12
17:18:00.459 (459116700)|STATEMENT_EXECUTE|[101]
17:18:00.459 (459139798)|HEAP_ALLOCATE|[101]|Bytes:1
17:18:00.459 (459156469)|HEAP_ALLOCATE|[101]|Bytes:13
17:18:00.459 (459167108)|VARIABLE_ASSIGNMENT|[101]|randStr|"rOyBHBgdWLIwM"
17:18:00.459 (459186267)|STATEMENT_EXECUTE|[99]
17:18:00.459 (459189320)|STATEMENT_EXECUTE|[100]
17:18:00.459 (459278599)|VARIABLE_SCOPE_BEGIN|[100]|idx|Integer|false|false
17:18:00.459 (459287475)|HEAP_ALLOCATE|[100]|Bytes:4
17:18:00.459 (459295885)|VARIABLE_ASSIGNMENT|[100]|idx|25
17:18:00.459 (459299898)|STATEMENT_EXECUTE|[101]
17:18:00.459 (459323378)|HEAP_ALLOCATE|[101]|Bytes:1
17:18:00.459 (459340216)|HEAP_ALLOCATE|[101]|Bytes:14
17:18:00.459 (459350461)|VARIABLE_ASSIGNMENT|[101]|randStr|"rOyBHBgdWLIwMZ"
17:18:00.459 (459369645)|STATEMENT_EXECUTE|[99]
17:18:00.459 (459372617)|STATEMENT_EXECUTE|[100]
17:18:00.459 (459464450)|VARIABLE_SCOPE_BEGIN|[100]|idx|Integer|false|false
17:18:00.459 (459469909)|HEAP_ALLOCATE|[100]|Bytes:4
17:18:00.459 (459478026)|VARIABLE_ASSIGNMENT|[100]|idx|8
17:18:00.459 (459481604)|STATEMENT_EXECUTE|[101]
17:18:00.459 (459504270)|HEAP_ALLOCATE|[101]|Bytes:1
17:18:00.459 (459521027)|HEAP_ALLOCATE|[101]|Bytes:15
17:18:00.459 (459531693)|VARIABLE_ASSIGNMENT|[101]|randStr|"rOyBHBgdWLIwMZI"
17:18:00.459 (459551114)|STATEMENT_EXECUTE|[99]
17:18:00.459 (459554208)|STATEMENT_EXECUTE|[100]
17:18:00.459 (459643987)|VARIABLE_SCOPE_BEGIN|[100]|idx|Integer|false|false
17:18:00.459 (459649404)|HEAP_ALLOCATE|[100]|Bytes:4
17:18:00.459 (459657639)|VARIABLE_ASSIGNMENT|[100]|idx|8
17:18:00.459 (459661249)|STATEMENT_EXECUTE|[101]
17:18:00.459 (459684151)|HEAP_ALLOCATE|[101]|Bytes:1
17:18:00.459 (459700953)|HEAP_ALLOCATE|[101]|Bytes:16
17:18:00.459 (459711237)|VARIABLE_ASSIGNMENT|[101]|randStr|"rOyBHBgdWLIwMZII"
17:18:00.459 (459730303)|STATEMENT_EXECUTE|[99]
17:18:00.459 (459733434)|STATEMENT_EXECUTE|[100]
17:18:00.459 (459831131)|VARIABLE_SCOPE_BEGIN|[100]|idx|Integer|false|false
17:18:00.459 (459836607)|HEAP_ALLOCATE|[100]|Bytes:4
17:18:00.459 (459844861)|VARIABLE_ASSIGNMENT|[100]|idx|35
17:18:00.459 (459848509)|STATEMENT_EXECUTE|[101]
17:18:00.459 (459871575)|HEAP_ALLOCATE|[101]|Bytes:1
17:18:00.459 (459888324)|HEAP_ALLOCATE|[101]|Bytes:17
17:18:00.459 (459898706)|VARIABLE_ASSIGNMENT|[101]|randStr|"rOyBHBgdWLIwMZII9"
17:18:00.459 (459918007)|STATEMENT_EXECUTE|[99]
17:18:00.459 (459921103)|STATEMENT_EXECUTE|[100]
17:18:00.460 (460010161)|VARIABLE_SCOPE_BEGIN|[100]|idx|Integer|false|false
17:18:00.460 (460016312)|HEAP_ALLOCATE|[100]|Bytes:4
17:18:00.460 (460024565)|VARIABLE_ASSIGNMENT|[100]|idx|37
17:18:00.460 (460028239)|STATEMENT_EXECUTE|[101]
17:18:00.460 (460051533)|HEAP_ALLOCATE|[101]|Bytes:1
17:18:00.460 (460068121)|HEAP_ALLOCATE|[101]|Bytes:18
17:18:00.460 (460078308)|VARIABLE_ASSIGNMENT|[101]|randStr|"rOyBHBgdWLIwMZII9b"
17:18:00.460 (460098201)|STATEMENT_EXECUTE|[103]
17:18:00.460 (460106976)|METHOD_EXIT|[78]|01p58000000n6rI|SObjectUtility.generateRandomString(Integer)
17:18:00.460 (460112657)|VARIABLE_SCOPE_BEGIN|[78]|rId|String|false|false
17:18:00.460 (460120717)|VARIABLE_ASSIGNMENT|[78]|rId|"rOyBHBgdWLIwMZII9b"
17:18:00.460 (460124489)|STATEMENT_EXECUTE|[79]
17:18:00.460 (460133894)|METHOD_ENTRY|[79]|01p58000000n6rI|SObjectUtility.createSObject(SObjectData)
17:18:00.460 (460158466)|VARIABLE_SCOPE_BEGIN|[11]|this|SObjectUtility|true|false
17:18:00.460 (460182514)|VARIABLE_ASSIGNMENT|[11]|this|{"childrenMap":"0x7ba32a04"}|0x72fbd729
17:18:00.460 (460188494)|VARIABLE_SCOPE_BEGIN|[11]|obj|SObjectData|true|false
17:18:00.460 (460207643)|VARIABLE_ASSIGNMENT|[11]|obj|{"fieldMap":"0x4c7902de","sObjectType":"Risk__Impact_Categor (4 more) ..."}|0x7f1e3a94
17:18:00.460 (460217968)|HEAP_ALLOCATE|[12]|Bytes:5
17:18:00.460 (460222754)|STATEMENT_EXECUTE|[11]
17:18:00.463 (463386350)|HEAP_ALLOCATE|[12]|Bytes:1796
17:18:00.463 (463406059)|METHOD_ENTRY|[12]|01p58000000n6Fr|SObjectData.getSObjectType()
17:18:00.463 (463412619)|VARIABLE_SCOPE_BEGIN|[77]|this|SObjectData|true|false
17:18:00.463 (463441973)|VARIABLE_ASSIGNMENT|[77]|this|{"fieldMap":"0x4c7902de","sObjectType":"Risk__Impact_Categor (4 more) ..."}|0x7f1e3a94
17:18:00.463 (463453309)|HEAP_ALLOCATE|[78]|Bytes:5
17:18:00.463 (463458311)|STATEMENT_EXECUTE|[77]
17:18:00.463 (463460969)|STATEMENT_EXECUTE|[78]
17:18:00.463 (463468930)|METHOD_EXIT|[12]|01p58000000n6Fr|SObjectData.getSObjectType()
17:18:00.463 (463500165)|STATEMENT_EXECUTE|[12]
17:18:00.463 (463504079)|STATEMENT_EXECUTE|[15]
17:18:00.466 (466611916)|HEAP_ALLOCATE|[15]|Bytes:1796
17:18:00.466 (466631113)|METHOD_ENTRY|[15]|01p58000000n6Fr|SObjectData.getSObjectType()
17:18:00.466 (466637525)|VARIABLE_SCOPE_BEGIN|[77]|this|SObjectData|true|false
17:18:00.466 (466666723)|VARIABLE_ASSIGNMENT|[77]|this|{"fieldMap":"0x4c7902de","sObjectType":"Risk__Impact_Categor (4 more) ..."}|0x7f1e3a94
17:18:00.466 (466678026)|HEAP_ALLOCATE|[78]|Bytes:5
17:18:00.466 (466683163)|STATEMENT_EXECUTE|[77]
17:18:00.466 (466685880)|STATEMENT_EXECUTE|[78]
17:18:00.466 (466693949)|METHOD_EXIT|[15]|01p58000000n6Fr|SObjectData.getSObjectType()
17:18:00.466 (466815504)|HEAP_ALLOCATE|[15]|Bytes:4
17:18:00.466 (466831661)|VARIABLE_SCOPE_BEGIN|[15]|sObj|SObject|true|false
17:18:00.466 (466845837)|VARIABLE_ASSIGNMENT|[15]|sObj|{}|0x5cbec78a
17:18:00.466 (466853074)|HEAP_ALLOCATE|[16]|Bytes:4
17:18:00.466 (466869758)|METHOD_ENTRY|[16]|01p58000000n6Fr|SObjectData.getFieldMap()
17:18:00.466 (466875406)|VARIABLE_SCOPE_BEGIN|[73]|this|SObjectData|true|false
17:18:00.466 (466901390)|VARIABLE_ASSIGNMENT|[73]|this|{"fieldMap":"0x4c7902de","sObjectType":"Risk__Impact_Categor (4 more) ..."}|0x7f1e3a94
17:18:00.466 (466912115)|HEAP_ALLOCATE|[74]|Bytes:5
17:18:00.466 (466916903)|STATEMENT_EXECUTE|[73]
17:18:00.466 (466919517)|STATEMENT_EXECUTE|[74]
17:18:00.466 (466927584)|METHOD_EXIT|[16]|01p58000000n6Fr|SObjectData.getFieldMap()
17:18:00.466 (466958896)|HEAP_ALLOCATE|[16]|Bytes:37
17:18:00.466 (466986589)|HEAP_ALLOCATE|[16]|Bytes:8
17:18:00.467 (467019830)|HEAP_ALLOCATE|[16]|Bytes:5
17:18:00.467 (467036890)|VARIABLE_SCOPE_BEGIN|[16]|field|String|false|false
17:18:00.467 (467047949)|VARIABLE_ASSIGNMENT|[16]|field|"Name"
17:18:00.467 (467052334)|STATEMENT_EXECUTE|[16]
17:18:00.467 (467054847)|STATEMENT_EXECUTE|[17]
17:18:00.467 (467061047)|METHOD_ENTRY|[17]|01p58000000n6Fr|SObjectData.getFieldMap()
17:18:00.467 (467065751)|VARIABLE_SCOPE_BEGIN|[73]|this|SObjectData|true|false
17:18:00.467 (467089679)|VARIABLE_ASSIGNMENT|[73]|this|{"fieldMap":"0x4c7902de","sObjectType":"Risk__Impact_Categor (4 more) ..."}|0x7f1e3a94
17:18:00.467 (467099865)|HEAP_ALLOCATE|[74]|Bytes:5
17:18:00.467 (467104523)|STATEMENT_EXECUTE|[73]
17:18:00.467 (467106915)|STATEMENT_EXECUTE|[74]
17:18:00.467 (467114628)|METHOD_EXIT|[17]|01p58000000n6Fr|SObjectData.getFieldMap()
17:18:00.467 (467141981)|VARIABLE_SCOPE_BEGIN|[17]|value|String|false|false
17:18:00.467 (467152491)|VARIABLE_ASSIGNMENT|[17]|value|"Cost IC"
17:18:00.467 (467156531)|STATEMENT_EXECUTE|[18]
17:18:00.475 (475630957)|HEAP_ALLOCATE|[16]|Bytes:5
17:18:00.475 (475654692)|VARIABLE_SCOPE_BEGIN|[16]|field|String|false|false
17:18:00.475 (475669561)|VARIABLE_ASSIGNMENT|[16]|field|"Risk__Type_Of_Risk__ (1 more) ..."
17:18:00.475 (475674867)|STATEMENT_EXECUTE|[16]
17:18:00.475 (475677781)|STATEMENT_EXECUTE|[17]
17:18:00.475 (475685395)|METHOD_ENTRY|[17]|01p58000000n6Fr|SObjectData.getFieldMap()
17:18:00.475 (475691672)|VARIABLE_SCOPE_BEGIN|[73]|this|SObjectData|true|false
17:18:00.475 (475719491)|VARIABLE_ASSIGNMENT|[73]|this|{"fieldMap":"0x4c7902de","sObjectType":"Risk__Impact_Categor (4 more) ..."}|0x7f1e3a94
17:18:00.475 (475730884)|HEAP_ALLOCATE|[74]|Bytes:5
17:18:00.475 (475736028)|STATEMENT_EXECUTE|[73]
17:18:00.475 (475738605)|STATEMENT_EXECUTE|[74]
17:18:00.475 (475747432)|METHOD_EXIT|[17]|01p58000000n6Fr|SObjectData.getFieldMap()
17:18:00.475 (475778671)|VARIABLE_SCOPE_BEGIN|[17]|value|String|false|false
17:18:00.475 (475789633)|VARIABLE_ASSIGNMENT|[17]|value|"Time"
17:18:00.475 (475793582)|STATEMENT_EXECUTE|[18]
17:18:00.475 (475919034)|HEAP_ALLOCATE|[16]|Bytes:5
17:18:00.475 (475938641)|VARIABLE_ASSIGNMENT|[16]|field|null
17:18:00.475 (475944003)|STATEMENT_EXECUTE|[21]
17:18:00.475 (475952690)|METHOD_EXIT|[79]|01p58000000n6rI|SObjectUtility.createSObject(SObjectData)
17:18:00.475 (475978221)|HEAP_ALLOCATE|[EXTERNAL]|Bytes:-4
17:18:00.475 (475999073)|METHOD_ENTRY|[80]|01p58000000n6Fr|SObjectData.getChildren()
17:18:00.476 (476020844)|VARIABLE_SCOPE_BEGIN|[81]|this|SObjectData|true|false
17:18:00.476 (476050984)|VARIABLE_ASSIGNMENT|[81]|this|{"fieldMap":"0x4c7902de","sObjectType":"Risk__Impact_Categor (4 more) ..."}|0x7f1e3a94
17:18:00.476 (476062550)|HEAP_ALLOCATE|[82]|Bytes:5
17:18:00.476 (476067762)|STATEMENT_EXECUTE|[81]
17:18:00.476 (476071476)|STATEMENT_EXECUTE|[82]
17:18:00.476 (476073752)|STATEMENT_EXECUTE|[83]
17:18:00.476 (476081154)|HEAP_ALLOCATE|[83]|Bytes:4
17:18:00.476 (476112311)|VARIABLE_ASSIGNMENT|[83]|this.children|{"s":1,"v":{}}|0x7f1e3a94
17:18:00.476 (476119408)|STATEMENT_EXECUTE|[85]
17:18:00.476 (476130345)|METHOD_EXIT|[80]|01p58000000n6Fr|SObjectData.getChildren()
17:18:00.476 (476154762)|STATEMENT_EXECUTE|[80]
17:18:00.476 (476171856)|HEAP_ALLOCATE|[76]|Bytes:5
17:18:00.476 (476188506)|VARIABLE_ASSIGNMENT|[76]|obj|null|
17:18:00.476 (476193519)|STATEMENT_EXECUTE|[85]
17:18:00.476 (476205251)|HEAP_ALLOCATE|[85]|Bytes:4
17:18:00.476 (476217637)|VARIABLE_SCOPE_BEGIN|[85]|bufferMap|Map<String,Map<String,SObject>>|true|false
17:18:00.476 (476237357)|VARIABLE_ASSIGNMENT|[85]|bufferMap|{"s":1,"v":{}}|0x4e57d6cd
17:18:00.476 (476243257)|STATEMENT_EXECUTE|[86]
17:18:00.476 (476291002)|HEAP_ALLOCATE|[EXTERNAL]|Bytes:-4
17:18:00.476 (476354850)|STATEMENT_EXECUTE|[89]
17:18:00.476 (476359071)|STATEMENT_EXECUTE|[90]
17:18:00.476 (476394660)|HEAP_ALLOCATE|[EXTERNAL]|Bytes:-4
17:18:00.476 (476424975)|HEAP_ALLOCATE|[72]|Bytes:5
17:18:00.476 (476442229)|VARIABLE_ASSIGNMENT|[72]|relationshipKey|null
17:18:00.476 (476454641)|METHOD_EXIT|[64]|01p58000000n6rI|SObjectUtility.createChildren(String, Map<String,List<SObjectData>>)
17:18:00.476 (476471057)|HEAP_ALLOCATE|[60]|Bytes:5
17:18:00.476 (476485335)|VARIABLE_ASSIGNMENT|[60]|obj|null|
17:18:00.476 (476490307)|STATEMENT_EXECUTE|[67]
17:18:00.476 (476498027)|METHOD_EXIT|[6]|01p58000000n6rI|SObjectUtility.createRoot(List<SObjectData>)
17:18:00.476 (476503881)|VARIABLE_SCOPE_BEGIN|[6]|root|Map<String,SObject>|true|false
17:18:00.476 (476526388)|VARIABLE_ASSIGNMENT|[6]|root|{"s":1,"v":{"IMEAuONeqAT9NwRB7Z":{"Name":"Scoring Scheme 5x5","RecordTypeId":"012580000000H5p"}}}|0x683af830
17:18:00.476 (476532671)|STATEMENT_EXECUTE|[7]
17:18:00.476 (476549426)|METHOD_ENTRY|[7]|01p58000000n6rI|SObjectUtility.insertSObjects(Map<String,SObject>)
17:18:00.476 (476580426)|VARIABLE_SCOPE_BEGIN|[24]|this|SObjectUtility|true|false
17:18:00.476 (476604374)|VARIABLE_ASSIGNMENT|[24]|this|{"childrenMap":"0x7ba32a04"}|0x72fbd729
17:18:00.476 (476610860)|VARIABLE_SCOPE_BEGIN|[24]|objMap|Map<String,SObject>|true|false
17:18:00.476 (476628523)|VARIABLE_ASSIGNMENT|[24]|objMap|{"s":1,"v":{"IMEAuONeqAT9NwRB7Z":{"Name":"Scoring Scheme 5x5","RecordTypeId":"012580000000H5p"}}}|0x683af830
17:18:00.476 (476640755)|HEAP_ALLOCATE|[25]|Bytes:5
17:18:00.476 (476646165)|STATEMENT_EXECUTE|[24]
17:18:00.476 (476648742)|STATEMENT_EXECUTE|[25]
17:18:00.476 (476650866)|STATEMENT_EXECUTE|[25]
17:18:00.476 (476653057)|STATEMENT_EXECUTE|[26]
17:18:00.476 (476659930)|HEAP_ALLOCATE|[26]|Bytes:4
17:18:00.476 (476666619)|VARIABLE_SCOPE_BEGIN|[26]|childMap|Map<String,SObject>|true|false
17:18:00.476 (476684182)|VARIABLE_ASSIGNMENT|[26]|childMap|{"s":1,"v":{}}|0x603dcd8
17:18:00.476 (476689649)|STATEMENT_EXECUTE|[27]
17:18:00.476 (476736026)|HEAP_ALLOCATE|[EXTERNAL]|Bytes:8
17:18:00.476 (476751083)|HEAP_ALLOCATE|[27]|Bytes:69
17:18:00.476 (476825260)|DML_BEGIN|[27]|Op:Insert|Type:SObject|Rows:1
17:18:00.476 (476860668)|HEAP_ALLOCATE|[EXTERNAL]|Bytes:8
17:18:00.536 (536782790)|DML_END|[27]
17:18:00.536 (536872452)|HEAP_ALLOCATE|[EXTERNAL]|Bytes:8
17:18:00.536 (536888098)|HEAP_ALLOCATE|[28]|Bytes:4
17:18:00.536 (536951023)|HEAP_ALLOCATE|[28]|Bytes:26
17:18:00.536 (536991715)|HEAP_ALLOCATE|[28]|Bytes:4
17:18:00.537 (537035391)|HEAP_ALLOCATE|[28]|Bytes:5
17:18:00.537 (537057875)|VARIABLE_SCOPE_BEGIN|[28]|key|String|false|false
17:18:00.537 (537071468)|VARIABLE_ASSIGNMENT|[28]|key|"IMEAuONeqAT9NwRB7Z"
17:18:00.537 (537076996)|STATEMENT_EXECUTE|[28]
17:18:00.537 (537083362)|HEAP_ALLOCATE|[29]|Bytes:4
17:18:00.537 (537146168)|HEAP_ALLOCATE|[29]|Bytes:31
17:18:00.537 (537175684)|HEAP_ALLOCATE|[29]|Bytes:4
17:18:00.537 (537211236)|HEAP_ALLOCATE|[29]|Bytes:5
17:18:00.537 (537229441)|VARIABLE_SCOPE_BEGIN|[29]|relationshipKey|String|false|false
17:18:00.537 (537242978)|VARIABLE_ASSIGNMENT|[29]|relationshipKey|"Risk__Scoring_Scheme (3 more) ..."
17:18:00.537 (537247885)|STATEMENT_EXECUTE|[29]
17:18:00.537 (537329163)|STATEMENT_EXECUTE|[31]
17:18:00.537 (537333781)|STATEMENT_EXECUTE|[32]
17:18:00.537 (537442378)|HEAP_ALLOCATE|[32]|Bytes:18
17:18:00.537 (537515964)|METHOD_ENTRY|[32]|01p58000000n6rI|SObjectUtility.buildRelationships(String, String, Map<String,SObject>)
17:18:00.537 (537525152)|VARIABLE_SCOPE_BEGIN|[47]|this|SObjectUtility|true|false
17:18:00.537 (537550358)|VARIABLE_ASSIGNMENT|[47]|this|{"childrenMap":"0x7ba32a04"}|0x72fbd729
17:18:00.537 (537557621)|VARIABLE_SCOPE_BEGIN|[47]|field|String|false|false
17:18:00.537 (537565875)|VARIABLE_ASSIGNMENT|[47]|field|"Risk__Scoring_Scheme (3 more) ..."
17:18:00.537 (537569726)|VARIABLE_SCOPE_BEGIN|[47]|parentId|String|false|false
17:18:00.537 (537575302)|VARIABLE_ASSIGNMENT|[47]|parentId|"a0u58000000PNVFAA4"
17:18:00.537 (537579505)|VARIABLE_SCOPE_BEGIN|[47]|objMap|Map<String,SObject>|true|false
17:18:00.537 (537598941)|VARIABLE_ASSIGNMENT|[47]|objMap|{"s":1,"v":{"rOyBHBgdWLIwMZII9b":{"Name":"Cost IC","Risk__Type_of_Risk__ (1 more) ...":"Time"}}}|0x11f11eb7
17:18:00.537 (537611614)|HEAP_ALLOCATE|[48]|Bytes:5
17:18:00.537 (537617305)|STATEMENT_EXECUTE|[47]
17:18:00.537 (537619965)|STATEMENT_EXECUTE|[48]
17:18:00.537 (537622012)|STATEMENT_EXECUTE|[48]
17:18:00.537 (537627622)|HEAP_ALLOCATE|[49]|Bytes:4
17:18:00.537 (537682267)|HEAP_ALLOCATE|[49]|Bytes:26
17:18:00.537 (537710807)|HEAP_ALLOCATE|[49]|Bytes:4
17:18:00.537 (537746363)|HEAP_ALLOCATE|[49]|Bytes:5
17:18:00.537 (537764948)|VARIABLE_SCOPE_BEGIN|[49]|key|String|false|false
17:18:00.537 (537776971)|VARIABLE_ASSIGNMENT|[49]|key|"rOyBHBgdWLIwMZII9b"
17:18:00.537 (537781970)|STATEMENT_EXECUTE|[49]
17:18:00.537 (537784484)|STATEMENT_EXECUTE|[50]
17:18:00.537 (537977852)|HEAP_ALLOCATE|[49]|Bytes:5
17:18:00.537 (537997301)|VARIABLE_ASSIGNMENT|[49]|key|null
17:18:00.538 (538002813)|STATEMENT_EXECUTE|[52]
17:18:00.538 (538013633)|METHOD_EXIT|[32]|01p58000000n6rI|SObjectUtility.buildRelationships(String, String, Map<String,SObject>)
17:18:00.538 (538049825)|HEAP_ALLOCATE|[EXTERNAL]|Bytes:-4
17:18:00.538 (538054640)|HEAP_ALLOCATE|[32]|Bytes:4
17:18:00.538 (538080378)|HEAP_ALLOCATE|[29]|Bytes:5
17:18:00.538 (538097015)|VARIABLE_ASSIGNMENT|[29]|relationshipKey|null
17:18:00.538 (538111051)|HEAP_ALLOCATE|[28]|Bytes:5
17:18:00.538 (538124354)|VARIABLE_ASSIGNMENT|[28]|key|null
17:18:00.538 (538177886)|HEAP_ALLOCATE|[37]|Bytes:26
17:18:00.538 (538215428)|STATEMENT_EXECUTE|[37]
17:18:00.538 (538219606)|STATEMENT_EXECUTE|[38]
17:18:00.538 (538228988)|METHOD_ENTRY|[38]|01p58000000n6rI|SObjectUtility.insertSObjects(Map<String,SObject>)
17:18:00.538 (538248369)|VARIABLE_SCOPE_BEGIN|[24]|this|SObjectUtility|true|false
17:18:00.538 (538273326)|VARIABLE_ASSIGNMENT|[24]|this|{"childrenMap":"0x7ba32a04"}|0x72fbd729
17:18:00.538 (538278827)|VARIABLE_SCOPE_BEGIN|[24]|objMap|Map<String,SObject>|true|false
17:18:00.538 (538303878)|VARIABLE_ASSIGNMENT|[24]|objMap|{"s":1,"v":{"rOyBHBgdWLIwMZII9b":{"Name":"Cost IC","Risk__Type_of_Risk__ (1 more) ...":"Time","Risk__Scoring_Scheme (3 more) ...":"a0u58000000PNVFAA4"}}}|0x603dcd8
17:18:00.538 (538317364)|HEAP_ALLOCATE|[25]|Bytes:5
17:18:00.538 (538323494)|STATEMENT_EXECUTE|[24]
17:18:00.538 (538326193)|STATEMENT_EXECUTE|[25]
17:18:00.538 (538328186)|STATEMENT_EXECUTE|[25]
17:18:00.538 (538330221)|STATEMENT_EXECUTE|[26]
17:18:00.538 (538336721)|HEAP_ALLOCATE|[26]|Bytes:4
17:18:00.538 (538343856)|VARIABLE_SCOPE_BEGIN|[26]|childMap|Map<String,SObject>|true|false
17:18:00.538 (538361791)|VARIABLE_ASSIGNMENT|[26]|childMap|{"s":1,"v":{}}|0x6748281a
17:18:00.538 (538367139)|STATEMENT_EXECUTE|[27]
17:18:00.538 (538384039)|HEAP_ALLOCATE|[EXTERNAL]|Bytes:8
17:18:00.538 (538395840)|HEAP_ALLOCATE|[27]|Bytes:101
17:18:00.538 (538430566)|DML_BEGIN|[27]|Op:Insert|Type:SObject|Rows:1
17:18:00.538 (538452799)|HEAP_ALLOCATE|[EXTERNAL]|Bytes:8
17:18:00.551 (551901218)|ENTERING_MANAGED_PKG|Risk
17:18:00.557 (557493063)|SOQL_EXECUTE_BEGIN|[19]|Aggregations:1|SELECT Id, (SELECT Risk__Order__c FROM Impact_Categories__r ORDER BY Order__c DESC NULLS FIRST LIMIT 1) FROM Scoring_Scheme__c WHERE Id = :tmpVar1
17:18:00.564 (564103184)|SOQL_EXECUTE_END|[19]|Rows:1
17:18:00.565 (565750349)|SOQL_EXECUTE_BEGIN|[64]|Aggregations:1|SELECT Id, (SELECT Id, Risk__Type_of_Risk__c FROM Impact_Categories__r) FROM Scoring_Scheme__c WHERE Id = :tmpVar1
17:18:00.569 (569325142)|SOQL_EXECUTE_END|[64]|Rows:1
17:18:00.600 (600050717)|DML_END|[27]
17:18:00.600 (600081203)|HEAP_ALLOCATE|[EXTERNAL]|Bytes:8
17:18:00.600 (600094710)|HEAP_ALLOCATE|[28]|Bytes:4
17:18:00.600 (600138490)|HEAP_ALLOCATE|[28]|Bytes:26
17:18:00.600 (600169560)|HEAP_ALLOCATE|[28]|Bytes:4
17:18:00.600 (600205540)|HEAP_ALLOCATE|[28]|Bytes:5
17:18:00.600 (600221766)|VARIABLE_SCOPE_BEGIN|[28]|key|String|false|false
17:18:00.600 (600236286)|VARIABLE_ASSIGNMENT|[28]|key|"rOyBHBgdWLIwMZII9b"
17:18:00.600 (600241436)|STATEMENT_EXECUTE|[28]
17:18:00.600 (600246982)|HEAP_ALLOCATE|[29]|Bytes:4
17:18:00.600 (600293133)|HEAP_ALLOCATE|[29]|Bytes:31
17:18:00.600 (600321843)|HEAP_ALLOCATE|[29]|Bytes:4
17:18:00.600 (600354375)|HEAP_ALLOCATE|[29]|Bytes:5
17:18:00.600 (600369210)|VARIABLE_SCOPE_BEGIN|[29]|relationshipKey|String|false|false
17:18:00.600 (600382512)|VARIABLE_ASSIGNMENT|[29]|relationshipKey|"Risk__Scoring_Scheme (3 more) ..."
17:18:00.600 (600387472)|STATEMENT_EXECUTE|[29]
17:18:00.600 (600436739)|STATEMENT_EXECUTE|[31]
17:18:00.600 (600452547)|HEAP_ALLOCATE|[29]|Bytes:5
17:18:00.600 (600469070)|VARIABLE_ASSIGNMENT|[29]|relationshipKey|null
17:18:00.600 (600482718)|HEAP_ALLOCATE|[28]|Bytes:5
17:18:00.600 (600495826)|VARIABLE_ASSIGNMENT|[28]|key|null
17:18:00.600 (600522605)|HEAP_ALLOCATE|[37]|Bytes:4
17:18:00.600 (600546454)|STATEMENT_EXECUTE|[37]
17:18:00.600 (600556484)|METHOD_EXIT|[38]|01p58000000n6rI|SObjectUtility.insertSObjects(Map<String,SObject>)
17:18:00.600 (600563932)|METHOD_EXIT|[7]|01p58000000n6rI|SObjectUtility.insertSObjects(Map<String,SObject>)
17:18:00.600 (600568034)|STATEMENT_EXECUTE|[8]
17:18:00.600 (600576293)|METHOD_EXIT|[20]|01p58000000n6rI|SObjectUtility.createSObjects(List<SObjectData>)
17:18:00.600 (600581325)|STATEMENT_EXECUTE|[22]
17:18:00.606 (606613947)|METHOD_ENTRY|[1]|01p58000000n6Yd|AppException.AppException()
17:18:00.606 (606622693)|STATEMENT_EXECUTE|[1]
17:18:00.606 (606627672)|STATEMENT_EXECUTE|[1]
17:18:00.606 (606633503)|METHOD_EXIT|[1]|AppException
17:18:00.606 (606656383)|HEAP_ALLOCATE|[22]|Bytes:28
17:18:00.606 (606663802)|HEAP_ALLOCATE|[22]|Bytes:4
17:18:00.606 (606679151)|CONSTRUCTOR_ENTRY|[22]|01p58000000n6Yd|<init>(String)
17:18:00.606 (606721046)|VARIABLE_SCOPE_BEGIN|[1]|this|AppException|true|false
17:18:00.606 (606869426)|VARIABLE_ASSIGNMENT|[1]|this|"common.apex.runtime.impl.ExecutionException"|0xad317c3
17:18:00.606 (606888434)|HEAP_ALLOCATE|[EXTERNAL]|Bytes:34
17:18:00.606 (606912259)|VARIABLE_SCOPE_BEGIN|[2]|this|System.ApexBaseException|true|false
17:18:00.606 (606979444)|VARIABLE_ASSIGNMENT|[2]|this|"common.apex.runtime.impl.ExecutionException"|0x7f223f8b
17:18:00.607 (607014229)|VARIABLE_ASSIGNMENT|[-1]|Exception.serialVersionUID|-3387516993124229948|0x15da3ae0
17:18:00.608 (608405321)|STATEMENT_EXECUTE|[1]
17:18:00.608 (608418780)|CONSTRUCTOR_EXIT|[22]|01p58000000n6Yd|<init>(String)
17:18:00.608 (608456864)|EXCEPTION_THROWN|[22]|AppException: stop
17:18:00.608 (608490755)|EXCEPTION_THROWN|[22]|AppException: stop
17:18:00.608 (608501725)|METHOD_EXIT|[34]|01p58000000n81u|ScoringSchemeHelper.create5x5ScoringScheme()
17:18:00.608 (608511507)|SYSTEM_MODE_EXIT|false
17:18:00.608 (608537120)|EXCEPTION_THROWN|[34]|AppException: stop
17:18:00.608 (608653804)|FATAL_ERROR|AppException: stop

Class.ScoringSchemeHelper.create5x5ScoringScheme: line 22, column 1
AnonymousBlock: line 34, column 1
17:18:00.608 (608699934)|CUMULATIVE_LIMIT_USAGE
17:18:00.608 (608699934)|LIMIT_USAGE_FOR_NS|(default)|
  Number of SOQL queries: 0 out of 100
  Number of query rows: 0 out of 50000
  Number of SOSL queries: 0 out of 20
  Number of DML statements: 2 out of 150
  Number of DML rows: 2 out of 10000
  Maximum CPU time: 41 out of 10000
  Maximum heap size: 0 out of 6000000
  Number of callouts: 0 out of 100
  Number of Email Invocations: 0 out of 10
  Number of future calls: 0 out of 50
  Number of queueable jobs added to the queue: 0 out of 50
  Number of Mobile Apex push calls: 0 out of 10

17:18:00.608 (608699934)|LIMIT_USAGE_FOR_NS|Risk|
  Number of SOQL queries: 2 out of 100
  Number of query rows: 2 out of 50000
  Number of SOSL queries: 0 out of 20
  Number of DML statements: 0 out of 150
  Number of DML rows: 0 out of 10000
  Maximum CPU time: 0 out of 10000
  Maximum heap size: 0 out of 6000000
  Number of callouts: 0 out of 100
  Number of Email Invocations: 0 out of 10
  Number of future calls: 0 out of 50
  Number of queueable jobs added to the queue: 0 out of 50
  Number of Mobile Apex push calls: 0 out of 10

17:18:00.608 (608699934)|CUMULATIVE_LIMIT_USAGE_END

17:18:00.608 (608766665)|CODE_UNIT_FINISHED|execute_anonymous_apex
17:18:00.610 (610154144)|EXECUTION_FINISHED
