35.0 APEX_CODE,FINEST;APEX_PROFILING,INFO;CALLOUT,INFO;DB,INFO;SYSTEM,DEBUG;VALIDATION,INFO;VISUALFORCE,INFO;WORKFLOW,INFO
Execute Anonymous: /*SObjectData d = new SObjectData('Test_objects__c');
Execute Anonymous: d.addValuePair('Name', 'Parent');
Execute Anonymous: d.setParentField('Parent__c');
Execute Anonymous: 
Execute Anonymous: SObjectData d1 = new SObjectData('Test_objects__c');
Execute Anonymous: d1.addValuePair('Name', 'Child 1');
Execute Anonymous: d1.setParent(d);
Execute Anonymous: d1.setParentField('Parent__c');
Execute Anonymous: 
Execute Anonymous: SObjectData d2 = new SObjectData('Test_objects__c');
Execute Anonymous: d2.addValuePair('Name', 'Child 2');
Execute Anonymous: d2.setParent(d);
Execute Anonymous: d2.setParentField('Parent__c');
Execute Anonymous: 
Execute Anonymous: SObjectData d3 = new SObjectData('Test_objects__c');
Execute Anonymous: d3.addValuePair('Name', 'Child 3');
Execute Anonymous: d3.setParent(d);
Execute Anonymous: d3.setParentField('Parent__c');
Execute Anonymous: 
Execute Anonymous: d.addChild(d1);
Execute Anonymous: d.addChild(d2);
Execute Anonymous: d.addChild(d3);
Execute Anonymous: 
Execute Anonymous: SObjectData d4 = new SObjectData('Test_objects__c');
Execute Anonymous: d4.addValuePair('Name', 'Child 4');
Execute Anonymous: d4.setParent(d3);
Execute Anonymous: d4.setParentField('Parent__c');
Execute Anonymous: 
Execute Anonymous: d3.addChild(d4);
Execute Anonymous: 
Execute Anonymous: SObjectUtility h = new SObjectUtility();
Execute Anonymous: h.createSObjects(new List<SObjectData> { d} );*/
Execute Anonymous: 
Execute Anonymous: ScoringSchemeHelper.create5x5ScoringScheme();
17:14:33.163 (163165401)|EXECUTION_STARTED
17:14:33.163 (163174939)|CODE_UNIT_STARTED|[EXTERNAL]|execute_anonymous_apex
17:14:33.163 (163380375)|HEAP_ALLOCATE|[72]|Bytes:3
17:14:33.163 (163432578)|HEAP_ALLOCATE|[77]|Bytes:152
17:14:33.163 (163455251)|HEAP_ALLOCATE|[342]|Bytes:408
17:14:33.163 (163477212)|HEAP_ALLOCATE|[355]|Bytes:408
17:14:33.163 (163498421)|HEAP_ALLOCATE|[467]|Bytes:48
17:14:33.163 (163539877)|HEAP_ALLOCATE|[139]|Bytes:6
17:14:33.163 (163572115)|HEAP_ALLOCATE|[EXTERNAL]|Bytes:2
17:14:33.163 (163652529)|STATEMENT_EXECUTE|[1]
17:14:33.163 (163657385)|STATEMENT_EXECUTE|[34]
17:14:33.163 (163712489)|HEAP_ALLOCATE|[50]|Bytes:5
17:14:33.163 (163738226)|HEAP_ALLOCATE|[56]|Bytes:5
17:14:33.163 (163749646)|HEAP_ALLOCATE|[64]|Bytes:7
17:14:33.163 (163774061)|SYSTEM_MODE_ENTER|false
17:14:33.163 (163806879)|HEAP_ALLOCATE|[34]|Bytes:5
17:14:33.182 (182710456)|HEAP_ALLOCATE|[34]|Bytes:1
17:14:33.182 (182769193)|METHOD_ENTRY|[1]|01p58000000n81u|ScoringSchemeHelper.ScoringSchemeHelper()
17:14:33.182 (182779038)|STATEMENT_EXECUTE|[1]
17:14:33.182 (182788227)|STATEMENT_EXECUTE|[1]
17:14:33.182 (182808982)|HEAP_ALLOCATE|[34]|Bytes:5
17:14:33.182 (182827113)|METHOD_EXIT|[1]|ScoringSchemeHelper
17:14:33.182 (182878884)|METHOD_ENTRY|[34]|01p58000000n81u|ScoringSchemeHelper.create5x5ScoringScheme()
17:14:33.182 (182945037)|HEAP_ALLOCATE|[4]|Bytes:5
17:14:33.182 (182951670)|STATEMENT_EXECUTE|[3]
17:14:33.182 (182954388)|STATEMENT_EXECUTE|[4]
17:14:33.190 (190074707)|HEAP_ALLOCATE|[4]|Bytes:43
17:14:33.190 (190085119)|HEAP_ALLOCATE|[4]|Bytes:2
17:14:33.190 (190106392)|METHOD_ENTRY|[1]|01p58000000n6Fr|SObjectData.SObjectData()
17:14:33.190 (190112814)|STATEMENT_EXECUTE|[1]
17:14:33.190 (190117440)|STATEMENT_EXECUTE|[1]
17:14:33.190 (190124333)|HEAP_ALLOCATE|[4]|Bytes:5
17:14:33.190 (190135242)|METHOD_EXIT|[1]|SObjectData
17:14:33.190 (190231938)|HEAP_ALLOCATE|[4]|Bytes:24
17:14:33.190 (190240469)|HEAP_ALLOCATE|[4]|Bytes:23
17:14:33.190 (190262259)|CONSTRUCTOR_ENTRY|[4]|01p58000000n6Fr|<init>(String)
17:14:33.190 (190318007)|VARIABLE_SCOPE_BEGIN|[8]|this|SObjectData|true|false
17:14:33.190 (190383367)|VARIABLE_ASSIGNMENT|[8]|this|{}|0x1295d6a
17:14:33.190 (190391167)|VARIABLE_SCOPE_BEGIN|[8]|sobjectType|String|false|false
17:14:33.190 (190406163)|VARIABLE_ASSIGNMENT|[8]|sobjectType|"Risk__Scoring_Scheme (3 more) ..."
17:14:33.190 (190414759)|HEAP_ALLOCATE|[2]|Bytes:5
17:14:33.190 (190419856)|STATEMENT_EXECUTE|[1]
17:14:33.190 (190423833)|HEAP_ALLOCATE|[2]|Bytes:5
17:14:33.190 (190426978)|STATEMENT_EXECUTE|[2]
17:14:33.190 (190435104)|HEAP_ALLOCATE|[2]|Bytes:4
17:14:33.190 (190480223)|VARIABLE_ASSIGNMENT|[2]|this.fieldMap|{"s":1,"v":{}}|0x1295d6a
17:14:33.190 (190486177)|STATEMENT_EXECUTE|[3]
17:14:33.190 (190488829)|STATEMENT_EXECUTE|[4]
17:14:33.190 (190491061)|STATEMENT_EXECUTE|[5]
17:14:33.190 (190493146)|STATEMENT_EXECUTE|[6]
17:14:33.190 (190509335)|HEAP_ALLOCATE|[2]|Bytes:6
17:14:33.190 (190526751)|VARIABLE_SCOPE_BEGIN|[2]|this|System.ApexBaseClass|true|false
17:14:33.190 (190553242)|VARIABLE_ASSIGNMENT|[2]|this|{"fieldMap":"0x4095da43"}|0x1295d6a
17:14:33.190 (190569969)|STATEMENT_EXECUTE|[8]
17:14:33.190 (190572948)|STATEMENT_EXECUTE|[9]
17:14:33.190 (190587045)|VARIABLE_ASSIGNMENT|[9]|this.sObjectType|"Risk__Scoring_Scheme (3 more) ..."|0x1295d6a
17:14:33.190 (190599577)|CONSTRUCTOR_EXIT|[4]|01p58000000n6Fr|<init>(String)
17:14:33.190 (190604761)|VARIABLE_SCOPE_BEGIN|[4]|scoringScheme|SObjectData|true|false
17:14:33.190 (190631066)|VARIABLE_ASSIGNMENT|[4]|scoringScheme|{"fieldMap":"0x4095da43","sObjectType":"Risk__Scoring_Scheme (3 more) ..."}|0x1295d6a
17:14:33.190 (190637685)|STATEMENT_EXECUTE|[5]
17:14:33.190 (190642280)|HEAP_ALLOCATE|[5]|Bytes:4
17:14:33.190 (190646671)|HEAP_ALLOCATE|[5]|Bytes:18
17:14:33.190 (190687103)|METHOD_ENTRY|[5]|01p58000000n6Fr|SObjectData.addValuePair(String, String)
17:14:33.190 (190713477)|VARIABLE_SCOPE_BEGIN|[65]|this|SObjectData|true|false
17:14:33.190 (190740261)|VARIABLE_ASSIGNMENT|[65]|this|{"fieldMap":"0x4095da43","sObjectType":"Risk__Scoring_Scheme (3 more) ..."}|0x1295d6a
17:14:33.190 (190747208)|VARIABLE_SCOPE_BEGIN|[65]|field|String|false|false
17:14:33.190 (190753126)|VARIABLE_ASSIGNMENT|[65]|field|"Name"
17:14:33.190 (190756500)|VARIABLE_SCOPE_BEGIN|[65]|value|String|false|false
17:14:33.190 (190761624)|VARIABLE_ASSIGNMENT|[65]|value|"Scoring Scheme 5x5"
17:14:33.190 (190770331)|HEAP_ALLOCATE|[67]|Bytes:5
17:14:33.190 (190775320)|STATEMENT_EXECUTE|[65]
17:14:33.190 (190783691)|STATEMENT_EXECUTE|[67]
17:14:33.190 (190788423)|STATEMENT_EXECUTE|[70]
17:14:33.190 (190892175)|HEAP_ALLOCATE|[EXTERNAL]|Bytes:-4
17:14:33.190 (190921841)|METHOD_EXIT|[5]|01p58000000n6Fr|SObjectData.addValuePair(String, String)
17:14:33.190 (190927743)|STATEMENT_EXECUTE|[6]
17:14:33.190 (190932190)|HEAP_ALLOCATE|[6]|Bytes:12
17:14:33.190 (190936489)|HEAP_ALLOCATE|[6]|Bytes:15
17:14:33.190 (190945560)|METHOD_ENTRY|[6]|01p58000000n6Fr|SObjectData.addValuePair(String, String)
17:14:33.190 (190960672)|VARIABLE_SCOPE_BEGIN|[65]|this|SObjectData|true|false
17:14:33.190 (190987383)|VARIABLE_ASSIGNMENT|[65]|this|{"fieldMap":"0x4095da43","sObjectType":"Risk__Scoring_Scheme (3 more) ..."}|0x1295d6a
17:14:33.190 (190992938)|VARIABLE_SCOPE_BEGIN|[65]|field|String|false|false
17:14:33.191 (191001679)|VARIABLE_ASSIGNMENT|[65]|field|"RecordTypeId"
17:14:33.191 (191006033)|VARIABLE_SCOPE_BEGIN|[65]|value|String|false|false
17:14:33.191 (191011223)|VARIABLE_ASSIGNMENT|[65]|value|"012580000000H5p"
17:14:33.191 (191019535)|HEAP_ALLOCATE|[67]|Bytes:5
17:14:33.191 (191024383)|STATEMENT_EXECUTE|[65]
17:14:33.191 (191028576)|STATEMENT_EXECUTE|[67]
17:14:33.191 (191031121)|STATEMENT_EXECUTE|[70]
17:14:33.191 (191051831)|HEAP_ALLOCATE|[EXTERNAL]|Bytes:-4
17:14:33.191 (191070967)|METHOD_EXIT|[6]|01p58000000n6Fr|SObjectData.addValuePair(String, String)
17:14:33.191 (191076067)|STATEMENT_EXECUTE|[8]
17:14:33.191 (191082024)|HEAP_ALLOCATE|[8]|Bytes:24
17:14:33.191 (191086645)|HEAP_ALLOCATE|[8]|Bytes:24
17:14:33.191 (191095442)|CONSTRUCTOR_ENTRY|[8]|01p58000000n6Fr|<init>(String)
17:14:33.191 (191115182)|VARIABLE_SCOPE_BEGIN|[8]|this|SObjectData|true|false
17:14:33.191 (191135846)|VARIABLE_ASSIGNMENT|[8]|this|{}|0xd4e50a6
17:14:33.191 (191140432)|VARIABLE_SCOPE_BEGIN|[8]|sobjectType|String|false|false
17:14:33.191 (191148307)|VARIABLE_ASSIGNMENT|[8]|sobjectType|"Risk__Impact_Categor (4 more) ..."
17:14:33.191 (191155933)|HEAP_ALLOCATE|[2]|Bytes:5
17:14:33.191 (191160571)|STATEMENT_EXECUTE|[1]
17:14:33.191 (191164446)|HEAP_ALLOCATE|[2]|Bytes:5
17:14:33.191 (191167634)|STATEMENT_EXECUTE|[2]
17:14:33.191 (191172425)|HEAP_ALLOCATE|[2]|Bytes:4
17:14:33.191 (191193101)|VARIABLE_ASSIGNMENT|[2]|this.fieldMap|{"s":1,"v":{}}|0xd4e50a6
17:14:33.191 (191198789)|STATEMENT_EXECUTE|[3]
17:14:33.191 (191201442)|STATEMENT_EXECUTE|[4]
17:14:33.191 (191203878)|STATEMENT_EXECUTE|[5]
17:14:33.191 (191206029)|STATEMENT_EXECUTE|[6]
17:14:33.191 (191214150)|VARIABLE_SCOPE_BEGIN|[2]|this|System.ApexBaseClass|true|false
17:14:33.191 (191235175)|VARIABLE_ASSIGNMENT|[2]|this|{"fieldMap":"0x6367d48e"}|0xd4e50a6
17:14:33.191 (191244734)|STATEMENT_EXECUTE|[8]
17:14:33.191 (191247560)|STATEMENT_EXECUTE|[9]
17:14:33.191 (191258540)|VARIABLE_ASSIGNMENT|[9]|this.sObjectType|"Risk__Impact_Categor (4 more) ..."|0xd4e50a6
17:14:33.191 (191268621)|CONSTRUCTOR_EXIT|[8]|01p58000000n6Fr|<init>(String)
17:14:33.191 (191273127)|VARIABLE_SCOPE_BEGIN|[8]|costIC|SObjectData|true|false
17:14:33.191 (191293397)|VARIABLE_ASSIGNMENT|[8]|costIC|{"fieldMap":"0x6367d48e","sObjectType":"Risk__Impact_Categor (4 more) ..."}|0xd4e50a6
17:14:33.191 (191299169)|STATEMENT_EXECUTE|[9]
17:14:33.191 (191304009)|HEAP_ALLOCATE|[9]|Bytes:7
17:14:33.191 (191314716)|METHOD_ENTRY|[9]|01p58000000n6Fr|SObjectData.addValuePair(String, String)
17:14:33.191 (191329766)|VARIABLE_SCOPE_BEGIN|[65]|this|SObjectData|true|false
17:14:33.191 (191353282)|VARIABLE_ASSIGNMENT|[65]|this|{"fieldMap":"0x6367d48e","sObjectType":"Risk__Impact_Categor (4 more) ..."}|0xd4e50a6
17:14:33.191 (191358500)|VARIABLE_SCOPE_BEGIN|[65]|field|String|false|false
17:14:33.191 (191363916)|VARIABLE_ASSIGNMENT|[65]|field|"Name"
17:14:33.191 (191366671)|VARIABLE_SCOPE_BEGIN|[65]|value|String|false|false
17:14:33.191 (191371277)|VARIABLE_ASSIGNMENT|[65]|value|"Cost IC"
17:14:33.191 (191379014)|HEAP_ALLOCATE|[67]|Bytes:5
17:14:33.191 (191383680)|STATEMENT_EXECUTE|[65]
17:14:33.191 (191387376)|STATEMENT_EXECUTE|[67]
17:14:33.191 (191389866)|STATEMENT_EXECUTE|[70]
17:14:33.191 (191410030)|HEAP_ALLOCATE|[EXTERNAL]|Bytes:-4
17:14:33.191 (191428957)|METHOD_EXIT|[9]|01p58000000n6Fr|SObjectData.addValuePair(String, String)
17:14:33.191 (191433841)|STATEMENT_EXECUTE|[10]
17:14:33.191 (191437997)|HEAP_ALLOCATE|[10]|Bytes:21
17:14:33.191 (191442174)|HEAP_ALLOCATE|[10]|Bytes:4
17:14:33.191 (191450361)|METHOD_ENTRY|[10]|01p58000000n6Fr|SObjectData.addValuePair(String, String)
17:14:33.191 (191464352)|VARIABLE_SCOPE_BEGIN|[65]|this|SObjectData|true|false
17:14:33.191 (191488451)|VARIABLE_ASSIGNMENT|[65]|this|{"fieldMap":"0x6367d48e","sObjectType":"Risk__Impact_Categor (4 more) ..."}|0xd4e50a6
17:14:33.191 (191493634)|VARIABLE_SCOPE_BEGIN|[65]|field|String|false|false
17:14:33.191 (191499690)|VARIABLE_ASSIGNMENT|[65]|field|"Risk__Type_Of_Risk__ (1 more) ..."
17:14:33.191 (191502838)|VARIABLE_SCOPE_BEGIN|[65]|value|String|false|false
17:14:33.191 (191507369)|VARIABLE_ASSIGNMENT|[65]|value|"Cost"
17:14:33.191 (191514760)|HEAP_ALLOCATE|[67]|Bytes:5
17:14:33.191 (191519334)|STATEMENT_EXECUTE|[65]
17:14:33.191 (191522981)|STATEMENT_EXECUTE|[67]
17:14:33.191 (191525412)|STATEMENT_EXECUTE|[70]
17:14:33.191 (191544665)|HEAP_ALLOCATE|[EXTERNAL]|Bytes:-4
17:14:33.191 (191562843)|METHOD_EXIT|[10]|01p58000000n6Fr|SObjectData.addValuePair(String, String)
17:14:33.191 (191567691)|STATEMENT_EXECUTE|[12]
17:14:33.191 (191573432)|HEAP_ALLOCATE|[12]|Bytes:24
17:14:33.191 (191582790)|CONSTRUCTOR_ENTRY|[12]|01p58000000n6Fr|<init>(String)
17:14:33.191 (191601642)|VARIABLE_SCOPE_BEGIN|[8]|this|SObjectData|true|false
17:14:33.191 (191625485)|VARIABLE_ASSIGNMENT|[8]|this|{}|0x6665c657
17:14:33.191 (191630542)|VARIABLE_SCOPE_BEGIN|[8]|sobjectType|String|false|false
17:14:33.191 (191639041)|VARIABLE_ASSIGNMENT|[8]|sobjectType|"Risk__Impact_Categor (4 more) ..."
17:14:33.191 (191646833)|HEAP_ALLOCATE|[2]|Bytes:5
17:14:33.191 (191651679)|STATEMENT_EXECUTE|[1]
17:14:33.191 (191655458)|HEAP_ALLOCATE|[2]|Bytes:5
17:14:33.191 (191658780)|STATEMENT_EXECUTE|[2]
17:14:33.191 (191663516)|HEAP_ALLOCATE|[2]|Bytes:4
17:14:33.191 (191684376)|VARIABLE_ASSIGNMENT|[2]|this.fieldMap|{"s":1,"v":{}}|0x6665c657
17:14:33.191 (191689911)|STATEMENT_EXECUTE|[3]
17:14:33.191 (191692568)|STATEMENT_EXECUTE|[4]
17:14:33.191 (191694713)|STATEMENT_EXECUTE|[5]
17:14:33.191 (191696820)|STATEMENT_EXECUTE|[6]
17:14:33.191 (191704400)|VARIABLE_SCOPE_BEGIN|[2]|this|System.ApexBaseClass|true|false
17:14:33.191 (191724926)|VARIABLE_ASSIGNMENT|[2]|this|{"fieldMap":"0x1ce06a5d"}|0x6665c657
17:14:33.191 (191734225)|STATEMENT_EXECUTE|[8]
17:14:33.191 (191736926)|STATEMENT_EXECUTE|[9]
17:14:33.191 (191748042)|VARIABLE_ASSIGNMENT|[9]|this.sObjectType|"Risk__Impact_Categor (4 more) ..."|0x6665c657
17:14:33.191 (191758453)|CONSTRUCTOR_EXIT|[12]|01p58000000n6Fr|<init>(String)
17:14:33.191 (191762795)|VARIABLE_SCOPE_BEGIN|[12]|timeIC|SObjectData|true|false
17:14:33.191 (191785934)|VARIABLE_ASSIGNMENT|[12]|timeIC|{"fieldMap":"0x1ce06a5d","sObjectType":"Risk__Impact_Categor (4 more) ..."}|0x6665c657
17:14:33.191 (191793007)|STATEMENT_EXECUTE|[13]
17:14:33.191 (191804236)|METHOD_ENTRY|[13]|01p58000000n6Fr|SObjectData.addValuePair(String, String)
17:14:33.191 (191818914)|VARIABLE_SCOPE_BEGIN|[65]|this|SObjectData|true|false
17:14:33.191 (191842015)|VARIABLE_ASSIGNMENT|[65]|this|{"fieldMap":"0x1ce06a5d","sObjectType":"Risk__Impact_Categor (4 more) ..."}|0x6665c657
17:14:33.191 (191846966)|VARIABLE_SCOPE_BEGIN|[65]|field|String|false|false
17:14:33.191 (191852500)|VARIABLE_ASSIGNMENT|[65]|field|"Name"
17:14:33.191 (191855123)|VARIABLE_SCOPE_BEGIN|[65]|value|String|false|false
17:14:33.191 (191859438)|VARIABLE_ASSIGNMENT|[65]|value|"Cost IC"
17:14:33.191 (191867283)|HEAP_ALLOCATE|[67]|Bytes:5
17:14:33.191 (191871961)|STATEMENT_EXECUTE|[65]
17:14:33.191 (191875609)|STATEMENT_EXECUTE|[67]
17:14:33.191 (191878066)|STATEMENT_EXECUTE|[70]
17:14:33.191 (191897807)|HEAP_ALLOCATE|[EXTERNAL]|Bytes:-4
17:14:33.191 (191916172)|METHOD_EXIT|[13]|01p58000000n6Fr|SObjectData.addValuePair(String, String)
17:14:33.191 (191921203)|STATEMENT_EXECUTE|[14]
17:14:33.191 (191925732)|HEAP_ALLOCATE|[14]|Bytes:4
17:14:33.191 (191934559)|METHOD_ENTRY|[14]|01p58000000n6Fr|SObjectData.addValuePair(String, String)
17:14:33.191 (191948463)|VARIABLE_SCOPE_BEGIN|[65]|this|SObjectData|true|false
17:14:33.191 (191972780)|VARIABLE_ASSIGNMENT|[65]|this|{"fieldMap":"0x1ce06a5d","sObjectType":"Risk__Impact_Categor (4 more) ..."}|0x6665c657
17:14:33.191 (191978541)|VARIABLE_SCOPE_BEGIN|[65]|field|String|false|false
17:14:33.191 (191984605)|VARIABLE_ASSIGNMENT|[65]|field|"Risk__Type_Of_Risk__ (1 more) ..."
17:14:33.191 (191987450)|VARIABLE_SCOPE_BEGIN|[65]|value|String|false|false
17:14:33.191 (191995817)|VARIABLE_ASSIGNMENT|[65]|value|"Time"
17:14:33.192 (192004135)|HEAP_ALLOCATE|[67]|Bytes:5
17:14:33.192 (192009822)|STATEMENT_EXECUTE|[65]
17:14:33.192 (192013482)|STATEMENT_EXECUTE|[67]
17:14:33.192 (192015949)|STATEMENT_EXECUTE|[70]
17:14:33.192 (192035444)|HEAP_ALLOCATE|[EXTERNAL]|Bytes:-4
17:14:33.192 (192053556)|METHOD_EXIT|[14]|01p58000000n6Fr|SObjectData.addValuePair(String, String)
17:14:33.192 (192058222)|STATEMENT_EXECUTE|[16]
17:14:33.192 (192072096)|METHOD_ENTRY|[16]|01p58000000n6Fr|SObjectData.addChild(String, SObjectData)
17:14:33.192 (192094162)|VARIABLE_SCOPE_BEGIN|[40]|this|SObjectData|true|false
17:14:33.192 (192118917)|VARIABLE_ASSIGNMENT|[40]|this|{"fieldMap":"0x4095da43","sObjectType":"Risk__Scoring_Scheme (3 more) ..."}|0x1295d6a
17:14:33.192 (192125076)|VARIABLE_SCOPE_BEGIN|[40]|field|String|false|false
17:14:33.192 (192131285)|VARIABLE_ASSIGNMENT|[40]|field|"Risk__Scoring_Scheme (3 more) ..."
17:14:33.192 (192135117)|VARIABLE_SCOPE_BEGIN|[40]|o|SObjectData|true|false
17:14:33.192 (192150685)|VARIABLE_ASSIGNMENT|[40]|o|{"fieldMap":"0x6367d48e","sObjectType":"Risk__Impact_Categor (4 more) ..."}|0xd4e50a6
17:14:33.192 (192160157)|HEAP_ALLOCATE|[41]|Bytes:5
17:14:33.192 (192164862)|STATEMENT_EXECUTE|[40]
17:14:33.192 (192169700)|STATEMENT_EXECUTE|[41]
17:14:33.192 (192172055)|STATEMENT_EXECUTE|[42]
17:14:33.192 (192176969)|HEAP_ALLOCATE|[42]|Bytes:4
17:14:33.192 (192241697)|VARIABLE_ASSIGNMENT|[42]|this.children|{"s":1,"v":{}}|0x1295d6a
17:14:33.192 (192303671)|STATEMENT_EXECUTE|[46]
17:14:33.192 (192307622)|STATEMENT_EXECUTE|[47]
17:14:33.192 (192359091)|HEAP_ALLOCATE|[47]|Bytes:4
17:14:33.192 (192483725)|HEAP_ALLOCATE|[EXTERNAL]|Bytes:8
17:14:33.192 (192489219)|HEAP_ALLOCATE|[EXTERNAL]|Bytes:-4
17:14:33.192 (192505360)|STATEMENT_EXECUTE|[49]
17:14:33.192 (192606946)|HEAP_ALLOCATE|[49]|Bytes:149
17:14:33.192 (192632783)|HEAP_ALLOCATE|[49]|Bytes:4
17:14:33.192 (192687511)|HEAP_ALLOCATE|[49]|Bytes:177
17:14:33.192 (192715066)|HEAP_ALLOCATE|[49]|Bytes:330
17:14:33.192 (192752082)|USER_DEBUG|[49]|DEBUG|SObjectData:[children=null, fieldMap={Name=Cost IC, Risk__Type_Of_Risk__c=Cost}, parent=null, parentField=null, sObjectType=Risk__Impact_Category__c] :: {Risk__Scoring_Scheme__c=(SObjectData:[children=null, fieldMap={Name=Cost IC, Risk__Type_Of_Risk__c=Cost}, parent=null, parentField=null, sObjectType=Risk__Impact_Category__c])}
17:14:33.192 (192768533)|METHOD_EXIT|[16]|01p58000000n6Fr|SObjectData.addChild(String, SObjectData)
17:14:33.192 (192773701)|STATEMENT_EXECUTE|[17]
17:14:33.192 (192784838)|METHOD_ENTRY|[17]|01p58000000n6Fr|SObjectData.addChild(String, SObjectData)
17:14:33.192 (192802689)|VARIABLE_SCOPE_BEGIN|[40]|this|SObjectData|true|false
17:14:33.192 (192830934)|VARIABLE_ASSIGNMENT|[40]|this|{"children":"0x3ecaa947","fieldMap":"0x4095da43","sObjectType":"Risk__Scoring_Scheme (3 more) ..."}|0x1295d6a
17:14:33.192 (192836858)|VARIABLE_SCOPE_BEGIN|[40]|field|String|false|false
17:14:33.192 (192842922)|VARIABLE_ASSIGNMENT|[40]|field|"Risk__Scoring_Scheme (3 more) ..."
17:14:33.192 (192845784)|VARIABLE_SCOPE_BEGIN|[40]|o|SObjectData|true|false
17:14:33.192 (192862191)|VARIABLE_ASSIGNMENT|[40]|o|{"fieldMap":"0x1ce06a5d","sObjectType":"Risk__Impact_Categor (4 more) ..."}|0x6665c657
17:14:33.192 (192872251)|HEAP_ALLOCATE|[41]|Bytes:5
17:14:33.192 (192876910)|STATEMENT_EXECUTE|[40]
17:14:33.192 (192880628)|STATEMENT_EXECUTE|[41]
17:14:33.192 (192907116)|STATEMENT_EXECUTE|[46]
17:14:33.192 (192910324)|STATEMENT_EXECUTE|[47]
17:14:33.192 (192915446)|HEAP_ALLOCATE|[47]|Bytes:4
17:14:33.192 (192945940)|HEAP_ALLOCATE|[EXTERNAL]|Bytes:8
17:14:33.192 (192968868)|STATEMENT_EXECUTE|[49]
17:14:33.193 (193013121)|HEAP_ALLOCATE|[49]|Bytes:149
17:14:33.193 (193073335)|HEAP_ALLOCATE|[49]|Bytes:177
17:14:33.193 (193094208)|HEAP_ALLOCATE|[49]|Bytes:330
17:14:33.193 (193106105)|USER_DEBUG|[49]|DEBUG|SObjectData:[children=null, fieldMap={Name=Cost IC, Risk__Type_Of_Risk__c=Time}, parent=null, parentField=null, sObjectType=Risk__Impact_Category__c] :: {Risk__Scoring_Scheme__c=(SObjectData:[children=null, fieldMap={Name=Cost IC, Risk__Type_Of_Risk__c=Time}, parent=null, parentField=null, sObjectType=Risk__Impact_Category__c])}
17:14:33.193 (193120081)|METHOD_EXIT|[17]|01p58000000n6Fr|SObjectData.addChild(String, SObjectData)
17:14:33.193 (193125026)|STATEMENT_EXECUTE|[19]
17:14:33.199 (199823895)|HEAP_ALLOCATE|[19]|Bytes:19
17:14:33.199 (199833965)|HEAP_ALLOCATE|[19]|Bytes:2
17:14:33.199 (199855144)|METHOD_ENTRY|[1]|01p58000000n6rI|SObjectUtility.SObjectUtility()
17:14:33.199 (199861545)|STATEMENT_EXECUTE|[1]
17:14:33.199 (199867038)|STATEMENT_EXECUTE|[1]
17:14:33.199 (199873886)|HEAP_ALLOCATE|[19]|Bytes:5
17:14:33.199 (199885097)|METHOD_EXIT|[1]|SObjectUtility
17:14:33.199 (199905550)|HEAP_ALLOCATE|[19]|Bytes:8
17:14:33.199 (199916331)|CONSTRUCTOR_ENTRY|[19]|01p58000000n6rI|<init>()
17:14:33.199 (199945345)|VARIABLE_SCOPE_BEGIN|[1]|this|SObjectUtility|true|false
17:14:33.199 (199971826)|VARIABLE_ASSIGNMENT|[1]|this|{}|0x433f10fa
17:14:33.199 (199981393)|HEAP_ALLOCATE|[3]|Bytes:5
17:14:33.199 (199990207)|VARIABLE_SCOPE_BEGIN|[2]|this|System.ApexBaseClass|true|false
17:14:33.200 (200006012)|VARIABLE_ASSIGNMENT|[2]|this|{}|0x433f10fa
17:14:33.200 (200018301)|STATEMENT_EXECUTE|[1]
17:14:33.200 (200023924)|HEAP_ALLOCATE|[3]|Bytes:5
17:14:33.200 (200027796)|STATEMENT_EXECUTE|[3]
17:14:33.200 (200033483)|HEAP_ALLOCATE|[3]|Bytes:4
17:14:33.200 (200061516)|VARIABLE_ASSIGNMENT|[3]|this.childrenMap|{"s":1,"v":{}}|0x433f10fa
17:14:33.200 (200072482)|CONSTRUCTOR_EXIT|[19]|01p58000000n6rI|<init>()
17:14:33.200 (200077396)|VARIABLE_SCOPE_BEGIN|[19]|su|SObjectUtility|true|false
17:14:33.200 (200097624)|VARIABLE_ASSIGNMENT|[19]|su|{"childrenMap":"0x6ac80ddf"}|0x433f10fa
17:14:33.200 (200103527)|STATEMENT_EXECUTE|[20]
17:14:33.200 (200109662)|HEAP_ALLOCATE|[20]|Bytes:4
17:14:33.200 (200167095)|METHOD_ENTRY|[20]|01p58000000n6rI|SObjectUtility.createSObjects(List<SObjectData>)
17:14:33.200 (200177787)|VARIABLE_SCOPE_BEGIN|[5]|this|SObjectUtility|true|false
17:14:33.200 (200199361)|VARIABLE_ASSIGNMENT|[5]|this|{"childrenMap":"0x6ac80ddf"}|0x433f10fa
17:14:33.200 (200205935)|VARIABLE_SCOPE_BEGIN|[5]|dataList|List<SObjectData>|true|false
17:14:33.200 (200215954)|HEAP_ALLOCATE|[EXTERNAL]|Bytes:8
17:14:33.200 (200245665)|VARIABLE_ASSIGNMENT|[5]|dataList|{"s":1,"v":[{"children":"0x3ecaa947","fieldMap":"0x4095da43","sObjectType":"Risk__Scoring_Scheme (3 more) ..."}]}|0x5998bc89
17:14:33.200 (200257489)|HEAP_ALLOCATE|[6]|Bytes:5
17:14:33.200 (200262547)|STATEMENT_EXECUTE|[5]
17:14:33.200 (200265187)|STATEMENT_EXECUTE|[6]
17:14:33.200 (200288161)|METHOD_ENTRY|[6]|01p58000000n6rI|SObjectUtility.createRoot(List<SObjectData>)
17:14:33.200 (200344340)|VARIABLE_SCOPE_BEGIN|[58]|this|SObjectUtility|true|false
17:14:33.200 (200367939)|VARIABLE_ASSIGNMENT|[58]|this|{"childrenMap":"0x6ac80ddf"}|0x433f10fa
17:14:33.200 (200374339)|VARIABLE_SCOPE_BEGIN|[58]|dataList|List<SObjectData>|true|false
17:14:33.200 (200397236)|VARIABLE_ASSIGNMENT|[58]|dataList|{"s":1,"v":[{"children":"0x3ecaa947","fieldMap":"0x4095da43","sObjectType":"Risk__Scoring_Scheme (3 more) ..."}]}|0x5998bc89
17:14:33.200 (200408218)|HEAP_ALLOCATE|[59]|Bytes:5
17:14:33.200 (200413321)|STATEMENT_EXECUTE|[58]
17:14:33.200 (200416007)|STATEMENT_EXECUTE|[59]
17:14:33.200 (200421288)|HEAP_ALLOCATE|[59]|Bytes:4
17:14:33.200 (200432822)|VARIABLE_SCOPE_BEGIN|[59]|rootObjects|Map<String,SObject>|true|false
17:14:33.200 (200450045)|VARIABLE_ASSIGNMENT|[59]|rootObjects|{"s":1,"v":{}}|0x7e01ac12
17:14:33.200 (200713463)|HEAP_ALLOCATE|[60]|Bytes:5
17:14:33.200 (200735284)|HEAP_ALLOCATE|[60]|Bytes:24
17:14:33.200 (200746432)|VARIABLE_SCOPE_BEGIN|[60]|obj|SObjectData|true|false
17:14:33.200 (200776305)|VARIABLE_ASSIGNMENT|[60]|obj|{"children":"0x3ecaa947","fieldMap":"0x4095da43","sObjectType":"Risk__Scoring_Scheme (3 more) ..."}|0x1295d6a
17:14:33.200 (200790925)|STATEMENT_EXECUTE|[60]
17:14:33.200 (200794560)|STATEMENT_EXECUTE|[61]
17:14:33.200 (200813859)|METHOD_ENTRY|[61]|01p58000000n6rI|SObjectUtility.generateRandomString(Integer)
17:14:33.200 (200834630)|HEAP_ALLOCATE|[97]|Bytes:4
17:14:33.200 (200841045)|VARIABLE_SCOPE_BEGIN|[96]|len|Integer|false|false
17:14:33.200 (200849651)|VARIABLE_ASSIGNMENT|[96]|len|18
17:14:33.200 (200858191)|HEAP_ALLOCATE|[97]|Bytes:5
17:14:33.200 (200862256)|STATEMENT_EXECUTE|[96]
17:14:33.200 (200865072)|STATEMENT_EXECUTE|[97]
17:14:33.200 (200868835)|HEAP_ALLOCATE|[97]|Bytes:62
17:14:33.200 (200873439)|VARIABLE_SCOPE_BEGIN|[97]|chars|String|false|false
17:14:33.200 (200882821)|VARIABLE_ASSIGNMENT|[97]|chars|"ABCDEFGHIJKLMNOPQRST (42 more) ..."
17:14:33.200 (200886458)|STATEMENT_EXECUTE|[98]
17:14:33.200 (200893188)|VARIABLE_SCOPE_BEGIN|[98]|randStr|String|false|false
17:14:33.200 (200899381)|VARIABLE_ASSIGNMENT|[98]|randStr|""
17:14:33.200 (200947017)|STATEMENT_EXECUTE|[99]
17:14:33.200 (200951062)|STATEMENT_EXECUTE|[100]
17:14:33.201 (201133957)|VARIABLE_SCOPE_BEGIN|[2]|Math.E|Double|false|true
17:14:33.201 (201141507)|VARIABLE_SCOPE_BEGIN|[3]|Math.PI|Double|false|true
17:14:33.201 (201389021)|VARIABLE_SCOPE_BEGIN|[100]|idx|Integer|false|false
17:14:33.201 (201395240)|HEAP_ALLOCATE|[100]|Bytes:4
17:14:33.201 (201404341)|VARIABLE_ASSIGNMENT|[100]|idx|29
17:14:33.201 (201408462)|STATEMENT_EXECUTE|[101]
17:14:33.201 (201444831)|HEAP_ALLOCATE|[101]|Bytes:1
17:14:33.201 (201467637)|HEAP_ALLOCATE|[101]|Bytes:1
17:14:33.201 (201477784)|VARIABLE_ASSIGNMENT|[101]|randStr|"3"
17:14:33.201 (201498645)|STATEMENT_EXECUTE|[99]
17:14:33.201 (201501727)|STATEMENT_EXECUTE|[100]
17:14:33.201 (201595072)|VARIABLE_SCOPE_BEGIN|[100]|idx|Integer|false|false
17:14:33.201 (201600112)|HEAP_ALLOCATE|[100]|Bytes:4
17:14:33.201 (201608899)|VARIABLE_ASSIGNMENT|[100]|idx|46
17:14:33.201 (201612753)|STATEMENT_EXECUTE|[101]
17:14:33.201 (201637436)|HEAP_ALLOCATE|[101]|Bytes:1
17:14:33.201 (201653290)|HEAP_ALLOCATE|[101]|Bytes:2
17:14:33.201 (201662739)|VARIABLE_ASSIGNMENT|[101]|randStr|"3k"
17:14:33.201 (201682109)|STATEMENT_EXECUTE|[99]
17:14:33.201 (201685246)|STATEMENT_EXECUTE|[100]
17:14:33.201 (201778704)|VARIABLE_SCOPE_BEGIN|[100]|idx|Integer|false|false
17:14:33.201 (201783713)|HEAP_ALLOCATE|[100]|Bytes:4
17:14:33.201 (201791977)|VARIABLE_ASSIGNMENT|[100]|idx|21
17:14:33.201 (201795836)|STATEMENT_EXECUTE|[101]
17:14:33.201 (201814097)|HEAP_ALLOCATE|[101]|Bytes:1
17:14:33.201 (201828447)|HEAP_ALLOCATE|[101]|Bytes:3
17:14:33.201 (201837324)|VARIABLE_ASSIGNMENT|[101]|randStr|"3kV"
17:14:33.201 (201856201)|STATEMENT_EXECUTE|[99]
17:14:33.201 (201859167)|STATEMENT_EXECUTE|[100]
17:14:33.201 (201946974)|VARIABLE_SCOPE_BEGIN|[100]|idx|Integer|false|false
17:14:33.201 (201951840)|HEAP_ALLOCATE|[100]|Bytes:4
17:14:33.201 (201960004)|VARIABLE_ASSIGNMENT|[100]|idx|9
17:14:33.201 (201963861)|STATEMENT_EXECUTE|[101]
17:14:33.201 (201981626)|HEAP_ALLOCATE|[101]|Bytes:1
17:14:33.201 (201995891)|HEAP_ALLOCATE|[101]|Bytes:4
17:14:33.202 (202004760)|VARIABLE_ASSIGNMENT|[101]|randStr|"3kVJ"
17:14:33.202 (202024840)|STATEMENT_EXECUTE|[99]
17:14:33.202 (202027848)|STATEMENT_EXECUTE|[100]
17:14:33.202 (202117369)|VARIABLE_SCOPE_BEGIN|[100]|idx|Integer|false|false
17:14:33.202 (202122429)|HEAP_ALLOCATE|[100]|Bytes:4
17:14:33.202 (202130663)|VARIABLE_ASSIGNMENT|[100]|idx|29
17:14:33.202 (202134267)|STATEMENT_EXECUTE|[101]
17:14:33.202 (202152610)|HEAP_ALLOCATE|[101]|Bytes:1
17:14:33.202 (202167080)|HEAP_ALLOCATE|[101]|Bytes:5
17:14:33.202 (202176125)|VARIABLE_ASSIGNMENT|[101]|randStr|"3kVJ3"
17:14:33.202 (202194648)|STATEMENT_EXECUTE|[99]
17:14:33.202 (202197868)|STATEMENT_EXECUTE|[100]
17:14:33.202 (202284965)|VARIABLE_SCOPE_BEGIN|[100]|idx|Integer|false|false
17:14:33.202 (202289920)|HEAP_ALLOCATE|[100]|Bytes:4
17:14:33.202 (202298122)|VARIABLE_ASSIGNMENT|[100]|idx|41
17:14:33.202 (202301687)|STATEMENT_EXECUTE|[101]
17:14:33.202 (202319712)|HEAP_ALLOCATE|[101]|Bytes:1
17:14:33.202 (202334083)|HEAP_ALLOCATE|[101]|Bytes:6
17:14:33.202 (202343143)|VARIABLE_ASSIGNMENT|[101]|randStr|"3kVJ3f"
17:14:33.202 (202362130)|STATEMENT_EXECUTE|[99]
17:14:33.202 (202365011)|STATEMENT_EXECUTE|[100]
17:14:33.202 (202465720)|VARIABLE_SCOPE_BEGIN|[100]|idx|Integer|false|false
17:14:33.202 (202470707)|HEAP_ALLOCATE|[100]|Bytes:4
17:14:33.202 (202478954)|VARIABLE_ASSIGNMENT|[100]|idx|31
17:14:33.202 (202482536)|STATEMENT_EXECUTE|[101]
17:14:33.202 (202500643)|HEAP_ALLOCATE|[101]|Bytes:1
17:14:33.202 (202518881)|HEAP_ALLOCATE|[101]|Bytes:7
17:14:33.202 (202529135)|VARIABLE_ASSIGNMENT|[101]|randStr|"3kVJ3f5"
17:14:33.202 (202549332)|STATEMENT_EXECUTE|[99]
17:14:33.202 (202552397)|STATEMENT_EXECUTE|[100]
17:14:33.202 (202653115)|VARIABLE_SCOPE_BEGIN|[100]|idx|Integer|false|false
17:14:33.202 (202658383)|HEAP_ALLOCATE|[100]|Bytes:4
17:14:33.202 (202666962)|VARIABLE_ASSIGNMENT|[100]|idx|38
17:14:33.202 (202670731)|STATEMENT_EXECUTE|[101]
17:14:33.202 (202689253)|HEAP_ALLOCATE|[101]|Bytes:1
17:14:33.202 (202703891)|HEAP_ALLOCATE|[101]|Bytes:8
17:14:33.202 (202712824)|VARIABLE_ASSIGNMENT|[101]|randStr|"3kVJ3f5c"
17:14:33.202 (202732468)|STATEMENT_EXECUTE|[99]
17:14:33.202 (202735395)|STATEMENT_EXECUTE|[100]
17:14:33.202 (202822846)|VARIABLE_SCOPE_BEGIN|[100]|idx|Integer|false|false
17:14:33.202 (202827803)|HEAP_ALLOCATE|[100]|Bytes:4
17:14:33.202 (202835945)|VARIABLE_ASSIGNMENT|[100]|idx|33
17:14:33.202 (202839555)|STATEMENT_EXECUTE|[101]
17:14:33.202 (202857362)|HEAP_ALLOCATE|[101]|Bytes:1
17:14:33.202 (202871955)|HEAP_ALLOCATE|[101]|Bytes:9
17:14:33.202 (202880871)|VARIABLE_ASSIGNMENT|[101]|randStr|"3kVJ3f5c7"
17:14:33.202 (202899915)|STATEMENT_EXECUTE|[99]
17:14:33.202 (202902880)|STATEMENT_EXECUTE|[100]
17:14:33.202 (202989565)|VARIABLE_SCOPE_BEGIN|[100]|idx|Integer|false|false
17:14:33.202 (202994346)|HEAP_ALLOCATE|[100]|Bytes:4
17:14:33.203 (203002359)|VARIABLE_ASSIGNMENT|[100]|idx|49
17:14:33.203 (203006846)|STATEMENT_EXECUTE|[101]
17:14:33.203 (203027767)|HEAP_ALLOCATE|[101]|Bytes:1
17:14:33.203 (203044291)|HEAP_ALLOCATE|[101]|Bytes:10
17:14:33.203 (203053839)|VARIABLE_ASSIGNMENT|[101]|randStr|"3kVJ3f5c7n"
17:14:33.203 (203072925)|STATEMENT_EXECUTE|[99]
17:14:33.203 (203075835)|STATEMENT_EXECUTE|[100]
17:14:33.203 (203162747)|VARIABLE_SCOPE_BEGIN|[100]|idx|Integer|false|false
17:14:33.203 (203167470)|HEAP_ALLOCATE|[100]|Bytes:4
17:14:33.203 (203175679)|VARIABLE_ASSIGNMENT|[100]|idx|14
17:14:33.203 (203179291)|STATEMENT_EXECUTE|[101]
17:14:33.203 (203197115)|HEAP_ALLOCATE|[101]|Bytes:1
17:14:33.203 (203211695)|HEAP_ALLOCATE|[101]|Bytes:11
17:14:33.203 (203220562)|VARIABLE_ASSIGNMENT|[101]|randStr|"3kVJ3f5c7nO"
17:14:33.203 (203239429)|STATEMENT_EXECUTE|[99]
17:14:33.203 (203242351)|STATEMENT_EXECUTE|[100]
17:14:33.203 (203329239)|VARIABLE_SCOPE_BEGIN|[100]|idx|Integer|false|false
17:14:33.203 (203334162)|HEAP_ALLOCATE|[100]|Bytes:4
17:14:33.203 (203342336)|VARIABLE_ASSIGNMENT|[100]|idx|38
17:14:33.203 (203346041)|STATEMENT_EXECUTE|[101]
17:14:33.203 (203364011)|HEAP_ALLOCATE|[101]|Bytes:1
17:14:33.203 (203378454)|HEAP_ALLOCATE|[101]|Bytes:12
17:14:33.203 (203387433)|VARIABLE_ASSIGNMENT|[101]|randStr|"3kVJ3f5c7nOc"
17:14:33.203 (203406826)|STATEMENT_EXECUTE|[99]
17:14:33.203 (203409692)|STATEMENT_EXECUTE|[100]
17:14:33.203 (203502193)|VARIABLE_SCOPE_BEGIN|[100]|idx|Integer|false|false
17:14:33.203 (203507112)|HEAP_ALLOCATE|[100]|Bytes:4
17:14:33.203 (203515472)|VARIABLE_ASSIGNMENT|[100]|idx|4
17:14:33.203 (203519271)|STATEMENT_EXECUTE|[101]
17:14:33.203 (203537168)|HEAP_ALLOCATE|[101]|Bytes:1
17:14:33.203 (203551422)|HEAP_ALLOCATE|[101]|Bytes:13
17:14:33.203 (203560273)|VARIABLE_ASSIGNMENT|[101]|randStr|"3kVJ3f5c7nOcE"
17:14:33.203 (203578822)|STATEMENT_EXECUTE|[99]
17:14:33.203 (203581744)|STATEMENT_EXECUTE|[100]
17:14:33.203 (203674165)|VARIABLE_SCOPE_BEGIN|[100]|idx|Integer|false|false
17:14:33.203 (203679295)|HEAP_ALLOCATE|[100]|Bytes:4
17:14:33.203 (203687569)|VARIABLE_ASSIGNMENT|[100]|idx|47
17:14:33.203 (203691548)|STATEMENT_EXECUTE|[101]
17:14:33.203 (203709663)|HEAP_ALLOCATE|[101]|Bytes:1
17:14:33.203 (203724278)|HEAP_ALLOCATE|[101]|Bytes:14
17:14:33.203 (203733458)|VARIABLE_ASSIGNMENT|[101]|randStr|"3kVJ3f5c7nOcEl"
17:14:33.203 (203752435)|STATEMENT_EXECUTE|[99]
17:14:33.203 (203755314)|STATEMENT_EXECUTE|[100]
17:14:33.203 (203851429)|VARIABLE_SCOPE_BEGIN|[100]|idx|Integer|false|false
17:14:33.203 (203856288)|HEAP_ALLOCATE|[100]|Bytes:4
17:14:33.203 (203864650)|VARIABLE_ASSIGNMENT|[100]|idx|60
17:14:33.203 (203868306)|STATEMENT_EXECUTE|[101]
17:14:33.203 (203886426)|HEAP_ALLOCATE|[101]|Bytes:1
17:14:33.203 (203900755)|HEAP_ALLOCATE|[101]|Bytes:15
17:14:33.203 (203909762)|VARIABLE_ASSIGNMENT|[101]|randStr|"3kVJ3f5c7nOcEly"
17:14:33.203 (203928901)|STATEMENT_EXECUTE|[99]
17:14:33.203 (203932548)|STATEMENT_EXECUTE|[100]
17:14:33.204 (204020262)|VARIABLE_SCOPE_BEGIN|[100]|idx|Integer|false|false
17:14:33.204 (204026017)|HEAP_ALLOCATE|[100]|Bytes:4
17:14:33.204 (204034253)|VARIABLE_ASSIGNMENT|[100]|idx|13
17:14:33.204 (204037841)|STATEMENT_EXECUTE|[101]
17:14:33.204 (204056358)|HEAP_ALLOCATE|[101]|Bytes:1
17:14:33.204 (204070504)|HEAP_ALLOCATE|[101]|Bytes:16
17:14:33.204 (204079447)|VARIABLE_ASSIGNMENT|[101]|randStr|"3kVJ3f5c7nOcElyN"
17:14:33.204 (204098468)|STATEMENT_EXECUTE|[99]
17:14:33.204 (204101427)|STATEMENT_EXECUTE|[100]
17:14:33.204 (204192666)|VARIABLE_SCOPE_BEGIN|[100]|idx|Integer|false|false
17:14:33.204 (204197727)|HEAP_ALLOCATE|[100]|Bytes:4
17:14:33.204 (204205950)|VARIABLE_ASSIGNMENT|[100]|idx|25
17:14:33.204 (204209571)|STATEMENT_EXECUTE|[101]
17:14:33.204 (204227601)|HEAP_ALLOCATE|[101]|Bytes:1
17:14:33.204 (204241894)|HEAP_ALLOCATE|[101]|Bytes:17
17:14:33.204 (204250932)|VARIABLE_ASSIGNMENT|[101]|randStr|"3kVJ3f5c7nOcElyNZ"
17:14:33.204 (204269752)|STATEMENT_EXECUTE|[99]
17:14:33.204 (204272834)|STATEMENT_EXECUTE|[100]
17:14:33.204 (204360996)|VARIABLE_SCOPE_BEGIN|[100]|idx|Integer|false|false
17:14:33.204 (204365964)|HEAP_ALLOCATE|[100]|Bytes:4
17:14:33.204 (204374081)|VARIABLE_ASSIGNMENT|[100]|idx|30
17:14:33.204 (204377611)|STATEMENT_EXECUTE|[101]
17:14:33.204 (204395665)|HEAP_ALLOCATE|[101]|Bytes:1
17:14:33.204 (204409911)|HEAP_ALLOCATE|[101]|Bytes:18
17:14:33.204 (204419008)|VARIABLE_ASSIGNMENT|[101]|randStr|"3kVJ3f5c7nOcElyNZ4"
17:14:33.204 (204439056)|STATEMENT_EXECUTE|[103]
17:14:33.204 (204447051)|METHOD_EXIT|[61]|01p58000000n6rI|SObjectUtility.generateRandomString(Integer)
17:14:33.204 (204452231)|VARIABLE_SCOPE_BEGIN|[61]|rId|String|false|false
17:14:33.204 (204460110)|VARIABLE_ASSIGNMENT|[61]|rId|"3kVJ3f5c7nOcElyNZ4"
17:14:33.204 (204463501)|STATEMENT_EXECUTE|[62]
17:14:33.204 (204477086)|METHOD_ENTRY|[62]|01p58000000n6rI|SObjectUtility.createSObject(SObjectData)
17:14:33.204 (204500450)|VARIABLE_SCOPE_BEGIN|[11]|this|SObjectUtility|true|false
17:14:33.204 (204524162)|VARIABLE_ASSIGNMENT|[11]|this|{"childrenMap":"0x6ac80ddf"}|0x433f10fa
17:14:33.204 (204530464)|VARIABLE_SCOPE_BEGIN|[11]|obj|SObjectData|true|false
17:14:33.204 (204551144)|VARIABLE_ASSIGNMENT|[11]|obj|{"children":"0x3ecaa947","fieldMap":"0x4095da43","sObjectType":"Risk__Scoring_Scheme (3 more) ..."}|0x1295d6a
17:14:33.204 (204561670)|HEAP_ALLOCATE|[12]|Bytes:5
17:14:33.204 (204566710)|STATEMENT_EXECUTE|[11]
17:14:33.302 (302887885)|HEAP_ALLOCATE|[12]|Bytes:1796
17:14:33.302 (302962497)|METHOD_ENTRY|[12]|01p58000000n6Fr|SObjectData.getSObjectType()
17:14:33.302 (302980176)|VARIABLE_SCOPE_BEGIN|[77]|this|SObjectData|true|false
17:14:33.303 (303057053)|VARIABLE_ASSIGNMENT|[77]|this|{"children":"0x3ecaa947","fieldMap":"0x4095da43","sObjectType":"Risk__Scoring_Scheme (3 more) ..."}|0x1295d6a
17:14:33.303 (303082918)|HEAP_ALLOCATE|[78]|Bytes:5
17:14:33.303 (303091294)|STATEMENT_EXECUTE|[77]
17:14:33.303 (303094421)|STATEMENT_EXECUTE|[78]
17:14:33.303 (303111576)|METHOD_EXIT|[12]|01p58000000n6Fr|SObjectData.getSObjectType()
17:14:33.303 (303171559)|STATEMENT_EXECUTE|[12]
17:14:33.303 (303175895)|STATEMENT_EXECUTE|[15]
17:14:33.307 (307287541)|HEAP_ALLOCATE|[15]|Bytes:1796
17:14:33.307 (307314733)|METHOD_ENTRY|[15]|01p58000000n6Fr|SObjectData.getSObjectType()
17:14:33.307 (307321837)|VARIABLE_SCOPE_BEGIN|[77]|this|SObjectData|true|false
17:14:33.307 (307353145)|VARIABLE_ASSIGNMENT|[77]|this|{"children":"0x3ecaa947","fieldMap":"0x4095da43","sObjectType":"Risk__Scoring_Scheme (3 more) ..."}|0x1295d6a
17:14:33.307 (307365054)|HEAP_ALLOCATE|[78]|Bytes:5
17:14:33.307 (307370313)|STATEMENT_EXECUTE|[77]
17:14:33.307 (307373055)|STATEMENT_EXECUTE|[78]
17:14:33.307 (307381126)|METHOD_EXIT|[15]|01p58000000n6Fr|SObjectData.getSObjectType()
17:14:33.307 (307729564)|HEAP_ALLOCATE|[15]|Bytes:4
17:14:33.307 (307755142)|VARIABLE_SCOPE_BEGIN|[15]|sObj|SObject|true|false
17:14:33.307 (307887261)|VARIABLE_ASSIGNMENT|[15]|sObj|{}|0x72847923
17:14:33.307 (307910605)|HEAP_ALLOCATE|[16]|Bytes:4
17:14:33.307 (307967813)|METHOD_ENTRY|[16]|01p58000000n6Fr|SObjectData.getFieldMap()
17:14:33.307 (307977106)|VARIABLE_SCOPE_BEGIN|[73]|this|SObjectData|true|false
17:14:33.308 (308007301)|VARIABLE_ASSIGNMENT|[73]|this|{"children":"0x3ecaa947","fieldMap":"0x4095da43","sObjectType":"Risk__Scoring_Scheme (3 more) ..."}|0x1295d6a
17:14:33.308 (308019810)|HEAP_ALLOCATE|[74]|Bytes:5
17:14:33.308 (308025334)|STATEMENT_EXECUTE|[73]
17:14:33.308 (308028144)|STATEMENT_EXECUTE|[74]
17:14:33.308 (308038394)|METHOD_EXIT|[16]|01p58000000n6Fr|SObjectData.getFieldMap()
17:14:33.308 (308106637)|HEAP_ALLOCATE|[16]|Bytes:28
17:14:33.308 (308144410)|HEAP_ALLOCATE|[16]|Bytes:8
17:14:33.308 (308198373)|HEAP_ALLOCATE|[16]|Bytes:5
17:14:33.308 (308223682)|VARIABLE_SCOPE_BEGIN|[16]|field|String|false|false
17:14:33.308 (308235254)|VARIABLE_ASSIGNMENT|[16]|field|"Name"
17:14:33.308 (308240010)|STATEMENT_EXECUTE|[16]
17:14:33.308 (308242904)|STATEMENT_EXECUTE|[17]
17:14:33.308 (308252010)|METHOD_ENTRY|[17]|01p58000000n6Fr|SObjectData.getFieldMap()
17:14:33.308 (308275936)|VARIABLE_SCOPE_BEGIN|[73]|this|SObjectData|true|false
17:14:33.308 (308303409)|VARIABLE_ASSIGNMENT|[73]|this|{"children":"0x3ecaa947","fieldMap":"0x4095da43","sObjectType":"Risk__Scoring_Scheme (3 more) ..."}|0x1295d6a
17:14:33.308 (308314179)|HEAP_ALLOCATE|[74]|Bytes:5
17:14:33.308 (308319384)|STATEMENT_EXECUTE|[73]
17:14:33.308 (308322071)|STATEMENT_EXECUTE|[74]
17:14:33.308 (308330057)|METHOD_EXIT|[17]|01p58000000n6Fr|SObjectData.getFieldMap()
17:14:33.308 (308361090)|VARIABLE_SCOPE_BEGIN|[17]|value|String|false|false
17:14:33.308 (308372387)|VARIABLE_ASSIGNMENT|[17]|value|"Scoring Scheme 5x5"
17:14:33.308 (308376566)|STATEMENT_EXECUTE|[18]
17:14:33.309 (309664146)|HEAP_ALLOCATE|[16]|Bytes:5
17:14:33.309 (309682795)|VARIABLE_SCOPE_BEGIN|[16]|field|String|false|false
17:14:33.309 (309694302)|VARIABLE_ASSIGNMENT|[16]|field|"RecordTypeId"
17:14:33.309 (309698877)|STATEMENT_EXECUTE|[16]
17:14:33.309 (309701452)|STATEMENT_EXECUTE|[17]
17:14:33.309 (309708436)|METHOD_ENTRY|[17]|01p58000000n6Fr|SObjectData.getFieldMap()
17:14:33.309 (309713463)|VARIABLE_SCOPE_BEGIN|[73]|this|SObjectData|true|false
17:14:33.309 (309740386)|VARIABLE_ASSIGNMENT|[73]|this|{"children":"0x3ecaa947","fieldMap":"0x4095da43","sObjectType":"Risk__Scoring_Scheme (3 more) ..."}|0x1295d6a
17:14:33.309 (309751167)|HEAP_ALLOCATE|[74]|Bytes:5
17:14:33.309 (309756081)|STATEMENT_EXECUTE|[73]
17:14:33.309 (309758653)|STATEMENT_EXECUTE|[74]
17:14:33.309 (309766976)|METHOD_EXIT|[17]|01p58000000n6Fr|SObjectData.getFieldMap()
17:14:33.309 (309794655)|VARIABLE_SCOPE_BEGIN|[17]|value|String|false|false
17:14:33.309 (309805183)|VARIABLE_ASSIGNMENT|[17]|value|"012580000000H5p"
17:14:33.309 (309809047)|STATEMENT_EXECUTE|[18]
17:14:33.309 (309914489)|HEAP_ALLOCATE|[16]|Bytes:5
17:14:33.309 (309933828)|VARIABLE_ASSIGNMENT|[16]|field|null
17:14:33.309 (309939421)|STATEMENT_EXECUTE|[21]
17:14:33.309 (309948605)|METHOD_EXIT|[62]|01p58000000n6rI|SObjectUtility.createSObject(SObjectData)
17:14:33.309 (309981783)|HEAP_ALLOCATE|[EXTERNAL]|Bytes:-4
17:14:33.310 (310011263)|METHOD_ENTRY|[63]|01p58000000n6Fr|SObjectData.getChildren()
17:14:33.310 (310036326)|VARIABLE_SCOPE_BEGIN|[81]|this|SObjectData|true|false
17:14:33.310 (310064772)|VARIABLE_ASSIGNMENT|[81]|this|{"children":"0x3ecaa947","fieldMap":"0x4095da43","sObjectType":"Risk__Scoring_Scheme (3 more) ..."}|0x1295d6a
17:14:33.310 (310076246)|HEAP_ALLOCATE|[82]|Bytes:5
17:14:33.310 (310081560)|STATEMENT_EXECUTE|[81]
17:14:33.310 (310087613)|STATEMENT_EXECUTE|[82]
17:14:33.310 (310090173)|STATEMENT_EXECUTE|[85]
17:14:33.310 (310098241)|METHOD_EXIT|[63]|01p58000000n6Fr|SObjectData.getChildren()
17:14:33.310 (310118206)|STATEMENT_EXECUTE|[63]
17:14:33.310 (310121249)|STATEMENT_EXECUTE|[64]
17:14:33.310 (310128524)|METHOD_ENTRY|[64]|01p58000000n6Fr|SObjectData.getChildren()
17:14:33.310 (310142907)|VARIABLE_SCOPE_BEGIN|[81]|this|SObjectData|true|false
17:14:33.310 (310169075)|VARIABLE_ASSIGNMENT|[81]|this|{"children":"0x3ecaa947","fieldMap":"0x4095da43","sObjectType":"Risk__Scoring_Scheme (3 more) ..."}|0x1295d6a
17:14:33.310 (310179820)|HEAP_ALLOCATE|[82]|Bytes:5
17:14:33.310 (310184602)|STATEMENT_EXECUTE|[81]
17:14:33.310 (310188127)|STATEMENT_EXECUTE|[82]
17:14:33.310 (310190538)|STATEMENT_EXECUTE|[85]
17:14:33.310 (310197603)|METHOD_EXIT|[64]|01p58000000n6Fr|SObjectData.getChildren()
17:14:33.310 (310215848)|METHOD_ENTRY|[64]|01p58000000n6rI|SObjectUtility.createChildren(String, Map<String,List<SObjectData>>)
17:14:33.310 (310223910)|VARIABLE_SCOPE_BEGIN|[70]|this|SObjectUtility|true|false
17:14:33.310 (310244756)|VARIABLE_ASSIGNMENT|[70]|this|{"childrenMap":"0x6ac80ddf"}|0x433f10fa
17:14:33.310 (310250905)|VARIABLE_SCOPE_BEGIN|[70]|parentId|String|false|false
17:14:33.310 (310257750)|VARIABLE_ASSIGNMENT|[70]|parentId|"3kVJ3f5c7nOcElyNZ4"
17:14:33.310 (310261659)|VARIABLE_SCOPE_BEGIN|[70]|childMap|Map<String,List<SObjectData>>|true|false
17:14:33.310 (310300362)|VARIABLE_ASSIGNMENT|[70]|childMap|{"s":1,"v":{"Risk__Scoring_Scheme (3 more) ...":{"s":2,"v":[{"fieldMap":"0x1ce06a5d","sObjectType":"Risk__Impact_Categor (4 more) ..."}]}}}|0x3ecaa947
17:14:33.310 (310312362)|HEAP_ALLOCATE|[72]|Bytes:5
17:14:33.310 (310317587)|STATEMENT_EXECUTE|[70]
17:14:33.310 (310323623)|HEAP_ALLOCATE|[72]|Bytes:4
17:14:33.310 (310373870)|HEAP_ALLOCATE|[72]|Bytes:31
17:14:33.310 (310401080)|HEAP_ALLOCATE|[72]|Bytes:4
17:14:33.310 (310435252)|HEAP_ALLOCATE|[72]|Bytes:5
17:14:33.310 (310453214)|VARIABLE_SCOPE_BEGIN|[72]|relationshipKey|String|false|false
17:14:33.310 (310465983)|VARIABLE_ASSIGNMENT|[72]|relationshipKey|"Risk__Scoring_Scheme (3 more) ..."
17:14:33.310 (310470811)|STATEMENT_EXECUTE|[72]
17:14:33.310 (310473608)|STATEMENT_EXECUTE|[73]
17:14:33.310 (310480734)|HEAP_ALLOCATE|[73]|Bytes:4
17:14:33.310 (310488377)|VARIABLE_SCOPE_BEGIN|[73]|childObjects|Map<String,SObject>|true|false
17:14:33.310 (310506091)|VARIABLE_ASSIGNMENT|[73]|childObjects|{"s":1,"v":{}}|0x3a9e2e7a
17:14:33.310 (310511296)|STATEMENT_EXECUTE|[74]
17:14:33.310 (310565476)|VARIABLE_SCOPE_BEGIN|[74]|childrenList|List<SObjectData>|true|false
17:14:33.310 (310598462)|VARIABLE_ASSIGNMENT|[74]|childrenList|{"s":1,"v":[{"fieldMap":"0x1ce06a5d","sObjectType":"Risk__Impact_Categor (4 more) ..."}]}|0x47921e39
17:14:33.310 (310651292)|HEAP_ALLOCATE|[76]|Bytes:5
17:14:33.310 (310667918)|HEAP_ALLOCATE|[76]|Bytes:24
17:14:33.310 (310677421)|VARIABLE_SCOPE_BEGIN|[76]|obj|SObjectData|true|false
17:14:33.310 (310704075)|VARIABLE_ASSIGNMENT|[76]|obj|{"fieldMap":"0x1ce06a5d","sObjectType":"Risk__Impact_Categor (4 more) ..."}|0x6665c657
17:14:33.310 (310710831)|STATEMENT_EXECUTE|[76]
17:14:33.310 (310713473)|STATEMENT_EXECUTE|[77]
17:14:33.310 (310722634)|METHOD_ENTRY|[77]|01p58000000n6Fr|SObjectData.getFieldMap()
17:14:33.310 (310737160)|VARIABLE_SCOPE_BEGIN|[73]|this|SObjectData|true|false
17:14:33.310 (310759908)|VARIABLE_ASSIGNMENT|[73]|this|{"fieldMap":"0x1ce06a5d","sObjectType":"Risk__Impact_Categor (4 more) ..."}|0x6665c657
17:14:33.310 (310769888)|HEAP_ALLOCATE|[74]|Bytes:5
17:14:33.310 (310774683)|STATEMENT_EXECUTE|[73]
17:14:33.310 (310777173)|STATEMENT_EXECUTE|[74]
17:14:33.310 (310784612)|METHOD_EXIT|[77]|01p58000000n6Fr|SObjectData.getFieldMap()
17:14:33.310 (310817355)|HEAP_ALLOCATE|[77]|Bytes:8
17:14:33.310 (310828915)|HEAP_ALLOCATE|[77]|Bytes:15
17:14:33.310 (310849930)|USER_DEBUG|[77]|DEBUG|Cost IC Created
17:14:33.310 (310858512)|STATEMENT_EXECUTE|[78]
17:14:33.310 (310869296)|METHOD_ENTRY|[78]|01p58000000n6rI|SObjectUtility.generateRandomString(Integer)
17:14:33.310 (310886333)|HEAP_ALLOCATE|[97]|Bytes:4
17:14:33.310 (310891043)|VARIABLE_SCOPE_BEGIN|[96]|len|Integer|false|false
17:14:33.310 (310899420)|VARIABLE_ASSIGNMENT|[96]|len|18
17:14:33.310 (310907262)|HEAP_ALLOCATE|[97]|Bytes:5
17:14:33.310 (310911747)|STATEMENT_EXECUTE|[96]
17:14:33.310 (310914460)|STATEMENT_EXECUTE|[97]
17:14:33.310 (310919405)|VARIABLE_SCOPE_BEGIN|[97]|chars|String|false|false
17:14:33.310 (310929151)|VARIABLE_ASSIGNMENT|[97]|chars|"ABCDEFGHIJKLMNOPQRST (42 more) ..."
17:14:33.310 (310932739)|STATEMENT_EXECUTE|[98]
17:14:33.310 (310936560)|VARIABLE_SCOPE_BEGIN|[98]|randStr|String|false|false
17:14:33.310 (310943367)|VARIABLE_ASSIGNMENT|[98]|randStr|""
17:14:33.310 (310970298)|STATEMENT_EXECUTE|[99]
17:14:33.310 (310973439)|STATEMENT_EXECUTE|[100]
17:14:33.311 (311106814)|VARIABLE_SCOPE_BEGIN|[100]|idx|Integer|false|false
17:14:33.311 (311113543)|HEAP_ALLOCATE|[100]|Bytes:4
17:14:33.311 (311122513)|VARIABLE_ASSIGNMENT|[100]|idx|13
17:14:33.311 (311126817)|STATEMENT_EXECUTE|[101]
17:14:33.311 (311150315)|HEAP_ALLOCATE|[101]|Bytes:1
17:14:33.311 (311165399)|HEAP_ALLOCATE|[101]|Bytes:1
17:14:33.311 (311174545)|VARIABLE_ASSIGNMENT|[101]|randStr|"N"
17:14:33.311 (311193549)|STATEMENT_EXECUTE|[99]
17:14:33.311 (311196574)|STATEMENT_EXECUTE|[100]
17:14:33.311 (311286910)|VARIABLE_SCOPE_BEGIN|[100]|idx|Integer|false|false
17:14:33.311 (311292009)|HEAP_ALLOCATE|[100]|Bytes:4
17:14:33.311 (311300389)|VARIABLE_ASSIGNMENT|[100]|idx|9
17:14:33.311 (311304178)|STATEMENT_EXECUTE|[101]
17:14:33.311 (311322270)|HEAP_ALLOCATE|[101]|Bytes:1
17:14:33.311 (311336708)|HEAP_ALLOCATE|[101]|Bytes:2
17:14:33.311 (311345532)|VARIABLE_ASSIGNMENT|[101]|randStr|"NJ"
17:14:33.311 (311364504)|STATEMENT_EXECUTE|[99]
17:14:33.311 (311367404)|STATEMENT_EXECUTE|[100]
17:14:33.311 (311456336)|VARIABLE_SCOPE_BEGIN|[100]|idx|Integer|false|false
17:14:33.311 (311461409)|HEAP_ALLOCATE|[100]|Bytes:4
17:14:33.311 (311469515)|VARIABLE_ASSIGNMENT|[100]|idx|0
17:14:33.311 (311477241)|STATEMENT_EXECUTE|[101]
17:14:33.311 (311496257)|HEAP_ALLOCATE|[101]|Bytes:1
17:14:33.311 (311510667)|HEAP_ALLOCATE|[101]|Bytes:3
17:14:33.311 (311519703)|VARIABLE_ASSIGNMENT|[101]|randStr|"NJA"
17:14:33.311 (311538452)|STATEMENT_EXECUTE|[99]
17:14:33.311 (311541437)|STATEMENT_EXECUTE|[100]
17:14:33.311 (311635279)|VARIABLE_SCOPE_BEGIN|[100]|idx|Integer|false|false
17:14:33.311 (311640686)|HEAP_ALLOCATE|[100]|Bytes:4
17:14:33.311 (311649308)|VARIABLE_ASSIGNMENT|[100]|idx|29
17:14:33.311 (311653170)|STATEMENT_EXECUTE|[101]
17:14:33.311 (311671941)|HEAP_ALLOCATE|[101]|Bytes:1
17:14:33.311 (311686197)|HEAP_ALLOCATE|[101]|Bytes:4
17:14:33.311 (311695017)|VARIABLE_ASSIGNMENT|[101]|randStr|"NJA3"
17:14:33.311 (311713863)|STATEMENT_EXECUTE|[99]
17:14:33.311 (311716801)|STATEMENT_EXECUTE|[100]
17:14:33.311 (311806502)|VARIABLE_SCOPE_BEGIN|[100]|idx|Integer|false|false
17:14:33.311 (311811523)|HEAP_ALLOCATE|[100]|Bytes:4
17:14:33.311 (311819767)|VARIABLE_ASSIGNMENT|[100]|idx|39
17:14:33.311 (311823882)|STATEMENT_EXECUTE|[101]
17:14:33.311 (311841903)|HEAP_ALLOCATE|[101]|Bytes:1
17:14:33.311 (311856123)|HEAP_ALLOCATE|[101]|Bytes:5
17:14:33.311 (311865039)|VARIABLE_ASSIGNMENT|[101]|randStr|"NJA3d"
17:14:33.311 (311883840)|STATEMENT_EXECUTE|[99]
17:14:33.311 (311886829)|STATEMENT_EXECUTE|[100]
17:14:33.311 (311974419)|VARIABLE_SCOPE_BEGIN|[100]|idx|Integer|false|false
17:14:33.311 (311979339)|HEAP_ALLOCATE|[100]|Bytes:4
17:14:33.311 (311987392)|VARIABLE_ASSIGNMENT|[100]|idx|10
17:14:33.311 (311991033)|STATEMENT_EXECUTE|[101]
17:14:33.312 (312008692)|HEAP_ALLOCATE|[101]|Bytes:1
17:14:33.312 (312023639)|HEAP_ALLOCATE|[101]|Bytes:6
17:14:33.312 (312032361)|VARIABLE_ASSIGNMENT|[101]|randStr|"NJA3dK"
17:14:33.312 (312050835)|STATEMENT_EXECUTE|[99]
17:14:33.312 (312053690)|STATEMENT_EXECUTE|[100]
17:14:33.312 (312140439)|VARIABLE_SCOPE_BEGIN|[100]|idx|Integer|false|false
17:14:33.312 (312145423)|HEAP_ALLOCATE|[100]|Bytes:4
17:14:33.312 (312153469)|VARIABLE_ASSIGNMENT|[100]|idx|55
17:14:33.312 (312157120)|STATEMENT_EXECUTE|[101]
17:14:33.312 (312175475)|HEAP_ALLOCATE|[101]|Bytes:1
17:14:33.312 (312189603)|HEAP_ALLOCATE|[101]|Bytes:7
17:14:33.312 (312198550)|VARIABLE_ASSIGNMENT|[101]|randStr|"NJA3dKt"
17:14:33.312 (312217400)|STATEMENT_EXECUTE|[99]
17:14:33.312 (312220304)|STATEMENT_EXECUTE|[100]
17:14:33.312 (312307730)|VARIABLE_SCOPE_BEGIN|[100]|idx|Integer|false|false
17:14:33.312 (312312662)|HEAP_ALLOCATE|[100]|Bytes:4
17:14:33.312 (312320802)|VARIABLE_ASSIGNMENT|[100]|idx|48
17:14:33.312 (312324372)|STATEMENT_EXECUTE|[101]
17:14:33.312 (312342157)|HEAP_ALLOCATE|[101]|Bytes:1
17:14:33.312 (312356310)|HEAP_ALLOCATE|[101]|Bytes:8
17:14:33.312 (312365182)|VARIABLE_ASSIGNMENT|[101]|randStr|"NJA3dKtm"
17:14:33.312 (312383936)|STATEMENT_EXECUTE|[99]
17:14:33.312 (312386842)|STATEMENT_EXECUTE|[100]
17:14:33.312 (312482453)|VARIABLE_SCOPE_BEGIN|[100]|idx|Integer|false|false
17:14:33.312 (312487572)|HEAP_ALLOCATE|[100]|Bytes:4
17:14:33.312 (312495764)|VARIABLE_ASSIGNMENT|[100]|idx|41
17:14:33.312 (312499518)|STATEMENT_EXECUTE|[101]
17:14:33.312 (312518192)|HEAP_ALLOCATE|[101]|Bytes:1
17:14:33.312 (312532475)|HEAP_ALLOCATE|[101]|Bytes:9
17:14:33.312 (312541439)|VARIABLE_ASSIGNMENT|[101]|randStr|"NJA3dKtmf"
17:14:33.312 (312560067)|STATEMENT_EXECUTE|[99]
17:14:33.312 (312563096)|STATEMENT_EXECUTE|[100]
17:14:33.312 (312669126)|VARIABLE_SCOPE_BEGIN|[100]|idx|Integer|false|false
17:14:33.312 (312674270)|HEAP_ALLOCATE|[100]|Bytes:4
17:14:33.312 (312682530)|VARIABLE_ASSIGNMENT|[100]|idx|36
17:14:33.312 (312686113)|STATEMENT_EXECUTE|[101]
17:14:33.312 (312704611)|HEAP_ALLOCATE|[101]|Bytes:1
17:14:33.312 (312719144)|HEAP_ALLOCATE|[101]|Bytes:10
17:14:33.312 (312728082)|VARIABLE_ASSIGNMENT|[101]|randStr|"NJA3dKtmfa"
17:14:33.312 (312747023)|STATEMENT_EXECUTE|[99]
17:14:33.312 (312749944)|STATEMENT_EXECUTE|[100]
17:14:33.312 (312836964)|VARIABLE_SCOPE_BEGIN|[100]|idx|Integer|false|false
17:14:33.312 (312841862)|HEAP_ALLOCATE|[100]|Bytes:4
17:14:33.312 (312849889)|VARIABLE_ASSIGNMENT|[100]|idx|50
17:14:33.312 (312853481)|STATEMENT_EXECUTE|[101]
17:14:33.312 (312871633)|HEAP_ALLOCATE|[101]|Bytes:1
17:14:33.312 (312885784)|HEAP_ALLOCATE|[101]|Bytes:11
17:14:33.312 (312894925)|VARIABLE_ASSIGNMENT|[101]|randStr|"NJA3dKtmfao"
17:14:33.312 (312913594)|STATEMENT_EXECUTE|[99]
17:14:33.312 (312916462)|STATEMENT_EXECUTE|[100]
17:14:33.313 (313002634)|VARIABLE_SCOPE_BEGIN|[100]|idx|Integer|false|false
17:14:33.313 (313008199)|HEAP_ALLOCATE|[100]|Bytes:4
17:14:33.313 (313016434)|VARIABLE_ASSIGNMENT|[100]|idx|19
17:14:33.313 (313019999)|STATEMENT_EXECUTE|[101]
17:14:33.313 (313040856)|HEAP_ALLOCATE|[101]|Bytes:1
17:14:33.313 (313056512)|HEAP_ALLOCATE|[101]|Bytes:12
17:14:33.313 (313065706)|VARIABLE_ASSIGNMENT|[101]|randStr|"NJA3dKtmfaoT"
17:14:33.313 (313084698)|STATEMENT_EXECUTE|[99]
17:14:33.313 (313087553)|STATEMENT_EXECUTE|[100]
17:14:33.313 (313174928)|VARIABLE_SCOPE_BEGIN|[100]|idx|Integer|false|false
17:14:33.313 (313179783)|HEAP_ALLOCATE|[100]|Bytes:4
17:14:33.313 (313187862)|VARIABLE_ASSIGNMENT|[100]|idx|5
17:14:33.313 (313191611)|STATEMENT_EXECUTE|[101]
17:14:33.313 (313209733)|HEAP_ALLOCATE|[101]|Bytes:1
17:14:33.313 (313223912)|HEAP_ALLOCATE|[101]|Bytes:13
17:14:33.313 (313232940)|VARIABLE_ASSIGNMENT|[101]|randStr|"NJA3dKtmfaoTF"
17:14:33.313 (313251401)|STATEMENT_EXECUTE|[99]
17:14:33.313 (313254284)|STATEMENT_EXECUTE|[100]
17:14:33.313 (313341275)|VARIABLE_SCOPE_BEGIN|[100]|idx|Integer|false|false
17:14:33.313 (313346157)|HEAP_ALLOCATE|[100]|Bytes:4
17:14:33.313 (313354158)|VARIABLE_ASSIGNMENT|[100]|idx|39
17:14:33.313 (313357761)|STATEMENT_EXECUTE|[101]
17:14:33.313 (313375578)|HEAP_ALLOCATE|[101]|Bytes:1
17:14:33.313 (313389761)|HEAP_ALLOCATE|[101]|Bytes:14
17:14:33.313 (313398750)|VARIABLE_ASSIGNMENT|[101]|randStr|"NJA3dKtmfaoTFd"
17:14:33.313 (313417281)|STATEMENT_EXECUTE|[99]
17:14:33.313 (313420152)|STATEMENT_EXECUTE|[100]
17:14:33.313 (313508339)|VARIABLE_SCOPE_BEGIN|[100]|idx|Integer|false|false
17:14:33.313 (313513187)|HEAP_ALLOCATE|[100]|Bytes:4
17:14:33.313 (313521352)|VARIABLE_ASSIGNMENT|[100]|idx|57
17:14:33.313 (313525049)|STATEMENT_EXECUTE|[101]
17:14:33.313 (313543442)|HEAP_ALLOCATE|[101]|Bytes:1
17:14:33.313 (313557597)|HEAP_ALLOCATE|[101]|Bytes:15
17:14:33.313 (313566970)|VARIABLE_ASSIGNMENT|[101]|randStr|"NJA3dKtmfaoTFdv"
17:14:33.313 (313585891)|STATEMENT_EXECUTE|[99]
17:14:33.313 (313588800)|STATEMENT_EXECUTE|[100]
17:14:33.313 (313697058)|VARIABLE_SCOPE_BEGIN|[100]|idx|Integer|false|false
17:14:33.313 (313702280)|HEAP_ALLOCATE|[100]|Bytes:4
17:14:33.313 (313710656)|VARIABLE_ASSIGNMENT|[100]|idx|59
17:14:33.313 (313714444)|STATEMENT_EXECUTE|[101]
17:14:33.313 (313732810)|HEAP_ALLOCATE|[101]|Bytes:1
17:14:33.313 (313747539)|HEAP_ALLOCATE|[101]|Bytes:16
17:14:33.313 (313756676)|VARIABLE_ASSIGNMENT|[101]|randStr|"NJA3dKtmfaoTFdvx"
17:14:33.313 (313775449)|STATEMENT_EXECUTE|[99]
17:14:33.313 (313778365)|STATEMENT_EXECUTE|[100]
17:14:33.313 (313880547)|VARIABLE_SCOPE_BEGIN|[100]|idx|Integer|false|false
17:14:33.313 (313885601)|HEAP_ALLOCATE|[100]|Bytes:4
17:14:33.313 (313893943)|VARIABLE_ASSIGNMENT|[100]|idx|50
17:14:33.313 (313898130)|STATEMENT_EXECUTE|[101]
17:14:33.313 (313916205)|HEAP_ALLOCATE|[101]|Bytes:1
17:14:33.313 (313930277)|HEAP_ALLOCATE|[101]|Bytes:17
17:14:33.313 (313939339)|VARIABLE_ASSIGNMENT|[101]|randStr|"NJA3dKtmfaoTFdvxo"
17:14:33.313 (313958132)|STATEMENT_EXECUTE|[99]
17:14:33.313 (313961047)|STATEMENT_EXECUTE|[100]
17:14:33.314 (314047497)|VARIABLE_SCOPE_BEGIN|[100]|idx|Integer|false|false
17:14:33.314 (314053152)|HEAP_ALLOCATE|[100]|Bytes:4
17:14:33.314 (314061423)|VARIABLE_ASSIGNMENT|[100]|idx|56
17:14:33.314 (314065083)|STATEMENT_EXECUTE|[101]
17:14:33.314 (314082850)|HEAP_ALLOCATE|[101]|Bytes:1
17:14:33.314 (314097064)|HEAP_ALLOCATE|[101]|Bytes:18
17:14:33.314 (314106147)|VARIABLE_ASSIGNMENT|[101]|randStr|"NJA3dKtmfaoTFdvxou"
17:14:33.314 (314125130)|STATEMENT_EXECUTE|[103]
17:14:33.314 (314133091)|METHOD_EXIT|[78]|01p58000000n6rI|SObjectUtility.generateRandomString(Integer)
17:14:33.314 (314138209)|VARIABLE_SCOPE_BEGIN|[78]|rId|String|false|false
17:14:33.314 (314146421)|VARIABLE_ASSIGNMENT|[78]|rId|"NJA3dKtmfaoTFdvxou"
17:14:33.314 (314150070)|STATEMENT_EXECUTE|[79]
17:14:33.314 (314159792)|METHOD_ENTRY|[79]|01p58000000n6rI|SObjectUtility.createSObject(SObjectData)
17:14:33.314 (314175240)|VARIABLE_SCOPE_BEGIN|[11]|this|SObjectUtility|true|false
17:14:33.314 (314198499)|VARIABLE_ASSIGNMENT|[11]|this|{"childrenMap":"0x6ac80ddf"}|0x433f10fa
17:14:33.314 (314204081)|VARIABLE_SCOPE_BEGIN|[11]|obj|SObjectData|true|false
17:14:33.314 (314223060)|VARIABLE_ASSIGNMENT|[11]|obj|{"fieldMap":"0x1ce06a5d","sObjectType":"Risk__Impact_Categor (4 more) ..."}|0x6665c657
17:14:33.314 (314233405)|HEAP_ALLOCATE|[12]|Bytes:5
17:14:33.314 (314238392)|STATEMENT_EXECUTE|[11]
17:14:33.317 (317249699)|HEAP_ALLOCATE|[12]|Bytes:1796
17:14:33.317 (317268154)|METHOD_ENTRY|[12]|01p58000000n6Fr|SObjectData.getSObjectType()
17:14:33.317 (317274334)|VARIABLE_SCOPE_BEGIN|[77]|this|SObjectData|true|false
17:14:33.317 (317303217)|VARIABLE_ASSIGNMENT|[77]|this|{"fieldMap":"0x1ce06a5d","sObjectType":"Risk__Impact_Categor (4 more) ..."}|0x6665c657
17:14:33.317 (317314257)|HEAP_ALLOCATE|[78]|Bytes:5
17:14:33.317 (317319408)|STATEMENT_EXECUTE|[77]
17:14:33.317 (317322177)|STATEMENT_EXECUTE|[78]
17:14:33.317 (317329991)|METHOD_EXIT|[12]|01p58000000n6Fr|SObjectData.getSObjectType()
17:14:33.317 (317361996)|STATEMENT_EXECUTE|[12]
17:14:33.317 (317365817)|STATEMENT_EXECUTE|[15]
17:14:33.320 (320373074)|HEAP_ALLOCATE|[15]|Bytes:1796
17:14:33.320 (320392049)|METHOD_ENTRY|[15]|01p58000000n6Fr|SObjectData.getSObjectType()
17:14:33.320 (320398340)|VARIABLE_SCOPE_BEGIN|[77]|this|SObjectData|true|false
17:14:33.320 (320427510)|VARIABLE_ASSIGNMENT|[77]|this|{"fieldMap":"0x1ce06a5d","sObjectType":"Risk__Impact_Categor (4 more) ..."}|0x6665c657
17:14:33.320 (320438359)|HEAP_ALLOCATE|[78]|Bytes:5
17:14:33.320 (320443542)|STATEMENT_EXECUTE|[77]
17:14:33.320 (320446344)|STATEMENT_EXECUTE|[78]
17:14:33.320 (320454214)|METHOD_EXIT|[15]|01p58000000n6Fr|SObjectData.getSObjectType()
17:14:33.320 (320570608)|HEAP_ALLOCATE|[15]|Bytes:4
17:14:33.320 (320586333)|VARIABLE_SCOPE_BEGIN|[15]|sObj|SObject|true|false
17:14:33.320 (320600716)|VARIABLE_ASSIGNMENT|[15]|sObj|{}|0x60730638
17:14:33.320 (320607802)|HEAP_ALLOCATE|[16]|Bytes:4
17:14:33.320 (320629492)|METHOD_ENTRY|[16]|01p58000000n6Fr|SObjectData.getFieldMap()
17:14:33.320 (320636313)|VARIABLE_SCOPE_BEGIN|[73]|this|SObjectData|true|false
17:14:33.320 (320663371)|VARIABLE_ASSIGNMENT|[73]|this|{"fieldMap":"0x1ce06a5d","sObjectType":"Risk__Impact_Categor (4 more) ..."}|0x6665c657
17:14:33.320 (320674010)|HEAP_ALLOCATE|[74]|Bytes:5
17:14:33.320 (320678833)|STATEMENT_EXECUTE|[73]
17:14:33.320 (320681503)|STATEMENT_EXECUTE|[74]
17:14:33.320 (320689336)|METHOD_EXIT|[16]|01p58000000n6Fr|SObjectData.getFieldMap()
17:14:33.320 (320715641)|HEAP_ALLOCATE|[16]|Bytes:37
17:14:33.320 (320740719)|HEAP_ALLOCATE|[16]|Bytes:8
17:14:33.320 (320772298)|HEAP_ALLOCATE|[16]|Bytes:5
17:14:33.320 (320787600)|VARIABLE_SCOPE_BEGIN|[16]|field|String|false|false
17:14:33.320 (320798140)|VARIABLE_ASSIGNMENT|[16]|field|"Name"
17:14:33.320 (320802388)|STATEMENT_EXECUTE|[16]
17:14:33.320 (320805236)|STATEMENT_EXECUTE|[17]
17:14:33.320 (320811941)|METHOD_ENTRY|[17]|01p58000000n6Fr|SObjectData.getFieldMap()
17:14:33.320 (320816606)|VARIABLE_SCOPE_BEGIN|[73]|this|SObjectData|true|false
17:14:33.320 (320839400)|VARIABLE_ASSIGNMENT|[73]|this|{"fieldMap":"0x1ce06a5d","sObjectType":"Risk__Impact_Categor (4 more) ..."}|0x6665c657
17:14:33.320 (320848761)|HEAP_ALLOCATE|[74]|Bytes:5
17:14:33.320 (320853399)|STATEMENT_EXECUTE|[73]
17:14:33.320 (320855935)|STATEMENT_EXECUTE|[74]
17:14:33.320 (320863237)|METHOD_EXIT|[17]|01p58000000n6Fr|SObjectData.getFieldMap()
17:14:33.320 (320889487)|VARIABLE_SCOPE_BEGIN|[17]|value|String|false|false
17:14:33.320 (320899420)|VARIABLE_ASSIGNMENT|[17]|value|"Cost IC"
17:14:33.320 (320903237)|STATEMENT_EXECUTE|[18]
17:14:33.322 (322413324)|HEAP_ALLOCATE|[16]|Bytes:5
17:14:33.322 (322431609)|VARIABLE_SCOPE_BEGIN|[16]|field|String|false|false
17:14:33.322 (322444918)|VARIABLE_ASSIGNMENT|[16]|field|"Risk__Type_Of_Risk__ (1 more) ..."
17:14:33.322 (322449753)|STATEMENT_EXECUTE|[16]
17:14:33.322 (322452519)|STATEMENT_EXECUTE|[17]
17:14:33.322 (322459413)|METHOD_ENTRY|[17]|01p58000000n6Fr|SObjectData.getFieldMap()
17:14:33.322 (322464742)|VARIABLE_SCOPE_BEGIN|[73]|this|SObjectData|true|false
17:14:33.322 (322494764)|VARIABLE_ASSIGNMENT|[73]|this|{"fieldMap":"0x1ce06a5d","sObjectType":"Risk__Impact_Categor (4 more) ..."}|0x6665c657
17:14:33.322 (322506237)|HEAP_ALLOCATE|[74]|Bytes:5
17:14:33.322 (322511101)|STATEMENT_EXECUTE|[73]
17:14:33.322 (322513759)|STATEMENT_EXECUTE|[74]
17:14:33.322 (322521602)|METHOD_EXIT|[17]|01p58000000n6Fr|SObjectData.getFieldMap()
17:14:33.322 (322549668)|VARIABLE_SCOPE_BEGIN|[17]|value|String|false|false
17:14:33.322 (322559849)|VARIABLE_ASSIGNMENT|[17]|value|"Time"
17:14:33.322 (322563812)|STATEMENT_EXECUTE|[18]
17:14:33.322 (322689186)|HEAP_ALLOCATE|[16]|Bytes:5
17:14:33.322 (322707084)|VARIABLE_ASSIGNMENT|[16]|field|null
17:14:33.322 (322712091)|STATEMENT_EXECUTE|[21]
17:14:33.322 (322720279)|METHOD_EXIT|[79]|01p58000000n6rI|SObjectUtility.createSObject(SObjectData)
17:14:33.322 (322744061)|HEAP_ALLOCATE|[EXTERNAL]|Bytes:-4
17:14:33.322 (322764070)|METHOD_ENTRY|[80]|01p58000000n6Fr|SObjectData.getChildren()
17:14:33.322 (322780870)|VARIABLE_SCOPE_BEGIN|[81]|this|SObjectData|true|false
17:14:33.322 (322808342)|VARIABLE_ASSIGNMENT|[81]|this|{"fieldMap":"0x1ce06a5d","sObjectType":"Risk__Impact_Categor (4 more) ..."}|0x6665c657
17:14:33.322 (322818717)|HEAP_ALLOCATE|[82]|Bytes:5
17:14:33.322 (322823650)|STATEMENT_EXECUTE|[81]
17:14:33.322 (322827402)|STATEMENT_EXECUTE|[82]
17:14:33.322 (322829567)|STATEMENT_EXECUTE|[83]
17:14:33.322 (322834904)|HEAP_ALLOCATE|[83]|Bytes:4
17:14:33.322 (322863726)|VARIABLE_ASSIGNMENT|[83]|this.children|{"s":1,"v":{}}|0x6665c657
17:14:33.322 (322869791)|STATEMENT_EXECUTE|[85]
17:14:33.322 (322878457)|METHOD_EXIT|[80]|01p58000000n6Fr|SObjectData.getChildren()
17:14:33.322 (322896074)|STATEMENT_EXECUTE|[80]
17:14:33.322 (322910646)|HEAP_ALLOCATE|[76]|Bytes:5
17:14:33.322 (322926193)|VARIABLE_ASSIGNMENT|[76]|obj|null|
17:14:33.322 (322930850)|STATEMENT_EXECUTE|[85]
17:14:33.322 (322940420)|HEAP_ALLOCATE|[85]|Bytes:4
17:14:33.322 (322952572)|VARIABLE_SCOPE_BEGIN|[85]|bufferMap|Map<String,Map<String,SObject>>|true|false
17:14:33.322 (322969993)|VARIABLE_ASSIGNMENT|[85]|bufferMap|{"s":1,"v":{}}|0x77b13a12
17:14:33.322 (322975346)|STATEMENT_EXECUTE|[86]
17:14:33.323 (323015296)|HEAP_ALLOCATE|[EXTERNAL]|Bytes:-4
17:14:33.323 (323071744)|STATEMENT_EXECUTE|[89]
17:14:33.323 (323075723)|STATEMENT_EXECUTE|[90]
17:14:33.323 (323107156)|HEAP_ALLOCATE|[EXTERNAL]|Bytes:-4
17:14:33.323 (323134692)|HEAP_ALLOCATE|[72]|Bytes:5
17:14:33.323 (323151015)|VARIABLE_ASSIGNMENT|[72]|relationshipKey|null
17:14:33.323 (323162887)|METHOD_EXIT|[64]|01p58000000n6rI|SObjectUtility.createChildren(String, Map<String,List<SObjectData>>)
17:14:33.323 (323177603)|HEAP_ALLOCATE|[60]|Bytes:5
17:14:33.323 (323190512)|VARIABLE_ASSIGNMENT|[60]|obj|null|
17:14:33.323 (323195085)|STATEMENT_EXECUTE|[67]
17:14:33.323 (323202777)|METHOD_EXIT|[6]|01p58000000n6rI|SObjectUtility.createRoot(List<SObjectData>)
17:14:33.323 (323208330)|VARIABLE_SCOPE_BEGIN|[6]|root|Map<String,SObject>|true|false
17:14:33.323 (323230049)|VARIABLE_ASSIGNMENT|[6]|root|{"s":1,"v":{"3kVJ3f5c7nOcElyNZ4":{"Name":"Scoring Scheme 5x5","RecordTypeId":"012580000000H5p"}}}|0x7e01ac12
17:14:33.323 (323236659)|STATEMENT_EXECUTE|[7]
17:14:33.323 (323253338)|METHOD_ENTRY|[7]|01p58000000n6rI|SObjectUtility.insertSObjects(Map<String,SObject>)
17:14:33.323 (323279152)|VARIABLE_SCOPE_BEGIN|[24]|this|SObjectUtility|true|false
17:14:33.323 (323302077)|VARIABLE_ASSIGNMENT|[24]|this|{"childrenMap":"0x6ac80ddf"}|0x433f10fa
17:14:33.323 (323308957)|VARIABLE_SCOPE_BEGIN|[24]|objMap|Map<String,SObject>|true|false
17:14:33.323 (323325882)|VARIABLE_ASSIGNMENT|[24]|objMap|{"s":1,"v":{"3kVJ3f5c7nOcElyNZ4":{"Name":"Scoring Scheme 5x5","RecordTypeId":"012580000000H5p"}}}|0x7e01ac12
17:14:33.323 (323336553)|HEAP_ALLOCATE|[25]|Bytes:5
17:14:33.323 (323341820)|STATEMENT_EXECUTE|[24]
17:14:33.323 (323344660)|STATEMENT_EXECUTE|[25]
17:14:33.323 (323346775)|STATEMENT_EXECUTE|[25]
17:14:33.323 (323348986)|STATEMENT_EXECUTE|[26]
17:14:33.323 (323354141)|HEAP_ALLOCATE|[26]|Bytes:4
17:14:33.323 (323361106)|VARIABLE_SCOPE_BEGIN|[26]|childMap|Map<String,SObject>|true|false
17:14:33.323 (323376503)|VARIABLE_ASSIGNMENT|[26]|childMap|{"s":1,"v":{}}|0x25322008
17:14:33.323 (323381555)|STATEMENT_EXECUTE|[27]
17:14:33.323 (323423941)|HEAP_ALLOCATE|[EXTERNAL]|Bytes:8
17:14:33.323 (323437031)|HEAP_ALLOCATE|[27]|Bytes:69
17:14:33.323 (323510439)|DML_BEGIN|[27]|Op:Insert|Type:SObject|Rows:1
17:14:33.323 (323540596)|HEAP_ALLOCATE|[EXTERNAL]|Bytes:8
17:14:33.369 (369004973)|DML_END|[27]
17:14:33.369 (369123846)|HEAP_ALLOCATE|[EXTERNAL]|Bytes:8
17:14:33.369 (369152283)|HEAP_ALLOCATE|[28]|Bytes:4
17:14:33.369 (369242541)|HEAP_ALLOCATE|[28]|Bytes:26
17:14:33.369 (369283670)|HEAP_ALLOCATE|[28]|Bytes:4
17:14:33.369 (369333629)|HEAP_ALLOCATE|[28]|Bytes:5
17:14:33.369 (369358823)|VARIABLE_SCOPE_BEGIN|[28]|key|String|false|false
17:14:33.369 (369381943)|VARIABLE_ASSIGNMENT|[28]|key|"3kVJ3f5c7nOcElyNZ4"
17:14:33.369 (369388453)|STATEMENT_EXECUTE|[28]
17:14:33.369 (369394703)|HEAP_ALLOCATE|[29]|Bytes:4
17:14:33.369 (369450409)|HEAP_ALLOCATE|[29]|Bytes:31
17:14:33.369 (369495349)|HEAP_ALLOCATE|[29]|Bytes:4
17:14:33.369 (369539039)|HEAP_ALLOCATE|[29]|Bytes:5
17:14:33.369 (369557771)|VARIABLE_SCOPE_BEGIN|[29]|relationshipKey|String|false|false
17:14:33.369 (369571617)|VARIABLE_ASSIGNMENT|[29]|relationshipKey|"Risk__Scoring_Scheme (3 more) ..."
17:14:33.369 (369576892)|STATEMENT_EXECUTE|[29]
17:14:33.369 (369664206)|STATEMENT_EXECUTE|[31]
17:14:33.369 (369668797)|STATEMENT_EXECUTE|[32]
17:14:33.369 (369820273)|HEAP_ALLOCATE|[32]|Bytes:18
17:14:33.369 (369900758)|METHOD_ENTRY|[32]|01p58000000n6rI|SObjectUtility.buildRelationships(String, String, Map<String,SObject>)
17:14:33.369 (369913150)|VARIABLE_SCOPE_BEGIN|[47]|this|SObjectUtility|true|false
17:14:33.369 (369950718)|VARIABLE_ASSIGNMENT|[47]|this|{"childrenMap":"0x6ac80ddf"}|0x433f10fa
17:14:33.369 (369957264)|VARIABLE_SCOPE_BEGIN|[47]|field|String|false|false
17:14:33.369 (369965410)|VARIABLE_ASSIGNMENT|[47]|field|"Risk__Scoring_Scheme (3 more) ..."
17:14:33.369 (369969097)|VARIABLE_SCOPE_BEGIN|[47]|parentId|String|false|false
17:14:33.369 (369974711)|VARIABLE_ASSIGNMENT|[47]|parentId|"a0u58000000PNV0AAO"
17:14:33.369 (369978601)|VARIABLE_SCOPE_BEGIN|[47]|objMap|Map<String,SObject>|true|false
17:14:33.370 (370002965)|VARIABLE_ASSIGNMENT|[47]|objMap|{"s":1,"v":{"NJA3dKtmfaoTFdvxou":{"Name":"Cost IC","Risk__Type_of_Risk__ (1 more) ...":"Time"}}}|0x3a9e2e7a
17:14:33.370 (370018566)|HEAP_ALLOCATE|[48]|Bytes:5
17:14:33.370 (370024119)|STATEMENT_EXECUTE|[47]
17:14:33.370 (370027174)|STATEMENT_EXECUTE|[48]
17:14:33.370 (370029251)|STATEMENT_EXECUTE|[48]
17:14:33.370 (370034906)|HEAP_ALLOCATE|[49]|Bytes:4
17:14:33.370 (370083888)|HEAP_ALLOCATE|[49]|Bytes:26
17:14:33.370 (370110815)|HEAP_ALLOCATE|[49]|Bytes:4
17:14:33.370 (370144700)|HEAP_ALLOCATE|[49]|Bytes:5
17:14:33.370 (370162820)|VARIABLE_SCOPE_BEGIN|[49]|key|String|false|false
17:14:33.370 (370174083)|VARIABLE_ASSIGNMENT|[49]|key|"NJA3dKtmfaoTFdvxou"
17:14:33.370 (370179169)|STATEMENT_EXECUTE|[49]
17:14:33.370 (370181966)|STATEMENT_EXECUTE|[50]
17:14:33.370 (370395171)|HEAP_ALLOCATE|[49]|Bytes:5
17:14:33.370 (370413805)|VARIABLE_ASSIGNMENT|[49]|key|null
17:14:33.370 (370419546)|STATEMENT_EXECUTE|[52]
17:14:33.370 (370430992)|METHOD_EXIT|[32]|01p58000000n6rI|SObjectUtility.buildRelationships(String, String, Map<String,SObject>)
17:14:33.370 (370468517)|HEAP_ALLOCATE|[EXTERNAL]|Bytes:-4
17:14:33.370 (370473544)|HEAP_ALLOCATE|[32]|Bytes:4
17:14:33.370 (370505129)|HEAP_ALLOCATE|[29]|Bytes:5
17:14:33.370 (370521979)|VARIABLE_ASSIGNMENT|[29]|relationshipKey|null
17:14:33.370 (370535436)|HEAP_ALLOCATE|[28]|Bytes:5
17:14:33.370 (370547665)|VARIABLE_ASSIGNMENT|[28]|key|null
17:14:33.370 (370588875)|HEAP_ALLOCATE|[37]|Bytes:26
17:14:33.370 (370623853)|STATEMENT_EXECUTE|[37]
17:14:33.370 (370629811)|STATEMENT_EXECUTE|[38]
17:14:33.370 (370641380)|METHOD_ENTRY|[38]|01p58000000n6rI|SObjectUtility.insertSObjects(Map<String,SObject>)
17:14:33.370 (370658240)|VARIABLE_SCOPE_BEGIN|[24]|this|SObjectUtility|true|false
17:14:33.370 (370683194)|VARIABLE_ASSIGNMENT|[24]|this|{"childrenMap":"0x6ac80ddf"}|0x433f10fa
17:14:33.370 (370688597)|VARIABLE_SCOPE_BEGIN|[24]|objMap|Map<String,SObject>|true|false
17:14:33.370 (370708455)|VARIABLE_ASSIGNMENT|[24]|objMap|{"s":1,"v":{"NJA3dKtmfaoTFdvxou":{"Name":"Cost IC","Risk__Type_of_Risk__ (1 more) ...":"Time","Risk__Scoring_Scheme (3 more) ...":"a0u58000000PNV0AAO"}}}|0x25322008
17:14:33.370 (370720017)|HEAP_ALLOCATE|[25]|Bytes:5
17:14:33.370 (370725240)|STATEMENT_EXECUTE|[24]
17:14:33.370 (370727964)|STATEMENT_EXECUTE|[25]
17:14:33.370 (370730092)|STATEMENT_EXECUTE|[25]
17:14:33.370 (370732236)|STATEMENT_EXECUTE|[26]
17:14:33.370 (370737861)|HEAP_ALLOCATE|[26]|Bytes:4
17:14:33.370 (370745048)|VARIABLE_SCOPE_BEGIN|[26]|childMap|Map<String,SObject>|true|false
17:14:33.370 (370761346)|VARIABLE_ASSIGNMENT|[26]|childMap|{"s":1,"v":{}}|0x312f6057
17:14:33.370 (370766680)|STATEMENT_EXECUTE|[27]
17:14:33.370 (370790406)|HEAP_ALLOCATE|[EXTERNAL]|Bytes:8
17:14:33.370 (370803203)|HEAP_ALLOCATE|[27]|Bytes:101
17:14:33.370 (370847216)|DML_BEGIN|[27]|Op:Insert|Type:SObject|Rows:1
17:14:33.370 (370870372)|HEAP_ALLOCATE|[EXTERNAL]|Bytes:8
17:14:33.381 (381167362)|ENTERING_MANAGED_PKG|Risk
17:14:33.385 (385348760)|SOQL_EXECUTE_BEGIN|[19]|Aggregations:1|SELECT Id, (SELECT Risk__Order__c FROM Impact_Categories__r ORDER BY Order__c DESC NULLS FIRST LIMIT 1) FROM Scoring_Scheme__c WHERE Id = :tmpVar1
17:14:33.392 (392909317)|SOQL_EXECUTE_END|[19]|Rows:1
17:14:33.394 (394496083)|SOQL_EXECUTE_BEGIN|[64]|Aggregations:1|SELECT Id, (SELECT Id, Risk__Type_of_Risk__c FROM Impact_Categories__r) FROM Scoring_Scheme__c WHERE Id = :tmpVar1
17:14:33.398 (398094404)|SOQL_EXECUTE_END|[64]|Rows:1
17:14:33.425 (425644632)|DML_END|[27]
17:14:33.425 (425682294)|HEAP_ALLOCATE|[EXTERNAL]|Bytes:8
17:14:33.425 (425696710)|HEAP_ALLOCATE|[28]|Bytes:4
17:14:33.425 (425735948)|HEAP_ALLOCATE|[28]|Bytes:26
17:14:33.425 (425766081)|HEAP_ALLOCATE|[28]|Bytes:4
17:14:33.425 (425809586)|HEAP_ALLOCATE|[28]|Bytes:5
17:14:33.425 (425827302)|VARIABLE_SCOPE_BEGIN|[28]|key|String|false|false
17:14:33.425 (425846883)|VARIABLE_ASSIGNMENT|[28]|key|"NJA3dKtmfaoTFdvxou"
17:14:33.425 (425853140)|STATEMENT_EXECUTE|[28]
17:14:33.425 (425859079)|HEAP_ALLOCATE|[29]|Bytes:4
17:14:33.425 (425894021)|HEAP_ALLOCATE|[29]|Bytes:31
17:14:33.425 (425918252)|HEAP_ALLOCATE|[29]|Bytes:4
17:14:33.425 (425949218)|HEAP_ALLOCATE|[29]|Bytes:5
17:14:33.425 (425964182)|VARIABLE_SCOPE_BEGIN|[29]|relationshipKey|String|false|false
17:14:33.425 (425977270)|VARIABLE_ASSIGNMENT|[29]|relationshipKey|"Risk__Scoring_Scheme (3 more) ..."
17:14:33.425 (425982974)|STATEMENT_EXECUTE|[29]
17:14:33.426 (426035842)|STATEMENT_EXECUTE|[31]
17:14:33.426 (426052458)|HEAP_ALLOCATE|[29]|Bytes:5
17:14:33.426 (426068370)|VARIABLE_ASSIGNMENT|[29]|relationshipKey|null
17:14:33.426 (426081729)|HEAP_ALLOCATE|[28]|Bytes:5
17:14:33.426 (426093846)|VARIABLE_ASSIGNMENT|[28]|key|null
17:14:33.426 (426117317)|HEAP_ALLOCATE|[37]|Bytes:4
17:14:33.426 (426140626)|STATEMENT_EXECUTE|[37]
17:14:33.426 (426151732)|METHOD_EXIT|[38]|01p58000000n6rI|SObjectUtility.insertSObjects(Map<String,SObject>)
17:14:33.426 (426159182)|METHOD_EXIT|[7]|01p58000000n6rI|SObjectUtility.insertSObjects(Map<String,SObject>)
17:14:33.426 (426163246)|STATEMENT_EXECUTE|[8]
17:14:33.426 (426171173)|METHOD_EXIT|[20]|01p58000000n6rI|SObjectUtility.createSObjects(List<SObjectData>)
17:14:33.426 (426179095)|METHOD_EXIT|[34]|01p58000000n81u|ScoringSchemeHelper.create5x5ScoringScheme()
17:14:33.426 (426184092)|SYSTEM_MODE_EXIT|false
17:14:33.431 (431003990)|CUMULATIVE_LIMIT_USAGE
17:14:33.431 (431003990)|LIMIT_USAGE_FOR_NS|(default)|
  Number of SOQL queries: 0 out of 100
  Number of query rows: 0 out of 50000
  Number of SOSL queries: 0 out of 20
  Number of DML statements: 2 out of 150
  Number of DML rows: 2 out of 10000
  Maximum CPU time: 0 out of 10000
  Maximum heap size: 0 out of 6000000
  Number of callouts: 0 out of 100
  Number of Email Invocations: 0 out of 10
  Number of future calls: 0 out of 50
  Number of queueable jobs added to the queue: 0 out of 50
  Number of Mobile Apex push calls: 0 out of 10

17:14:33.431 (431003990)|LIMIT_USAGE_FOR_NS|Risk|
  Number of SOQL queries: 2 out of 100
  Number of query rows: 2 out of 50000
  Number of SOSL queries: 0 out of 20
  Number of DML statements: 0 out of 150
  Number of DML rows: 0 out of 10000
  Maximum CPU time: 0 out of 10000
  Maximum heap size: 0 out of 6000000
  Number of callouts: 0 out of 100
  Number of Email Invocations: 0 out of 10
  Number of future calls: 0 out of 50
  Number of queueable jobs added to the queue: 0 out of 50
  Number of Mobile Apex push calls: 0 out of 10

17:14:33.431 (431003990)|CUMULATIVE_LIMIT_USAGE_END

17:14:33.431 (431061331)|CODE_UNIT_FINISHED|execute_anonymous_apex
17:14:33.432 (432037671)|EXECUTION_FINISHED
