35.0 APEX_CODE,FINEST;APEX_PROFILING,INFO;CALLOUT,INFO;DB,INFO;SYSTEM,DEBUG;VALIDATION,INFO;VISUALFORCE,INFO;WORKFLOW,INFO
Execute Anonymous: SObjectData d = new SObjectData('Test_objects__c');
Execute Anonymous: Map<String, String> x = new Map<String, String>();
Execute Anonymous: x.put('Name', 'x');
Execute Anonymous: 
Execute Anonymous: SObjectData d1 = new SObjectData('Test_objects__c');
Execute Anonymous: d1.setParent(d);
Execute Anonymous: 
Execute Anonymous: d.addChild(d1);
14:08:24.023 (23138655)|EXECUTION_STARTED
14:08:24.023 (23150943)|CODE_UNIT_STARTED|[EXTERNAL]|execute_anonymous_apex
14:08:24.024 (24474594)|VARIABLE_SCOPE_BEGIN|[1]|d|SObjectData|true|false
14:08:24.024 (24487112)|VARIABLE_SCOPE_BEGIN|[5]|d1|SObjectData|true|false
14:08:24.024 (24497289)|VARIABLE_SCOPE_BEGIN|[2]|x|Map<String,String>|true|false
14:08:24.024 (24649870)|HEAP_ALLOCATE|[72]|Bytes:3
14:08:24.024 (24711910)|HEAP_ALLOCATE|[77]|Bytes:152
14:08:24.024 (24733987)|HEAP_ALLOCATE|[342]|Bytes:408
14:08:24.024 (24757044)|HEAP_ALLOCATE|[355]|Bytes:408
14:08:24.024 (24779691)|HEAP_ALLOCATE|[467]|Bytes:48
14:08:24.024 (24822305)|HEAP_ALLOCATE|[139]|Bytes:6
14:08:24.024 (24856147)|HEAP_ALLOCATE|[EXTERNAL]|Bytes:11
14:08:24.024 (24900975)|STATEMENT_EXECUTE|[1]
14:08:24.024 (24905535)|STATEMENT_EXECUTE|[1]
14:08:24.024 (24911677)|HEAP_ALLOCATE|[1]|Bytes:34
14:08:24.024 (24948917)|METHOD_ENTRY|[1]|01p58000000n6Fr|SObjectData.SObjectData()
14:08:24.024 (24954843)|STATEMENT_EXECUTE|[1]
14:08:24.024 (24958930)|STATEMENT_EXECUTE|[1]
14:08:24.024 (24999461)|HEAP_ALLOCATE|[50]|Bytes:5
14:08:24.025 (25025937)|HEAP_ALLOCATE|[56]|Bytes:5
14:08:24.025 (25037961)|HEAP_ALLOCATE|[64]|Bytes:7
14:08:24.025 (25063224)|SYSTEM_MODE_ENTER|false
14:08:24.025 (25083741)|HEAP_ALLOCATE|[1]|Bytes:5
14:08:24.025 (25092391)|SYSTEM_MODE_EXIT|false
14:08:24.025 (25103037)|METHOD_EXIT|[1]|SObjectData
14:08:24.025 (25191973)|HEAP_ALLOCATE|[1]|Bytes:20
14:08:24.025 (25200070)|HEAP_ALLOCATE|[1]|Bytes:15
14:08:24.025 (25229183)|SYSTEM_MODE_ENTER|false
14:08:24.025 (25246963)|HEAP_ALLOCATE|[1]|Bytes:5
14:08:24.025 (25268085)|CONSTRUCTOR_ENTRY|[1]|01p58000000n6Fr|<init>(String)
14:08:24.025 (25314180)|VARIABLE_SCOPE_BEGIN|[7]|this|SObjectData|true|false
14:08:24.025 (25371104)|VARIABLE_ASSIGNMENT|[7]|this|{}|0x71231038
14:08:24.025 (25377657)|VARIABLE_SCOPE_BEGIN|[7]|sobjectType|String|false|false
14:08:24.025 (25393648)|VARIABLE_ASSIGNMENT|[7]|sobjectType|"Test_objects__c"
14:08:24.025 (25402535)|HEAP_ALLOCATE|[2]|Bytes:5
14:08:24.025 (25408043)|STATEMENT_EXECUTE|[1]
14:08:24.025 (25411642)|HEAP_ALLOCATE|[2]|Bytes:5
14:08:24.025 (25414841)|STATEMENT_EXECUTE|[2]
14:08:24.025 (25422656)|HEAP_ALLOCATE|[2]|Bytes:4
14:08:24.025 (25472011)|VARIABLE_ASSIGNMENT|[2]|this.fieldMap|{"s":1,"v":{}}|0x71231038
14:08:24.025 (25478485)|STATEMENT_EXECUTE|[3]
14:08:24.025 (25481372)|STATEMENT_EXECUTE|[4]
14:08:24.025 (25483708)|STATEMENT_EXECUTE|[5]
14:08:24.025 (25498723)|HEAP_ALLOCATE|[2]|Bytes:6
14:08:24.025 (25515731)|VARIABLE_SCOPE_BEGIN|[2]|this|System.ApexBaseClass|true|false
14:08:24.025 (25542627)|VARIABLE_ASSIGNMENT|[2]|this|{"fieldMap":"0x44d31bb7"}|0x71231038
14:08:24.025 (25554462)|STATEMENT_EXECUTE|[7]
14:08:24.025 (25557501)|STATEMENT_EXECUTE|[8]
14:08:24.025 (25570453)|VARIABLE_ASSIGNMENT|[8]|this.sObjectType|"Test_objects__c"|0x71231038
14:08:24.025 (25583855)|CONSTRUCTOR_EXIT|[1]|01p58000000n6Fr|<init>(String)
14:08:24.025 (25590300)|SYSTEM_MODE_EXIT|false
14:08:24.025 (25619290)|VARIABLE_ASSIGNMENT|[1]|d|{"fieldMap":"0x44d31bb7","sObjectType":"Test_objects__c"}|0x71231038
14:08:24.025 (25625675)|STATEMENT_EXECUTE|[2]
14:08:24.025 (25631551)|HEAP_ALLOCATE|[2]|Bytes:4
14:08:24.025 (25658384)|VARIABLE_ASSIGNMENT|[2]|x|{"s":1,"v":{}}|0x8b0a4fe
14:08:24.025 (25664435)|STATEMENT_EXECUTE|[3]
14:08:24.025 (25671619)|HEAP_ALLOCATE|[3]|Bytes:4
14:08:24.025 (25675503)|HEAP_ALLOCATE|[3]|Bytes:1
14:08:24.025 (25730933)|HEAP_ALLOCATE|[EXTERNAL]|Bytes:-4
14:08:24.025 (25751722)|STATEMENT_EXECUTE|[5]
14:08:24.025 (25757864)|HEAP_ALLOCATE|[5]|Bytes:20
14:08:24.025 (25784941)|SYSTEM_MODE_ENTER|false
14:08:24.025 (25801156)|HEAP_ALLOCATE|[5]|Bytes:5
14:08:24.025 (25812469)|CONSTRUCTOR_ENTRY|[5]|01p58000000n6Fr|<init>(String)
14:08:24.025 (25834602)|VARIABLE_SCOPE_BEGIN|[7]|this|SObjectData|true|false
14:08:24.025 (25855928)|VARIABLE_ASSIGNMENT|[7]|this|{}|0x72fef973
14:08:24.025 (25860726)|VARIABLE_SCOPE_BEGIN|[7]|sobjectType|String|false|false
14:08:24.025 (25868325)|VARIABLE_ASSIGNMENT|[7]|sobjectType|"Test_objects__c"
14:08:24.025 (25875857)|HEAP_ALLOCATE|[2]|Bytes:5
14:08:24.025 (25880448)|STATEMENT_EXECUTE|[1]
14:08:24.025 (25883964)|HEAP_ALLOCATE|[2]|Bytes:5
14:08:24.025 (25887123)|STATEMENT_EXECUTE|[2]
14:08:24.025 (25891961)|HEAP_ALLOCATE|[2]|Bytes:4
14:08:24.025 (25914492)|VARIABLE_ASSIGNMENT|[2]|this.fieldMap|{"s":1,"v":{}}|0x72fef973
14:08:24.025 (25920332)|STATEMENT_EXECUTE|[3]
14:08:24.025 (25923086)|STATEMENT_EXECUTE|[4]
14:08:24.025 (25925422)|STATEMENT_EXECUTE|[5]
14:08:24.025 (25933194)|VARIABLE_SCOPE_BEGIN|[2]|this|System.ApexBaseClass|true|false
14:08:24.025 (25955390)|VARIABLE_ASSIGNMENT|[2]|this|{"fieldMap":"0x2e2c4a38"}|0x72fef973
14:08:24.025 (25965393)|STATEMENT_EXECUTE|[7]
14:08:24.025 (25968248)|STATEMENT_EXECUTE|[8]
14:08:24.025 (25978649)|VARIABLE_ASSIGNMENT|[8]|this.sObjectType|"Test_objects__c"|0x72fef973
14:08:24.025 (25990465)|CONSTRUCTOR_EXIT|[5]|01p58000000n6Fr|<init>(String)
14:08:24.025 (25996479)|SYSTEM_MODE_EXIT|false
14:08:24.026 (26023335)|VARIABLE_ASSIGNMENT|[5]|d1|{"fieldMap":"0x2e2c4a38","sObjectType":"Test_objects__c"}|0x72fef973
14:08:24.026 (26030361)|STATEMENT_EXECUTE|[6]
14:08:24.026 (26056289)|SYSTEM_MODE_ENTER|false
14:08:24.026 (26071675)|HEAP_ALLOCATE|[6]|Bytes:5
14:08:24.026 (26112118)|METHOD_ENTRY|[6]|01p58000000n6Fr|SObjectData.setParent(SObjectData)
14:08:24.026 (26137812)|VARIABLE_SCOPE_BEGIN|[27]|this|SObjectData|true|false
14:08:24.026 (26163798)|VARIABLE_ASSIGNMENT|[27]|this|{"fieldMap":"0x2e2c4a38","sObjectType":"Test_objects__c"}|0x72fef973
14:08:24.026 (26170371)|VARIABLE_SCOPE_BEGIN|[27]|o|SObjectData|true|false
14:08:24.026 (26187937)|VARIABLE_ASSIGNMENT|[27]|o|{"fieldMap":"0x44d31bb7","sObjectType":"Test_objects__c"}|0x71231038
14:08:24.026 (26202170)|HEAP_ALLOCATE|[28]|Bytes:5
14:08:24.026 (26207237)|STATEMENT_EXECUTE|[27]
14:08:24.026 (26210112)|STATEMENT_EXECUTE|[28]
14:08:24.026 (26217741)|VARIABLE_ASSIGNMENT|[28]|this.parent|0x71231038|0x72fef973
14:08:24.026 (26227257)|METHOD_EXIT|[6]|01p58000000n6Fr|SObjectData.setParent(SObjectData)
14:08:24.026 (26232715)|SYSTEM_MODE_EXIT|false
14:08:24.026 (26237500)|STATEMENT_EXECUTE|[8]
14:08:24.026 (26262279)|SYSTEM_MODE_ENTER|false
14:08:24.026 (26277059)|HEAP_ALLOCATE|[8]|Bytes:5
14:08:24.026 (26300216)|METHOD_ENTRY|[8]|01p58000000n6Fr|SObjectData.addChild(SObjectData)
14:08:24.026 (26325115)|VARIABLE_SCOPE_BEGIN|[37]|this|SObjectData|true|false
14:08:24.026 (26349890)|VARIABLE_ASSIGNMENT|[37]|this|{"fieldMap":"0x44d31bb7","sObjectType":"Test_objects__c"}|0x71231038
14:08:24.026 (26356316)|VARIABLE_SCOPE_BEGIN|[37]|o|SObjectData|true|false
14:08:24.026 (26375415)|VARIABLE_ASSIGNMENT|[37]|o|{"fieldMap":"0x2e2c4a38","parent":"0x71231038","sObjectType":"Test_objects__c"}|0x72fef973
14:08:24.026 (26393980)|HEAP_ALLOCATE|[38]|Bytes:5
14:08:24.026 (26399075)|STATEMENT_EXECUTE|[37]
14:08:24.026 (26406633)|STATEMENT_EXECUTE|[38]
14:08:24.026 (26409144)|STATEMENT_EXECUTE|[39]
14:08:24.026 (26415738)|HEAP_ALLOCATE|[39]|Bytes:4
14:08:24.026 (26580217)|HEAP_ALLOCATE|[EXTERNAL]|Bytes:4
14:08:24.026 (26599846)|VARIABLE_ASSIGNMENT|[39]|this.children|{"s":1,"v":[]}|0x71231038
14:08:24.026 (26605269)|STATEMENT_EXECUTE|[41]
14:08:24.026 (26652909)|HEAP_ALLOCATE|[EXTERNAL]|Bytes:4
14:08:24.026 (26674175)|METHOD_EXIT|[8]|01p58000000n6Fr|SObjectData.addChild(SObjectData)
14:08:24.026 (26679839)|SYSTEM_MODE_EXIT|false
14:08:24.026 (26727291)|CUMULATIVE_LIMIT_USAGE
14:08:24.026 (26727291)|LIMIT_USAGE_FOR_NS|(default)|
  Number of SOQL queries: 0 out of 100
  Number of query rows: 0 out of 50000
  Number of SOSL queries: 0 out of 20
  Number of DML statements: 0 out of 150
  Number of DML rows: 0 out of 10000
  Maximum CPU time: 0 out of 10000
  Maximum heap size: 0 out of 6000000
  Number of callouts: 0 out of 100
  Number of Email Invocations: 0 out of 10
  Number of future calls: 0 out of 50
  Number of queueable jobs added to the queue: 0 out of 50
  Number of Mobile Apex push calls: 0 out of 10

14:08:24.026 (26727291)|CUMULATIVE_LIMIT_USAGE_END

14:08:24.026 (26775984)|CODE_UNIT_FINISHED|execute_anonymous_apex
14:08:24.027 (27771482)|EXECUTION_FINISHED
