35.0 APEX_CODE,FINEST;APEX_PROFILING,INFO;CALLOUT,INFO;DB,INFO;SYSTEM,DEBUG;VALIDATION,INFO;VISUALFORCE,INFO;WORKFLOW,INFO
11:45:05.541 (541842592)|EXECUTION_STARTED
11:45:05.541 (541921008)|CODE_UNIT_STARTED|[EXTERNAL]|01p58000000nl6e|BusinessUnitRelationshipHelperTest.testUpdateRelationships
11:45:05.542 (542178109)|HEAP_ALLOCATE|[72]|Bytes:3
11:45:05.542 (542220894)|HEAP_ALLOCATE|[77]|Bytes:152
11:45:05.542 (542245049)|HEAP_ALLOCATE|[342]|Bytes:408
11:45:05.542 (542271658)|HEAP_ALLOCATE|[355]|Bytes:408
11:45:05.542 (542295431)|HEAP_ALLOCATE|[467]|Bytes:48
11:45:05.542 (542339026)|HEAP_ALLOCATE|[139]|Bytes:6
11:45:05.542 (542366868)|HEAP_ALLOCATE|[EXTERNAL]|Bytes:138
11:45:05.542 (542388278)|METHOD_ENTRY|[2]|01p58000000nl6e|BusinessUnitRelationshipHelperTest.BusinessUnitRelationshipHelperTest()
11:45:05.542 (542393754)|STATEMENT_EXECUTE|[2]
11:45:05.542 (542399392)|STATEMENT_EXECUTE|[2]
11:45:05.542 (542440180)|HEAP_ALLOCATE|[50]|Bytes:5
11:45:05.542 (542466803)|HEAP_ALLOCATE|[56]|Bytes:5
11:45:05.542 (542478642)|HEAP_ALLOCATE|[64]|Bytes:7
11:45:05.543 (543070694)|SYSTEM_MODE_ENTER|false
11:45:05.543 (543092418)|HEAP_ALLOCATE|[EXTERNAL]|Bytes:5
11:45:05.543 (543102410)|SYSTEM_MODE_EXIT|false
11:45:05.543 (543116135)|METHOD_EXIT|[2]|BusinessUnitRelationshipHelperTest
11:45:05.543 (543150922)|SYSTEM_MODE_ENTER|false
11:45:05.543 (543162949)|HEAP_ALLOCATE|[4]|Bytes:5
11:45:05.543 (543168614)|STATEMENT_EXECUTE|[3]
11:45:05.543 (543171391)|STATEMENT_EXECUTE|[4]
11:45:05.543 (543242014)|HEAP_ALLOCATE|[4]|Bytes:4
11:45:05.543 (543393548)|VARIABLE_SCOPE_BEGIN|[4]|parent|grc__Business_Unit__c|true|false
11:45:05.543 (543411207)|VARIABLE_ASSIGNMENT|[4]|parent|{}|0x4a81d1ce
11:45:05.543 (543415890)|STATEMENT_EXECUTE|[5]
11:45:05.543 (543421220)|HEAP_ALLOCATE|[5]|Bytes:6
11:45:05.543 (543520290)|VARIABLE_ASSIGNMENT|[5]|this.Name|"parent"|0x4a81d1ce
11:45:05.543 (543526629)|STATEMENT_EXECUTE|[6]
11:45:05.543 (543588889)|VARIABLE_ASSIGNMENT|[6]|this.Risk__Sharing_Group_Name__c|"parent"|0x4a81d1ce
11:45:05.543 (543594919)|STATEMENT_EXECUTE|[8]
11:45:05.543 (543611470)|HEAP_ALLOCATE|[8]|Bytes:4
11:45:05.543 (543637105)|VARIABLE_SCOPE_BEGIN|[8]|child1|grc__Business_Unit__c|true|false
11:45:05.543 (543651696)|VARIABLE_ASSIGNMENT|[8]|child1|{}|0x6d469e98
11:45:05.543 (543656110)|STATEMENT_EXECUTE|[9]
11:45:05.543 (543660904)|HEAP_ALLOCATE|[9]|Bytes:6
11:45:05.543 (543716608)|VARIABLE_ASSIGNMENT|[9]|this.Name|"child1"|0x6d469e98
11:45:05.543 (543722578)|STATEMENT_EXECUTE|[10]
11:45:05.543 (543777796)|VARIABLE_ASSIGNMENT|[10]|this.Risk__Sharing_Group_Name__c|"child1"|0x6d469e98
11:45:05.543 (543783677)|STATEMENT_EXECUTE|[12]
11:45:05.543 (543798635)|HEAP_ALLOCATE|[12]|Bytes:4
11:45:05.543 (543820091)|VARIABLE_SCOPE_BEGIN|[12]|child2|grc__Business_Unit__c|true|false
11:45:05.543 (543833497)|VARIABLE_ASSIGNMENT|[12]|child2|{}|0x222bae4b
11:45:05.543 (543837637)|STATEMENT_EXECUTE|[13]
11:45:05.543 (543842295)|HEAP_ALLOCATE|[13]|Bytes:6
11:45:05.543 (543895837)|VARIABLE_ASSIGNMENT|[13]|this.Name|"child2"|0x222bae4b
11:45:05.543 (543901624)|STATEMENT_EXECUTE|[14]
11:45:05.543 (543961792)|VARIABLE_ASSIGNMENT|[14]|this.Risk__Sharing_Group_Name__c|"child2"|0x222bae4b
11:45:05.543 (543967520)|STATEMENT_EXECUTE|[16]
11:45:05.543 (543988333)|HEAP_ALLOCATE|[16]|Bytes:4
11:45:05.544 (544011550)|VARIABLE_SCOPE_BEGIN|[16]|child11|grc__Business_Unit__c|true|false
11:45:05.544 (544026038)|VARIABLE_ASSIGNMENT|[16]|child11|{}|0x3f0be46b
11:45:05.544 (544030570)|STATEMENT_EXECUTE|[17]
11:45:05.544 (544035174)|HEAP_ALLOCATE|[17]|Bytes:7
11:45:05.544 (544089116)|VARIABLE_ASSIGNMENT|[17]|this.Name|"child11"|0x3f0be46b
11:45:05.544 (544097050)|STATEMENT_EXECUTE|[18]
11:45:05.544 (544153925)|VARIABLE_ASSIGNMENT|[18]|this.Risk__Sharing_Group_Name__c|"child11"|0x3f0be46b
11:45:05.544 (544159687)|STATEMENT_EXECUTE|[20]
11:45:05.544 (544174351)|HEAP_ALLOCATE|[20]|Bytes:4
11:45:05.544 (544195226)|VARIABLE_SCOPE_BEGIN|[20]|child21|grc__Business_Unit__c|true|false
11:45:05.544 (544208097)|VARIABLE_ASSIGNMENT|[20]|child21|{}|0x540b895e
11:45:05.544 (544212359)|STATEMENT_EXECUTE|[21]
11:45:05.544 (544217543)|HEAP_ALLOCATE|[21]|Bytes:7
11:45:05.544 (544270376)|VARIABLE_ASSIGNMENT|[21]|this.Name|"child21"|0x540b895e
11:45:05.544 (544276046)|STATEMENT_EXECUTE|[22]
11:45:05.544 (544334260)|VARIABLE_ASSIGNMENT|[22]|this.Risk__Sharing_Group_Name__c|"child21"|0x540b895e
11:45:05.544 (544340137)|STATEMENT_EXECUTE|[24]
11:45:05.544 (544345037)|HEAP_ALLOCATE|[24]|Bytes:39
11:45:05.544 (544354843)|HEAP_ALLOCATE|[24]|Bytes:4
11:45:05.544 (544365090)|HEAP_ALLOCATE|[24]|Bytes:7
11:45:05.544 (544715861)|SOQL_EXECUTE_BEGIN|[24]|Aggregations:0|SELECT Id FROM User WHERE Id = :tmpVar1
11:45:05.553 (553313842)|SOQL_EXECUTE_END|[24]|Rows:1
11:45:05.553 (553341734)|HEAP_ALLOCATE|[24]|Bytes:8
11:45:05.553 (553356404)|HEAP_ALLOCATE|[24]|Bytes:29
11:45:05.553 (553454343)|HEAP_ALLOCATE|[24]|Bytes:8
11:45:05.553 (553465277)|HEAP_ALLOCATE|[24]|Bytes:30
11:45:05.553 (553546041)|HEAP_ALLOCATE|[24]|Bytes:8
11:45:05.553 (553555766)|VARIABLE_SCOPE_BEGIN|[24]|usr|User|true|false
11:45:05.553 (553580789)|VARIABLE_ASSIGNMENT|[24]|usr|{"s":1,"v":{"Id":"00558000000FHMRAA4"}}|0x72273790
11:45:05.557 (557743631)|HEAP_ALLOCATE|[25]|Bytes:8
11:45:05.557 (557757332)|STATEMENT_EXECUTE|[25]
11:45:05.557 (557763019)|STATEMENT_EXECUTE|[27]
11:45:05.559 (559252209)|STATEMENT_EXECUTE|[28]
11:45:05.559 (559283364)|HEAP_ALLOCATE|[28]|Bytes:4
11:45:05.559 (559386388)|HEAP_ALLOCATE|[EXTERNAL]|Bytes:24
11:45:05.559 (559443522)|DML_BEGIN|[28]|Op:Insert|Type:grc__Business_Unit__c|Rows:5
11:45:05.559 (559488758)|HEAP_ALLOCATE|[EXTERNAL]|Bytes:24
11:45:05.565 (565813093)|ENTERING_MANAGED_PKG|Risk
11:45:05.569 (569348546)|SOQL_EXECUTE_BEGIN|[16]|Aggregations:0|SELECT Id, Risk__Hierarchy_Level__c FROM grc__Business_Unit__c WHERE Id = :tmpVar1
11:45:05.573 (573094544)|SOQL_EXECUTE_END|[16]|Rows:0
11:45:05.576 (576213816)|SOQL_EXECUTE_BEGIN|[11]|Aggregations:0|SELECT Id, grc__Parent_Business_Unit__c FROM grc__Business_Unit__c LIMIT 50000
11:45:05.577 (577451316)|SOQL_EXECUTE_END|[11]|Rows:0
11:45:05.608 (608651873)|CODE_UNIT_STARTED|[EXTERNAL]|Validation:Business_Unit:new
11:45:05.608 (608668939)|VALIDATION_RULE|03d580000004IqX|No_Dashes_in_Sharing_Group_Name_Allowed
11:45:05.608 (608786282)|VALIDATION_FORMULA|CONTAINS(Risk__Sharing_Group_Name__c, '-')|Risk__Sharing_Group_Name__c=parent
11:45:05.608 (608794054)|VALIDATION_PASS
11:45:05.608 (608819948)|CODE_UNIT_FINISHED|Validation:Business_Unit:new
11:45:05.609 (609656078)|CODE_UNIT_STARTED|[EXTERNAL]|Validation:Business_Unit:new
11:45:05.609 (609665317)|VALIDATION_RULE|03d580000004IqX|No_Dashes_in_Sharing_Group_Name_Allowed
11:45:05.609 (609771087)|VALIDATION_FORMULA|CONTAINS(Risk__Sharing_Group_Name__c, '-')|Risk__Sharing_Group_Name__c=child1
11:45:05.609 (609777712)|VALIDATION_PASS
11:45:05.609 (609798058)|CODE_UNIT_FINISHED|Validation:Business_Unit:new
11:45:05.610 (610609032)|CODE_UNIT_STARTED|[EXTERNAL]|Validation:Business_Unit:new
11:45:05.610 (610618406)|VALIDATION_RULE|03d580000004IqX|No_Dashes_in_Sharing_Group_Name_Allowed
11:45:05.610 (610719511)|VALIDATION_FORMULA|CONTAINS(Risk__Sharing_Group_Name__c, '-')|Risk__Sharing_Group_Name__c=child2
11:45:05.610 (610726689)|VALIDATION_PASS
11:45:05.610 (610747230)|CODE_UNIT_FINISHED|Validation:Business_Unit:new
11:45:05.611 (611668401)|CODE_UNIT_STARTED|[EXTERNAL]|Validation:Business_Unit:new
11:45:05.611 (611677389)|VALIDATION_RULE|03d580000004IqX|No_Dashes_in_Sharing_Group_Name_Allowed
11:45:05.611 (611778288)|VALIDATION_FORMULA|CONTAINS(Risk__Sharing_Group_Name__c, '-')|Risk__Sharing_Group_Name__c=child11
11:45:05.611 (611784937)|VALIDATION_PASS
11:45:05.611 (611805531)|CODE_UNIT_FINISHED|Validation:Business_Unit:new
11:45:05.612 (612618540)|CODE_UNIT_STARTED|[EXTERNAL]|Validation:Business_Unit:new
11:45:05.612 (612627588)|VALIDATION_RULE|03d580000004IqX|No_Dashes_in_Sharing_Group_Name_Allowed
11:45:05.612 (612725974)|VALIDATION_FORMULA|CONTAINS(Risk__Sharing_Group_Name__c, '-')|Risk__Sharing_Group_Name__c=child21
11:45:05.612 (612732679)|VALIDATION_PASS
11:45:05.612 (612752824)|CODE_UNIT_FINISHED|Validation:Business_Unit:new
11:45:13.555 (8555667876)|ENTERING_MANAGED_PKG|Risk
11:45:13.556 (8556197916)|SOQL_EXECUTE_BEGIN|[28]|Aggregations:0|SELECT COUNT() FROM AsyncApexJob WHERE (JobType = 'BatchApex' AND (Status = 'Processing' OR Status = 'Preparing' OR Status = 'Queued'))
11:45:13.557 (8557675632)|SOQL_EXECUTE_END|[28]|Rows:0
11:45:13.609 (8609026211)|DML_END|[28]
11:45:13.609 (8609104737)|HEAP_ALLOCATE|[EXTERNAL]|Bytes:24
11:45:13.609 (8609117791)|STATEMENT_EXECUTE|[29]
11:45:13.620 (8620981873)|HEAP_ALLOCATE|[EXTERNAL]|Bytes:24
11:45:13.621 (8621462145)|HEAP_ALLOCATE|[EXTERNAL]|Bytes:4
11:45:13.637 (8637304825)|SOQL_EXECUTE_BEGIN|[109]|Aggregations:0|SELECT Id, Risk__Sharing_Group_Name__c, grc__Parent_Business_Unit__c, grc__Parent_Business_Unit__r.Risk__Sharing_Group_Name__c, grc__Parent_Business_Unit__r.Risk__Read_Write_Access_to_Child_BUs__c FROM grc__Business_Unit__c WHERE Id = :tmpVar1
11:45:13.643 (8643282135)|SOQL_EXECUTE_END|[109]|Rows:5
11:45:13.645 (8645395080)|DML_BEGIN|[131]|Op:Insert|Type:Group|Rows:10
11:45:13.771 (8771125465)|DML_END|[131]
11:45:13.771 (8771495145)|SOQL_EXECUTE_BEGIN|[133]|Aggregations:0|SELECT Id, Name FROM Group 
11:45:13.785 (8785063259)|SOQL_EXECUTE_END|[133]|Rows:10
11:45:13.790 (8790428756)|SOQL_EXECUTE_BEGIN|[149]|Aggregations:0|SELECT Id, OwnerId, Risk__Sharing_Group_Name__c, grc__Parent_Business_Unit__c, grc__Parent_Business_Unit__r.Risk__Sharing_Group_Name__c, grc__Parent_Business_Unit__r.Risk__Read_Write_Access_to_Child_BUs__c FROM grc__Business_Unit__c WHERE Id = :tmpVar1
11:45:13.793 (8793618404)|SOQL_EXECUTE_END|[149]|Rows:5
11:45:13.795 (8795574260)|DML_BEGIN|[173]|Op:Insert|Type:GroupMember|Rows:5
11:45:13.959 (8959580580)|DML_END|[173]
11:45:14.014 (9014668391)|HEAP_ALLOCATE|[EXTERNAL]|Bytes:24
11:45:14.015 (9015047732)|HEAP_ALLOCATE|[EXTERNAL]|Bytes:4
11:45:14.015 (9015138703)|HEAP_ALLOCATE|[EXTERNAL]|Bytes:4
11:45:14.015 (9015145133)|HEAP_ALLOCATE|[EXTERNAL]|Bytes:18
11:45:14.015 (9015168146)|HEAP_ALLOCATE|[EXTERNAL]|Bytes:4
11:45:14.015 (9015221108)|HEAP_ALLOCATE|[EXTERNAL]|Bytes:8
11:45:14.015 (9015226854)|HEAP_ALLOCATE|[EXTERNAL]|Bytes:18
11:45:14.015 (9015244966)|HEAP_ALLOCATE|[EXTERNAL]|Bytes:4
11:45:14.015 (9015299520)|HEAP_ALLOCATE|[EXTERNAL]|Bytes:12
11:45:14.015 (9015305370)|HEAP_ALLOCATE|[EXTERNAL]|Bytes:18
11:45:14.015 (9015321162)|HEAP_ALLOCATE|[EXTERNAL]|Bytes:4
11:45:14.015 (9015371474)|HEAP_ALLOCATE|[EXTERNAL]|Bytes:16
11:45:14.015 (9015377266)|HEAP_ALLOCATE|[EXTERNAL]|Bytes:18
11:45:14.015 (9015392629)|HEAP_ALLOCATE|[EXTERNAL]|Bytes:4
11:45:14.015 (9015442426)|HEAP_ALLOCATE|[EXTERNAL]|Bytes:20
11:45:14.015 (9015447993)|HEAP_ALLOCATE|[EXTERNAL]|Bytes:18
11:45:14.015 (9015467339)|HEAP_ALLOCATE|[EXTERNAL]|Bytes:4
11:45:14.028 (9028441324)|SOQL_EXECUTE_BEGIN|[33]|Aggregations:0|SELECT Id, Risk__Sharing_Group_Name__c, grc__Parent_Business_Unit__c, grc__Parent_Business_Unit__r.Risk__Sharing_Group_Name__c, grc__Parent_Business_Unit__r.Risk__Read_Write_Access_to_Child_BUs__c FROM grc__Business_Unit__c WHERE Id IN :tmpVar1
11:45:14.031 (9031363000)|SOQL_EXECUTE_END|[33]|Rows:5
11:45:14.033 (9033398482)|SOQL_EXECUTE_BEGIN|[58]|Aggregations:0|SELECT Id, Name FROM Group 
11:45:14.038 (9038558802)|SOQL_EXECUTE_END|[58]|Rows:10
11:45:14.043 (9043504388)|DML_BEGIN|[74]|Op:Insert|Type:grc__Business_Unit__Share|Rows:10
11:45:14.109 (9109715086)|DML_END|[74]
11:45:14.135 (9135380277)|STATEMENT_EXECUTE|[32]
11:45:14.135 (9135397920)|HEAP_ALLOCATE|[32]|Bytes:4
11:45:14.135 (9135410919)|VARIABLE_SCOPE_BEGIN|[32]|parameters|Map<String,String>|true|false
11:45:14.135 (9135433479)|VARIABLE_ASSIGNMENT|[32]|parameters|{"s":1,"v":{}}|0x37477634
11:45:14.135 (9135438711)|STATEMENT_EXECUTE|[33]
11:45:14.135 (9135444880)|HEAP_ALLOCATE|[33]|Bytes:57
11:45:14.135 (9135450611)|VARIABLE_SCOPE_BEGIN|[33]|csvString|String|false|false
11:45:14.135 (9135460502)|VARIABLE_ASSIGNMENT|[33]|csvString|"child1:parent,child2 (37 more) ..."
11:45:14.135 (9135464238)|STATEMENT_EXECUTE|[34]
11:45:14.135 (9135468344)|HEAP_ALLOCATE|[34]|Bytes:9
11:45:14.135 (9135524113)|HEAP_ALLOCATE|[EXTERNAL]|Bytes:-4
11:45:14.135 (9135542006)|STATEMENT_EXECUTE|[36]
11:45:14.135 (9135550768)|HEAP_ALLOCATE|[36]|Bytes:4
11:45:14.135 (9135592280)|VARIABLE_SCOPE_BEGIN|[36]|results|List<grc__Business_Unit__c>|true|false
11:45:14.135 (9135609904)|HEAP_ALLOCATE|[EXTERNAL]|Bytes:4
11:45:14.135 (9135631719)|VARIABLE_ASSIGNMENT|[36]|results|{"s":1,"v":[]}|0x1f7be757
11:45:14.135 (9135640777)|STATEMENT_EXECUTE|[39]
11:45:14.137 (9137116960)|VARIABLE_SCOPE_BEGIN|[7]|BusinessUnitRelationshipHelper.key|String|false|true
11:45:14.137 (9137139839)|HEAP_ALLOCATE|[39]|Bytes:5
11:45:14.137 (9137152643)|HEAP_ALLOCATE|[39]|Bytes:13
11:45:14.137 (9137177398)|VARIABLE_ASSIGNMENT|[39]|BusinessUnitRelationshipHelper.key|"relationships"
11:45:14.137 (9137213335)|METHOD_ENTRY|[5]|01p58000000nl2M|BusinessUnitRelationshipHelper.BusinessUnitRelationshipHelper()
11:45:14.137 (9137222924)|STATEMENT_EXECUTE|[5]
11:45:14.137 (9137230636)|STATEMENT_EXECUTE|[5]
11:45:14.137 (9137242157)|HEAP_ALLOCATE|[39]|Bytes:5
11:45:14.137 (9137263062)|METHOD_EXIT|[5]|BusinessUnitRelationshipHelper
11:45:14.137 (9137305829)|METHOD_ENTRY|[39]|01p58000000nl2M|BusinessUnitRelationshipHelper.updateRelationships(Map<String,String>)
11:45:14.137 (9137347927)|VARIABLE_SCOPE_BEGIN|[15]|relationships|Map<String,String>|true|false
11:45:14.137 (9137362443)|VARIABLE_ASSIGNMENT|[15]|relationships|null|
11:45:14.137 (9137383654)|HEAP_ALLOCATE|[17]|Bytes:5
11:45:14.137 (9137392215)|STATEMENT_EXECUTE|[15]
11:45:14.137 (9137401899)|STATEMENT_EXECUTE|[17]
11:45:14.137 (9137406068)|STATEMENT_EXECUTE|[63]
11:45:14.137 (9137414667)|HEAP_ALLOCATE|[63]|Bytes:4
11:45:14.137 (9137487550)|METHOD_EXIT|[39]|01p58000000nl2M|BusinessUnitRelationshipHelper.updateRelationships(Map<String,String>)
11:45:14.137 (9137504345)|HEAP_ALLOCATE|[EXTERNAL]|Bytes:4
11:45:14.137 (9137525681)|VARIABLE_ASSIGNMENT|[39]|results|{"s":1,"v":[]}|0x6928990
11:45:14.137 (9137532896)|STATEMENT_EXECUTE|[41]
11:45:14.137 (9137620653)|STATEMENT_EXECUTE|[42]
11:45:14.137 (9137709862)|STATEMENT_EXECUTE|[44]
11:45:14.137 (9137719145)|HEAP_ALLOCATE|[44]|Bytes:4
11:45:14.137 (9137733396)|METHOD_ENTRY|[44]|01p58000000nl2M|BusinessUnitRelationshipHelper.updateRelationships(Map<String,String>)
11:45:14.137 (9137762676)|VARIABLE_SCOPE_BEGIN|[15]|relationships|Map<String,String>|true|false
11:45:14.137 (9137784626)|VARIABLE_ASSIGNMENT|[15]|relationships|{"s":1,"v":{}}|0x9b687eb
11:45:14.137 (9137800671)|HEAP_ALLOCATE|[17]|Bytes:5
11:45:14.137 (9137806881)|STATEMENT_EXECUTE|[15]
11:45:14.137 (9137812970)|HEAP_ALLOCATE|[17]|Bytes:13
11:45:14.137 (9137876800)|STATEMENT_EXECUTE|[17]
11:45:14.137 (9137882935)|STATEMENT_EXECUTE|[63]
11:45:14.137 (9137891049)|HEAP_ALLOCATE|[63]|Bytes:4
11:45:14.137 (9137924615)|METHOD_EXIT|[44]|01p58000000nl2M|BusinessUnitRelationshipHelper.updateRelationships(Map<String,String>)
11:45:14.137 (9137938116)|STATEMENT_EXECUTE|[46]
11:45:14.137 (9137999659)|STATEMENT_EXECUTE|[47]
11:45:14.138 (9138063409)|STATEMENT_EXECUTE|[50]
11:45:14.138 (9138073705)|METHOD_ENTRY|[50]|01p58000000nl2M|BusinessUnitRelationshipHelper.updateRelationships(Map<String,String>)
11:45:14.138 (9138089293)|VARIABLE_SCOPE_BEGIN|[15]|relationships|Map<String,String>|true|false
11:45:14.138 (9138110716)|VARIABLE_ASSIGNMENT|[15]|relationships|{"s":1,"v":{"wrong key":"child1:parent,child2 (37 more) ..."}}|0x37477634
11:45:14.138 (9138121578)|HEAP_ALLOCATE|[17]|Bytes:5
11:45:14.138 (9138126259)|STATEMENT_EXECUTE|[15]
11:45:14.138 (9138166724)|STATEMENT_EXECUTE|[17]
11:45:14.138 (9138170340)|STATEMENT_EXECUTE|[63]
11:45:14.138 (9138175282)|HEAP_ALLOCATE|[63]|Bytes:4
11:45:14.138 (9138192530)|METHOD_EXIT|[50]|01p58000000nl2M|BusinessUnitRelationshipHelper.updateRelationships(Map<String,String>)
11:45:14.138 (9138206854)|HEAP_ALLOCATE|[EXTERNAL]|Bytes:4
11:45:14.138 (9138220651)|VARIABLE_ASSIGNMENT|[50]|results|{"s":1,"v":[]}|0x41545620
11:45:14.138 (9138225576)|STATEMENT_EXECUTE|[51]
11:45:14.138 (9138276515)|STATEMENT_EXECUTE|[52]
11:45:14.138 (9138318504)|STATEMENT_EXECUTE|[54]
11:45:14.138 (9138325530)|HEAP_ALLOCATE|[54]|Bytes:17
11:45:14.138 (9138359226)|HEAP_ALLOCATE|[EXTERNAL]|Bytes:-4
11:45:14.138 (9138375199)|STATEMENT_EXECUTE|[56]
11:45:14.138 (9138384020)|METHOD_ENTRY|[56]|01p58000000nl2M|BusinessUnitRelationshipHelper.updateRelationships(Map<String,String>)
11:45:14.138 (9138398926)|VARIABLE_SCOPE_BEGIN|[15]|relationships|Map<String,String>|true|false
11:45:14.138 (9138417676)|VARIABLE_ASSIGNMENT|[15]|relationships|{"s":1,"v":{"wrong key":"child1:parent,child2 (37 more) ...","relationships":"very wrong string"}}|0x37477634
11:45:14.138 (9138434490)|HEAP_ALLOCATE|[17]|Bytes:5
11:45:14.138 (9138439370)|STATEMENT_EXECUTE|[15]
11:45:14.138 (9138468528)|STATEMENT_EXECUTE|[17]
11:45:14.138 (9138471742)|STATEMENT_EXECUTE|[19]
11:45:14.138 (9138479763)|HEAP_ALLOCATE|[19]|Bytes:4
11:45:14.138 (9138508590)|VARIABLE_SCOPE_BEGIN|[19]|businessUnitNames|Set<String>|true|false
11:45:14.138 (9138541805)|VARIABLE_ASSIGNMENT|[19]|businessUnitNames|{"s":1,"v":[]}|0x6e2cd5d4
11:45:14.138 (9138547863)|STATEMENT_EXECUTE|[20]
11:45:14.138 (9138553980)|HEAP_ALLOCATE|[20]|Bytes:4
11:45:14.138 (9138560969)|VARIABLE_SCOPE_BEGIN|[20]|childToParentMap|Map<String,String>|true|false
11:45:14.138 (9138576645)|VARIABLE_ASSIGNMENT|[20]|childToParentMap|{"s":1,"v":{}}|0x2aaff26f
11:45:14.138 (9138581310)|STATEMENT_EXECUTE|[21]
11:45:14.138 (9138617755)|HEAP_ALLOCATE|[21]|Bytes:4
11:45:14.138 (9138664108)|VARIABLE_SCOPE_BEGIN|[21]|businessUnitMap|Map<String,grc__Business_Unit__c>|true|false
11:45:14.138 (9138690808)|VARIABLE_ASSIGNMENT|[21]|businessUnitMap|{"s":1,"v":{}}|0x49a9544c
11:45:14.138 (9138696524)|STATEMENT_EXECUTE|[23]
11:45:14.138 (9138750519)|HEAP_ALLOCATE|[23]|Bytes:1
11:45:14.138 (9138787770)|HEAP_ALLOCATE|[23]|Bytes:17
11:45:14.138 (9138792581)|HEAP_ALLOCATE|[23]|Bytes:8
11:45:14.138 (9138807302)|VARIABLE_SCOPE_BEGIN|[23]|pairs|List<String>|true|false
11:45:14.138 (9138823776)|HEAP_ALLOCATE|[EXTERNAL]|Bytes:8
11:45:14.138 (9138839100)|VARIABLE_ASSIGNMENT|[23]|pairs|{"s":1,"v":["very wrong string"]}|0x5eea98fb
11:45:14.138 (9138893289)|HEAP_ALLOCATE|[25]|Bytes:5
11:45:14.138 (9138908709)|HEAP_ALLOCATE|[25]|Bytes:17
11:45:14.138 (9138919414)|VARIABLE_SCOPE_BEGIN|[25]|pair|String|false|false
11:45:14.138 (9138929480)|VARIABLE_ASSIGNMENT|[25]|pair|"very wrong string"
11:45:14.138 (9138938641)|STATEMENT_EXECUTE|[25]
11:45:14.138 (9138941647)|STATEMENT_EXECUTE|[26]
11:45:14.138 (9138945670)|HEAP_ALLOCATE|[26]|Bytes:1
11:45:14.138 (9138989937)|HEAP_ALLOCATE|[26]|Bytes:17
11:45:14.138 (9138994984)|HEAP_ALLOCATE|[26]|Bytes:8
11:45:14.139 (9139010382)|VARIABLE_SCOPE_BEGIN|[26]|pairValue|List<String>|true|false
11:45:14.139 (9139030777)|HEAP_ALLOCATE|[EXTERNAL]|Bytes:8
11:45:14.139 (9139045021)|VARIABLE_ASSIGNMENT|[26]|pairValue|{"s":1,"v":["very wrong string"]}|0x56607487
11:45:14.139 (9139075260)|STATEMENT_EXECUTE|[27]
11:45:14.139 (9139092182)|HEAP_ALLOCATE|[25]|Bytes:5
11:45:14.139 (9139110098)|VARIABLE_ASSIGNMENT|[25]|pair|null
11:45:14.139 (9139114627)|STATEMENT_EXECUTE|[39]
11:45:14.139 (9139128842)|METHOD_ENTRY|[39]|01p58000000nl2M|BusinessUnitRelationshipHelper.getNamedBusinessUnits(Set<String>)
11:45:14.139 (9139150922)|VARIABLE_SCOPE_BEGIN|[71]|businessUnitNames|Set<String>|true|false
11:45:14.139 (9139165872)|VARIABLE_ASSIGNMENT|[71]|businessUnitNames|{"s":1,"v":[]}|0x6e2cd5d4
11:45:14.139 (9139180756)|HEAP_ALLOCATE|[72]|Bytes:5
11:45:14.139 (9139185802)|STATEMENT_EXECUTE|[71]
11:45:14.139 (9139188188)|STATEMENT_EXECUTE|[72]
11:45:14.139 (9139191937)|HEAP_ALLOCATE|[72]|Bytes:64
11:45:14.139 (9139198210)|HEAP_ALLOCATE|[72]|Bytes:4
11:45:14.139 (9139608196)|SOQL_EXECUTE_BEGIN|[72]|Aggregations:0|SELECT Id, Name FROM grc__Business_Unit__c WHERE Name = :tmpVar1
11:45:14.142 (9142342649)|SOQL_EXECUTE_END|[72]|Rows:0
11:45:14.142 (9142365919)|HEAP_ALLOCATE|[72]|Bytes:4
11:45:14.142 (9142378198)|HEAP_ALLOCATE|[72]|Bytes:0
11:45:14.142 (9142394181)|HEAP_ALLOCATE|[72]|Bytes:4
11:45:14.142 (9142408517)|METHOD_EXIT|[39]|01p58000000nl2M|BusinessUnitRelationshipHelper.getNamedBusinessUnits(Set<String>)
11:45:14.142 (9142415506)|VARIABLE_SCOPE_BEGIN|[39]|businessUnits|List<grc__Business_Unit__c>|true|false
11:45:14.142 (9142430931)|VARIABLE_ASSIGNMENT|[39]|businessUnits|{"s":1,"v":[]}|0x698d590b
11:45:14.142 (9142436522)|STATEMENT_EXECUTE|[40]
11:45:14.142 (9142445418)|HEAP_ALLOCATE|[40]|Bytes:4
11:45:14.142 (9142470623)|VARIABLE_SCOPE_BEGIN|[40]|businessUnitsToUpdate|List<grc__Business_Unit__c>|true|false
11:45:14.142 (9142480089)|HEAP_ALLOCATE|[EXTERNAL]|Bytes:4
11:45:14.142 (9142491592)|VARIABLE_ASSIGNMENT|[40]|businessUnitsToUpdate|{"s":1,"v":[]}|0x3a7ba18c
11:45:14.142 (9142538130)|HEAP_ALLOCATE|[43]|Bytes:5
11:45:14.142 (9142556040)|VARIABLE_ASSIGNMENT|[43]|bu|null|
11:45:14.142 (9142560950)|STATEMENT_EXECUTE|[43]
11:45:14.142 (9142567080)|HEAP_ALLOCATE|[47]|Bytes:4
11:45:14.142 (9142618790)|HEAP_ALLOCATE|[47]|Bytes:4
11:45:14.142 (9142648889)|HEAP_ALLOCATE|[47]|Bytes:0
11:45:14.142 (9142683098)|HEAP_ALLOCATE|[47]|Bytes:5
11:45:14.142 (9142699083)|VARIABLE_ASSIGNMENT|[47]|child|null
11:45:14.142 (9142703998)|STATEMENT_EXECUTE|[47]
11:45:14.142 (9142706535)|STATEMENT_EXECUTE|[59]
11:45:14.142 (9142715299)|METHOD_EXIT|[56]|01p58000000nl2M|BusinessUnitRelationshipHelper.updateRelationships(Map<String,String>)
11:45:14.142 (9142733896)|VARIABLE_ASSIGNMENT|[56]|results|{"s":1,"v":[]}|0x3a7ba18c
11:45:14.142 (9142738229)|STATEMENT_EXECUTE|[57]
11:45:14.142 (9142791418)|STATEMENT_EXECUTE|[58]
11:45:14.142 (9142835156)|STATEMENT_EXECUTE|[60]
11:45:14.142 (9142880470)|STATEMENT_EXECUTE|[61]
11:45:14.142 (9142889367)|METHOD_ENTRY|[61]|01p58000000nl2M|BusinessUnitRelationshipHelper.updateRelationships(Map<String,String>)
11:45:14.142 (9142904526)|VARIABLE_SCOPE_BEGIN|[15]|relationships|Map<String,String>|true|false
11:45:14.142 (9142923756)|VARIABLE_ASSIGNMENT|[15]|relationships|{"s":1,"v":{"wrong key":"child1:parent,child2 (37 more) ...","relationships":"child1:parent,child2 (37 more) ..."}}|0x37477634
11:45:14.142 (9142939436)|HEAP_ALLOCATE|[17]|Bytes:5
11:45:14.142 (9142944913)|STATEMENT_EXECUTE|[15]
11:45:14.142 (9142979222)|STATEMENT_EXECUTE|[17]
11:45:14.142 (9142982561)|STATEMENT_EXECUTE|[19]
11:45:14.142 (9142987680)|HEAP_ALLOCATE|[19]|Bytes:4
11:45:14.143 (9143000363)|VARIABLE_SCOPE_BEGIN|[19]|businessUnitNames|Set<String>|true|false
11:45:14.143 (9143021486)|VARIABLE_ASSIGNMENT|[19]|businessUnitNames|{"s":1,"v":[]}|0x69ac5d7d
11:45:14.143 (9143026576)|STATEMENT_EXECUTE|[20]
11:45:14.143 (9143031351)|HEAP_ALLOCATE|[20]|Bytes:4
11:45:14.143 (9143037674)|VARIABLE_SCOPE_BEGIN|[20]|childToParentMap|Map<String,String>|true|false
11:45:14.143 (9143051398)|VARIABLE_ASSIGNMENT|[20]|childToParentMap|{"s":1,"v":{}}|0x144e99da
11:45:14.143 (9143056009)|STATEMENT_EXECUTE|[21]
11:45:14.143 (9143059731)|HEAP_ALLOCATE|[21]|Bytes:4
11:45:14.143 (9143064814)|VARIABLE_SCOPE_BEGIN|[21]|businessUnitMap|Map<String,grc__Business_Unit__c>|true|false
11:45:14.143 (9143075743)|VARIABLE_ASSIGNMENT|[21]|businessUnitMap|{"s":1,"v":{}}|0x1788df59
11:45:14.143 (9143079800)|STATEMENT_EXECUTE|[23]
11:45:14.143 (9143136048)|HEAP_ALLOCATE|[23]|Bytes:13
11:45:14.143 (9143141054)|HEAP_ALLOCATE|[23]|Bytes:13
11:45:14.143 (9143143644)|HEAP_ALLOCATE|[23]|Bytes:14
11:45:14.143 (9143146065)|HEAP_ALLOCATE|[23]|Bytes:14
11:45:14.143 (9143149696)|HEAP_ALLOCATE|[23]|Bytes:20
11:45:14.143 (9143168229)|VARIABLE_SCOPE_BEGIN|[23]|pairs|List<String>|true|false
11:45:14.143 (9143184498)|HEAP_ALLOCATE|[EXTERNAL]|Bytes:20
11:45:14.143 (9143199687)|VARIABLE_ASSIGNMENT|[23]|pairs|{"s":1,"v":["child1:parent","child2:parent","child11:child1","child21:child2"]}|0x70987be5
11:45:14.143 (9143230586)|HEAP_ALLOCATE|[25]|Bytes:5
11:45:14.143 (9143243605)|HEAP_ALLOCATE|[25]|Bytes:13
11:45:14.143 (9143250743)|VARIABLE_SCOPE_BEGIN|[25]|pair|String|false|false
11:45:14.143 (9143259841)|VARIABLE_ASSIGNMENT|[25]|pair|"child1:parent"
11:45:14.143 (9143263929)|STATEMENT_EXECUTE|[25]
11:45:14.143 (9143266516)|STATEMENT_EXECUTE|[26]
11:45:14.143 (9143290839)|HEAP_ALLOCATE|[26]|Bytes:6
11:45:14.143 (9143295286)|HEAP_ALLOCATE|[26]|Bytes:6
11:45:14.143 (9143298364)|HEAP_ALLOCATE|[26]|Bytes:12
11:45:14.143 (9143312090)|VARIABLE_SCOPE_BEGIN|[26]|pairValue|List<String>|true|false
11:45:14.143 (9143325486)|HEAP_ALLOCATE|[EXTERNAL]|Bytes:12
11:45:14.143 (9143339488)|VARIABLE_ASSIGNMENT|[26]|pairValue|{"s":1,"v":["child1","parent"]}|0x7bd4973e
11:45:14.143 (9143357731)|STATEMENT_EXECUTE|[27]
11:45:14.143 (9143360647)|STATEMENT_EXECUTE|[30]
11:45:14.143 (9143398265)|HEAP_ALLOCATE|[30]|Bytes:6
11:45:14.143 (9143437318)|HEAP_ALLOCATE|[EXTERNAL]|Bytes:4
11:45:14.143 (9143452730)|STATEMENT_EXECUTE|[31]
11:45:14.143 (9143479820)|HEAP_ALLOCATE|[31]|Bytes:6
11:45:14.143 (9143507664)|HEAP_ALLOCATE|[EXTERNAL]|Bytes:4
11:45:14.152 (9152492781)|STATEMENT_EXECUTE|[35]
11:45:14.152 (9152531492)|HEAP_ALLOCATE|[35]|Bytes:6
11:45:14.152 (9152556094)|HEAP_ALLOCATE|[35]|Bytes:6
11:45:14.152 (9152582747)|HEAP_ALLOCATE|[EXTERNAL]|Bytes:-4
11:45:14.152 (9152609739)|HEAP_ALLOCATE|[25]|Bytes:5
11:45:14.152 (9152622383)|HEAP_ALLOCATE|[25]|Bytes:13
11:45:14.152 (9152629489)|VARIABLE_SCOPE_BEGIN|[25]|pair|String|false|false
11:45:14.152 (9152640052)|VARIABLE_ASSIGNMENT|[25]|pair|"child2:parent"
11:45:14.152 (9152644221)|STATEMENT_EXECUTE|[25]
11:45:14.152 (9152650064)|STATEMENT_EXECUTE|[26]
11:45:14.152 (9152676645)|HEAP_ALLOCATE|[26]|Bytes:6
11:45:14.152 (9152681155)|HEAP_ALLOCATE|[26]|Bytes:6
11:45:14.152 (9152684133)|HEAP_ALLOCATE|[26]|Bytes:12
11:45:14.152 (9152697851)|VARIABLE_SCOPE_BEGIN|[26]|pairValue|List<String>|true|false
11:45:14.152 (9152712207)|HEAP_ALLOCATE|[EXTERNAL]|Bytes:12
11:45:14.152 (9152726376)|VARIABLE_ASSIGNMENT|[26]|pairValue|{"s":1,"v":["child2","parent"]}|0x1b3441d7
11:45:14.152 (9152743810)|STATEMENT_EXECUTE|[27]
11:45:14.152 (9152746710)|STATEMENT_EXECUTE|[30]
11:45:14.152 (9152761618)|HEAP_ALLOCATE|[30]|Bytes:6
11:45:14.152 (9152787635)|HEAP_ALLOCATE|[EXTERNAL]|Bytes:4
11:45:14.152 (9152801865)|STATEMENT_EXECUTE|[31]
11:45:14.152 (9152816078)|HEAP_ALLOCATE|[31]|Bytes:6
11:45:14.152 (9152838675)|HEAP_ALLOCATE|[EXTERNAL]|Bytes:4
11:45:14.152 (9152852113)|STATEMENT_EXECUTE|[35]
11:45:14.152 (9152865700)|HEAP_ALLOCATE|[35]|Bytes:6
11:45:14.152 (9152884188)|HEAP_ALLOCATE|[35]|Bytes:6
11:45:14.152 (9152912332)|HEAP_ALLOCATE|[EXTERNAL]|Bytes:-4
11:45:14.152 (9152944423)|HEAP_ALLOCATE|[25]|Bytes:5
11:45:14.152 (9152957039)|HEAP_ALLOCATE|[25]|Bytes:14
11:45:14.152 (9152963867)|VARIABLE_SCOPE_BEGIN|[25]|pair|String|false|false
11:45:14.152 (9152973998)|VARIABLE_ASSIGNMENT|[25]|pair|"child11:child1"
11:45:14.152 (9152978295)|STATEMENT_EXECUTE|[25]
11:45:14.152 (9152980772)|STATEMENT_EXECUTE|[26]
11:45:14.153 (9153005316)|HEAP_ALLOCATE|[26]|Bytes:7
11:45:14.153 (9153010459)|HEAP_ALLOCATE|[26]|Bytes:6
11:45:14.153 (9153013532)|HEAP_ALLOCATE|[26]|Bytes:12
11:45:14.153 (9153031357)|VARIABLE_SCOPE_BEGIN|[26]|pairValue|List<String>|true|false
11:45:14.153 (9153045506)|HEAP_ALLOCATE|[EXTERNAL]|Bytes:12
11:45:14.153 (9153059689)|VARIABLE_ASSIGNMENT|[26]|pairValue|{"s":1,"v":["child11","child1"]}|0x4a9737ff
11:45:14.153 (9153077867)|STATEMENT_EXECUTE|[27]
11:45:14.153 (9153080863)|STATEMENT_EXECUTE|[30]
11:45:14.153 (9153095603)|HEAP_ALLOCATE|[30]|Bytes:7
11:45:14.153 (9153121127)|HEAP_ALLOCATE|[EXTERNAL]|Bytes:4
11:45:14.153 (9153135457)|STATEMENT_EXECUTE|[31]
11:45:14.153 (9153150260)|HEAP_ALLOCATE|[31]|Bytes:6
11:45:14.153 (9153177260)|HEAP_ALLOCATE|[EXTERNAL]|Bytes:4
11:45:14.153 (9153191332)|STATEMENT_EXECUTE|[35]
11:45:14.153 (9153205242)|HEAP_ALLOCATE|[35]|Bytes:7
11:45:14.153 (9153223490)|HEAP_ALLOCATE|[35]|Bytes:6
11:45:14.153 (9153246579)|HEAP_ALLOCATE|[EXTERNAL]|Bytes:-4
11:45:14.153 (9153271774)|HEAP_ALLOCATE|[25]|Bytes:5
11:45:14.153 (9153283655)|HEAP_ALLOCATE|[25]|Bytes:14
11:45:14.153 (9153290333)|VARIABLE_SCOPE_BEGIN|[25]|pair|String|false|false
11:45:14.153 (9153299723)|VARIABLE_ASSIGNMENT|[25]|pair|"child21:child2"
11:45:14.153 (9153303752)|STATEMENT_EXECUTE|[25]
11:45:14.153 (9153306188)|STATEMENT_EXECUTE|[26]
11:45:14.153 (9153330054)|HEAP_ALLOCATE|[26]|Bytes:7
11:45:14.153 (9153334314)|HEAP_ALLOCATE|[26]|Bytes:6
11:45:14.153 (9153340632)|HEAP_ALLOCATE|[26]|Bytes:12
11:45:14.153 (9153354938)|VARIABLE_SCOPE_BEGIN|[26]|pairValue|List<String>|true|false
11:45:14.153 (9153368617)|HEAP_ALLOCATE|[EXTERNAL]|Bytes:12
11:45:14.153 (9153382277)|VARIABLE_ASSIGNMENT|[26]|pairValue|{"s":1,"v":["child21","child2"]}|0x79e32a1b
11:45:14.153 (9153404030)|STATEMENT_EXECUTE|[27]
11:45:14.153 (9153407048)|STATEMENT_EXECUTE|[30]
11:45:14.153 (9153421749)|HEAP_ALLOCATE|[30]|Bytes:7
11:45:14.153 (9153446945)|HEAP_ALLOCATE|[EXTERNAL]|Bytes:4
11:45:14.153 (9153461009)|STATEMENT_EXECUTE|[31]
11:45:14.153 (9153475197)|HEAP_ALLOCATE|[31]|Bytes:6
11:45:14.153 (9153497383)|HEAP_ALLOCATE|[EXTERNAL]|Bytes:4
11:45:14.153 (9153510730)|STATEMENT_EXECUTE|[35]
11:45:14.153 (9153524356)|HEAP_ALLOCATE|[35]|Bytes:7
11:45:14.153 (9153542489)|HEAP_ALLOCATE|[35]|Bytes:6
11:45:14.153 (9153564908)|HEAP_ALLOCATE|[EXTERNAL]|Bytes:-4
11:45:14.153 (9153589689)|HEAP_ALLOCATE|[25]|Bytes:5
11:45:14.153 (9153605170)|VARIABLE_ASSIGNMENT|[25]|pair|null
11:45:14.153 (9153609705)|STATEMENT_EXECUTE|[39]
11:45:14.153 (9153616982)|METHOD_ENTRY|[39]|01p58000000nl2M|BusinessUnitRelationshipHelper.getNamedBusinessUnits(Set<String>)
11:45:14.153 (9153622822)|VARIABLE_SCOPE_BEGIN|[71]|businessUnitNames|Set<String>|true|false
11:45:14.153 (9153640848)|VARIABLE_ASSIGNMENT|[71]|businessUnitNames|{"s":1,"v":["child1","parent","child2","child11","child21"]}|0x69ac5d7d
11:45:14.153 (9153650740)|HEAP_ALLOCATE|[72]|Bytes:5
11:45:14.153 (9153655074)|STATEMENT_EXECUTE|[71]
11:45:14.153 (9153657362)|STATEMENT_EXECUTE|[72]
11:45:14.153 (9153662138)|HEAP_ALLOCATE|[72]|Bytes:4
11:45:14.153 (9153915361)|SOQL_EXECUTE_BEGIN|[72]|Aggregations:0|SELECT Id, Name FROM grc__Business_Unit__c WHERE Name = :tmpVar1
11:45:14.167 (9167520883)|SOQL_EXECUTE_END|[72]|Rows:5
11:45:14.167 (9167548653)|HEAP_ALLOCATE|[72]|Bytes:24
11:45:14.167 (9167576705)|HEAP_ALLOCATE|[72]|Bytes:217
11:45:14.167 (9167606546)|HEAP_ALLOCATE|[72]|Bytes:24
11:45:14.167 (9167623831)|METHOD_EXIT|[39]|01p58000000nl2M|BusinessUnitRelationshipHelper.getNamedBusinessUnits(Set<String>)
11:45:14.167 (9167632411)|VARIABLE_SCOPE_BEGIN|[39]|businessUnits|List<grc__Business_Unit__c>|true|false
11:45:14.167 (9167673730)|VARIABLE_ASSIGNMENT|[39]|businessUnits|{"s":1,"v":[{"s":2,"v":{"Id":"a0258000000wykpAAA","Name":"parent"}},{"s":3,"v":{"Id":"a0258000000wykqAAA","Name":"child1"}},{"s":4,"v":{"Id":"a0258000000wykrAAA","Name":"child2"}},{"s":5,"v":{"Id":"a0258000000wyksAAA","Name":"child11"}},{"s":6,"v":{"Id":"a0258000000wyktAAA","Name":"child21"}}]}|0x40231fb3
11:45:14.167 (9167682089)|STATEMENT_EXECUTE|[40]
11:45:14.167 (9167688917)|HEAP_ALLOCATE|[40]|Bytes:4
11:45:14.167 (9167704639)|VARIABLE_SCOPE_BEGIN|[40]|businessUnitsToUpdate|List<grc__Business_Unit__c>|true|false
11:45:14.167 (9167714805)|HEAP_ALLOCATE|[EXTERNAL]|Bytes:4
11:45:14.167 (9167725858)|VARIABLE_ASSIGNMENT|[40]|businessUnitsToUpdate|{"s":1,"v":[]}|0x197eb652
11:45:14.167 (9167764105)|HEAP_ALLOCATE|[43]|Bytes:5
11:45:14.167 (9167808209)|HEAP_ALLOCATE|[43]|Bytes:12
11:45:14.167 (9167823927)|VARIABLE_SCOPE_BEGIN|[43]|bu|grc__Business_Unit__c|true|false
11:45:14.167 (9167841786)|VARIABLE_ASSIGNMENT|[43]|bu|{"s":1,"v":{"Id":"a0258000000wykpAAA","Name":"parent"}}|0x1ddb81e7
11:45:14.167 (9167852091)|STATEMENT_EXECUTE|[43]
11:45:14.167 (9167855477)|STATEMENT_EXECUTE|[44]
11:45:14.167 (9167975760)|HEAP_ALLOCATE|[EXTERNAL]|Bytes:-4
11:45:14.168 (9168006434)|HEAP_ALLOCATE|[43]|Bytes:5
11:45:14.168 (9168041122)|HEAP_ALLOCATE|[43]|Bytes:12
11:45:14.168 (9168051065)|VARIABLE_SCOPE_BEGIN|[43]|bu|grc__Business_Unit__c|true|false
11:45:14.168 (9168068362)|VARIABLE_ASSIGNMENT|[43]|bu|{"s":1,"v":{"Id":"a0258000000wykqAAA","Name":"child1"}}|0x637f5260
11:45:14.168 (9168073593)|STATEMENT_EXECUTE|[43]
11:45:14.168 (9168076188)|STATEMENT_EXECUTE|[44]
11:45:14.168 (9168103987)|HEAP_ALLOCATE|[EXTERNAL]|Bytes:-4
11:45:14.168 (9168129641)|HEAP_ALLOCATE|[43]|Bytes:5
11:45:14.168 (9168161497)|HEAP_ALLOCATE|[43]|Bytes:12
11:45:14.168 (9168170683)|VARIABLE_SCOPE_BEGIN|[43]|bu|grc__Business_Unit__c|true|false
11:45:14.168 (9168190277)|VARIABLE_ASSIGNMENT|[43]|bu|{"s":1,"v":{"Id":"a0258000000wykrAAA","Name":"child2"}}|0x4a5ec221
11:45:14.168 (9168195459)|STATEMENT_EXECUTE|[43]
11:45:14.168 (9168197989)|STATEMENT_EXECUTE|[44]
11:45:14.168 (9168225220)|HEAP_ALLOCATE|[EXTERNAL]|Bytes:-4
11:45:14.168 (9168251276)|HEAP_ALLOCATE|[43]|Bytes:5
11:45:14.168 (9168282426)|HEAP_ALLOCATE|[43]|Bytes:12
11:45:14.168 (9168291747)|VARIABLE_SCOPE_BEGIN|[43]|bu|grc__Business_Unit__c|true|false
11:45:14.168 (9168307573)|VARIABLE_ASSIGNMENT|[43]|bu|{"s":1,"v":{"Id":"a0258000000wyksAAA","Name":"child11"}}|0x7f217eee
11:45:14.168 (9168312501)|STATEMENT_EXECUTE|[43]
11:45:14.168 (9168314869)|STATEMENT_EXECUTE|[44]
11:45:14.168 (9168341347)|HEAP_ALLOCATE|[EXTERNAL]|Bytes:-4
11:45:14.168 (9168366076)|HEAP_ALLOCATE|[43]|Bytes:5
11:45:14.168 (9168396816)|HEAP_ALLOCATE|[43]|Bytes:12
11:45:14.168 (9168405755)|VARIABLE_SCOPE_BEGIN|[43]|bu|grc__Business_Unit__c|true|false
11:45:14.168 (9168424616)|VARIABLE_ASSIGNMENT|[43]|bu|{"s":1,"v":{"Id":"a0258000000wyktAAA","Name":"child21"}}|0x3eb41c54
11:45:14.168 (9168430092)|STATEMENT_EXECUTE|[43]
11:45:14.168 (9168432656)|STATEMENT_EXECUTE|[44]
11:45:14.168 (9168459319)|HEAP_ALLOCATE|[EXTERNAL]|Bytes:-4
11:45:14.168 (9168484403)|HEAP_ALLOCATE|[43]|Bytes:5
11:45:14.168 (9168502062)|VARIABLE_ASSIGNMENT|[43]|bu|null|
11:45:14.168 (9168509622)|HEAP_ALLOCATE|[47]|Bytes:4
11:45:14.168 (9168554630)|HEAP_ALLOCATE|[47]|Bytes:46
11:45:14.168 (9168584596)|HEAP_ALLOCATE|[47]|Bytes:16
11:45:14.168 (9168618138)|HEAP_ALLOCATE|[47]|Bytes:5
11:45:14.168 (9168636571)|VARIABLE_SCOPE_BEGIN|[47]|child|String|false|false
11:45:14.168 (9168647335)|VARIABLE_ASSIGNMENT|[47]|child|"child1"
11:45:14.168 (9168651746)|STATEMENT_EXECUTE|[47]
11:45:14.168 (9168654147)|STATEMENT_EXECUTE|[48]
11:45:14.168 (9168698816)|VARIABLE_SCOPE_BEGIN|[48]|parent|String|false|false
11:45:14.168 (9168711869)|VARIABLE_ASSIGNMENT|[48]|parent|"parent"
11:45:14.168 (9168715842)|STATEMENT_EXECUTE|[50]
11:45:14.168 (9168756834)|VARIABLE_SCOPE_BEGIN|[50]|buChild|grc__Business_Unit__c|true|false
11:45:14.168 (9168774163)|VARIABLE_ASSIGNMENT|[50]|buChild|{"s":1,"v":{"Id":"a0258000000wykqAAA","Name":"child1"}}|0x637f5260
11:45:14.168 (9168779028)|STATEMENT_EXECUTE|[51]
11:45:14.168 (9168820373)|VARIABLE_SCOPE_BEGIN|[51]|buParent|grc__Business_Unit__c|true|false
11:45:14.168 (9168837195)|VARIABLE_ASSIGNMENT|[51]|buParent|{"s":1,"v":{"Id":"a0258000000wykpAAA","Name":"parent"}}|0x1ddb81e7
11:45:14.168 (9168844291)|STATEMENT_EXECUTE|[53]
11:45:14.168 (9168846893)|STATEMENT_EXECUTE|[54]
11:45:14.168 (9168941784)|HEAP_ALLOCATE|[54]|Bytes:-4
11:45:14.168 (9168963958)|VARIABLE_ASSIGNMENT|[54]|this.grc__Parent_Business_Unit__c|"a0258000000wykpAAA"|0x637f5260
11:45:14.168 (9168969270)|STATEMENT_EXECUTE|[55]
11:45:14.169 (9169009890)|HEAP_ALLOCATE|[EXTERNAL]|Bytes:4
11:45:14.169 (9169038388)|HEAP_ALLOCATE|[47]|Bytes:5
11:45:14.169 (9169053208)|VARIABLE_SCOPE_BEGIN|[47]|child|String|false|false
11:45:14.169 (9169063221)|VARIABLE_ASSIGNMENT|[47]|child|"child2"
11:45:14.169 (9169067233)|STATEMENT_EXECUTE|[47]
11:45:14.169 (9169069688)|STATEMENT_EXECUTE|[48]
11:45:14.169 (9169096391)|VARIABLE_SCOPE_BEGIN|[48]|parent|String|false|false
11:45:14.169 (9169104967)|VARIABLE_ASSIGNMENT|[48]|parent|"parent"
11:45:14.169 (9169108508)|STATEMENT_EXECUTE|[50]
11:45:14.169 (9169135676)|VARIABLE_SCOPE_BEGIN|[50]|buChild|grc__Business_Unit__c|true|false
11:45:14.169 (9169151756)|VARIABLE_ASSIGNMENT|[50]|buChild|{"s":1,"v":{"Id":"a0258000000wykrAAA","Name":"child2"}}|0x4a5ec221
11:45:14.169 (9169156326)|STATEMENT_EXECUTE|[51]
11:45:14.169 (9169183517)|VARIABLE_SCOPE_BEGIN|[51]|buParent|grc__Business_Unit__c|true|false
11:45:14.169 (9169197719)|VARIABLE_ASSIGNMENT|[51]|buParent|{"s":1,"v":{"Id":"a0258000000wykpAAA","Name":"parent"}}|0x1ddb81e7
11:45:14.169 (9169204160)|STATEMENT_EXECUTE|[53]
11:45:14.169 (9169209452)|STATEMENT_EXECUTE|[54]
11:45:14.169 (9169273409)|HEAP_ALLOCATE|[54]|Bytes:-4
11:45:14.169 (9169289484)|VARIABLE_ASSIGNMENT|[54]|this.grc__Parent_Business_Unit__c|"a0258000000wykpAAA"|0x4a5ec221
11:45:14.169 (9169294548)|STATEMENT_EXECUTE|[55]
11:45:14.169 (9169314797)|HEAP_ALLOCATE|[EXTERNAL]|Bytes:4
11:45:14.169 (9169338887)|HEAP_ALLOCATE|[47]|Bytes:5
11:45:14.169 (9169353549)|VARIABLE_SCOPE_BEGIN|[47]|child|String|false|false
11:45:14.169 (9169363548)|VARIABLE_ASSIGNMENT|[47]|child|"child11"
11:45:14.169 (9169367703)|STATEMENT_EXECUTE|[47]
11:45:14.169 (9169370011)|STATEMENT_EXECUTE|[48]
11:45:14.169 (9169396270)|VARIABLE_SCOPE_BEGIN|[48]|parent|String|false|false
11:45:14.169 (9169404574)|VARIABLE_ASSIGNMENT|[48]|parent|"child1"
11:45:14.169 (9169408021)|STATEMENT_EXECUTE|[50]
11:45:14.169 (9169434076)|VARIABLE_SCOPE_BEGIN|[50]|buChild|grc__Business_Unit__c|true|false
11:45:14.169 (9169449360)|VARIABLE_ASSIGNMENT|[50]|buChild|{"s":1,"v":{"Id":"a0258000000wyksAAA","Name":"child11"}}|0x7f217eee
11:45:14.169 (9169454077)|STATEMENT_EXECUTE|[51]
11:45:14.169 (9169485881)|VARIABLE_SCOPE_BEGIN|[51]|buParent|grc__Business_Unit__c|true|false
11:45:14.169 (9169503709)|VARIABLE_ASSIGNMENT|[51]|buParent|{"s":1,"v":{"Id":"a0258000000wykqAAA","Name":"child1","grc__Parent_Business (8 more) ...":"a0258000000wykpAAA"}}|0x637f5260
11:45:14.169 (9169510846)|STATEMENT_EXECUTE|[53]
11:45:14.169 (9169513173)|STATEMENT_EXECUTE|[54]
11:45:14.169 (9169574685)|HEAP_ALLOCATE|[54]|Bytes:-4
11:45:14.169 (9169590817)|VARIABLE_ASSIGNMENT|[54]|this.grc__Parent_Business_Unit__c|"a0258000000wykqAAA"|0x7f217eee
11:45:14.169 (9169595890)|STATEMENT_EXECUTE|[55]
11:45:14.169 (9169616049)|HEAP_ALLOCATE|[EXTERNAL]|Bytes:4
11:45:14.169 (9169639917)|HEAP_ALLOCATE|[47]|Bytes:5
11:45:14.169 (9169653878)|VARIABLE_SCOPE_BEGIN|[47]|child|String|false|false
11:45:14.169 (9169663214)|VARIABLE_ASSIGNMENT|[47]|child|"child21"
11:45:14.169 (9169667066)|STATEMENT_EXECUTE|[47]
11:45:14.169 (9169669444)|STATEMENT_EXECUTE|[48]
11:45:14.169 (9169695077)|VARIABLE_SCOPE_BEGIN|[48]|parent|String|false|false
11:45:14.169 (9169702907)|VARIABLE_ASSIGNMENT|[48]|parent|"child2"
11:45:14.169 (9169706358)|STATEMENT_EXECUTE|[50]
11:45:14.169 (9169736281)|VARIABLE_SCOPE_BEGIN|[50]|buChild|grc__Business_Unit__c|true|false
11:45:14.169 (9169752003)|VARIABLE_ASSIGNMENT|[50]|buChild|{"s":1,"v":{"Id":"a0258000000wyktAAA","Name":"child21"}}|0x3eb41c54
11:45:14.169 (9169759370)|STATEMENT_EXECUTE|[51]
11:45:14.169 (9169787438)|VARIABLE_SCOPE_BEGIN|[51]|buParent|grc__Business_Unit__c|true|false
11:45:14.169 (9169804522)|VARIABLE_ASSIGNMENT|[51]|buParent|{"s":1,"v":{"Id":"a0258000000wykrAAA","Name":"child2","grc__Parent_Business (8 more) ...":"a0258000000wykpAAA"}}|0x4a5ec221
11:45:14.169 (9169811457)|STATEMENT_EXECUTE|[53]
11:45:14.169 (9169813876)|STATEMENT_EXECUTE|[54]
11:45:14.169 (9169875749)|HEAP_ALLOCATE|[54]|Bytes:-4
11:45:14.169 (9169891465)|VARIABLE_ASSIGNMENT|[54]|this.grc__Parent_Business_Unit__c|"a0258000000wykrAAA"|0x3eb41c54
11:45:14.169 (9169896266)|STATEMENT_EXECUTE|[55]
11:45:14.169 (9169916167)|HEAP_ALLOCATE|[EXTERNAL]|Bytes:4
11:45:14.169 (9169943587)|HEAP_ALLOCATE|[47]|Bytes:5
11:45:14.169 (9169959747)|VARIABLE_ASSIGNMENT|[47]|child|null
11:45:14.169 (9169964624)|STATEMENT_EXECUTE|[59]
11:45:14.169 (9169979917)|METHOD_EXIT|[61]|01p58000000nl2M|BusinessUnitRelationshipHelper.updateRelationships(Map<String,String>)
11:45:14.170 (9170011448)|VARIABLE_ASSIGNMENT|[61]|results|{"s":1,"v":[{"s":2,"v":{"Id":"a0258000000wykqAAA","Name":"child1","grc__Parent_Business (8 more) ...":"a0258000000wykpAAA"}},{"s":3,"v":{"Id":"a0258000000wykrAAA","Name":"child2","grc__Parent_Business (8 more) ...":"a0258000000wykpAAA"}},{"s":4,"v":{"Id":"a0258000000wyksAAA","Name":"child11","grc__Parent_Business (8 more) ...":"a0258000000wykqAAA"}},{"s":5,"v":{"Id":"a0258000000wyktAAA","Name":"child21","grc__Parent_Business (8 more) ...":"a0258000000wykrAAA"}}]}|0x197eb652
11:45:14.170 (9170020710)|STATEMENT_EXECUTE|[63]
11:45:14.170 (9170100025)|STATEMENT_EXECUTE|[65]
11:45:14.170 (9170191981)|HEAP_ALLOCATE|[67]|Bytes:5
11:45:14.170 (9170208008)|HEAP_ALLOCATE|[67]|Bytes:16
11:45:14.170 (9170217567)|VARIABLE_SCOPE_BEGIN|[67]|bu|grc__Business_Unit__c|true|false
11:45:14.170 (9170239540)|VARIABLE_ASSIGNMENT|[67]|bu|{"s":1,"v":{"Id":"a0258000000wykqAAA","Name":"child1","grc__Parent_Business (8 more) ...":"a0258000000wykpAAA"}}|0x637f5260
11:45:14.170 (9170245388)|STATEMENT_EXECUTE|[67]
11:45:14.170 (9170254579)|HEAP_ALLOCATE|[68]|Bytes:6
11:45:14.170 (9170270680)|STATEMENT_EXECUTE|[68]
11:45:14.170 (9170273482)|STATEMENT_EXECUTE|[69]
11:45:14.170 (9170368552)|HEAP_ALLOCATE|[67]|Bytes:5
11:45:14.170 (9170383335)|HEAP_ALLOCATE|[67]|Bytes:16
11:45:14.170 (9170390745)|VARIABLE_SCOPE_BEGIN|[67]|bu|grc__Business_Unit__c|true|false
11:45:14.170 (9170409013)|VARIABLE_ASSIGNMENT|[67]|bu|{"s":1,"v":{"Id":"a0258000000wykrAAA","Name":"child2","grc__Parent_Business (8 more) ...":"a0258000000wykpAAA"}}|0x4a5ec221
11:45:14.170 (9170414547)|STATEMENT_EXECUTE|[67]
11:45:14.170 (9170431997)|HEAP_ALLOCATE|[68]|Bytes:6
11:45:14.170 (9170443152)|STATEMENT_EXECUTE|[68]
11:45:14.170 (9170445845)|STATEMENT_EXECUTE|[69]
11:45:14.170 (9170480234)|HEAP_ALLOCATE|[67]|Bytes:5
11:45:14.170 (9170500254)|HEAP_ALLOCATE|[67]|Bytes:16
11:45:14.170 (9170508274)|VARIABLE_SCOPE_BEGIN|[67]|bu|grc__Business_Unit__c|true|false
11:45:14.170 (9170526064)|VARIABLE_ASSIGNMENT|[67]|bu|{"s":1,"v":{"Id":"a0258000000wyksAAA","Name":"child11","grc__Parent_Business (8 more) ...":"a0258000000wykqAAA"}}|0x7f217eee
11:45:14.170 (9170531796)|STATEMENT_EXECUTE|[67]
11:45:14.170 (9170553614)|HEAP_ALLOCATE|[70]|Bytes:7
11:45:14.170 (9170564072)|STATEMENT_EXECUTE|[70]
11:45:14.170 (9170566655)|STATEMENT_EXECUTE|[71]
11:45:14.170 (9170613887)|HEAP_ALLOCATE|[67]|Bytes:5
11:45:14.170 (9170627733)|HEAP_ALLOCATE|[67]|Bytes:16
11:45:14.170 (9170634776)|VARIABLE_SCOPE_BEGIN|[67]|bu|grc__Business_Unit__c|true|false
11:45:14.170 (9170655471)|VARIABLE_ASSIGNMENT|[67]|bu|{"s":1,"v":{"Id":"a0258000000wyktAAA","Name":"child21","grc__Parent_Business (8 more) ...":"a0258000000wykrAAA"}}|0x3eb41c54
11:45:14.170 (9170661335)|STATEMENT_EXECUTE|[67]
11:45:14.170 (9170687596)|HEAP_ALLOCATE|[72]|Bytes:7
11:45:14.170 (9170698231)|STATEMENT_EXECUTE|[72]
11:45:14.170 (9170700776)|STATEMENT_EXECUTE|[73]
11:45:14.170 (9170750677)|HEAP_ALLOCATE|[67]|Bytes:5
11:45:14.170 (9170767278)|VARIABLE_ASSIGNMENT|[67]|bu|null|
11:45:14.170 (9170773663)|SYSTEM_MODE_EXIT|false
11:45:14.170 (9170793234)|CUMULATIVE_LIMIT_USAGE
11:45:14.170 (9170793234)|LIMIT_USAGE_FOR_NS|(default)|
  Number of SOQL queries: 3 out of 100
  Number of query rows: 6 out of 50000
  Number of SOSL queries: 0 out of 20
  Number of DML statements: 2 out of 150
  Number of DML rows: 6 out of 10000
  Maximum CPU time: 4 out of 10000
  Maximum heap size: 0 out of 6000000
  Number of callouts: 0 out of 100
  Number of Email Invocations: 0 out of 10
  Number of future calls: 0 out of 50
  Number of queueable jobs added to the queue: 0 out of 50
  Number of Mobile Apex push calls: 0 out of 10

11:45:14.170 (9170793234)|TESTING_LIMITS
11:45:14.170 (9170793234)|LIMIT_USAGE_FOR_NS|(default)|
  Number of SOQL queries: 0 out of 100
  Number of query rows: 0 out of 50000
  Number of SOSL queries: 0 out of 20
  Number of DML statements: 0 out of 150
  Number of DML rows: 0 out of 10000
  Maximum CPU time: 2 out of 10000
  Maximum heap size: 0 out of 6000000
  Number of callouts: 0 out of 100
  Number of Email Invocations: 0 out of 10
  Number of future calls: 0 out of 50
  Number of queueable jobs added to the queue: 0 out of 50
  Number of Mobile Apex push calls: 0 out of 10

11:45:14.170 (9170793234)|LIMIT_USAGE_FOR_NS|Risk|
  Number of SOQL queries: 3 out of 100
  Number of query rows: 0 out of 50000
  Number of SOSL queries: 0 out of 20
  Number of DML statements: 0 out of 150
  Number of DML rows: 0 out of 10000
  Maximum CPU time: 0 out of 10000
  Maximum heap size: 0 out of 6000000
  Number of callouts: 0 out of 100
  Number of Email Invocations: 0 out of 10
  Number of future calls: 0 out of 50
  Number of queueable jobs added to the queue: 0 out of 50
  Number of Mobile Apex push calls: 0 out of 10

11:45:14.170 (9170793234)|CUMULATIVE_LIMIT_USAGE_END

11:45:14.170 (9170871786)|CODE_UNIT_FINISHED|BusinessUnitRelationshipHelperTest.testUpdateRelationships
11:45:14.172 (9172248355)|EXECUTION_FINISHED
