35.0 APEX_CODE,FINEST;APEX_PROFILING,INFO;CALLOUT,INFO;DB,INFO;SYSTEM,DEBUG;VALIDATION,INFO;VISUALFORCE,INFO;WORKFLOW,INFO
11:45:25.092 (92277739)|EXECUTION_STARTED
11:45:25.092 (92323234)|CODE_UNIT_STARTED|[EXTERNAL]|01p58000000nl6j|BusinessUnitCreationHelperTest.testBusinessUnitCreation
11:45:25.092 (92477723)|HEAP_ALLOCATE|[72]|Bytes:3
11:45:25.092 (92508200)|HEAP_ALLOCATE|[77]|Bytes:152
11:45:25.092 (92530464)|HEAP_ALLOCATE|[342]|Bytes:408
11:45:25.092 (92557853)|HEAP_ALLOCATE|[355]|Bytes:408
11:45:25.092 (92583232)|HEAP_ALLOCATE|[467]|Bytes:48
11:45:25.092 (92616644)|HEAP_ALLOCATE|[139]|Bytes:6
11:45:25.092 (92644577)|HEAP_ALLOCATE|[EXTERNAL]|Bytes:52
11:45:25.092 (92662779)|METHOD_ENTRY|[2]|01p58000000nl6j|BusinessUnitCreationHelperTest.BusinessUnitCreationHelperTest()
11:45:25.092 (92668113)|STATEMENT_EXECUTE|[2]
11:45:25.092 (92672316)|STATEMENT_EXECUTE|[2]
11:45:25.092 (92708217)|HEAP_ALLOCATE|[50]|Bytes:5
11:45:25.092 (92727672)|HEAP_ALLOCATE|[56]|Bytes:5
11:45:25.092 (92738576)|HEAP_ALLOCATE|[64]|Bytes:7
11:45:25.093 (93246864)|SYSTEM_MODE_ENTER|false
11:45:25.093 (93264776)|HEAP_ALLOCATE|[EXTERNAL]|Bytes:5
11:45:25.093 (93273695)|SYSTEM_MODE_EXIT|false
11:45:25.093 (93283015)|METHOD_EXIT|[2]|BusinessUnitCreationHelperTest
11:45:25.093 (93311697)|SYSTEM_MODE_ENTER|false
11:45:25.093 (93318067)|HEAP_ALLOCATE|[4]|Bytes:5
11:45:25.093 (93322739)|STATEMENT_EXECUTE|[3]
11:45:25.093 (93325097)|STATEMENT_EXECUTE|[4]
11:45:25.093 (93418159)|VARIABLE_SCOPE_BEGIN|[4]|results|List<grc__Business_Unit__c>|true|false
11:45:25.093 (93437966)|VARIABLE_ASSIGNMENT|[4]|results|null|
11:45:25.093 (93442248)|STATEMENT_EXECUTE|[6]
11:45:25.094 (94049358)|HEAP_ALLOCATE|[6]|Bytes:2
11:45:25.094 (94078007)|METHOD_ENTRY|[4]|01p58000000nl2H|BusinessUnitCreationHelper.BusinessUnitCreationHelper()
11:45:25.094 (94084070)|STATEMENT_EXECUTE|[4]
11:45:25.094 (94088239)|STATEMENT_EXECUTE|[4]
11:45:25.094 (94094490)|HEAP_ALLOCATE|[6]|Bytes:5
11:45:25.094 (94104269)|METHOD_EXIT|[4]|BusinessUnitCreationHelper
11:45:25.094 (94141637)|METHOD_ENTRY|[6]|01p58000000nl2H|BusinessUnitCreationHelper.createBusinessUnits(List<String>, Id)
11:45:25.094 (94182122)|VARIABLE_SCOPE_BEGIN|[13]|nameList|List<String>|true|false
11:45:25.094 (94194359)|VARIABLE_ASSIGNMENT|[13]|nameList|null|
11:45:25.094 (94199549)|VARIABLE_SCOPE_BEGIN|[13]|scoringSchemeId|Id|false|false
11:45:25.094 (94205311)|VARIABLE_ASSIGNMENT|[13]|scoringSchemeId|null
11:45:25.094 (94215154)|HEAP_ALLOCATE|[15]|Bytes:5
11:45:25.094 (94219966)|STATEMENT_EXECUTE|[13]
11:45:25.094 (94222404)|STATEMENT_EXECUTE|[15]
11:45:25.094 (94229449)|HEAP_ALLOCATE|[15]|Bytes:4
11:45:25.094 (94353133)|VARIABLE_SCOPE_BEGIN|[15]|businessUnitList|List<grc__Business_Unit__c>|true|false
11:45:25.094 (94370421)|HEAP_ALLOCATE|[EXTERNAL]|Bytes:4
11:45:25.094 (94393671)|VARIABLE_ASSIGNMENT|[15]|businessUnitList|{"s":1,"v":[]}|0x54f568ee
11:45:25.094 (94403853)|STATEMENT_EXECUTE|[17]
11:45:25.094 (94406404)|STATEMENT_EXECUTE|[18]
11:45:25.094 (94418620)|METHOD_EXIT|[6]|01p58000000nl2H|BusinessUnitCreationHelper.createBusinessUnits(List<String>, Id)
11:45:25.094 (94435617)|VARIABLE_ASSIGNMENT|[6]|results|{"s":1,"v":[]}|0x54f568ee
11:45:25.094 (94440458)|STATEMENT_EXECUTE|[7]
11:45:25.094 (94542611)|STATEMENT_EXECUTE|[8]
11:45:25.094 (94636981)|STATEMENT_EXECUTE|[10]
11:45:25.094 (94644762)|HEAP_ALLOCATE|[10]|Bytes:4
11:45:25.094 (94686664)|METHOD_ENTRY|[10]|01p58000000nl2H|BusinessUnitCreationHelper.createBusinessUnits(List<String>, Id)
11:45:25.094 (94693681)|VARIABLE_SCOPE_BEGIN|[13]|nameList|List<String>|true|false
11:45:25.094 (94718384)|HEAP_ALLOCATE|[EXTERNAL]|Bytes:4
11:45:25.094 (94735481)|VARIABLE_ASSIGNMENT|[13]|nameList|{"s":1,"v":[]}|0x4e141931
11:45:25.094 (94740056)|VARIABLE_SCOPE_BEGIN|[13]|scoringSchemeId|Id|false|false
11:45:25.094 (94745688)|VARIABLE_ASSIGNMENT|[13]|scoringSchemeId|null
11:45:25.094 (94754255)|HEAP_ALLOCATE|[15]|Bytes:5
11:45:25.094 (94758743)|STATEMENT_EXECUTE|[13]
11:45:25.094 (94760924)|STATEMENT_EXECUTE|[15]
11:45:25.094 (94764910)|HEAP_ALLOCATE|[15]|Bytes:4
11:45:25.094 (94776302)|VARIABLE_SCOPE_BEGIN|[15]|businessUnitList|List<grc__Business_Unit__c>|true|false
11:45:25.094 (94789897)|HEAP_ALLOCATE|[EXTERNAL]|Bytes:4
11:45:25.094 (94803304)|VARIABLE_ASSIGNMENT|[15]|businessUnitList|{"s":1,"v":[]}|0x2514e46d
11:45:25.094 (94855573)|STATEMENT_EXECUTE|[17]
11:45:25.094 (94862465)|STATEMENT_EXECUTE|[18]
11:45:25.094 (94872242)|METHOD_EXIT|[10]|01p58000000nl2H|BusinessUnitCreationHelper.createBusinessUnits(List<String>, Id)
11:45:25.094 (94889821)|VARIABLE_ASSIGNMENT|[10]|results|{"s":1,"v":[]}|0x2514e46d
11:45:25.094 (94894525)|STATEMENT_EXECUTE|[11]
11:45:25.094 (94961005)|STATEMENT_EXECUTE|[12]
11:45:25.095 (95070716)|STATEMENT_EXECUTE|[14]
11:45:25.095 (95082611)|HEAP_ALLOCATE|[14]|Bytes:4
11:45:25.095 (95134062)|HEAP_ALLOCATE|[14]|Bytes:6
11:45:25.095 (95162290)|METHOD_ENTRY|[14]|01p58000000nl2H|BusinessUnitCreationHelper.createBusinessUnits(List<String>, Id)
11:45:25.095 (95173361)|VARIABLE_SCOPE_BEGIN|[13]|nameList|List<String>|true|false
11:45:25.095 (95195010)|HEAP_ALLOCATE|[EXTERNAL]|Bytes:8
11:45:25.095 (95215706)|VARIABLE_ASSIGNMENT|[13]|nameList|{"s":1,"v":["Parent"]}|0x5ad95a39
11:45:25.095 (95220815)|VARIABLE_SCOPE_BEGIN|[13]|scoringSchemeId|Id|false|false
11:45:25.095 (95226963)|VARIABLE_ASSIGNMENT|[13]|scoringSchemeId|null
11:45:25.095 (95235840)|HEAP_ALLOCATE|[15]|Bytes:5
11:45:25.095 (95240296)|STATEMENT_EXECUTE|[13]
11:45:25.095 (95242514)|STATEMENT_EXECUTE|[15]
11:45:25.095 (95246468)|HEAP_ALLOCATE|[15]|Bytes:4
11:45:25.095 (95258260)|VARIABLE_SCOPE_BEGIN|[15]|businessUnitList|List<grc__Business_Unit__c>|true|false
11:45:25.095 (95266545)|HEAP_ALLOCATE|[EXTERNAL]|Bytes:4
11:45:25.095 (95279321)|VARIABLE_ASSIGNMENT|[15]|businessUnitList|{"s":1,"v":[]}|0x351db0fd
11:45:25.095 (95298791)|STATEMENT_EXECUTE|[17]
11:45:25.095 (95400152)|HEAP_ALLOCATE|[21]|Bytes:5
11:45:25.095 (95419482)|HEAP_ALLOCATE|[21]|Bytes:6
11:45:25.095 (95430824)|VARIABLE_SCOPE_BEGIN|[21]|name|String|false|false
11:45:25.095 (95442667)|VARIABLE_ASSIGNMENT|[21]|name|"Parent"
11:45:25.095 (95447314)|STATEMENT_EXECUTE|[21]
11:45:25.095 (95450165)|STATEMENT_EXECUTE|[22]
11:45:25.095 (95472125)|HEAP_ALLOCATE|[22]|Bytes:4
11:45:25.095 (95565113)|VARIABLE_SCOPE_BEGIN|[22]|businessUnit|grc__Business_Unit__c|true|false
11:45:25.095 (95583605)|VARIABLE_ASSIGNMENT|[22]|businessUnit|{}|0x5baeeafe
11:45:25.095 (95588599)|STATEMENT_EXECUTE|[23]
11:45:25.095 (95680753)|VARIABLE_ASSIGNMENT|[23]|this.Name|"Parent"|0x5baeeafe
11:45:25.095 (95688446)|STATEMENT_EXECUTE|[24]
11:45:25.095 (95762295)|VARIABLE_ASSIGNMENT|[24]|this.Risk__Sharing_Group_Name__c|"Parent"|0x5baeeafe
11:45:25.095 (95769680)|STATEMENT_EXECUTE|[25]
11:45:25.095 (95861605)|VARIABLE_ASSIGNMENT|[25]|this.Risk__Scoring_Scheme__c|null|0x5baeeafe
11:45:25.095 (95868809)|STATEMENT_EXECUTE|[27]
11:45:25.095 (95922355)|HEAP_ALLOCATE|[EXTERNAL]|Bytes:4
11:45:25.095 (95951697)|HEAP_ALLOCATE|[21]|Bytes:5
11:45:25.095 (95970887)|VARIABLE_ASSIGNMENT|[21]|name|null
11:45:25.095 (95976199)|STATEMENT_EXECUTE|[30]
11:45:25.095 (95985261)|METHOD_EXIT|[14]|01p58000000nl2H|BusinessUnitCreationHelper.createBusinessUnits(List<String>, Id)
11:45:25.096 (96011351)|VARIABLE_ASSIGNMENT|[14]|results|{"s":1,"v":[{"Name":"Parent","Risk__Sharing_Group_ (7 more) ...":"Parent"}]}|0x351db0fd
11:45:25.096 (96018700)|STATEMENT_EXECUTE|[15]
11:45:25.096 (96081596)|STATEMENT_EXECUTE|[16]
11:45:25.096 (96147644)|STATEMENT_EXECUTE|[17]
11:45:25.096 (96197329)|HEAP_ALLOCATE|[17]|Bytes:16
11:45:25.096 (96273868)|STATEMENT_EXECUTE|[18]
11:45:25.096 (96320765)|HEAP_ALLOCATE|[18]|Bytes:16
11:45:25.096 (96393571)|STATEMENT_EXECUTE|[19]
11:45:25.096 (96440207)|HEAP_ALLOCATE|[19]|Bytes:16
11:45:25.096 (96477276)|STATEMENT_EXECUTE|[21]
11:45:25.096 (96483854)|HEAP_ALLOCATE|[21]|Bytes:4
11:45:25.096 (96518792)|HEAP_ALLOCATE|[21]|Bytes:15
11:45:25.096 (96527531)|HEAP_ALLOCATE|[21]|Bytes:4
11:45:25.096 (96536517)|METHOD_ENTRY|[21]|01p58000000nl2H|BusinessUnitCreationHelper.createBusinessUnits(List<String>, Id)
11:45:25.096 (96548715)|VARIABLE_SCOPE_BEGIN|[13]|nameList|List<String>|true|false
11:45:25.096 (96564165)|HEAP_ALLOCATE|[EXTERNAL]|Bytes:8
11:45:25.096 (96581244)|VARIABLE_ASSIGNMENT|[13]|nameList|{"s":1,"v":["Parent"]}|0x4983cbf2
11:45:25.096 (96585698)|VARIABLE_SCOPE_BEGIN|[13]|scoringSchemeId|Id|false|false
11:45:25.096 (96664449)|VARIABLE_ASSIGNMENT|[13]|scoringSchemeId|"01p58000000nl6eAAA"
11:45:25.096 (96677042)|HEAP_ALLOCATE|[15]|Bytes:5
11:45:25.096 (96681616)|STATEMENT_EXECUTE|[13]
11:45:25.096 (96683904)|STATEMENT_EXECUTE|[15]
11:45:25.096 (96688111)|HEAP_ALLOCATE|[15]|Bytes:4
11:45:25.096 (96700139)|VARIABLE_SCOPE_BEGIN|[15]|businessUnitList|List<grc__Business_Unit__c>|true|false
11:45:25.096 (96708599)|HEAP_ALLOCATE|[EXTERNAL]|Bytes:4
11:45:25.096 (96722816)|VARIABLE_ASSIGNMENT|[15]|businessUnitList|{"s":1,"v":[]}|0x11411067
11:45:25.096 (96742168)|STATEMENT_EXECUTE|[17]
11:45:25.096 (96765341)|HEAP_ALLOCATE|[21]|Bytes:5
11:45:25.096 (96779067)|HEAP_ALLOCATE|[21]|Bytes:6
11:45:25.096 (96790739)|VARIABLE_SCOPE_BEGIN|[21]|name|String|false|false
11:45:25.096 (96801793)|VARIABLE_ASSIGNMENT|[21]|name|"Parent"
11:45:25.096 (96806519)|STATEMENT_EXECUTE|[21]
11:45:25.096 (96808782)|STATEMENT_EXECUTE|[22]
11:45:25.096 (96825275)|HEAP_ALLOCATE|[22]|Bytes:4
11:45:25.096 (96840759)|VARIABLE_SCOPE_BEGIN|[22]|businessUnit|grc__Business_Unit__c|true|false
11:45:25.096 (96855665)|VARIABLE_ASSIGNMENT|[22]|businessUnit|{}|0x3d14e1ab
11:45:25.096 (96860315)|STATEMENT_EXECUTE|[23]
11:45:25.096 (96926946)|VARIABLE_ASSIGNMENT|[23]|this.Name|"Parent"|0x3d14e1ab
11:45:25.096 (96934440)|STATEMENT_EXECUTE|[24]
11:45:25.097 (97000722)|VARIABLE_ASSIGNMENT|[24]|this.Risk__Sharing_Group_Name__c|"Parent"|0x3d14e1ab
11:45:25.097 (97008777)|STATEMENT_EXECUTE|[25]
11:45:25.097 (97081371)|VARIABLE_ASSIGNMENT|[25]|this.Risk__Scoring_Scheme__c|"01p58000000nl6eAAA"|0x3d14e1ab
11:45:25.097 (97088529)|STATEMENT_EXECUTE|[27]
11:45:25.097 (97112260)|HEAP_ALLOCATE|[EXTERNAL]|Bytes:4
11:45:25.097 (97137621)|HEAP_ALLOCATE|[21]|Bytes:5
11:45:25.097 (97155920)|VARIABLE_ASSIGNMENT|[21]|name|null
11:45:25.097 (97160695)|STATEMENT_EXECUTE|[30]
11:45:25.097 (97169739)|METHOD_EXIT|[21]|01p58000000nl2H|BusinessUnitCreationHelper.createBusinessUnits(List<String>, Id)
11:45:25.097 (97199296)|VARIABLE_ASSIGNMENT|[21]|results|{"s":1,"v":[{"Name":"Parent","Risk__Sharing_Group_ (7 more) ...":"Parent","Risk__Scoring_Scheme (3 more) ...":"01p58000000nl6eAAA"}]}|0x11411067
11:45:25.097 (97205673)|STATEMENT_EXECUTE|[22]
11:45:25.097 (97268795)|STATEMENT_EXECUTE|[23]
11:45:25.097 (97330947)|STATEMENT_EXECUTE|[24]
11:45:25.097 (97378885)|HEAP_ALLOCATE|[24]|Bytes:16
11:45:25.097 (97421386)|STATEMENT_EXECUTE|[25]
11:45:25.097 (97465310)|HEAP_ALLOCATE|[25]|Bytes:16
11:45:25.097 (97506238)|STATEMENT_EXECUTE|[26]
11:45:25.097 (97549420)|HEAP_ALLOCATE|[26]|Bytes:16
11:45:25.097 (97632823)|SYSTEM_MODE_EXIT|false
11:45:25.097 (97655330)|CUMULATIVE_LIMIT_USAGE
11:45:25.097 (97655330)|LIMIT_USAGE_FOR_NS|(default)|
  Number of SOQL queries: 0 out of 100
  Number of query rows: 0 out of 50000
  Number of SOSL queries: 0 out of 20
  Number of DML statements: 0 out of 150
  Number of DML rows: 0 out of 10000
  Maximum CPU time: 0 out of 10000
  Maximum heap size: 0 out of 6000000
  Number of callouts: 0 out of 100
  Number of Email Invocations: 0 out of 10
  Number of future calls: 0 out of 50
  Number of queueable jobs added to the queue: 0 out of 50
  Number of Mobile Apex push calls: 0 out of 10

11:45:25.097 (97655330)|CUMULATIVE_LIMIT_USAGE_END

11:45:25.097 (97705368)|CODE_UNIT_FINISHED|BusinessUnitCreationHelperTest.testBusinessUnitCreation
11:45:25.099 (99027472)|EXECUTION_FINISHED
