35.0 APEX_CODE,FINEST;APEX_PROFILING,INFO;CALLOUT,INFO;DB,INFO;SYSTEM,DEBUG;VALIDATION,INFO;VISUALFORCE,INFO;WORKFLOW,INFO
10:03:36.015 (15429268)|EXECUTION_STARTED
10:03:36.015 (15471534)|CODE_UNIT_STARTED|[EXTERNAL]|01p58000000n2dy|BUTestBatch
10:03:36.017 (17124695)|HEAP_ALLOCATE|[EXTERNAL]|Bytes:8
10:03:36.025 (25774986)|HEAP_ALLOCATE|[72]|Bytes:3
10:03:36.025 (25829207)|HEAP_ALLOCATE|[77]|Bytes:152
10:03:36.025 (25852179)|HEAP_ALLOCATE|[342]|Bytes:408
10:03:36.025 (25875667)|HEAP_ALLOCATE|[355]|Bytes:408
10:03:36.025 (25896907)|HEAP_ALLOCATE|[467]|Bytes:48
10:03:36.025 (25941662)|HEAP_ALLOCATE|[139]|Bytes:6
10:03:36.026 (26415812)|HEAP_ALLOCATE|[EXTERNAL]|Bytes:52
10:03:36.026 (26427163)|HEAP_ALLOCATE|[EXTERNAL]|Bytes:9
10:03:36.026 (26441502)|METHOD_ENTRY|[1]|01p58000000n2dy|BUTestBatch.BUTestBatch()
10:03:36.026 (26446928)|STATEMENT_EXECUTE|[1]
10:03:36.026 (26452814)|STATEMENT_EXECUTE|[1]
10:03:36.026 (26457942)|METHOD_EXIT|[1]|BUTestBatch
10:03:36.026 (26464167)|HEAP_ALLOCATE|[EXTERNAL]|Bytes:8
10:03:36.026 (26467812)|HEAP_ALLOCATE|[EXTERNAL]|Bytes:12
10:03:36.026 (26478697)|VARIABLE_SCOPE_BEGIN|[9]|this|BUTestBatch|true|false
10:03:36.026 (26530895)|VARIABLE_ASSIGNMENT|[9]|this|{}|0x77b707b0
10:03:36.026 (26540558)|VARIABLE_SCOPE_BEGIN|[9]|BC|Database.BatchableContext|true|false
10:03:36.026 (26662888)|VARIABLE_ASSIGNMENT|[9]|BC|{"jobId":"70758000001OPlVAAW"}|0x44b8d475
10:03:36.026 (26677436)|STATEMENT_EXECUTE|[9]
10:03:36.026 (26681055)|STATEMENT_EXECUTE|[10]
10:03:36.026 (26878208)|HEAP_ALLOCATE|[10]|Bytes:4
10:03:36.027 (27083535)|VARIABLE_SCOPE_BEGIN|[10]|bu|grc__Business_Unit__c|true|false
10:03:36.027 (27124621)|VARIABLE_ASSIGNMENT|[10]|bu|{}|0x253fd7e6
10:03:36.027 (27130572)|STATEMENT_EXECUTE|[11]
10:03:36.027 (27135872)|HEAP_ALLOCATE|[11]|Bytes:2
10:03:36.027 (27502399)|VARIABLE_ASSIGNMENT|[11]|this.Name|"bu"|0x253fd7e6
10:03:36.027 (27509417)|STATEMENT_EXECUTE|[12]
10:03:36.027 (27514504)|HEAP_ALLOCATE|[12]|Bytes:1
10:03:36.027 (27587426)|VARIABLE_ASSIGNMENT|[12]|this.Risk__Sharing_Group_Name__c|"x"|0x253fd7e6
10:03:36.027 (27593829)|STATEMENT_EXECUTE|[13]
10:03:36.027 (27604868)|HEAP_ALLOCATE|[13]|Bytes:4
10:03:36.027 (27693638)|HEAP_ALLOCATE|[EXTERNAL]|Bytes:8
10:03:36.028 (28550129)|HEAP_ALLOCATE|[EXTERNAL]|Bytes:8
10:03:36.028 (28802552)|HEAP_ALLOCATE|[50]|Bytes:5
10:03:36.028 (28831186)|HEAP_ALLOCATE|[56]|Bytes:5
10:03:36.028 (28846371)|HEAP_ALLOCATE|[64]|Bytes:7
10:03:36.029 (29151755)|HEAP_ALLOCATE|[EXTERNAL]|Bytes:4
10:03:36.029 (29167430)|HEAP_ALLOCATE|[EXTERNAL]|Bytes:4
10:03:36.029 (29173274)|HEAP_ALLOCATE|[EXTERNAL]|Bytes:4
10:03:36.043 (43927409)|CUMULATIVE_LIMIT_USAGE
10:03:36.043 (43927409)|LIMIT_USAGE_FOR_NS|(default)|
  Number of SOQL queries: 0 out of 200
  Number of query rows: 0 out of 50000
  Number of SOSL queries: 0 out of 20
  Number of DML statements: 0 out of 150
  Number of DML rows: 0 out of 10000
  Maximum CPU time: 0 out of 60000
  Maximum heap size: 0 out of 12000000
  Number of callouts: 0 out of 0
  Number of Email Invocations: 0 out of 10
  Number of future calls: 0 out of 0
  Number of queueable jobs added to the queue: 0 out of 1
  Number of Mobile Apex push calls: 0 out of 10

10:03:36.043 (43927409)|CUMULATIVE_LIMIT_USAGE_END

10:03:36.043 (43993390)|CODE_UNIT_FINISHED|BUTestBatch
10:03:36.045 (45009989)|EXECUTION_FINISHED
