35.0 APEX_CODE,FINEST;APEX_PROFILING,INFO;CALLOUT,INFO;DB,INFO;SYSTEM,DEBUG;VALIDATION,INFO;VISUALFORCE,INFO;WORKFLOW,INFO
Execute Anonymous: /*SObjectData d = new SObjectData('Test_objects__c');
Execute Anonymous: d.addValuePair('Name', 'Parent');
Execute Anonymous: d.setParentField('Parent__c');
Execute Anonymous: 
Execute Anonymous: SObjectData d1 = new SObjectData('Test_objects__c');
Execute Anonymous: d1.addValuePair('Name', 'Child 1');
Execute Anonymous: d1.setParent(d);
Execute Anonymous: d1.setParentField('Parent__c');
Execute Anonymous: 
Execute Anonymous: SObjectData d2 = new SObjectData('Test_objects__c');
Execute Anonymous: d2.addValuePair('Name', 'Child 2');
Execute Anonymous: d2.setParent(d);
Execute Anonymous: d2.setParentField('Parent__c');
Execute Anonymous: 
Execute Anonymous: SObjectData d3 = new SObjectData('Test_objects__c');
Execute Anonymous: d3.addValuePair('Name', 'Child 3');
Execute Anonymous: d3.setParent(d);
Execute Anonymous: d3.setParentField('Parent__c');
Execute Anonymous: 
Execute Anonymous: d.addChild(d1);
Execute Anonymous: d.addChild(d2);
Execute Anonymous: d.addChild(d3);
Execute Anonymous: 
Execute Anonymous: SObjectData d4 = new SObjectData('Test_objects__c');
Execute Anonymous: d4.addValuePair('Name', 'Child 4');
Execute Anonymous: d4.setParent(d3);
Execute Anonymous: d4.setParentField('Parent__c');
Execute Anonymous: 
Execute Anonymous: d3.addChild(d4);
Execute Anonymous: 
Execute Anonymous: SObjectUtility h = new SObjectUtility();
Execute Anonymous: h.createSObjects(new List<SObjectData> { d} );*/
Execute Anonymous: 
Execute Anonymous: ScoringSchemeHelper.create5x5ScoringScheme();
17:21:35.152 (152155826)|EXECUTION_STARTED
17:21:35.152 (152168869)|CODE_UNIT_STARTED|[EXTERNAL]|execute_anonymous_apex
17:21:35.152 (152386555)|HEAP_ALLOCATE|[72]|Bytes:3
17:21:35.152 (152434872)|HEAP_ALLOCATE|[77]|Bytes:152
17:21:35.152 (152459287)|HEAP_ALLOCATE|[342]|Bytes:408
17:21:35.152 (152483109)|HEAP_ALLOCATE|[355]|Bytes:408
17:21:35.152 (152504281)|HEAP_ALLOCATE|[467]|Bytes:48
17:21:35.152 (152547463)|HEAP_ALLOCATE|[139]|Bytes:6
17:21:35.152 (152584168)|HEAP_ALLOCATE|[EXTERNAL]|Bytes:2
17:21:35.152 (152679861)|STATEMENT_EXECUTE|[1]
17:21:35.152 (152684707)|STATEMENT_EXECUTE|[34]
17:21:35.152 (152739657)|HEAP_ALLOCATE|[50]|Bytes:5
17:21:35.152 (152767776)|HEAP_ALLOCATE|[56]|Bytes:5
17:21:35.152 (152779887)|HEAP_ALLOCATE|[64]|Bytes:7
17:21:35.152 (152804641)|SYSTEM_MODE_ENTER|false
17:21:35.152 (152842191)|HEAP_ALLOCATE|[34]|Bytes:5
17:21:35.171 (171881576)|HEAP_ALLOCATE|[34]|Bytes:1
17:21:35.171 (171943807)|METHOD_ENTRY|[1]|01p58000000n81u|ScoringSchemeHelper.ScoringSchemeHelper()
17:21:35.171 (171959603)|STATEMENT_EXECUTE|[1]
17:21:35.171 (171968467)|STATEMENT_EXECUTE|[1]
17:21:35.171 (171989513)|HEAP_ALLOCATE|[34]|Bytes:5
17:21:35.172 (172004761)|METHOD_EXIT|[1]|ScoringSchemeHelper
17:21:35.172 (172058913)|METHOD_ENTRY|[34]|01p58000000n81u|ScoringSchemeHelper.create5x5ScoringScheme()
17:21:35.172 (172122526)|HEAP_ALLOCATE|[4]|Bytes:5
17:21:35.172 (172129133)|STATEMENT_EXECUTE|[3]
17:21:35.172 (172131831)|STATEMENT_EXECUTE|[4]
17:21:35.178 (178804143)|HEAP_ALLOCATE|[4]|Bytes:43
17:21:35.178 (178814167)|HEAP_ALLOCATE|[4]|Bytes:2
17:21:35.178 (178833530)|METHOD_ENTRY|[1]|01p58000000n6Fr|SObjectData.SObjectData()
17:21:35.178 (178839192)|STATEMENT_EXECUTE|[1]
17:21:35.178 (178844037)|STATEMENT_EXECUTE|[1]
17:21:35.178 (178850802)|HEAP_ALLOCATE|[4]|Bytes:5
17:21:35.178 (178859601)|METHOD_EXIT|[1]|SObjectData
17:21:35.178 (178962612)|HEAP_ALLOCATE|[4]|Bytes:24
17:21:35.178 (178971914)|HEAP_ALLOCATE|[4]|Bytes:23
17:21:35.178 (178993145)|CONSTRUCTOR_ENTRY|[4]|01p58000000n6Fr|<init>(String)
17:21:35.179 (179048834)|VARIABLE_SCOPE_BEGIN|[8]|this|SObjectData|true|false
17:21:35.179 (179116289)|VARIABLE_ASSIGNMENT|[8]|this|{}|0x15a46cf9
17:21:35.179 (179124195)|VARIABLE_SCOPE_BEGIN|[8]|sobjectType|String|false|false
17:21:35.179 (179140552)|VARIABLE_ASSIGNMENT|[8]|sobjectType|"Risk__Scoring_Scheme (3 more) ..."
17:21:35.179 (179149605)|HEAP_ALLOCATE|[2]|Bytes:5
17:21:35.179 (179154635)|STATEMENT_EXECUTE|[1]
17:21:35.179 (179158603)|HEAP_ALLOCATE|[2]|Bytes:5
17:21:35.179 (179161580)|STATEMENT_EXECUTE|[2]
17:21:35.179 (179169655)|HEAP_ALLOCATE|[2]|Bytes:4
17:21:35.179 (179212984)|VARIABLE_ASSIGNMENT|[2]|this.fieldMap|{"s":1,"v":{}}|0x15a46cf9
17:21:35.179 (179218779)|STATEMENT_EXECUTE|[3]
17:21:35.179 (179221339)|STATEMENT_EXECUTE|[4]
17:21:35.179 (179223390)|STATEMENT_EXECUTE|[5]
17:21:35.179 (179225346)|STATEMENT_EXECUTE|[6]
17:21:35.179 (179240510)|HEAP_ALLOCATE|[2]|Bytes:6
17:21:35.179 (179257654)|VARIABLE_SCOPE_BEGIN|[2]|this|System.ApexBaseClass|true|false
17:21:35.179 (179284341)|VARIABLE_ASSIGNMENT|[2]|this|{"fieldMap":"0x71b8d42b"}|0x15a46cf9
17:21:35.179 (179301258)|STATEMENT_EXECUTE|[8]
17:21:35.179 (179304122)|STATEMENT_EXECUTE|[9]
17:21:35.179 (179318509)|VARIABLE_ASSIGNMENT|[9]|this.sObjectType|"Risk__Scoring_Scheme (3 more) ..."|0x15a46cf9
17:21:35.179 (179331492)|CONSTRUCTOR_EXIT|[4]|01p58000000n6Fr|<init>(String)
17:21:35.179 (179338540)|VARIABLE_SCOPE_BEGIN|[4]|scoringScheme|SObjectData|true|false
17:21:35.179 (179361914)|VARIABLE_ASSIGNMENT|[4]|scoringScheme|{"fieldMap":"0x71b8d42b","sObjectType":"Risk__Scoring_Scheme (3 more) ..."}|0x15a46cf9
17:21:35.179 (179367979)|STATEMENT_EXECUTE|[5]
17:21:35.179 (179372615)|HEAP_ALLOCATE|[5]|Bytes:4
17:21:35.179 (179377306)|HEAP_ALLOCATE|[5]|Bytes:18
17:21:35.179 (179416878)|METHOD_ENTRY|[5]|01p58000000n6Fr|SObjectData.addValuePair(String, String)
17:21:35.179 (179445239)|VARIABLE_SCOPE_BEGIN|[68]|this|SObjectData|true|false
17:21:35.179 (179472668)|VARIABLE_ASSIGNMENT|[68]|this|{"fieldMap":"0x71b8d42b","sObjectType":"Risk__Scoring_Scheme (3 more) ..."}|0x15a46cf9
17:21:35.179 (179479562)|VARIABLE_SCOPE_BEGIN|[68]|field|String|false|false
17:21:35.179 (179485846)|VARIABLE_ASSIGNMENT|[68]|field|"Name"
17:21:35.179 (179489286)|VARIABLE_SCOPE_BEGIN|[68]|value|String|false|false
17:21:35.179 (179494604)|VARIABLE_ASSIGNMENT|[68]|value|"Scoring Scheme 5x5"
17:21:35.179 (179504306)|HEAP_ALLOCATE|[70]|Bytes:5
17:21:35.179 (179509230)|STATEMENT_EXECUTE|[68]
17:21:35.179 (179515432)|STATEMENT_EXECUTE|[70]
17:21:35.179 (179517814)|STATEMENT_EXECUTE|[73]
17:21:35.179 (179623137)|HEAP_ALLOCATE|[EXTERNAL]|Bytes:-4
17:21:35.179 (179653500)|METHOD_EXIT|[5]|01p58000000n6Fr|SObjectData.addValuePair(String, String)
17:21:35.179 (179659419)|STATEMENT_EXECUTE|[6]
17:21:35.179 (179663953)|HEAP_ALLOCATE|[6]|Bytes:12
17:21:35.179 (179668669)|HEAP_ALLOCATE|[6]|Bytes:15
17:21:35.179 (179678518)|METHOD_ENTRY|[6]|01p58000000n6Fr|SObjectData.addValuePair(String, String)
17:21:35.179 (179692510)|VARIABLE_SCOPE_BEGIN|[68]|this|SObjectData|true|false
17:21:35.179 (179719119)|VARIABLE_ASSIGNMENT|[68]|this|{"fieldMap":"0x71b8d42b","sObjectType":"Risk__Scoring_Scheme (3 more) ..."}|0x15a46cf9
17:21:35.179 (179724425)|VARIABLE_SCOPE_BEGIN|[68]|field|String|false|false
17:21:35.179 (179730579)|VARIABLE_ASSIGNMENT|[68]|field|"RecordTypeId"
17:21:35.179 (179733302)|VARIABLE_SCOPE_BEGIN|[68]|value|String|false|false
17:21:35.179 (179738208)|VARIABLE_ASSIGNMENT|[68]|value|"012580000000H5p"
17:21:35.179 (179746286)|HEAP_ALLOCATE|[70]|Bytes:5
17:21:35.179 (179750853)|STATEMENT_EXECUTE|[68]
17:21:35.179 (179754805)|STATEMENT_EXECUTE|[70]
17:21:35.179 (179757073)|STATEMENT_EXECUTE|[73]
17:21:35.179 (179779168)|HEAP_ALLOCATE|[EXTERNAL]|Bytes:-4
17:21:35.179 (179799286)|METHOD_EXIT|[6]|01p58000000n6Fr|SObjectData.addValuePair(String, String)
17:21:35.179 (179804420)|STATEMENT_EXECUTE|[8]
17:21:35.179 (179810349)|HEAP_ALLOCATE|[8]|Bytes:24
17:21:35.179 (179815440)|HEAP_ALLOCATE|[8]|Bytes:24
17:21:35.179 (179828555)|CONSTRUCTOR_ENTRY|[8]|01p58000000n6Fr|<init>(String)
17:21:35.179 (179845405)|VARIABLE_SCOPE_BEGIN|[8]|this|SObjectData|true|false
17:21:35.179 (179865686)|VARIABLE_ASSIGNMENT|[8]|this|{}|0x2b5ebc3e
17:21:35.179 (179870265)|VARIABLE_SCOPE_BEGIN|[8]|sobjectType|String|false|false
17:21:35.179 (179878473)|VARIABLE_ASSIGNMENT|[8]|sobjectType|"Risk__Impact_Categor (4 more) ..."
17:21:35.179 (179886594)|HEAP_ALLOCATE|[2]|Bytes:5
17:21:35.179 (179891340)|STATEMENT_EXECUTE|[1]
17:21:35.179 (179895152)|HEAP_ALLOCATE|[2]|Bytes:5
17:21:35.179 (179898073)|STATEMENT_EXECUTE|[2]
17:21:35.179 (179902643)|HEAP_ALLOCATE|[2]|Bytes:4
17:21:35.179 (179920912)|VARIABLE_ASSIGNMENT|[2]|this.fieldMap|{"s":1,"v":{}}|0x2b5ebc3e
17:21:35.179 (179925846)|STATEMENT_EXECUTE|[3]
17:21:35.179 (179928591)|STATEMENT_EXECUTE|[4]
17:21:35.179 (179930647)|STATEMENT_EXECUTE|[5]
17:21:35.179 (179932638)|STATEMENT_EXECUTE|[6]
17:21:35.179 (179940154)|VARIABLE_SCOPE_BEGIN|[2]|this|System.ApexBaseClass|true|false
17:21:35.179 (179960984)|VARIABLE_ASSIGNMENT|[2]|this|{"fieldMap":"0xeeac79"}|0x2b5ebc3e
17:21:35.179 (179970369)|STATEMENT_EXECUTE|[8]
17:21:35.179 (179973015)|STATEMENT_EXECUTE|[9]
17:21:35.179 (179984494)|VARIABLE_ASSIGNMENT|[9]|this.sObjectType|"Risk__Impact_Categor (4 more) ..."|0x2b5ebc3e
17:21:35.179 (179995668)|CONSTRUCTOR_EXIT|[8]|01p58000000n6Fr|<init>(String)
17:21:35.180 (180000802)|VARIABLE_SCOPE_BEGIN|[8]|costIC|SObjectData|true|false
17:21:35.180 (180023102)|VARIABLE_ASSIGNMENT|[8]|costIC|{"fieldMap":"0xeeac79","sObjectType":"Risk__Impact_Categor (4 more) ..."}|0x2b5ebc3e
17:21:35.180 (180028691)|STATEMENT_EXECUTE|[9]
17:21:35.180 (180033851)|HEAP_ALLOCATE|[9]|Bytes:7
17:21:35.180 (180045624)|METHOD_ENTRY|[9]|01p58000000n6Fr|SObjectData.addValuePair(String, String)
17:21:35.180 (180059181)|VARIABLE_SCOPE_BEGIN|[68]|this|SObjectData|true|false
17:21:35.180 (180081761)|VARIABLE_ASSIGNMENT|[68]|this|{"fieldMap":"0xeeac79","sObjectType":"Risk__Impact_Categor (4 more) ..."}|0x2b5ebc3e
17:21:35.180 (180087272)|VARIABLE_SCOPE_BEGIN|[68]|field|String|false|false
17:21:35.180 (180092826)|VARIABLE_ASSIGNMENT|[68]|field|"Name"
17:21:35.180 (180095493)|VARIABLE_SCOPE_BEGIN|[68]|value|String|false|false
17:21:35.180 (180100241)|VARIABLE_ASSIGNMENT|[68]|value|"Cost IC"
17:21:35.180 (180107722)|HEAP_ALLOCATE|[70]|Bytes:5
17:21:35.180 (180112281)|STATEMENT_EXECUTE|[68]
17:21:35.180 (180115779)|STATEMENT_EXECUTE|[70]
17:21:35.180 (180118031)|STATEMENT_EXECUTE|[73]
17:21:35.180 (180139905)|HEAP_ALLOCATE|[EXTERNAL]|Bytes:-4
17:21:35.180 (180159872)|METHOD_EXIT|[9]|01p58000000n6Fr|SObjectData.addValuePair(String, String)
17:21:35.180 (180164965)|STATEMENT_EXECUTE|[10]
17:21:35.180 (180169612)|HEAP_ALLOCATE|[10]|Bytes:21
17:21:35.180 (180173738)|HEAP_ALLOCATE|[10]|Bytes:4
17:21:35.180 (180183102)|METHOD_ENTRY|[10]|01p58000000n6Fr|SObjectData.addValuePair(String, String)
17:21:35.180 (180195965)|VARIABLE_SCOPE_BEGIN|[68]|this|SObjectData|true|false
17:21:35.180 (180220030)|VARIABLE_ASSIGNMENT|[68]|this|{"fieldMap":"0xeeac79","sObjectType":"Risk__Impact_Categor (4 more) ..."}|0x2b5ebc3e
17:21:35.180 (180225366)|VARIABLE_SCOPE_BEGIN|[68]|field|String|false|false
17:21:35.180 (180232483)|VARIABLE_ASSIGNMENT|[68]|field|"Risk__Type_Of_Risk__ (1 more) ..."
17:21:35.180 (180235386)|VARIABLE_SCOPE_BEGIN|[68]|value|String|false|false
17:21:35.180 (180240055)|VARIABLE_ASSIGNMENT|[68]|value|"Cost"
17:21:35.180 (180247243)|HEAP_ALLOCATE|[70]|Bytes:5
17:21:35.180 (180251654)|STATEMENT_EXECUTE|[68]
17:21:35.180 (180255018)|STATEMENT_EXECUTE|[70]
17:21:35.180 (180257263)|STATEMENT_EXECUTE|[73]
17:21:35.180 (180278207)|HEAP_ALLOCATE|[EXTERNAL]|Bytes:-4
17:21:35.180 (180297455)|METHOD_EXIT|[10]|01p58000000n6Fr|SObjectData.addValuePair(String, String)
17:21:35.180 (180302572)|STATEMENT_EXECUTE|[12]
17:21:35.180 (180308401)|HEAP_ALLOCATE|[12]|Bytes:24
17:21:35.180 (180318314)|CONSTRUCTOR_ENTRY|[12]|01p58000000n6Fr|<init>(String)
17:21:35.180 (180333979)|VARIABLE_SCOPE_BEGIN|[8]|this|SObjectData|true|false
17:21:35.180 (180352987)|VARIABLE_ASSIGNMENT|[8]|this|{}|0x1da60388
17:21:35.180 (180357528)|VARIABLE_SCOPE_BEGIN|[8]|sobjectType|String|false|false
17:21:35.180 (180365222)|VARIABLE_ASSIGNMENT|[8]|sobjectType|"Risk__Impact_Categor (4 more) ..."
17:21:35.180 (180372743)|HEAP_ALLOCATE|[2]|Bytes:5
17:21:35.180 (180377064)|STATEMENT_EXECUTE|[1]
17:21:35.180 (180380659)|HEAP_ALLOCATE|[2]|Bytes:5
17:21:35.180 (180383945)|STATEMENT_EXECUTE|[2]
17:21:35.180 (180388418)|HEAP_ALLOCATE|[2]|Bytes:4
17:21:35.180 (180406156)|VARIABLE_ASSIGNMENT|[2]|this.fieldMap|{"s":1,"v":{}}|0x1da60388
17:21:35.180 (180411007)|STATEMENT_EXECUTE|[3]
17:21:35.180 (180413318)|STATEMENT_EXECUTE|[4]
17:21:35.180 (180415371)|STATEMENT_EXECUTE|[5]
17:21:35.180 (180417420)|STATEMENT_EXECUTE|[6]
17:21:35.180 (180426591)|VARIABLE_SCOPE_BEGIN|[2]|this|System.ApexBaseClass|true|false
17:21:35.180 (180449892)|VARIABLE_ASSIGNMENT|[2]|this|{"fieldMap":"0x685ee921"}|0x1da60388
17:21:35.180 (180459842)|STATEMENT_EXECUTE|[8]
17:21:35.180 (180462557)|STATEMENT_EXECUTE|[9]
17:21:35.180 (180474177)|VARIABLE_ASSIGNMENT|[9]|this.sObjectType|"Risk__Impact_Categor (4 more) ..."|0x1da60388
17:21:35.180 (180485089)|CONSTRUCTOR_EXIT|[12]|01p58000000n6Fr|<init>(String)
17:21:35.180 (180489858)|VARIABLE_SCOPE_BEGIN|[12]|timeIC|SObjectData|true|false
17:21:35.180 (180510352)|VARIABLE_ASSIGNMENT|[12]|timeIC|{"fieldMap":"0x685ee921","sObjectType":"Risk__Impact_Categor (4 more) ..."}|0x1da60388
17:21:35.180 (180516459)|STATEMENT_EXECUTE|[13]
17:21:35.180 (180521964)|HEAP_ALLOCATE|[13]|Bytes:7
17:21:35.180 (180533518)|METHOD_ENTRY|[13]|01p58000000n6Fr|SObjectData.addValuePair(String, String)
17:21:35.180 (180546614)|VARIABLE_SCOPE_BEGIN|[68]|this|SObjectData|true|false
17:21:35.180 (180569221)|VARIABLE_ASSIGNMENT|[68]|this|{"fieldMap":"0x685ee921","sObjectType":"Risk__Impact_Categor (4 more) ..."}|0x1da60388
17:21:35.180 (180574406)|VARIABLE_SCOPE_BEGIN|[68]|field|String|false|false
17:21:35.180 (180583950)|VARIABLE_ASSIGNMENT|[68]|field|"Name"
17:21:35.180 (180586767)|VARIABLE_SCOPE_BEGIN|[68]|value|String|false|false
17:21:35.180 (180591664)|VARIABLE_ASSIGNMENT|[68]|value|"Time IC"
17:21:35.180 (180599551)|HEAP_ALLOCATE|[70]|Bytes:5
17:21:35.180 (180604076)|STATEMENT_EXECUTE|[68]
17:21:35.180 (180607641)|STATEMENT_EXECUTE|[70]
17:21:35.180 (180609782)|STATEMENT_EXECUTE|[73]
17:21:35.180 (180631639)|HEAP_ALLOCATE|[EXTERNAL]|Bytes:-4
17:21:35.180 (180651402)|METHOD_EXIT|[13]|01p58000000n6Fr|SObjectData.addValuePair(String, String)
17:21:35.180 (180656591)|STATEMENT_EXECUTE|[14]
17:21:35.180 (180660896)|HEAP_ALLOCATE|[14]|Bytes:4
17:21:35.180 (180670437)|METHOD_ENTRY|[14]|01p58000000n6Fr|SObjectData.addValuePair(String, String)
17:21:35.180 (180682960)|VARIABLE_SCOPE_BEGIN|[68]|this|SObjectData|true|false
17:21:35.180 (180707392)|VARIABLE_ASSIGNMENT|[68]|this|{"fieldMap":"0x685ee921","sObjectType":"Risk__Impact_Categor (4 more) ..."}|0x1da60388
17:21:35.180 (180712723)|VARIABLE_SCOPE_BEGIN|[68]|field|String|false|false
17:21:35.180 (180719193)|VARIABLE_ASSIGNMENT|[68]|field|"Risk__Type_Of_Risk__ (1 more) ..."
17:21:35.180 (180722021)|VARIABLE_SCOPE_BEGIN|[68]|value|String|false|false
17:21:35.180 (180726730)|VARIABLE_ASSIGNMENT|[68]|value|"Time"
17:21:35.180 (180734259)|HEAP_ALLOCATE|[70]|Bytes:5
17:21:35.180 (180738614)|STATEMENT_EXECUTE|[68]
17:21:35.180 (180741954)|STATEMENT_EXECUTE|[70]
17:21:35.180 (180749631)|STATEMENT_EXECUTE|[73]
17:21:35.180 (180771595)|HEAP_ALLOCATE|[EXTERNAL]|Bytes:-4
17:21:35.180 (180790708)|METHOD_EXIT|[14]|01p58000000n6Fr|SObjectData.addValuePair(String, String)
17:21:35.180 (180795601)|STATEMENT_EXECUTE|[16]
17:21:35.180 (180809847)|METHOD_ENTRY|[16]|01p58000000n6Fr|SObjectData.addChild(String, SObjectData)
17:21:35.180 (180830582)|VARIABLE_SCOPE_BEGIN|[40]|this|SObjectData|true|false
17:21:35.180 (180855726)|VARIABLE_ASSIGNMENT|[40]|this|{"fieldMap":"0x71b8d42b","sObjectType":"Risk__Scoring_Scheme (3 more) ..."}|0x15a46cf9
17:21:35.180 (180862016)|VARIABLE_SCOPE_BEGIN|[40]|field|String|false|false
17:21:35.180 (180869398)|VARIABLE_ASSIGNMENT|[40]|field|"Risk__Scoring_Scheme (3 more) ..."
17:21:35.180 (180873113)|VARIABLE_SCOPE_BEGIN|[40]|o|SObjectData|true|false
17:21:35.180 (180888906)|VARIABLE_ASSIGNMENT|[40]|o|{"fieldMap":"0xeeac79","sObjectType":"Risk__Impact_Categor (4 more) ..."}|0x2b5ebc3e
17:21:35.180 (180898782)|HEAP_ALLOCATE|[41]|Bytes:5
17:21:35.180 (180903235)|STATEMENT_EXECUTE|[40]
17:21:35.180 (180907800)|STATEMENT_EXECUTE|[41]
17:21:35.180 (180910065)|STATEMENT_EXECUTE|[42]
17:21:35.180 (180914976)|HEAP_ALLOCATE|[42]|Bytes:4
17:21:35.180 (180978034)|VARIABLE_ASSIGNMENT|[42]|this.children|{"s":1,"v":{}}|0x15a46cf9
17:21:35.180 (180984223)|STATEMENT_EXECUTE|[45]
17:21:35.181 (181041675)|HEAP_ALLOCATE|[45]|Bytes:23
17:21:35.181 (181065543)|VARIABLE_ASSIGNMENT|[45]|field|"risk__scoring_scheme (3 more) ..."
17:21:35.181 (181123235)|STATEMENT_EXECUTE|[49]
17:21:35.181 (181127129)|STATEMENT_EXECUTE|[50]
17:21:35.181 (181176992)|HEAP_ALLOCATE|[50]|Bytes:4
17:21:35.181 (181304854)|HEAP_ALLOCATE|[EXTERNAL]|Bytes:8
17:21:35.181 (181310591)|HEAP_ALLOCATE|[EXTERNAL]|Bytes:-4
17:21:35.181 (181327167)|STATEMENT_EXECUTE|[52]
17:21:35.181 (181393495)|HEAP_ALLOCATE|[52]|Bytes:31
17:21:35.181 (181453496)|HEAP_ALLOCATE|[52]|Bytes:1
17:21:35.181 (181470397)|HEAP_ALLOCATE|[52]|Bytes:4
17:21:35.181 (181535151)|HEAP_ALLOCATE|[52]|Bytes:177
17:21:35.181 (181563825)|HEAP_ALLOCATE|[52]|Bytes:205
17:21:35.181 (181611495)|USER_DEBUG|[52]|DEBUG|1risk__scoring_scheme__c :: {risk__scoring_scheme__c=(SObjectData:[children=null, fieldMap={Name=Cost IC, Risk__Type_Of_Risk__c=Cost}, parent=null, parentField=null, sObjectType=Risk__Impact_Category__c])}
17:21:35.181 (181630508)|METHOD_EXIT|[16]|01p58000000n6Fr|SObjectData.addChild(String, SObjectData)
17:21:35.181 (181636183)|STATEMENT_EXECUTE|[17]
17:21:35.181 (181645435)|METHOD_ENTRY|[17]|01p58000000n6Fr|SObjectData.addChild(String, SObjectData)
17:21:35.181 (181658335)|VARIABLE_SCOPE_BEGIN|[40]|this|SObjectData|true|false
17:21:35.181 (181686401)|VARIABLE_ASSIGNMENT|[40]|this|{"children":"0x1561e7e5","fieldMap":"0x71b8d42b","sObjectType":"Risk__Scoring_Scheme (3 more) ..."}|0x15a46cf9
17:21:35.181 (181692474)|VARIABLE_SCOPE_BEGIN|[40]|field|String|false|false
17:21:35.181 (181699526)|VARIABLE_ASSIGNMENT|[40]|field|"Risk__Scoring_Scheme (3 more) ..."
17:21:35.181 (181702458)|VARIABLE_SCOPE_BEGIN|[40]|o|SObjectData|true|false
17:21:35.181 (181718823)|VARIABLE_ASSIGNMENT|[40]|o|{"fieldMap":"0x685ee921","sObjectType":"Risk__Impact_Categor (4 more) ..."}|0x1da60388
17:21:35.181 (181728374)|HEAP_ALLOCATE|[41]|Bytes:5
17:21:35.181 (181733205)|STATEMENT_EXECUTE|[40]
17:21:35.181 (181736539)|STATEMENT_EXECUTE|[41]
17:21:35.181 (181738699)|STATEMENT_EXECUTE|[45]
17:21:35.181 (181755743)|HEAP_ALLOCATE|[45]|Bytes:23
17:21:35.181 (181774134)|VARIABLE_ASSIGNMENT|[45]|field|"risk__scoring_scheme (3 more) ..."
17:21:35.181 (181802099)|STATEMENT_EXECUTE|[49]
17:21:35.181 (181805268)|STATEMENT_EXECUTE|[50]
17:21:35.181 (181810282)|HEAP_ALLOCATE|[50]|Bytes:4
17:21:35.181 (181843416)|HEAP_ALLOCATE|[EXTERNAL]|Bytes:8
17:21:35.181 (181867462)|STATEMENT_EXECUTE|[52]
17:21:35.181 (181891479)|HEAP_ALLOCATE|[52]|Bytes:31
17:21:35.181 (181928964)|HEAP_ALLOCATE|[52]|Bytes:1
17:21:35.181 (181981402)|HEAP_ALLOCATE|[52]|Bytes:177
17:21:35.182 (182002297)|HEAP_ALLOCATE|[52]|Bytes:205
17:21:35.182 (182020058)|USER_DEBUG|[52]|DEBUG|1risk__scoring_scheme__c :: {risk__scoring_scheme__c=(SObjectData:[children=null, fieldMap={Name=Time IC, Risk__Type_Of_Risk__c=Time}, parent=null, parentField=null, sObjectType=Risk__Impact_Category__c])}
17:21:35.182 (182036150)|METHOD_EXIT|[17]|01p58000000n6Fr|SObjectData.addChild(String, SObjectData)
17:21:35.182 (182041455)|STATEMENT_EXECUTE|[19]
17:21:35.188 (188717216)|HEAP_ALLOCATE|[19]|Bytes:19
17:21:35.188 (188727008)|HEAP_ALLOCATE|[19]|Bytes:2
17:21:35.188 (188746540)|METHOD_ENTRY|[1]|01p58000000n6rI|SObjectUtility.SObjectUtility()
17:21:35.188 (188752158)|STATEMENT_EXECUTE|[1]
17:21:35.188 (188756925)|STATEMENT_EXECUTE|[1]
17:21:35.188 (188763627)|HEAP_ALLOCATE|[19]|Bytes:5
17:21:35.188 (188771833)|METHOD_EXIT|[1]|SObjectUtility
17:21:35.188 (188837207)|HEAP_ALLOCATE|[19]|Bytes:8
17:21:35.188 (188850099)|CONSTRUCTOR_ENTRY|[19]|01p58000000n6rI|<init>()
17:21:35.188 (188875610)|VARIABLE_SCOPE_BEGIN|[1]|this|SObjectUtility|true|false
17:21:35.188 (188902078)|VARIABLE_ASSIGNMENT|[1]|this|{}|0x6e4a2f28
17:21:35.188 (188911595)|HEAP_ALLOCATE|[3]|Bytes:5
17:21:35.188 (188920111)|VARIABLE_SCOPE_BEGIN|[2]|this|System.ApexBaseClass|true|false
17:21:35.188 (188936114)|VARIABLE_ASSIGNMENT|[2]|this|{}|0x6e4a2f28
17:21:35.188 (188947806)|STATEMENT_EXECUTE|[1]
17:21:35.188 (188953325)|HEAP_ALLOCATE|[3]|Bytes:5
17:21:35.188 (188956692)|STATEMENT_EXECUTE|[3]
17:21:35.188 (188962040)|HEAP_ALLOCATE|[3]|Bytes:4
17:21:35.189 (189014911)|VARIABLE_ASSIGNMENT|[3]|this.childrenMap|{"s":1,"v":{}}|0x6e4a2f28
17:21:35.189 (189027162)|CONSTRUCTOR_EXIT|[19]|01p58000000n6rI|<init>()
17:21:35.189 (189032349)|VARIABLE_SCOPE_BEGIN|[19]|su|SObjectUtility|true|false
17:21:35.189 (189052955)|VARIABLE_ASSIGNMENT|[19]|su|{"childrenMap":"0x3d946312"}|0x6e4a2f28
17:21:35.189 (189058575)|STATEMENT_EXECUTE|[20]
17:21:35.189 (189064282)|HEAP_ALLOCATE|[20]|Bytes:4
17:21:35.189 (189117212)|METHOD_ENTRY|[20]|01p58000000n6rI|SObjectUtility.createSObjects(List<SObjectData>)
17:21:35.189 (189127688)|VARIABLE_SCOPE_BEGIN|[5]|this|SObjectUtility|true|false
17:21:35.189 (189149220)|VARIABLE_ASSIGNMENT|[5]|this|{"childrenMap":"0x3d946312"}|0x6e4a2f28
17:21:35.189 (189155602)|VARIABLE_SCOPE_BEGIN|[5]|dataList|List<SObjectData>|true|false
17:21:35.189 (189166053)|HEAP_ALLOCATE|[EXTERNAL]|Bytes:8
17:21:35.189 (189195661)|VARIABLE_ASSIGNMENT|[5]|dataList|{"s":1,"v":[{"children":"0x1561e7e5","fieldMap":"0x71b8d42b","sObjectType":"Risk__Scoring_Scheme (3 more) ..."}]}|0x64e7fef3
17:21:35.189 (189207510)|HEAP_ALLOCATE|[6]|Bytes:5
17:21:35.189 (189212466)|STATEMENT_EXECUTE|[5]
17:21:35.189 (189215011)|STATEMENT_EXECUTE|[6]
17:21:35.189 (189238350)|METHOD_ENTRY|[6]|01p58000000n6rI|SObjectUtility.createRoot(List<SObjectData>)
17:21:35.189 (189291286)|VARIABLE_SCOPE_BEGIN|[58]|this|SObjectUtility|true|false
17:21:35.189 (189313995)|VARIABLE_ASSIGNMENT|[58]|this|{"childrenMap":"0x3d946312"}|0x6e4a2f28
17:21:35.189 (189320148)|VARIABLE_SCOPE_BEGIN|[58]|dataList|List<SObjectData>|true|false
17:21:35.189 (189343799)|VARIABLE_ASSIGNMENT|[58]|dataList|{"s":1,"v":[{"children":"0x1561e7e5","fieldMap":"0x71b8d42b","sObjectType":"Risk__Scoring_Scheme (3 more) ..."}]}|0x64e7fef3
17:21:35.189 (189354642)|HEAP_ALLOCATE|[59]|Bytes:5
17:21:35.189 (189359661)|STATEMENT_EXECUTE|[58]
17:21:35.189 (189362268)|STATEMENT_EXECUTE|[59]
17:21:35.189 (189367212)|HEAP_ALLOCATE|[59]|Bytes:4
17:21:35.189 (189378791)|VARIABLE_SCOPE_BEGIN|[59]|rootObjects|Map<String,SObject>|true|false
17:21:35.189 (189394038)|VARIABLE_ASSIGNMENT|[59]|rootObjects|{"s":1,"v":{}}|0x7f76a2a3
17:21:35.189 (189671678)|HEAP_ALLOCATE|[60]|Bytes:5
17:21:35.189 (189693099)|HEAP_ALLOCATE|[60]|Bytes:24
17:21:35.189 (189704573)|VARIABLE_SCOPE_BEGIN|[60]|obj|SObjectData|true|false
17:21:35.189 (189734631)|VARIABLE_ASSIGNMENT|[60]|obj|{"children":"0x1561e7e5","fieldMap":"0x71b8d42b","sObjectType":"Risk__Scoring_Scheme (3 more) ..."}|0x15a46cf9
17:21:35.189 (189742276)|STATEMENT_EXECUTE|[60]
17:21:35.189 (189744847)|STATEMENT_EXECUTE|[61]
17:21:35.189 (189764623)|METHOD_ENTRY|[61]|01p58000000n6rI|SObjectUtility.generateRandomString(Integer)
17:21:35.189 (189784192)|HEAP_ALLOCATE|[97]|Bytes:4
17:21:35.189 (189790382)|VARIABLE_SCOPE_BEGIN|[96]|len|Integer|false|false
17:21:35.189 (189799276)|VARIABLE_ASSIGNMENT|[96]|len|18
17:21:35.189 (189807570)|HEAP_ALLOCATE|[97]|Bytes:5
17:21:35.189 (189811780)|STATEMENT_EXECUTE|[96]
17:21:35.189 (189814248)|STATEMENT_EXECUTE|[97]
17:21:35.189 (189817636)|HEAP_ALLOCATE|[97]|Bytes:62
17:21:35.189 (189825178)|VARIABLE_SCOPE_BEGIN|[97]|chars|String|false|false
17:21:35.189 (189834712)|VARIABLE_ASSIGNMENT|[97]|chars|"ABCDEFGHIJKLMNOPQRST (42 more) ..."
17:21:35.189 (189838747)|STATEMENT_EXECUTE|[98]
17:21:35.189 (189843141)|VARIABLE_SCOPE_BEGIN|[98]|randStr|String|false|false
17:21:35.189 (189849579)|VARIABLE_ASSIGNMENT|[98]|randStr|""
17:21:35.189 (189897358)|STATEMENT_EXECUTE|[99]
17:21:35.189 (189901184)|STATEMENT_EXECUTE|[100]
17:21:35.190 (190084184)|VARIABLE_SCOPE_BEGIN|[2]|Math.E|Double|false|true
17:21:35.190 (190091793)|VARIABLE_SCOPE_BEGIN|[3]|Math.PI|Double|false|true
17:21:35.190 (190341065)|VARIABLE_SCOPE_BEGIN|[100]|idx|Integer|false|false
17:21:35.190 (190346861)|HEAP_ALLOCATE|[100]|Bytes:4
17:21:35.190 (190356831)|VARIABLE_ASSIGNMENT|[100]|idx|53
17:21:35.190 (190360701)|STATEMENT_EXECUTE|[101]
17:21:35.190 (190397401)|HEAP_ALLOCATE|[101]|Bytes:1
17:21:35.190 (190420962)|HEAP_ALLOCATE|[101]|Bytes:1
17:21:35.190 (190437685)|VARIABLE_ASSIGNMENT|[101]|randStr|"r"
17:21:35.190 (190464938)|STATEMENT_EXECUTE|[99]
17:21:35.190 (190468325)|STATEMENT_EXECUTE|[100]
17:21:35.190 (190569345)|VARIABLE_SCOPE_BEGIN|[100]|idx|Integer|false|false
17:21:35.190 (190574606)|HEAP_ALLOCATE|[100]|Bytes:4
17:21:35.190 (190585812)|VARIABLE_ASSIGNMENT|[100]|idx|37
17:21:35.190 (190590619)|STATEMENT_EXECUTE|[101]
17:21:35.190 (190611820)|HEAP_ALLOCATE|[101]|Bytes:1
17:21:35.190 (190627404)|HEAP_ALLOCATE|[101]|Bytes:2
17:21:35.190 (190637059)|VARIABLE_ASSIGNMENT|[101]|randStr|"rb"
17:21:35.190 (190657457)|STATEMENT_EXECUTE|[99]
17:21:35.190 (190660463)|STATEMENT_EXECUTE|[100]
17:21:35.190 (190756121)|VARIABLE_SCOPE_BEGIN|[100]|idx|Integer|false|false
17:21:35.190 (190760859)|HEAP_ALLOCATE|[100]|Bytes:4
17:21:35.190 (190769330)|VARIABLE_ASSIGNMENT|[100]|idx|14
17:21:35.190 (190772916)|STATEMENT_EXECUTE|[101]
17:21:35.190 (190796720)|HEAP_ALLOCATE|[101]|Bytes:1
17:21:35.190 (190812299)|HEAP_ALLOCATE|[101]|Bytes:3
17:21:35.190 (190821957)|VARIABLE_ASSIGNMENT|[101]|randStr|"rbO"
17:21:35.190 (190842287)|STATEMENT_EXECUTE|[99]
17:21:35.190 (190845316)|STATEMENT_EXECUTE|[100]
17:21:35.190 (190940382)|VARIABLE_SCOPE_BEGIN|[100]|idx|Integer|false|false
17:21:35.190 (190945068)|HEAP_ALLOCATE|[100]|Bytes:4
17:21:35.190 (190953642)|VARIABLE_ASSIGNMENT|[100]|idx|52
17:21:35.190 (190957157)|STATEMENT_EXECUTE|[101]
17:21:35.190 (190976354)|HEAP_ALLOCATE|[101]|Bytes:1
17:21:35.190 (190991667)|HEAP_ALLOCATE|[101]|Bytes:4
17:21:35.191 (191001106)|VARIABLE_ASSIGNMENT|[101]|randStr|"rbOq"
17:21:35.191 (191022408)|STATEMENT_EXECUTE|[99]
17:21:35.191 (191025349)|STATEMENT_EXECUTE|[100]
17:21:35.191 (191134522)|VARIABLE_SCOPE_BEGIN|[100]|idx|Integer|false|false
17:21:35.191 (191139353)|HEAP_ALLOCATE|[100]|Bytes:4
17:21:35.191 (191147862)|VARIABLE_ASSIGNMENT|[100]|idx|24
17:21:35.191 (191151349)|STATEMENT_EXECUTE|[101]
17:21:35.191 (191170789)|HEAP_ALLOCATE|[101]|Bytes:1
17:21:35.191 (191186078)|HEAP_ALLOCATE|[101]|Bytes:5
17:21:35.191 (191195596)|VARIABLE_ASSIGNMENT|[101]|randStr|"rbOqY"
17:21:35.191 (191215742)|STATEMENT_EXECUTE|[99]
17:21:35.191 (191218665)|STATEMENT_EXECUTE|[100]
17:21:35.191 (191314098)|VARIABLE_SCOPE_BEGIN|[100]|idx|Integer|false|false
17:21:35.191 (191318729)|HEAP_ALLOCATE|[100]|Bytes:4
17:21:35.191 (191327511)|VARIABLE_ASSIGNMENT|[100]|idx|49
17:21:35.191 (191330964)|STATEMENT_EXECUTE|[101]
17:21:35.191 (191350000)|HEAP_ALLOCATE|[101]|Bytes:1
17:21:35.191 (191364789)|HEAP_ALLOCATE|[101]|Bytes:6
17:21:35.191 (191374243)|VARIABLE_ASSIGNMENT|[101]|randStr|"rbOqYn"
17:21:35.191 (191394330)|STATEMENT_EXECUTE|[99]
17:21:35.191 (191397352)|STATEMENT_EXECUTE|[100]
17:21:35.191 (191495913)|VARIABLE_SCOPE_BEGIN|[100]|idx|Integer|false|false
17:21:35.191 (191500601)|HEAP_ALLOCATE|[100]|Bytes:4
17:21:35.191 (191508849)|VARIABLE_ASSIGNMENT|[100]|idx|61
17:21:35.191 (191512277)|STATEMENT_EXECUTE|[101]
17:21:35.191 (191531419)|HEAP_ALLOCATE|[101]|Bytes:1
17:21:35.191 (191546590)|HEAP_ALLOCATE|[101]|Bytes:7
17:21:35.191 (191556064)|VARIABLE_ASSIGNMENT|[101]|randStr|"rbOqYnz"
17:21:35.191 (191576048)|STATEMENT_EXECUTE|[99]
17:21:35.191 (191580056)|STATEMENT_EXECUTE|[100]
17:21:35.191 (191676831)|VARIABLE_SCOPE_BEGIN|[100]|idx|Integer|false|false
17:21:35.191 (191681543)|HEAP_ALLOCATE|[100]|Bytes:4
17:21:35.191 (191690080)|VARIABLE_ASSIGNMENT|[100]|idx|38
17:21:35.191 (191693625)|STATEMENT_EXECUTE|[101]
17:21:35.191 (191712859)|HEAP_ALLOCATE|[101]|Bytes:1
17:21:35.191 (191727955)|HEAP_ALLOCATE|[101]|Bytes:8
17:21:35.191 (191737593)|VARIABLE_ASSIGNMENT|[101]|randStr|"rbOqYnzc"
17:21:35.191 (191757806)|STATEMENT_EXECUTE|[99]
17:21:35.191 (191760749)|STATEMENT_EXECUTE|[100]
17:21:35.191 (191853612)|VARIABLE_SCOPE_BEGIN|[100]|idx|Integer|false|false
17:21:35.191 (191858210)|HEAP_ALLOCATE|[100]|Bytes:4
17:21:35.191 (191866362)|VARIABLE_ASSIGNMENT|[100]|idx|16
17:21:35.191 (191869831)|STATEMENT_EXECUTE|[101]
17:21:35.191 (191888883)|HEAP_ALLOCATE|[101]|Bytes:1
17:21:35.191 (191903806)|HEAP_ALLOCATE|[101]|Bytes:9
17:21:35.191 (191913065)|VARIABLE_ASSIGNMENT|[101]|randStr|"rbOqYnzcQ"
17:21:35.191 (191933112)|STATEMENT_EXECUTE|[99]
17:21:35.191 (191936064)|STATEMENT_EXECUTE|[100]
17:21:35.192 (192028916)|VARIABLE_SCOPE_BEGIN|[100]|idx|Integer|false|false
17:21:35.192 (192034339)|HEAP_ALLOCATE|[100]|Bytes:4
17:21:35.192 (192042972)|VARIABLE_ASSIGNMENT|[100]|idx|61
17:21:35.192 (192046544)|STATEMENT_EXECUTE|[101]
17:21:35.192 (192065805)|HEAP_ALLOCATE|[101]|Bytes:1
17:21:35.192 (192081152)|HEAP_ALLOCATE|[101]|Bytes:10
17:21:35.192 (192090794)|VARIABLE_ASSIGNMENT|[101]|randStr|"rbOqYnzcQz"
17:21:35.192 (192111001)|STATEMENT_EXECUTE|[99]
17:21:35.192 (192113988)|STATEMENT_EXECUTE|[100]
17:21:35.192 (192208828)|VARIABLE_SCOPE_BEGIN|[100]|idx|Integer|false|false
17:21:35.192 (192213559)|HEAP_ALLOCATE|[100]|Bytes:4
17:21:35.192 (192221947)|VARIABLE_ASSIGNMENT|[100]|idx|9
17:21:35.192 (192225502)|STATEMENT_EXECUTE|[101]
17:21:35.192 (192244724)|HEAP_ALLOCATE|[101]|Bytes:1
17:21:35.192 (192259759)|HEAP_ALLOCATE|[101]|Bytes:11
17:21:35.192 (192269373)|VARIABLE_ASSIGNMENT|[101]|randStr|"rbOqYnzcQzJ"
17:21:35.192 (192289616)|STATEMENT_EXECUTE|[99]
17:21:35.192 (192292559)|STATEMENT_EXECUTE|[100]
17:21:35.192 (192390191)|VARIABLE_SCOPE_BEGIN|[100]|idx|Integer|false|false
17:21:35.192 (192394953)|HEAP_ALLOCATE|[100]|Bytes:4
17:21:35.192 (192403653)|VARIABLE_ASSIGNMENT|[100]|idx|1
17:21:35.192 (192407231)|STATEMENT_EXECUTE|[101]
17:21:35.192 (192429805)|HEAP_ALLOCATE|[101]|Bytes:1
17:21:35.192 (192446018)|HEAP_ALLOCATE|[101]|Bytes:12
17:21:35.192 (192456033)|VARIABLE_ASSIGNMENT|[101]|randStr|"rbOqYnzcQzJB"
17:21:35.192 (192476402)|STATEMENT_EXECUTE|[99]
17:21:35.192 (192479378)|STATEMENT_EXECUTE|[100]
17:21:35.192 (192590366)|VARIABLE_SCOPE_BEGIN|[100]|idx|Integer|false|false
17:21:35.192 (192595504)|HEAP_ALLOCATE|[100]|Bytes:4
17:21:35.192 (192604150)|VARIABLE_ASSIGNMENT|[100]|idx|14
17:21:35.192 (192607673)|STATEMENT_EXECUTE|[101]
17:21:35.192 (192627471)|HEAP_ALLOCATE|[101]|Bytes:1
17:21:35.192 (192642610)|HEAP_ALLOCATE|[101]|Bytes:13
17:21:35.192 (192652371)|VARIABLE_ASSIGNMENT|[101]|randStr|"rbOqYnzcQzJBO"
17:21:35.192 (192672742)|STATEMENT_EXECUTE|[99]
17:21:35.192 (192675719)|STATEMENT_EXECUTE|[100]
17:21:35.192 (192768787)|VARIABLE_SCOPE_BEGIN|[100]|idx|Integer|false|false
17:21:35.192 (192773489)|HEAP_ALLOCATE|[100]|Bytes:4
17:21:35.192 (192781947)|VARIABLE_ASSIGNMENT|[100]|idx|16
17:21:35.192 (192785401)|STATEMENT_EXECUTE|[101]
17:21:35.192 (192804448)|HEAP_ALLOCATE|[101]|Bytes:1
17:21:35.192 (192819578)|HEAP_ALLOCATE|[101]|Bytes:14
17:21:35.192 (192829229)|VARIABLE_ASSIGNMENT|[101]|randStr|"rbOqYnzcQzJBOQ"
17:21:35.192 (192849192)|STATEMENT_EXECUTE|[99]
17:21:35.192 (192852102)|STATEMENT_EXECUTE|[100]
17:21:35.192 (192944961)|VARIABLE_SCOPE_BEGIN|[100]|idx|Integer|false|false
17:21:35.192 (192949540)|HEAP_ALLOCATE|[100]|Bytes:4
17:21:35.192 (192957721)|VARIABLE_ASSIGNMENT|[100]|idx|30
17:21:35.192 (192961178)|STATEMENT_EXECUTE|[101]
17:21:35.192 (192980720)|HEAP_ALLOCATE|[101]|Bytes:1
17:21:35.192 (192996121)|HEAP_ALLOCATE|[101]|Bytes:15
17:21:35.193 (193005876)|VARIABLE_ASSIGNMENT|[101]|randStr|"rbOqYnzcQzJBOQ4"
17:21:35.193 (193026981)|STATEMENT_EXECUTE|[99]
17:21:35.193 (193029926)|STATEMENT_EXECUTE|[100]
17:21:35.193 (193124336)|VARIABLE_SCOPE_BEGIN|[100]|idx|Integer|false|false
17:21:35.193 (193128972)|HEAP_ALLOCATE|[100]|Bytes:4
17:21:35.193 (193137641)|VARIABLE_ASSIGNMENT|[100]|idx|46
17:21:35.193 (193141093)|STATEMENT_EXECUTE|[101]
17:21:35.193 (193160316)|HEAP_ALLOCATE|[101]|Bytes:1
17:21:35.193 (193175433)|HEAP_ALLOCATE|[101]|Bytes:16
17:21:35.193 (193185206)|VARIABLE_ASSIGNMENT|[101]|randStr|"rbOqYnzcQzJBOQ4k"
17:21:35.193 (193205428)|STATEMENT_EXECUTE|[99]
17:21:35.193 (193208372)|STATEMENT_EXECUTE|[100]
17:21:35.193 (193301238)|VARIABLE_SCOPE_BEGIN|[100]|idx|Integer|false|false
17:21:35.193 (193305912)|HEAP_ALLOCATE|[100]|Bytes:4
17:21:35.193 (193314312)|VARIABLE_ASSIGNMENT|[100]|idx|61
17:21:35.193 (193317688)|STATEMENT_EXECUTE|[101]
17:21:35.193 (193336845)|HEAP_ALLOCATE|[101]|Bytes:1
17:21:35.193 (193351690)|HEAP_ALLOCATE|[101]|Bytes:17
17:21:35.193 (193361502)|VARIABLE_ASSIGNMENT|[101]|randStr|"rbOqYnzcQzJBOQ4kz"
17:21:35.193 (193381484)|STATEMENT_EXECUTE|[99]
17:21:35.193 (193384448)|STATEMENT_EXECUTE|[100]
17:21:35.193 (193482905)|VARIABLE_SCOPE_BEGIN|[100]|idx|Integer|false|false
17:21:35.193 (193487725)|HEAP_ALLOCATE|[100]|Bytes:4
17:21:35.193 (193496404)|VARIABLE_ASSIGNMENT|[100]|idx|53
17:21:35.193 (193499873)|STATEMENT_EXECUTE|[101]
17:21:35.193 (193519167)|HEAP_ALLOCATE|[101]|Bytes:1
17:21:35.193 (193534479)|HEAP_ALLOCATE|[101]|Bytes:18
17:21:35.193 (193544371)|VARIABLE_ASSIGNMENT|[101]|randStr|"rbOqYnzcQzJBOQ4kzr"
17:21:35.193 (193565843)|STATEMENT_EXECUTE|[103]
17:21:35.193 (193574194)|METHOD_EXIT|[61]|01p58000000n6rI|SObjectUtility.generateRandomString(Integer)
17:21:35.193 (193580890)|VARIABLE_SCOPE_BEGIN|[61]|rId|String|false|false
17:21:35.193 (193591656)|VARIABLE_ASSIGNMENT|[61]|rId|"rbOqYnzcQzJBOQ4kzr"
17:21:35.193 (193595494)|STATEMENT_EXECUTE|[62]
17:21:35.193 (193609666)|METHOD_ENTRY|[62]|01p58000000n6rI|SObjectUtility.createSObject(SObjectData)
17:21:35.193 (193630998)|VARIABLE_SCOPE_BEGIN|[11]|this|SObjectUtility|true|false
17:21:35.193 (193654355)|VARIABLE_ASSIGNMENT|[11]|this|{"childrenMap":"0x3d946312"}|0x6e4a2f28
17:21:35.193 (193660181)|VARIABLE_SCOPE_BEGIN|[11]|obj|SObjectData|true|false
17:21:35.193 (193680911)|VARIABLE_ASSIGNMENT|[11]|obj|{"children":"0x1561e7e5","fieldMap":"0x71b8d42b","sObjectType":"Risk__Scoring_Scheme (3 more) ..."}|0x15a46cf9
17:21:35.193 (193691713)|HEAP_ALLOCATE|[12]|Bytes:5
17:21:35.193 (193697045)|STATEMENT_EXECUTE|[11]
17:21:35.377 (377597935)|HEAP_ALLOCATE|[12]|Bytes:1796
17:21:35.377 (377661846)|METHOD_ENTRY|[12]|01p58000000n6Fr|SObjectData.getSObjectType()
17:21:35.377 (377679792)|VARIABLE_SCOPE_BEGIN|[80]|this|SObjectData|true|false
17:21:35.377 (377748086)|VARIABLE_ASSIGNMENT|[80]|this|{"children":"0x1561e7e5","fieldMap":"0x71b8d42b","sObjectType":"Risk__Scoring_Scheme (3 more) ..."}|0x15a46cf9
17:21:35.377 (377764560)|HEAP_ALLOCATE|[81]|Bytes:5
17:21:35.377 (377773167)|STATEMENT_EXECUTE|[80]
17:21:35.377 (377776788)|STATEMENT_EXECUTE|[81]
17:21:35.377 (377790728)|METHOD_EXIT|[12]|01p58000000n6Fr|SObjectData.getSObjectType()
17:21:35.377 (377844835)|STATEMENT_EXECUTE|[12]
17:21:35.377 (377848659)|STATEMENT_EXECUTE|[15]
17:21:35.381 (381248434)|HEAP_ALLOCATE|[15]|Bytes:1796
17:21:35.381 (381272248)|METHOD_ENTRY|[15]|01p58000000n6Fr|SObjectData.getSObjectType()
17:21:35.381 (381279149)|VARIABLE_SCOPE_BEGIN|[80]|this|SObjectData|true|false
17:21:35.381 (381309710)|VARIABLE_ASSIGNMENT|[80]|this|{"children":"0x1561e7e5","fieldMap":"0x71b8d42b","sObjectType":"Risk__Scoring_Scheme (3 more) ..."}|0x15a46cf9
17:21:35.381 (381321206)|HEAP_ALLOCATE|[81]|Bytes:5
17:21:35.381 (381326268)|STATEMENT_EXECUTE|[80]
17:21:35.381 (381329922)|STATEMENT_EXECUTE|[81]
17:21:35.381 (381338734)|METHOD_EXIT|[15]|01p58000000n6Fr|SObjectData.getSObjectType()
17:21:35.381 (381555729)|HEAP_ALLOCATE|[15]|Bytes:4
17:21:35.381 (381573469)|VARIABLE_SCOPE_BEGIN|[15]|sObj|SObject|true|false
17:21:35.381 (381595713)|VARIABLE_ASSIGNMENT|[15]|sObj|{}|0x75ec92b3
17:21:35.381 (381608725)|HEAP_ALLOCATE|[16]|Bytes:4
17:21:35.381 (381650876)|METHOD_ENTRY|[16]|01p58000000n6Fr|SObjectData.getFieldMap()
17:21:35.381 (381659626)|VARIABLE_SCOPE_BEGIN|[76]|this|SObjectData|true|false
17:21:35.381 (381688797)|VARIABLE_ASSIGNMENT|[76]|this|{"children":"0x1561e7e5","fieldMap":"0x71b8d42b","sObjectType":"Risk__Scoring_Scheme (3 more) ..."}|0x15a46cf9
17:21:35.381 (381700467)|HEAP_ALLOCATE|[77]|Bytes:5
17:21:35.381 (381705619)|STATEMENT_EXECUTE|[76]
17:21:35.381 (381708216)|STATEMENT_EXECUTE|[77]
17:21:35.381 (381717870)|METHOD_EXIT|[16]|01p58000000n6Fr|SObjectData.getFieldMap()
17:21:35.381 (381758939)|HEAP_ALLOCATE|[16]|Bytes:28
17:21:35.381 (381792249)|HEAP_ALLOCATE|[16]|Bytes:8
17:21:35.381 (381843289)|HEAP_ALLOCATE|[16]|Bytes:5
17:21:35.381 (381867129)|VARIABLE_SCOPE_BEGIN|[16]|field|String|false|false
17:21:35.381 (381878853)|VARIABLE_ASSIGNMENT|[16]|field|"Name"
17:21:35.381 (381883767)|STATEMENT_EXECUTE|[16]
17:21:35.381 (381886645)|STATEMENT_EXECUTE|[17]
17:21:35.381 (381895982)|METHOD_ENTRY|[17]|01p58000000n6Fr|SObjectData.getFieldMap()
17:21:35.381 (381917658)|VARIABLE_SCOPE_BEGIN|[76]|this|SObjectData|true|false
17:21:35.381 (381944581)|VARIABLE_ASSIGNMENT|[76]|this|{"children":"0x1561e7e5","fieldMap":"0x71b8d42b","sObjectType":"Risk__Scoring_Scheme (3 more) ..."}|0x15a46cf9
17:21:35.381 (381955255)|HEAP_ALLOCATE|[77]|Bytes:5
17:21:35.381 (381959930)|STATEMENT_EXECUTE|[76]
17:21:35.381 (381962334)|STATEMENT_EXECUTE|[77]
17:21:35.381 (381970526)|METHOD_EXIT|[17]|01p58000000n6Fr|SObjectData.getFieldMap()
17:21:35.382 (382002806)|VARIABLE_SCOPE_BEGIN|[17]|value|String|false|false
17:21:35.382 (382014982)|VARIABLE_ASSIGNMENT|[17]|value|"Scoring Scheme 5x5"
17:21:35.382 (382019194)|STATEMENT_EXECUTE|[18]
17:21:35.390 (390117772)|HEAP_ALLOCATE|[16]|Bytes:5
17:21:35.390 (390138649)|VARIABLE_SCOPE_BEGIN|[16]|field|String|false|false
17:21:35.390 (390152080)|VARIABLE_ASSIGNMENT|[16]|field|"RecordTypeId"
17:21:35.390 (390157078)|STATEMENT_EXECUTE|[16]
17:21:35.390 (390160079)|STATEMENT_EXECUTE|[17]
17:21:35.390 (390168042)|METHOD_ENTRY|[17]|01p58000000n6Fr|SObjectData.getFieldMap()
17:21:35.390 (390174000)|VARIABLE_SCOPE_BEGIN|[76]|this|SObjectData|true|false
17:21:35.390 (390203181)|VARIABLE_ASSIGNMENT|[76]|this|{"children":"0x1561e7e5","fieldMap":"0x71b8d42b","sObjectType":"Risk__Scoring_Scheme (3 more) ..."}|0x15a46cf9
17:21:35.390 (390214478)|HEAP_ALLOCATE|[77]|Bytes:5
17:21:35.390 (390219616)|STATEMENT_EXECUTE|[76]
17:21:35.390 (390222183)|STATEMENT_EXECUTE|[77]
17:21:35.390 (390230953)|METHOD_EXIT|[17]|01p58000000n6Fr|SObjectData.getFieldMap()
17:21:35.390 (390263268)|VARIABLE_SCOPE_BEGIN|[17]|value|String|false|false
17:21:35.390 (390274384)|VARIABLE_ASSIGNMENT|[17]|value|"012580000000H5p"
17:21:35.390 (390278548)|STATEMENT_EXECUTE|[18]
17:21:35.390 (390416180)|HEAP_ALLOCATE|[16]|Bytes:5
17:21:35.390 (390439544)|VARIABLE_ASSIGNMENT|[16]|field|null
17:21:35.390 (390444843)|STATEMENT_EXECUTE|[21]
17:21:35.390 (390455102)|METHOD_EXIT|[62]|01p58000000n6rI|SObjectUtility.createSObject(SObjectData)
17:21:35.390 (390499433)|HEAP_ALLOCATE|[EXTERNAL]|Bytes:-4
17:21:35.390 (390544594)|METHOD_ENTRY|[63]|01p58000000n6Fr|SObjectData.getChildren()
17:21:35.390 (390575477)|VARIABLE_SCOPE_BEGIN|[84]|this|SObjectData|true|false
17:21:35.390 (390611729)|VARIABLE_ASSIGNMENT|[84]|this|{"children":"0x1561e7e5","fieldMap":"0x71b8d42b","sObjectType":"Risk__Scoring_Scheme (3 more) ..."}|0x15a46cf9
17:21:35.390 (390623770)|HEAP_ALLOCATE|[85]|Bytes:5
17:21:35.390 (390629453)|STATEMENT_EXECUTE|[84]
17:21:35.390 (390634417)|STATEMENT_EXECUTE|[85]
17:21:35.390 (390636835)|STATEMENT_EXECUTE|[88]
17:21:35.390 (390645447)|METHOD_EXIT|[63]|01p58000000n6Fr|SObjectData.getChildren()
17:21:35.390 (390665538)|STATEMENT_EXECUTE|[63]
17:21:35.390 (390668268)|STATEMENT_EXECUTE|[64]
17:21:35.390 (390676065)|METHOD_ENTRY|[64]|01p58000000n6Fr|SObjectData.getChildren()
17:21:35.390 (390688904)|VARIABLE_SCOPE_BEGIN|[84]|this|SObjectData|true|false
17:21:35.390 (390715252)|VARIABLE_ASSIGNMENT|[84]|this|{"children":"0x1561e7e5","fieldMap":"0x71b8d42b","sObjectType":"Risk__Scoring_Scheme (3 more) ..."}|0x15a46cf9
17:21:35.390 (390725551)|HEAP_ALLOCATE|[85]|Bytes:5
17:21:35.390 (390730357)|STATEMENT_EXECUTE|[84]
17:21:35.390 (390733613)|STATEMENT_EXECUTE|[85]
17:21:35.390 (390735710)|STATEMENT_EXECUTE|[88]
17:21:35.390 (390742993)|METHOD_EXIT|[64]|01p58000000n6Fr|SObjectData.getChildren()
17:21:35.390 (390760411)|METHOD_ENTRY|[64]|01p58000000n6rI|SObjectUtility.createChildren(String, Map<String,List<SObjectData>>)
17:21:35.390 (390768521)|VARIABLE_SCOPE_BEGIN|[70]|this|SObjectUtility|true|false
17:21:35.390 (390789506)|VARIABLE_ASSIGNMENT|[70]|this|{"childrenMap":"0x3d946312"}|0x6e4a2f28
17:21:35.390 (390795805)|VARIABLE_SCOPE_BEGIN|[70]|parentId|String|false|false
17:21:35.390 (390802736)|VARIABLE_ASSIGNMENT|[70]|parentId|"rbOqYnzcQzJBOQ4kzr"
17:21:35.390 (390806992)|VARIABLE_SCOPE_BEGIN|[70]|childMap|Map<String,List<SObjectData>>|true|false
17:21:35.390 (390840257)|VARIABLE_ASSIGNMENT|[70]|childMap|{"s":1,"v":{"risk__scoring_scheme (3 more) ...":{"s":2,"v":[{"fieldMap":"0x685ee921","sObjectType":"Risk__Impact_Categor (4 more) ..."}]}}}|0x1561e7e5
17:21:35.390 (390851765)|HEAP_ALLOCATE|[72]|Bytes:5
17:21:35.390 (390856737)|STATEMENT_EXECUTE|[70]
17:21:35.390 (390862612)|HEAP_ALLOCATE|[72]|Bytes:4
17:21:35.390 (390909201)|HEAP_ALLOCATE|[72]|Bytes:31
17:21:35.390 (390937166)|HEAP_ALLOCATE|[72]|Bytes:4
17:21:35.390 (390973714)|HEAP_ALLOCATE|[72]|Bytes:5
17:21:35.390 (390992642)|VARIABLE_SCOPE_BEGIN|[72]|relationshipKey|String|false|false
17:21:35.391 (391005133)|VARIABLE_ASSIGNMENT|[72]|relationshipKey|"risk__scoring_scheme (3 more) ..."
17:21:35.391 (391010688)|STATEMENT_EXECUTE|[72]
17:21:35.391 (391013170)|STATEMENT_EXECUTE|[73]
17:21:35.391 (391018841)|HEAP_ALLOCATE|[73]|Bytes:4
17:21:35.391 (391026338)|VARIABLE_SCOPE_BEGIN|[73]|childObjects|Map<String,SObject>|true|false
17:21:35.391 (391042143)|VARIABLE_ASSIGNMENT|[73]|childObjects|{"s":1,"v":{}}|0x14567416
17:21:35.391 (391047206)|STATEMENT_EXECUTE|[74]
17:21:35.391 (391098087)|VARIABLE_SCOPE_BEGIN|[74]|childrenList|List<SObjectData>|true|false
17:21:35.391 (391130188)|VARIABLE_ASSIGNMENT|[74]|childrenList|{"s":1,"v":[{"fieldMap":"0x685ee921","sObjectType":"Risk__Impact_Categor (4 more) ..."}]}|0x17cad938
17:21:35.391 (391176352)|HEAP_ALLOCATE|[76]|Bytes:5
17:21:35.391 (391191638)|HEAP_ALLOCATE|[76]|Bytes:24
17:21:35.391 (391200970)|VARIABLE_SCOPE_BEGIN|[76]|obj|SObjectData|true|false
17:21:35.391 (391226606)|VARIABLE_ASSIGNMENT|[76]|obj|{"fieldMap":"0x685ee921","sObjectType":"Risk__Impact_Categor (4 more) ..."}|0x1da60388
17:21:35.391 (391233119)|STATEMENT_EXECUTE|[76]
17:21:35.391 (391235601)|STATEMENT_EXECUTE|[77]
17:21:35.391 (391245484)|METHOD_ENTRY|[77]|01p58000000n6Fr|SObjectData.getFieldMap()
17:21:35.391 (391258705)|VARIABLE_SCOPE_BEGIN|[76]|this|SObjectData|true|false
17:21:35.391 (391284731)|VARIABLE_ASSIGNMENT|[76]|this|{"fieldMap":"0x685ee921","sObjectType":"Risk__Impact_Categor (4 more) ..."}|0x1da60388
17:21:35.391 (391295717)|HEAP_ALLOCATE|[77]|Bytes:5
17:21:35.391 (391300423)|STATEMENT_EXECUTE|[76]
17:21:35.391 (391302795)|STATEMENT_EXECUTE|[77]
17:21:35.391 (391310849)|METHOD_EXIT|[77]|01p58000000n6Fr|SObjectData.getFieldMap()
17:21:35.391 (391344616)|HEAP_ALLOCATE|[77]|Bytes:8
17:21:35.391 (391358408)|HEAP_ALLOCATE|[77]|Bytes:15
17:21:35.391 (391384090)|USER_DEBUG|[77]|DEBUG|Time IC Created
17:21:35.391 (391398620)|STATEMENT_EXECUTE|[78]
17:21:35.391 (391408211)|METHOD_ENTRY|[78]|01p58000000n6rI|SObjectUtility.generateRandomString(Integer)
17:21:35.391 (391422815)|HEAP_ALLOCATE|[97]|Bytes:4
17:21:35.391 (391429286)|VARIABLE_SCOPE_BEGIN|[96]|len|Integer|false|false
17:21:35.391 (391438911)|VARIABLE_ASSIGNMENT|[96]|len|18
17:21:35.391 (391447361)|HEAP_ALLOCATE|[97]|Bytes:5
17:21:35.391 (391451727)|STATEMENT_EXECUTE|[96]
17:21:35.391 (391454095)|STATEMENT_EXECUTE|[97]
17:21:35.391 (391459115)|VARIABLE_SCOPE_BEGIN|[97]|chars|String|false|false
17:21:35.391 (391468650)|VARIABLE_ASSIGNMENT|[97]|chars|"ABCDEFGHIJKLMNOPQRST (42 more) ..."
17:21:35.391 (391472358)|STATEMENT_EXECUTE|[98]
17:21:35.391 (391475800)|VARIABLE_SCOPE_BEGIN|[98]|randStr|String|false|false
17:21:35.391 (391483341)|VARIABLE_ASSIGNMENT|[98]|randStr|""
17:21:35.391 (391511066)|STATEMENT_EXECUTE|[99]
17:21:35.391 (391514265)|STATEMENT_EXECUTE|[100]
17:21:35.391 (391647614)|VARIABLE_SCOPE_BEGIN|[100]|idx|Integer|false|false
17:21:35.391 (391653185)|HEAP_ALLOCATE|[100]|Bytes:4
17:21:35.391 (391662475)|VARIABLE_ASSIGNMENT|[100]|idx|19
17:21:35.391 (391666287)|STATEMENT_EXECUTE|[101]
17:21:35.391 (391689995)|HEAP_ALLOCATE|[101]|Bytes:1
17:21:35.391 (391705895)|HEAP_ALLOCATE|[101]|Bytes:1
17:21:35.391 (391716467)|VARIABLE_ASSIGNMENT|[101]|randStr|"T"
17:21:35.391 (391756388)|STATEMENT_EXECUTE|[99]
17:21:35.391 (391762634)|STATEMENT_EXECUTE|[100]
17:21:35.391 (391953472)|VARIABLE_SCOPE_BEGIN|[100]|idx|Integer|false|false
17:21:35.391 (391961870)|HEAP_ALLOCATE|[100]|Bytes:4
17:21:35.391 (391976555)|VARIABLE_ASSIGNMENT|[100]|idx|12
17:21:35.391 (391983293)|STATEMENT_EXECUTE|[101]
17:21:35.392 (392018329)|HEAP_ALLOCATE|[101]|Bytes:1
17:21:35.392 (392051703)|HEAP_ALLOCATE|[101]|Bytes:2
17:21:35.392 (392070260)|VARIABLE_ASSIGNMENT|[101]|randStr|"TM"
17:21:35.392 (392113014)|STATEMENT_EXECUTE|[99]
17:21:35.392 (392118206)|STATEMENT_EXECUTE|[100]
17:21:35.392 (392314817)|VARIABLE_SCOPE_BEGIN|[100]|idx|Integer|false|false
17:21:35.392 (392323146)|HEAP_ALLOCATE|[100]|Bytes:4
17:21:35.392 (392337839)|VARIABLE_ASSIGNMENT|[100]|idx|38
17:21:35.392 (392344678)|STATEMENT_EXECUTE|[101]
17:21:35.392 (392377899)|HEAP_ALLOCATE|[101]|Bytes:1
17:21:35.392 (392405511)|HEAP_ALLOCATE|[101]|Bytes:3
17:21:35.392 (392423868)|VARIABLE_ASSIGNMENT|[101]|randStr|"TMc"
17:21:35.392 (392459883)|STATEMENT_EXECUTE|[99]
17:21:35.392 (392466091)|STATEMENT_EXECUTE|[100]
17:21:35.392 (392663829)|VARIABLE_SCOPE_BEGIN|[100]|idx|Integer|false|false
17:21:35.392 (392672619)|HEAP_ALLOCATE|[100]|Bytes:4
17:21:35.392 (392686699)|VARIABLE_ASSIGNMENT|[100]|idx|8
17:21:35.392 (392693811)|STATEMENT_EXECUTE|[101]
17:21:35.392 (392721609)|HEAP_ALLOCATE|[101]|Bytes:1
17:21:35.392 (392738448)|HEAP_ALLOCATE|[101]|Bytes:4
17:21:35.392 (392749377)|VARIABLE_ASSIGNMENT|[101]|randStr|"TMcI"
17:21:35.392 (392770843)|STATEMENT_EXECUTE|[99]
17:21:35.392 (392773963)|STATEMENT_EXECUTE|[100]
17:21:35.392 (392873188)|VARIABLE_SCOPE_BEGIN|[100]|idx|Integer|false|false
17:21:35.392 (392878124)|HEAP_ALLOCATE|[100]|Bytes:4
17:21:35.392 (392886928)|VARIABLE_ASSIGNMENT|[100]|idx|45
17:21:35.392 (392890599)|STATEMENT_EXECUTE|[101]
17:21:35.392 (392910075)|HEAP_ALLOCATE|[101]|Bytes:1
17:21:35.392 (392925393)|HEAP_ALLOCATE|[101]|Bytes:5
17:21:35.392 (392934852)|VARIABLE_ASSIGNMENT|[101]|randStr|"TMcIj"
17:21:35.392 (392954786)|STATEMENT_EXECUTE|[99]
17:21:35.392 (392957811)|STATEMENT_EXECUTE|[100]
17:21:35.393 (393051881)|VARIABLE_SCOPE_BEGIN|[100]|idx|Integer|false|false
17:21:35.393 (393057506)|HEAP_ALLOCATE|[100]|Bytes:4
17:21:35.393 (393065829)|VARIABLE_ASSIGNMENT|[100]|idx|1
17:21:35.393 (393069377)|STATEMENT_EXECUTE|[101]
17:21:35.393 (393088660)|HEAP_ALLOCATE|[101]|Bytes:1
17:21:35.393 (393103907)|HEAP_ALLOCATE|[101]|Bytes:6
17:21:35.393 (393113257)|VARIABLE_ASSIGNMENT|[101]|randStr|"TMcIjB"
17:21:35.393 (393133681)|STATEMENT_EXECUTE|[99]
17:21:35.393 (393136665)|STATEMENT_EXECUTE|[100]
17:21:35.393 (393230305)|VARIABLE_SCOPE_BEGIN|[100]|idx|Integer|false|false
17:21:35.393 (393235162)|HEAP_ALLOCATE|[100]|Bytes:4
17:21:35.393 (393243531)|VARIABLE_ASSIGNMENT|[100]|idx|41
17:21:35.393 (393247143)|STATEMENT_EXECUTE|[101]
17:21:35.393 (393265855)|HEAP_ALLOCATE|[101]|Bytes:1
17:21:35.393 (393280829)|HEAP_ALLOCATE|[101]|Bytes:7
17:21:35.393 (393290212)|VARIABLE_ASSIGNMENT|[101]|randStr|"TMcIjBf"
17:21:35.393 (393310139)|STATEMENT_EXECUTE|[99]
17:21:35.393 (393313180)|STATEMENT_EXECUTE|[100]
17:21:35.393 (393443845)|VARIABLE_SCOPE_BEGIN|[100]|idx|Integer|false|false
17:21:35.393 (393449582)|HEAP_ALLOCATE|[100]|Bytes:4
17:21:35.393 (393459055)|VARIABLE_ASSIGNMENT|[100]|idx|2
17:21:35.393 (393462743)|STATEMENT_EXECUTE|[101]
17:21:35.393 (393505803)|HEAP_ALLOCATE|[101]|Bytes:1
17:21:35.393 (393523294)|HEAP_ALLOCATE|[101]|Bytes:8
17:21:35.393 (393533703)|VARIABLE_ASSIGNMENT|[101]|randStr|"TMcIjBfC"
17:21:35.393 (393558112)|STATEMENT_EXECUTE|[99]
17:21:35.393 (393561261)|STATEMENT_EXECUTE|[100]
17:21:35.393 (393664355)|VARIABLE_SCOPE_BEGIN|[100]|idx|Integer|false|false
17:21:35.393 (393669247)|HEAP_ALLOCATE|[100]|Bytes:4
17:21:35.393 (393677769)|VARIABLE_ASSIGNMENT|[100]|idx|41
17:21:35.393 (393681344)|STATEMENT_EXECUTE|[101]
17:21:35.393 (393700706)|HEAP_ALLOCATE|[101]|Bytes:1
17:21:35.393 (393716066)|HEAP_ALLOCATE|[101]|Bytes:9
17:21:35.393 (393725643)|VARIABLE_ASSIGNMENT|[101]|randStr|"TMcIjBfCf"
17:21:35.393 (393745614)|STATEMENT_EXECUTE|[99]
17:21:35.393 (393748570)|STATEMENT_EXECUTE|[100]
17:21:35.393 (393853436)|VARIABLE_SCOPE_BEGIN|[100]|idx|Integer|false|false
17:21:35.393 (393858185)|HEAP_ALLOCATE|[100]|Bytes:4
17:21:35.393 (393866509)|VARIABLE_ASSIGNMENT|[100]|idx|14
17:21:35.393 (393870108)|STATEMENT_EXECUTE|[101]
17:21:35.393 (393889156)|HEAP_ALLOCATE|[101]|Bytes:1
17:21:35.393 (393904597)|HEAP_ALLOCATE|[101]|Bytes:10
17:21:35.393 (393914235)|VARIABLE_ASSIGNMENT|[101]|randStr|"TMcIjBfCfO"
17:21:35.393 (393934552)|STATEMENT_EXECUTE|[99]
17:21:35.393 (393937584)|STATEMENT_EXECUTE|[100]
17:21:35.394 (394040336)|VARIABLE_SCOPE_BEGIN|[100]|idx|Integer|false|false
17:21:35.394 (394045995)|HEAP_ALLOCATE|[100]|Bytes:4
17:21:35.394 (394054649)|VARIABLE_ASSIGNMENT|[100]|idx|22
17:21:35.394 (394058092)|STATEMENT_EXECUTE|[101]
17:21:35.394 (394077219)|HEAP_ALLOCATE|[101]|Bytes:1
17:21:35.394 (394092561)|HEAP_ALLOCATE|[101]|Bytes:11
17:21:35.394 (394102347)|VARIABLE_ASSIGNMENT|[101]|randStr|"TMcIjBfCfOW"
17:21:35.394 (394122830)|STATEMENT_EXECUTE|[99]
17:21:35.394 (394125849)|STATEMENT_EXECUTE|[100]
17:21:35.394 (394219271)|VARIABLE_SCOPE_BEGIN|[100]|idx|Integer|false|false
17:21:35.394 (394223887)|HEAP_ALLOCATE|[100]|Bytes:4
17:21:35.394 (394232190)|VARIABLE_ASSIGNMENT|[100]|idx|12
17:21:35.394 (394235593)|STATEMENT_EXECUTE|[101]
17:21:35.394 (394254690)|HEAP_ALLOCATE|[101]|Bytes:1
17:21:35.394 (394269882)|HEAP_ALLOCATE|[101]|Bytes:12
17:21:35.394 (394279508)|VARIABLE_ASSIGNMENT|[101]|randStr|"TMcIjBfCfOWM"
17:21:35.394 (394300000)|STATEMENT_EXECUTE|[99]
17:21:35.394 (394302983)|STATEMENT_EXECUTE|[100]
17:21:35.394 (394396382)|VARIABLE_SCOPE_BEGIN|[100]|idx|Integer|false|false
17:21:35.394 (394401126)|HEAP_ALLOCATE|[100]|Bytes:4
17:21:35.394 (394409440)|VARIABLE_ASSIGNMENT|[100]|idx|41
17:21:35.394 (394413064)|STATEMENT_EXECUTE|[101]
17:21:35.394 (394435802)|HEAP_ALLOCATE|[101]|Bytes:1
17:21:35.394 (394452754)|HEAP_ALLOCATE|[101]|Bytes:13
17:21:35.394 (394462750)|VARIABLE_ASSIGNMENT|[101]|randStr|"TMcIjBfCfOWMf"
17:21:35.394 (394483428)|STATEMENT_EXECUTE|[99]
17:21:35.394 (394486362)|STATEMENT_EXECUTE|[100]
17:21:35.394 (394591677)|VARIABLE_SCOPE_BEGIN|[100]|idx|Integer|false|false
17:21:35.394 (394596694)|HEAP_ALLOCATE|[100]|Bytes:4
17:21:35.394 (394605462)|VARIABLE_ASSIGNMENT|[100]|idx|40
17:21:35.394 (394609077)|STATEMENT_EXECUTE|[101]
17:21:35.394 (394629536)|HEAP_ALLOCATE|[101]|Bytes:1
17:21:35.394 (394644573)|HEAP_ALLOCATE|[101]|Bytes:14
17:21:35.394 (394654240)|VARIABLE_ASSIGNMENT|[101]|randStr|"TMcIjBfCfOWMfe"
17:21:35.394 (394675849)|STATEMENT_EXECUTE|[99]
17:21:35.394 (394678892)|STATEMENT_EXECUTE|[100]
17:21:35.394 (394772343)|VARIABLE_SCOPE_BEGIN|[100]|idx|Integer|false|false
17:21:35.394 (394776987)|HEAP_ALLOCATE|[100]|Bytes:4
17:21:35.394 (394785233)|VARIABLE_ASSIGNMENT|[100]|idx|9
17:21:35.394 (394788918)|STATEMENT_EXECUTE|[101]
17:21:35.394 (394808103)|HEAP_ALLOCATE|[101]|Bytes:1
17:21:35.394 (394823517)|HEAP_ALLOCATE|[101]|Bytes:15
17:21:35.394 (394833309)|VARIABLE_ASSIGNMENT|[101]|randStr|"TMcIjBfCfOWMfeJ"
17:21:35.394 (394853569)|STATEMENT_EXECUTE|[99]
17:21:35.394 (394856572)|STATEMENT_EXECUTE|[100]
17:21:35.394 (394949819)|VARIABLE_SCOPE_BEGIN|[100]|idx|Integer|false|false
17:21:35.394 (394954365)|HEAP_ALLOCATE|[100]|Bytes:4
17:21:35.394 (394962489)|VARIABLE_ASSIGNMENT|[100]|idx|14
17:21:35.394 (394965965)|STATEMENT_EXECUTE|[101]
17:21:35.394 (394985085)|HEAP_ALLOCATE|[101]|Bytes:1
17:21:35.395 (395000205)|HEAP_ALLOCATE|[101]|Bytes:16
17:21:35.395 (395010749)|VARIABLE_ASSIGNMENT|[101]|randStr|"TMcIjBfCfOWMfeJO"
17:21:35.395 (395031847)|STATEMENT_EXECUTE|[99]
17:21:35.395 (395034833)|STATEMENT_EXECUTE|[100]
17:21:35.395 (395142703)|VARIABLE_SCOPE_BEGIN|[100]|idx|Integer|false|false
17:21:35.395 (395150507)|HEAP_ALLOCATE|[100]|Bytes:4
17:21:35.395 (395164965)|VARIABLE_ASSIGNMENT|[100]|idx|33
17:21:35.395 (395171900)|STATEMENT_EXECUTE|[101]
17:21:35.395 (395208609)|HEAP_ALLOCATE|[101]|Bytes:1
17:21:35.395 (395228010)|HEAP_ALLOCATE|[101]|Bytes:17
17:21:35.395 (395243168)|VARIABLE_ASSIGNMENT|[101]|randStr|"TMcIjBfCfOWMfeJO7"
17:21:35.395 (395267006)|STATEMENT_EXECUTE|[99]
17:21:35.395 (395270034)|STATEMENT_EXECUTE|[100]
17:21:35.395 (395365546)|VARIABLE_SCOPE_BEGIN|[100]|idx|Integer|false|false
17:21:35.395 (395370315)|HEAP_ALLOCATE|[100]|Bytes:4
17:21:35.395 (395378808)|VARIABLE_ASSIGNMENT|[100]|idx|35
17:21:35.395 (395382300)|STATEMENT_EXECUTE|[101]
17:21:35.395 (395402027)|HEAP_ALLOCATE|[101]|Bytes:1
17:21:35.395 (395417412)|HEAP_ALLOCATE|[101]|Bytes:18
17:21:35.395 (395429818)|VARIABLE_ASSIGNMENT|[101]|randStr|"TMcIjBfCfOWMfeJO79"
17:21:35.395 (395453508)|STATEMENT_EXECUTE|[103]
17:21:35.395 (395462273)|METHOD_EXIT|[78]|01p58000000n6rI|SObjectUtility.generateRandomString(Integer)
17:21:35.395 (395468089)|VARIABLE_SCOPE_BEGIN|[78]|rId|String|false|false
17:21:35.395 (395476933)|VARIABLE_ASSIGNMENT|[78]|rId|"TMcIjBfCfOWMfeJO79"
17:21:35.395 (395480534)|STATEMENT_EXECUTE|[79]
17:21:35.395 (395490240)|METHOD_ENTRY|[79]|01p58000000n6rI|SObjectUtility.createSObject(SObjectData)
17:21:35.395 (395504253)|VARIABLE_SCOPE_BEGIN|[11]|this|SObjectUtility|true|false
17:21:35.395 (395527510)|VARIABLE_ASSIGNMENT|[11]|this|{"childrenMap":"0x3d946312"}|0x6e4a2f28
17:21:35.395 (395532849)|VARIABLE_SCOPE_BEGIN|[11]|obj|SObjectData|true|false
17:21:35.395 (395552478)|VARIABLE_ASSIGNMENT|[11]|obj|{"fieldMap":"0x685ee921","sObjectType":"Risk__Impact_Categor (4 more) ..."}|0x1da60388
17:21:35.395 (395562683)|HEAP_ALLOCATE|[12]|Bytes:5
17:21:35.395 (395567447)|STATEMENT_EXECUTE|[11]
17:21:35.399 (399584741)|HEAP_ALLOCATE|[12]|Bytes:1796
17:21:35.399 (399608910)|METHOD_ENTRY|[12]|01p58000000n6Fr|SObjectData.getSObjectType()
17:21:35.399 (399616524)|VARIABLE_SCOPE_BEGIN|[80]|this|SObjectData|true|false
17:21:35.399 (399651665)|VARIABLE_ASSIGNMENT|[80]|this|{"fieldMap":"0x685ee921","sObjectType":"Risk__Impact_Categor (4 more) ..."}|0x1da60388
17:21:35.399 (399663613)|HEAP_ALLOCATE|[81]|Bytes:5
17:21:35.399 (399669014)|STATEMENT_EXECUTE|[80]
17:21:35.399 (399671703)|STATEMENT_EXECUTE|[81]
17:21:35.399 (399680487)|METHOD_EXIT|[12]|01p58000000n6Fr|SObjectData.getSObjectType()
17:21:35.399 (399728942)|STATEMENT_EXECUTE|[12]
17:21:35.399 (399732977)|STATEMENT_EXECUTE|[15]
17:21:35.402 (402862223)|HEAP_ALLOCATE|[15]|Bytes:1796
17:21:35.402 (402884276)|METHOD_ENTRY|[15]|01p58000000n6Fr|SObjectData.getSObjectType()
17:21:35.402 (402893611)|VARIABLE_SCOPE_BEGIN|[80]|this|SObjectData|true|false
17:21:35.402 (402923744)|VARIABLE_ASSIGNMENT|[80]|this|{"fieldMap":"0x685ee921","sObjectType":"Risk__Impact_Categor (4 more) ..."}|0x1da60388
17:21:35.402 (402934886)|HEAP_ALLOCATE|[81]|Bytes:5
17:21:35.402 (402939926)|STATEMENT_EXECUTE|[80]
17:21:35.402 (402942644)|STATEMENT_EXECUTE|[81]
17:21:35.402 (402951079)|METHOD_EXIT|[15]|01p58000000n6Fr|SObjectData.getSObjectType()
17:21:35.403 (403086169)|HEAP_ALLOCATE|[15]|Bytes:4
17:21:35.403 (403104140)|VARIABLE_SCOPE_BEGIN|[15]|sObj|SObject|true|false
17:21:35.403 (403124133)|VARIABLE_ASSIGNMENT|[15]|sObj|{}|0x38831155
17:21:35.403 (403131642)|HEAP_ALLOCATE|[16]|Bytes:4
17:21:35.403 (403151013)|METHOD_ENTRY|[16]|01p58000000n6Fr|SObjectData.getFieldMap()
17:21:35.403 (403156855)|VARIABLE_SCOPE_BEGIN|[76]|this|SObjectData|true|false
17:21:35.403 (403182932)|VARIABLE_ASSIGNMENT|[76]|this|{"fieldMap":"0x685ee921","sObjectType":"Risk__Impact_Categor (4 more) ..."}|0x1da60388
17:21:35.403 (403193311)|HEAP_ALLOCATE|[77]|Bytes:5
17:21:35.403 (403197968)|STATEMENT_EXECUTE|[76]
17:21:35.403 (403200434)|STATEMENT_EXECUTE|[77]
17:21:35.403 (403208538)|METHOD_EXIT|[16]|01p58000000n6Fr|SObjectData.getFieldMap()
17:21:35.403 (403241178)|HEAP_ALLOCATE|[16]|Bytes:37
17:21:35.403 (403268680)|HEAP_ALLOCATE|[16]|Bytes:8
17:21:35.403 (403304468)|HEAP_ALLOCATE|[16]|Bytes:5
17:21:35.403 (403320740)|VARIABLE_SCOPE_BEGIN|[16]|field|String|false|false
17:21:35.403 (403331837)|VARIABLE_ASSIGNMENT|[16]|field|"Name"
17:21:35.403 (403336184)|STATEMENT_EXECUTE|[16]
17:21:35.403 (403338566)|STATEMENT_EXECUTE|[17]
17:21:35.403 (403345566)|METHOD_ENTRY|[17]|01p58000000n6Fr|SObjectData.getFieldMap()
17:21:35.403 (403350678)|VARIABLE_SCOPE_BEGIN|[76]|this|SObjectData|true|false
17:21:35.403 (403373505)|VARIABLE_ASSIGNMENT|[76]|this|{"fieldMap":"0x685ee921","sObjectType":"Risk__Impact_Categor (4 more) ..."}|0x1da60388
17:21:35.403 (403383657)|HEAP_ALLOCATE|[77]|Bytes:5
17:21:35.403 (403388057)|STATEMENT_EXECUTE|[76]
17:21:35.403 (403390463)|STATEMENT_EXECUTE|[77]
17:21:35.403 (403398528)|METHOD_EXIT|[17]|01p58000000n6Fr|SObjectData.getFieldMap()
17:21:35.403 (403428122)|VARIABLE_SCOPE_BEGIN|[17]|value|String|false|false
17:21:35.403 (403438463)|VARIABLE_ASSIGNMENT|[17]|value|"Time IC"
17:21:35.403 (403442260)|STATEMENT_EXECUTE|[18]
17:21:35.412 (412022097)|HEAP_ALLOCATE|[16]|Bytes:5
17:21:35.412 (412047301)|VARIABLE_SCOPE_BEGIN|[16]|field|String|false|false
17:21:35.412 (412063179)|VARIABLE_ASSIGNMENT|[16]|field|"Risk__Type_Of_Risk__ (1 more) ..."
17:21:35.412 (412071198)|STATEMENT_EXECUTE|[16]
17:21:35.412 (412076642)|STATEMENT_EXECUTE|[17]
17:21:35.412 (412090173)|METHOD_ENTRY|[17]|01p58000000n6Fr|SObjectData.getFieldMap()
17:21:35.412 (412101190)|VARIABLE_SCOPE_BEGIN|[76]|this|SObjectData|true|false
17:21:35.412 (412134856)|VARIABLE_ASSIGNMENT|[76]|this|{"fieldMap":"0x685ee921","sObjectType":"Risk__Impact_Categor (4 more) ..."}|0x1da60388
17:21:35.412 (412146850)|HEAP_ALLOCATE|[77]|Bytes:5
17:21:35.412 (412151978)|STATEMENT_EXECUTE|[76]
17:21:35.412 (412154487)|STATEMENT_EXECUTE|[77]
17:21:35.412 (412163257)|METHOD_EXIT|[17]|01p58000000n6Fr|SObjectData.getFieldMap()
17:21:35.412 (412196232)|VARIABLE_SCOPE_BEGIN|[17]|value|String|false|false
17:21:35.412 (412207072)|VARIABLE_ASSIGNMENT|[17]|value|"Time"
17:21:35.412 (412211185)|STATEMENT_EXECUTE|[18]
17:21:35.412 (412320494)|HEAP_ALLOCATE|[16]|Bytes:5
17:21:35.412 (412339513)|VARIABLE_ASSIGNMENT|[16]|field|null
17:21:35.412 (412344469)|STATEMENT_EXECUTE|[21]
17:21:35.412 (412353949)|METHOD_EXIT|[79]|01p58000000n6rI|SObjectUtility.createSObject(SObjectData)
17:21:35.412 (412383437)|HEAP_ALLOCATE|[EXTERNAL]|Bytes:-4
17:21:35.412 (412406378)|METHOD_ENTRY|[80]|01p58000000n6Fr|SObjectData.getChildren()
17:21:35.412 (412424985)|VARIABLE_SCOPE_BEGIN|[84]|this|SObjectData|true|false
17:21:35.412 (412455723)|VARIABLE_ASSIGNMENT|[84]|this|{"fieldMap":"0x685ee921","sObjectType":"Risk__Impact_Categor (4 more) ..."}|0x1da60388
17:21:35.412 (412467409)|HEAP_ALLOCATE|[85]|Bytes:5
17:21:35.412 (412472433)|STATEMENT_EXECUTE|[84]
17:21:35.412 (412475940)|STATEMENT_EXECUTE|[85]
17:21:35.412 (412478040)|STATEMENT_EXECUTE|[86]
17:21:35.412 (412483872)|HEAP_ALLOCATE|[86]|Bytes:4
17:21:35.412 (412510422)|VARIABLE_ASSIGNMENT|[86]|this.children|{"s":1,"v":{}}|0x1da60388
17:21:35.412 (412516046)|STATEMENT_EXECUTE|[88]
17:21:35.412 (412525011)|METHOD_EXIT|[80]|01p58000000n6Fr|SObjectData.getChildren()
17:21:35.412 (412543943)|STATEMENT_EXECUTE|[80]
17:21:35.412 (412561349)|HEAP_ALLOCATE|[76]|Bytes:5
17:21:35.412 (412582222)|VARIABLE_ASSIGNMENT|[76]|obj|null|
17:21:35.412 (412587730)|STATEMENT_EXECUTE|[85]
17:21:35.412 (412598736)|HEAP_ALLOCATE|[85]|Bytes:4
17:21:35.412 (412610295)|VARIABLE_SCOPE_BEGIN|[85]|bufferMap|Map<String,Map<String,SObject>>|true|false
17:21:35.412 (412626146)|VARIABLE_ASSIGNMENT|[85]|bufferMap|{"s":1,"v":{}}|0x1927e833
17:21:35.412 (412630784)|STATEMENT_EXECUTE|[86]
17:21:35.412 (412677991)|HEAP_ALLOCATE|[EXTERNAL]|Bytes:-4
17:21:35.412 (412737055)|STATEMENT_EXECUTE|[89]
17:21:35.412 (412740782)|STATEMENT_EXECUTE|[90]
17:21:35.412 (412769648)|HEAP_ALLOCATE|[EXTERNAL]|Bytes:-4
17:21:35.412 (412798347)|HEAP_ALLOCATE|[72]|Bytes:5
17:21:35.412 (412815766)|VARIABLE_ASSIGNMENT|[72]|relationshipKey|null
17:21:35.412 (412826643)|METHOD_EXIT|[64]|01p58000000n6rI|SObjectUtility.createChildren(String, Map<String,List<SObjectData>>)
17:21:35.412 (412843015)|HEAP_ALLOCATE|[60]|Bytes:5
17:21:35.412 (412857864)|VARIABLE_ASSIGNMENT|[60]|obj|null|
17:21:35.412 (412862560)|STATEMENT_EXECUTE|[67]
17:21:35.412 (412870106)|METHOD_EXIT|[6]|01p58000000n6rI|SObjectUtility.createRoot(List<SObjectData>)
17:21:35.412 (412876039)|VARIABLE_SCOPE_BEGIN|[6]|root|Map<String,SObject>|true|false
17:21:35.412 (412896362)|VARIABLE_ASSIGNMENT|[6]|root|{"s":1,"v":{"rbOqYnzcQzJBOQ4kzr":{"Name":"Scoring Scheme 5x5","RecordTypeId":"012580000000H5p"}}}|0x7f76a2a3
17:21:35.412 (412902892)|STATEMENT_EXECUTE|[7]
17:21:35.412 (412919117)|METHOD_ENTRY|[7]|01p58000000n6rI|SObjectUtility.insertSObjects(Map<String,SObject>)
17:21:35.412 (412945140)|VARIABLE_SCOPE_BEGIN|[24]|this|SObjectUtility|true|false
17:21:35.412 (412968086)|VARIABLE_ASSIGNMENT|[24]|this|{"childrenMap":"0x3d946312"}|0x6e4a2f28
17:21:35.412 (412974727)|VARIABLE_SCOPE_BEGIN|[24]|objMap|Map<String,SObject>|true|false
17:21:35.412 (412989831)|VARIABLE_ASSIGNMENT|[24]|objMap|{"s":1,"v":{"rbOqYnzcQzJBOQ4kzr":{"Name":"Scoring Scheme 5x5","RecordTypeId":"012580000000H5p"}}}|0x7f76a2a3
17:21:35.413 (413000630)|HEAP_ALLOCATE|[25]|Bytes:5
17:21:35.413 (413006553)|STATEMENT_EXECUTE|[24]
17:21:35.413 (413009051)|STATEMENT_EXECUTE|[25]
17:21:35.413 (413011124)|STATEMENT_EXECUTE|[25]
17:21:35.413 (413013241)|STATEMENT_EXECUTE|[26]
17:21:35.413 (413018528)|HEAP_ALLOCATE|[26]|Bytes:4
17:21:35.413 (413025842)|VARIABLE_SCOPE_BEGIN|[26]|childMap|Map<String,SObject>|true|false
17:21:35.413 (413039967)|VARIABLE_ASSIGNMENT|[26]|childMap|{"s":1,"v":{}}|0x69d07d16
17:21:35.413 (413044791)|STATEMENT_EXECUTE|[27]
17:21:35.413 (413082803)|HEAP_ALLOCATE|[EXTERNAL]|Bytes:8
17:21:35.413 (413093921)|HEAP_ALLOCATE|[27]|Bytes:69
17:21:35.413 (413161149)|DML_BEGIN|[27]|Op:Insert|Type:SObject|Rows:1
17:21:35.413 (413180540)|HEAP_ALLOCATE|[EXTERNAL]|Bytes:8
17:21:35.459 (459261351)|DML_END|[27]
17:21:35.459 (459347009)|HEAP_ALLOCATE|[EXTERNAL]|Bytes:8
17:21:35.459 (459373175)|HEAP_ALLOCATE|[28]|Bytes:4
17:21:35.459 (459448868)|HEAP_ALLOCATE|[28]|Bytes:26
17:21:35.459 (459483551)|HEAP_ALLOCATE|[28]|Bytes:4
17:21:35.459 (459525830)|HEAP_ALLOCATE|[28]|Bytes:5
17:21:35.459 (459549875)|VARIABLE_SCOPE_BEGIN|[28]|key|String|false|false
17:21:35.459 (459571750)|VARIABLE_ASSIGNMENT|[28]|key|"rbOqYnzcQzJBOQ4kzr"
17:21:35.459 (459579480)|STATEMENT_EXECUTE|[28]
17:21:35.459 (459587783)|HEAP_ALLOCATE|[29]|Bytes:4
17:21:35.459 (459635392)|HEAP_ALLOCATE|[29]|Bytes:31
17:21:35.459 (459661992)|HEAP_ALLOCATE|[29]|Bytes:4
17:21:35.459 (459697165)|HEAP_ALLOCATE|[29]|Bytes:5
17:21:35.459 (459715521)|VARIABLE_SCOPE_BEGIN|[29]|relationshipKey|String|false|false
17:21:35.459 (459729424)|VARIABLE_ASSIGNMENT|[29]|relationshipKey|"risk__scoring_scheme (3 more) ..."
17:21:35.459 (459735400)|STATEMENT_EXECUTE|[29]
17:21:35.459 (459810533)|STATEMENT_EXECUTE|[31]
17:21:35.459 (459814663)|STATEMENT_EXECUTE|[32]
17:21:35.459 (459911512)|HEAP_ALLOCATE|[32]|Bytes:18
17:21:35.459 (459989635)|METHOD_ENTRY|[32]|01p58000000n6rI|SObjectUtility.buildRelationships(String, String, Map<String,SObject>)
17:21:35.460 (460001235)|VARIABLE_SCOPE_BEGIN|[47]|this|SObjectUtility|true|false
17:21:35.460 (460036765)|VARIABLE_ASSIGNMENT|[47]|this|{"childrenMap":"0x3d946312"}|0x6e4a2f28
17:21:35.460 (460043765)|VARIABLE_SCOPE_BEGIN|[47]|field|String|false|false
17:21:35.460 (460052129)|VARIABLE_ASSIGNMENT|[47]|field|"risk__scoring_scheme (3 more) ..."
17:21:35.460 (460056329)|VARIABLE_SCOPE_BEGIN|[47]|parentId|String|false|false
17:21:35.460 (460062313)|VARIABLE_ASSIGNMENT|[47]|parentId|"a0u58000000PNVPAA4"
17:21:35.460 (460066391)|VARIABLE_SCOPE_BEGIN|[47]|objMap|Map<String,SObject>|true|false
17:21:35.460 (460087894)|VARIABLE_ASSIGNMENT|[47]|objMap|{"s":1,"v":{"TMcIjBfCfOWMfeJO79":{"Name":"Time IC","Risk__Type_of_Risk__ (1 more) ...":"Time"}}}|0x14567416
17:21:35.460 (460099497)|HEAP_ALLOCATE|[48]|Bytes:5
17:21:35.460 (460104624)|STATEMENT_EXECUTE|[47]
17:21:35.460 (460107503)|STATEMENT_EXECUTE|[48]
17:21:35.460 (460109696)|STATEMENT_EXECUTE|[48]
17:21:35.460 (460114956)|HEAP_ALLOCATE|[49]|Bytes:4
17:21:35.460 (460158585)|HEAP_ALLOCATE|[49]|Bytes:26
17:21:35.460 (460185619)|HEAP_ALLOCATE|[49]|Bytes:4
17:21:35.460 (460220853)|HEAP_ALLOCATE|[49]|Bytes:5
17:21:35.460 (460239404)|VARIABLE_SCOPE_BEGIN|[49]|key|String|false|false
17:21:35.460 (460250755)|VARIABLE_ASSIGNMENT|[49]|key|"TMcIjBfCfOWMfeJO79"
17:21:35.460 (460255338)|STATEMENT_EXECUTE|[49]
17:21:35.460 (460257831)|STATEMENT_EXECUTE|[50]
17:21:35.460 (460446161)|HEAP_ALLOCATE|[49]|Bytes:5
17:21:35.460 (460465619)|VARIABLE_ASSIGNMENT|[49]|key|null
17:21:35.460 (460470343)|STATEMENT_EXECUTE|[52]
17:21:35.460 (460479877)|METHOD_EXIT|[32]|01p58000000n6rI|SObjectUtility.buildRelationships(String, String, Map<String,SObject>)
17:21:35.460 (460516191)|HEAP_ALLOCATE|[EXTERNAL]|Bytes:-4
17:21:35.460 (460521018)|HEAP_ALLOCATE|[32]|Bytes:4
17:21:35.460 (460548242)|HEAP_ALLOCATE|[29]|Bytes:5
17:21:35.460 (460564710)|VARIABLE_ASSIGNMENT|[29]|relationshipKey|null
17:21:35.460 (460579503)|HEAP_ALLOCATE|[28]|Bytes:5
17:21:35.460 (460596765)|VARIABLE_ASSIGNMENT|[28]|key|null
17:21:35.460 (460637301)|HEAP_ALLOCATE|[37]|Bytes:26
17:21:35.460 (460669198)|STATEMENT_EXECUTE|[37]
17:21:35.460 (460672377)|STATEMENT_EXECUTE|[38]
17:21:35.460 (460682390)|METHOD_ENTRY|[38]|01p58000000n6rI|SObjectUtility.insertSObjects(Map<String,SObject>)
17:21:35.460 (460697192)|VARIABLE_SCOPE_BEGIN|[24]|this|SObjectUtility|true|false
17:21:35.460 (460721326)|VARIABLE_ASSIGNMENT|[24]|this|{"childrenMap":"0x3d946312"}|0x6e4a2f28
17:21:35.460 (460726805)|VARIABLE_SCOPE_BEGIN|[24]|objMap|Map<String,SObject>|true|false
17:21:35.460 (460748007)|VARIABLE_ASSIGNMENT|[24]|objMap|{"s":1,"v":{"TMcIjBfCfOWMfeJO79":{"Name":"Time IC","Risk__Type_of_Risk__ (1 more) ...":"Time","Risk__Scoring_Scheme (3 more) ...":"a0u58000000PNVPAA4"}}}|0x69d07d16
17:21:35.460 (460759471)|HEAP_ALLOCATE|[25]|Bytes:5
17:21:35.460 (460764593)|STATEMENT_EXECUTE|[24]
17:21:35.460 (460767125)|STATEMENT_EXECUTE|[25]
17:21:35.460 (460769189)|STATEMENT_EXECUTE|[25]
17:21:35.460 (460771328)|STATEMENT_EXECUTE|[26]
17:21:35.460 (460775960)|HEAP_ALLOCATE|[26]|Bytes:4
17:21:35.460 (460783282)|VARIABLE_SCOPE_BEGIN|[26]|childMap|Map<String,SObject>|true|false
17:21:35.460 (460798679)|VARIABLE_ASSIGNMENT|[26]|childMap|{"s":1,"v":{}}|0x7dc800d7
17:21:35.460 (460803360)|STATEMENT_EXECUTE|[27]
17:21:35.460 (460819812)|HEAP_ALLOCATE|[EXTERNAL]|Bytes:8
17:21:35.460 (460829806)|HEAP_ALLOCATE|[27]|Bytes:101
17:21:35.460 (460870706)|DML_BEGIN|[27]|Op:Insert|Type:SObject|Rows:1
17:21:35.460 (460887385)|HEAP_ALLOCATE|[EXTERNAL]|Bytes:8
17:21:35.475 (475409587)|ENTERING_MANAGED_PKG|Risk
17:21:35.482 (482491925)|SOQL_EXECUTE_BEGIN|[19]|Aggregations:1|SELECT Id, (SELECT Risk__Order__c FROM Impact_Categories__r ORDER BY Order__c DESC NULLS FIRST LIMIT 1) FROM Scoring_Scheme__c WHERE Id = :tmpVar1
17:21:35.487 (487989816)|SOQL_EXECUTE_END|[19]|Rows:1
17:21:35.489 (489556745)|SOQL_EXECUTE_BEGIN|[64]|Aggregations:1|SELECT Id, (SELECT Id, Risk__Type_of_Risk__c FROM Impact_Categories__r) FROM Scoring_Scheme__c WHERE Id = :tmpVar1
17:21:35.492 (492663231)|SOQL_EXECUTE_END|[64]|Rows:1
17:21:35.519 (519744477)|DML_END|[27]
17:21:35.519 (519791599)|HEAP_ALLOCATE|[EXTERNAL]|Bytes:8
17:21:35.519 (519814974)|HEAP_ALLOCATE|[28]|Bytes:4
17:21:35.519 (519888723)|HEAP_ALLOCATE|[28]|Bytes:26
17:21:35.519 (519931262)|HEAP_ALLOCATE|[28]|Bytes:4
17:21:35.519 (519980343)|HEAP_ALLOCATE|[28]|Bytes:5
17:21:35.520 (520003500)|VARIABLE_SCOPE_BEGIN|[28]|key|String|false|false
17:21:35.520 (520039035)|VARIABLE_ASSIGNMENT|[28]|key|"TMcIjBfCfOWMfeJO79"
17:21:35.520 (520047876)|STATEMENT_EXECUTE|[28]
17:21:35.520 (520054159)|HEAP_ALLOCATE|[29]|Bytes:4
17:21:35.520 (520092213)|HEAP_ALLOCATE|[29]|Bytes:31
17:21:35.520 (520118432)|HEAP_ALLOCATE|[29]|Bytes:4
17:21:35.520 (520152179)|HEAP_ALLOCATE|[29]|Bytes:5
17:21:35.520 (520168292)|VARIABLE_SCOPE_BEGIN|[29]|relationshipKey|String|false|false
17:21:35.520 (520182819)|VARIABLE_ASSIGNMENT|[29]|relationshipKey|"risk__scoring_scheme (3 more) ..."
17:21:35.520 (520187792)|STATEMENT_EXECUTE|[29]
17:21:35.520 (520249215)|STATEMENT_EXECUTE|[31]
17:21:35.520 (520265744)|HEAP_ALLOCATE|[29]|Bytes:5
17:21:35.520 (520282259)|VARIABLE_ASSIGNMENT|[29]|relationshipKey|null
17:21:35.520 (520297085)|HEAP_ALLOCATE|[28]|Bytes:5
17:21:35.520 (520310307)|VARIABLE_ASSIGNMENT|[28]|key|null
17:21:35.520 (520338525)|HEAP_ALLOCATE|[37]|Bytes:4
17:21:35.520 (520365987)|STATEMENT_EXECUTE|[37]
17:21:35.520 (520379353)|METHOD_EXIT|[38]|01p58000000n6rI|SObjectUtility.insertSObjects(Map<String,SObject>)
17:21:35.520 (520387971)|METHOD_EXIT|[7]|01p58000000n6rI|SObjectUtility.insertSObjects(Map<String,SObject>)
17:21:35.520 (520392416)|STATEMENT_EXECUTE|[8]
17:21:35.520 (520400055)|METHOD_EXIT|[20]|01p58000000n6rI|SObjectUtility.createSObjects(List<SObjectData>)
17:21:35.520 (520408538)|METHOD_EXIT|[34]|01p58000000n81u|ScoringSchemeHelper.create5x5ScoringScheme()
17:21:35.520 (520414110)|SYSTEM_MODE_EXIT|false
17:21:35.524 (524991006)|CUMULATIVE_LIMIT_USAGE
17:21:35.524 (524991006)|LIMIT_USAGE_FOR_NS|(default)|
  Number of SOQL queries: 0 out of 100
  Number of query rows: 0 out of 50000
  Number of SOSL queries: 0 out of 20
  Number of DML statements: 2 out of 150
  Number of DML rows: 2 out of 10000
  Maximum CPU time: 39 out of 10000
  Maximum heap size: 0 out of 6000000
  Number of callouts: 0 out of 100
  Number of Email Invocations: 0 out of 10
  Number of future calls: 0 out of 50
  Number of queueable jobs added to the queue: 0 out of 50
  Number of Mobile Apex push calls: 0 out of 10

17:21:35.524 (524991006)|LIMIT_USAGE_FOR_NS|Risk|
  Number of SOQL queries: 2 out of 100
  Number of query rows: 2 out of 50000
  Number of SOSL queries: 0 out of 20
  Number of DML statements: 0 out of 150
  Number of DML rows: 0 out of 10000
  Maximum CPU time: 0 out of 10000
  Maximum heap size: 0 out of 6000000
  Number of callouts: 0 out of 100
  Number of Email Invocations: 0 out of 10
  Number of future calls: 0 out of 50
  Number of queueable jobs added to the queue: 0 out of 50
  Number of Mobile Apex push calls: 0 out of 10

17:21:35.524 (524991006)|CUMULATIVE_LIMIT_USAGE_END

17:21:35.525 (525075920)|CODE_UNIT_FINISHED|execute_anonymous_apex
17:21:35.526 (526040371)|EXECUTION_FINISHED
