35.0 APEX_CODE,FINEST;APEX_PROFILING,INFO;CALLOUT,INFO;DB,INFO;SYSTEM,DEBUG;VALIDATION,INFO;VISUALFORCE,INFO;WORKFLOW,INFO
Execute Anonymous: SObjectData d = new SObjectData('Test_objects__c');
Execute Anonymous: d.addValuePair('Name', 'x');
Execute Anonymous: 
Execute Anonymous: SObjectData d1 = new SObjectData('Test_objects__c');
Execute Anonymous: d1.addValuePair('Name', 'x');
Execute Anonymous: d1.setParent(d);
Execute Anonymous: 
Execute Anonymous: d.addChild(d1);
Execute Anonymous: 
Execute Anonymous: ScoringSchemeHelper h = new ScoringSchemeHelper();
Execute Anonymous: h.createSObjects(new List<SObjectData> { d} );
15:22:27.166 (166626124)|EXECUTION_STARTED
15:22:27.166 (166641286)|CODE_UNIT_STARTED|[EXTERNAL]|execute_anonymous_apex
15:22:27.187 (187004048)|VARIABLE_SCOPE_BEGIN|[1]|d|SObjectData|true|false
15:22:27.187 (187025257)|VARIABLE_SCOPE_BEGIN|[4]|d1|SObjectData|true|false
15:22:27.198 (198021242)|VARIABLE_SCOPE_BEGIN|[10]|h|ScoringSchemeHelper|true|false
15:22:27.198 (198206273)|HEAP_ALLOCATE|[72]|Bytes:3
15:22:27.198 (198273637)|HEAP_ALLOCATE|[77]|Bytes:152
15:22:27.198 (198310541)|HEAP_ALLOCATE|[342]|Bytes:408
15:22:27.198 (198351778)|HEAP_ALLOCATE|[355]|Bytes:408
15:22:27.198 (198390334)|HEAP_ALLOCATE|[467]|Bytes:48
15:22:27.198 (198443739)|HEAP_ALLOCATE|[139]|Bytes:6
15:22:27.198 (198477469)|HEAP_ALLOCATE|[EXTERNAL]|Bytes:17
15:22:27.198 (198564288)|STATEMENT_EXECUTE|[1]
15:22:27.198 (198571880)|STATEMENT_EXECUTE|[1]
15:22:27.198 (198582238)|HEAP_ALLOCATE|[1]|Bytes:34
15:22:27.198 (198667707)|METHOD_ENTRY|[1]|01p58000000n6Fr|SObjectData.SObjectData()
15:22:27.198 (198684361)|STATEMENT_EXECUTE|[1]
15:22:27.198 (198698613)|STATEMENT_EXECUTE|[1]
15:22:27.198 (198788116)|HEAP_ALLOCATE|[50]|Bytes:5
15:22:27.198 (198830435)|HEAP_ALLOCATE|[56]|Bytes:5
15:22:27.198 (198853486)|HEAP_ALLOCATE|[64]|Bytes:7
15:22:27.198 (198892603)|SYSTEM_MODE_ENTER|false
15:22:27.198 (198921251)|HEAP_ALLOCATE|[1]|Bytes:5
15:22:27.198 (198934745)|SYSTEM_MODE_EXIT|false
15:22:27.198 (198949667)|METHOD_EXIT|[1]|SObjectData
15:22:27.199 (199079907)|HEAP_ALLOCATE|[1]|Bytes:20
15:22:27.199 (199093678)|HEAP_ALLOCATE|[1]|Bytes:15
15:22:27.199 (199139925)|SYSTEM_MODE_ENTER|false
15:22:27.199 (199167839)|HEAP_ALLOCATE|[1]|Bytes:5
15:22:27.199 (199198780)|CONSTRUCTOR_ENTRY|[1]|01p58000000n6Fr|<init>(String)
15:22:27.199 (199254957)|VARIABLE_SCOPE_BEGIN|[7]|this|SObjectData|true|false
15:22:27.199 (199352962)|VARIABLE_ASSIGNMENT|[7]|this|{}|0x23d153b4
15:22:27.199 (199369376)|VARIABLE_SCOPE_BEGIN|[7]|sobjectType|String|false|false
15:22:27.199 (199390254)|VARIABLE_ASSIGNMENT|[7]|sobjectType|"Test_objects__c"
15:22:27.199 (199405500)|HEAP_ALLOCATE|[2]|Bytes:5
15:22:27.199 (199414666)|STATEMENT_EXECUTE|[1]
15:22:27.199 (199422809)|HEAP_ALLOCATE|[2]|Bytes:5
15:22:27.199 (199429399)|STATEMENT_EXECUTE|[2]
15:22:27.199 (199439703)|HEAP_ALLOCATE|[2]|Bytes:4
15:22:27.199 (199495174)|VARIABLE_ASSIGNMENT|[2]|this.fieldMap|{"s":1,"v":{}}|0x23d153b4
15:22:27.199 (199506664)|STATEMENT_EXECUTE|[3]
15:22:27.199 (199512170)|STATEMENT_EXECUTE|[4]
15:22:27.199 (199516976)|STATEMENT_EXECUTE|[5]
15:22:27.199 (199542076)|HEAP_ALLOCATE|[2]|Bytes:6
15:22:27.199 (199568041)|VARIABLE_SCOPE_BEGIN|[2]|this|System.ApexBaseClass|true|false
15:22:27.199 (199609121)|VARIABLE_ASSIGNMENT|[2]|this|{"fieldMap":"0x10e59dd9"}|0x23d153b4
15:22:27.199 (199627506)|STATEMENT_EXECUTE|[7]
15:22:27.199 (199633574)|STATEMENT_EXECUTE|[8]
15:22:27.199 (199653054)|VARIABLE_ASSIGNMENT|[8]|this.sObjectType|"Test_objects__c"|0x23d153b4
15:22:27.199 (199671423)|CONSTRUCTOR_EXIT|[1]|01p58000000n6Fr|<init>(String)
15:22:27.199 (199681504)|SYSTEM_MODE_EXIT|false
15:22:27.199 (199725443)|VARIABLE_ASSIGNMENT|[1]|d|{"fieldMap":"0x10e59dd9","sObjectType":"Test_objects__c"}|0x23d153b4
15:22:27.199 (199735986)|STATEMENT_EXECUTE|[2]
15:22:27.199 (199748274)|HEAP_ALLOCATE|[2]|Bytes:4
15:22:27.199 (199756158)|HEAP_ALLOCATE|[2]|Bytes:1
15:22:27.199 (199790316)|SYSTEM_MODE_ENTER|false
15:22:27.199 (199811129)|HEAP_ALLOCATE|[2]|Bytes:5
15:22:27.199 (199878897)|METHOD_ENTRY|[2]|01p58000000n6Fr|SObjectData.addValuePair(String, String)
15:22:27.199 (199918538)|VARIABLE_SCOPE_BEGIN|[44]|this|SObjectData|true|false
15:22:27.199 (199957774)|VARIABLE_ASSIGNMENT|[44]|this|{"fieldMap":"0x10e59dd9","sObjectType":"Test_objects__c"}|0x23d153b4
15:22:27.199 (199971920)|VARIABLE_SCOPE_BEGIN|[44]|field|String|false|false
15:22:27.199 (199985323)|VARIABLE_ASSIGNMENT|[44]|field|"Name"
15:22:27.199 (199995146)|VARIABLE_SCOPE_BEGIN|[44]|value|String|false|false
15:22:27.200 (200005386)|VARIABLE_ASSIGNMENT|[44]|value|"x"
15:22:27.200 (200025939)|HEAP_ALLOCATE|[46]|Bytes:5
15:22:27.200 (200034990)|STATEMENT_EXECUTE|[44]
15:22:27.200 (200044621)|STATEMENT_EXECUTE|[46]
15:22:27.200 (200051010)|STATEMENT_EXECUTE|[49]
15:22:27.200 (200198001)|HEAP_ALLOCATE|[EXTERNAL]|Bytes:-4
15:22:27.200 (200243365)|METHOD_EXIT|[2]|01p58000000n6Fr|SObjectData.addValuePair(String, String)
15:22:27.200 (200254684)|SYSTEM_MODE_EXIT|false
15:22:27.200 (200281450)|STATEMENT_EXECUTE|[4]
15:22:27.200 (200292173)|HEAP_ALLOCATE|[4]|Bytes:20
15:22:27.200 (200330693)|SYSTEM_MODE_ENTER|false
15:22:27.200 (200354068)|HEAP_ALLOCATE|[4]|Bytes:5
15:22:27.200 (200372628)|CONSTRUCTOR_ENTRY|[4]|01p58000000n6Fr|<init>(String)
15:22:27.200 (200397420)|VARIABLE_SCOPE_BEGIN|[7]|this|SObjectData|true|false
15:22:27.200 (200429850)|VARIABLE_ASSIGNMENT|[7]|this|{}|0x1bd1780e
15:22:27.200 (200439726)|VARIABLE_SCOPE_BEGIN|[7]|sobjectType|String|false|false
15:22:27.200 (200453938)|VARIABLE_ASSIGNMENT|[7]|sobjectType|"Test_objects__c"
15:22:27.200 (200468341)|HEAP_ALLOCATE|[2]|Bytes:5
15:22:27.200 (200476848)|STATEMENT_EXECUTE|[1]
15:22:27.200 (200485010)|HEAP_ALLOCATE|[2]|Bytes:5
15:22:27.200 (200491728)|STATEMENT_EXECUTE|[2]
15:22:27.200 (200500035)|HEAP_ALLOCATE|[2]|Bytes:4
15:22:27.200 (200535632)|VARIABLE_ASSIGNMENT|[2]|this.fieldMap|{"s":1,"v":{}}|0x1bd1780e
15:22:27.200 (200546174)|STATEMENT_EXECUTE|[3]
15:22:27.200 (200551730)|STATEMENT_EXECUTE|[4]
15:22:27.200 (200556482)|STATEMENT_EXECUTE|[5]
15:22:27.200 (200570082)|VARIABLE_SCOPE_BEGIN|[2]|this|System.ApexBaseClass|true|false
15:22:27.200 (200608637)|VARIABLE_ASSIGNMENT|[2]|this|{"fieldMap":"0x5ab6951e"}|0x1bd1780e
15:22:27.200 (200624685)|STATEMENT_EXECUTE|[7]
15:22:27.200 (200630691)|STATEMENT_EXECUTE|[8]
15:22:27.200 (200650540)|VARIABLE_ASSIGNMENT|[8]|this.sObjectType|"Test_objects__c"|0x1bd1780e
15:22:27.200 (200670479)|CONSTRUCTOR_EXIT|[4]|01p58000000n6Fr|<init>(String)
15:22:27.200 (200683146)|SYSTEM_MODE_EXIT|false
15:22:27.200 (200731489)|VARIABLE_ASSIGNMENT|[4]|d1|{"fieldMap":"0x5ab6951e","sObjectType":"Test_objects__c"}|0x1bd1780e
15:22:27.200 (200742875)|STATEMENT_EXECUTE|[5]
15:22:27.200 (200783902)|SYSTEM_MODE_ENTER|false
15:22:27.200 (200807012)|HEAP_ALLOCATE|[5]|Bytes:5
15:22:27.200 (200827755)|METHOD_ENTRY|[5]|01p58000000n6Fr|SObjectData.addValuePair(String, String)
15:22:27.200 (200849697)|VARIABLE_SCOPE_BEGIN|[44]|this|SObjectData|true|false
15:22:27.200 (200887942)|VARIABLE_ASSIGNMENT|[44]|this|{"fieldMap":"0x5ab6951e","sObjectType":"Test_objects__c"}|0x1bd1780e
15:22:27.200 (200898237)|VARIABLE_SCOPE_BEGIN|[44]|field|String|false|false
15:22:27.200 (200912415)|VARIABLE_ASSIGNMENT|[44]|field|"Name"
15:22:27.200 (200919559)|VARIABLE_SCOPE_BEGIN|[44]|value|String|false|false
15:22:27.200 (200930822)|VARIABLE_ASSIGNMENT|[44]|value|"x"
15:22:27.200 (200943108)|HEAP_ALLOCATE|[46]|Bytes:5
15:22:27.200 (200951933)|STATEMENT_EXECUTE|[44]
15:22:27.200 (200958760)|STATEMENT_EXECUTE|[46]
15:22:27.200 (200963857)|STATEMENT_EXECUTE|[49]
15:22:27.201 (201001133)|HEAP_ALLOCATE|[EXTERNAL]|Bytes:-4
15:22:27.201 (201043369)|METHOD_EXIT|[5]|01p58000000n6Fr|SObjectData.addValuePair(String, String)
15:22:27.201 (201056555)|SYSTEM_MODE_EXIT|false
15:22:27.201 (201066504)|STATEMENT_EXECUTE|[6]
15:22:27.201 (201105560)|SYSTEM_MODE_ENTER|false
15:22:27.201 (201129060)|HEAP_ALLOCATE|[6]|Bytes:5
15:22:27.201 (201156040)|METHOD_ENTRY|[6]|01p58000000n6Fr|SObjectData.setParent(SObjectData)
15:22:27.201 (201193126)|VARIABLE_SCOPE_BEGIN|[27]|this|SObjectData|true|false
15:22:27.201 (201232618)|VARIABLE_ASSIGNMENT|[27]|this|{"fieldMap":"0x5ab6951e","sObjectType":"Test_objects__c"}|0x1bd1780e
15:22:27.201 (201256522)|VARIABLE_SCOPE_BEGIN|[27]|o|SObjectData|true|false
15:22:27.201 (201291229)|VARIABLE_ASSIGNMENT|[27]|o|{"fieldMap":"0x10e59dd9","sObjectType":"Test_objects__c"}|0x23d153b4
15:22:27.201 (201304359)|HEAP_ALLOCATE|[28]|Bytes:5
15:22:27.201 (201310316)|STATEMENT_EXECUTE|[27]
15:22:27.201 (201313485)|STATEMENT_EXECUTE|[28]
15:22:27.201 (201322012)|VARIABLE_ASSIGNMENT|[28]|this.parent|0x23d153b4|0x1bd1780e
15:22:27.201 (201334275)|METHOD_EXIT|[6]|01p58000000n6Fr|SObjectData.setParent(SObjectData)
15:22:27.201 (201341132)|SYSTEM_MODE_EXIT|false
15:22:27.201 (201346600)|STATEMENT_EXECUTE|[8]
15:22:27.201 (201377730)|SYSTEM_MODE_ENTER|false
15:22:27.201 (201394207)|HEAP_ALLOCATE|[8]|Bytes:5
15:22:27.201 (201413121)|METHOD_ENTRY|[8]|01p58000000n6Fr|SObjectData.addChild(SObjectData)
15:22:27.201 (201438438)|VARIABLE_SCOPE_BEGIN|[37]|this|SObjectData|true|false
15:22:27.201 (201466379)|VARIABLE_ASSIGNMENT|[37]|this|{"fieldMap":"0x10e59dd9","sObjectType":"Test_objects__c"}|0x23d153b4
15:22:27.201 (201474535)|VARIABLE_SCOPE_BEGIN|[37]|o|SObjectData|true|false
15:22:27.201 (201494915)|VARIABLE_ASSIGNMENT|[37]|o|{"fieldMap":"0x5ab6951e","parent":"0x23d153b4","sObjectType":"Test_objects__c"}|0x1bd1780e
15:22:27.201 (201505760)|HEAP_ALLOCATE|[38]|Bytes:5
15:22:27.201 (201510918)|STATEMENT_EXECUTE|[37]
15:22:27.201 (201516806)|STATEMENT_EXECUTE|[38]
15:22:27.201 (201519592)|STATEMENT_EXECUTE|[39]
15:22:27.201 (201526054)|HEAP_ALLOCATE|[39]|Bytes:4
15:22:27.201 (201611673)|HEAP_ALLOCATE|[EXTERNAL]|Bytes:4
15:22:27.201 (201632076)|VARIABLE_ASSIGNMENT|[39]|this.children|{"s":1,"v":[]}|0x23d153b4
15:22:27.201 (201638355)|STATEMENT_EXECUTE|[41]
15:22:27.201 (201683024)|HEAP_ALLOCATE|[EXTERNAL]|Bytes:4
15:22:27.201 (201705577)|METHOD_EXIT|[8]|01p58000000n6Fr|SObjectData.addChild(SObjectData)
15:22:27.201 (201711798)|SYSTEM_MODE_EXIT|false
15:22:27.201 (201717313)|STATEMENT_EXECUTE|[10]
15:22:27.201 (201724751)|HEAP_ALLOCATE|[10]|Bytes:22
15:22:27.201 (201745697)|METHOD_ENTRY|[1]|01p58000000n2RS|ScoringSchemeHelper.ScoringSchemeHelper()
15:22:27.201 (201750203)|STATEMENT_EXECUTE|[1]
15:22:27.201 (201754364)|STATEMENT_EXECUTE|[1]
15:22:27.201 (201760917)|SYSTEM_MODE_ENTER|false
15:22:27.201 (201766342)|HEAP_ALLOCATE|[10]|Bytes:5
15:22:27.201 (201771364)|SYSTEM_MODE_EXIT|false
15:22:27.201 (201777892)|METHOD_EXIT|[1]|ScoringSchemeHelper
15:22:27.201 (201797540)|HEAP_ALLOCATE|[10]|Bytes:8
15:22:27.201 (201823702)|SYSTEM_MODE_ENTER|false
15:22:27.201 (201838800)|HEAP_ALLOCATE|[10]|Bytes:5
15:22:27.201 (201856675)|CONSTRUCTOR_ENTRY|[10]|01p58000000n2RS|<init>()
15:22:27.201 (201883251)|VARIABLE_SCOPE_BEGIN|[1]|this|ScoringSchemeHelper|true|false
15:22:27.201 (201909943)|VARIABLE_ASSIGNMENT|[1]|this|{}|0x3c437b84
15:22:27.201 (201919279)|HEAP_ALLOCATE|[3]|Bytes:5
15:22:27.201 (201928262)|VARIABLE_SCOPE_BEGIN|[2]|this|System.ApexBaseClass|true|false
15:22:27.201 (201944406)|VARIABLE_ASSIGNMENT|[2]|this|{}|0x3c437b84
15:22:27.201 (201956039)|STATEMENT_EXECUTE|[1]
15:22:27.201 (201961665)|HEAP_ALLOCATE|[3]|Bytes:5
15:22:27.201 (201965269)|STATEMENT_EXECUTE|[3]
15:22:27.201 (201970694)|HEAP_ALLOCATE|[3]|Bytes:4
15:22:27.201 (201998909)|VARIABLE_ASSIGNMENT|[3]|this.childrenMap|{"s":1,"v":{}}|0x3c437b84
15:22:27.202 (202013787)|CONSTRUCTOR_EXIT|[10]|01p58000000n2RS|<init>()
15:22:27.202 (202019829)|SYSTEM_MODE_EXIT|false
15:22:27.202 (202049634)|VARIABLE_ASSIGNMENT|[10]|h|{"childrenMap":"0x4008dc31"}|0x3c437b84
15:22:27.202 (202056178)|STATEMENT_EXECUTE|[11]
15:22:27.202 (202064717)|HEAP_ALLOCATE|[11]|Bytes:4
15:22:27.202 (202113619)|SYSTEM_MODE_ENTER|false
15:22:27.202 (202129478)|HEAP_ALLOCATE|[11]|Bytes:5
15:22:27.202 (202165066)|METHOD_ENTRY|[11]|01p58000000n2RS|ScoringSchemeHelper.createSObjects(List<SObjectData>)
15:22:27.202 (202175789)|VARIABLE_SCOPE_BEGIN|[5]|this|ScoringSchemeHelper|true|false
15:22:27.202 (202198565)|VARIABLE_ASSIGNMENT|[5]|this|{"childrenMap":"0x4008dc31"}|0x3c437b84
15:22:27.202 (202206706)|VARIABLE_SCOPE_BEGIN|[5]|dataList|List<SObjectData>|true|false
15:22:27.202 (202217633)|HEAP_ALLOCATE|[EXTERNAL]|Bytes:8
15:22:27.202 (202248952)|VARIABLE_ASSIGNMENT|[5]|dataList|{"s":1,"v":[{"children":"0x678497ec","fieldMap":"0x10e59dd9","sObjectType":"Test_objects__c"}]}|0x64e459cd
15:22:27.202 (202260790)|HEAP_ALLOCATE|[6]|Bytes:5
15:22:27.202 (202265914)|STATEMENT_EXECUTE|[5]
15:22:27.202 (202268841)|STATEMENT_EXECUTE|[6]
15:22:27.202 (202312648)|METHOD_ENTRY|[6]|01p58000000n2RS|ScoringSchemeHelper.createRoot(List<SObjectData>)
15:22:27.202 (202402288)|VARIABLE_SCOPE_BEGIN|[54]|this|ScoringSchemeHelper|true|false
15:22:27.202 (202427616)|VARIABLE_ASSIGNMENT|[54]|this|{"childrenMap":"0x4008dc31"}|0x3c437b84
15:22:27.202 (202435495)|VARIABLE_SCOPE_BEGIN|[54]|dataList|List<SObjectData>|true|false
15:22:27.202 (202459021)|VARIABLE_ASSIGNMENT|[54]|dataList|{"s":1,"v":[{"children":"0x678497ec","fieldMap":"0x10e59dd9","sObjectType":"Test_objects__c"}]}|0x64e459cd
15:22:27.202 (202470327)|HEAP_ALLOCATE|[55]|Bytes:5
15:22:27.202 (202475901)|STATEMENT_EXECUTE|[54]
15:22:27.202 (202478674)|STATEMENT_EXECUTE|[55]
15:22:27.202 (202483947)|HEAP_ALLOCATE|[55]|Bytes:4
15:22:27.202 (202495992)|VARIABLE_SCOPE_BEGIN|[55]|rootObjects|Map<String,SObject>|true|false
15:22:27.202 (202515232)|VARIABLE_ASSIGNMENT|[55]|rootObjects|{"s":1,"v":{}}|0x42f7d74
15:22:27.202 (202770973)|HEAP_ALLOCATE|[56]|Bytes:5
15:22:27.202 (202793620)|HEAP_ALLOCATE|[56]|Bytes:20
15:22:27.202 (202804573)|VARIABLE_SCOPE_BEGIN|[56]|obj|SObjectData|true|false
15:22:27.202 (202845410)|VARIABLE_ASSIGNMENT|[56]|obj|{"children":"0x678497ec","fieldMap":"0x10e59dd9","sObjectType":"Test_objects__c"}|0x23d153b4
15:22:27.202 (202859447)|STATEMENT_EXECUTE|[56]
15:22:27.202 (202862594)|STATEMENT_EXECUTE|[57]
15:22:27.202 (202883207)|METHOD_ENTRY|[57]|01p58000000n2RS|ScoringSchemeHelper.generateRandomString(Integer)
15:22:27.202 (202903120)|HEAP_ALLOCATE|[79]|Bytes:4
15:22:27.202 (202911363)|VARIABLE_SCOPE_BEGIN|[78]|len|Integer|false|false
15:22:27.202 (202920384)|VARIABLE_ASSIGNMENT|[78]|len|18
15:22:27.202 (202928724)|HEAP_ALLOCATE|[79]|Bytes:5
15:22:27.202 (202933401)|STATEMENT_EXECUTE|[78]
15:22:27.202 (202936662)|STATEMENT_EXECUTE|[79]
15:22:27.202 (202940913)|HEAP_ALLOCATE|[79]|Bytes:62
15:22:27.202 (202945885)|VARIABLE_SCOPE_BEGIN|[79]|chars|String|false|false
15:22:27.202 (202956774)|VARIABLE_ASSIGNMENT|[79]|chars|"ABCDEFGHIJKLMNOPQRST (42 more) ..."
15:22:27.202 (202960658)|STATEMENT_EXECUTE|[80]
15:22:27.202 (202965090)|VARIABLE_SCOPE_BEGIN|[80]|randStr|String|false|false
15:22:27.202 (202971806)|VARIABLE_ASSIGNMENT|[80]|randStr|""
15:22:27.203 (203032052)|STATEMENT_EXECUTE|[81]
15:22:27.203 (203037364)|STATEMENT_EXECUTE|[82]
15:22:27.203 (203215665)|VARIABLE_SCOPE_BEGIN|[2]|Math.E|Double|false|true
15:22:27.203 (203222992)|VARIABLE_SCOPE_BEGIN|[3]|Math.PI|Double|false|true
15:22:27.203 (203471110)|VARIABLE_SCOPE_BEGIN|[82]|idx|Integer|false|false
15:22:27.203 (203477670)|HEAP_ALLOCATE|[82]|Bytes:4
15:22:27.203 (203487493)|VARIABLE_ASSIGNMENT|[82]|idx|50
15:22:27.203 (203491762)|STATEMENT_EXECUTE|[83]
15:22:27.203 (203529366)|HEAP_ALLOCATE|[83]|Bytes:1
15:22:27.203 (203551200)|HEAP_ALLOCATE|[83]|Bytes:1
15:22:27.203 (203562625)|VARIABLE_ASSIGNMENT|[83]|randStr|"o"
15:22:27.203 (203584076)|STATEMENT_EXECUTE|[81]
15:22:27.203 (203587384)|STATEMENT_EXECUTE|[82]
15:22:27.203 (203694760)|VARIABLE_SCOPE_BEGIN|[82]|idx|Integer|false|false
15:22:27.203 (203699974)|HEAP_ALLOCATE|[82]|Bytes:4
15:22:27.203 (203709063)|VARIABLE_ASSIGNMENT|[82]|idx|50
15:22:27.203 (203712888)|STATEMENT_EXECUTE|[83]
15:22:27.203 (203733061)|HEAP_ALLOCATE|[83]|Bytes:1
15:22:27.203 (203747876)|HEAP_ALLOCATE|[83]|Bytes:2
15:22:27.203 (203757199)|VARIABLE_ASSIGNMENT|[83]|randStr|"oo"
15:22:27.203 (203777267)|STATEMENT_EXECUTE|[81]
15:22:27.203 (203780412)|STATEMENT_EXECUTE|[82]
15:22:27.203 (203902621)|VARIABLE_SCOPE_BEGIN|[82]|idx|Integer|false|false
15:22:27.203 (203908008)|HEAP_ALLOCATE|[82]|Bytes:4
15:22:27.203 (203916935)|VARIABLE_ASSIGNMENT|[82]|idx|54
15:22:27.203 (203920949)|STATEMENT_EXECUTE|[83]
15:22:27.203 (203941001)|HEAP_ALLOCATE|[83]|Bytes:1
15:22:27.203 (203958679)|HEAP_ALLOCATE|[83]|Bytes:3
15:22:27.203 (203969318)|VARIABLE_ASSIGNMENT|[83]|randStr|"oos"
15:22:27.203 (203989689)|STATEMENT_EXECUTE|[81]
15:22:27.203 (203992891)|STATEMENT_EXECUTE|[82]
15:22:27.204 (204103396)|VARIABLE_SCOPE_BEGIN|[82]|idx|Integer|false|false
15:22:27.204 (204110288)|HEAP_ALLOCATE|[82]|Bytes:4
15:22:27.204 (204119496)|VARIABLE_ASSIGNMENT|[82]|idx|11
15:22:27.204 (204123678)|STATEMENT_EXECUTE|[83]
15:22:27.204 (204145104)|HEAP_ALLOCATE|[83]|Bytes:1
15:22:27.204 (204161011)|HEAP_ALLOCATE|[83]|Bytes:4
15:22:27.204 (204176770)|VARIABLE_ASSIGNMENT|[83]|randStr|"oosL"
15:22:27.204 (204212488)|STATEMENT_EXECUTE|[81]
15:22:27.204 (204218319)|STATEMENT_EXECUTE|[82]
15:22:27.204 (204339764)|VARIABLE_SCOPE_BEGIN|[82]|idx|Integer|false|false
15:22:27.204 (204345405)|HEAP_ALLOCATE|[82]|Bytes:4
15:22:27.204 (204354570)|VARIABLE_ASSIGNMENT|[82]|idx|19
15:22:27.204 (204358436)|STATEMENT_EXECUTE|[83]
15:22:27.204 (204378228)|HEAP_ALLOCATE|[83]|Bytes:1
15:22:27.204 (204392742)|HEAP_ALLOCATE|[83]|Bytes:5
15:22:27.204 (204402461)|VARIABLE_ASSIGNMENT|[83]|randStr|"oosLT"
15:22:27.204 (204422595)|STATEMENT_EXECUTE|[81]
15:22:27.204 (204425758)|STATEMENT_EXECUTE|[82]
15:22:27.204 (204524336)|VARIABLE_SCOPE_BEGIN|[82]|idx|Integer|false|false
15:22:27.204 (204529413)|HEAP_ALLOCATE|[82]|Bytes:4
15:22:27.204 (204537966)|VARIABLE_ASSIGNMENT|[82]|idx|57
15:22:27.204 (204541660)|STATEMENT_EXECUTE|[83]
15:22:27.204 (204561008)|HEAP_ALLOCATE|[83]|Bytes:1
15:22:27.204 (204575028)|HEAP_ALLOCATE|[83]|Bytes:6
15:22:27.204 (204584617)|VARIABLE_ASSIGNMENT|[83]|randStr|"oosLTv"
15:22:27.204 (204604099)|STATEMENT_EXECUTE|[81]
15:22:27.204 (204607237)|STATEMENT_EXECUTE|[82]
15:22:27.204 (204704508)|VARIABLE_SCOPE_BEGIN|[82]|idx|Integer|false|false
15:22:27.204 (204709597)|HEAP_ALLOCATE|[82]|Bytes:4
15:22:27.204 (204718122)|VARIABLE_ASSIGNMENT|[82]|idx|40
15:22:27.204 (204721751)|STATEMENT_EXECUTE|[83]
15:22:27.204 (204740850)|HEAP_ALLOCATE|[83]|Bytes:1
15:22:27.204 (204755234)|HEAP_ALLOCATE|[83]|Bytes:7
15:22:27.204 (204764711)|VARIABLE_ASSIGNMENT|[83]|randStr|"oosLTve"
15:22:27.204 (204784541)|STATEMENT_EXECUTE|[81]
15:22:27.204 (204787662)|STATEMENT_EXECUTE|[82]
15:22:27.204 (204883391)|VARIABLE_SCOPE_BEGIN|[82]|idx|Integer|false|false
15:22:27.204 (204888381)|HEAP_ALLOCATE|[82]|Bytes:4
15:22:27.204 (204896822)|VARIABLE_ASSIGNMENT|[82]|idx|56
15:22:27.204 (204900453)|STATEMENT_EXECUTE|[83]
15:22:27.204 (204919584)|HEAP_ALLOCATE|[83]|Bytes:1
15:22:27.204 (204933597)|HEAP_ALLOCATE|[83]|Bytes:8
15:22:27.204 (204943004)|VARIABLE_ASSIGNMENT|[83]|randStr|"oosLTveu"
15:22:27.204 (204962599)|STATEMENT_EXECUTE|[81]
15:22:27.204 (204965778)|STATEMENT_EXECUTE|[82]
15:22:27.205 (205061260)|VARIABLE_SCOPE_BEGIN|[82]|idx|Integer|false|false
15:22:27.205 (205067141)|HEAP_ALLOCATE|[82]|Bytes:4
15:22:27.205 (205075726)|VARIABLE_ASSIGNMENT|[82]|idx|57
15:22:27.205 (205079416)|STATEMENT_EXECUTE|[83]
15:22:27.205 (205098610)|HEAP_ALLOCATE|[83]|Bytes:1
15:22:27.205 (205112932)|HEAP_ALLOCATE|[83]|Bytes:9
15:22:27.205 (205122282)|VARIABLE_ASSIGNMENT|[83]|randStr|"oosLTveuv"
15:22:27.205 (205142030)|STATEMENT_EXECUTE|[81]
15:22:27.205 (205145571)|STATEMENT_EXECUTE|[82]
15:22:27.205 (205246492)|VARIABLE_SCOPE_BEGIN|[82]|idx|Integer|false|false
15:22:27.205 (205251771)|HEAP_ALLOCATE|[82]|Bytes:4
15:22:27.205 (205260596)|VARIABLE_ASSIGNMENT|[82]|idx|23
15:22:27.205 (205264421)|STATEMENT_EXECUTE|[83]
15:22:27.205 (205284296)|HEAP_ALLOCATE|[83]|Bytes:1
15:22:27.205 (205298749)|HEAP_ALLOCATE|[83]|Bytes:10
15:22:27.205 (205308269)|VARIABLE_ASSIGNMENT|[83]|randStr|"oosLTveuvX"
15:22:27.205 (205327927)|STATEMENT_EXECUTE|[81]
15:22:27.205 (205331081)|STATEMENT_EXECUTE|[82]
15:22:27.205 (205427584)|VARIABLE_SCOPE_BEGIN|[82]|idx|Integer|false|false
15:22:27.205 (205432490)|HEAP_ALLOCATE|[82]|Bytes:4
15:22:27.205 (205440914)|VARIABLE_ASSIGNMENT|[82]|idx|24
15:22:27.205 (205444688)|STATEMENT_EXECUTE|[83]
15:22:27.205 (205464060)|HEAP_ALLOCATE|[83]|Bytes:1
15:22:27.205 (205478482)|HEAP_ALLOCATE|[83]|Bytes:11
15:22:27.205 (205488042)|VARIABLE_ASSIGNMENT|[83]|randStr|"oosLTveuvXY"
15:22:27.205 (205507839)|STATEMENT_EXECUTE|[81]
15:22:27.205 (205511180)|STATEMENT_EXECUTE|[82]
15:22:27.205 (205608495)|VARIABLE_SCOPE_BEGIN|[82]|idx|Integer|false|false
15:22:27.205 (205613376)|HEAP_ALLOCATE|[82]|Bytes:4
15:22:27.205 (205622039)|VARIABLE_ASSIGNMENT|[82]|idx|51
15:22:27.205 (205625697)|STATEMENT_EXECUTE|[83]
15:22:27.205 (205644964)|HEAP_ALLOCATE|[83]|Bytes:1
15:22:27.205 (205659214)|HEAP_ALLOCATE|[83]|Bytes:12
15:22:27.205 (205668629)|VARIABLE_ASSIGNMENT|[83]|randStr|"oosLTveuvXYp"
15:22:27.205 (205688545)|STATEMENT_EXECUTE|[81]
15:22:27.205 (205691672)|STATEMENT_EXECUTE|[82]
15:22:27.205 (205795345)|VARIABLE_SCOPE_BEGIN|[82]|idx|Integer|false|false
15:22:27.205 (205800385)|HEAP_ALLOCATE|[82]|Bytes:4
15:22:27.205 (205809042)|VARIABLE_ASSIGNMENT|[82]|idx|4
15:22:27.205 (205812783)|STATEMENT_EXECUTE|[83]
15:22:27.205 (205832143)|HEAP_ALLOCATE|[83]|Bytes:1
15:22:27.205 (205846586)|HEAP_ALLOCATE|[83]|Bytes:13
15:22:27.205 (205856085)|VARIABLE_ASSIGNMENT|[83]|randStr|"oosLTveuvXYpE"
15:22:27.205 (205875758)|STATEMENT_EXECUTE|[81]
15:22:27.205 (205879343)|STATEMENT_EXECUTE|[82]
15:22:27.205 (205978675)|VARIABLE_SCOPE_BEGIN|[82]|idx|Integer|false|false
15:22:27.205 (205983523)|HEAP_ALLOCATE|[82]|Bytes:4
15:22:27.205 (205992012)|VARIABLE_ASSIGNMENT|[82]|idx|1
15:22:27.205 (205995739)|STATEMENT_EXECUTE|[83]
15:22:27.206 (206014746)|HEAP_ALLOCATE|[83]|Bytes:1
15:22:27.206 (206030301)|HEAP_ALLOCATE|[83]|Bytes:14
15:22:27.206 (206039995)|VARIABLE_ASSIGNMENT|[83]|randStr|"oosLTveuvXYpEB"
15:22:27.206 (206059691)|STATEMENT_EXECUTE|[81]
15:22:27.206 (206062887)|STATEMENT_EXECUTE|[82]
15:22:27.206 (206158801)|VARIABLE_SCOPE_BEGIN|[82]|idx|Integer|false|false
15:22:27.206 (206163917)|HEAP_ALLOCATE|[82]|Bytes:4
15:22:27.206 (206172504)|VARIABLE_ASSIGNMENT|[82]|idx|20
15:22:27.206 (206176257)|STATEMENT_EXECUTE|[83]
15:22:27.206 (206195420)|HEAP_ALLOCATE|[83]|Bytes:1
15:22:27.206 (206209896)|HEAP_ALLOCATE|[83]|Bytes:15
15:22:27.206 (206219450)|VARIABLE_ASSIGNMENT|[83]|randStr|"oosLTveuvXYpEBU"
15:22:27.206 (206243881)|STATEMENT_EXECUTE|[81]
15:22:27.206 (206247664)|STATEMENT_EXECUTE|[82]
15:22:27.206 (206344581)|VARIABLE_SCOPE_BEGIN|[82]|idx|Integer|false|false
15:22:27.206 (206349567)|HEAP_ALLOCATE|[82]|Bytes:4
15:22:27.206 (206358059)|VARIABLE_ASSIGNMENT|[82]|idx|14
15:22:27.206 (206361810)|STATEMENT_EXECUTE|[83]
15:22:27.206 (206380859)|HEAP_ALLOCATE|[83]|Bytes:1
15:22:27.206 (206395048)|HEAP_ALLOCATE|[83]|Bytes:16
15:22:27.206 (206408325)|VARIABLE_ASSIGNMENT|[83]|randStr|"oosLTveuvXYpEBUO"
15:22:27.206 (206429607)|STATEMENT_EXECUTE|[81]
15:22:27.206 (206432975)|STATEMENT_EXECUTE|[82]
15:22:27.206 (206530566)|VARIABLE_SCOPE_BEGIN|[82]|idx|Integer|false|false
15:22:27.206 (206535538)|HEAP_ALLOCATE|[82]|Bytes:4
15:22:27.206 (206543993)|VARIABLE_ASSIGNMENT|[82]|idx|10
15:22:27.206 (206547598)|STATEMENT_EXECUTE|[83]
15:22:27.206 (206566845)|HEAP_ALLOCATE|[83]|Bytes:1
15:22:27.206 (206581128)|HEAP_ALLOCATE|[83]|Bytes:17
15:22:27.206 (206590795)|VARIABLE_ASSIGNMENT|[83]|randStr|"oosLTveuvXYpEBUOK"
15:22:27.206 (206610562)|STATEMENT_EXECUTE|[81]
15:22:27.206 (206614218)|STATEMENT_EXECUTE|[82]
15:22:27.206 (206709787)|VARIABLE_SCOPE_BEGIN|[82]|idx|Integer|false|false
15:22:27.206 (206714735)|HEAP_ALLOCATE|[82]|Bytes:4
15:22:27.206 (206723149)|VARIABLE_ASSIGNMENT|[82]|idx|23
15:22:27.206 (206726784)|STATEMENT_EXECUTE|[83]
15:22:27.206 (206745796)|HEAP_ALLOCATE|[83]|Bytes:1
15:22:27.206 (206760281)|HEAP_ALLOCATE|[83]|Bytes:18
15:22:27.206 (206770091)|VARIABLE_ASSIGNMENT|[83]|randStr|"oosLTveuvXYpEBUOKX"
15:22:27.206 (206790178)|STATEMENT_EXECUTE|[85]
15:22:27.206 (206799179)|METHOD_EXIT|[57]|01p58000000n2RS|ScoringSchemeHelper.generateRandomString(Integer)
15:22:27.206 (206805317)|VARIABLE_SCOPE_BEGIN|[57]|rId|String|false|false
15:22:27.206 (206813691)|VARIABLE_ASSIGNMENT|[57]|rId|"oosLTveuvXYpEBUOKX"
15:22:27.206 (206817293)|STATEMENT_EXECUTE|[58]
15:22:27.206 (206831733)|METHOD_ENTRY|[58]|01p58000000n2RS|ScoringSchemeHelper.createSObject(SObjectData)
15:22:27.206 (206854956)|VARIABLE_SCOPE_BEGIN|[11]|this|ScoringSchemeHelper|true|false
15:22:27.206 (206879632)|VARIABLE_ASSIGNMENT|[11]|this|{"childrenMap":"0x4008dc31"}|0x3c437b84
15:22:27.206 (206887155)|VARIABLE_SCOPE_BEGIN|[11]|obj|SObjectData|true|false
15:22:27.206 (206908037)|VARIABLE_ASSIGNMENT|[11]|obj|{"children":"0x678497ec","fieldMap":"0x10e59dd9","sObjectType":"Test_objects__c"}|0x23d153b4
15:22:27.206 (206919868)|HEAP_ALLOCATE|[12]|Bytes:5
15:22:27.206 (206924956)|STATEMENT_EXECUTE|[11]
15:22:27.206 (206927690)|STATEMENT_EXECUTE|[12]
15:22:27.207 (207554977)|HEAP_ALLOCATE|[12]|Bytes:4
15:22:27.207 (207693765)|VARIABLE_SCOPE_BEGIN|[12]|scoringScheme|Test_Objects__c|true|false
15:22:27.207 (207714637)|VARIABLE_ASSIGNMENT|[12]|scoringScheme|{}|0x5e8e5026
15:22:27.207 (207726271)|HEAP_ALLOCATE|[13]|Bytes:4
15:22:27.207 (207761642)|METHOD_ENTRY|[13]|01p58000000n6Fr|SObjectData.getFieldMap()
15:22:27.207 (207771752)|VARIABLE_SCOPE_BEGIN|[52]|this|SObjectData|true|false
15:22:27.207 (207800325)|VARIABLE_ASSIGNMENT|[52]|this|{"children":"0x678497ec","fieldMap":"0x10e59dd9","sObjectType":"Test_objects__c"}|0x23d153b4
15:22:27.207 (207811662)|HEAP_ALLOCATE|[53]|Bytes:5
15:22:27.207 (207816690)|STATEMENT_EXECUTE|[52]
15:22:27.207 (207819465)|STATEMENT_EXECUTE|[53]
15:22:27.207 (207830008)|METHOD_EXIT|[13]|01p58000000n6Fr|SObjectData.getFieldMap()
15:22:27.207 (207875900)|HEAP_ALLOCATE|[13]|Bytes:12
15:22:27.207 (207908525)|HEAP_ALLOCATE|[13]|Bytes:4
15:22:27.207 (207950202)|HEAP_ALLOCATE|[13]|Bytes:5
15:22:27.207 (207970363)|VARIABLE_SCOPE_BEGIN|[13]|field|String|false|false
15:22:27.207 (207981740)|VARIABLE_ASSIGNMENT|[13]|field|"Name"
15:22:27.207 (207986053)|STATEMENT_EXECUTE|[13]
15:22:27.207 (207988635)|STATEMENT_EXECUTE|[14]
15:22:27.207 (207998302)|METHOD_ENTRY|[14]|01p58000000n6Fr|SObjectData.getFieldMap()
15:22:27.208 (208016858)|VARIABLE_SCOPE_BEGIN|[52]|this|SObjectData|true|false
15:22:27.208 (208043758)|VARIABLE_ASSIGNMENT|[52]|this|{"children":"0x678497ec","fieldMap":"0x10e59dd9","sObjectType":"Test_objects__c"}|0x23d153b4
15:22:27.208 (208054726)|HEAP_ALLOCATE|[53]|Bytes:5
15:22:27.208 (208059410)|STATEMENT_EXECUTE|[52]
15:22:27.208 (208062131)|STATEMENT_EXECUTE|[53]
15:22:27.208 (208070944)|METHOD_EXIT|[14]|01p58000000n6Fr|SObjectData.getFieldMap()
15:22:27.208 (208103292)|VARIABLE_SCOPE_BEGIN|[14]|value|String|false|false
15:22:27.208 (208113671)|VARIABLE_ASSIGNMENT|[14]|value|"x"
15:22:27.208 (208117500)|STATEMENT_EXECUTE|[15]
15:22:27.209 (209064574)|HEAP_ALLOCATE|[13]|Bytes:5
15:22:27.209 (209086702)|VARIABLE_ASSIGNMENT|[13]|field|null
15:22:27.209 (209092139)|STATEMENT_EXECUTE|[18]
15:22:27.209 (209101337)|METHOD_EXIT|[58]|01p58000000n2RS|ScoringSchemeHelper.createSObject(SObjectData)
15:22:27.209 (209129933)|HEAP_ALLOCATE|[EXTERNAL]|Bytes:-4
15:22:27.209 (209153125)|METHOD_ENTRY|[59]|01p58000000n6Fr|SObjectData.getChildren()
15:22:27.209 (209174133)|VARIABLE_SCOPE_BEGIN|[60]|this|SObjectData|true|false
15:22:27.209 (209202052)|VARIABLE_ASSIGNMENT|[60]|this|{"children":"0x678497ec","fieldMap":"0x10e59dd9","sObjectType":"Test_objects__c"}|0x23d153b4
15:22:27.209 (209213403)|HEAP_ALLOCATE|[61]|Bytes:5
15:22:27.209 (209218538)|STATEMENT_EXECUTE|[60]
15:22:27.209 (209223994)|STATEMENT_EXECUTE|[61]
15:22:27.209 (209226536)|STATEMENT_EXECUTE|[64]
15:22:27.209 (209239917)|METHOD_EXIT|[59]|01p58000000n6Fr|SObjectData.getChildren()
15:22:27.209 (209258622)|STATEMENT_EXECUTE|[59]
15:22:27.209 (209261762)|STATEMENT_EXECUTE|[60]
15:22:27.209 (209269683)|METHOD_ENTRY|[60]|01p58000000n6Fr|SObjectData.getChildren()
15:22:27.209 (209282378)|VARIABLE_SCOPE_BEGIN|[60]|this|SObjectData|true|false
15:22:27.209 (209307495)|VARIABLE_ASSIGNMENT|[60]|this|{"children":"0x678497ec","fieldMap":"0x10e59dd9","sObjectType":"Test_objects__c"}|0x23d153b4
15:22:27.209 (209317775)|HEAP_ALLOCATE|[61]|Bytes:5
15:22:27.209 (209322616)|STATEMENT_EXECUTE|[60]
15:22:27.209 (209326274)|STATEMENT_EXECUTE|[61]
15:22:27.209 (209328739)|STATEMENT_EXECUTE|[64]
15:22:27.209 (209336893)|METHOD_EXIT|[60]|01p58000000n6Fr|SObjectData.getChildren()
15:22:27.209 (209353493)|METHOD_ENTRY|[60]|01p58000000n2RS|ScoringSchemeHelper.createChildren(String, List<SObjectData>)
15:22:27.209 (209363524)|VARIABLE_SCOPE_BEGIN|[66]|this|ScoringSchemeHelper|true|false
15:22:27.209 (209385343)|VARIABLE_ASSIGNMENT|[66]|this|{"childrenMap":"0x4008dc31"}|0x3c437b84
15:22:27.209 (209395343)|VARIABLE_SCOPE_BEGIN|[66]|parentId|String|false|false
15:22:27.209 (209403752)|VARIABLE_ASSIGNMENT|[66]|parentId|"oosLTveuvXYpEBUOKX"
15:22:27.209 (209409151)|VARIABLE_SCOPE_BEGIN|[66]|childrenList|List<SObjectData>|true|false
15:22:27.209 (209434926)|VARIABLE_ASSIGNMENT|[66]|childrenList|{"s":1,"v":[{"fieldMap":"0x5ab6951e","parent":"0x23d153b4","sObjectType":"Test_objects__c"}]}|0x678497ec
15:22:27.209 (209446364)|HEAP_ALLOCATE|[67]|Bytes:5
15:22:27.209 (209451528)|STATEMENT_EXECUTE|[66]
15:22:27.209 (209454343)|STATEMENT_EXECUTE|[67]
15:22:27.209 (209459591)|HEAP_ALLOCATE|[67]|Bytes:4
15:22:27.209 (209466484)|VARIABLE_SCOPE_BEGIN|[67]|childObjects|Map<String,SObject>|true|false
15:22:27.209 (209485370)|VARIABLE_ASSIGNMENT|[67]|childObjects|{"s":1,"v":{}}|0x1f3cb120
15:22:27.209 (209531535)|HEAP_ALLOCATE|[68]|Bytes:5
15:22:27.209 (209547201)|HEAP_ALLOCATE|[68]|Bytes:20
15:22:27.209 (209556384)|VARIABLE_SCOPE_BEGIN|[68]|obj|SObjectData|true|false
15:22:27.209 (209582821)|VARIABLE_ASSIGNMENT|[68]|obj|{"fieldMap":"0x5ab6951e","parent":"0x23d153b4","sObjectType":"Test_objects__c"}|0x1bd1780e
15:22:27.209 (209590026)|STATEMENT_EXECUTE|[68]
15:22:27.209 (209592780)|STATEMENT_EXECUTE|[69]
15:22:27.209 (209602306)|METHOD_ENTRY|[69]|01p58000000n2RS|ScoringSchemeHelper.generateRandomString(Integer)
15:22:27.209 (209616390)|HEAP_ALLOCATE|[79]|Bytes:4
15:22:27.209 (209620657)|VARIABLE_SCOPE_BEGIN|[78]|len|Integer|false|false
15:22:27.209 (209628416)|VARIABLE_ASSIGNMENT|[78]|len|18
15:22:27.209 (209635859)|HEAP_ALLOCATE|[79]|Bytes:5
15:22:27.209 (209639779)|STATEMENT_EXECUTE|[78]
15:22:27.209 (209642377)|STATEMENT_EXECUTE|[79]
15:22:27.209 (209646797)|VARIABLE_SCOPE_BEGIN|[79]|chars|String|false|false
15:22:27.209 (209655843)|VARIABLE_ASSIGNMENT|[79]|chars|"ABCDEFGHIJKLMNOPQRST (42 more) ..."
15:22:27.209 (209659639)|STATEMENT_EXECUTE|[80]
15:22:27.209 (209663189)|VARIABLE_SCOPE_BEGIN|[80]|randStr|String|false|false
15:22:27.209 (209668918)|VARIABLE_ASSIGNMENT|[80]|randStr|""
15:22:27.209 (209693245)|STATEMENT_EXECUTE|[81]
15:22:27.209 (209697130)|STATEMENT_EXECUTE|[82]
15:22:27.209 (209801093)|VARIABLE_SCOPE_BEGIN|[82]|idx|Integer|false|false
15:22:27.209 (209806314)|HEAP_ALLOCATE|[82]|Bytes:4
15:22:27.209 (209815121)|VARIABLE_ASSIGNMENT|[82]|idx|47
15:22:27.209 (209819019)|STATEMENT_EXECUTE|[83]
15:22:27.209 (209839424)|HEAP_ALLOCATE|[83]|Bytes:1
15:22:27.209 (209854894)|HEAP_ALLOCATE|[83]|Bytes:1
15:22:27.209 (209864358)|VARIABLE_ASSIGNMENT|[83]|randStr|"l"
15:22:27.209 (209884539)|STATEMENT_EXECUTE|[81]
15:22:27.209 (209887729)|STATEMENT_EXECUTE|[82]
15:22:27.209 (209985518)|VARIABLE_SCOPE_BEGIN|[82]|idx|Integer|false|false
15:22:27.209 (209990569)|HEAP_ALLOCATE|[82]|Bytes:4
15:22:27.209 (209999056)|VARIABLE_ASSIGNMENT|[82]|idx|51
15:22:27.210 (210002741)|STATEMENT_EXECUTE|[83]
15:22:27.210 (210023365)|HEAP_ALLOCATE|[83]|Bytes:1
15:22:27.210 (210037890)|HEAP_ALLOCATE|[83]|Bytes:2
15:22:27.210 (210047227)|VARIABLE_ASSIGNMENT|[83]|randStr|"lp"
15:22:27.210 (210066961)|STATEMENT_EXECUTE|[81]
15:22:27.210 (210070328)|STATEMENT_EXECUTE|[82]
15:22:27.210 (210176395)|VARIABLE_SCOPE_BEGIN|[82]|idx|Integer|false|false
15:22:27.210 (210181599)|HEAP_ALLOCATE|[82]|Bytes:4
15:22:27.210 (210190377)|VARIABLE_ASSIGNMENT|[82]|idx|3
15:22:27.210 (210194173)|STATEMENT_EXECUTE|[83]
15:22:27.210 (210213552)|HEAP_ALLOCATE|[83]|Bytes:1
15:22:27.210 (210227842)|HEAP_ALLOCATE|[83]|Bytes:3
15:22:27.210 (210241270)|VARIABLE_ASSIGNMENT|[83]|randStr|"lpD"
15:22:27.210 (210261775)|STATEMENT_EXECUTE|[81]
15:22:27.210 (210265105)|STATEMENT_EXECUTE|[82]
15:22:27.210 (210363752)|VARIABLE_SCOPE_BEGIN|[82]|idx|Integer|false|false
15:22:27.210 (210368798)|HEAP_ALLOCATE|[82]|Bytes:4
15:22:27.210 (210377224)|VARIABLE_ASSIGNMENT|[82]|idx|29
15:22:27.210 (210381006)|STATEMENT_EXECUTE|[83]
15:22:27.210 (210403806)|HEAP_ALLOCATE|[83]|Bytes:1
15:22:27.210 (210419485)|HEAP_ALLOCATE|[83]|Bytes:4
15:22:27.210 (210429360)|VARIABLE_ASSIGNMENT|[83]|randStr|"lpD3"
15:22:27.210 (210449484)|STATEMENT_EXECUTE|[81]
15:22:27.210 (210452775)|STATEMENT_EXECUTE|[82]
15:22:27.210 (210549710)|VARIABLE_SCOPE_BEGIN|[82]|idx|Integer|false|false
15:22:27.210 (210554642)|HEAP_ALLOCATE|[82]|Bytes:4
15:22:27.210 (210563216)|VARIABLE_ASSIGNMENT|[82]|idx|47
15:22:27.210 (210566933)|STATEMENT_EXECUTE|[83]
15:22:27.210 (210586334)|HEAP_ALLOCATE|[83]|Bytes:1
15:22:27.210 (210600579)|HEAP_ALLOCATE|[83]|Bytes:5
15:22:27.210 (210609813)|VARIABLE_ASSIGNMENT|[83]|randStr|"lpD3l"
15:22:27.210 (210629110)|STATEMENT_EXECUTE|[81]
15:22:27.210 (210632352)|STATEMENT_EXECUTE|[82]
15:22:27.210 (210728219)|VARIABLE_SCOPE_BEGIN|[82]|idx|Integer|false|false
15:22:27.210 (210733024)|HEAP_ALLOCATE|[82]|Bytes:4
15:22:27.210 (210741616)|VARIABLE_ASSIGNMENT|[82]|idx|27
15:22:27.210 (210745276)|STATEMENT_EXECUTE|[83]
15:22:27.210 (210764541)|HEAP_ALLOCATE|[83]|Bytes:1
15:22:27.210 (210778873)|HEAP_ALLOCATE|[83]|Bytes:6
15:22:27.210 (210788119)|VARIABLE_ASSIGNMENT|[83]|randStr|"lpD3l1"
15:22:27.210 (210811659)|STATEMENT_EXECUTE|[81]
15:22:27.210 (210815038)|STATEMENT_EXECUTE|[82]
15:22:27.210 (210911840)|VARIABLE_SCOPE_BEGIN|[82]|idx|Integer|false|false
15:22:27.210 (210917070)|HEAP_ALLOCATE|[82]|Bytes:4
15:22:27.210 (210925733)|VARIABLE_ASSIGNMENT|[82]|idx|26
15:22:27.210 (210929349)|STATEMENT_EXECUTE|[83]
15:22:27.210 (210948632)|HEAP_ALLOCATE|[83]|Bytes:1
15:22:27.210 (210962956)|HEAP_ALLOCATE|[83]|Bytes:7
15:22:27.210 (210972423)|VARIABLE_ASSIGNMENT|[83]|randStr|"lpD3l10"
15:22:27.210 (210991876)|STATEMENT_EXECUTE|[81]
15:22:27.210 (210995062)|STATEMENT_EXECUTE|[82]
15:22:27.211 (211091146)|VARIABLE_SCOPE_BEGIN|[82]|idx|Integer|false|false
15:22:27.211 (211096999)|HEAP_ALLOCATE|[82]|Bytes:4
15:22:27.211 (211105526)|VARIABLE_ASSIGNMENT|[82]|idx|23
15:22:27.211 (211109143)|STATEMENT_EXECUTE|[83]
15:22:27.211 (211128495)|HEAP_ALLOCATE|[83]|Bytes:1
15:22:27.211 (211142813)|HEAP_ALLOCATE|[83]|Bytes:8
15:22:27.211 (211152174)|VARIABLE_ASSIGNMENT|[83]|randStr|"lpD3l10X"
15:22:27.211 (211171596)|STATEMENT_EXECUTE|[81]
15:22:27.211 (211174835)|STATEMENT_EXECUTE|[82]
15:22:27.211 (211282589)|VARIABLE_SCOPE_BEGIN|[82]|idx|Integer|false|false
15:22:27.211 (211288194)|HEAP_ALLOCATE|[82]|Bytes:4
15:22:27.211 (211297241)|VARIABLE_ASSIGNMENT|[82]|idx|12
15:22:27.211 (211300991)|STATEMENT_EXECUTE|[83]
15:22:27.211 (211321076)|HEAP_ALLOCATE|[83]|Bytes:1
15:22:27.211 (211335650)|HEAP_ALLOCATE|[83]|Bytes:9
15:22:27.211 (211345182)|VARIABLE_ASSIGNMENT|[83]|randStr|"lpD3l10XM"
15:22:27.211 (211364845)|STATEMENT_EXECUTE|[81]
15:22:27.211 (211368017)|STATEMENT_EXECUTE|[82]
15:22:27.211 (211469355)|VARIABLE_SCOPE_BEGIN|[82]|idx|Integer|false|false
15:22:27.211 (211474462)|HEAP_ALLOCATE|[82]|Bytes:4
15:22:27.211 (211483063)|VARIABLE_ASSIGNMENT|[82]|idx|57
15:22:27.211 (211486772)|STATEMENT_EXECUTE|[83]
15:22:27.211 (211506182)|HEAP_ALLOCATE|[83]|Bytes:1
15:22:27.211 (211520679)|HEAP_ALLOCATE|[83]|Bytes:10
15:22:27.211 (211530082)|VARIABLE_ASSIGNMENT|[83]|randStr|"lpD3l10XMv"
15:22:27.211 (211549609)|STATEMENT_EXECUTE|[81]
15:22:27.211 (211552717)|STATEMENT_EXECUTE|[82]
15:22:27.211 (211665948)|VARIABLE_SCOPE_BEGIN|[82]|idx|Integer|false|false
15:22:27.211 (211671537)|HEAP_ALLOCATE|[82]|Bytes:4
15:22:27.211 (211680150)|VARIABLE_ASSIGNMENT|[82]|idx|56
15:22:27.211 (211683751)|STATEMENT_EXECUTE|[83]
15:22:27.211 (211703154)|HEAP_ALLOCATE|[83]|Bytes:1
15:22:27.211 (211717432)|HEAP_ALLOCATE|[83]|Bytes:11
15:22:27.211 (211726903)|VARIABLE_ASSIGNMENT|[83]|randStr|"lpD3l10XMvu"
15:22:27.211 (211746657)|STATEMENT_EXECUTE|[81]
15:22:27.211 (211749811)|STATEMENT_EXECUTE|[82]
15:22:27.211 (211844959)|VARIABLE_SCOPE_BEGIN|[82]|idx|Integer|false|false
15:22:27.211 (211849904)|HEAP_ALLOCATE|[82]|Bytes:4
15:22:27.211 (211858372)|VARIABLE_ASSIGNMENT|[82]|idx|29
15:22:27.211 (211861968)|STATEMENT_EXECUTE|[83]
15:22:27.211 (211881460)|HEAP_ALLOCATE|[83]|Bytes:1
15:22:27.211 (211895894)|HEAP_ALLOCATE|[83]|Bytes:12
15:22:27.211 (211905341)|VARIABLE_ASSIGNMENT|[83]|randStr|"lpD3l10XMvu3"
15:22:27.211 (211925134)|STATEMENT_EXECUTE|[81]
15:22:27.211 (211928345)|STATEMENT_EXECUTE|[82]
15:22:27.212 (212023496)|VARIABLE_SCOPE_BEGIN|[82]|idx|Integer|false|false
15:22:27.212 (212029509)|HEAP_ALLOCATE|[82]|Bytes:4
15:22:27.212 (212038231)|VARIABLE_ASSIGNMENT|[82]|idx|11
15:22:27.212 (212041788)|STATEMENT_EXECUTE|[83]
15:22:27.212 (212061221)|HEAP_ALLOCATE|[83]|Bytes:1
15:22:27.212 (212075793)|HEAP_ALLOCATE|[83]|Bytes:13
15:22:27.212 (212085388)|VARIABLE_ASSIGNMENT|[83]|randStr|"lpD3l10XMvu3L"
15:22:27.212 (212104853)|STATEMENT_EXECUTE|[81]
15:22:27.212 (212108078)|STATEMENT_EXECUTE|[82]
15:22:27.212 (212205124)|VARIABLE_SCOPE_BEGIN|[82]|idx|Integer|false|false
15:22:27.212 (212210034)|HEAP_ALLOCATE|[82]|Bytes:4
15:22:27.212 (212218639)|VARIABLE_ASSIGNMENT|[82]|idx|46
15:22:27.212 (212222304)|STATEMENT_EXECUTE|[83]
15:22:27.212 (212245436)|HEAP_ALLOCATE|[83]|Bytes:1
15:22:27.212 (212260613)|HEAP_ALLOCATE|[83]|Bytes:14
15:22:27.212 (212270491)|VARIABLE_ASSIGNMENT|[83]|randStr|"lpD3l10XMvu3Lk"
15:22:27.212 (212290359)|STATEMENT_EXECUTE|[81]
15:22:27.212 (212293486)|STATEMENT_EXECUTE|[82]
15:22:27.212 (212392202)|VARIABLE_SCOPE_BEGIN|[82]|idx|Integer|false|false
15:22:27.212 (212398804)|HEAP_ALLOCATE|[82]|Bytes:4
15:22:27.212 (212408552)|VARIABLE_ASSIGNMENT|[82]|idx|11
15:22:27.212 (212412358)|STATEMENT_EXECUTE|[83]
15:22:27.212 (212432649)|HEAP_ALLOCATE|[83]|Bytes:1
15:22:27.212 (212447312)|HEAP_ALLOCATE|[83]|Bytes:15
15:22:27.212 (212457181)|VARIABLE_ASSIGNMENT|[83]|randStr|"lpD3l10XMvu3LkL"
15:22:27.212 (212476784)|STATEMENT_EXECUTE|[81]
15:22:27.212 (212479873)|STATEMENT_EXECUTE|[82]
15:22:27.212 (212575748)|VARIABLE_SCOPE_BEGIN|[82]|idx|Integer|false|false
15:22:27.212 (212580644)|HEAP_ALLOCATE|[82]|Bytes:4
15:22:27.212 (212589118)|VARIABLE_ASSIGNMENT|[82]|idx|46
15:22:27.212 (212592695)|STATEMENT_EXECUTE|[83]
15:22:27.212 (212612019)|HEAP_ALLOCATE|[83]|Bytes:1
15:22:27.212 (212626530)|HEAP_ALLOCATE|[83]|Bytes:16
15:22:27.212 (212636195)|VARIABLE_ASSIGNMENT|[83]|randStr|"lpD3l10XMvu3LkLk"
15:22:27.212 (212655882)|STATEMENT_EXECUTE|[81]
15:22:27.212 (212658972)|STATEMENT_EXECUTE|[82]
15:22:27.212 (212754668)|VARIABLE_SCOPE_BEGIN|[82]|idx|Integer|false|false
15:22:27.212 (212759540)|HEAP_ALLOCATE|[82]|Bytes:4
15:22:27.212 (212768421)|VARIABLE_ASSIGNMENT|[82]|idx|25
15:22:27.212 (212771980)|STATEMENT_EXECUTE|[83]
15:22:27.212 (212791557)|HEAP_ALLOCATE|[83]|Bytes:1
15:22:27.212 (212805933)|HEAP_ALLOCATE|[83]|Bytes:17
15:22:27.212 (212815588)|VARIABLE_ASSIGNMENT|[83]|randStr|"lpD3l10XMvu3LkLkZ"
15:22:27.212 (212835303)|STATEMENT_EXECUTE|[81]
15:22:27.212 (212838441)|STATEMENT_EXECUTE|[82]
15:22:27.212 (212934481)|VARIABLE_SCOPE_BEGIN|[82]|idx|Integer|false|false
15:22:27.212 (212939415)|HEAP_ALLOCATE|[82]|Bytes:4
15:22:27.212 (212947937)|VARIABLE_ASSIGNMENT|[82]|idx|37
15:22:27.212 (212951629)|STATEMENT_EXECUTE|[83]
15:22:27.212 (212970925)|HEAP_ALLOCATE|[83]|Bytes:1
15:22:27.212 (212985171)|HEAP_ALLOCATE|[83]|Bytes:18
15:22:27.212 (212994934)|VARIABLE_ASSIGNMENT|[83]|randStr|"lpD3l10XMvu3LkLkZb"
15:22:27.213 (213014962)|STATEMENT_EXECUTE|[85]
15:22:27.213 (213024761)|METHOD_EXIT|[69]|01p58000000n2RS|ScoringSchemeHelper.generateRandomString(Integer)
15:22:27.213 (213031003)|VARIABLE_SCOPE_BEGIN|[69]|rId|String|false|false
15:22:27.213 (213039564)|VARIABLE_ASSIGNMENT|[69]|rId|"lpD3l10XMvu3LkLkZb"
15:22:27.213 (213043538)|STATEMENT_EXECUTE|[70]
15:22:27.213 (213053135)|METHOD_ENTRY|[70]|01p58000000n2RS|ScoringSchemeHelper.createSObject(SObjectData)
15:22:27.213 (213066758)|VARIABLE_SCOPE_BEGIN|[11]|this|ScoringSchemeHelper|true|false
15:22:27.213 (213088853)|VARIABLE_ASSIGNMENT|[11]|this|{"childrenMap":"0x4008dc31"}|0x3c437b84
15:22:27.213 (213093889)|VARIABLE_SCOPE_BEGIN|[11]|obj|SObjectData|true|false
15:22:27.213 (213112218)|VARIABLE_ASSIGNMENT|[11]|obj|{"fieldMap":"0x5ab6951e","parent":"0x23d153b4","sObjectType":"Test_objects__c"}|0x1bd1780e
15:22:27.213 (213122483)|HEAP_ALLOCATE|[12]|Bytes:5
15:22:27.213 (213127104)|STATEMENT_EXECUTE|[11]
15:22:27.213 (213129949)|STATEMENT_EXECUTE|[12]
15:22:27.213 (213146513)|HEAP_ALLOCATE|[12]|Bytes:4
15:22:27.213 (213163436)|VARIABLE_SCOPE_BEGIN|[12]|scoringScheme|Test_Objects__c|true|false
15:22:27.213 (213178047)|VARIABLE_ASSIGNMENT|[12]|scoringScheme|{}|0x4d25f895
15:22:27.213 (213184659)|HEAP_ALLOCATE|[13]|Bytes:4
15:22:27.213 (213201933)|METHOD_ENTRY|[13]|01p58000000n6Fr|SObjectData.getFieldMap()
15:22:27.213 (213207542)|VARIABLE_SCOPE_BEGIN|[52]|this|SObjectData|true|false
15:22:27.213 (213236091)|VARIABLE_ASSIGNMENT|[52]|this|{"fieldMap":"0x5ab6951e","parent":"0x23d153b4","sObjectType":"Test_objects__c"}|0x1bd1780e
15:22:27.213 (213247307)|HEAP_ALLOCATE|[53]|Bytes:5
15:22:27.213 (213252010)|STATEMENT_EXECUTE|[52]
15:22:27.213 (213254807)|STATEMENT_EXECUTE|[53]
15:22:27.213 (213263220)|METHOD_EXIT|[13]|01p58000000n6Fr|SObjectData.getFieldMap()
15:22:27.213 (213283623)|HEAP_ALLOCATE|[13]|Bytes:12
15:22:27.213 (213306903)|HEAP_ALLOCATE|[13]|Bytes:4
15:22:27.213 (213338754)|HEAP_ALLOCATE|[13]|Bytes:5
15:22:27.213 (213354637)|VARIABLE_SCOPE_BEGIN|[13]|field|String|false|false
15:22:27.213 (213364831)|VARIABLE_ASSIGNMENT|[13]|field|"Name"
15:22:27.213 (213368931)|STATEMENT_EXECUTE|[13]
15:22:27.213 (213371607)|STATEMENT_EXECUTE|[14]
15:22:27.213 (213378456)|METHOD_ENTRY|[14]|01p58000000n6Fr|SObjectData.getFieldMap()
15:22:27.213 (213383472)|VARIABLE_SCOPE_BEGIN|[52]|this|SObjectData|true|false
15:22:27.213 (213405723)|VARIABLE_ASSIGNMENT|[52]|this|{"fieldMap":"0x5ab6951e","parent":"0x23d153b4","sObjectType":"Test_objects__c"}|0x1bd1780e
15:22:27.213 (213415753)|HEAP_ALLOCATE|[53]|Bytes:5
15:22:27.213 (213420131)|STATEMENT_EXECUTE|[52]
15:22:27.213 (213422775)|STATEMENT_EXECUTE|[53]
15:22:27.213 (213430903)|METHOD_EXIT|[14]|01p58000000n6Fr|SObjectData.getFieldMap()
15:22:27.213 (213459211)|VARIABLE_SCOPE_BEGIN|[14]|value|String|false|false
15:22:27.213 (213469815)|VARIABLE_ASSIGNMENT|[14]|value|"x"
15:22:27.213 (213473564)|STATEMENT_EXECUTE|[15]
15:22:27.213 (213559509)|HEAP_ALLOCATE|[13]|Bytes:5
15:22:27.213 (213578138)|VARIABLE_ASSIGNMENT|[13]|field|null
15:22:27.213 (213583270)|STATEMENT_EXECUTE|[18]
15:22:27.213 (213592005)|METHOD_EXIT|[70]|01p58000000n2RS|ScoringSchemeHelper.createSObject(SObjectData)
15:22:27.213 (213616326)|HEAP_ALLOCATE|[EXTERNAL]|Bytes:-4
15:22:27.213 (213636248)|METHOD_ENTRY|[71]|01p58000000n6Fr|SObjectData.getChildren()
15:22:27.213 (213650001)|VARIABLE_SCOPE_BEGIN|[60]|this|SObjectData|true|false
15:22:27.213 (213675419)|VARIABLE_ASSIGNMENT|[60]|this|{"fieldMap":"0x5ab6951e","parent":"0x23d153b4","sObjectType":"Test_objects__c"}|0x1bd1780e
15:22:27.213 (213685392)|HEAP_ALLOCATE|[61]|Bytes:5
15:22:27.213 (213690117)|STATEMENT_EXECUTE|[60]
15:22:27.213 (213693712)|STATEMENT_EXECUTE|[61]
15:22:27.213 (213696185)|STATEMENT_EXECUTE|[62]
15:22:27.213 (213701099)|HEAP_ALLOCATE|[62]|Bytes:4
15:22:27.213 (213732364)|HEAP_ALLOCATE|[EXTERNAL]|Bytes:4
15:22:27.213 (213748800)|VARIABLE_ASSIGNMENT|[62]|this.children|{"s":1,"v":[]}|0x1bd1780e
15:22:27.213 (213754117)|STATEMENT_EXECUTE|[64]
15:22:27.213 (213763783)|METHOD_EXIT|[71]|01p58000000n6Fr|SObjectData.getChildren()
15:22:27.213 (213781951)|STATEMENT_EXECUTE|[71]
15:22:27.213 (213796527)|HEAP_ALLOCATE|[68]|Bytes:5
15:22:27.213 (213812081)|VARIABLE_ASSIGNMENT|[68]|obj|null|
15:22:27.213 (213816895)|STATEMENT_EXECUTE|[75]
15:22:27.213 (213857655)|HEAP_ALLOCATE|[EXTERNAL]|Bytes:-4
15:22:27.213 (213880371)|METHOD_EXIT|[60]|01p58000000n2RS|ScoringSchemeHelper.createChildren(String, List<SObjectData>)
15:22:27.213 (213897192)|HEAP_ALLOCATE|[56]|Bytes:5
15:22:27.213 (213912891)|VARIABLE_ASSIGNMENT|[56]|obj|null|
15:22:27.213 (213917958)|STATEMENT_EXECUTE|[63]
15:22:27.213 (213925727)|METHOD_EXIT|[6]|01p58000000n2RS|ScoringSchemeHelper.createRoot(List<SObjectData>)
15:22:27.213 (213931829)|VARIABLE_SCOPE_BEGIN|[6]|root|Map<String,SObject>|true|false
15:22:27.213 (213953103)|VARIABLE_ASSIGNMENT|[6]|root|{"s":1,"v":{"oosLTveuvXYpEBUOKX":{"Name":"x"}}}|0x42f7d74
15:22:27.213 (213959055)|STATEMENT_EXECUTE|[7]
15:22:27.213 (213974658)|METHOD_ENTRY|[7]|01p58000000n2RS|ScoringSchemeHelper.insertSObjects(Map<String,SObject>)
15:22:27.213 (213998719)|VARIABLE_SCOPE_BEGIN|[25]|this|ScoringSchemeHelper|true|false
15:22:27.214 (214021068)|VARIABLE_ASSIGNMENT|[25]|this|{"childrenMap":"0x4008dc31"}|0x3c437b84
15:22:27.214 (214029616)|VARIABLE_SCOPE_BEGIN|[25]|objMap|Map<String,SObject>|true|false
15:22:27.214 (214046203)|VARIABLE_ASSIGNMENT|[25]|objMap|{"s":1,"v":{"oosLTveuvXYpEBUOKX":{"Name":"x"}}}|0x42f7d74
15:22:27.214 (214056790)|HEAP_ALLOCATE|[26]|Bytes:5
15:22:27.214 (214061949)|STATEMENT_EXECUTE|[25]
15:22:27.214 (214064617)|STATEMENT_EXECUTE|[26]
15:22:27.214 (214066893)|STATEMENT_EXECUTE|[26]
15:22:27.214 (214069152)|STATEMENT_EXECUTE|[27]
15:22:27.214 (214107710)|HEAP_ALLOCATE|[EXTERNAL]|Bytes:8
15:22:27.214 (214118566)|HEAP_ALLOCATE|[27]|Bytes:21
15:22:27.214 (214184162)|DML_BEGIN|[27]|Op:Insert|Type:SObject|Rows:1
15:22:27.214 (214207311)|HEAP_ALLOCATE|[EXTERNAL]|Bytes:8
15:22:27.254 (254398748)|DML_END|[27]
15:22:27.254 (254501990)|HEAP_ALLOCATE|[EXTERNAL]|Bytes:8
15:22:27.254 (254526683)|HEAP_ALLOCATE|[28]|Bytes:4
15:22:27.254 (254612151)|HEAP_ALLOCATE|[28]|Bytes:26
15:22:27.254 (254651245)|HEAP_ALLOCATE|[28]|Bytes:4
15:22:27.254 (254702966)|HEAP_ALLOCATE|[28]|Bytes:5
15:22:27.254 (254730111)|VARIABLE_SCOPE_BEGIN|[28]|key|String|false|false
15:22:27.254 (254757857)|VARIABLE_ASSIGNMENT|[28]|key|"oosLTveuvXYpEBUOKX"
15:22:27.254 (254766619)|STATEMENT_EXECUTE|[28]
15:22:27.254 (254827428)|STATEMENT_EXECUTE|[29]
15:22:27.254 (254831705)|STATEMENT_EXECUTE|[30]
15:22:27.254 (254913734)|HEAP_ALLOCATE|[30]|Bytes:18
15:22:27.254 (254973994)|METHOD_ENTRY|[30]|01p58000000n2RS|ScoringSchemeHelper.insertSObjects(String, Map<String,SObject>)
15:22:27.254 (254988555)|VARIABLE_SCOPE_BEGIN|[38]|this|ScoringSchemeHelper|true|false
15:22:27.255 (255031180)|VARIABLE_ASSIGNMENT|[38]|this|{"childrenMap":"0x4008dc31"}|0x3c437b84
15:22:27.255 (255040551)|VARIABLE_SCOPE_BEGIN|[38]|parentId|String|false|false
15:22:27.255 (255048326)|VARIABLE_ASSIGNMENT|[38]|parentId|"a0w58000000GsZEAA0"
15:22:27.255 (255053202)|VARIABLE_SCOPE_BEGIN|[38]|objMap|Map<String,SObject>|true|false
15:22:27.255 (255081140)|VARIABLE_ASSIGNMENT|[38]|objMap|{"s":1,"v":{"lpD3l10XMvu3LkLkZb":{"Name":"x"}}}|0x1f3cb120
15:22:27.255 (255092682)|HEAP_ALLOCATE|[39]|Bytes:5
15:22:27.255 (255098092)|STATEMENT_EXECUTE|[38]
15:22:27.255 (255100939)|STATEMENT_EXECUTE|[39]
15:22:27.255 (255103282)|STATEMENT_EXECUTE|[39]
15:22:27.255 (255114253)|HEAP_ALLOCATE|[40]|Bytes:4
15:22:27.255 (255154021)|HEAP_ALLOCATE|[40]|Bytes:26
15:22:27.255 (255179658)|HEAP_ALLOCATE|[40]|Bytes:4
15:22:27.255 (255214620)|HEAP_ALLOCATE|[40]|Bytes:5
15:22:27.255 (255238746)|VARIABLE_SCOPE_BEGIN|[40]|key|String|false|false
15:22:27.255 (255251551)|VARIABLE_ASSIGNMENT|[40]|key|"lpD3l10XMvu3LkLkZb"
15:22:27.255 (255256521)|STATEMENT_EXECUTE|[40]
15:22:27.255 (255259407)|STATEMENT_EXECUTE|[41]
15:22:27.255 (255309948)|HEAP_ALLOCATE|[41]|Bytes:9
15:22:27.255 (255434445)|HEAP_ALLOCATE|[40]|Bytes:5
15:22:27.255 (255454852)|VARIABLE_ASSIGNMENT|[40]|key|null
15:22:27.255 (255461115)|STATEMENT_EXECUTE|[43]
15:22:27.255 (255499340)|HEAP_ALLOCATE|[EXTERNAL]|Bytes:8
15:22:27.255 (255512494)|HEAP_ALLOCATE|[43]|Bytes:52
15:22:27.255 (255562030)|DML_BEGIN|[43]|Op:Insert|Type:SObject|Rows:1
15:22:27.255 (255582609)|HEAP_ALLOCATE|[EXTERNAL]|Bytes:8
15:22:27.273 (273043773)|DML_END|[43]
15:22:27.273 (273114085)|HEAP_ALLOCATE|[EXTERNAL]|Bytes:8
15:22:27.273 (273145169)|HEAP_ALLOCATE|[44]|Bytes:4
15:22:27.273 (273270735)|HEAP_ALLOCATE|[44]|Bytes:26
15:22:27.273 (273339092)|HEAP_ALLOCATE|[44]|Bytes:4
15:22:27.273 (273424559)|HEAP_ALLOCATE|[44]|Bytes:5
15:22:27.273 (273463786)|VARIABLE_SCOPE_BEGIN|[44]|key|String|false|false
15:22:27.273 (273497601)|VARIABLE_ASSIGNMENT|[44]|key|"lpD3l10XMvu3LkLkZb"
15:22:27.273 (273511572)|STATEMENT_EXECUTE|[44]
15:22:27.273 (273603532)|STATEMENT_EXECUTE|[45]
15:22:27.273 (273632751)|HEAP_ALLOCATE|[44]|Bytes:5
15:22:27.273 (273663841)|VARIABLE_ASSIGNMENT|[44]|key|null
15:22:27.273 (273691173)|METHOD_EXIT|[30]|01p58000000n2RS|ScoringSchemeHelper.insertSObjects(String, Map<String,SObject>)
15:22:27.273 (273723625)|HEAP_ALLOCATE|[28]|Bytes:5
15:22:27.273 (273752851)|VARIABLE_ASSIGNMENT|[28]|key|null
15:22:27.273 (273771058)|METHOD_EXIT|[7]|01p58000000n2RS|ScoringSchemeHelper.insertSObjects(Map<String,SObject>)
15:22:27.273 (273781939)|STATEMENT_EXECUTE|[8]
15:22:27.273 (273797204)|METHOD_EXIT|[11]|01p58000000n2RS|ScoringSchemeHelper.createSObjects(List<SObjectData>)
15:22:27.273 (273809947)|SYSTEM_MODE_EXIT|false
15:22:27.279 (279278998)|CUMULATIVE_LIMIT_USAGE
15:22:27.279 (279278998)|LIMIT_USAGE_FOR_NS|(default)|
  Number of SOQL queries: 0 out of 100
  Number of query rows: 0 out of 50000
  Number of SOSL queries: 0 out of 20
  Number of DML statements: 2 out of 150
  Number of DML rows: 2 out of 10000
  Maximum CPU time: 0 out of 10000
  Maximum heap size: 0 out of 6000000
  Number of callouts: 0 out of 100
  Number of Email Invocations: 0 out of 10
  Number of future calls: 0 out of 50
  Number of queueable jobs added to the queue: 0 out of 50
  Number of Mobile Apex push calls: 0 out of 10

15:22:27.279 (279278998)|CUMULATIVE_LIMIT_USAGE_END

15:22:27.279 (279341968)|CODE_UNIT_FINISHED|execute_anonymous_apex
15:22:27.280 (280380353)|EXECUTION_FINISHED
