35.0 APEX_CODE,FINEST;APEX_PROFILING,INFO;CALLOUT,INFO;DB,INFO;SYSTEM,DEBUG;VALIDATION,INFO;VISUALFORCE,INFO;WORKFLOW,INFO
Execute Anonymous: /*SObjectData d = new SObjectData('Test_objects__c');
Execute Anonymous: d.addValuePair('Name', 'Parent');
Execute Anonymous: d.setParentField('Parent__c');
Execute Anonymous: 
Execute Anonymous: SObjectData d1 = new SObjectData('Test_objects__c');
Execute Anonymous: d1.addValuePair('Name', 'Child 1');
Execute Anonymous: d1.setParent(d);
Execute Anonymous: d1.setParentField('Parent__c');
Execute Anonymous: 
Execute Anonymous: SObjectData d2 = new SObjectData('Test_objects__c');
Execute Anonymous: d2.addValuePair('Name', 'Child 2');
Execute Anonymous: d2.setParent(d);
Execute Anonymous: d2.setParentField('Parent__c');
Execute Anonymous: 
Execute Anonymous: SObjectData d3 = new SObjectData('Test_objects__c');
Execute Anonymous: d3.addValuePair('Name', 'Child 3');
Execute Anonymous: d3.setParent(d);
Execute Anonymous: d3.setParentField('Parent__c');
Execute Anonymous: 
Execute Anonymous: d.addChild(d1);
Execute Anonymous: d.addChild(d2);
Execute Anonymous: d.addChild(d3);
Execute Anonymous: 
Execute Anonymous: SObjectData d4 = new SObjectData('Test_objects__c');
Execute Anonymous: d4.addValuePair('Name', 'Child 4');
Execute Anonymous: d4.setParent(d3);
Execute Anonymous: d4.setParentField('Parent__c');
Execute Anonymous: 
Execute Anonymous: d3.addChild(d4);
Execute Anonymous: 
Execute Anonymous: SObjectUtility h = new SObjectUtility();
Execute Anonymous: h.createSObjects(new List<SObjectData> { d} );*/
Execute Anonymous: 
Execute Anonymous: ScoringSchemeHelper.create5x5ScoringScheme();
17:08:38.051 (51385182)|EXECUTION_STARTED
17:08:38.051 (51398397)|CODE_UNIT_STARTED|[EXTERNAL]|execute_anonymous_apex
17:08:38.051 (51639977)|HEAP_ALLOCATE|[72]|Bytes:3
17:08:38.051 (51736739)|HEAP_ALLOCATE|[77]|Bytes:152
17:08:38.051 (51773928)|HEAP_ALLOCATE|[342]|Bytes:408
17:08:38.051 (51817660)|HEAP_ALLOCATE|[355]|Bytes:408
17:08:38.051 (51859758)|HEAP_ALLOCATE|[467]|Bytes:48
17:08:38.051 (51915357)|HEAP_ALLOCATE|[139]|Bytes:6
17:08:38.051 (51965919)|HEAP_ALLOCATE|[EXTERNAL]|Bytes:2
17:08:38.052 (52086366)|STATEMENT_EXECUTE|[1]
17:08:38.052 (52095244)|STATEMENT_EXECUTE|[34]
17:08:38.052 (52166644)|HEAP_ALLOCATE|[50]|Bytes:5
17:08:38.052 (52196272)|HEAP_ALLOCATE|[56]|Bytes:5
17:08:38.052 (52215678)|HEAP_ALLOCATE|[64]|Bytes:7
17:08:38.052 (52251189)|SYSTEM_MODE_ENTER|false
17:08:38.052 (52292972)|HEAP_ALLOCATE|[34]|Bytes:5
17:08:38.053 (53569771)|HEAP_ALLOCATE|[34]|Bytes:1
17:08:38.053 (53600718)|METHOD_ENTRY|[1]|01p58000000n81u|ScoringSchemeHelper.ScoringSchemeHelper()
17:08:38.053 (53607721)|STATEMENT_EXECUTE|[1]
17:08:38.053 (53612517)|STATEMENT_EXECUTE|[1]
17:08:38.053 (53621695)|HEAP_ALLOCATE|[34]|Bytes:5
17:08:38.053 (53634055)|METHOD_EXIT|[1]|ScoringSchemeHelper
17:08:38.053 (53667470)|METHOD_ENTRY|[34]|01p58000000n81u|ScoringSchemeHelper.create5x5ScoringScheme()
17:08:38.053 (53709029)|HEAP_ALLOCATE|[4]|Bytes:5
17:08:38.053 (53715260)|STATEMENT_EXECUTE|[3]
17:08:38.053 (53717893)|STATEMENT_EXECUTE|[4]
17:08:38.055 (55051668)|HEAP_ALLOCATE|[4]|Bytes:43
17:08:38.055 (55077991)|METHOD_ENTRY|[1]|01p58000000n6Fr|SObjectData.SObjectData()
17:08:38.055 (55084644)|STATEMENT_EXECUTE|[1]
17:08:38.055 (55089107)|STATEMENT_EXECUTE|[1]
17:08:38.055 (55095748)|HEAP_ALLOCATE|[4]|Bytes:5
17:08:38.055 (55106969)|METHOD_EXIT|[1]|SObjectData
17:08:38.055 (55172924)|HEAP_ALLOCATE|[4]|Bytes:24
17:08:38.055 (55181232)|HEAP_ALLOCATE|[4]|Bytes:23
17:08:38.055 (55199497)|CONSTRUCTOR_ENTRY|[4]|01p58000000n6Fr|<init>(String)
17:08:38.055 (55249852)|VARIABLE_SCOPE_BEGIN|[8]|this|SObjectData|true|false
17:08:38.055 (55303682)|VARIABLE_ASSIGNMENT|[8]|this|{}|0x1fbd5dff
17:08:38.055 (55310215)|VARIABLE_SCOPE_BEGIN|[8]|sobjectType|String|false|false
17:08:38.055 (55324276)|VARIABLE_ASSIGNMENT|[8]|sobjectType|"Risk__Scoring_Scheme (3 more) ..."
17:08:38.055 (55332825)|HEAP_ALLOCATE|[2]|Bytes:5
17:08:38.055 (55337807)|STATEMENT_EXECUTE|[1]
17:08:38.055 (55341738)|HEAP_ALLOCATE|[2]|Bytes:5
17:08:38.055 (55344981)|STATEMENT_EXECUTE|[2]
17:08:38.055 (55353033)|HEAP_ALLOCATE|[2]|Bytes:4
17:08:38.055 (55394004)|VARIABLE_ASSIGNMENT|[2]|this.fieldMap|{"s":1,"v":{}}|0x1fbd5dff
17:08:38.055 (55400547)|STATEMENT_EXECUTE|[3]
17:08:38.055 (55403367)|STATEMENT_EXECUTE|[4]
17:08:38.055 (55405578)|STATEMENT_EXECUTE|[5]
17:08:38.055 (55407663)|STATEMENT_EXECUTE|[6]
17:08:38.055 (55420382)|HEAP_ALLOCATE|[2]|Bytes:6
17:08:38.055 (55436944)|VARIABLE_SCOPE_BEGIN|[2]|this|System.ApexBaseClass|true|false
17:08:38.055 (55465665)|VARIABLE_ASSIGNMENT|[2]|this|{"fieldMap":"0x729ac296"}|0x1fbd5dff
17:08:38.055 (55482613)|STATEMENT_EXECUTE|[8]
17:08:38.055 (55492823)|STATEMENT_EXECUTE|[9]
17:08:38.055 (55518829)|VARIABLE_ASSIGNMENT|[9]|this.sObjectType|"Risk__Scoring_Scheme (3 more) ..."|0x1fbd5dff
17:08:38.055 (55545594)|CONSTRUCTOR_EXIT|[4]|01p58000000n6Fr|<init>(String)
17:08:38.055 (55555645)|VARIABLE_SCOPE_BEGIN|[4]|scoringScheme|SObjectData|true|false
17:08:38.055 (55595633)|VARIABLE_ASSIGNMENT|[4]|scoringScheme|{"fieldMap":"0x729ac296","sObjectType":"Risk__Scoring_Scheme (3 more) ..."}|0x1fbd5dff
17:08:38.055 (55605859)|STATEMENT_EXECUTE|[5]
17:08:38.055 (55613952)|HEAP_ALLOCATE|[5]|Bytes:4
17:08:38.055 (55622280)|HEAP_ALLOCATE|[5]|Bytes:18
17:08:38.055 (55673936)|METHOD_ENTRY|[5]|01p58000000n6Fr|SObjectData.addValuePair(String, String)
17:08:38.055 (55702392)|VARIABLE_SCOPE_BEGIN|[64]|this|SObjectData|true|false
17:08:38.055 (55730221)|VARIABLE_ASSIGNMENT|[64]|this|{"fieldMap":"0x729ac296","sObjectType":"Risk__Scoring_Scheme (3 more) ..."}|0x1fbd5dff
17:08:38.055 (55736629)|VARIABLE_SCOPE_BEGIN|[64]|field|String|false|false
17:08:38.055 (55742513)|VARIABLE_ASSIGNMENT|[64]|field|"Name"
17:08:38.055 (55745866)|VARIABLE_SCOPE_BEGIN|[64]|value|String|false|false
17:08:38.055 (55750682)|VARIABLE_ASSIGNMENT|[64]|value|"Scoring Scheme 5x5"
17:08:38.055 (55759609)|HEAP_ALLOCATE|[66]|Bytes:5
17:08:38.055 (55764554)|STATEMENT_EXECUTE|[64]
17:08:38.055 (55770204)|STATEMENT_EXECUTE|[66]
17:08:38.055 (55772818)|STATEMENT_EXECUTE|[69]
17:08:38.055 (55869728)|HEAP_ALLOCATE|[EXTERNAL]|Bytes:-4
17:08:38.055 (55897204)|METHOD_EXIT|[5]|01p58000000n6Fr|SObjectData.addValuePair(String, String)
17:08:38.055 (55902863)|STATEMENT_EXECUTE|[6]
17:08:38.055 (55907360)|HEAP_ALLOCATE|[6]|Bytes:12
17:08:38.055 (55912225)|HEAP_ALLOCATE|[6]|Bytes:15
17:08:38.055 (55920944)|METHOD_ENTRY|[6]|01p58000000n6Fr|SObjectData.addValuePair(String, String)
17:08:38.055 (55935568)|VARIABLE_SCOPE_BEGIN|[64]|this|SObjectData|true|false
17:08:38.055 (55961430)|VARIABLE_ASSIGNMENT|[64]|this|{"fieldMap":"0x729ac296","sObjectType":"Risk__Scoring_Scheme (3 more) ..."}|0x1fbd5dff
17:08:38.055 (55966793)|VARIABLE_SCOPE_BEGIN|[64]|field|String|false|false
17:08:38.055 (55972600)|VARIABLE_ASSIGNMENT|[64]|field|"RecordTypeId"
17:08:38.055 (55975302)|VARIABLE_SCOPE_BEGIN|[64]|value|String|false|false
17:08:38.055 (55979859)|VARIABLE_ASSIGNMENT|[64]|value|"012580000000H5p"
17:08:38.055 (55987952)|HEAP_ALLOCATE|[66]|Bytes:5
17:08:38.055 (55992613)|STATEMENT_EXECUTE|[64]
17:08:38.055 (55996130)|STATEMENT_EXECUTE|[66]
17:08:38.055 (55998448)|STATEMENT_EXECUTE|[69]
17:08:38.056 (56018606)|HEAP_ALLOCATE|[EXTERNAL]|Bytes:-4
17:08:38.056 (56038201)|METHOD_EXIT|[6]|01p58000000n6Fr|SObjectData.addValuePair(String, String)
17:08:38.056 (56043279)|STATEMENT_EXECUTE|[8]
17:08:38.056 (56049199)|HEAP_ALLOCATE|[8]|Bytes:24
17:08:38.056 (56054573)|HEAP_ALLOCATE|[8]|Bytes:24
17:08:38.056 (56063721)|CONSTRUCTOR_ENTRY|[8]|01p58000000n6Fr|<init>(String)
17:08:38.056 (56083336)|VARIABLE_SCOPE_BEGIN|[8]|this|SObjectData|true|false
17:08:38.056 (56103955)|VARIABLE_ASSIGNMENT|[8]|this|{}|0x511d92e9
17:08:38.056 (56108249)|VARIABLE_SCOPE_BEGIN|[8]|sobjectType|String|false|false
17:08:38.056 (56116118)|VARIABLE_ASSIGNMENT|[8]|sobjectType|"Risk__Impact_Categor (4 more) ..."
17:08:38.056 (56123879)|HEAP_ALLOCATE|[2]|Bytes:5
17:08:38.056 (56128465)|STATEMENT_EXECUTE|[1]
17:08:38.056 (56132367)|HEAP_ALLOCATE|[2]|Bytes:5
17:08:38.056 (56135440)|STATEMENT_EXECUTE|[2]
17:08:38.056 (56140369)|HEAP_ALLOCATE|[2]|Bytes:4
17:08:38.056 (56161249)|VARIABLE_ASSIGNMENT|[2]|this.fieldMap|{"s":1,"v":{}}|0x511d92e9
17:08:38.056 (56166620)|STATEMENT_EXECUTE|[3]
17:08:38.056 (56169205)|STATEMENT_EXECUTE|[4]
17:08:38.056 (56171310)|STATEMENT_EXECUTE|[5]
17:08:38.056 (56173394)|STATEMENT_EXECUTE|[6]
17:08:38.056 (56181755)|VARIABLE_SCOPE_BEGIN|[2]|this|System.ApexBaseClass|true|false
17:08:38.056 (56202948)|VARIABLE_ASSIGNMENT|[2]|this|{"fieldMap":"0x2bb5290"}|0x511d92e9
17:08:38.056 (56212331)|STATEMENT_EXECUTE|[8]
17:08:38.056 (56215051)|STATEMENT_EXECUTE|[9]
17:08:38.056 (56225901)|VARIABLE_ASSIGNMENT|[9]|this.sObjectType|"Risk__Impact_Categor (4 more) ..."|0x511d92e9
17:08:38.056 (56235976)|CONSTRUCTOR_EXIT|[8]|01p58000000n6Fr|<init>(String)
17:08:38.056 (56240851)|VARIABLE_SCOPE_BEGIN|[8]|costIC|SObjectData|true|false
17:08:38.056 (56260848)|VARIABLE_ASSIGNMENT|[8]|costIC|{"fieldMap":"0x2bb5290","sObjectType":"Risk__Impact_Categor (4 more) ..."}|0x511d92e9
17:08:38.056 (56266222)|STATEMENT_EXECUTE|[9]
17:08:38.056 (56271708)|HEAP_ALLOCATE|[9]|Bytes:7
17:08:38.056 (56282631)|METHOD_ENTRY|[9]|01p58000000n6Fr|SObjectData.addValuePair(String, String)
17:08:38.056 (56296821)|VARIABLE_SCOPE_BEGIN|[64]|this|SObjectData|true|false
17:08:38.056 (56319705)|VARIABLE_ASSIGNMENT|[64]|this|{"fieldMap":"0x2bb5290","sObjectType":"Risk__Impact_Categor (4 more) ..."}|0x511d92e9
17:08:38.056 (56324576)|VARIABLE_SCOPE_BEGIN|[64]|field|String|false|false
17:08:38.056 (56329824)|VARIABLE_ASSIGNMENT|[64]|field|"Name"
17:08:38.056 (56332570)|VARIABLE_SCOPE_BEGIN|[64]|value|String|false|false
17:08:38.056 (56337070)|VARIABLE_ASSIGNMENT|[64]|value|"Cost IC"
17:08:38.056 (56344737)|HEAP_ALLOCATE|[66]|Bytes:5
17:08:38.056 (56349133)|STATEMENT_EXECUTE|[64]
17:08:38.056 (56352716)|STATEMENT_EXECUTE|[66]
17:08:38.056 (56355084)|STATEMENT_EXECUTE|[69]
17:08:38.056 (56375284)|HEAP_ALLOCATE|[EXTERNAL]|Bytes:-4
17:08:38.056 (56399619)|METHOD_EXIT|[9]|01p58000000n6Fr|SObjectData.addValuePair(String, String)
17:08:38.056 (56404928)|STATEMENT_EXECUTE|[10]
17:08:38.056 (56409920)|HEAP_ALLOCATE|[10]|Bytes:21
17:08:38.056 (56414124)|HEAP_ALLOCATE|[10]|Bytes:4
17:08:38.056 (56422351)|METHOD_ENTRY|[10]|01p58000000n6Fr|SObjectData.addValuePair(String, String)
17:08:38.056 (56436447)|VARIABLE_SCOPE_BEGIN|[64]|this|SObjectData|true|false
17:08:38.056 (56460761)|VARIABLE_ASSIGNMENT|[64]|this|{"fieldMap":"0x2bb5290","sObjectType":"Risk__Impact_Categor (4 more) ..."}|0x511d92e9
17:08:38.056 (56465685)|VARIABLE_SCOPE_BEGIN|[64]|field|String|false|false
17:08:38.056 (56471709)|VARIABLE_ASSIGNMENT|[64]|field|"Risk__Type_Of_Risk__ (1 more) ..."
17:08:38.056 (56474491)|VARIABLE_SCOPE_BEGIN|[64]|value|String|false|false
17:08:38.056 (56479351)|VARIABLE_ASSIGNMENT|[64]|value|"Cost"
17:08:38.056 (56486993)|HEAP_ALLOCATE|[66]|Bytes:5
17:08:38.056 (56491485)|STATEMENT_EXECUTE|[64]
17:08:38.056 (56495067)|STATEMENT_EXECUTE|[66]
17:08:38.056 (56497508)|STATEMENT_EXECUTE|[69]
17:08:38.056 (56516770)|HEAP_ALLOCATE|[EXTERNAL]|Bytes:-4
17:08:38.056 (56534592)|METHOD_EXIT|[10]|01p58000000n6Fr|SObjectData.addValuePair(String, String)
17:08:38.056 (56543484)|STATEMENT_EXECUTE|[12]
17:08:38.056 (56549532)|HEAP_ALLOCATE|[12]|Bytes:24
17:08:38.056 (56559228)|CONSTRUCTOR_ENTRY|[12]|01p58000000n6Fr|<init>(String)
17:08:38.056 (56578281)|VARIABLE_SCOPE_BEGIN|[8]|this|SObjectData|true|false
17:08:38.056 (56598312)|VARIABLE_ASSIGNMENT|[8]|this|{}|0x256c3b65
17:08:38.056 (56602384)|VARIABLE_SCOPE_BEGIN|[8]|sobjectType|String|false|false
17:08:38.056 (56609813)|VARIABLE_ASSIGNMENT|[8]|sobjectType|"Risk__Impact_Categor (4 more) ..."
17:08:38.056 (56617388)|HEAP_ALLOCATE|[2]|Bytes:5
17:08:38.056 (56621930)|STATEMENT_EXECUTE|[1]
17:08:38.056 (56625640)|HEAP_ALLOCATE|[2]|Bytes:5
17:08:38.056 (56628782)|STATEMENT_EXECUTE|[2]
17:08:38.056 (56633606)|HEAP_ALLOCATE|[2]|Bytes:4
17:08:38.056 (56653791)|VARIABLE_ASSIGNMENT|[2]|this.fieldMap|{"s":1,"v":{}}|0x256c3b65
17:08:38.056 (56659366)|STATEMENT_EXECUTE|[3]
17:08:38.056 (56662050)|STATEMENT_EXECUTE|[4]
17:08:38.056 (56664107)|STATEMENT_EXECUTE|[5]
17:08:38.056 (56666167)|STATEMENT_EXECUTE|[6]
17:08:38.056 (56673730)|VARIABLE_SCOPE_BEGIN|[2]|this|System.ApexBaseClass|true|false
17:08:38.056 (56694081)|VARIABLE_ASSIGNMENT|[2]|this|{"fieldMap":"0x7d1bc28a"}|0x256c3b65
17:08:38.056 (56703349)|STATEMENT_EXECUTE|[8]
17:08:38.056 (56705962)|STATEMENT_EXECUTE|[9]
17:08:38.056 (56716477)|VARIABLE_ASSIGNMENT|[9]|this.sObjectType|"Risk__Impact_Categor (4 more) ..."|0x256c3b65
17:08:38.056 (56726532)|CONSTRUCTOR_EXIT|[12]|01p58000000n6Fr|<init>(String)
17:08:38.056 (56730985)|VARIABLE_SCOPE_BEGIN|[12]|timeIC|SObjectData|true|false
17:08:38.056 (56750608)|VARIABLE_ASSIGNMENT|[12]|timeIC|{"fieldMap":"0x7d1bc28a","sObjectType":"Risk__Impact_Categor (4 more) ..."}|0x256c3b65
17:08:38.056 (56756270)|STATEMENT_EXECUTE|[13]
17:08:38.056 (56766410)|METHOD_ENTRY|[13]|01p58000000n6Fr|SObjectData.addValuePair(String, String)
17:08:38.056 (56780359)|VARIABLE_SCOPE_BEGIN|[64]|this|SObjectData|true|false
17:08:38.056 (56802344)|VARIABLE_ASSIGNMENT|[64]|this|{"fieldMap":"0x7d1bc28a","sObjectType":"Risk__Impact_Categor (4 more) ..."}|0x256c3b65
17:08:38.056 (56807430)|VARIABLE_SCOPE_BEGIN|[64]|field|String|false|false
17:08:38.056 (56812740)|VARIABLE_ASSIGNMENT|[64]|field|"Name"
17:08:38.056 (56815309)|VARIABLE_SCOPE_BEGIN|[64]|value|String|false|false
17:08:38.056 (56819545)|VARIABLE_ASSIGNMENT|[64]|value|"Cost IC"
17:08:38.056 (56827155)|HEAP_ALLOCATE|[66]|Bytes:5
17:08:38.056 (56831894)|STATEMENT_EXECUTE|[64]
17:08:38.056 (56835438)|STATEMENT_EXECUTE|[66]
17:08:38.056 (56837838)|STATEMENT_EXECUTE|[69]
17:08:38.056 (56857442)|HEAP_ALLOCATE|[EXTERNAL]|Bytes:-4
17:08:38.056 (56875688)|METHOD_EXIT|[13]|01p58000000n6Fr|SObjectData.addValuePair(String, String)
17:08:38.056 (56880780)|STATEMENT_EXECUTE|[14]
17:08:38.056 (56885129)|HEAP_ALLOCATE|[14]|Bytes:4
17:08:38.056 (56893775)|METHOD_ENTRY|[14]|01p58000000n6Fr|SObjectData.addValuePair(String, String)
17:08:38.056 (56907404)|VARIABLE_SCOPE_BEGIN|[64]|this|SObjectData|true|false
17:08:38.056 (56931138)|VARIABLE_ASSIGNMENT|[64]|this|{"fieldMap":"0x7d1bc28a","sObjectType":"Risk__Impact_Categor (4 more) ..."}|0x256c3b65
17:08:38.056 (56936179)|VARIABLE_SCOPE_BEGIN|[64]|field|String|false|false
17:08:38.056 (56942190)|VARIABLE_ASSIGNMENT|[64]|field|"Risk__Type_Of_Risk__ (1 more) ..."
17:08:38.056 (56945376)|VARIABLE_SCOPE_BEGIN|[64]|value|String|false|false
17:08:38.056 (56949702)|VARIABLE_ASSIGNMENT|[64]|value|"Time"
17:08:38.056 (56957004)|HEAP_ALLOCATE|[66]|Bytes:5
17:08:38.056 (56961500)|STATEMENT_EXECUTE|[64]
17:08:38.056 (56964969)|STATEMENT_EXECUTE|[66]
17:08:38.056 (56967272)|STATEMENT_EXECUTE|[69]
17:08:38.056 (56986331)|HEAP_ALLOCATE|[EXTERNAL]|Bytes:-4
17:08:38.057 (57004104)|METHOD_EXIT|[14]|01p58000000n6Fr|SObjectData.addValuePair(String, String)
17:08:38.057 (57009839)|STATEMENT_EXECUTE|[16]
17:08:38.057 (57014470)|HEAP_ALLOCATE|[16]|Bytes:17
17:08:38.057 (57029178)|METHOD_ENTRY|[16]|01p58000000n6Fr|SObjectData.addChild(String, SObjectData)
17:08:38.057 (57051181)|VARIABLE_SCOPE_BEGIN|[40]|this|SObjectData|true|false
17:08:38.057 (57076084)|VARIABLE_ASSIGNMENT|[40]|this|{"fieldMap":"0x729ac296","sObjectType":"Risk__Scoring_Scheme (3 more) ..."}|0x1fbd5dff
17:08:38.057 (57082001)|VARIABLE_SCOPE_BEGIN|[40]|field|String|false|false
17:08:38.057 (57087721)|VARIABLE_ASSIGNMENT|[40]|field|"Scoring_Scheme__c"
17:08:38.057 (57091080)|VARIABLE_SCOPE_BEGIN|[40]|o|SObjectData|true|false
17:08:38.057 (57106852)|VARIABLE_ASSIGNMENT|[40]|o|{"fieldMap":"0x2bb5290","sObjectType":"Risk__Impact_Categor (4 more) ..."}|0x511d92e9
17:08:38.057 (57116315)|HEAP_ALLOCATE|[41]|Bytes:5
17:08:38.057 (57121039)|STATEMENT_EXECUTE|[40]
17:08:38.057 (57125813)|STATEMENT_EXECUTE|[41]
17:08:38.057 (57128248)|STATEMENT_EXECUTE|[42]
17:08:38.057 (57133217)|HEAP_ALLOCATE|[42]|Bytes:4
17:08:38.057 (57194760)|VARIABLE_ASSIGNMENT|[42]|this.children|{"s":1,"v":{}}|0x1fbd5dff
17:08:38.057 (57252314)|STATEMENT_EXECUTE|[46]
17:08:38.057 (57256366)|STATEMENT_EXECUTE|[47]
17:08:38.057 (57300805)|HEAP_ALLOCATE|[47]|Bytes:4
17:08:38.057 (57412755)|HEAP_ALLOCATE|[EXTERNAL]|Bytes:8
17:08:38.057 (57418351)|HEAP_ALLOCATE|[EXTERNAL]|Bytes:-4
17:08:38.057 (57439630)|METHOD_EXIT|[16]|01p58000000n6Fr|SObjectData.addChild(String, SObjectData)
17:08:38.057 (57445131)|STATEMENT_EXECUTE|[17]
17:08:38.057 (57454100)|METHOD_ENTRY|[17]|01p58000000n6Fr|SObjectData.addChild(String, SObjectData)
17:08:38.057 (57468680)|VARIABLE_SCOPE_BEGIN|[40]|this|SObjectData|true|false
17:08:38.057 (57495732)|VARIABLE_ASSIGNMENT|[40]|this|{"children":"0x7ba31a0b","fieldMap":"0x729ac296","sObjectType":"Risk__Scoring_Scheme (3 more) ..."}|0x1fbd5dff
17:08:38.057 (57501094)|VARIABLE_SCOPE_BEGIN|[40]|field|String|false|false
17:08:38.057 (57507239)|VARIABLE_ASSIGNMENT|[40]|field|"Scoring_Scheme__c"
17:08:38.057 (57509949)|VARIABLE_SCOPE_BEGIN|[40]|o|SObjectData|true|false
17:08:38.057 (57525309)|VARIABLE_ASSIGNMENT|[40]|o|{"fieldMap":"0x7d1bc28a","sObjectType":"Risk__Impact_Categor (4 more) ..."}|0x256c3b65
17:08:38.057 (57534655)|HEAP_ALLOCATE|[41]|Bytes:5
17:08:38.057 (57543473)|STATEMENT_EXECUTE|[40]
17:08:38.057 (57547136)|STATEMENT_EXECUTE|[41]
17:08:38.057 (57573328)|STATEMENT_EXECUTE|[46]
17:08:38.057 (57576557)|STATEMENT_EXECUTE|[47]
17:08:38.057 (57581648)|HEAP_ALLOCATE|[47]|Bytes:4
17:08:38.057 (57610755)|HEAP_ALLOCATE|[EXTERNAL]|Bytes:8
17:08:38.057 (57637593)|METHOD_EXIT|[17]|01p58000000n6Fr|SObjectData.addChild(String, SObjectData)
17:08:38.057 (57642857)|STATEMENT_EXECUTE|[19]
17:08:38.058 (58943050)|HEAP_ALLOCATE|[19]|Bytes:19
17:08:38.058 (58952506)|HEAP_ALLOCATE|[19]|Bytes:2
17:08:38.058 (58973076)|METHOD_ENTRY|[1]|01p58000000n6rI|SObjectUtility.SObjectUtility()
17:08:38.058 (58979348)|STATEMENT_EXECUTE|[1]
17:08:38.058 (58983897)|STATEMENT_EXECUTE|[1]
17:08:38.058 (58990359)|HEAP_ALLOCATE|[19]|Bytes:5
17:08:38.059 (59001662)|METHOD_EXIT|[1]|SObjectUtility
17:08:38.059 (59061054)|HEAP_ALLOCATE|[19]|Bytes:8
17:08:38.059 (59074205)|CONSTRUCTOR_ENTRY|[19]|01p58000000n6rI|<init>()
17:08:38.059 (59102928)|VARIABLE_SCOPE_BEGIN|[1]|this|SObjectUtility|true|false
17:08:38.059 (59128570)|VARIABLE_ASSIGNMENT|[1]|this|{}|0x4adc1b0e
17:08:38.059 (59140120)|HEAP_ALLOCATE|[3]|Bytes:5
17:08:38.059 (59153914)|VARIABLE_SCOPE_BEGIN|[2]|this|System.ApexBaseClass|true|false
17:08:38.059 (59183056)|VARIABLE_ASSIGNMENT|[2]|this|{}|0x4adc1b0e
17:08:38.059 (59201695)|STATEMENT_EXECUTE|[1]
17:08:38.059 (59212525)|HEAP_ALLOCATE|[3]|Bytes:5
17:08:38.059 (59220443)|STATEMENT_EXECUTE|[3]
17:08:38.059 (59230170)|HEAP_ALLOCATE|[3]|Bytes:4
17:08:38.059 (59305594)|VARIABLE_ASSIGNMENT|[3]|this.childrenMap|{"s":1,"v":{}}|0x4adc1b0e
17:08:38.059 (59322915)|CONSTRUCTOR_EXIT|[19]|01p58000000n6rI|<init>()
17:08:38.059 (59331491)|VARIABLE_SCOPE_BEGIN|[19]|su|SObjectUtility|true|false
17:08:38.059 (59366080)|VARIABLE_ASSIGNMENT|[19]|su|{"childrenMap":"0x2db864a2"}|0x4adc1b0e
17:08:38.059 (59376541)|STATEMENT_EXECUTE|[20]
17:08:38.059 (59386102)|HEAP_ALLOCATE|[20]|Bytes:4
17:08:38.059 (59469987)|METHOD_ENTRY|[20]|01p58000000n6rI|SObjectUtility.createSObjects(List<SObjectData>)
17:08:38.059 (59486005)|VARIABLE_SCOPE_BEGIN|[5]|this|SObjectUtility|true|false
17:08:38.059 (59518744)|VARIABLE_ASSIGNMENT|[5]|this|{"childrenMap":"0x2db864a2"}|0x4adc1b0e
17:08:38.059 (59530394)|VARIABLE_SCOPE_BEGIN|[5]|dataList|List<SObjectData>|true|false
17:08:38.059 (59551316)|HEAP_ALLOCATE|[EXTERNAL]|Bytes:8
17:08:38.059 (59586933)|VARIABLE_ASSIGNMENT|[5]|dataList|{"s":1,"v":[{"children":"0x7ba31a0b","fieldMap":"0x729ac296","sObjectType":"Risk__Scoring_Scheme (3 more) ..."}]}|0xc0de1ed
17:08:38.059 (59599095)|HEAP_ALLOCATE|[6]|Bytes:5
17:08:38.059 (59604314)|STATEMENT_EXECUTE|[5]
17:08:38.059 (59606976)|STATEMENT_EXECUTE|[6]
17:08:38.059 (59631111)|METHOD_ENTRY|[6]|01p58000000n6rI|SObjectUtility.createRoot(List<SObjectData>)
17:08:38.059 (59686431)|VARIABLE_SCOPE_BEGIN|[58]|this|SObjectUtility|true|false
17:08:38.059 (59713530)|VARIABLE_ASSIGNMENT|[58]|this|{"childrenMap":"0x2db864a2"}|0x4adc1b0e
17:08:38.059 (59724403)|VARIABLE_SCOPE_BEGIN|[58]|dataList|List<SObjectData>|true|false
17:08:38.059 (59763256)|VARIABLE_ASSIGNMENT|[58]|dataList|{"s":1,"v":[{"children":"0x7ba31a0b","fieldMap":"0x729ac296","sObjectType":"Risk__Scoring_Scheme (3 more) ..."}]}|0xc0de1ed
17:08:38.059 (59776580)|HEAP_ALLOCATE|[59]|Bytes:5
17:08:38.059 (59781897)|STATEMENT_EXECUTE|[58]
17:08:38.059 (59784983)|STATEMENT_EXECUTE|[59]
17:08:38.059 (59790468)|HEAP_ALLOCATE|[59]|Bytes:4
17:08:38.059 (59802924)|VARIABLE_SCOPE_BEGIN|[59]|rootObjects|Map<String,SObject>|true|false
17:08:38.059 (59821202)|VARIABLE_ASSIGNMENT|[59]|rootObjects|{"s":1,"v":{}}|0x68b7b975
17:08:38.060 (60133608)|HEAP_ALLOCATE|[60]|Bytes:5
17:08:38.060 (60154190)|HEAP_ALLOCATE|[60]|Bytes:24
17:08:38.060 (60165859)|VARIABLE_SCOPE_BEGIN|[60]|obj|SObjectData|true|false
17:08:38.060 (60195744)|VARIABLE_ASSIGNMENT|[60]|obj|{"children":"0x7ba31a0b","fieldMap":"0x729ac296","sObjectType":"Risk__Scoring_Scheme (3 more) ..."}|0x1fbd5dff
17:08:38.060 (60203050)|STATEMENT_EXECUTE|[60]
17:08:38.060 (60205822)|STATEMENT_EXECUTE|[61]
17:08:38.060 (60223006)|METHOD_ENTRY|[61]|01p58000000n6rI|SObjectUtility.generateRandomString(Integer)
17:08:38.060 (60243717)|HEAP_ALLOCATE|[97]|Bytes:4
17:08:38.060 (60249915)|VARIABLE_SCOPE_BEGIN|[96]|len|Integer|false|false
17:08:38.060 (60258147)|VARIABLE_ASSIGNMENT|[96]|len|18
17:08:38.060 (60266244)|HEAP_ALLOCATE|[97]|Bytes:5
17:08:38.060 (60270548)|STATEMENT_EXECUTE|[96]
17:08:38.060 (60273028)|STATEMENT_EXECUTE|[97]
17:08:38.060 (60276715)|HEAP_ALLOCATE|[97]|Bytes:62
17:08:38.060 (60281350)|VARIABLE_SCOPE_BEGIN|[97]|chars|String|false|false
17:08:38.060 (60290420)|VARIABLE_ASSIGNMENT|[97]|chars|"ABCDEFGHIJKLMNOPQRST (42 more) ..."
17:08:38.060 (60293945)|STATEMENT_EXECUTE|[98]
17:08:38.060 (60299154)|VARIABLE_SCOPE_BEGIN|[98]|randStr|String|false|false
17:08:38.060 (60305230)|VARIABLE_ASSIGNMENT|[98]|randStr|""
17:08:38.060 (60364123)|STATEMENT_EXECUTE|[99]
17:08:38.060 (60368274)|STATEMENT_EXECUTE|[100]
17:08:38.060 (60556789)|VARIABLE_SCOPE_BEGIN|[2]|Math.E|Double|false|true
17:08:38.060 (60563482)|VARIABLE_SCOPE_BEGIN|[3]|Math.PI|Double|false|true
17:08:38.060 (60794226)|VARIABLE_SCOPE_BEGIN|[100]|idx|Integer|false|false
17:08:38.060 (60800307)|HEAP_ALLOCATE|[100]|Bytes:4
17:08:38.060 (60809380)|VARIABLE_ASSIGNMENT|[100]|idx|47
17:08:38.060 (60813400)|STATEMENT_EXECUTE|[101]
17:08:38.060 (60848911)|HEAP_ALLOCATE|[101]|Bytes:1
17:08:38.060 (60869119)|HEAP_ALLOCATE|[101]|Bytes:1
17:08:38.060 (60879668)|VARIABLE_ASSIGNMENT|[101]|randStr|"l"
17:08:38.060 (60900278)|STATEMENT_EXECUTE|[99]
17:08:38.060 (60903341)|STATEMENT_EXECUTE|[100]
17:08:38.060 (60995580)|VARIABLE_SCOPE_BEGIN|[100]|idx|Integer|false|false
17:08:38.061 (61000553)|HEAP_ALLOCATE|[100]|Bytes:4
17:08:38.061 (61009943)|VARIABLE_ASSIGNMENT|[100]|idx|22
17:08:38.061 (61013811)|STATEMENT_EXECUTE|[101]
17:08:38.061 (61032313)|HEAP_ALLOCATE|[101]|Bytes:1
17:08:38.061 (61046711)|HEAP_ALLOCATE|[101]|Bytes:2
17:08:38.061 (61055607)|VARIABLE_ASSIGNMENT|[101]|randStr|"lW"
17:08:38.061 (61074568)|STATEMENT_EXECUTE|[99]
17:08:38.061 (61077492)|STATEMENT_EXECUTE|[100]
17:08:38.061 (61165312)|VARIABLE_SCOPE_BEGIN|[100]|idx|Integer|false|false
17:08:38.061 (61170087)|HEAP_ALLOCATE|[100]|Bytes:4
17:08:38.061 (61178141)|VARIABLE_ASSIGNMENT|[100]|idx|6
17:08:38.061 (61181839)|STATEMENT_EXECUTE|[101]
17:08:38.061 (61199983)|HEAP_ALLOCATE|[101]|Bytes:1
17:08:38.061 (61214402)|HEAP_ALLOCATE|[101]|Bytes:3
17:08:38.061 (61223176)|VARIABLE_ASSIGNMENT|[101]|randStr|"lWG"
17:08:38.061 (61242139)|STATEMENT_EXECUTE|[99]
17:08:38.061 (61245101)|STATEMENT_EXECUTE|[100]
17:08:38.061 (61334198)|VARIABLE_SCOPE_BEGIN|[100]|idx|Integer|false|false
17:08:38.061 (61339144)|HEAP_ALLOCATE|[100]|Bytes:4
17:08:38.061 (61347228)|VARIABLE_ASSIGNMENT|[100]|idx|4
17:08:38.061 (61350975)|STATEMENT_EXECUTE|[101]
17:08:38.061 (61368956)|HEAP_ALLOCATE|[101]|Bytes:1
17:08:38.061 (61384763)|HEAP_ALLOCATE|[101]|Bytes:4
17:08:38.061 (61396522)|VARIABLE_ASSIGNMENT|[101]|randStr|"lWGE"
17:08:38.061 (61416775)|STATEMENT_EXECUTE|[99]
17:08:38.061 (61419718)|STATEMENT_EXECUTE|[100]
17:08:38.061 (61520003)|VARIABLE_SCOPE_BEGIN|[100]|idx|Integer|false|false
17:08:38.061 (61524900)|HEAP_ALLOCATE|[100]|Bytes:4
17:08:38.061 (61533240)|VARIABLE_ASSIGNMENT|[100]|idx|17
17:08:38.061 (61541141)|STATEMENT_EXECUTE|[101]
17:08:38.061 (61561148)|HEAP_ALLOCATE|[101]|Bytes:1
17:08:38.061 (61575859)|HEAP_ALLOCATE|[101]|Bytes:5
17:08:38.061 (61585041)|VARIABLE_ASSIGNMENT|[101]|randStr|"lWGER"
17:08:38.061 (61603721)|STATEMENT_EXECUTE|[99]
17:08:38.061 (61606778)|STATEMENT_EXECUTE|[100]
17:08:38.061 (61694400)|VARIABLE_SCOPE_BEGIN|[100]|idx|Integer|false|false
17:08:38.061 (61699361)|HEAP_ALLOCATE|[100]|Bytes:4
17:08:38.061 (61707565)|VARIABLE_ASSIGNMENT|[100]|idx|49
17:08:38.061 (61711192)|STATEMENT_EXECUTE|[101]
17:08:38.061 (61729092)|HEAP_ALLOCATE|[101]|Bytes:1
17:08:38.061 (61743236)|HEAP_ALLOCATE|[101]|Bytes:6
17:08:38.061 (61752149)|VARIABLE_ASSIGNMENT|[101]|randStr|"lWGERn"
17:08:38.061 (61770928)|STATEMENT_EXECUTE|[99]
17:08:38.061 (61773817)|STATEMENT_EXECUTE|[100]
17:08:38.061 (61859991)|VARIABLE_SCOPE_BEGIN|[100]|idx|Integer|false|false
17:08:38.061 (61864752)|HEAP_ALLOCATE|[100]|Bytes:4
17:08:38.061 (61872891)|VARIABLE_ASSIGNMENT|[100]|idx|6
17:08:38.061 (61876460)|STATEMENT_EXECUTE|[101]
17:08:38.061 (61894262)|HEAP_ALLOCATE|[101]|Bytes:1
17:08:38.061 (61908354)|HEAP_ALLOCATE|[101]|Bytes:7
17:08:38.061 (61917109)|VARIABLE_ASSIGNMENT|[101]|randStr|"lWGERnG"
17:08:38.061 (61935642)|STATEMENT_EXECUTE|[99]
17:08:38.061 (61938877)|STATEMENT_EXECUTE|[100]
17:08:38.062 (62030031)|VARIABLE_SCOPE_BEGIN|[100]|idx|Integer|false|false
17:08:38.062 (62035818)|HEAP_ALLOCATE|[100]|Bytes:4
17:08:38.062 (62044180)|VARIABLE_ASSIGNMENT|[100]|idx|45
17:08:38.062 (62047871)|STATEMENT_EXECUTE|[101]
17:08:38.062 (62066613)|HEAP_ALLOCATE|[101]|Bytes:1
17:08:38.062 (62081062)|HEAP_ALLOCATE|[101]|Bytes:8
17:08:38.062 (62089944)|VARIABLE_ASSIGNMENT|[101]|randStr|"lWGERnGj"
17:08:38.062 (62108509)|STATEMENT_EXECUTE|[99]
17:08:38.062 (62111513)|STATEMENT_EXECUTE|[100]
17:08:38.062 (62200027)|VARIABLE_SCOPE_BEGIN|[100]|idx|Integer|false|false
17:08:38.062 (62204752)|HEAP_ALLOCATE|[100]|Bytes:4
17:08:38.062 (62212754)|VARIABLE_ASSIGNMENT|[100]|idx|46
17:08:38.062 (62216424)|STATEMENT_EXECUTE|[101]
17:08:38.062 (62234381)|HEAP_ALLOCATE|[101]|Bytes:1
17:08:38.062 (62248351)|HEAP_ALLOCATE|[101]|Bytes:9
17:08:38.062 (62256973)|VARIABLE_ASSIGNMENT|[101]|randStr|"lWGERnGjk"
17:08:38.062 (62275513)|STATEMENT_EXECUTE|[99]
17:08:38.062 (62278400)|STATEMENT_EXECUTE|[100]
17:08:38.062 (62365199)|VARIABLE_SCOPE_BEGIN|[100]|idx|Integer|false|false
17:08:38.062 (62369869)|HEAP_ALLOCATE|[100]|Bytes:4
17:08:38.062 (62377906)|VARIABLE_ASSIGNMENT|[100]|idx|14
17:08:38.062 (62382108)|STATEMENT_EXECUTE|[101]
17:08:38.062 (62405874)|HEAP_ALLOCATE|[101]|Bytes:1
17:08:38.062 (62421528)|HEAP_ALLOCATE|[101]|Bytes:10
17:08:38.062 (62431268)|VARIABLE_ASSIGNMENT|[101]|randStr|"lWGERnGjkO"
17:08:38.062 (62450266)|STATEMENT_EXECUTE|[99]
17:08:38.062 (62453185)|STATEMENT_EXECUTE|[100]
17:08:38.062 (62545022)|VARIABLE_SCOPE_BEGIN|[100]|idx|Integer|false|false
17:08:38.062 (62550028)|HEAP_ALLOCATE|[100]|Bytes:4
17:08:38.062 (62558183)|VARIABLE_ASSIGNMENT|[100]|idx|29
17:08:38.062 (62561869)|STATEMENT_EXECUTE|[101]
17:08:38.062 (62580174)|HEAP_ALLOCATE|[101]|Bytes:1
17:08:38.062 (62594306)|HEAP_ALLOCATE|[101]|Bytes:11
17:08:38.062 (62603308)|VARIABLE_ASSIGNMENT|[101]|randStr|"lWGERnGjkO3"
17:08:38.062 (62622040)|STATEMENT_EXECUTE|[99]
17:08:38.062 (62624901)|STATEMENT_EXECUTE|[100]
17:08:38.062 (62711945)|VARIABLE_SCOPE_BEGIN|[100]|idx|Integer|false|false
17:08:38.062 (62716679)|HEAP_ALLOCATE|[100]|Bytes:4
17:08:38.062 (62724655)|VARIABLE_ASSIGNMENT|[100]|idx|25
17:08:38.062 (62728297)|STATEMENT_EXECUTE|[101]
17:08:38.062 (62746195)|HEAP_ALLOCATE|[101]|Bytes:1
17:08:38.062 (62760380)|HEAP_ALLOCATE|[101]|Bytes:12
17:08:38.062 (62769162)|VARIABLE_ASSIGNMENT|[101]|randStr|"lWGERnGjkO3Z"
17:08:38.062 (62787774)|STATEMENT_EXECUTE|[99]
17:08:38.062 (62790660)|STATEMENT_EXECUTE|[100]
17:08:38.062 (62889619)|VARIABLE_SCOPE_BEGIN|[100]|idx|Integer|false|false
17:08:38.062 (62894461)|HEAP_ALLOCATE|[100]|Bytes:4
17:08:38.062 (62902751)|VARIABLE_ASSIGNMENT|[100]|idx|58
17:08:38.062 (62906511)|STATEMENT_EXECUTE|[101]
17:08:38.062 (62924786)|HEAP_ALLOCATE|[101]|Bytes:1
17:08:38.062 (62938877)|HEAP_ALLOCATE|[101]|Bytes:13
17:08:38.062 (62947840)|VARIABLE_ASSIGNMENT|[101]|randStr|"lWGERnGjkO3Zw"
17:08:38.062 (62966481)|STATEMENT_EXECUTE|[99]
17:08:38.062 (62969483)|STATEMENT_EXECUTE|[100]
17:08:38.063 (63079887)|VARIABLE_SCOPE_BEGIN|[100]|idx|Integer|false|false
17:08:38.063 (63085839)|HEAP_ALLOCATE|[100]|Bytes:4
17:08:38.063 (63094291)|VARIABLE_ASSIGNMENT|[100]|idx|42
17:08:38.063 (63097985)|STATEMENT_EXECUTE|[101]
17:08:38.063 (63117196)|HEAP_ALLOCATE|[101]|Bytes:1
17:08:38.063 (63131600)|HEAP_ALLOCATE|[101]|Bytes:14
17:08:38.063 (63140579)|VARIABLE_ASSIGNMENT|[101]|randStr|"lWGERnGjkO3Zwg"
17:08:38.063 (63159444)|STATEMENT_EXECUTE|[99]
17:08:38.063 (63162367)|STATEMENT_EXECUTE|[100]
17:08:38.063 (63248739)|VARIABLE_SCOPE_BEGIN|[100]|idx|Integer|false|false
17:08:38.063 (63253405)|HEAP_ALLOCATE|[100]|Bytes:4
17:08:38.063 (63261348)|VARIABLE_ASSIGNMENT|[100]|idx|12
17:08:38.063 (63264962)|STATEMENT_EXECUTE|[101]
17:08:38.063 (63282747)|HEAP_ALLOCATE|[101]|Bytes:1
17:08:38.063 (63297064)|HEAP_ALLOCATE|[101]|Bytes:15
17:08:38.063 (63305913)|VARIABLE_ASSIGNMENT|[101]|randStr|"lWGERnGjkO3ZwgM"
17:08:38.063 (63324442)|STATEMENT_EXECUTE|[99]
17:08:38.063 (63327439)|STATEMENT_EXECUTE|[100]
17:08:38.063 (63413639)|VARIABLE_SCOPE_BEGIN|[100]|idx|Integer|false|false
17:08:38.063 (63418306)|HEAP_ALLOCATE|[100]|Bytes:4
17:08:38.063 (63426422)|VARIABLE_ASSIGNMENT|[100]|idx|9
17:08:38.063 (63430100)|STATEMENT_EXECUTE|[101]
17:08:38.063 (63447955)|HEAP_ALLOCATE|[101]|Bytes:1
17:08:38.063 (63462009)|HEAP_ALLOCATE|[101]|Bytes:16
17:08:38.063 (63471537)|VARIABLE_ASSIGNMENT|[101]|randStr|"lWGERnGjkO3ZwgMJ"
17:08:38.063 (63494409)|STATEMENT_EXECUTE|[99]
17:08:38.063 (63497776)|STATEMENT_EXECUTE|[100]
17:08:38.063 (63590201)|VARIABLE_SCOPE_BEGIN|[100]|idx|Integer|false|false
17:08:38.063 (63595155)|HEAP_ALLOCATE|[100]|Bytes:4
17:08:38.063 (63603315)|VARIABLE_ASSIGNMENT|[100]|idx|47
17:08:38.063 (63606943)|STATEMENT_EXECUTE|[101]
17:08:38.063 (63625209)|HEAP_ALLOCATE|[101]|Bytes:1
17:08:38.063 (63639549)|HEAP_ALLOCATE|[101]|Bytes:17
17:08:38.063 (63648500)|VARIABLE_ASSIGNMENT|[101]|randStr|"lWGERnGjkO3ZwgMJl"
17:08:38.063 (63667178)|STATEMENT_EXECUTE|[99]
17:08:38.063 (63670115)|STATEMENT_EXECUTE|[100]
17:08:38.063 (63756099)|VARIABLE_SCOPE_BEGIN|[100]|idx|Integer|false|false
17:08:38.063 (63761127)|HEAP_ALLOCATE|[100]|Bytes:4
17:08:38.063 (63769080)|VARIABLE_ASSIGNMENT|[100]|idx|8
17:08:38.063 (63772610)|STATEMENT_EXECUTE|[101]
17:08:38.063 (63790514)|HEAP_ALLOCATE|[101]|Bytes:1
17:08:38.063 (63804721)|HEAP_ALLOCATE|[101]|Bytes:18
17:08:38.063 (63813659)|VARIABLE_ASSIGNMENT|[101]|randStr|"lWGERnGjkO3ZwgMJlI"
17:08:38.063 (63833096)|STATEMENT_EXECUTE|[103]
17:08:38.063 (63840871)|METHOD_EXIT|[61]|01p58000000n6rI|SObjectUtility.generateRandomString(Integer)
17:08:38.063 (63845890)|VARIABLE_SCOPE_BEGIN|[61]|rId|String|false|false
17:08:38.063 (63853530)|VARIABLE_ASSIGNMENT|[61]|rId|"lWGERnGjkO3ZwgMJlI"
17:08:38.063 (63857006)|STATEMENT_EXECUTE|[62]
17:08:38.063 (63870364)|METHOD_ENTRY|[62]|01p58000000n6rI|SObjectUtility.createSObject(SObjectData)
17:08:38.063 (63892567)|VARIABLE_SCOPE_BEGIN|[11]|this|SObjectUtility|true|false
17:08:38.063 (63916500)|VARIABLE_ASSIGNMENT|[11]|this|{"childrenMap":"0x2db864a2"}|0x4adc1b0e
17:08:38.063 (63922472)|VARIABLE_SCOPE_BEGIN|[11]|obj|SObjectData|true|false
17:08:38.063 (63942982)|VARIABLE_ASSIGNMENT|[11]|obj|{"children":"0x7ba31a0b","fieldMap":"0x729ac296","sObjectType":"Risk__Scoring_Scheme (3 more) ..."}|0x1fbd5dff
17:08:38.063 (63953734)|HEAP_ALLOCATE|[12]|Bytes:5
17:08:38.063 (63958780)|STATEMENT_EXECUTE|[11]
17:08:38.246 (246666570)|HEAP_ALLOCATE|[12]|Bytes:1796
17:08:38.246 (246733142)|METHOD_ENTRY|[12]|01p58000000n6Fr|SObjectData.getSObjectType()
17:08:38.246 (246747233)|VARIABLE_SCOPE_BEGIN|[76]|this|SObjectData|true|false
17:08:38.246 (246811210)|VARIABLE_ASSIGNMENT|[76]|this|{"children":"0x7ba31a0b","fieldMap":"0x729ac296","sObjectType":"Risk__Scoring_Scheme (3 more) ..."}|0x1fbd5dff
17:08:38.246 (246825258)|HEAP_ALLOCATE|[77]|Bytes:5
17:08:38.246 (246832515)|STATEMENT_EXECUTE|[76]
17:08:38.246 (246835605)|STATEMENT_EXECUTE|[77]
17:08:38.246 (246846279)|METHOD_EXIT|[12]|01p58000000n6Fr|SObjectData.getSObjectType()
17:08:38.246 (246899619)|STATEMENT_EXECUTE|[12]
17:08:38.246 (246903732)|STATEMENT_EXECUTE|[15]
17:08:38.250 (250196457)|HEAP_ALLOCATE|[15]|Bytes:1796
17:08:38.250 (250218039)|METHOD_ENTRY|[15]|01p58000000n6Fr|SObjectData.getSObjectType()
17:08:38.250 (250224298)|VARIABLE_SCOPE_BEGIN|[76]|this|SObjectData|true|false
17:08:38.250 (250254648)|VARIABLE_ASSIGNMENT|[76]|this|{"children":"0x7ba31a0b","fieldMap":"0x729ac296","sObjectType":"Risk__Scoring_Scheme (3 more) ..."}|0x1fbd5dff
17:08:38.250 (250265764)|HEAP_ALLOCATE|[77]|Bytes:5
17:08:38.250 (250271776)|STATEMENT_EXECUTE|[76]
17:08:38.250 (250274593)|STATEMENT_EXECUTE|[77]
17:08:38.250 (250282777)|METHOD_EXIT|[15]|01p58000000n6Fr|SObjectData.getSObjectType()
17:08:38.250 (250507004)|HEAP_ALLOCATE|[15]|Bytes:4
17:08:38.250 (250523340)|VARIABLE_SCOPE_BEGIN|[15]|sObj|SObject|true|false
17:08:38.250 (250543497)|VARIABLE_ASSIGNMENT|[15]|sObj|{}|0x6197ca73
17:08:38.250 (250562571)|HEAP_ALLOCATE|[16]|Bytes:4
17:08:38.250 (250614101)|METHOD_ENTRY|[16]|01p58000000n6Fr|SObjectData.getFieldMap()
17:08:38.250 (250622892)|VARIABLE_SCOPE_BEGIN|[72]|this|SObjectData|true|false
17:08:38.250 (250652065)|VARIABLE_ASSIGNMENT|[72]|this|{"children":"0x7ba31a0b","fieldMap":"0x729ac296","sObjectType":"Risk__Scoring_Scheme (3 more) ..."}|0x1fbd5dff
17:08:38.250 (250663435)|HEAP_ALLOCATE|[73]|Bytes:5
17:08:38.250 (250668745)|STATEMENT_EXECUTE|[72]
17:08:38.250 (250671672)|STATEMENT_EXECUTE|[73]
17:08:38.250 (250681137)|METHOD_EXIT|[16]|01p58000000n6Fr|SObjectData.getFieldMap()
17:08:38.250 (250743507)|HEAP_ALLOCATE|[16]|Bytes:28
17:08:38.250 (250779172)|HEAP_ALLOCATE|[16]|Bytes:8
17:08:38.250 (250823750)|HEAP_ALLOCATE|[16]|Bytes:5
17:08:38.250 (250845790)|VARIABLE_SCOPE_BEGIN|[16]|field|String|false|false
17:08:38.250 (250857097)|VARIABLE_ASSIGNMENT|[16]|field|"Name"
17:08:38.250 (250862423)|STATEMENT_EXECUTE|[16]
17:08:38.250 (250865321)|STATEMENT_EXECUTE|[17]
17:08:38.250 (250874181)|METHOD_ENTRY|[17]|01p58000000n6Fr|SObjectData.getFieldMap()
17:08:38.250 (250897076)|VARIABLE_SCOPE_BEGIN|[72]|this|SObjectData|true|false
17:08:38.250 (250924244)|VARIABLE_ASSIGNMENT|[72]|this|{"children":"0x7ba31a0b","fieldMap":"0x729ac296","sObjectType":"Risk__Scoring_Scheme (3 more) ..."}|0x1fbd5dff
17:08:38.250 (250934940)|HEAP_ALLOCATE|[73]|Bytes:5
17:08:38.250 (250939922)|STATEMENT_EXECUTE|[72]
17:08:38.250 (250942605)|STATEMENT_EXECUTE|[73]
17:08:38.250 (250950389)|METHOD_EXIT|[17]|01p58000000n6Fr|SObjectData.getFieldMap()
17:08:38.250 (250981027)|VARIABLE_SCOPE_BEGIN|[17]|value|String|false|false
17:08:38.250 (250991521)|VARIABLE_ASSIGNMENT|[17]|value|"Scoring Scheme 5x5"
17:08:38.250 (250995654)|STATEMENT_EXECUTE|[18]
17:08:38.259 (259734739)|HEAP_ALLOCATE|[16]|Bytes:5
17:08:38.259 (259754026)|VARIABLE_SCOPE_BEGIN|[16]|field|String|false|false
17:08:38.259 (259766159)|VARIABLE_ASSIGNMENT|[16]|field|"RecordTypeId"
17:08:38.259 (259770845)|STATEMENT_EXECUTE|[16]
17:08:38.259 (259773651)|STATEMENT_EXECUTE|[17]
17:08:38.259 (259780821)|METHOD_ENTRY|[17]|01p58000000n6Fr|SObjectData.getFieldMap()
17:08:38.259 (259786130)|VARIABLE_SCOPE_BEGIN|[72]|this|SObjectData|true|false
17:08:38.259 (259814167)|VARIABLE_ASSIGNMENT|[72]|this|{"children":"0x7ba31a0b","fieldMap":"0x729ac296","sObjectType":"Risk__Scoring_Scheme (3 more) ..."}|0x1fbd5dff
17:08:38.259 (259825354)|HEAP_ALLOCATE|[73]|Bytes:5
17:08:38.259 (259830530)|STATEMENT_EXECUTE|[72]
17:08:38.259 (259833156)|STATEMENT_EXECUTE|[73]
17:08:38.259 (259840981)|METHOD_EXIT|[17]|01p58000000n6Fr|SObjectData.getFieldMap()
17:08:38.259 (259869878)|VARIABLE_SCOPE_BEGIN|[17]|value|String|false|false
17:08:38.259 (259880174)|VARIABLE_ASSIGNMENT|[17]|value|"012580000000H5p"
17:08:38.259 (259884144)|STATEMENT_EXECUTE|[18]
17:08:38.259 (259995991)|HEAP_ALLOCATE|[16]|Bytes:5
17:08:38.260 (260015272)|VARIABLE_ASSIGNMENT|[16]|field|null
17:08:38.260 (260021345)|STATEMENT_EXECUTE|[21]
17:08:38.260 (260030699)|METHOD_EXIT|[62]|01p58000000n6rI|SObjectUtility.createSObject(SObjectData)
17:08:38.260 (260062970)|HEAP_ALLOCATE|[EXTERNAL]|Bytes:-4
17:08:38.260 (260086924)|METHOD_ENTRY|[63]|01p58000000n6Fr|SObjectData.getChildren()
17:08:38.260 (260110104)|VARIABLE_SCOPE_BEGIN|[80]|this|SObjectData|true|false
17:08:38.260 (260139225)|VARIABLE_ASSIGNMENT|[80]|this|{"children":"0x7ba31a0b","fieldMap":"0x729ac296","sObjectType":"Risk__Scoring_Scheme (3 more) ..."}|0x1fbd5dff
17:08:38.260 (260150745)|HEAP_ALLOCATE|[81]|Bytes:5
17:08:38.260 (260156110)|STATEMENT_EXECUTE|[80]
17:08:38.260 (260161469)|STATEMENT_EXECUTE|[81]
17:08:38.260 (260164137)|STATEMENT_EXECUTE|[84]
17:08:38.260 (260172185)|METHOD_EXIT|[63]|01p58000000n6Fr|SObjectData.getChildren()
17:08:38.260 (260193312)|STATEMENT_EXECUTE|[63]
17:08:38.260 (260196358)|STATEMENT_EXECUTE|[64]
17:08:38.260 (260203826)|METHOD_ENTRY|[64]|01p58000000n6Fr|SObjectData.getChildren()
17:08:38.260 (260218280)|VARIABLE_SCOPE_BEGIN|[80]|this|SObjectData|true|false
17:08:38.260 (260245136)|VARIABLE_ASSIGNMENT|[80]|this|{"children":"0x7ba31a0b","fieldMap":"0x729ac296","sObjectType":"Risk__Scoring_Scheme (3 more) ..."}|0x1fbd5dff
17:08:38.260 (260255808)|HEAP_ALLOCATE|[81]|Bytes:5
17:08:38.260 (260260632)|STATEMENT_EXECUTE|[80]
17:08:38.260 (260264251)|STATEMENT_EXECUTE|[81]
17:08:38.260 (260266592)|STATEMENT_EXECUTE|[84]
17:08:38.260 (260273632)|METHOD_EXIT|[64]|01p58000000n6Fr|SObjectData.getChildren()
17:08:38.260 (260290734)|METHOD_ENTRY|[64]|01p58000000n6rI|SObjectUtility.createChildren(String, Map<String,List<SObjectData>>)
17:08:38.260 (260298651)|VARIABLE_SCOPE_BEGIN|[70]|this|SObjectUtility|true|false
17:08:38.260 (260319551)|VARIABLE_ASSIGNMENT|[70]|this|{"childrenMap":"0x2db864a2"}|0x4adc1b0e
17:08:38.260 (260325578)|VARIABLE_SCOPE_BEGIN|[70]|parentId|String|false|false
17:08:38.260 (260332573)|VARIABLE_ASSIGNMENT|[70]|parentId|"lWGERnGjkO3ZwgMJlI"
17:08:38.260 (260336648)|VARIABLE_SCOPE_BEGIN|[70]|childMap|Map<String,List<SObjectData>>|true|false
17:08:38.260 (260375563)|VARIABLE_ASSIGNMENT|[70]|childMap|{"s":1,"v":{"Scoring_Scheme__c":{"s":2,"v":[{"fieldMap":"0x7d1bc28a","sObjectType":"Risk__Impact_Categor (4 more) ..."}]}}}|0x7ba31a0b
17:08:38.260 (260391736)|HEAP_ALLOCATE|[72]|Bytes:5
17:08:38.260 (260397280)|STATEMENT_EXECUTE|[70]
17:08:38.260 (260403539)|HEAP_ALLOCATE|[72]|Bytes:4
17:08:38.260 (260453806)|HEAP_ALLOCATE|[72]|Bytes:25
17:08:38.260 (260480810)|HEAP_ALLOCATE|[72]|Bytes:4
17:08:38.260 (260515206)|HEAP_ALLOCATE|[72]|Bytes:5
17:08:38.260 (260533449)|VARIABLE_SCOPE_BEGIN|[72]|relationshipKey|String|false|false
17:08:38.260 (260544644)|VARIABLE_ASSIGNMENT|[72]|relationshipKey|"Scoring_Scheme__c"
17:08:38.260 (260549037)|STATEMENT_EXECUTE|[72]
17:08:38.260 (260551656)|STATEMENT_EXECUTE|[73]
17:08:38.260 (260558258)|HEAP_ALLOCATE|[73]|Bytes:4
17:08:38.260 (260565965)|VARIABLE_SCOPE_BEGIN|[73]|childObjects|Map<String,SObject>|true|false
17:08:38.260 (260583542)|VARIABLE_ASSIGNMENT|[73]|childObjects|{"s":1,"v":{}}|0x132099f1
17:08:38.260 (260588703)|STATEMENT_EXECUTE|[74]
17:08:38.260 (260641323)|VARIABLE_SCOPE_BEGIN|[74]|childrenList|List<SObjectData>|true|false
17:08:38.260 (260674567)|VARIABLE_ASSIGNMENT|[74]|childrenList|{"s":1,"v":[{"fieldMap":"0x7d1bc28a","sObjectType":"Risk__Impact_Categor (4 more) ..."}]}|0x4a9d7bf5
17:08:38.260 (260722516)|HEAP_ALLOCATE|[76]|Bytes:5
17:08:38.260 (260738871)|HEAP_ALLOCATE|[76]|Bytes:24
17:08:38.260 (260748524)|VARIABLE_SCOPE_BEGIN|[76]|obj|SObjectData|true|false
17:08:38.260 (260774289)|VARIABLE_ASSIGNMENT|[76]|obj|{"fieldMap":"0x7d1bc28a","sObjectType":"Risk__Impact_Categor (4 more) ..."}|0x256c3b65
17:08:38.260 (260780512)|STATEMENT_EXECUTE|[76]
17:08:38.260 (260783028)|STATEMENT_EXECUTE|[77]
17:08:38.260 (260792260)|METHOD_ENTRY|[77]|01p58000000n6Fr|SObjectData.getFieldMap()
17:08:38.260 (260807156)|VARIABLE_SCOPE_BEGIN|[72]|this|SObjectData|true|false
17:08:38.260 (260829919)|VARIABLE_ASSIGNMENT|[72]|this|{"fieldMap":"0x7d1bc28a","sObjectType":"Risk__Impact_Categor (4 more) ..."}|0x256c3b65
17:08:38.260 (260840397)|HEAP_ALLOCATE|[73]|Bytes:5
17:08:38.260 (260845180)|STATEMENT_EXECUTE|[72]
17:08:38.260 (260847687)|STATEMENT_EXECUTE|[73]
17:08:38.260 (260855160)|METHOD_EXIT|[77]|01p58000000n6Fr|SObjectData.getFieldMap()
17:08:38.260 (260886741)|HEAP_ALLOCATE|[77]|Bytes:8
17:08:38.260 (260897852)|HEAP_ALLOCATE|[77]|Bytes:15
17:08:38.260 (260928289)|USER_DEBUG|[77]|DEBUG|Cost IC Created
17:08:38.260 (260937156)|STATEMENT_EXECUTE|[78]
17:08:38.260 (260946841)|METHOD_ENTRY|[78]|01p58000000n6rI|SObjectUtility.generateRandomString(Integer)
17:08:38.260 (260963122)|HEAP_ALLOCATE|[97]|Bytes:4
17:08:38.260 (260967533)|VARIABLE_SCOPE_BEGIN|[96]|len|Integer|false|false
17:08:38.260 (260976351)|VARIABLE_ASSIGNMENT|[96]|len|18
17:08:38.260 (260984598)|HEAP_ALLOCATE|[97]|Bytes:5
17:08:38.260 (260988874)|STATEMENT_EXECUTE|[96]
17:08:38.260 (260991463)|STATEMENT_EXECUTE|[97]
17:08:38.260 (260996680)|VARIABLE_SCOPE_BEGIN|[97]|chars|String|false|false
17:08:38.261 (261006595)|VARIABLE_ASSIGNMENT|[97]|chars|"ABCDEFGHIJKLMNOPQRST (42 more) ..."
17:08:38.261 (261011241)|STATEMENT_EXECUTE|[98]
17:08:38.261 (261014739)|VARIABLE_SCOPE_BEGIN|[98]|randStr|String|false|false
17:08:38.261 (261021769)|VARIABLE_ASSIGNMENT|[98]|randStr|""
17:08:38.261 (261049065)|STATEMENT_EXECUTE|[99]
17:08:38.261 (261052194)|STATEMENT_EXECUTE|[100]
17:08:38.261 (261176778)|VARIABLE_SCOPE_BEGIN|[100]|idx|Integer|false|false
17:08:38.261 (261182290)|HEAP_ALLOCATE|[100]|Bytes:4
17:08:38.261 (261190825)|VARIABLE_ASSIGNMENT|[100]|idx|7
17:08:38.261 (261194922)|STATEMENT_EXECUTE|[101]
17:08:38.261 (261217138)|HEAP_ALLOCATE|[101]|Bytes:1
17:08:38.261 (261231970)|HEAP_ALLOCATE|[101]|Bytes:1
17:08:38.261 (261240981)|VARIABLE_ASSIGNMENT|[101]|randStr|"H"
17:08:38.261 (261260429)|STATEMENT_EXECUTE|[99]
17:08:38.261 (261263499)|STATEMENT_EXECUTE|[100]
17:08:38.261 (261356867)|VARIABLE_SCOPE_BEGIN|[100]|idx|Integer|false|false
17:08:38.261 (261361982)|HEAP_ALLOCATE|[100]|Bytes:4
17:08:38.261 (261370323)|VARIABLE_ASSIGNMENT|[100]|idx|52
17:08:38.261 (261374234)|STATEMENT_EXECUTE|[101]
17:08:38.261 (261397546)|HEAP_ALLOCATE|[101]|Bytes:1
17:08:38.261 (261413184)|HEAP_ALLOCATE|[101]|Bytes:2
17:08:38.261 (261426648)|VARIABLE_ASSIGNMENT|[101]|randStr|"Hq"
17:08:38.261 (261447614)|STATEMENT_EXECUTE|[99]
17:08:38.261 (261450651)|STATEMENT_EXECUTE|[100]
17:08:38.261 (261540712)|VARIABLE_SCOPE_BEGIN|[100]|idx|Integer|false|false
17:08:38.261 (261545634)|HEAP_ALLOCATE|[100]|Bytes:4
17:08:38.261 (261553869)|VARIABLE_ASSIGNMENT|[100]|idx|32
17:08:38.261 (261557620)|STATEMENT_EXECUTE|[101]
17:08:38.261 (261575752)|HEAP_ALLOCATE|[101]|Bytes:1
17:08:38.261 (261589984)|HEAP_ALLOCATE|[101]|Bytes:3
17:08:38.261 (261598767)|VARIABLE_ASSIGNMENT|[101]|randStr|"Hq6"
17:08:38.261 (261617617)|STATEMENT_EXECUTE|[99]
17:08:38.261 (261620595)|STATEMENT_EXECUTE|[100]
17:08:38.261 (261707644)|VARIABLE_SCOPE_BEGIN|[100]|idx|Integer|false|false
17:08:38.261 (261712483)|HEAP_ALLOCATE|[100]|Bytes:4
17:08:38.261 (261720479)|VARIABLE_ASSIGNMENT|[100]|idx|56
17:08:38.261 (261724111)|STATEMENT_EXECUTE|[101]
17:08:38.261 (261741730)|HEAP_ALLOCATE|[101]|Bytes:1
17:08:38.261 (261756040)|HEAP_ALLOCATE|[101]|Bytes:4
17:08:38.261 (261764864)|VARIABLE_ASSIGNMENT|[101]|randStr|"Hq6u"
17:08:38.261 (261783924)|STATEMENT_EXECUTE|[99]
17:08:38.261 (261786820)|STATEMENT_EXECUTE|[100]
17:08:38.261 (261874283)|VARIABLE_SCOPE_BEGIN|[100]|idx|Integer|false|false
17:08:38.261 (261879131)|HEAP_ALLOCATE|[100]|Bytes:4
17:08:38.261 (261887383)|VARIABLE_ASSIGNMENT|[100]|idx|23
17:08:38.261 (261890947)|STATEMENT_EXECUTE|[101]
17:08:38.261 (261908986)|HEAP_ALLOCATE|[101]|Bytes:1
17:08:38.261 (261923040)|HEAP_ALLOCATE|[101]|Bytes:5
17:08:38.261 (261931970)|VARIABLE_ASSIGNMENT|[101]|randStr|"Hq6uX"
17:08:38.261 (261950618)|STATEMENT_EXECUTE|[99]
17:08:38.261 (261953589)|STATEMENT_EXECUTE|[100]
17:08:38.262 (262040458)|VARIABLE_SCOPE_BEGIN|[100]|idx|Integer|false|false
17:08:38.262 (262045990)|HEAP_ALLOCATE|[100]|Bytes:4
17:08:38.262 (262054059)|VARIABLE_ASSIGNMENT|[100]|idx|14
17:08:38.262 (262057663)|STATEMENT_EXECUTE|[101]
17:08:38.262 (262075880)|HEAP_ALLOCATE|[101]|Bytes:1
17:08:38.262 (262089777)|HEAP_ALLOCATE|[101]|Bytes:6
17:08:38.262 (262098694)|VARIABLE_ASSIGNMENT|[101]|randStr|"Hq6uXO"
17:08:38.262 (262117888)|STATEMENT_EXECUTE|[99]
17:08:38.262 (262120928)|STATEMENT_EXECUTE|[100]
17:08:38.262 (262219909)|VARIABLE_SCOPE_BEGIN|[100]|idx|Integer|false|false
17:08:38.262 (262224806)|HEAP_ALLOCATE|[100]|Bytes:4
17:08:38.262 (262233009)|VARIABLE_ASSIGNMENT|[100]|idx|21
17:08:38.262 (262236579)|STATEMENT_EXECUTE|[101]
17:08:38.262 (262254851)|HEAP_ALLOCATE|[101]|Bytes:1
17:08:38.262 (262268712)|HEAP_ALLOCATE|[101]|Bytes:7
17:08:38.262 (262277569)|VARIABLE_ASSIGNMENT|[101]|randStr|"Hq6uXOV"
17:08:38.262 (262296311)|STATEMENT_EXECUTE|[99]
17:08:38.262 (262299176)|STATEMENT_EXECUTE|[100]
17:08:38.262 (262391234)|VARIABLE_SCOPE_BEGIN|[100]|idx|Integer|false|false
17:08:38.262 (262396092)|HEAP_ALLOCATE|[100]|Bytes:4
17:08:38.262 (262404308)|VARIABLE_ASSIGNMENT|[100]|idx|8
17:08:38.262 (262407960)|STATEMENT_EXECUTE|[101]
17:08:38.262 (262426324)|HEAP_ALLOCATE|[101]|Bytes:1
17:08:38.262 (262440174)|HEAP_ALLOCATE|[101]|Bytes:8
17:08:38.262 (262449025)|VARIABLE_ASSIGNMENT|[101]|randStr|"Hq6uXOVI"
17:08:38.262 (262467791)|STATEMENT_EXECUTE|[99]
17:08:38.262 (262470679)|STATEMENT_EXECUTE|[100]
17:08:38.262 (262557944)|VARIABLE_SCOPE_BEGIN|[100]|idx|Integer|false|false
17:08:38.262 (262562524)|HEAP_ALLOCATE|[100]|Bytes:4
17:08:38.262 (262570532)|VARIABLE_ASSIGNMENT|[100]|idx|4
17:08:38.262 (262574100)|STATEMENT_EXECUTE|[101]
17:08:38.262 (262591873)|HEAP_ALLOCATE|[101]|Bytes:1
17:08:38.262 (262605875)|HEAP_ALLOCATE|[101]|Bytes:9
17:08:38.262 (262614935)|VARIABLE_ASSIGNMENT|[101]|randStr|"Hq6uXOVIE"
17:08:38.262 (262633640)|STATEMENT_EXECUTE|[99]
17:08:38.262 (262636636)|STATEMENT_EXECUTE|[100]
17:08:38.262 (262734360)|VARIABLE_SCOPE_BEGIN|[100]|idx|Integer|false|false
17:08:38.262 (262739134)|HEAP_ALLOCATE|[100]|Bytes:4
17:08:38.262 (262747156)|VARIABLE_ASSIGNMENT|[100]|idx|47
17:08:38.262 (262750769)|STATEMENT_EXECUTE|[101]
17:08:38.262 (262768742)|HEAP_ALLOCATE|[101]|Bytes:1
17:08:38.262 (262782996)|HEAP_ALLOCATE|[101]|Bytes:10
17:08:38.262 (262791946)|VARIABLE_ASSIGNMENT|[101]|randStr|"Hq6uXOVIEl"
17:08:38.262 (262810962)|STATEMENT_EXECUTE|[99]
17:08:38.262 (262813899)|STATEMENT_EXECUTE|[100]
17:08:38.262 (262962286)|VARIABLE_SCOPE_BEGIN|[100]|idx|Integer|false|false
17:08:38.262 (262980678)|HEAP_ALLOCATE|[100]|Bytes:4
17:08:38.262 (262989938)|VARIABLE_ASSIGNMENT|[100]|idx|34
17:08:38.262 (262993771)|STATEMENT_EXECUTE|[101]
17:08:38.263 (263014169)|HEAP_ALLOCATE|[101]|Bytes:1
17:08:38.263 (263029969)|HEAP_ALLOCATE|[101]|Bytes:11
17:08:38.263 (263039213)|VARIABLE_ASSIGNMENT|[101]|randStr|"Hq6uXOVIEl8"
17:08:38.263 (263058308)|STATEMENT_EXECUTE|[99]
17:08:38.263 (263061286)|STATEMENT_EXECUTE|[100]
17:08:38.263 (263151176)|VARIABLE_SCOPE_BEGIN|[100]|idx|Integer|false|false
17:08:38.263 (263155988)|HEAP_ALLOCATE|[100]|Bytes:4
17:08:38.263 (263164322)|VARIABLE_ASSIGNMENT|[100]|idx|32
17:08:38.263 (263167973)|STATEMENT_EXECUTE|[101]
17:08:38.263 (263186052)|HEAP_ALLOCATE|[101]|Bytes:1
17:08:38.263 (263200418)|HEAP_ALLOCATE|[101]|Bytes:12
17:08:38.263 (263209445)|VARIABLE_ASSIGNMENT|[101]|randStr|"Hq6uXOVIEl86"
17:08:38.263 (263228342)|STATEMENT_EXECUTE|[99]
17:08:38.263 (263231277)|STATEMENT_EXECUTE|[100]
17:08:38.263 (263323721)|VARIABLE_SCOPE_BEGIN|[100]|idx|Integer|false|false
17:08:38.263 (263328749)|HEAP_ALLOCATE|[100]|Bytes:4
17:08:38.263 (263336868)|VARIABLE_ASSIGNMENT|[100]|idx|29
17:08:38.263 (263340514)|STATEMENT_EXECUTE|[101]
17:08:38.263 (263358425)|HEAP_ALLOCATE|[101]|Bytes:1
17:08:38.263 (263372596)|HEAP_ALLOCATE|[101]|Bytes:13
17:08:38.263 (263385176)|VARIABLE_ASSIGNMENT|[101]|randStr|"Hq6uXOVIEl863"
17:08:38.263 (263405065)|STATEMENT_EXECUTE|[99]
17:08:38.263 (263408053)|STATEMENT_EXECUTE|[100]
17:08:38.263 (263495653)|VARIABLE_SCOPE_BEGIN|[100]|idx|Integer|false|false
17:08:38.263 (263500406)|HEAP_ALLOCATE|[100]|Bytes:4
17:08:38.263 (263508515)|VARIABLE_ASSIGNMENT|[100]|idx|28
17:08:38.263 (263512124)|STATEMENT_EXECUTE|[101]
17:08:38.263 (263530285)|HEAP_ALLOCATE|[101]|Bytes:1
17:08:38.263 (263544466)|HEAP_ALLOCATE|[101]|Bytes:14
17:08:38.263 (263553547)|VARIABLE_ASSIGNMENT|[101]|randStr|"Hq6uXOVIEl8632"
17:08:38.263 (263572479)|STATEMENT_EXECUTE|[99]
17:08:38.263 (263575348)|STATEMENT_EXECUTE|[100]
17:08:38.263 (263671779)|VARIABLE_SCOPE_BEGIN|[100]|idx|Integer|false|false
17:08:38.263 (263676593)|HEAP_ALLOCATE|[100]|Bytes:4
17:08:38.263 (263684817)|VARIABLE_ASSIGNMENT|[100]|idx|20
17:08:38.263 (263688432)|STATEMENT_EXECUTE|[101]
17:08:38.263 (263706795)|HEAP_ALLOCATE|[101]|Bytes:1
17:08:38.263 (263721011)|HEAP_ALLOCATE|[101]|Bytes:15
17:08:38.263 (263729950)|VARIABLE_ASSIGNMENT|[101]|randStr|"Hq6uXOVIEl8632U"
17:08:38.263 (263748649)|STATEMENT_EXECUTE|[99]
17:08:38.263 (263751608)|STATEMENT_EXECUTE|[100]
17:08:38.263 (263837970)|VARIABLE_SCOPE_BEGIN|[100]|idx|Integer|false|false
17:08:38.263 (263842754)|HEAP_ALLOCATE|[100]|Bytes:4
17:08:38.263 (263850839)|VARIABLE_ASSIGNMENT|[100]|idx|60
17:08:38.263 (263854430)|STATEMENT_EXECUTE|[101]
17:08:38.263 (263872212)|HEAP_ALLOCATE|[101]|Bytes:1
17:08:38.263 (263886321)|HEAP_ALLOCATE|[101]|Bytes:16
17:08:38.263 (263895360)|VARIABLE_ASSIGNMENT|[101]|randStr|"Hq6uXOVIEl8632Uy"
17:08:38.263 (263914396)|STATEMENT_EXECUTE|[99]
17:08:38.263 (263917261)|STATEMENT_EXECUTE|[100]
17:08:38.264 (264005764)|VARIABLE_SCOPE_BEGIN|[100]|idx|Integer|false|false
17:08:38.264 (264011098)|HEAP_ALLOCATE|[100]|Bytes:4
17:08:38.264 (264019134)|VARIABLE_ASSIGNMENT|[100]|idx|41
17:08:38.264 (264022774)|STATEMENT_EXECUTE|[101]
17:08:38.264 (264040721)|HEAP_ALLOCATE|[101]|Bytes:1
17:08:38.264 (264054786)|HEAP_ALLOCATE|[101]|Bytes:17
17:08:38.264 (264063760)|VARIABLE_ASSIGNMENT|[101]|randStr|"Hq6uXOVIEl8632Uyf"
17:08:38.264 (264082814)|STATEMENT_EXECUTE|[99]
17:08:38.264 (264085801)|STATEMENT_EXECUTE|[100]
17:08:38.264 (264241551)|VARIABLE_SCOPE_BEGIN|[100]|idx|Integer|false|false
17:08:38.264 (264247413)|HEAP_ALLOCATE|[100]|Bytes:4
17:08:38.264 (264265774)|VARIABLE_ASSIGNMENT|[100]|idx|11
17:08:38.264 (264270099)|STATEMENT_EXECUTE|[101]
17:08:38.264 (264292468)|HEAP_ALLOCATE|[101]|Bytes:1
17:08:38.264 (264307499)|HEAP_ALLOCATE|[101]|Bytes:18
17:08:38.264 (264317155)|VARIABLE_ASSIGNMENT|[101]|randStr|"Hq6uXOVIEl8632UyfL"
17:08:38.264 (264336809)|STATEMENT_EXECUTE|[103]
17:08:38.264 (264344861)|METHOD_EXIT|[78]|01p58000000n6rI|SObjectUtility.generateRandomString(Integer)
17:08:38.264 (264350071)|VARIABLE_SCOPE_BEGIN|[78]|rId|String|false|false
17:08:38.264 (264358212)|VARIABLE_ASSIGNMENT|[78]|rId|"Hq6uXOVIEl8632UyfL"
17:08:38.264 (264361860)|STATEMENT_EXECUTE|[79]
17:08:38.264 (264371079)|METHOD_ENTRY|[79]|01p58000000n6rI|SObjectUtility.createSObject(SObjectData)
17:08:38.264 (264392953)|VARIABLE_SCOPE_BEGIN|[11]|this|SObjectUtility|true|false
17:08:38.264 (264417452)|VARIABLE_ASSIGNMENT|[11]|this|{"childrenMap":"0x2db864a2"}|0x4adc1b0e
17:08:38.264 (264422674)|VARIABLE_SCOPE_BEGIN|[11]|obj|SObjectData|true|false
17:08:38.264 (264441690)|VARIABLE_ASSIGNMENT|[11]|obj|{"fieldMap":"0x7d1bc28a","sObjectType":"Risk__Impact_Categor (4 more) ..."}|0x256c3b65
17:08:38.264 (264451707)|HEAP_ALLOCATE|[12]|Bytes:5
17:08:38.264 (264456863)|STATEMENT_EXECUTE|[11]
17:08:38.267 (267495940)|HEAP_ALLOCATE|[12]|Bytes:1796
17:08:38.267 (267514787)|METHOD_ENTRY|[12]|01p58000000n6Fr|SObjectData.getSObjectType()
17:08:38.267 (267520894)|VARIABLE_SCOPE_BEGIN|[76]|this|SObjectData|true|false
17:08:38.267 (267550216)|VARIABLE_ASSIGNMENT|[76]|this|{"fieldMap":"0x7d1bc28a","sObjectType":"Risk__Impact_Categor (4 more) ..."}|0x256c3b65
17:08:38.267 (267560993)|HEAP_ALLOCATE|[77]|Bytes:5
17:08:38.267 (267566205)|STATEMENT_EXECUTE|[76]
17:08:38.267 (267568916)|STATEMENT_EXECUTE|[77]
17:08:38.267 (267576550)|METHOD_EXIT|[12]|01p58000000n6Fr|SObjectData.getSObjectType()
17:08:38.267 (267609025)|STATEMENT_EXECUTE|[12]
17:08:38.267 (267612748)|STATEMENT_EXECUTE|[15]
17:08:38.270 (270549303)|HEAP_ALLOCATE|[15]|Bytes:1796
17:08:38.270 (270567219)|METHOD_ENTRY|[15]|01p58000000n6Fr|SObjectData.getSObjectType()
17:08:38.270 (270573080)|VARIABLE_SCOPE_BEGIN|[76]|this|SObjectData|true|false
17:08:38.270 (270601539)|VARIABLE_ASSIGNMENT|[76]|this|{"fieldMap":"0x7d1bc28a","sObjectType":"Risk__Impact_Categor (4 more) ..."}|0x256c3b65
17:08:38.270 (270611873)|HEAP_ALLOCATE|[77]|Bytes:5
17:08:38.270 (270617021)|STATEMENT_EXECUTE|[76]
17:08:38.270 (270619706)|STATEMENT_EXECUTE|[77]
17:08:38.270 (270627496)|METHOD_EXIT|[15]|01p58000000n6Fr|SObjectData.getSObjectType()
17:08:38.270 (270744027)|HEAP_ALLOCATE|[15]|Bytes:4
17:08:38.270 (270759570)|VARIABLE_SCOPE_BEGIN|[15]|sObj|SObject|true|false
17:08:38.270 (270773879)|VARIABLE_ASSIGNMENT|[15]|sObj|{}|0xff754c8
17:08:38.270 (270780786)|HEAP_ALLOCATE|[16]|Bytes:4
17:08:38.270 (270796590)|METHOD_ENTRY|[16]|01p58000000n6Fr|SObjectData.getFieldMap()
17:08:38.270 (270802070)|VARIABLE_SCOPE_BEGIN|[72]|this|SObjectData|true|false
17:08:38.270 (270833346)|VARIABLE_ASSIGNMENT|[72]|this|{"fieldMap":"0x7d1bc28a","sObjectType":"Risk__Impact_Categor (4 more) ..."}|0x256c3b65
17:08:38.270 (270844565)|HEAP_ALLOCATE|[73]|Bytes:5
17:08:38.270 (270849619)|STATEMENT_EXECUTE|[72]
17:08:38.270 (270852151)|STATEMENT_EXECUTE|[73]
17:08:38.270 (270860125)|METHOD_EXIT|[16]|01p58000000n6Fr|SObjectData.getFieldMap()
17:08:38.270 (270886570)|HEAP_ALLOCATE|[16]|Bytes:37
17:08:38.270 (270911404)|HEAP_ALLOCATE|[16]|Bytes:8
17:08:38.270 (270942694)|HEAP_ALLOCATE|[16]|Bytes:5
17:08:38.270 (270957647)|VARIABLE_SCOPE_BEGIN|[16]|field|String|false|false
17:08:38.270 (270968143)|VARIABLE_ASSIGNMENT|[16]|field|"Name"
17:08:38.270 (270972383)|STATEMENT_EXECUTE|[16]
17:08:38.270 (270974903)|STATEMENT_EXECUTE|[17]
17:08:38.270 (270981286)|METHOD_ENTRY|[17]|01p58000000n6Fr|SObjectData.getFieldMap()
17:08:38.270 (270985985)|VARIABLE_SCOPE_BEGIN|[72]|this|SObjectData|true|false
17:08:38.271 (271009039)|VARIABLE_ASSIGNMENT|[72]|this|{"fieldMap":"0x7d1bc28a","sObjectType":"Risk__Impact_Categor (4 more) ..."}|0x256c3b65
17:08:38.271 (271019593)|HEAP_ALLOCATE|[73]|Bytes:5
17:08:38.271 (271024352)|STATEMENT_EXECUTE|[72]
17:08:38.271 (271027211)|STATEMENT_EXECUTE|[73]
17:08:38.271 (271034743)|METHOD_EXIT|[17]|01p58000000n6Fr|SObjectData.getFieldMap()
17:08:38.271 (271061095)|VARIABLE_SCOPE_BEGIN|[17]|value|String|false|false
17:08:38.271 (271071150)|VARIABLE_ASSIGNMENT|[17]|value|"Cost IC"
17:08:38.271 (271074968)|STATEMENT_EXECUTE|[18]
17:08:38.279 (279517541)|HEAP_ALLOCATE|[16]|Bytes:5
17:08:38.279 (279536693)|VARIABLE_SCOPE_BEGIN|[16]|field|String|false|false
17:08:38.279 (279550238)|VARIABLE_ASSIGNMENT|[16]|field|"Risk__Type_Of_Risk__ (1 more) ..."
17:08:38.279 (279555022)|STATEMENT_EXECUTE|[16]
17:08:38.279 (279557858)|STATEMENT_EXECUTE|[17]
17:08:38.279 (279564961)|METHOD_ENTRY|[17]|01p58000000n6Fr|SObjectData.getFieldMap()
17:08:38.279 (279571108)|VARIABLE_SCOPE_BEGIN|[72]|this|SObjectData|true|false
17:08:38.279 (279597089)|VARIABLE_ASSIGNMENT|[72]|this|{"fieldMap":"0x7d1bc28a","sObjectType":"Risk__Impact_Categor (4 more) ..."}|0x256c3b65
17:08:38.279 (279607439)|HEAP_ALLOCATE|[73]|Bytes:5
17:08:38.279 (279612496)|STATEMENT_EXECUTE|[72]
17:08:38.279 (279615219)|STATEMENT_EXECUTE|[73]
17:08:38.279 (279623110)|METHOD_EXIT|[17]|01p58000000n6Fr|SObjectData.getFieldMap()
17:08:38.279 (279651615)|VARIABLE_SCOPE_BEGIN|[17]|value|String|false|false
17:08:38.279 (279661564)|VARIABLE_ASSIGNMENT|[17]|value|"Time"
17:08:38.279 (279665598)|STATEMENT_EXECUTE|[18]
17:08:38.279 (279783065)|HEAP_ALLOCATE|[16]|Bytes:5
17:08:38.279 (279800922)|VARIABLE_ASSIGNMENT|[16]|field|null
17:08:38.279 (279805942)|STATEMENT_EXECUTE|[21]
17:08:38.279 (279814231)|METHOD_EXIT|[79]|01p58000000n6rI|SObjectUtility.createSObject(SObjectData)
17:08:38.279 (279838133)|HEAP_ALLOCATE|[EXTERNAL]|Bytes:-4
17:08:38.279 (279858381)|METHOD_ENTRY|[80]|01p58000000n6Fr|SObjectData.getChildren()
17:08:38.279 (279875108)|VARIABLE_SCOPE_BEGIN|[80]|this|SObjectData|true|false
17:08:38.279 (279902215)|VARIABLE_ASSIGNMENT|[80]|this|{"fieldMap":"0x7d1bc28a","sObjectType":"Risk__Impact_Categor (4 more) ..."}|0x256c3b65
17:08:38.279 (279912751)|HEAP_ALLOCATE|[81]|Bytes:5
17:08:38.279 (279917774)|STATEMENT_EXECUTE|[80]
17:08:38.279 (279921471)|STATEMENT_EXECUTE|[81]
17:08:38.279 (279923686)|STATEMENT_EXECUTE|[82]
17:08:38.279 (279929173)|HEAP_ALLOCATE|[82]|Bytes:4
17:08:38.279 (279956538)|VARIABLE_ASSIGNMENT|[82]|this.children|{"s":1,"v":{}}|0x256c3b65
17:08:38.279 (279962473)|STATEMENT_EXECUTE|[84]
17:08:38.279 (279971095)|METHOD_EXIT|[80]|01p58000000n6Fr|SObjectData.getChildren()
17:08:38.279 (279988719)|STATEMENT_EXECUTE|[80]
17:08:38.280 (280003656)|HEAP_ALLOCATE|[76]|Bytes:5
17:08:38.280 (280020221)|VARIABLE_ASSIGNMENT|[76]|obj|null|
17:08:38.280 (280025024)|STATEMENT_EXECUTE|[85]
17:08:38.280 (280034849)|HEAP_ALLOCATE|[85]|Bytes:4
17:08:38.280 (280046898)|VARIABLE_SCOPE_BEGIN|[85]|bufferMap|Map<String,Map<String,SObject>>|true|false
17:08:38.280 (280064078)|VARIABLE_ASSIGNMENT|[85]|bufferMap|{"s":1,"v":{}}|0x2f58222d
17:08:38.280 (280069140)|STATEMENT_EXECUTE|[86]
17:08:38.280 (280109730)|HEAP_ALLOCATE|[EXTERNAL]|Bytes:-4
17:08:38.280 (280173471)|STATEMENT_EXECUTE|[89]
17:08:38.280 (280177478)|STATEMENT_EXECUTE|[90]
17:08:38.280 (280208142)|HEAP_ALLOCATE|[EXTERNAL]|Bytes:-4
17:08:38.280 (280235329)|HEAP_ALLOCATE|[72]|Bytes:5
17:08:38.280 (280251572)|VARIABLE_ASSIGNMENT|[72]|relationshipKey|null
17:08:38.280 (280261959)|METHOD_EXIT|[64]|01p58000000n6rI|SObjectUtility.createChildren(String, Map<String,List<SObjectData>>)
17:08:38.280 (280276746)|HEAP_ALLOCATE|[60]|Bytes:5
17:08:38.280 (280289539)|VARIABLE_ASSIGNMENT|[60]|obj|null|
17:08:38.280 (280293918)|STATEMENT_EXECUTE|[67]
17:08:38.280 (280301008)|METHOD_EXIT|[6]|01p58000000n6rI|SObjectUtility.createRoot(List<SObjectData>)
17:08:38.280 (280306603)|VARIABLE_SCOPE_BEGIN|[6]|root|Map<String,SObject>|true|false
17:08:38.280 (280328288)|VARIABLE_ASSIGNMENT|[6]|root|{"s":1,"v":{"lWGERnGjkO3ZwgMJlI":{"Name":"Scoring Scheme 5x5","RecordTypeId":"012580000000H5p"}}}|0x68b7b975
17:08:38.280 (280334760)|STATEMENT_EXECUTE|[7]
17:08:38.280 (280351343)|METHOD_ENTRY|[7]|01p58000000n6rI|SObjectUtility.insertSObjects(Map<String,SObject>)
17:08:38.280 (280377624)|VARIABLE_SCOPE_BEGIN|[24]|this|SObjectUtility|true|false
17:08:38.280 (280411434)|VARIABLE_ASSIGNMENT|[24]|this|{"childrenMap":"0x2db864a2"}|0x4adc1b0e
17:08:38.280 (280418384)|VARIABLE_SCOPE_BEGIN|[24]|objMap|Map<String,SObject>|true|false
17:08:38.280 (280435887)|VARIABLE_ASSIGNMENT|[24]|objMap|{"s":1,"v":{"lWGERnGjkO3ZwgMJlI":{"Name":"Scoring Scheme 5x5","RecordTypeId":"012580000000H5p"}}}|0x68b7b975
17:08:38.280 (280447077)|HEAP_ALLOCATE|[25]|Bytes:5
17:08:38.280 (280452421)|STATEMENT_EXECUTE|[24]
17:08:38.280 (280455137)|STATEMENT_EXECUTE|[25]
17:08:38.280 (280457294)|STATEMENT_EXECUTE|[25]
17:08:38.280 (280459593)|STATEMENT_EXECUTE|[26]
17:08:38.280 (280464700)|HEAP_ALLOCATE|[26]|Bytes:4
17:08:38.280 (280471505)|VARIABLE_SCOPE_BEGIN|[26]|childMap|Map<String,SObject>|true|false
17:08:38.280 (280487070)|VARIABLE_ASSIGNMENT|[26]|childMap|{"s":1,"v":{}}|0x446d7f36
17:08:38.280 (280492417)|STATEMENT_EXECUTE|[27]
17:08:38.280 (280531789)|HEAP_ALLOCATE|[EXTERNAL]|Bytes:8
17:08:38.280 (280543770)|HEAP_ALLOCATE|[27]|Bytes:69
17:08:38.280 (280612115)|DML_BEGIN|[27]|Op:Insert|Type:SObject|Rows:1
17:08:38.280 (280637584)|HEAP_ALLOCATE|[EXTERNAL]|Bytes:8
17:08:38.330 (330260688)|DML_END|[27]
17:08:38.330 (330341549)|HEAP_ALLOCATE|[EXTERNAL]|Bytes:8
17:08:38.330 (330357189)|HEAP_ALLOCATE|[28]|Bytes:4
17:08:38.330 (330436715)|HEAP_ALLOCATE|[28]|Bytes:26
17:08:38.330 (330467245)|HEAP_ALLOCATE|[28]|Bytes:4
17:08:38.330 (330504309)|HEAP_ALLOCATE|[28]|Bytes:5
17:08:38.330 (330523578)|VARIABLE_SCOPE_BEGIN|[28]|key|String|false|false
17:08:38.330 (330536697)|VARIABLE_ASSIGNMENT|[28]|key|"lWGERnGjkO3ZwgMJlI"
17:08:38.330 (330541718)|STATEMENT_EXECUTE|[28]
17:08:38.330 (330547968)|HEAP_ALLOCATE|[29]|Bytes:4
17:08:38.330 (330597793)|HEAP_ALLOCATE|[29]|Bytes:25
17:08:38.330 (330624397)|HEAP_ALLOCATE|[29]|Bytes:4
17:08:38.330 (330658145)|HEAP_ALLOCATE|[29]|Bytes:5
17:08:38.330 (330676026)|VARIABLE_SCOPE_BEGIN|[29]|relationshipKey|String|false|false
17:08:38.330 (330688073)|VARIABLE_ASSIGNMENT|[29]|relationshipKey|"Scoring_Scheme__c"
17:08:38.330 (330692848)|STATEMENT_EXECUTE|[29]
17:08:38.330 (330770058)|STATEMENT_EXECUTE|[31]
17:08:38.330 (330774598)|STATEMENT_EXECUTE|[32]
17:08:38.330 (330869368)|HEAP_ALLOCATE|[32]|Bytes:18
17:08:38.330 (330941219)|METHOD_ENTRY|[32]|01p58000000n6rI|SObjectUtility.buildRelationships(String, String, Map<String,SObject>)
17:08:38.330 (330950828)|VARIABLE_SCOPE_BEGIN|[47]|this|SObjectUtility|true|false
17:08:38.330 (330975866)|VARIABLE_ASSIGNMENT|[47]|this|{"childrenMap":"0x2db864a2"}|0x4adc1b0e
17:08:38.330 (330982021)|VARIABLE_SCOPE_BEGIN|[47]|field|String|false|false
17:08:38.330 (330988590)|VARIABLE_ASSIGNMENT|[47]|field|"Scoring_Scheme__c"
17:08:38.330 (330991912)|VARIABLE_SCOPE_BEGIN|[47]|parentId|String|false|false
17:08:38.330 (330996956)|VARIABLE_ASSIGNMENT|[47]|parentId|"a0u58000000PNUgAAO"
17:08:38.331 (331000963)|VARIABLE_SCOPE_BEGIN|[47]|objMap|Map<String,SObject>|true|false
17:08:38.331 (331020627)|VARIABLE_ASSIGNMENT|[47]|objMap|{"s":1,"v":{"Hq6uXOVIEl8632UyfL":{"Name":"Cost IC","Risk__Type_of_Risk__ (1 more) ...":"Time"}}}|0x132099f1
17:08:38.331 (331033182)|HEAP_ALLOCATE|[48]|Bytes:5
17:08:38.331 (331038751)|STATEMENT_EXECUTE|[47]
17:08:38.331 (331041740)|STATEMENT_EXECUTE|[48]
17:08:38.331 (331043811)|STATEMENT_EXECUTE|[48]
17:08:38.331 (331049129)|HEAP_ALLOCATE|[49]|Bytes:4
17:08:38.331 (331097246)|HEAP_ALLOCATE|[49]|Bytes:26
17:08:38.331 (331123054)|HEAP_ALLOCATE|[49]|Bytes:4
17:08:38.331 (331157043)|HEAP_ALLOCATE|[49]|Bytes:5
17:08:38.331 (331175118)|VARIABLE_SCOPE_BEGIN|[49]|key|String|false|false
17:08:38.331 (331186413)|VARIABLE_ASSIGNMENT|[49]|key|"Hq6uXOVIEl8632UyfL"
17:08:38.331 (331191033)|STATEMENT_EXECUTE|[49]
17:08:38.331 (331193836)|STATEMENT_EXECUTE|[50]
17:08:38.331 (331298094)|EXCEPTION_THROWN|[50]|System.SObjectException: Invalid field Scoring_Scheme__c for Risk__Impact_Category__c
17:08:38.331 (331424283)|HEAP_ALLOCATE|[50]|Bytes:64
17:08:38.331 (331476700)|VARIABLE_SCOPE_BEGIN|[53]|e|Exception|true|false
17:08:38.331 (331583117)|VARIABLE_ASSIGNMENT|[53]|e|"common.apex.runtime.impl.ExecutionException: Invalid field Scoring_Scheme__c for Risk__Impact_Category__c"|0x4762af5a
17:08:38.331 (331593392)|STATEMENT_EXECUTE|[53]
17:08:38.331 (331596400)|STATEMENT_EXECUTE|[54]
17:08:38.332 (332504371)|METHOD_ENTRY|[1]|01p58000000n6Yd|AppException.AppException()
17:08:38.332 (332513355)|STATEMENT_EXECUTE|[1]
17:08:38.332 (332518270)|STATEMENT_EXECUTE|[1]
17:08:38.332 (332526282)|METHOD_EXIT|[1]|AppException
17:08:38.332 (332554609)|HEAP_ALLOCATE|[54]|Bytes:28
17:08:38.332 (332601116)|HEAP_ALLOCATE|[54]|Bytes:60
17:08:38.332 (332624458)|CONSTRUCTOR_ENTRY|[54]|01p58000000n6Yd|<init>(String)
17:08:38.332 (332651892)|VARIABLE_SCOPE_BEGIN|[1]|this|AppException|true|false
17:08:38.332 (332734801)|VARIABLE_ASSIGNMENT|[1]|this|"common.apex.runtime.impl.ExecutionException"|0x17e0b831
17:08:38.332 (332753122)|HEAP_ALLOCATE|[EXTERNAL]|Bytes:34
17:08:38.332 (332771906)|VARIABLE_SCOPE_BEGIN|[2]|this|System.ApexBaseException|true|false
17:08:38.332 (332836437)|VARIABLE_ASSIGNMENT|[2]|this|"common.apex.runtime.impl.ExecutionException"|0x368897ee
17:08:38.332 (332871215)|VARIABLE_ASSIGNMENT|[-1]|Exception.serialVersionUID|-3387516993124229948|0x1322eb65
17:08:38.334 (334325271)|STATEMENT_EXECUTE|[1]
17:08:38.334 (334336859)|CONSTRUCTOR_EXIT|[54]|01p58000000n6Yd|<init>(String)
17:08:38.334 (334373918)|EXCEPTION_THROWN|[54]|AppException: Invalid field Scoring_Scheme__c for Risk__Impact_Category__c
17:08:38.334 (334416637)|EXCEPTION_THROWN|[54]|AppException: Invalid field Scoring_Scheme__c for Risk__Impact_Category__c
17:08:38.334 (334429379)|METHOD_EXIT|[32]|01p58000000n6rI|SObjectUtility.buildRelationships(String, String, Map<String,SObject>)
17:08:38.334 (334472534)|VARIABLE_SCOPE_BEGIN|[41]|e|Exception|true|false
17:08:38.334 (334550000)|VARIABLE_ASSIGNMENT|[41]|e|"common.apex.runtime.impl.ExecutionException: Invalid field Scoring_Scheme__c for Risk__Impact_Category__c"|0x5263074a
17:08:38.334 (334559811)|STATEMENT_EXECUTE|[41]
17:08:38.334 (334570771)|METHOD_EXIT|[7]|01p58000000n6rI|SObjectUtility.insertSObjects(Map<String,SObject>)
17:08:38.334 (334575786)|STATEMENT_EXECUTE|[8]
17:08:38.334 (334582397)|METHOD_EXIT|[20]|01p58000000n6rI|SObjectUtility.createSObjects(List<SObjectData>)
17:08:38.334 (334589064)|METHOD_EXIT|[34]|01p58000000n81u|ScoringSchemeHelper.create5x5ScoringScheme()
17:08:38.334 (334594205)|SYSTEM_MODE_EXIT|false
17:08:38.338 (338548797)|CUMULATIVE_LIMIT_USAGE
17:08:38.338 (338548797)|LIMIT_USAGE_FOR_NS|(default)|
  Number of SOQL queries: 0 out of 100
  Number of query rows: 0 out of 50000
  Number of SOSL queries: 0 out of 20
  Number of DML statements: 1 out of 150
  Number of DML rows: 1 out of 10000
  Maximum CPU time: 37 out of 10000
  Maximum heap size: 0 out of 6000000
  Number of callouts: 0 out of 100
  Number of Email Invocations: 0 out of 10
  Number of future calls: 0 out of 50
  Number of queueable jobs added to the queue: 0 out of 50
  Number of Mobile Apex push calls: 0 out of 10

17:08:38.338 (338548797)|CUMULATIVE_LIMIT_USAGE_END

17:08:38.338 (338599791)|CODE_UNIT_FINISHED|execute_anonymous_apex
17:08:38.339 (339553594)|EXECUTION_FINISHED
