35.0 APEX_CODE,FINEST;APEX_PROFILING,INFO;CALLOUT,INFO;DB,INFO;SYSTEM,DEBUG;VALIDATION,INFO;VISUALFORCE,INFO;WORKFLOW,INFO
Execute Anonymous: /*SObjectData d = new SObjectData('Test_objects__c');
Execute Anonymous: d.addValuePair('Name', 'Parent');
Execute Anonymous: d.setParentField('Parent__c');
Execute Anonymous: 
Execute Anonymous: SObjectData d1 = new SObjectData('Test_objects__c');
Execute Anonymous: d1.addValuePair('Name', 'Child 1');
Execute Anonymous: d1.setParent(d);
Execute Anonymous: d1.setParentField('Parent__c');
Execute Anonymous: 
Execute Anonymous: SObjectData d2 = new SObjectData('Test_objects__c');
Execute Anonymous: d2.addValuePair('Name', 'Child 2');
Execute Anonymous: d2.setParent(d);
Execute Anonymous: d2.setParentField('Parent__c');
Execute Anonymous: 
Execute Anonymous: SObjectData d3 = new SObjectData('Test_objects__c');
Execute Anonymous: d3.addValuePair('Name', 'Child 3');
Execute Anonymous: d3.setParent(d);
Execute Anonymous: d3.setParentField('Parent__c');
Execute Anonymous: 
Execute Anonymous: d.addChild(d1);
Execute Anonymous: d.addChild(d2);
Execute Anonymous: d.addChild(d3);
Execute Anonymous: 
Execute Anonymous: SObjectData d4 = new SObjectData('Test_objects__c');
Execute Anonymous: d4.addValuePair('Name', 'Child 4');
Execute Anonymous: d4.setParent(d3);
Execute Anonymous: d4.setParentField('Parent__c');
Execute Anonymous: 
Execute Anonymous: d3.addChild(d4);
Execute Anonymous: 
Execute Anonymous: SObjectUtility h = new SObjectUtility();
Execute Anonymous: h.createSObjects(new List<SObjectData> { d} );*/
Execute Anonymous: 
Execute Anonymous: ScoringSchemeHelper.create5x5ScoringScheme();
17:13:29.161 (161491473)|EXECUTION_STARTED
17:13:29.161 (161504472)|CODE_UNIT_STARTED|[EXTERNAL]|execute_anonymous_apex
17:13:29.161 (161811655)|HEAP_ALLOCATE|[72]|Bytes:3
17:13:29.161 (161876478)|HEAP_ALLOCATE|[77]|Bytes:152
17:13:29.161 (161900197)|HEAP_ALLOCATE|[342]|Bytes:408
17:13:29.161 (161923013)|HEAP_ALLOCATE|[355]|Bytes:408
17:13:29.161 (161944130)|HEAP_ALLOCATE|[467]|Bytes:48
17:13:29.161 (161987920)|HEAP_ALLOCATE|[139]|Bytes:6
17:13:29.162 (162021586)|HEAP_ALLOCATE|[EXTERNAL]|Bytes:2
17:13:29.162 (162117270)|STATEMENT_EXECUTE|[1]
17:13:29.162 (162121980)|STATEMENT_EXECUTE|[34]
17:13:29.162 (162186135)|HEAP_ALLOCATE|[50]|Bytes:5
17:13:29.162 (162217630)|HEAP_ALLOCATE|[56]|Bytes:5
17:13:29.162 (162229952)|HEAP_ALLOCATE|[64]|Bytes:7
17:13:29.162 (162258849)|SYSTEM_MODE_ENTER|false
17:13:29.162 (162296833)|HEAP_ALLOCATE|[34]|Bytes:5
17:13:29.181 (181616902)|HEAP_ALLOCATE|[34]|Bytes:1
17:13:29.181 (181682381)|METHOD_ENTRY|[1]|01p58000000n81u|ScoringSchemeHelper.ScoringSchemeHelper()
17:13:29.181 (181690558)|STATEMENT_EXECUTE|[1]
17:13:29.181 (181697833)|STATEMENT_EXECUTE|[1]
17:13:29.181 (181718938)|HEAP_ALLOCATE|[34]|Bytes:5
17:13:29.181 (181739327)|METHOD_EXIT|[1]|ScoringSchemeHelper
17:13:29.181 (181794153)|METHOD_ENTRY|[34]|01p58000000n81u|ScoringSchemeHelper.create5x5ScoringScheme()
17:13:29.181 (181861037)|HEAP_ALLOCATE|[4]|Bytes:5
17:13:29.181 (181867638)|STATEMENT_EXECUTE|[3]
17:13:29.181 (181870356)|STATEMENT_EXECUTE|[4]
17:13:29.189 (189554704)|HEAP_ALLOCATE|[4]|Bytes:43
17:13:29.189 (189584143)|METHOD_ENTRY|[1]|01p58000000n6Fr|SObjectData.SObjectData()
17:13:29.189 (189590167)|STATEMENT_EXECUTE|[1]
17:13:29.189 (189594938)|STATEMENT_EXECUTE|[1]
17:13:29.189 (189602327)|HEAP_ALLOCATE|[4]|Bytes:5
17:13:29.189 (189615975)|METHOD_EXIT|[1]|SObjectData
17:13:29.189 (189733629)|HEAP_ALLOCATE|[4]|Bytes:24
17:13:29.189 (189743526)|HEAP_ALLOCATE|[4]|Bytes:23
17:13:29.189 (189768397)|CONSTRUCTOR_ENTRY|[4]|01p58000000n6Fr|<init>(String)
17:13:29.189 (189833182)|VARIABLE_SCOPE_BEGIN|[8]|this|SObjectData|true|false
17:13:29.189 (189902181)|VARIABLE_ASSIGNMENT|[8]|this|{}|0x38e8fb7e
17:13:29.189 (189910246)|VARIABLE_SCOPE_BEGIN|[8]|sobjectType|String|false|false
17:13:29.189 (189925468)|VARIABLE_ASSIGNMENT|[8]|sobjectType|"Risk__Scoring_Scheme (3 more) ..."
17:13:29.189 (189934376)|HEAP_ALLOCATE|[2]|Bytes:5
17:13:29.189 (189939259)|STATEMENT_EXECUTE|[1]
17:13:29.189 (189943165)|HEAP_ALLOCATE|[2]|Bytes:5
17:13:29.189 (189946275)|STATEMENT_EXECUTE|[2]
17:13:29.189 (189955725)|HEAP_ALLOCATE|[2]|Bytes:4
17:13:29.190 (190014080)|VARIABLE_ASSIGNMENT|[2]|this.fieldMap|{"s":1,"v":{}}|0x38e8fb7e
17:13:29.190 (190021295)|STATEMENT_EXECUTE|[3]
17:13:29.190 (190024074)|STATEMENT_EXECUTE|[4]
17:13:29.190 (190026337)|STATEMENT_EXECUTE|[5]
17:13:29.190 (190028502)|STATEMENT_EXECUTE|[6]
17:13:29.190 (190045178)|HEAP_ALLOCATE|[2]|Bytes:6
17:13:29.190 (190066506)|VARIABLE_SCOPE_BEGIN|[2]|this|System.ApexBaseClass|true|false
17:13:29.190 (190094649)|VARIABLE_ASSIGNMENT|[2]|this|{"fieldMap":"0x23f0d23c"}|0x38e8fb7e
17:13:29.190 (190115386)|STATEMENT_EXECUTE|[8]
17:13:29.190 (190118451)|STATEMENT_EXECUTE|[9]
17:13:29.190 (190132347)|VARIABLE_ASSIGNMENT|[9]|this.sObjectType|"Risk__Scoring_Scheme (3 more) ..."|0x38e8fb7e
17:13:29.190 (190149330)|CONSTRUCTOR_EXIT|[4]|01p58000000n6Fr|<init>(String)
17:13:29.190 (190154975)|VARIABLE_SCOPE_BEGIN|[4]|scoringScheme|SObjectData|true|false
17:13:29.190 (190179374)|VARIABLE_ASSIGNMENT|[4]|scoringScheme|{"fieldMap":"0x23f0d23c","sObjectType":"Risk__Scoring_Scheme (3 more) ..."}|0x38e8fb7e
17:13:29.190 (190185453)|STATEMENT_EXECUTE|[5]
17:13:29.190 (190190199)|HEAP_ALLOCATE|[5]|Bytes:4
17:13:29.190 (190194997)|HEAP_ALLOCATE|[5]|Bytes:18
17:13:29.190 (190238179)|METHOD_ENTRY|[5]|01p58000000n6Fr|SObjectData.addValuePair(String, String)
17:13:29.190 (190268518)|VARIABLE_SCOPE_BEGIN|[66]|this|SObjectData|true|false
17:13:29.190 (190299816)|VARIABLE_ASSIGNMENT|[66]|this|{"fieldMap":"0x23f0d23c","sObjectType":"Risk__Scoring_Scheme (3 more) ..."}|0x38e8fb7e
17:13:29.190 (190307879)|VARIABLE_SCOPE_BEGIN|[66]|field|String|false|false
17:13:29.190 (190313923)|VARIABLE_ASSIGNMENT|[66]|field|"Name"
17:13:29.190 (190318127)|VARIABLE_SCOPE_BEGIN|[66]|value|String|false|false
17:13:29.190 (190323392)|VARIABLE_ASSIGNMENT|[66]|value|"Scoring Scheme 5x5"
17:13:29.190 (190332015)|HEAP_ALLOCATE|[68]|Bytes:5
17:13:29.190 (190337084)|STATEMENT_EXECUTE|[66]
17:13:29.190 (190344135)|STATEMENT_EXECUTE|[68]
17:13:29.190 (190346747)|STATEMENT_EXECUTE|[71]
17:13:29.190 (190462005)|HEAP_ALLOCATE|[EXTERNAL]|Bytes:-4
17:13:29.190 (190494232)|METHOD_EXIT|[5]|01p58000000n6Fr|SObjectData.addValuePair(String, String)
17:13:29.190 (190500114)|STATEMENT_EXECUTE|[6]
17:13:29.190 (190504964)|HEAP_ALLOCATE|[6]|Bytes:12
17:13:29.190 (190509752)|HEAP_ALLOCATE|[6]|Bytes:15
17:13:29.190 (190521849)|METHOD_ENTRY|[6]|01p58000000n6Fr|SObjectData.addValuePair(String, String)
17:13:29.190 (190539956)|VARIABLE_SCOPE_BEGIN|[66]|this|SObjectData|true|false
17:13:29.190 (190566978)|VARIABLE_ASSIGNMENT|[66]|this|{"fieldMap":"0x23f0d23c","sObjectType":"Risk__Scoring_Scheme (3 more) ..."}|0x38e8fb7e
17:13:29.190 (190572646)|VARIABLE_SCOPE_BEGIN|[66]|field|String|false|false
17:13:29.190 (190578161)|VARIABLE_ASSIGNMENT|[66]|field|"RecordTypeId"
17:13:29.190 (190581016)|VARIABLE_SCOPE_BEGIN|[66]|value|String|false|false
17:13:29.190 (190585770)|VARIABLE_ASSIGNMENT|[66]|value|"012580000000H5p"
17:13:29.190 (190594057)|HEAP_ALLOCATE|[68]|Bytes:5
17:13:29.190 (190598532)|STATEMENT_EXECUTE|[66]
17:13:29.190 (190602175)|STATEMENT_EXECUTE|[68]
17:13:29.190 (190604715)|STATEMENT_EXECUTE|[71]
17:13:29.190 (190628017)|HEAP_ALLOCATE|[EXTERNAL]|Bytes:-4
17:13:29.190 (190651410)|METHOD_EXIT|[6]|01p58000000n6Fr|SObjectData.addValuePair(String, String)
17:13:29.190 (190656644)|STATEMENT_EXECUTE|[8]
17:13:29.190 (190662768)|HEAP_ALLOCATE|[8]|Bytes:24
17:13:29.190 (190668299)|HEAP_ALLOCATE|[8]|Bytes:24
17:13:29.190 (190680094)|CONSTRUCTOR_ENTRY|[8]|01p58000000n6Fr|<init>(String)
17:13:29.190 (190702597)|VARIABLE_SCOPE_BEGIN|[8]|this|SObjectData|true|false
17:13:29.190 (190723553)|VARIABLE_ASSIGNMENT|[8]|this|{}|0x92e197a
17:13:29.190 (190728416)|VARIABLE_SCOPE_BEGIN|[8]|sobjectType|String|false|false
17:13:29.190 (190736001)|VARIABLE_ASSIGNMENT|[8]|sobjectType|"Risk__Impact_Categor (4 more) ..."
17:13:29.190 (190743873)|HEAP_ALLOCATE|[2]|Bytes:5
17:13:29.190 (190748302)|STATEMENT_EXECUTE|[1]
17:13:29.190 (190751769)|HEAP_ALLOCATE|[2]|Bytes:5
17:13:29.190 (190754835)|STATEMENT_EXECUTE|[2]
17:13:29.190 (190759695)|HEAP_ALLOCATE|[2]|Bytes:4
17:13:29.190 (190783891)|VARIABLE_ASSIGNMENT|[2]|this.fieldMap|{"s":1,"v":{}}|0x92e197a
17:13:29.190 (190789514)|STATEMENT_EXECUTE|[3]
17:13:29.190 (190792110)|STATEMENT_EXECUTE|[4]
17:13:29.190 (190794764)|STATEMENT_EXECUTE|[5]
17:13:29.190 (190796935)|STATEMENT_EXECUTE|[6]
17:13:29.190 (190807653)|VARIABLE_SCOPE_BEGIN|[2]|this|System.ApexBaseClass|true|false
17:13:29.190 (190829982)|VARIABLE_ASSIGNMENT|[2]|this|{"fieldMap":"0xa227a52"}|0x92e197a
17:13:29.190 (190843028)|STATEMENT_EXECUTE|[8]
17:13:29.190 (190845957)|STATEMENT_EXECUTE|[9]
17:13:29.190 (190857503)|VARIABLE_ASSIGNMENT|[9]|this.sObjectType|"Risk__Impact_Categor (4 more) ..."|0x92e197a
17:13:29.190 (190871202)|CONSTRUCTOR_EXIT|[8]|01p58000000n6Fr|<init>(String)
17:13:29.190 (190875948)|VARIABLE_SCOPE_BEGIN|[8]|costIC|SObjectData|true|false
17:13:29.190 (190897629)|VARIABLE_ASSIGNMENT|[8]|costIC|{"fieldMap":"0xa227a52","sObjectType":"Risk__Impact_Categor (4 more) ..."}|0x92e197a
17:13:29.190 (190903550)|STATEMENT_EXECUTE|[9]
17:13:29.190 (190909018)|HEAP_ALLOCATE|[9]|Bytes:7
17:13:29.190 (190922730)|METHOD_ENTRY|[9]|01p58000000n6Fr|SObjectData.addValuePair(String, String)
17:13:29.190 (190940294)|VARIABLE_SCOPE_BEGIN|[66]|this|SObjectData|true|false
17:13:29.190 (190964125)|VARIABLE_ASSIGNMENT|[66]|this|{"fieldMap":"0xa227a52","sObjectType":"Risk__Impact_Categor (4 more) ..."}|0x92e197a
17:13:29.190 (190969467)|VARIABLE_SCOPE_BEGIN|[66]|field|String|false|false
17:13:29.190 (190974789)|VARIABLE_ASSIGNMENT|[66]|field|"Name"
17:13:29.190 (190977605)|VARIABLE_SCOPE_BEGIN|[66]|value|String|false|false
17:13:29.190 (190982015)|VARIABLE_ASSIGNMENT|[66]|value|"Cost IC"
17:13:29.190 (190989984)|HEAP_ALLOCATE|[68]|Bytes:5
17:13:29.190 (190994257)|STATEMENT_EXECUTE|[66]
17:13:29.190 (190997869)|STATEMENT_EXECUTE|[68]
17:13:29.191 (191000212)|STATEMENT_EXECUTE|[71]
17:13:29.191 (191024730)|HEAP_ALLOCATE|[EXTERNAL]|Bytes:-4
17:13:29.191 (191047898)|METHOD_EXIT|[9]|01p58000000n6Fr|SObjectData.addValuePair(String, String)
17:13:29.191 (191053226)|STATEMENT_EXECUTE|[10]
17:13:29.191 (191058123)|HEAP_ALLOCATE|[10]|Bytes:21
17:13:29.191 (191062197)|HEAP_ALLOCATE|[10]|Bytes:4
17:13:29.191 (191072988)|METHOD_ENTRY|[10]|01p58000000n6Fr|SObjectData.addValuePair(String, String)
17:13:29.191 (191089765)|VARIABLE_SCOPE_BEGIN|[66]|this|SObjectData|true|false
17:13:29.191 (191113807)|VARIABLE_ASSIGNMENT|[66]|this|{"fieldMap":"0xa227a52","sObjectType":"Risk__Impact_Categor (4 more) ..."}|0x92e197a
17:13:29.191 (191118913)|VARIABLE_SCOPE_BEGIN|[66]|field|String|false|false
17:13:29.191 (191124693)|VARIABLE_ASSIGNMENT|[66]|field|"Risk__Type_Of_Risk__ (1 more) ..."
17:13:29.191 (191127964)|VARIABLE_SCOPE_BEGIN|[66]|value|String|false|false
17:13:29.191 (191132325)|VARIABLE_ASSIGNMENT|[66]|value|"Cost"
17:13:29.191 (191143941)|HEAP_ALLOCATE|[68]|Bytes:5
17:13:29.191 (191148500)|STATEMENT_EXECUTE|[66]
17:13:29.191 (191151833)|STATEMENT_EXECUTE|[68]
17:13:29.191 (191154168)|STATEMENT_EXECUTE|[71]
17:13:29.191 (191177077)|HEAP_ALLOCATE|[EXTERNAL]|Bytes:-4
17:13:29.191 (191199758)|METHOD_EXIT|[10]|01p58000000n6Fr|SObjectData.addValuePair(String, String)
17:13:29.191 (191204865)|STATEMENT_EXECUTE|[12]
17:13:29.191 (191210733)|HEAP_ALLOCATE|[12]|Bytes:24
17:13:29.191 (191222826)|CONSTRUCTOR_ENTRY|[12]|01p58000000n6Fr|<init>(String)
17:13:29.191 (191244845)|VARIABLE_SCOPE_BEGIN|[8]|this|SObjectData|true|false
17:13:29.191 (191264973)|VARIABLE_ASSIGNMENT|[8]|this|{}|0x30768ff
17:13:29.191 (191269560)|VARIABLE_SCOPE_BEGIN|[8]|sobjectType|String|false|false
17:13:29.191 (191280710)|VARIABLE_ASSIGNMENT|[8]|sobjectType|"Risk__Impact_Categor (4 more) ..."
17:13:29.191 (191288684)|HEAP_ALLOCATE|[2]|Bytes:5
17:13:29.191 (191293070)|STATEMENT_EXECUTE|[1]
17:13:29.191 (191296498)|HEAP_ALLOCATE|[2]|Bytes:5
17:13:29.191 (191299425)|STATEMENT_EXECUTE|[2]
17:13:29.191 (191304423)|HEAP_ALLOCATE|[2]|Bytes:4
17:13:29.191 (191328244)|VARIABLE_ASSIGNMENT|[2]|this.fieldMap|{"s":1,"v":{}}|0x30768ff
17:13:29.191 (191333759)|STATEMENT_EXECUTE|[3]
17:13:29.191 (191336349)|STATEMENT_EXECUTE|[4]
17:13:29.191 (191338610)|STATEMENT_EXECUTE|[5]
17:13:29.191 (191340856)|STATEMENT_EXECUTE|[6]
17:13:29.191 (191351290)|VARIABLE_SCOPE_BEGIN|[2]|this|System.ApexBaseClass|true|false
17:13:29.191 (191372997)|VARIABLE_ASSIGNMENT|[2]|this|{"fieldMap":"0x1aee6227"}|0x30768ff
17:13:29.191 (191385641)|STATEMENT_EXECUTE|[8]
17:13:29.191 (191388583)|STATEMENT_EXECUTE|[9]
17:13:29.191 (191399759)|VARIABLE_ASSIGNMENT|[9]|this.sObjectType|"Risk__Impact_Categor (4 more) ..."|0x30768ff
17:13:29.191 (191413172)|CONSTRUCTOR_EXIT|[12]|01p58000000n6Fr|<init>(String)
17:13:29.191 (191417862)|VARIABLE_SCOPE_BEGIN|[12]|timeIC|SObjectData|true|false
17:13:29.191 (191441551)|VARIABLE_ASSIGNMENT|[12]|timeIC|{"fieldMap":"0x1aee6227","sObjectType":"Risk__Impact_Categor (4 more) ..."}|0x30768ff
17:13:29.191 (191448004)|STATEMENT_EXECUTE|[13]
17:13:29.191 (191461805)|METHOD_ENTRY|[13]|01p58000000n6Fr|SObjectData.addValuePair(String, String)
17:13:29.191 (191478963)|VARIABLE_SCOPE_BEGIN|[66]|this|SObjectData|true|false
17:13:29.191 (191502155)|VARIABLE_ASSIGNMENT|[66]|this|{"fieldMap":"0x1aee6227","sObjectType":"Risk__Impact_Categor (4 more) ..."}|0x30768ff
17:13:29.191 (191507550)|VARIABLE_SCOPE_BEGIN|[66]|field|String|false|false
17:13:29.191 (191512525)|VARIABLE_ASSIGNMENT|[66]|field|"Name"
17:13:29.191 (191515143)|VARIABLE_SCOPE_BEGIN|[66]|value|String|false|false
17:13:29.191 (191519567)|VARIABLE_ASSIGNMENT|[66]|value|"Cost IC"
17:13:29.191 (191527516)|HEAP_ALLOCATE|[68]|Bytes:5
17:13:29.191 (191531901)|STATEMENT_EXECUTE|[66]
17:13:29.191 (191535366)|STATEMENT_EXECUTE|[68]
17:13:29.191 (191537712)|STATEMENT_EXECUTE|[71]
17:13:29.191 (191560923)|HEAP_ALLOCATE|[EXTERNAL]|Bytes:-4
17:13:29.191 (191583945)|METHOD_EXIT|[13]|01p58000000n6Fr|SObjectData.addValuePair(String, String)
17:13:29.191 (191589396)|STATEMENT_EXECUTE|[14]
17:13:29.191 (191593739)|HEAP_ALLOCATE|[14]|Bytes:4
17:13:29.191 (191604971)|METHOD_ENTRY|[14]|01p58000000n6Fr|SObjectData.addValuePair(String, String)
17:13:29.191 (191621188)|VARIABLE_SCOPE_BEGIN|[66]|this|SObjectData|true|false
17:13:29.191 (191645052)|VARIABLE_ASSIGNMENT|[66]|this|{"fieldMap":"0x1aee6227","sObjectType":"Risk__Impact_Categor (4 more) ..."}|0x30768ff
17:13:29.191 (191650598)|VARIABLE_SCOPE_BEGIN|[66]|field|String|false|false
17:13:29.191 (191656450)|VARIABLE_ASSIGNMENT|[66]|field|"Risk__Type_Of_Risk__ (1 more) ..."
17:13:29.191 (191659339)|VARIABLE_SCOPE_BEGIN|[66]|value|String|false|false
17:13:29.191 (191663609)|VARIABLE_ASSIGNMENT|[66]|value|"Time"
17:13:29.191 (191671193)|HEAP_ALLOCATE|[68]|Bytes:5
17:13:29.191 (191675432)|STATEMENT_EXECUTE|[66]
17:13:29.191 (191678889)|STATEMENT_EXECUTE|[68]
17:13:29.191 (191681454)|STATEMENT_EXECUTE|[71]
17:13:29.191 (191703888)|HEAP_ALLOCATE|[EXTERNAL]|Bytes:-4
17:13:29.191 (191726191)|METHOD_EXIT|[14]|01p58000000n6Fr|SObjectData.addValuePair(String, String)
17:13:29.191 (191731176)|STATEMENT_EXECUTE|[16]
17:13:29.191 (191746934)|METHOD_ENTRY|[16]|01p58000000n6Fr|SObjectData.addChild(String, SObjectData)
17:13:29.191 (191772480)|VARIABLE_SCOPE_BEGIN|[40]|this|SObjectData|true|false
17:13:29.191 (191797396)|VARIABLE_ASSIGNMENT|[40]|this|{"fieldMap":"0x23f0d23c","sObjectType":"Risk__Scoring_Scheme (3 more) ..."}|0x38e8fb7e
17:13:29.191 (191805036)|VARIABLE_SCOPE_BEGIN|[40]|field|String|false|false
17:13:29.191 (191811172)|VARIABLE_ASSIGNMENT|[40]|field|"Risk__Scoring_Scheme (3 more) ..."
17:13:29.191 (191815951)|VARIABLE_SCOPE_BEGIN|[40]|o|SObjectData|true|false
17:13:29.191 (191832654)|VARIABLE_ASSIGNMENT|[40]|o|{"fieldMap":"0xa227a52","sObjectType":"Risk__Impact_Categor (4 more) ..."}|0x92e197a
17:13:29.191 (191842274)|HEAP_ALLOCATE|[41]|Bytes:5
17:13:29.191 (191846865)|STATEMENT_EXECUTE|[40]
17:13:29.191 (191851431)|STATEMENT_EXECUTE|[41]
17:13:29.191 (191853966)|STATEMENT_EXECUTE|[42]
17:13:29.191 (191858742)|HEAP_ALLOCATE|[42]|Bytes:4
17:13:29.191 (191928092)|VARIABLE_ASSIGNMENT|[42]|this.children|{"s":1,"v":{}}|0x38e8fb7e
17:13:29.191 (191993456)|STATEMENT_EXECUTE|[47]
17:13:29.191 (191997691)|STATEMENT_EXECUTE|[48]
17:13:29.192 (192073056)|HEAP_ALLOCATE|[48]|Bytes:4
17:13:29.192 (192208369)|HEAP_ALLOCATE|[EXTERNAL]|Bytes:8
17:13:29.192 (192213631)|HEAP_ALLOCATE|[EXTERNAL]|Bytes:-4
17:13:29.192 (192238346)|METHOD_EXIT|[16]|01p58000000n6Fr|SObjectData.addChild(String, SObjectData)
17:13:29.192 (192244013)|STATEMENT_EXECUTE|[17]
17:13:29.192 (192255195)|METHOD_ENTRY|[17]|01p58000000n6Fr|SObjectData.addChild(String, SObjectData)
17:13:29.192 (192271926)|VARIABLE_SCOPE_BEGIN|[40]|this|SObjectData|true|false
17:13:29.192 (192304564)|VARIABLE_ASSIGNMENT|[40]|this|{"children":"0x1d6d93eb","fieldMap":"0x23f0d23c","sObjectType":"Risk__Scoring_Scheme (3 more) ..."}|0x38e8fb7e
17:13:29.192 (192310941)|VARIABLE_SCOPE_BEGIN|[40]|field|String|false|false
17:13:29.192 (192316618)|VARIABLE_ASSIGNMENT|[40]|field|"Risk__Scoring_Scheme (3 more) ..."
17:13:29.192 (192319538)|VARIABLE_SCOPE_BEGIN|[40]|o|SObjectData|true|false
17:13:29.192 (192336027)|VARIABLE_ASSIGNMENT|[40]|o|{"fieldMap":"0x1aee6227","sObjectType":"Risk__Impact_Categor (4 more) ..."}|0x30768ff
17:13:29.192 (192345699)|HEAP_ALLOCATE|[41]|Bytes:5
17:13:29.192 (192350454)|STATEMENT_EXECUTE|[40]
17:13:29.192 (192354325)|STATEMENT_EXECUTE|[41]
17:13:29.192 (192385880)|STATEMENT_EXECUTE|[47]
17:13:29.192 (192389487)|STATEMENT_EXECUTE|[48]
17:13:29.192 (192395001)|HEAP_ALLOCATE|[48]|Bytes:4
17:13:29.192 (192431408)|HEAP_ALLOCATE|[EXTERNAL]|Bytes:8
17:13:29.192 (192466939)|METHOD_EXIT|[17]|01p58000000n6Fr|SObjectData.addChild(String, SObjectData)
17:13:29.192 (192472714)|STATEMENT_EXECUTE|[19]
17:13:29.199 (199697090)|HEAP_ALLOCATE|[19]|Bytes:19
17:13:29.199 (199707456)|HEAP_ALLOCATE|[19]|Bytes:2
17:13:29.199 (199731726)|METHOD_ENTRY|[1]|01p58000000n6rI|SObjectUtility.SObjectUtility()
17:13:29.199 (199737625)|STATEMENT_EXECUTE|[1]
17:13:29.199 (199742708)|STATEMENT_EXECUTE|[1]
17:13:29.199 (199749797)|HEAP_ALLOCATE|[19]|Bytes:5
17:13:29.199 (199763924)|METHOD_EXIT|[1]|SObjectUtility
17:13:29.199 (199832217)|HEAP_ALLOCATE|[19]|Bytes:8
17:13:29.199 (199848336)|CONSTRUCTOR_ENTRY|[19]|01p58000000n6rI|<init>()
17:13:29.199 (199882673)|VARIABLE_SCOPE_BEGIN|[1]|this|SObjectUtility|true|false
17:13:29.199 (199908638)|VARIABLE_ASSIGNMENT|[1]|this|{}|0x5cc1031e
17:13:29.199 (199918437)|HEAP_ALLOCATE|[3]|Bytes:5
17:13:29.199 (199930767)|VARIABLE_SCOPE_BEGIN|[2]|this|System.ApexBaseClass|true|false
17:13:29.199 (199948333)|VARIABLE_ASSIGNMENT|[2]|this|{}|0x5cc1031e
17:13:29.199 (199963345)|STATEMENT_EXECUTE|[1]
17:13:29.199 (199969299)|HEAP_ALLOCATE|[3]|Bytes:5
17:13:29.199 (199974733)|STATEMENT_EXECUTE|[3]
17:13:29.199 (199982949)|HEAP_ALLOCATE|[3]|Bytes:4
17:13:29.200 (200065233)|VARIABLE_ASSIGNMENT|[3]|this.childrenMap|{"s":1,"v":{}}|0x5cc1031e
17:13:29.200 (200086999)|CONSTRUCTOR_EXIT|[19]|01p58000000n6rI|<init>()
17:13:29.200 (200095601)|VARIABLE_SCOPE_BEGIN|[19]|su|SObjectUtility|true|false
17:13:29.200 (200129921)|VARIABLE_ASSIGNMENT|[19]|su|{"childrenMap":"0x4bde75e4"}|0x5cc1031e
17:13:29.200 (200140252)|STATEMENT_EXECUTE|[20]
17:13:29.200 (200149895)|HEAP_ALLOCATE|[20]|Bytes:4
17:13:29.200 (200249182)|METHOD_ENTRY|[20]|01p58000000n6rI|SObjectUtility.createSObjects(List<SObjectData>)
17:13:29.200 (200268855)|VARIABLE_SCOPE_BEGIN|[5]|this|SObjectUtility|true|false
17:13:29.200 (200313165)|VARIABLE_ASSIGNMENT|[5]|this|{"childrenMap":"0x4bde75e4"}|0x5cc1031e
17:13:29.200 (200327056)|VARIABLE_SCOPE_BEGIN|[5]|dataList|List<SObjectData>|true|false
17:13:29.200 (200344516)|HEAP_ALLOCATE|[EXTERNAL]|Bytes:8
17:13:29.200 (200394890)|VARIABLE_ASSIGNMENT|[5]|dataList|{"s":1,"v":[{"children":"0x1d6d93eb","fieldMap":"0x23f0d23c","sObjectType":"Risk__Scoring_Scheme (3 more) ..."}]}|0x407bcb94
17:13:29.200 (200412293)|HEAP_ALLOCATE|[6]|Bytes:5
17:13:29.200 (200418659)|STATEMENT_EXECUTE|[5]
17:13:29.200 (200421360)|STATEMENT_EXECUTE|[6]
17:13:29.200 (200452793)|METHOD_ENTRY|[6]|01p58000000n6rI|SObjectUtility.createRoot(List<SObjectData>)
17:13:29.200 (200516257)|VARIABLE_SCOPE_BEGIN|[58]|this|SObjectUtility|true|false
17:13:29.200 (200540859)|VARIABLE_ASSIGNMENT|[58]|this|{"childrenMap":"0x4bde75e4"}|0x5cc1031e
17:13:29.200 (200548604)|VARIABLE_SCOPE_BEGIN|[58]|dataList|List<SObjectData>|true|false
17:13:29.200 (200573985)|VARIABLE_ASSIGNMENT|[58]|dataList|{"s":1,"v":[{"children":"0x1d6d93eb","fieldMap":"0x23f0d23c","sObjectType":"Risk__Scoring_Scheme (3 more) ..."}]}|0x407bcb94
17:13:29.200 (200585825)|HEAP_ALLOCATE|[59]|Bytes:5
17:13:29.200 (200590978)|STATEMENT_EXECUTE|[58]
17:13:29.200 (200593661)|STATEMENT_EXECUTE|[59]
17:13:29.200 (200598900)|HEAP_ALLOCATE|[59]|Bytes:4
17:13:29.200 (200616368)|VARIABLE_SCOPE_BEGIN|[59]|rootObjects|Map<String,SObject>|true|false
17:13:29.200 (200635479)|VARIABLE_ASSIGNMENT|[59]|rootObjects|{"s":1,"v":{}}|0x2de03c3e
17:13:29.200 (200937651)|HEAP_ALLOCATE|[60]|Bytes:5
17:13:29.200 (200962145)|HEAP_ALLOCATE|[60]|Bytes:24
17:13:29.200 (200973756)|VARIABLE_SCOPE_BEGIN|[60]|obj|SObjectData|true|false
17:13:29.201 (201004314)|VARIABLE_ASSIGNMENT|[60]|obj|{"children":"0x1d6d93eb","fieldMap":"0x23f0d23c","sObjectType":"Risk__Scoring_Scheme (3 more) ..."}|0x38e8fb7e
17:13:29.201 (201012694)|STATEMENT_EXECUTE|[60]
17:13:29.201 (201015457)|STATEMENT_EXECUTE|[61]
17:13:29.201 (201037428)|METHOD_ENTRY|[61]|01p58000000n6rI|SObjectUtility.generateRandomString(Integer)
17:13:29.201 (201062183)|HEAP_ALLOCATE|[97]|Bytes:4
17:13:29.201 (201072348)|VARIABLE_SCOPE_BEGIN|[96]|len|Integer|false|false
17:13:29.201 (201081636)|VARIABLE_ASSIGNMENT|[96]|len|18
17:13:29.201 (201090130)|HEAP_ALLOCATE|[97]|Bytes:5
17:13:29.201 (201094614)|STATEMENT_EXECUTE|[96]
17:13:29.201 (201097170)|STATEMENT_EXECUTE|[97]
17:13:29.201 (201101241)|HEAP_ALLOCATE|[97]|Bytes:62
17:13:29.201 (201105964)|VARIABLE_SCOPE_BEGIN|[97]|chars|String|false|false
17:13:29.201 (201114947)|VARIABLE_ASSIGNMENT|[97]|chars|"ABCDEFGHIJKLMNOPQRST (42 more) ..."
17:13:29.201 (201118740)|STATEMENT_EXECUTE|[98]
17:13:29.201 (201122934)|VARIABLE_SCOPE_BEGIN|[98]|randStr|String|false|false
17:13:29.201 (201128804)|VARIABLE_ASSIGNMENT|[98]|randStr|""
17:13:29.201 (201209859)|STATEMENT_EXECUTE|[99]
17:13:29.201 (201214384)|STATEMENT_EXECUTE|[100]
17:13:29.201 (201488489)|VARIABLE_SCOPE_BEGIN|[2]|Math.E|Double|false|true
17:13:29.201 (201496553)|VARIABLE_SCOPE_BEGIN|[3]|Math.PI|Double|false|true
17:13:29.201 (201795471)|VARIABLE_SCOPE_BEGIN|[100]|idx|Integer|false|false
17:13:29.201 (201801657)|HEAP_ALLOCATE|[100]|Bytes:4
17:13:29.201 (201811569)|VARIABLE_ASSIGNMENT|[100]|idx|56
17:13:29.201 (201815684)|STATEMENT_EXECUTE|[101]
17:13:29.201 (201867043)|HEAP_ALLOCATE|[101]|Bytes:1
17:13:29.201 (201899092)|HEAP_ALLOCATE|[101]|Bytes:1
17:13:29.201 (201911569)|VARIABLE_ASSIGNMENT|[101]|randStr|"u"
17:13:29.201 (201936514)|STATEMENT_EXECUTE|[99]
17:13:29.201 (201940014)|STATEMENT_EXECUTE|[100]
17:13:29.202 (202062863)|VARIABLE_SCOPE_BEGIN|[100]|idx|Integer|false|false
17:13:29.202 (202069043)|HEAP_ALLOCATE|[100]|Bytes:4
17:13:29.202 (202077891)|VARIABLE_ASSIGNMENT|[100]|idx|4
17:13:29.202 (202081661)|STATEMENT_EXECUTE|[101]
17:13:29.202 (202107032)|HEAP_ALLOCATE|[101]|Bytes:1
17:13:29.202 (202126118)|HEAP_ALLOCATE|[101]|Bytes:2
17:13:29.202 (202136814)|VARIABLE_ASSIGNMENT|[101]|randStr|"uE"
17:13:29.202 (202159665)|STATEMENT_EXECUTE|[99]
17:13:29.202 (202162994)|STATEMENT_EXECUTE|[100]
17:13:29.202 (202278976)|VARIABLE_SCOPE_BEGIN|[100]|idx|Integer|false|false
17:13:29.202 (202284355)|HEAP_ALLOCATE|[100]|Bytes:4
17:13:29.202 (202293254)|VARIABLE_ASSIGNMENT|[100]|idx|32
17:13:29.202 (202296979)|STATEMENT_EXECUTE|[101]
17:13:29.202 (202322448)|HEAP_ALLOCATE|[101]|Bytes:1
17:13:29.202 (202341534)|HEAP_ALLOCATE|[101]|Bytes:3
17:13:29.202 (202352389)|VARIABLE_ASSIGNMENT|[101]|randStr|"uE6"
17:13:29.202 (202375416)|STATEMENT_EXECUTE|[99]
17:13:29.202 (202378729)|STATEMENT_EXECUTE|[100]
17:13:29.202 (202502838)|VARIABLE_SCOPE_BEGIN|[100]|idx|Integer|false|false
17:13:29.202 (202508246)|HEAP_ALLOCATE|[100]|Bytes:4
17:13:29.202 (202516919)|VARIABLE_ASSIGNMENT|[100]|idx|17
17:13:29.202 (202520591)|STATEMENT_EXECUTE|[101]
17:13:29.202 (202545414)|HEAP_ALLOCATE|[101]|Bytes:1
17:13:29.202 (202564452)|HEAP_ALLOCATE|[101]|Bytes:4
17:13:29.202 (202575296)|VARIABLE_ASSIGNMENT|[101]|randStr|"uE6R"
17:13:29.202 (202598216)|STATEMENT_EXECUTE|[99]
17:13:29.202 (202601674)|STATEMENT_EXECUTE|[100]
17:13:29.202 (202714553)|VARIABLE_SCOPE_BEGIN|[100]|idx|Integer|false|false
17:13:29.202 (202719757)|HEAP_ALLOCATE|[100]|Bytes:4
17:13:29.202 (202728313)|VARIABLE_ASSIGNMENT|[100]|idx|5
17:13:29.202 (202732095)|STATEMENT_EXECUTE|[101]
17:13:29.202 (202759227)|HEAP_ALLOCATE|[101]|Bytes:1
17:13:29.202 (202779820)|HEAP_ALLOCATE|[101]|Bytes:5
17:13:29.202 (202790893)|VARIABLE_ASSIGNMENT|[101]|randStr|"uE6RF"
17:13:29.202 (202814043)|STATEMENT_EXECUTE|[99]
17:13:29.202 (202817437)|STATEMENT_EXECUTE|[100]
17:13:29.202 (202928587)|VARIABLE_SCOPE_BEGIN|[100]|idx|Integer|false|false
17:13:29.202 (202933570)|HEAP_ALLOCATE|[100]|Bytes:4
17:13:29.202 (202941786)|VARIABLE_ASSIGNMENT|[100]|idx|40
17:13:29.202 (202945349)|STATEMENT_EXECUTE|[101]
17:13:29.202 (202969672)|HEAP_ALLOCATE|[101]|Bytes:1
17:13:29.202 (202988460)|HEAP_ALLOCATE|[101]|Bytes:6
17:13:29.202 (202999237)|VARIABLE_ASSIGNMENT|[101]|randStr|"uE6RFe"
17:13:29.203 (203021889)|STATEMENT_EXECUTE|[99]
17:13:29.203 (203026135)|STATEMENT_EXECUTE|[100]
17:13:29.203 (203138275)|VARIABLE_SCOPE_BEGIN|[100]|idx|Integer|false|false
17:13:29.203 (203143332)|HEAP_ALLOCATE|[100]|Bytes:4
17:13:29.203 (203151599)|VARIABLE_ASSIGNMENT|[100]|idx|40
17:13:29.203 (203156514)|STATEMENT_EXECUTE|[101]
17:13:29.203 (203196352)|HEAP_ALLOCATE|[101]|Bytes:1
17:13:29.203 (203234451)|HEAP_ALLOCATE|[101]|Bytes:7
17:13:29.203 (203255730)|VARIABLE_ASSIGNMENT|[101]|randStr|"uE6RFee"
17:13:29.203 (203310331)|STATEMENT_EXECUTE|[99]
17:13:29.203 (203316840)|STATEMENT_EXECUTE|[100]
17:13:29.203 (203488437)|VARIABLE_SCOPE_BEGIN|[100]|idx|Integer|false|false
17:13:29.203 (203494278)|HEAP_ALLOCATE|[100]|Bytes:4
17:13:29.203 (203503441)|VARIABLE_ASSIGNMENT|[100]|idx|44
17:13:29.203 (203507141)|STATEMENT_EXECUTE|[101]
17:13:29.203 (203532807)|HEAP_ALLOCATE|[101]|Bytes:1
17:13:29.203 (203552379)|HEAP_ALLOCATE|[101]|Bytes:8
17:13:29.203 (203563638)|VARIABLE_ASSIGNMENT|[101]|randStr|"uE6RFeei"
17:13:29.203 (203586839)|STATEMENT_EXECUTE|[99]
17:13:29.203 (203590323)|STATEMENT_EXECUTE|[100]
17:13:29.203 (203716546)|VARIABLE_SCOPE_BEGIN|[100]|idx|Integer|false|false
17:13:29.203 (203721812)|HEAP_ALLOCATE|[100]|Bytes:4
17:13:29.203 (203730511)|VARIABLE_ASSIGNMENT|[100]|idx|17
17:13:29.203 (203734208)|STATEMENT_EXECUTE|[101]
17:13:29.203 (203759052)|HEAP_ALLOCATE|[101]|Bytes:1
17:13:29.203 (203778030)|HEAP_ALLOCATE|[101]|Bytes:9
17:13:29.203 (203789343)|VARIABLE_ASSIGNMENT|[101]|randStr|"uE6RFeeiR"
17:13:29.203 (203812084)|STATEMENT_EXECUTE|[99]
17:13:29.203 (203815517)|STATEMENT_EXECUTE|[100]
17:13:29.203 (203926716)|VARIABLE_SCOPE_BEGIN|[100]|idx|Integer|false|false
17:13:29.203 (203931811)|HEAP_ALLOCATE|[100]|Bytes:4
17:13:29.203 (203940178)|VARIABLE_ASSIGNMENT|[100]|idx|48
17:13:29.203 (203943691)|STATEMENT_EXECUTE|[101]
17:13:29.203 (203968111)|HEAP_ALLOCATE|[101]|Bytes:1
17:13:29.203 (203998981)|HEAP_ALLOCATE|[101]|Bytes:10
17:13:29.204 (204021034)|VARIABLE_ASSIGNMENT|[101]|randStr|"uE6RFeeiRm"
17:13:29.204 (204049425)|STATEMENT_EXECUTE|[99]
17:13:29.204 (204052966)|STATEMENT_EXECUTE|[100]
17:13:29.204 (204174852)|VARIABLE_SCOPE_BEGIN|[100]|idx|Integer|false|false
17:13:29.204 (204182865)|HEAP_ALLOCATE|[100]|Bytes:4
17:13:29.204 (204196831)|VARIABLE_ASSIGNMENT|[100]|idx|23
17:13:29.204 (204204837)|STATEMENT_EXECUTE|[101]
17:13:29.204 (204247502)|HEAP_ALLOCATE|[101]|Bytes:1
17:13:29.204 (204288693)|HEAP_ALLOCATE|[101]|Bytes:11
17:13:29.204 (204306954)|VARIABLE_ASSIGNMENT|[101]|randStr|"uE6RFeeiRmX"
17:13:29.204 (204354477)|STATEMENT_EXECUTE|[99]
17:13:29.204 (204361251)|STATEMENT_EXECUTE|[100]
17:13:29.204 (204612337)|VARIABLE_SCOPE_BEGIN|[100]|idx|Integer|false|false
17:13:29.204 (204622390)|HEAP_ALLOCATE|[100]|Bytes:4
17:13:29.204 (204637762)|VARIABLE_ASSIGNMENT|[100]|idx|14
17:13:29.204 (204646340)|STATEMENT_EXECUTE|[101]
17:13:29.204 (204691583)|HEAP_ALLOCATE|[101]|Bytes:1
17:13:29.204 (204732990)|HEAP_ALLOCATE|[101]|Bytes:12
17:13:29.204 (204755580)|VARIABLE_ASSIGNMENT|[101]|randStr|"uE6RFeeiRmXO"
17:13:29.204 (204804383)|STATEMENT_EXECUTE|[99]
17:13:29.204 (204811111)|STATEMENT_EXECUTE|[100]
17:13:29.205 (205064053)|VARIABLE_SCOPE_BEGIN|[100]|idx|Integer|false|false
17:13:29.205 (205074146)|HEAP_ALLOCATE|[100]|Bytes:4
17:13:29.205 (205088754)|VARIABLE_ASSIGNMENT|[100]|idx|57
17:13:29.205 (205097130)|STATEMENT_EXECUTE|[101]
17:13:29.205 (205141945)|HEAP_ALLOCATE|[101]|Bytes:1
17:13:29.205 (205180490)|HEAP_ALLOCATE|[101]|Bytes:13
17:13:29.205 (205202797)|VARIABLE_ASSIGNMENT|[101]|randStr|"uE6RFeeiRmXOv"
17:13:29.205 (205252043)|STATEMENT_EXECUTE|[99]
17:13:29.205 (205258802)|STATEMENT_EXECUTE|[100]
17:13:29.205 (205444005)|VARIABLE_SCOPE_BEGIN|[100]|idx|Integer|false|false
17:13:29.205 (205452051)|HEAP_ALLOCATE|[100]|Bytes:4
17:13:29.205 (205467341)|VARIABLE_ASSIGNMENT|[100]|idx|25
17:13:29.205 (205475132)|STATEMENT_EXECUTE|[101]
17:13:29.205 (205508378)|HEAP_ALLOCATE|[101]|Bytes:1
17:13:29.205 (205528865)|HEAP_ALLOCATE|[101]|Bytes:14
17:13:29.205 (205541249)|VARIABLE_ASSIGNMENT|[101]|randStr|"uE6RFeeiRmXOvZ"
17:13:29.205 (205565124)|STATEMENT_EXECUTE|[99]
17:13:29.205 (205568562)|STATEMENT_EXECUTE|[100]
17:13:29.205 (205682806)|VARIABLE_SCOPE_BEGIN|[100]|idx|Integer|false|false
17:13:29.205 (205687903)|HEAP_ALLOCATE|[100]|Bytes:4
17:13:29.205 (205696552)|VARIABLE_ASSIGNMENT|[100]|idx|30
17:13:29.205 (205700152)|STATEMENT_EXECUTE|[101]
17:13:29.205 (205724518)|HEAP_ALLOCATE|[101]|Bytes:1
17:13:29.205 (205743111)|HEAP_ALLOCATE|[101]|Bytes:15
17:13:29.205 (205754588)|VARIABLE_ASSIGNMENT|[101]|randStr|"uE6RFeeiRmXOvZ4"
17:13:29.205 (205777399)|STATEMENT_EXECUTE|[99]
17:13:29.205 (205780684)|STATEMENT_EXECUTE|[100]
17:13:29.205 (205891557)|VARIABLE_SCOPE_BEGIN|[100]|idx|Integer|false|false
17:13:29.205 (205896535)|HEAP_ALLOCATE|[100]|Bytes:4
17:13:29.205 (205905107)|VARIABLE_ASSIGNMENT|[100]|idx|36
17:13:29.205 (205908584)|STATEMENT_EXECUTE|[101]
17:13:29.205 (205932887)|HEAP_ALLOCATE|[101]|Bytes:1
17:13:29.205 (205951732)|HEAP_ALLOCATE|[101]|Bytes:16
17:13:29.205 (205963023)|VARIABLE_ASSIGNMENT|[101]|randStr|"uE6RFeeiRmXOvZ4a"
17:13:29.205 (205985602)|STATEMENT_EXECUTE|[99]
17:13:29.205 (205988945)|STATEMENT_EXECUTE|[100]
17:13:29.206 (206112163)|VARIABLE_SCOPE_BEGIN|[100]|idx|Integer|false|false
17:13:29.206 (206118104)|HEAP_ALLOCATE|[100]|Bytes:4
17:13:29.206 (206126776)|VARIABLE_ASSIGNMENT|[100]|idx|55
17:13:29.206 (206130884)|STATEMENT_EXECUTE|[101]
17:13:29.206 (206155623)|HEAP_ALLOCATE|[101]|Bytes:1
17:13:29.206 (206174443)|HEAP_ALLOCATE|[101]|Bytes:17
17:13:29.206 (206185746)|VARIABLE_ASSIGNMENT|[101]|randStr|"uE6RFeeiRmXOvZ4at"
17:13:29.206 (206208303)|STATEMENT_EXECUTE|[99]
17:13:29.206 (206211613)|STATEMENT_EXECUTE|[100]
17:13:29.206 (206362464)|VARIABLE_SCOPE_BEGIN|[100]|idx|Integer|false|false
17:13:29.206 (206371607)|HEAP_ALLOCATE|[100]|Bytes:4
17:13:29.206 (206385415)|VARIABLE_ASSIGNMENT|[100]|idx|13
17:13:29.206 (206390333)|STATEMENT_EXECUTE|[101]
17:13:29.206 (206418370)|HEAP_ALLOCATE|[101]|Bytes:1
17:13:29.206 (206450204)|HEAP_ALLOCATE|[101]|Bytes:18
17:13:29.206 (206467709)|VARIABLE_ASSIGNMENT|[101]|randStr|"uE6RFeeiRmXOvZ4atN"
17:13:29.206 (206495436)|STATEMENT_EXECUTE|[103]
17:13:29.206 (206506613)|METHOD_EXIT|[61]|01p58000000n6rI|SObjectUtility.generateRandomString(Integer)
17:13:29.206 (206512695)|VARIABLE_SCOPE_BEGIN|[61]|rId|String|false|false
17:13:29.206 (206521495)|VARIABLE_ASSIGNMENT|[61]|rId|"uE6RFeeiRmXOvZ4atN"
17:13:29.206 (206525183)|STATEMENT_EXECUTE|[62]
17:13:29.206 (206541349)|METHOD_ENTRY|[62]|01p58000000n6rI|SObjectUtility.createSObject(SObjectData)
17:13:29.206 (206574056)|VARIABLE_SCOPE_BEGIN|[11]|this|SObjectUtility|true|false
17:13:29.206 (206599646)|VARIABLE_ASSIGNMENT|[11]|this|{"childrenMap":"0x4bde75e4"}|0x5cc1031e
17:13:29.206 (206607222)|VARIABLE_SCOPE_BEGIN|[11]|obj|SObjectData|true|false
17:13:29.206 (206629238)|VARIABLE_ASSIGNMENT|[11]|obj|{"children":"0x1d6d93eb","fieldMap":"0x23f0d23c","sObjectType":"Risk__Scoring_Scheme (3 more) ..."}|0x38e8fb7e
17:13:29.206 (206640783)|HEAP_ALLOCATE|[12]|Bytes:5
17:13:29.206 (206645774)|STATEMENT_EXECUTE|[11]
17:13:29.386 (386807602)|HEAP_ALLOCATE|[12]|Bytes:1796
17:13:29.386 (386889875)|METHOD_ENTRY|[12]|01p58000000n6Fr|SObjectData.getSObjectType()
17:13:29.386 (386910349)|VARIABLE_SCOPE_BEGIN|[78]|this|SObjectData|true|false
17:13:29.386 (386988503)|VARIABLE_ASSIGNMENT|[78]|this|{"children":"0x1d6d93eb","fieldMap":"0x23f0d23c","sObjectType":"Risk__Scoring_Scheme (3 more) ..."}|0x38e8fb7e
17:13:29.387 (387012456)|HEAP_ALLOCATE|[79]|Bytes:5
17:13:29.387 (387021598)|STATEMENT_EXECUTE|[78]
17:13:29.387 (387024828)|STATEMENT_EXECUTE|[79]
17:13:29.387 (387045910)|METHOD_EXIT|[12]|01p58000000n6Fr|SObjectData.getSObjectType()
17:13:29.387 (387114252)|STATEMENT_EXECUTE|[12]
17:13:29.387 (387119298)|STATEMENT_EXECUTE|[15]
17:13:29.390 (390404081)|HEAP_ALLOCATE|[15]|Bytes:1796
17:13:29.390 (390435829)|METHOD_ENTRY|[15]|01p58000000n6Fr|SObjectData.getSObjectType()
17:13:29.390 (390442983)|VARIABLE_SCOPE_BEGIN|[78]|this|SObjectData|true|false
17:13:29.390 (390474324)|VARIABLE_ASSIGNMENT|[78]|this|{"children":"0x1d6d93eb","fieldMap":"0x23f0d23c","sObjectType":"Risk__Scoring_Scheme (3 more) ..."}|0x38e8fb7e
17:13:29.390 (390486396)|HEAP_ALLOCATE|[79]|Bytes:5
17:13:29.390 (390491400)|STATEMENT_EXECUTE|[78]
17:13:29.390 (390494168)|STATEMENT_EXECUTE|[79]
17:13:29.390 (390504995)|METHOD_EXIT|[15]|01p58000000n6Fr|SObjectData.getSObjectType()
17:13:29.390 (390765869)|HEAP_ALLOCATE|[15]|Bytes:4
17:13:29.390 (390786874)|VARIABLE_SCOPE_BEGIN|[15]|sObj|SObject|true|false
17:13:29.390 (390805914)|VARIABLE_ASSIGNMENT|[15]|sObj|{}|0x50f81bef
17:13:29.390 (390829218)|HEAP_ALLOCATE|[16]|Bytes:4
17:13:29.390 (390892894)|METHOD_ENTRY|[16]|01p58000000n6Fr|SObjectData.getFieldMap()
17:13:29.390 (390902742)|VARIABLE_SCOPE_BEGIN|[74]|this|SObjectData|true|false
17:13:29.390 (390932023)|VARIABLE_ASSIGNMENT|[74]|this|{"children":"0x1d6d93eb","fieldMap":"0x23f0d23c","sObjectType":"Risk__Scoring_Scheme (3 more) ..."}|0x38e8fb7e
17:13:29.390 (390943511)|HEAP_ALLOCATE|[75]|Bytes:5
17:13:29.390 (390948632)|STATEMENT_EXECUTE|[74]
17:13:29.390 (390951462)|STATEMENT_EXECUTE|[75]
17:13:29.390 (390963527)|METHOD_EXIT|[16]|01p58000000n6Fr|SObjectData.getFieldMap()
17:13:29.391 (391034178)|HEAP_ALLOCATE|[16]|Bytes:28
17:13:29.391 (391076817)|HEAP_ALLOCATE|[16]|Bytes:8
17:13:29.391 (391137870)|HEAP_ALLOCATE|[16]|Bytes:5
17:13:29.391 (391166031)|VARIABLE_SCOPE_BEGIN|[16]|field|String|false|false
17:13:29.391 (391177546)|VARIABLE_ASSIGNMENT|[16]|field|"Name"
17:13:29.391 (391182534)|STATEMENT_EXECUTE|[16]
17:13:29.391 (391185340)|STATEMENT_EXECUTE|[17]
17:13:29.391 (391197161)|METHOD_ENTRY|[17]|01p58000000n6Fr|SObjectData.getFieldMap()
17:13:29.391 (391224211)|VARIABLE_SCOPE_BEGIN|[74]|this|SObjectData|true|false
17:13:29.391 (391251749)|VARIABLE_ASSIGNMENT|[74]|this|{"children":"0x1d6d93eb","fieldMap":"0x23f0d23c","sObjectType":"Risk__Scoring_Scheme (3 more) ..."}|0x38e8fb7e
17:13:29.391 (391262679)|HEAP_ALLOCATE|[75]|Bytes:5
17:13:29.391 (391267357)|STATEMENT_EXECUTE|[74]
17:13:29.391 (391269966)|STATEMENT_EXECUTE|[75]
17:13:29.391 (391280609)|METHOD_EXIT|[17]|01p58000000n6Fr|SObjectData.getFieldMap()
17:13:29.391 (391316141)|VARIABLE_SCOPE_BEGIN|[17]|value|String|false|false
17:13:29.391 (391327285)|VARIABLE_ASSIGNMENT|[17]|value|"Scoring Scheme 5x5"
17:13:29.391 (391331425)|STATEMENT_EXECUTE|[18]
17:13:29.399 (399827427)|HEAP_ALLOCATE|[16]|Bytes:5
17:13:29.399 (399850659)|VARIABLE_SCOPE_BEGIN|[16]|field|String|false|false
17:13:29.399 (399862727)|VARIABLE_ASSIGNMENT|[16]|field|"RecordTypeId"
17:13:29.399 (399867505)|STATEMENT_EXECUTE|[16]
17:13:29.399 (399876399)|STATEMENT_EXECUTE|[17]
17:13:29.399 (399887090)|METHOD_ENTRY|[17]|01p58000000n6Fr|SObjectData.getFieldMap()
17:13:29.399 (399893076)|VARIABLE_SCOPE_BEGIN|[74]|this|SObjectData|true|false
17:13:29.399 (399923099)|VARIABLE_ASSIGNMENT|[74]|this|{"children":"0x1d6d93eb","fieldMap":"0x23f0d23c","sObjectType":"Risk__Scoring_Scheme (3 more) ..."}|0x38e8fb7e
17:13:29.399 (399934713)|HEAP_ALLOCATE|[75]|Bytes:5
17:13:29.399 (399939809)|STATEMENT_EXECUTE|[74]
17:13:29.399 (399942606)|STATEMENT_EXECUTE|[75]
17:13:29.399 (399953403)|METHOD_EXIT|[17]|01p58000000n6Fr|SObjectData.getFieldMap()
17:13:29.399 (399986802)|VARIABLE_SCOPE_BEGIN|[17]|value|String|false|false
17:13:29.399 (399997677)|VARIABLE_ASSIGNMENT|[17]|value|"012580000000H5p"
17:13:29.400 (400001871)|STATEMENT_EXECUTE|[18]
17:13:29.400 (400116990)|HEAP_ALLOCATE|[16]|Bytes:5
17:13:29.400 (400138326)|VARIABLE_ASSIGNMENT|[16]|field|null
17:13:29.400 (400144103)|STATEMENT_EXECUTE|[21]
17:13:29.400 (400155974)|METHOD_EXIT|[62]|01p58000000n6rI|SObjectUtility.createSObject(SObjectData)
17:13:29.400 (400191047)|HEAP_ALLOCATE|[EXTERNAL]|Bytes:-4
17:13:29.400 (400219411)|METHOD_ENTRY|[63]|01p58000000n6Fr|SObjectData.getChildren()
17:13:29.400 (400247089)|VARIABLE_SCOPE_BEGIN|[82]|this|SObjectData|true|false
17:13:29.400 (400276359)|VARIABLE_ASSIGNMENT|[82]|this|{"children":"0x1d6d93eb","fieldMap":"0x23f0d23c","sObjectType":"Risk__Scoring_Scheme (3 more) ..."}|0x38e8fb7e
17:13:29.400 (400287730)|HEAP_ALLOCATE|[83]|Bytes:5
17:13:29.400 (400292925)|STATEMENT_EXECUTE|[82]
17:13:29.400 (400298797)|STATEMENT_EXECUTE|[83]
17:13:29.400 (400301507)|STATEMENT_EXECUTE|[86]
17:13:29.400 (400312466)|METHOD_EXIT|[63]|01p58000000n6Fr|SObjectData.getChildren()
17:13:29.400 (400335916)|STATEMENT_EXECUTE|[63]
17:13:29.400 (400339366)|STATEMENT_EXECUTE|[64]
17:13:29.400 (400349422)|METHOD_ENTRY|[64]|01p58000000n6Fr|SObjectData.getChildren()
17:13:29.400 (400366792)|VARIABLE_SCOPE_BEGIN|[82]|this|SObjectData|true|false
17:13:29.400 (400393775)|VARIABLE_ASSIGNMENT|[82]|this|{"children":"0x1d6d93eb","fieldMap":"0x23f0d23c","sObjectType":"Risk__Scoring_Scheme (3 more) ..."}|0x38e8fb7e
17:13:29.400 (400404535)|HEAP_ALLOCATE|[83]|Bytes:5
17:13:29.400 (400409214)|STATEMENT_EXECUTE|[82]
17:13:29.400 (400413237)|STATEMENT_EXECUTE|[83]
17:13:29.400 (400415599)|STATEMENT_EXECUTE|[86]
17:13:29.400 (400425407)|METHOD_EXIT|[64]|01p58000000n6Fr|SObjectData.getChildren()
17:13:29.400 (400451220)|METHOD_ENTRY|[64]|01p58000000n6rI|SObjectUtility.createChildren(String, Map<String,List<SObjectData>>)
17:13:29.400 (400461210)|VARIABLE_SCOPE_BEGIN|[70]|this|SObjectUtility|true|false
17:13:29.400 (400483404)|VARIABLE_ASSIGNMENT|[70]|this|{"childrenMap":"0x4bde75e4"}|0x5cc1031e
17:13:29.400 (400490965)|VARIABLE_SCOPE_BEGIN|[70]|parentId|String|false|false
17:13:29.400 (400498067)|VARIABLE_ASSIGNMENT|[70]|parentId|"uE6RFeeiRmXOvZ4atN"
17:13:29.400 (400502891)|VARIABLE_SCOPE_BEGIN|[70]|childMap|Map<String,List<SObjectData>>|true|false
17:13:29.400 (400546906)|VARIABLE_ASSIGNMENT|[70]|childMap|{"s":1,"v":{"Risk__Scoring_Scheme (3 more) ...":{"s":2,"v":[{"fieldMap":"0x1aee6227","sObjectType":"Risk__Impact_Categor (4 more) ..."}]}}}|0x1d6d93eb
17:13:29.400 (400559220)|HEAP_ALLOCATE|[72]|Bytes:5
17:13:29.400 (400564433)|STATEMENT_EXECUTE|[70]
17:13:29.400 (400570309)|HEAP_ALLOCATE|[72]|Bytes:4
17:13:29.400 (400630804)|HEAP_ALLOCATE|[72]|Bytes:31
17:13:29.400 (400663072)|HEAP_ALLOCATE|[72]|Bytes:4
17:13:29.400 (400705441)|HEAP_ALLOCATE|[72]|Bytes:5
17:13:29.400 (400726779)|VARIABLE_SCOPE_BEGIN|[72]|relationshipKey|String|false|false
17:13:29.400 (400739012)|VARIABLE_ASSIGNMENT|[72]|relationshipKey|"Risk__Scoring_Scheme (3 more) ..."
17:13:29.400 (400743890)|STATEMENT_EXECUTE|[72]
17:13:29.400 (400746778)|STATEMENT_EXECUTE|[73]
17:13:29.400 (400754676)|HEAP_ALLOCATE|[73]|Bytes:4
17:13:29.400 (400766717)|VARIABLE_SCOPE_BEGIN|[73]|childObjects|Map<String,SObject>|true|false
17:13:29.400 (400787165)|VARIABLE_ASSIGNMENT|[73]|childObjects|{"s":1,"v":{}}|0x5429d2ef
17:13:29.400 (400792390)|STATEMENT_EXECUTE|[74]
17:13:29.400 (400851476)|VARIABLE_SCOPE_BEGIN|[74]|childrenList|List<SObjectData>|true|false
17:13:29.400 (400885893)|VARIABLE_ASSIGNMENT|[74]|childrenList|{"s":1,"v":[{"fieldMap":"0x1aee6227","sObjectType":"Risk__Impact_Categor (4 more) ..."}]}|0x180f87dc
17:13:29.400 (400941865)|HEAP_ALLOCATE|[76]|Bytes:5
17:13:29.400 (400961628)|HEAP_ALLOCATE|[76]|Bytes:24
17:13:29.400 (400970872)|VARIABLE_SCOPE_BEGIN|[76]|obj|SObjectData|true|false
17:13:29.400 (400998309)|VARIABLE_ASSIGNMENT|[76]|obj|{"fieldMap":"0x1aee6227","sObjectType":"Risk__Impact_Categor (4 more) ..."}|0x30768ff
17:13:29.401 (401005249)|STATEMENT_EXECUTE|[76]
17:13:29.401 (401009012)|STATEMENT_EXECUTE|[77]
17:13:29.401 (401021523)|METHOD_ENTRY|[77]|01p58000000n6Fr|SObjectData.getFieldMap()
17:13:29.401 (401039091)|VARIABLE_SCOPE_BEGIN|[74]|this|SObjectData|true|false
17:13:29.401 (401062936)|VARIABLE_ASSIGNMENT|[74]|this|{"fieldMap":"0x1aee6227","sObjectType":"Risk__Impact_Categor (4 more) ..."}|0x30768ff
17:13:29.401 (401073489)|HEAP_ALLOCATE|[75]|Bytes:5
17:13:29.401 (401078090)|STATEMENT_EXECUTE|[74]
17:13:29.401 (401080626)|STATEMENT_EXECUTE|[75]
17:13:29.401 (401091004)|METHOD_EXIT|[77]|01p58000000n6Fr|SObjectData.getFieldMap()
17:13:29.401 (401127832)|HEAP_ALLOCATE|[77]|Bytes:8
17:13:29.401 (401144618)|HEAP_ALLOCATE|[77]|Bytes:15
17:13:29.401 (401185237)|USER_DEBUG|[77]|DEBUG|Cost IC Created
17:13:29.401 (401198687)|STATEMENT_EXECUTE|[78]
17:13:29.401 (401211836)|METHOD_ENTRY|[78]|01p58000000n6rI|SObjectUtility.generateRandomString(Integer)
17:13:29.401 (401232257)|HEAP_ALLOCATE|[97]|Bytes:4
17:13:29.401 (401237311)|VARIABLE_SCOPE_BEGIN|[96]|len|Integer|false|false
17:13:29.401 (401246154)|VARIABLE_ASSIGNMENT|[96]|len|18
17:13:29.401 (401254450)|HEAP_ALLOCATE|[97]|Bytes:5
17:13:29.401 (401258592)|STATEMENT_EXECUTE|[96]
17:13:29.401 (401261120)|STATEMENT_EXECUTE|[97]
17:13:29.401 (401266026)|VARIABLE_SCOPE_BEGIN|[97]|chars|String|false|false
17:13:29.401 (401275049)|VARIABLE_ASSIGNMENT|[97]|chars|"ABCDEFGHIJKLMNOPQRST (42 more) ..."
17:13:29.401 (401278591)|STATEMENT_EXECUTE|[98]
17:13:29.401 (401282331)|VARIABLE_SCOPE_BEGIN|[98]|randStr|String|false|false
17:13:29.401 (401288452)|VARIABLE_ASSIGNMENT|[98]|randStr|""
17:13:29.401 (401320757)|STATEMENT_EXECUTE|[99]
17:13:29.401 (401324328)|STATEMENT_EXECUTE|[100]
17:13:29.401 (401480942)|VARIABLE_SCOPE_BEGIN|[100]|idx|Integer|false|false
17:13:29.401 (401487619)|HEAP_ALLOCATE|[100]|Bytes:4
17:13:29.401 (401496604)|VARIABLE_ASSIGNMENT|[100]|idx|51
17:13:29.401 (401500331)|STATEMENT_EXECUTE|[101]
17:13:29.401 (401530034)|HEAP_ALLOCATE|[101]|Bytes:1
17:13:29.401 (401550121)|HEAP_ALLOCATE|[101]|Bytes:1
17:13:29.401 (401560958)|VARIABLE_ASSIGNMENT|[101]|randStr|"p"
17:13:29.401 (401584727)|STATEMENT_EXECUTE|[99]
17:13:29.401 (401588153)|STATEMENT_EXECUTE|[100]
17:13:29.401 (401703643)|VARIABLE_SCOPE_BEGIN|[100]|idx|Integer|false|false
17:13:29.401 (401708747)|HEAP_ALLOCATE|[100]|Bytes:4
17:13:29.401 (401717350)|VARIABLE_ASSIGNMENT|[100]|idx|1
17:13:29.401 (401721092)|STATEMENT_EXECUTE|[101]
17:13:29.401 (401745577)|HEAP_ALLOCATE|[101]|Bytes:1
17:13:29.401 (401764558)|HEAP_ALLOCATE|[101]|Bytes:2
17:13:29.401 (401775213)|VARIABLE_ASSIGNMENT|[101]|randStr|"pB"
17:13:29.401 (401798112)|STATEMENT_EXECUTE|[99]
17:13:29.401 (401801484)|STATEMENT_EXECUTE|[100]
17:13:29.401 (401913877)|VARIABLE_SCOPE_BEGIN|[100]|idx|Integer|false|false
17:13:29.401 (401918992)|HEAP_ALLOCATE|[100]|Bytes:4
17:13:29.401 (401927342)|VARIABLE_ASSIGNMENT|[100]|idx|19
17:13:29.401 (401930970)|STATEMENT_EXECUTE|[101]
17:13:29.401 (401955329)|HEAP_ALLOCATE|[101]|Bytes:1
17:13:29.401 (401974414)|HEAP_ALLOCATE|[101]|Bytes:3
17:13:29.401 (401985161)|VARIABLE_ASSIGNMENT|[101]|randStr|"pBT"
17:13:29.402 (402007841)|STATEMENT_EXECUTE|[99]
17:13:29.402 (402012325)|STATEMENT_EXECUTE|[100]
17:13:29.402 (402124023)|VARIABLE_SCOPE_BEGIN|[100]|idx|Integer|false|false
17:13:29.402 (402129066)|HEAP_ALLOCATE|[100]|Bytes:4
17:13:29.402 (402137362)|VARIABLE_ASSIGNMENT|[100]|idx|14
17:13:29.402 (402140834)|STATEMENT_EXECUTE|[101]
17:13:29.402 (402165190)|HEAP_ALLOCATE|[101]|Bytes:1
17:13:29.402 (402183759)|HEAP_ALLOCATE|[101]|Bytes:4
17:13:29.402 (402194298)|VARIABLE_ASSIGNMENT|[101]|randStr|"pBTO"
17:13:29.402 (402217084)|STATEMENT_EXECUTE|[99]
17:13:29.402 (402220541)|STATEMENT_EXECUTE|[100]
17:13:29.402 (402346794)|VARIABLE_SCOPE_BEGIN|[100]|idx|Integer|false|false
17:13:29.402 (402351971)|HEAP_ALLOCATE|[100]|Bytes:4
17:13:29.402 (402360438)|VARIABLE_ASSIGNMENT|[100]|idx|54
17:13:29.402 (402363876)|STATEMENT_EXECUTE|[101]
17:13:29.402 (402388481)|HEAP_ALLOCATE|[101]|Bytes:1
17:13:29.402 (402407247)|HEAP_ALLOCATE|[101]|Bytes:5
17:13:29.402 (402417872)|VARIABLE_ASSIGNMENT|[101]|randStr|"pBTOs"
17:13:29.402 (402451990)|STATEMENT_EXECUTE|[99]
17:13:29.402 (402456373)|STATEMENT_EXECUTE|[100]
17:13:29.402 (402570805)|VARIABLE_SCOPE_BEGIN|[100]|idx|Integer|false|false
17:13:29.402 (402575974)|HEAP_ALLOCATE|[100]|Bytes:4
17:13:29.402 (402584677)|VARIABLE_ASSIGNMENT|[100]|idx|16
17:13:29.402 (402588225)|STATEMENT_EXECUTE|[101]
17:13:29.402 (402612981)|HEAP_ALLOCATE|[101]|Bytes:1
17:13:29.402 (402631868)|HEAP_ALLOCATE|[101]|Bytes:6
17:13:29.402 (402642553)|VARIABLE_ASSIGNMENT|[101]|randStr|"pBTOsQ"
17:13:29.402 (402665491)|STATEMENT_EXECUTE|[99]
17:13:29.402 (402668870)|STATEMENT_EXECUTE|[100]
17:13:29.402 (402780178)|VARIABLE_SCOPE_BEGIN|[100]|idx|Integer|false|false
17:13:29.402 (402785232)|HEAP_ALLOCATE|[100]|Bytes:4
17:13:29.402 (402793623)|VARIABLE_ASSIGNMENT|[100]|idx|28
17:13:29.402 (402797145)|STATEMENT_EXECUTE|[101]
17:13:29.402 (402821331)|HEAP_ALLOCATE|[101]|Bytes:1
17:13:29.402 (402840003)|HEAP_ALLOCATE|[101]|Bytes:7
17:13:29.402 (402850729)|VARIABLE_ASSIGNMENT|[101]|randStr|"pBTOsQ2"
17:13:29.402 (402873269)|STATEMENT_EXECUTE|[99]
17:13:29.402 (402876880)|STATEMENT_EXECUTE|[100]
17:13:29.402 (402988349)|VARIABLE_SCOPE_BEGIN|[100]|idx|Integer|false|false
17:13:29.402 (402993433)|HEAP_ALLOCATE|[100]|Bytes:4
17:13:29.403 (403001716)|VARIABLE_ASSIGNMENT|[100]|idx|28
17:13:29.403 (403005912)|STATEMENT_EXECUTE|[101]
17:13:29.403 (403030219)|HEAP_ALLOCATE|[101]|Bytes:1
17:13:29.403 (403048775)|HEAP_ALLOCATE|[101]|Bytes:8
17:13:29.403 (403059335)|VARIABLE_ASSIGNMENT|[101]|randStr|"pBTOsQ22"
17:13:29.403 (403081892)|STATEMENT_EXECUTE|[99]
17:13:29.403 (403085287)|STATEMENT_EXECUTE|[100]
17:13:29.403 (403196339)|VARIABLE_SCOPE_BEGIN|[100]|idx|Integer|false|false
17:13:29.403 (403201293)|HEAP_ALLOCATE|[100]|Bytes:4
17:13:29.403 (403209555)|VARIABLE_ASSIGNMENT|[100]|idx|2
17:13:29.403 (403213166)|STATEMENT_EXECUTE|[101]
17:13:29.403 (403237297)|HEAP_ALLOCATE|[101]|Bytes:1
17:13:29.403 (403256179)|HEAP_ALLOCATE|[101]|Bytes:9
17:13:29.403 (403266879)|VARIABLE_ASSIGNMENT|[101]|randStr|"pBTOsQ22C"
17:13:29.403 (403289272)|STATEMENT_EXECUTE|[99]
17:13:29.403 (403292990)|STATEMENT_EXECUTE|[100]
17:13:29.403 (403416120)|VARIABLE_SCOPE_BEGIN|[100]|idx|Integer|false|false
17:13:29.403 (403421261)|HEAP_ALLOCATE|[100]|Bytes:4
17:13:29.403 (403433271)|VARIABLE_ASSIGNMENT|[100]|idx|59
17:13:29.403 (403437024)|STATEMENT_EXECUTE|[101]
17:13:29.403 (403462554)|HEAP_ALLOCATE|[101]|Bytes:1
17:13:29.403 (403481776)|HEAP_ALLOCATE|[101]|Bytes:10
17:13:29.403 (403493013)|VARIABLE_ASSIGNMENT|[101]|randStr|"pBTOsQ22Cx"
17:13:29.403 (403516080)|STATEMENT_EXECUTE|[99]
17:13:29.403 (403519482)|STATEMENT_EXECUTE|[100]
17:13:29.403 (403630958)|VARIABLE_SCOPE_BEGIN|[100]|idx|Integer|false|false
17:13:29.403 (403636008)|HEAP_ALLOCATE|[100]|Bytes:4
17:13:29.403 (403644401)|VARIABLE_ASSIGNMENT|[100]|idx|3
17:13:29.403 (403647926)|STATEMENT_EXECUTE|[101]
17:13:29.403 (403672102)|HEAP_ALLOCATE|[101]|Bytes:1
17:13:29.403 (403690796)|HEAP_ALLOCATE|[101]|Bytes:11
17:13:29.403 (403701641)|VARIABLE_ASSIGNMENT|[101]|randStr|"pBTOsQ22CxD"
17:13:29.403 (403724462)|STATEMENT_EXECUTE|[99]
17:13:29.403 (403728151)|STATEMENT_EXECUTE|[100]
17:13:29.403 (403838924)|VARIABLE_SCOPE_BEGIN|[100]|idx|Integer|false|false
17:13:29.403 (403843735)|HEAP_ALLOCATE|[100]|Bytes:4
17:13:29.403 (403851805)|VARIABLE_ASSIGNMENT|[100]|idx|12
17:13:29.403 (403855339)|STATEMENT_EXECUTE|[101]
17:13:29.403 (403879465)|HEAP_ALLOCATE|[101]|Bytes:1
17:13:29.403 (403898154)|HEAP_ALLOCATE|[101]|Bytes:12
17:13:29.403 (403908975)|VARIABLE_ASSIGNMENT|[101]|randStr|"pBTOsQ22CxDM"
17:13:29.403 (403931711)|STATEMENT_EXECUTE|[99]
17:13:29.403 (403935046)|STATEMENT_EXECUTE|[100]
17:13:29.404 (404054747)|VARIABLE_SCOPE_BEGIN|[100]|idx|Integer|false|false
17:13:29.404 (404060752)|HEAP_ALLOCATE|[100]|Bytes:4
17:13:29.404 (404069254)|VARIABLE_ASSIGNMENT|[100]|idx|6
17:13:29.404 (404072742)|STATEMENT_EXECUTE|[101]
17:13:29.404 (404097496)|HEAP_ALLOCATE|[101]|Bytes:1
17:13:29.404 (404116304)|HEAP_ALLOCATE|[101]|Bytes:13
17:13:29.404 (404127188)|VARIABLE_ASSIGNMENT|[101]|randStr|"pBTOsQ22CxDMG"
17:13:29.404 (404150129)|STATEMENT_EXECUTE|[99]
17:13:29.404 (404153764)|STATEMENT_EXECUTE|[100]
17:13:29.404 (404269767)|VARIABLE_SCOPE_BEGIN|[100]|idx|Integer|false|false
17:13:29.404 (404275005)|HEAP_ALLOCATE|[100]|Bytes:4
17:13:29.404 (404283385)|VARIABLE_ASSIGNMENT|[100]|idx|38
17:13:29.404 (404286950)|STATEMENT_EXECUTE|[101]
17:13:29.404 (404311412)|HEAP_ALLOCATE|[101]|Bytes:1
17:13:29.404 (404330367)|HEAP_ALLOCATE|[101]|Bytes:14
17:13:29.404 (404341106)|VARIABLE_ASSIGNMENT|[101]|randStr|"pBTOsQ22CxDMGc"
17:13:29.404 (404364073)|STATEMENT_EXECUTE|[99]
17:13:29.404 (404367480)|STATEMENT_EXECUTE|[100]
17:13:29.404 (404484365)|VARIABLE_SCOPE_BEGIN|[100]|idx|Integer|false|false
17:13:29.404 (404489562)|HEAP_ALLOCATE|[100]|Bytes:4
17:13:29.404 (404497882)|VARIABLE_ASSIGNMENT|[100]|idx|37
17:13:29.404 (404501493)|STATEMENT_EXECUTE|[101]
17:13:29.404 (404525783)|HEAP_ALLOCATE|[101]|Bytes:1
17:13:29.404 (404544551)|HEAP_ALLOCATE|[101]|Bytes:15
17:13:29.404 (404555465)|VARIABLE_ASSIGNMENT|[101]|randStr|"pBTOsQ22CxDMGcb"
17:13:29.404 (404578470)|STATEMENT_EXECUTE|[99]
17:13:29.404 (404582209)|STATEMENT_EXECUTE|[100]
17:13:29.404 (404693089)|VARIABLE_SCOPE_BEGIN|[100]|idx|Integer|false|false
17:13:29.404 (404697998)|HEAP_ALLOCATE|[100]|Bytes:4
17:13:29.404 (404706294)|VARIABLE_ASSIGNMENT|[100]|idx|0
17:13:29.404 (404709831)|STATEMENT_EXECUTE|[101]
17:13:29.404 (404734317)|HEAP_ALLOCATE|[101]|Bytes:1
17:13:29.404 (404753025)|HEAP_ALLOCATE|[101]|Bytes:16
17:13:29.404 (404763989)|VARIABLE_ASSIGNMENT|[101]|randStr|"pBTOsQ22CxDMGcbA"
17:13:29.404 (404787019)|STATEMENT_EXECUTE|[99]
17:13:29.404 (404790459)|STATEMENT_EXECUTE|[100]
17:13:29.404 (404900571)|VARIABLE_SCOPE_BEGIN|[100]|idx|Integer|false|false
17:13:29.404 (404905496)|HEAP_ALLOCATE|[100]|Bytes:4
17:13:29.404 (404913793)|VARIABLE_ASSIGNMENT|[100]|idx|3
17:13:29.404 (404917213)|STATEMENT_EXECUTE|[101]
17:13:29.404 (404941665)|HEAP_ALLOCATE|[101]|Bytes:1
17:13:29.404 (404960331)|HEAP_ALLOCATE|[101]|Bytes:17
17:13:29.404 (404971400)|VARIABLE_ASSIGNMENT|[101]|randStr|"pBTOsQ22CxDMGcbAD"
17:13:29.404 (404994282)|STATEMENT_EXECUTE|[99]
17:13:29.404 (404997794)|STATEMENT_EXECUTE|[100]
17:13:29.405 (405107969)|VARIABLE_SCOPE_BEGIN|[100]|idx|Integer|false|false
17:13:29.405 (405113735)|HEAP_ALLOCATE|[100]|Bytes:4
17:13:29.405 (405122150)|VARIABLE_ASSIGNMENT|[100]|idx|13
17:13:29.405 (405125698)|STATEMENT_EXECUTE|[101]
17:13:29.405 (405150214)|HEAP_ALLOCATE|[101]|Bytes:1
17:13:29.405 (405169192)|HEAP_ALLOCATE|[101]|Bytes:18
17:13:29.405 (405180259)|VARIABLE_ASSIGNMENT|[101]|randStr|"pBTOsQ22CxDMGcbADN"
17:13:29.405 (405203347)|STATEMENT_EXECUTE|[103]
17:13:29.405 (405214081)|METHOD_EXIT|[78]|01p58000000n6rI|SObjectUtility.generateRandomString(Integer)
17:13:29.405 (405219834)|VARIABLE_SCOPE_BEGIN|[78]|rId|String|false|false
17:13:29.405 (405228644)|VARIABLE_ASSIGNMENT|[78]|rId|"pBTOsQ22CxDMGcbADN"
17:13:29.405 (405232397)|STATEMENT_EXECUTE|[79]
17:13:29.405 (405244144)|METHOD_ENTRY|[79]|01p58000000n6rI|SObjectUtility.createSObject(SObjectData)
17:13:29.405 (405262281)|VARIABLE_SCOPE_BEGIN|[11]|this|SObjectUtility|true|false
17:13:29.405 (405285572)|VARIABLE_ASSIGNMENT|[11]|this|{"childrenMap":"0x4bde75e4"}|0x5cc1031e
17:13:29.405 (405290805)|VARIABLE_SCOPE_BEGIN|[11]|obj|SObjectData|true|false
17:13:29.405 (405310293)|VARIABLE_ASSIGNMENT|[11]|obj|{"fieldMap":"0x1aee6227","sObjectType":"Risk__Impact_Categor (4 more) ..."}|0x30768ff
17:13:29.405 (405321252)|HEAP_ALLOCATE|[12]|Bytes:5
17:13:29.405 (405326034)|STATEMENT_EXECUTE|[11]
17:13:29.408 (408333253)|HEAP_ALLOCATE|[12]|Bytes:1796
17:13:29.408 (408358362)|METHOD_ENTRY|[12]|01p58000000n6Fr|SObjectData.getSObjectType()
17:13:29.408 (408365135)|VARIABLE_SCOPE_BEGIN|[78]|this|SObjectData|true|false
17:13:29.408 (408395741)|VARIABLE_ASSIGNMENT|[78]|this|{"fieldMap":"0x1aee6227","sObjectType":"Risk__Impact_Categor (4 more) ..."}|0x30768ff
17:13:29.408 (408407020)|HEAP_ALLOCATE|[79]|Bytes:5
17:13:29.408 (408412127)|STATEMENT_EXECUTE|[78]
17:13:29.408 (408414856)|STATEMENT_EXECUTE|[79]
17:13:29.408 (408425650)|METHOD_EXIT|[12]|01p58000000n6Fr|SObjectData.getSObjectType()
17:13:29.408 (408467373)|STATEMENT_EXECUTE|[12]
17:13:29.408 (408471503)|STATEMENT_EXECUTE|[15]
17:13:29.411 (411396889)|HEAP_ALLOCATE|[15]|Bytes:1796
17:13:29.411 (411420942)|METHOD_ENTRY|[15]|01p58000000n6Fr|SObjectData.getSObjectType()
17:13:29.411 (411427580)|VARIABLE_SCOPE_BEGIN|[78]|this|SObjectData|true|false
17:13:29.411 (411460782)|VARIABLE_ASSIGNMENT|[78]|this|{"fieldMap":"0x1aee6227","sObjectType":"Risk__Impact_Categor (4 more) ..."}|0x30768ff
17:13:29.411 (411472389)|HEAP_ALLOCATE|[79]|Bytes:5
17:13:29.411 (411477621)|STATEMENT_EXECUTE|[78]
17:13:29.411 (411480379)|STATEMENT_EXECUTE|[79]
17:13:29.411 (411491085)|METHOD_EXIT|[15]|01p58000000n6Fr|SObjectData.getSObjectType()
17:13:29.411 (411616476)|HEAP_ALLOCATE|[15]|Bytes:4
17:13:29.411 (411635327)|VARIABLE_SCOPE_BEGIN|[15]|sObj|SObject|true|false
17:13:29.411 (411648907)|VARIABLE_ASSIGNMENT|[15]|sObj|{}|0x2d5b29bd
17:13:29.411 (411656112)|HEAP_ALLOCATE|[16]|Bytes:4
17:13:29.411 (411677059)|METHOD_ENTRY|[16]|01p58000000n6Fr|SObjectData.getFieldMap()
17:13:29.411 (411682755)|VARIABLE_SCOPE_BEGIN|[74]|this|SObjectData|true|false
17:13:29.411 (411709449)|VARIABLE_ASSIGNMENT|[74]|this|{"fieldMap":"0x1aee6227","sObjectType":"Risk__Impact_Categor (4 more) ..."}|0x30768ff
17:13:29.411 (411719988)|HEAP_ALLOCATE|[75]|Bytes:5
17:13:29.411 (411724566)|STATEMENT_EXECUTE|[74]
17:13:29.411 (411727271)|STATEMENT_EXECUTE|[75]
17:13:29.411 (411737611)|METHOD_EXIT|[16]|01p58000000n6Fr|SObjectData.getFieldMap()
17:13:29.411 (411768970)|HEAP_ALLOCATE|[16]|Bytes:37
17:13:29.411 (411797481)|HEAP_ALLOCATE|[16]|Bytes:8
17:13:29.411 (411835458)|HEAP_ALLOCATE|[16]|Bytes:5
17:13:29.411 (411854249)|VARIABLE_SCOPE_BEGIN|[16]|field|String|false|false
17:13:29.411 (411864935)|VARIABLE_ASSIGNMENT|[16]|field|"Name"
17:13:29.411 (411869812)|STATEMENT_EXECUTE|[16]
17:13:29.411 (411872494)|STATEMENT_EXECUTE|[17]
17:13:29.411 (411881132)|METHOD_ENTRY|[17]|01p58000000n6Fr|SObjectData.getFieldMap()
17:13:29.411 (411886212)|VARIABLE_SCOPE_BEGIN|[74]|this|SObjectData|true|false
17:13:29.411 (411910392)|VARIABLE_ASSIGNMENT|[74]|this|{"fieldMap":"0x1aee6227","sObjectType":"Risk__Impact_Categor (4 more) ..."}|0x30768ff
17:13:29.411 (411920335)|HEAP_ALLOCATE|[75]|Bytes:5
17:13:29.411 (411924814)|STATEMENT_EXECUTE|[74]
17:13:29.411 (411927396)|STATEMENT_EXECUTE|[75]
17:13:29.411 (411937410)|METHOD_EXIT|[17]|01p58000000n6Fr|SObjectData.getFieldMap()
17:13:29.411 (411968452)|VARIABLE_SCOPE_BEGIN|[17]|value|String|false|false
17:13:29.411 (411978760)|VARIABLE_ASSIGNMENT|[17]|value|"Cost IC"
17:13:29.411 (411982627)|STATEMENT_EXECUTE|[18]
17:13:29.419 (419974495)|HEAP_ALLOCATE|[16]|Bytes:5
17:13:29.419 (419997888)|VARIABLE_SCOPE_BEGIN|[16]|field|String|false|false
17:13:29.420 (420011436)|VARIABLE_ASSIGNMENT|[16]|field|"Risk__Type_Of_Risk__ (1 more) ..."
17:13:29.420 (420017045)|STATEMENT_EXECUTE|[16]
17:13:29.420 (420020065)|STATEMENT_EXECUTE|[17]
17:13:29.420 (420030106)|METHOD_ENTRY|[17]|01p58000000n6Fr|SObjectData.getFieldMap()
17:13:29.420 (420036094)|VARIABLE_SCOPE_BEGIN|[74]|this|SObjectData|true|false
17:13:29.420 (420064962)|VARIABLE_ASSIGNMENT|[74]|this|{"fieldMap":"0x1aee6227","sObjectType":"Risk__Impact_Categor (4 more) ..."}|0x30768ff
17:13:29.420 (420075997)|HEAP_ALLOCATE|[75]|Bytes:5
17:13:29.420 (420081157)|STATEMENT_EXECUTE|[74]
17:13:29.420 (420083905)|STATEMENT_EXECUTE|[75]
17:13:29.420 (420094939)|METHOD_EXIT|[17]|01p58000000n6Fr|SObjectData.getFieldMap()
17:13:29.420 (420128746)|VARIABLE_SCOPE_BEGIN|[17]|value|String|false|false
17:13:29.420 (420139769)|VARIABLE_ASSIGNMENT|[17]|value|"Time"
17:13:29.420 (420143787)|STATEMENT_EXECUTE|[18]
17:13:29.420 (420283331)|HEAP_ALLOCATE|[16]|Bytes:5
17:13:29.420 (420304196)|VARIABLE_ASSIGNMENT|[16]|field|null
17:13:29.420 (420309234)|STATEMENT_EXECUTE|[21]
17:13:29.420 (420320607)|METHOD_EXIT|[79]|01p58000000n6rI|SObjectUtility.createSObject(SObjectData)
17:13:29.420 (420348073)|HEAP_ALLOCATE|[EXTERNAL]|Bytes:-4
17:13:29.420 (420373175)|METHOD_ENTRY|[80]|01p58000000n6Fr|SObjectData.getChildren()
17:13:29.420 (420393144)|VARIABLE_SCOPE_BEGIN|[82]|this|SObjectData|true|false
17:13:29.420 (420421736)|VARIABLE_ASSIGNMENT|[82]|this|{"fieldMap":"0x1aee6227","sObjectType":"Risk__Impact_Categor (4 more) ..."}|0x30768ff
17:13:29.420 (420434328)|HEAP_ALLOCATE|[83]|Bytes:5
17:13:29.420 (420440744)|STATEMENT_EXECUTE|[82]
17:13:29.420 (420444521)|STATEMENT_EXECUTE|[83]
17:13:29.420 (420446902)|STATEMENT_EXECUTE|[84]
17:13:29.420 (420452276)|HEAP_ALLOCATE|[84]|Bytes:4
17:13:29.420 (420488170)|VARIABLE_ASSIGNMENT|[84]|this.children|{"s":1,"v":{}}|0x30768ff
17:13:29.420 (420494635)|STATEMENT_EXECUTE|[86]
17:13:29.420 (420505941)|METHOD_EXIT|[80]|01p58000000n6Fr|SObjectData.getChildren()
17:13:29.420 (420527112)|STATEMENT_EXECUTE|[80]
17:13:29.420 (420545338)|HEAP_ALLOCATE|[76]|Bytes:5
17:13:29.420 (420562418)|VARIABLE_ASSIGNMENT|[76]|obj|null|
17:13:29.420 (420567098)|STATEMENT_EXECUTE|[85]
17:13:29.420 (420577265)|HEAP_ALLOCATE|[85]|Bytes:4
17:13:29.420 (420593108)|VARIABLE_SCOPE_BEGIN|[85]|bufferMap|Map<String,Map<String,SObject>>|true|false
17:13:29.420 (420611898)|VARIABLE_ASSIGNMENT|[85]|bufferMap|{"s":1,"v":{}}|0x31f9dcfb
17:13:29.420 (420617162)|STATEMENT_EXECUTE|[86]
17:13:29.420 (420667440)|HEAP_ALLOCATE|[EXTERNAL]|Bytes:-4
17:13:29.420 (420735085)|STATEMENT_EXECUTE|[89]
17:13:29.420 (420739369)|STATEMENT_EXECUTE|[90]
17:13:29.420 (420774611)|HEAP_ALLOCATE|[EXTERNAL]|Bytes:-4
17:13:29.420 (420806384)|HEAP_ALLOCATE|[72]|Bytes:5
17:13:29.420 (420824397)|VARIABLE_ASSIGNMENT|[72]|relationshipKey|null
17:13:29.420 (420838753)|METHOD_EXIT|[64]|01p58000000n6rI|SObjectUtility.createChildren(String, Map<String,List<SObjectData>>)
17:13:29.420 (420856820)|HEAP_ALLOCATE|[60]|Bytes:5
17:13:29.420 (420872252)|VARIABLE_ASSIGNMENT|[60]|obj|null|
17:13:29.420 (420876903)|STATEMENT_EXECUTE|[67]
17:13:29.420 (420886598)|METHOD_EXIT|[6]|01p58000000n6rI|SObjectUtility.createRoot(List<SObjectData>)
17:13:29.420 (420892702)|VARIABLE_SCOPE_BEGIN|[6]|root|Map<String,SObject>|true|false
17:13:29.420 (420914201)|VARIABLE_ASSIGNMENT|[6]|root|{"s":1,"v":{"uE6RFeeiRmXOvZ4atN":{"Name":"Scoring Scheme 5x5","RecordTypeId":"012580000000H5p"}}}|0x2de03c3e
17:13:29.420 (420920479)|STATEMENT_EXECUTE|[7]
17:13:29.420 (420938060)|METHOD_ENTRY|[7]|01p58000000n6rI|SObjectUtility.insertSObjects(Map<String,SObject>)
17:13:29.420 (420968366)|VARIABLE_SCOPE_BEGIN|[24]|this|SObjectUtility|true|false
17:13:29.420 (420992349)|VARIABLE_ASSIGNMENT|[24]|this|{"childrenMap":"0x4bde75e4"}|0x5cc1031e
17:13:29.421 (421000187)|VARIABLE_SCOPE_BEGIN|[24]|objMap|Map<String,SObject>|true|false
17:13:29.421 (421017686)|VARIABLE_ASSIGNMENT|[24]|objMap|{"s":1,"v":{"uE6RFeeiRmXOvZ4atN":{"Name":"Scoring Scheme 5x5","RecordTypeId":"012580000000H5p"}}}|0x2de03c3e
17:13:29.421 (421028625)|HEAP_ALLOCATE|[25]|Bytes:5
17:13:29.421 (421034005)|STATEMENT_EXECUTE|[24]
17:13:29.421 (421036720)|STATEMENT_EXECUTE|[25]
17:13:29.421 (421038910)|STATEMENT_EXECUTE|[25]
17:13:29.421 (421041237)|STATEMENT_EXECUTE|[26]
17:13:29.421 (421046517)|HEAP_ALLOCATE|[26]|Bytes:4
17:13:29.421 (421057988)|VARIABLE_SCOPE_BEGIN|[26]|childMap|Map<String,SObject>|true|false
17:13:29.421 (421075611)|VARIABLE_ASSIGNMENT|[26]|childMap|{"s":1,"v":{}}|0x41e81a2a
17:13:29.421 (421080757)|STATEMENT_EXECUTE|[27]
17:13:29.421 (421125211)|HEAP_ALLOCATE|[EXTERNAL]|Bytes:8
17:13:29.421 (421140342)|HEAP_ALLOCATE|[27]|Bytes:69
17:13:29.421 (421215193)|DML_BEGIN|[27]|Op:Insert|Type:SObject|Rows:1
17:13:29.421 (421250892)|HEAP_ALLOCATE|[EXTERNAL]|Bytes:8
17:13:29.476 (476163235)|DML_END|[27]
17:13:29.476 (476263086)|HEAP_ALLOCATE|[EXTERNAL]|Bytes:8
17:13:29.476 (476279534)|HEAP_ALLOCATE|[28]|Bytes:4
17:13:29.476 (476344441)|HEAP_ALLOCATE|[28]|Bytes:26
17:13:29.476 (476378382)|HEAP_ALLOCATE|[28]|Bytes:4
17:13:29.476 (476423453)|HEAP_ALLOCATE|[28]|Bytes:5
17:13:29.476 (476458079)|VARIABLE_SCOPE_BEGIN|[28]|key|String|false|false
17:13:29.476 (476472401)|VARIABLE_ASSIGNMENT|[28]|key|"uE6RFeeiRmXOvZ4atN"
17:13:29.476 (476477985)|STATEMENT_EXECUTE|[28]
17:13:29.476 (476484481)|HEAP_ALLOCATE|[29]|Bytes:4
17:13:29.476 (476544892)|HEAP_ALLOCATE|[29]|Bytes:31
17:13:29.476 (476576199)|HEAP_ALLOCATE|[29]|Bytes:4
17:13:29.476 (476618037)|HEAP_ALLOCATE|[29]|Bytes:5
17:13:29.476 (476639017)|VARIABLE_SCOPE_BEGIN|[29]|relationshipKey|String|false|false
17:13:29.476 (476652218)|VARIABLE_ASSIGNMENT|[29]|relationshipKey|"Risk__Scoring_Scheme (3 more) ..."
17:13:29.476 (476657184)|STATEMENT_EXECUTE|[29]
17:13:29.476 (476747496)|STATEMENT_EXECUTE|[31]
17:13:29.476 (476752006)|STATEMENT_EXECUTE|[32]
17:13:29.476 (476864807)|HEAP_ALLOCATE|[32]|Bytes:18
17:13:29.476 (476948177)|METHOD_ENTRY|[32]|01p58000000n6rI|SObjectUtility.buildRelationships(String, String, Map<String,SObject>)
17:13:29.476 (476959241)|VARIABLE_SCOPE_BEGIN|[47]|this|SObjectUtility|true|false
17:13:29.476 (476984941)|VARIABLE_ASSIGNMENT|[47]|this|{"childrenMap":"0x4bde75e4"}|0x5cc1031e
17:13:29.476 (476992909)|VARIABLE_SCOPE_BEGIN|[47]|field|String|false|false
17:13:29.477 (477000492)|VARIABLE_ASSIGNMENT|[47]|field|"Risk__Scoring_Scheme (3 more) ..."
17:13:29.477 (477006002)|VARIABLE_SCOPE_BEGIN|[47]|parentId|String|false|false
17:13:29.477 (477011689)|VARIABLE_ASSIGNMENT|[47]|parentId|"a0u58000000PNUvAAO"
17:13:29.477 (477016362)|VARIABLE_SCOPE_BEGIN|[47]|objMap|Map<String,SObject>|true|false
17:13:29.477 (477034141)|VARIABLE_ASSIGNMENT|[47]|objMap|{"s":1,"v":{"pBTOsQ22CxDMGcbADN":{"Name":"Cost IC","Risk__Type_of_Risk__ (1 more) ...":"Time"}}}|0x5429d2ef
17:13:29.477 (477045753)|HEAP_ALLOCATE|[48]|Bytes:5
17:13:29.477 (477051067)|STATEMENT_EXECUTE|[47]
17:13:29.477 (477053728)|STATEMENT_EXECUTE|[48]
17:13:29.477 (477055923)|STATEMENT_EXECUTE|[48]
17:13:29.477 (477061723)|HEAP_ALLOCATE|[49]|Bytes:4
17:13:29.477 (477120615)|HEAP_ALLOCATE|[49]|Bytes:26
17:13:29.477 (477151239)|HEAP_ALLOCATE|[49]|Bytes:4
17:13:29.477 (477192807)|HEAP_ALLOCATE|[49]|Bytes:5
17:13:29.477 (477214204)|VARIABLE_SCOPE_BEGIN|[49]|key|String|false|false
17:13:29.477 (477225432)|VARIABLE_ASSIGNMENT|[49]|key|"pBTOsQ22CxDMGcbADN"
17:13:29.477 (477230174)|STATEMENT_EXECUTE|[49]
17:13:29.477 (477233052)|STATEMENT_EXECUTE|[50]
17:13:29.477 (477425963)|HEAP_ALLOCATE|[49]|Bytes:5
17:13:29.477 (477459719)|VARIABLE_ASSIGNMENT|[49]|key|null
17:13:29.477 (477465605)|STATEMENT_EXECUTE|[52]
17:13:29.477 (477478003)|METHOD_EXIT|[32]|01p58000000n6rI|SObjectUtility.buildRelationships(String, String, Map<String,SObject>)
17:13:29.477 (477513134)|HEAP_ALLOCATE|[EXTERNAL]|Bytes:-4
17:13:29.477 (477517771)|HEAP_ALLOCATE|[32]|Bytes:4
17:13:29.477 (477546765)|HEAP_ALLOCATE|[29]|Bytes:5
17:13:29.477 (477564524)|VARIABLE_ASSIGNMENT|[29]|relationshipKey|null
17:13:29.477 (477580577)|HEAP_ALLOCATE|[28]|Bytes:5
17:13:29.477 (477595067)|VARIABLE_ASSIGNMENT|[28]|key|null
17:13:29.477 (477642091)|HEAP_ALLOCATE|[37]|Bytes:26
17:13:29.477 (477678286)|STATEMENT_EXECUTE|[37]
17:13:29.477 (477681904)|STATEMENT_EXECUTE|[38]
17:13:29.477 (477693605)|METHOD_ENTRY|[38]|01p58000000n6rI|SObjectUtility.insertSObjects(Map<String,SObject>)
17:13:29.477 (477711287)|VARIABLE_SCOPE_BEGIN|[24]|this|SObjectUtility|true|false
17:13:29.477 (477735593)|VARIABLE_ASSIGNMENT|[24]|this|{"childrenMap":"0x4bde75e4"}|0x5cc1031e
17:13:29.477 (477741098)|VARIABLE_SCOPE_BEGIN|[24]|objMap|Map<String,SObject>|true|false
17:13:29.477 (477759587)|VARIABLE_ASSIGNMENT|[24]|objMap|{"s":1,"v":{"pBTOsQ22CxDMGcbADN":{"Name":"Cost IC","Risk__Type_of_Risk__ (1 more) ...":"Time","Risk__Scoring_Scheme (3 more) ...":"a0u58000000PNUvAAO"}}}|0x41e81a2a
17:13:29.477 (477771264)|HEAP_ALLOCATE|[25]|Bytes:5
17:13:29.477 (477776119)|STATEMENT_EXECUTE|[24]
17:13:29.477 (477778645)|STATEMENT_EXECUTE|[25]
17:13:29.477 (477780798)|STATEMENT_EXECUTE|[25]
17:13:29.477 (477782911)|STATEMENT_EXECUTE|[26]
17:13:29.477 (477787470)|HEAP_ALLOCATE|[26]|Bytes:4
17:13:29.477 (477796903)|VARIABLE_SCOPE_BEGIN|[26]|childMap|Map<String,SObject>|true|false
17:13:29.477 (477814538)|VARIABLE_ASSIGNMENT|[26]|childMap|{"s":1,"v":{}}|0x22ebc7eb
17:13:29.477 (477819515)|STATEMENT_EXECUTE|[27]
17:13:29.477 (477839018)|HEAP_ALLOCATE|[EXTERNAL]|Bytes:8
17:13:29.477 (477850016)|HEAP_ALLOCATE|[27]|Bytes:101
17:13:29.477 (477884377)|DML_BEGIN|[27]|Op:Insert|Type:SObject|Rows:1
17:13:29.477 (477903777)|HEAP_ALLOCATE|[EXTERNAL]|Bytes:8
17:13:29.492 (492531544)|ENTERING_MANAGED_PKG|Risk
17:13:29.499 (499960412)|SOQL_EXECUTE_BEGIN|[19]|Aggregations:1|SELECT Id, (SELECT Risk__Order__c FROM Impact_Categories__r ORDER BY Order__c DESC NULLS FIRST LIMIT 1) FROM Scoring_Scheme__c WHERE Id = :tmpVar1
17:13:29.506 (506864703)|SOQL_EXECUTE_END|[19]|Rows:1
17:13:29.514 (514942418)|SOQL_EXECUTE_BEGIN|[64]|Aggregations:1|SELECT Id, (SELECT Id, Risk__Type_of_Risk__c FROM Impact_Categories__r) FROM Scoring_Scheme__c WHERE Id = :tmpVar1
17:13:29.518 (518839641)|SOQL_EXECUTE_END|[64]|Rows:1
17:13:29.546 (546405790)|DML_END|[27]
17:13:29.546 (546449187)|HEAP_ALLOCATE|[EXTERNAL]|Bytes:8
17:13:29.546 (546470665)|HEAP_ALLOCATE|[28]|Bytes:4
17:13:29.546 (546526785)|HEAP_ALLOCATE|[28]|Bytes:26
17:13:29.546 (546572331)|HEAP_ALLOCATE|[28]|Bytes:4
17:13:29.546 (546645545)|HEAP_ALLOCATE|[28]|Bytes:5
17:13:29.546 (546666897)|VARIABLE_SCOPE_BEGIN|[28]|key|String|false|false
17:13:29.546 (546681025)|VARIABLE_ASSIGNMENT|[28]|key|"pBTOsQ22CxDMGcbADN"
17:13:29.546 (546686398)|STATEMENT_EXECUTE|[28]
17:13:29.546 (546692147)|HEAP_ALLOCATE|[29]|Bytes:4
17:13:29.546 (546731525)|HEAP_ALLOCATE|[29]|Bytes:31
17:13:29.546 (546760197)|HEAP_ALLOCATE|[29]|Bytes:4
17:13:29.546 (546797706)|HEAP_ALLOCATE|[29]|Bytes:5
17:13:29.546 (546816068)|VARIABLE_SCOPE_BEGIN|[29]|relationshipKey|String|false|false
17:13:29.546 (546828880)|VARIABLE_ASSIGNMENT|[29]|relationshipKey|"Risk__Scoring_Scheme (3 more) ..."
17:13:29.546 (546833668)|STATEMENT_EXECUTE|[29]
17:13:29.546 (546893957)|STATEMENT_EXECUTE|[31]
17:13:29.546 (546912750)|HEAP_ALLOCATE|[29]|Bytes:5
17:13:29.546 (546930012)|VARIABLE_ASSIGNMENT|[29]|relationshipKey|null
17:13:29.546 (546946010)|HEAP_ALLOCATE|[28]|Bytes:5
17:13:29.546 (546960940)|VARIABLE_ASSIGNMENT|[28]|key|null
17:13:29.546 (546989454)|HEAP_ALLOCATE|[37]|Bytes:4
17:13:29.547 (547015347)|STATEMENT_EXECUTE|[37]
17:13:29.547 (547028308)|METHOD_EXIT|[38]|01p58000000n6rI|SObjectUtility.insertSObjects(Map<String,SObject>)
17:13:29.547 (547037788)|METHOD_EXIT|[7]|01p58000000n6rI|SObjectUtility.insertSObjects(Map<String,SObject>)
17:13:29.547 (547042170)|STATEMENT_EXECUTE|[8]
17:13:29.547 (547051170)|METHOD_EXIT|[20]|01p58000000n6rI|SObjectUtility.createSObjects(List<SObjectData>)
17:13:29.547 (547061063)|METHOD_EXIT|[34]|01p58000000n81u|ScoringSchemeHelper.create5x5ScoringScheme()
17:13:29.547 (547068264)|SYSTEM_MODE_EXIT|false
17:13:29.551 (551939414)|CUMULATIVE_LIMIT_USAGE
17:13:29.551 (551939414)|LIMIT_USAGE_FOR_NS|(default)|
  Number of SOQL queries: 0 out of 100
  Number of query rows: 0 out of 50000
  Number of SOSL queries: 0 out of 20
  Number of DML statements: 2 out of 150
  Number of DML rows: 2 out of 10000
  Maximum CPU time: 43 out of 10000
  Maximum heap size: 0 out of 6000000
  Number of callouts: 0 out of 100
  Number of Email Invocations: 0 out of 10
  Number of future calls: 0 out of 50
  Number of queueable jobs added to the queue: 0 out of 50
  Number of Mobile Apex push calls: 0 out of 10

17:13:29.551 (551939414)|LIMIT_USAGE_FOR_NS|Risk|
  Number of SOQL queries: 2 out of 100
  Number of query rows: 2 out of 50000
  Number of SOSL queries: 0 out of 20
  Number of DML statements: 0 out of 150
  Number of DML rows: 0 out of 10000
  Maximum CPU time: 0 out of 10000
  Maximum heap size: 0 out of 6000000
  Number of callouts: 0 out of 100
  Number of Email Invocations: 0 out of 10
  Number of future calls: 0 out of 50
  Number of queueable jobs added to the queue: 0 out of 50
  Number of Mobile Apex push calls: 0 out of 10

17:13:29.551 (551939414)|CUMULATIVE_LIMIT_USAGE_END

17:13:29.552 (552008844)|CODE_UNIT_FINISHED|execute_anonymous_apex
17:13:29.553 (553095935)|EXECUTION_FINISHED
