35.0 APEX_CODE,FINEST;APEX_PROFILING,INFO;CALLOUT,INFO;DB,INFO;SYSTEM,DEBUG;VALIDATION,INFO;VISUALFORCE,INFO;WORKFLOW,INFO
11:46:59.492 (492888585)|EXECUTION_STARTED
11:46:59.492 (492967170)|CODE_UNIT_STARTED|[EXTERNAL]|01p58000000nnNO|RiskCreatorHelperTest.testCreateRisks
11:46:59.493 (493363212)|HEAP_ALLOCATE|[72]|Bytes:3
11:46:59.493 (493430325)|HEAP_ALLOCATE|[77]|Bytes:152
11:46:59.493 (493462250)|HEAP_ALLOCATE|[342]|Bytes:408
11:46:59.493 (493491742)|HEAP_ALLOCATE|[355]|Bytes:408
11:46:59.493 (493518153)|HEAP_ALLOCATE|[467]|Bytes:48
11:46:59.493 (493572730)|HEAP_ALLOCATE|[139]|Bytes:6
11:46:59.493 (493607099)|HEAP_ALLOCATE|[EXTERNAL]|Bytes:52
11:46:59.493 (493632888)|METHOD_ENTRY|[2]|01p58000000nnNO|RiskCreatorHelperTest.RiskCreatorHelperTest()
11:46:59.493 (493640962)|STATEMENT_EXECUTE|[2]
11:46:59.493 (493648627)|STATEMENT_EXECUTE|[2]
11:46:59.493 (493691897)|HEAP_ALLOCATE|[50]|Bytes:5
11:46:59.493 (493727952)|HEAP_ALLOCATE|[56]|Bytes:5
11:46:59.493 (493742325)|HEAP_ALLOCATE|[64]|Bytes:7
11:46:59.494 (494244406)|SYSTEM_MODE_ENTER|false
11:46:59.494 (494277048)|HEAP_ALLOCATE|[EXTERNAL]|Bytes:5
11:46:59.494 (494288072)|SYSTEM_MODE_EXIT|false
11:46:59.494 (494304708)|METHOD_EXIT|[2]|RiskCreatorHelperTest
11:46:59.494 (494355823)|SYSTEM_MODE_ENTER|false
11:46:59.494 (494364017)|HEAP_ALLOCATE|[5]|Bytes:5
11:46:59.494 (494370689)|STATEMENT_EXECUTE|[3]
11:46:59.494 (494374564)|STATEMENT_EXECUTE|[5]
11:46:59.494 (494461932)|HEAP_ALLOCATE|[5]|Bytes:4
11:46:59.494 (494644204)|VARIABLE_SCOPE_BEGIN|[5]|parent|grc__Business_Unit__c|true|false
11:46:59.494 (494677881)|VARIABLE_ASSIGNMENT|[5]|parent|{}|0x6518fd75
11:46:59.494 (494684247)|STATEMENT_EXECUTE|[6]
11:46:59.494 (494690040)|HEAP_ALLOCATE|[6]|Bytes:6
11:46:59.494 (494823596)|VARIABLE_ASSIGNMENT|[6]|this.Name|"parent"|0x6518fd75
11:46:59.494 (494832638)|STATEMENT_EXECUTE|[7]
11:46:59.494 (494914902)|VARIABLE_ASSIGNMENT|[7]|this.Risk__Sharing_Group_Name__c|"parent"|0x6518fd75
11:46:59.494 (494923623)|STATEMENT_EXECUTE|[9]
11:46:59.494 (494929326)|HEAP_ALLOCATE|[9]|Bytes:39
11:46:59.494 (494947432)|HEAP_ALLOCATE|[9]|Bytes:4
11:46:59.494 (494967135)|HEAP_ALLOCATE|[9]|Bytes:7
11:46:59.495 (495470651)|SOQL_EXECUTE_BEGIN|[9]|Aggregations:0|SELECT Id FROM User WHERE Id = :tmpVar1
11:46:59.497 (497767341)|SOQL_EXECUTE_END|[9]|Rows:1
11:46:59.497 (497792696)|HEAP_ALLOCATE|[9]|Bytes:8
11:46:59.497 (497810122)|HEAP_ALLOCATE|[9]|Bytes:29
11:46:59.497 (497940890)|HEAP_ALLOCATE|[9]|Bytes:8
11:46:59.497 (497953605)|HEAP_ALLOCATE|[9]|Bytes:30
11:46:59.498 (498042419)|HEAP_ALLOCATE|[9]|Bytes:8
11:46:59.498 (498054846)|VARIABLE_SCOPE_BEGIN|[9]|usr|User|true|false
11:46:59.498 (498081982)|VARIABLE_ASSIGNMENT|[9]|usr|{"s":1,"v":{"Id":"00558000000FHMRAA4"}}|0x544e3cf1
11:46:59.501 (501851216)|HEAP_ALLOCATE|[10]|Bytes:8
11:46:59.501 (501864708)|STATEMENT_EXECUTE|[10]
11:46:59.501 (501869097)|STATEMENT_EXECUTE|[12]
11:46:59.503 (503182209)|STATEMENT_EXECUTE|[13]
11:46:59.503 (503224931)|HEAP_ALLOCATE|[13]|Bytes:4
11:46:59.503 (503327698)|HEAP_ALLOCATE|[EXTERNAL]|Bytes:8
11:46:59.503 (503392597)|DML_BEGIN|[13]|Op:Insert|Type:grc__Business_Unit__c|Rows:1
11:46:59.503 (503436082)|HEAP_ALLOCATE|[EXTERNAL]|Bytes:8
11:46:59.507 (507582731)|ENTERING_MANAGED_PKG|Risk
11:46:59.509 (509400545)|SOQL_EXECUTE_BEGIN|[16]|Aggregations:0|SELECT Id, Risk__Hierarchy_Level__c FROM grc__Business_Unit__c WHERE Id = :tmpVar1
11:46:59.512 (512797874)|SOQL_EXECUTE_END|[16]|Rows:0
11:46:59.513 (513856629)|SOQL_EXECUTE_BEGIN|[11]|Aggregations:0|SELECT Id, grc__Parent_Business_Unit__c FROM grc__Business_Unit__c LIMIT 50000
11:46:59.515 (515078791)|SOQL_EXECUTE_END|[11]|Rows:0
11:46:59.520 (520887364)|CODE_UNIT_STARTED|[EXTERNAL]|Validation:Business_Unit:new
11:46:59.520 (520902260)|VALIDATION_RULE|03d580000004IqX|No_Dashes_in_Sharing_Group_Name_Allowed
11:46:59.521 (521080429)|VALIDATION_FORMULA|CONTAINS(Risk__Sharing_Group_Name__c, '-')|Risk__Sharing_Group_Name__c=parent
11:46:59.521 (521091400)|VALIDATION_PASS
11:46:59.521 (521118634)|CODE_UNIT_FINISHED|Validation:Business_Unit:new
11:46:59.586 (586676578)|ENTERING_MANAGED_PKG|Risk
11:46:59.587 (587404940)|SOQL_EXECUTE_BEGIN|[28]|Aggregations:0|SELECT COUNT() FROM AsyncApexJob WHERE (JobType = 'BatchApex' AND (Status = 'Processing' OR Status = 'Preparing' OR Status = 'Queued'))
11:46:59.588 (588527394)|SOQL_EXECUTE_END|[28]|Rows:0
11:46:59.656 (656274855)|DML_END|[13]
11:46:59.656 (656414267)|HEAP_ALLOCATE|[EXTERNAL]|Bytes:8
11:46:59.656 (656433602)|STATEMENT_EXECUTE|[14]
11:46:59.669 (669037174)|HEAP_ALLOCATE|[EXTERNAL]|Bytes:8
11:46:59.669 (669453506)|HEAP_ALLOCATE|[EXTERNAL]|Bytes:4
11:46:59.684 (684404606)|SOQL_EXECUTE_BEGIN|[109]|Aggregations:0|SELECT Id, Risk__Sharing_Group_Name__c, grc__Parent_Business_Unit__c, grc__Parent_Business_Unit__r.Risk__Sharing_Group_Name__c, grc__Parent_Business_Unit__r.Risk__Read_Write_Access_to_Child_BUs__c FROM grc__Business_Unit__c WHERE Id = :tmpVar1
11:46:59.687 (687483848)|SOQL_EXECUTE_END|[109]|Rows:1
11:46:59.688 (688761931)|DML_BEGIN|[131]|Op:Insert|Type:Group|Rows:2
11:46:59.727 (727622501)|DML_END|[131]
11:46:59.728 (728167334)|SOQL_EXECUTE_BEGIN|[133]|Aggregations:0|SELECT Id, Name FROM Group 
11:46:59.730 (730546336)|SOQL_EXECUTE_END|[133]|Rows:2
11:46:59.732 (732564990)|SOQL_EXECUTE_BEGIN|[149]|Aggregations:0|SELECT Id, OwnerId, Risk__Sharing_Group_Name__c, grc__Parent_Business_Unit__c, grc__Parent_Business_Unit__r.Risk__Sharing_Group_Name__c, grc__Parent_Business_Unit__r.Risk__Read_Write_Access_to_Child_BUs__c FROM grc__Business_Unit__c WHERE Id = :tmpVar1
11:46:59.735 (735481461)|SOQL_EXECUTE_END|[149]|Rows:1
11:46:59.736 (736568609)|DML_BEGIN|[173]|Op:Insert|Type:GroupMember|Rows:1
11:46:59.781 (781108064)|DML_END|[173]
11:46:59.842 (842557972)|HEAP_ALLOCATE|[EXTERNAL]|Bytes:8
11:46:59.842 (842873816)|HEAP_ALLOCATE|[EXTERNAL]|Bytes:4
11:46:59.842 (842985939)|HEAP_ALLOCATE|[EXTERNAL]|Bytes:4
11:46:59.842 (842994890)|HEAP_ALLOCATE|[EXTERNAL]|Bytes:18
11:46:59.843 (843032969)|HEAP_ALLOCATE|[EXTERNAL]|Bytes:4
11:46:59.855 (855576497)|SOQL_EXECUTE_BEGIN|[33]|Aggregations:0|SELECT Id, Risk__Sharing_Group_Name__c, grc__Parent_Business_Unit__c, grc__Parent_Business_Unit__r.Risk__Sharing_Group_Name__c, grc__Parent_Business_Unit__r.Risk__Read_Write_Access_to_Child_BUs__c FROM grc__Business_Unit__c WHERE Id IN :tmpVar1
11:46:59.859 (859235310)|SOQL_EXECUTE_END|[33]|Rows:1
11:46:59.860 (860453696)|SOQL_EXECUTE_BEGIN|[58]|Aggregations:0|SELECT Id, Name FROM Group 
11:46:59.862 (862544416)|SOQL_EXECUTE_END|[58]|Rows:2
11:46:59.864 (864559142)|DML_BEGIN|[74]|Op:Insert|Type:grc__Business_Unit__Share|Rows:2
11:46:59.887 (887762938)|DML_END|[74]
11:46:59.915 (915132741)|STATEMENT_EXECUTE|[18]
11:46:59.916 (916135042)|VARIABLE_SCOPE_BEGIN|[6]|RiskCreatorHelper.key|String|false|true
11:46:59.916 (916162815)|HEAP_ALLOCATE|[18]|Bytes:2
11:46:59.916 (916180649)|HEAP_ALLOCATE|[18]|Bytes:13
11:46:59.916 (916211708)|VARIABLE_ASSIGNMENT|[18]|RiskCreatorHelper.key|"relationships"
11:46:59.916 (916243949)|METHOD_ENTRY|[4]|01p58000000nnNJ|RiskCreatorHelper.RiskCreatorHelper()
11:46:59.916 (916251447)|STATEMENT_EXECUTE|[4]
11:46:59.916 (916258245)|STATEMENT_EXECUTE|[4]
11:46:59.916 (916271267)|HEAP_ALLOCATE|[18]|Bytes:5
11:46:59.916 (916287526)|METHOD_EXIT|[4]|RiskCreatorHelper
11:46:59.916 (916327773)|METHOD_ENTRY|[18]|01p58000000nnNJ|RiskCreatorHelper.createRisks(Map<String,String>)
11:46:59.916 (916380639)|VARIABLE_SCOPE_BEGIN|[13]|parameters|Map<String,String>|true|false
11:46:59.916 (916394856)|VARIABLE_ASSIGNMENT|[13]|parameters|null|
11:46:59.916 (916409611)|HEAP_ALLOCATE|[14]|Bytes:5
11:46:59.916 (916416678)|STATEMENT_EXECUTE|[13]
11:46:59.916 (916425316)|STATEMENT_EXECUTE|[14]
11:46:59.916 (916436117)|METHOD_EXIT|[18]|01p58000000nnNJ|RiskCreatorHelper.createRisks(Map<String,String>)
11:46:59.916 (916442641)|STATEMENT_EXECUTE|[20]
11:46:59.916 (916454830)|HEAP_ALLOCATE|[20]|Bytes:4
11:46:59.916 (916476639)|METHOD_ENTRY|[20]|01p58000000nnNJ|RiskCreatorHelper.createRisks(Map<String,String>)
11:46:59.916 (916503513)|VARIABLE_SCOPE_BEGIN|[13]|parameters|Map<String,String>|true|false
11:46:59.916 (916535265)|VARIABLE_ASSIGNMENT|[13]|parameters|{"s":1,"v":{}}|0x23d9f221
11:46:59.916 (916551831)|HEAP_ALLOCATE|[14]|Bytes:5
11:46:59.916 (916558383)|STATEMENT_EXECUTE|[13]
11:46:59.916 (916666947)|STATEMENT_EXECUTE|[14]
11:46:59.916 (916680245)|METHOD_EXIT|[20]|01p58000000nnNJ|RiskCreatorHelper.createRisks(Map<String,String>)
11:46:59.916 (916685985)|STATEMENT_EXECUTE|[22]
11:46:59.916 (916694504)|HEAP_ALLOCATE|[22]|Bytes:4
11:46:59.916 (916706500)|HEAP_ALLOCATE|[22]|Bytes:9
11:46:59.916 (916712696)|HEAP_ALLOCATE|[22]|Bytes:15
11:46:59.916 (916778986)|METHOD_ENTRY|[22]|01p58000000nnNJ|RiskCreatorHelper.createRisks(Map<String,String>)
11:46:59.916 (916788585)|VARIABLE_SCOPE_BEGIN|[13]|parameters|Map<String,String>|true|false
11:46:59.916 (916812258)|VARIABLE_ASSIGNMENT|[13]|parameters|{"s":1,"v":{"badString":"another bad one"}}|0x566ba059
11:46:59.916 (916824020)|HEAP_ALLOCATE|[14]|Bytes:5
11:46:59.916 (916830029)|STATEMENT_EXECUTE|[13]
11:46:59.916 (916865481)|STATEMENT_EXECUTE|[14]
11:46:59.916 (916876817)|METHOD_EXIT|[22]|01p58000000nnNJ|RiskCreatorHelper.createRisks(Map<String,String>)
11:46:59.916 (916883025)|STATEMENT_EXECUTE|[24]
11:46:59.916 (916891034)|HEAP_ALLOCATE|[24]|Bytes:4
11:46:59.916 (916901591)|HEAP_ALLOCATE|[24]|Bytes:13
11:46:59.916 (916963584)|METHOD_ENTRY|[24]|01p58000000nnNJ|RiskCreatorHelper.createRisks(Map<String,String>)
11:46:59.916 (916972966)|VARIABLE_SCOPE_BEGIN|[13]|parameters|Map<String,String>|true|false
11:46:59.916 (916995168)|VARIABLE_ASSIGNMENT|[13]|parameters|{"s":1,"v":{"relationships":"another bad one"}}|0x18020f8c
11:46:59.917 (917006559)|HEAP_ALLOCATE|[14]|Bytes:5
11:46:59.917 (917013495)|STATEMENT_EXECUTE|[13]
11:46:59.917 (917048216)|STATEMENT_EXECUTE|[14]
11:46:59.917 (917053570)|STATEMENT_EXECUTE|[16]
11:46:59.917 (917163104)|HEAP_ALLOCATE|[16]|Bytes:4
11:46:59.917 (917226250)|VARIABLE_SCOPE_BEGIN|[16]|businessUnitNamesToRisksMap|Map<String,grc__Risk__c>|true|false
11:46:59.917 (917249376)|VARIABLE_ASSIGNMENT|[16]|businessUnitNamesToRisksMap|{"s":1,"v":{}}|0x728528e5
11:46:59.917 (917317158)|HEAP_ALLOCATE|[18]|Bytes:1
11:46:59.917 (917372839)|HEAP_ALLOCATE|[18]|Bytes:15
11:46:59.917 (917380989)|HEAP_ALLOCATE|[18]|Bytes:8
11:46:59.917 (917444407)|HEAP_ALLOCATE|[18]|Bytes:5
11:46:59.917 (917468388)|VARIABLE_SCOPE_BEGIN|[18]|value|String|false|false
11:46:59.917 (917484382)|VARIABLE_ASSIGNMENT|[18]|value|"another bad one"
11:46:59.917 (917490968)|STATEMENT_EXECUTE|[18]
11:46:59.917 (917494623)|STATEMENT_EXECUTE|[19]
11:46:59.917 (917499538)|HEAP_ALLOCATE|[19]|Bytes:1
11:46:59.917 (917550765)|HEAP_ALLOCATE|[19]|Bytes:15
11:46:59.917 (917557694)|HEAP_ALLOCATE|[19]|Bytes:8
11:46:59.917 (917574568)|VARIABLE_SCOPE_BEGIN|[19]|pair|List<String>|true|false
11:46:59.917 (917598494)|HEAP_ALLOCATE|[EXTERNAL]|Bytes:8
11:46:59.917 (917619022)|VARIABLE_ASSIGNMENT|[19]|pair|{"s":1,"v":["another bad one"]}|0x79672784
11:46:59.917 (917666306)|STATEMENT_EXECUTE|[21]
11:46:59.917 (917684518)|HEAP_ALLOCATE|[18]|Bytes:5
11:46:59.917 (917702800)|VARIABLE_ASSIGNMENT|[18]|value|null
11:46:59.917 (917709063)|STATEMENT_EXECUTE|[30]
11:46:59.917 (917743193)|HEAP_ALLOCATE|[30]|Bytes:4
11:46:59.917 (917839262)|VARIABLE_SCOPE_BEGIN|[30]|risksToInsert|List<grc__Risk__c>|true|false
11:46:59.917 (917851764)|HEAP_ALLOCATE|[EXTERNAL]|Bytes:4
11:46:59.917 (917868243)|VARIABLE_ASSIGNMENT|[30]|risksToInsert|{"s":1,"v":[]}|0x3ba84597
11:46:59.917 (917876573)|HEAP_ALLOCATE|[32]|Bytes:64
11:46:59.917 (917886335)|HEAP_ALLOCATE|[32]|Bytes:4
11:46:59.917 (917961333)|HEAP_ALLOCATE|[32]|Bytes:4
11:46:59.918 (918524461)|SOQL_EXECUTE_BEGIN|[32]|Aggregations:0|SELECT Id, Name FROM grc__Business_Unit__c 
11:46:59.919 (919852604)|SOQL_EXECUTE_END|[32]|Rows:0
11:46:59.920 (920018568)|HEAP_ALLOCATE|[32]|Bytes:28
11:46:59.920 (920052759)|HEAP_ALLOCATE|[32]|Bytes:8
11:46:59.920 (920059410)|HEAP_ALLOCATE|[32]|Bytes:8
11:46:59.920 (920067169)|VARIABLE_SCOPE_BEGIN|[15]|this|Database.QueryLocatorIterator|true|false
11:46:59.920 (920104150)|VARIABLE_ASSIGNMENT|[15]|this|{}|0x798fcc58
11:46:59.920 (920117378)|VARIABLE_SCOPE_BEGIN|[15]|values|List<SObject>|true|false
11:46:59.920 (920126817)|VARIABLE_ASSIGNMENT|[15]|values|null|
11:46:59.920 (920131988)|VARIABLE_SCOPE_BEGIN|[15]|ql|Database.QueryLocator|true|false
11:46:59.920 (920153059)|VARIABLE_ASSIGNMENT|[15]|ql|{"query":"SELECT Id, Name FROM (44 more) ..."}|0x71731763
11:46:59.920 (920159538)|VARIABLE_SCOPE_BEGIN|[15]|totalNumRecords|Integer|false|false
11:46:59.920 (920167229)|VARIABLE_ASSIGNMENT|[15]|totalNumRecords|0
11:46:59.920 (920171934)|VARIABLE_SCOPE_BEGIN|[15]|queryMoreSize|Integer|false|false
11:46:59.920 (920178163)|VARIABLE_ASSIGNMENT|[15]|queryMoreSize|49999
11:46:59.920 (920190792)|VARIABLE_SCOPE_BEGIN|[2]|this|System.ApexBaseClass|true|false
11:46:59.920 (920216226)|VARIABLE_ASSIGNMENT|[2]|this|{}|0x798fcc58
11:46:59.920 (920248928)|VARIABLE_ASSIGNMENT|[16]|this.ql|{"query":"SELECT Id, Name FROM (44 more) ..."}|0x798fcc58
11:46:59.920 (920266177)|VARIABLE_ASSIGNMENT|[17]|this.totalNumRecords|0|0x798fcc58
11:46:59.920 (920274399)|HEAP_ALLOCATE|[18]|Bytes:4
11:46:59.920 (920286084)|VARIABLE_ASSIGNMENT|[18]|this.count|0|0x798fcc58
11:46:59.920 (920293013)|HEAP_ALLOCATE|[19]|Bytes:4
11:46:59.920 (920304505)|VARIABLE_ASSIGNMENT|[19]|this.index|0|0x798fcc58
11:46:59.920 (920316953)|VARIABLE_ASSIGNMENT|[20]|this.buffer|null|0x798fcc58
11:46:59.920 (920329006)|VARIABLE_ASSIGNMENT|[21]|this.buffer|null|0x798fcc58
11:46:59.920 (920341261)|VARIABLE_ASSIGNMENT|[22]|this.queryMoreSize|49999|0x798fcc58
11:46:59.920 (920354621)|HEAP_ALLOCATE|[32]|Bytes:28
11:46:59.920 (920385774)|VARIABLE_SCOPE_BEGIN|[25]|this|Database.QueryLocatorIterator|true|false
11:46:59.920 (920419815)|VARIABLE_ASSIGNMENT|[25]|this|{"count":0,"index":0,"ql":{"query":"SELECT Id, Name FROM (44 more) ..."},"queryMoreSize":49999,"totalNumRecords":0}|0x798fcc58
11:46:59.920 (920449694)|VARIABLE_ASSIGNMENT|[32]|bu|null|
11:46:59.920 (920455951)|STATEMENT_EXECUTE|[32]
11:46:59.920 (920469520)|STATEMENT_EXECUTE|[39]
11:46:59.920 (920556494)|HEAP_ALLOCATE|[EXTERNAL]|Bytes:4
11:46:59.920 (920573251)|METHOD_EXIT|[24]|01p58000000nnNJ|RiskCreatorHelper.createRisks(Map<String,String>)
11:46:59.920 (920580248)|STATEMENT_EXECUTE|[26]
11:46:59.920 (920587227)|HEAP_ALLOCATE|[26]|Bytes:27
11:46:59.920 (920597277)|HEAP_ALLOCATE|[26]|Bytes:4
11:46:59.920 (920811445)|SOQL_EXECUTE_BEGIN|[26]|Aggregations:0|SELECT Id FROM grc__Risk__c
11:46:59.921 (921651397)|SOQL_EXECUTE_END|[26]|Rows:0
11:46:59.921 (921675181)|HEAP_ALLOCATE|[26]|Bytes:4
11:46:59.921 (921689032)|HEAP_ALLOCATE|[26]|Bytes:0
11:46:59.921 (921707191)|HEAP_ALLOCATE|[26]|Bytes:4
11:46:59.921 (921773739)|STATEMENT_EXECUTE|[28]
11:46:59.921 (921785046)|HEAP_ALLOCATE|[28]|Bytes:4
11:46:59.921 (921796833)|HEAP_ALLOCATE|[28]|Bytes:11
11:46:59.921 (921867653)|METHOD_ENTRY|[28]|01p58000000nnNJ|RiskCreatorHelper.createRisks(Map<String,String>)
11:46:59.921 (921877517)|VARIABLE_SCOPE_BEGIN|[13]|parameters|Map<String,String>|true|false
11:46:59.921 (921901028)|VARIABLE_ASSIGNMENT|[13]|parameters|{"s":1,"v":{"relationships":"risk1:badBU"}}|0xb334f18
11:46:59.921 (921913435)|HEAP_ALLOCATE|[14]|Bytes:5
11:46:59.921 (921919507)|STATEMENT_EXECUTE|[13]
11:46:59.921 (921955554)|STATEMENT_EXECUTE|[14]
11:46:59.921 (921961688)|STATEMENT_EXECUTE|[16]
11:46:59.921 (921968895)|HEAP_ALLOCATE|[16]|Bytes:4
11:46:59.921 (921976608)|VARIABLE_SCOPE_BEGIN|[16]|businessUnitNamesToRisksMap|Map<String,grc__Risk__c>|true|false
11:46:59.921 (921996516)|VARIABLE_ASSIGNMENT|[16]|businessUnitNamesToRisksMap|{"s":1,"v":{}}|0x2f9adac9
11:46:59.922 (922045916)|HEAP_ALLOCATE|[18]|Bytes:11
11:46:59.922 (922053695)|HEAP_ALLOCATE|[18]|Bytes:8
11:46:59.922 (922093955)|HEAP_ALLOCATE|[18]|Bytes:5
11:46:59.922 (922111373)|VARIABLE_SCOPE_BEGIN|[18]|value|String|false|false
11:46:59.922 (922123377)|VARIABLE_ASSIGNMENT|[18]|value|"risk1:badBU"
11:46:59.922 (922128887)|STATEMENT_EXECUTE|[18]
11:46:59.922 (922132405)|STATEMENT_EXECUTE|[19]
11:46:59.922 (922157795)|HEAP_ALLOCATE|[19]|Bytes:5
11:46:59.922 (922164203)|HEAP_ALLOCATE|[19]|Bytes:5
11:46:59.922 (922168013)|HEAP_ALLOCATE|[19]|Bytes:12
11:46:59.922 (922182136)|VARIABLE_SCOPE_BEGIN|[19]|pair|List<String>|true|false
11:46:59.922 (922206782)|HEAP_ALLOCATE|[EXTERNAL]|Bytes:12
11:46:59.922 (922225448)|VARIABLE_ASSIGNMENT|[19]|pair|{"s":1,"v":["risk1","badBU"]}|0x8c65ef5
11:46:59.922 (922245717)|STATEMENT_EXECUTE|[21]
11:46:59.922 (922250598)|STATEMENT_EXECUTE|[22]
11:46:59.922 (922281406)|HEAP_ALLOCATE|[22]|Bytes:4
11:46:59.922 (922403058)|VARIABLE_SCOPE_BEGIN|[22]|risk|grc__Risk__c|true|false
11:46:59.922 (922423901)|VARIABLE_ASSIGNMENT|[22]|risk|{}|0x7ceb7702
11:46:59.922 (922429835)|STATEMENT_EXECUTE|[23]
11:46:59.922 (922477453)|HEAP_ALLOCATE|[23]|Bytes:5
11:46:59.922 (922605207)|VARIABLE_ASSIGNMENT|[23]|this.Name|"risk1"|0x7ceb7702
11:46:59.922 (922614110)|STATEMENT_EXECUTE|[24]
11:46:59.922 (922620352)|HEAP_ALLOCATE|[24]|Bytes:6
11:46:59.922 (922705423)|VARIABLE_ASSIGNMENT|[24]|this.Risk__Type__c|"Threat"|0x7ceb7702
11:46:59.922 (922713989)|STATEMENT_EXECUTE|[25]
11:46:59.922 (922719445)|HEAP_ALLOCATE|[25]|Bytes:6
11:46:59.922 (922796448)|VARIABLE_ASSIGNMENT|[25]|this.grc__Status__c|"Active"|0x7ceb7702
11:46:59.922 (922804675)|STATEMENT_EXECUTE|[26]
11:46:59.922 (922850607)|HEAP_ALLOCATE|[26]|Bytes:5
11:46:59.922 (922889160)|HEAP_ALLOCATE|[EXTERNAL]|Bytes:-4
11:46:59.922 (922919803)|HEAP_ALLOCATE|[18]|Bytes:5
11:46:59.922 (922939388)|VARIABLE_ASSIGNMENT|[18]|value|null
11:46:59.922 (922945533)|STATEMENT_EXECUTE|[30]
11:46:59.922 (922951519)|HEAP_ALLOCATE|[30]|Bytes:4
11:46:59.922 (922964921)|VARIABLE_SCOPE_BEGIN|[30]|risksToInsert|List<grc__Risk__c>|true|false
11:46:59.922 (922974345)|HEAP_ALLOCATE|[EXTERNAL]|Bytes:4
11:46:59.922 (922988778)|VARIABLE_ASSIGNMENT|[30]|risksToInsert|{"s":1,"v":[]}|0x14847ff5
11:46:59.922 (922999508)|HEAP_ALLOCATE|[32]|Bytes:4
11:46:59.923 (923031557)|HEAP_ALLOCATE|[32]|Bytes:13
11:46:59.923 (923417489)|SOQL_EXECUTE_BEGIN|[32]|Aggregations:0|SELECT Id, Name FROM grc__Business_Unit__c 
11:46:59.927 (927478219)|SOQL_EXECUTE_END|[32]|Rows:0
11:46:59.927 (927589853)|HEAP_ALLOCATE|[32]|Bytes:28
11:46:59.927 (927618322)|HEAP_ALLOCATE|[32]|Bytes:8
11:46:59.927 (927624817)|HEAP_ALLOCATE|[32]|Bytes:8
11:46:59.927 (927631442)|VARIABLE_SCOPE_BEGIN|[15]|this|Database.QueryLocatorIterator|true|false
11:46:59.927 (927657982)|VARIABLE_ASSIGNMENT|[15]|this|{}|0x31f1c64d
11:46:59.927 (927666207)|VARIABLE_SCOPE_BEGIN|[15]|values|List<SObject>|true|false
11:46:59.927 (927675060)|VARIABLE_ASSIGNMENT|[15]|values|null|
11:46:59.927 (927679668)|VARIABLE_SCOPE_BEGIN|[15]|ql|Database.QueryLocator|true|false
11:46:59.927 (927695348)|VARIABLE_ASSIGNMENT|[15]|ql|{"query":"SELECT Id, Name FROM (44 more) ..."}|0x4862db80
11:46:59.927 (927707122)|VARIABLE_SCOPE_BEGIN|[15]|totalNumRecords|Integer|false|false
11:46:59.927 (927715754)|VARIABLE_ASSIGNMENT|[15]|totalNumRecords|0
11:46:59.927 (927720392)|VARIABLE_SCOPE_BEGIN|[15]|queryMoreSize|Integer|false|false
11:46:59.927 (927726771)|VARIABLE_ASSIGNMENT|[15]|queryMoreSize|49999
11:46:59.927 (927737314)|VARIABLE_SCOPE_BEGIN|[2]|this|System.ApexBaseClass|true|false
11:46:59.927 (927757404)|VARIABLE_ASSIGNMENT|[2]|this|{}|0x31f1c64d
11:46:59.927 (927794048)|VARIABLE_ASSIGNMENT|[16]|this.ql|{"query":"SELECT Id, Name FROM (44 more) ..."}|0x31f1c64d
11:46:59.927 (927811952)|VARIABLE_ASSIGNMENT|[17]|this.totalNumRecords|0|0x31f1c64d
11:46:59.927 (927819680)|HEAP_ALLOCATE|[18]|Bytes:4
11:46:59.927 (927831464)|VARIABLE_ASSIGNMENT|[18]|this.count|0|0x31f1c64d
11:46:59.927 (927838297)|HEAP_ALLOCATE|[19]|Bytes:4
11:46:59.927 (927849308)|VARIABLE_ASSIGNMENT|[19]|this.index|0|0x31f1c64d
11:46:59.927 (927861940)|VARIABLE_ASSIGNMENT|[20]|this.buffer|null|0x31f1c64d
11:46:59.927 (927873802)|VARIABLE_ASSIGNMENT|[21]|this.buffer|null|0x31f1c64d
11:46:59.927 (927885947)|VARIABLE_ASSIGNMENT|[22]|this.queryMoreSize|49999|0x31f1c64d
11:46:59.927 (927898702)|HEAP_ALLOCATE|[32]|Bytes:28
11:46:59.927 (927923660)|VARIABLE_SCOPE_BEGIN|[25]|this|Database.QueryLocatorIterator|true|false
11:46:59.927 (927957573)|VARIABLE_ASSIGNMENT|[25]|this|{"count":0,"index":0,"ql":{"query":"SELECT Id, Name FROM (44 more) ..."},"queryMoreSize":49999,"totalNumRecords":0}|0x31f1c64d
11:46:59.927 (927984952)|VARIABLE_ASSIGNMENT|[32]|bu|null|
11:46:59.927 (927991278)|STATEMENT_EXECUTE|[32]
11:46:59.928 (928002359)|STATEMENT_EXECUTE|[39]
11:46:59.928 (928050887)|HEAP_ALLOCATE|[EXTERNAL]|Bytes:4
11:46:59.928 (928067073)|METHOD_EXIT|[28]|01p58000000nnNJ|RiskCreatorHelper.createRisks(Map<String,String>)
11:46:59.928 (928074314)|STATEMENT_EXECUTE|[29]
11:46:59.928 (928084513)|HEAP_ALLOCATE|[29]|Bytes:4
11:46:59.928 (928283237)|SOQL_EXECUTE_BEGIN|[29]|Aggregations:0|SELECT Id FROM grc__Risk__c
11:46:59.929 (929186775)|SOQL_EXECUTE_END|[29]|Rows:0
11:46:59.929 (929214607)|HEAP_ALLOCATE|[29]|Bytes:4
11:46:59.929 (929227492)|HEAP_ALLOCATE|[29]|Bytes:0
11:46:59.929 (929244815)|HEAP_ALLOCATE|[29]|Bytes:4
11:46:59.929 (929293541)|STATEMENT_EXECUTE|[31]
11:46:59.929 (929306344)|HEAP_ALLOCATE|[31]|Bytes:4
11:46:59.929 (929318178)|HEAP_ALLOCATE|[31]|Bytes:12
11:46:59.929 (929386803)|METHOD_ENTRY|[31]|01p58000000nnNJ|RiskCreatorHelper.createRisks(Map<String,String>)
11:46:59.929 (929396592)|VARIABLE_SCOPE_BEGIN|[13]|parameters|Map<String,String>|true|false
11:46:59.929 (929420421)|VARIABLE_ASSIGNMENT|[13]|parameters|{"s":1,"v":{"relationships":"risk1:parent"}}|0x50465f3a
11:46:59.929 (929436940)|HEAP_ALLOCATE|[14]|Bytes:5
11:46:59.929 (929443500)|STATEMENT_EXECUTE|[13]
11:46:59.929 (929480264)|STATEMENT_EXECUTE|[14]
11:46:59.929 (929485802)|STATEMENT_EXECUTE|[16]
11:46:59.929 (929493089)|HEAP_ALLOCATE|[16]|Bytes:4
11:46:59.929 (929500872)|VARIABLE_SCOPE_BEGIN|[16]|businessUnitNamesToRisksMap|Map<String,grc__Risk__c>|true|false
11:46:59.929 (929520821)|VARIABLE_ASSIGNMENT|[16]|businessUnitNamesToRisksMap|{"s":1,"v":{}}|0x1c66fb44
11:46:59.929 (929570883)|HEAP_ALLOCATE|[18]|Bytes:12
11:46:59.929 (929577583)|HEAP_ALLOCATE|[18]|Bytes:8
11:46:59.929 (929617790)|HEAP_ALLOCATE|[18]|Bytes:5
11:46:59.929 (929635333)|VARIABLE_SCOPE_BEGIN|[18]|value|String|false|false
11:46:59.929 (929647514)|VARIABLE_ASSIGNMENT|[18]|value|"risk1:parent"
11:46:59.929 (929653097)|STATEMENT_EXECUTE|[18]
11:46:59.929 (929656825)|STATEMENT_EXECUTE|[19]
11:46:59.929 (929680588)|HEAP_ALLOCATE|[19]|Bytes:5
11:46:59.929 (929687013)|HEAP_ALLOCATE|[19]|Bytes:6
11:46:59.929 (929691431)|HEAP_ALLOCATE|[19]|Bytes:12
11:46:59.929 (929705838)|VARIABLE_SCOPE_BEGIN|[19]|pair|List<String>|true|false
11:46:59.929 (929725593)|HEAP_ALLOCATE|[EXTERNAL]|Bytes:12
11:46:59.929 (929743407)|VARIABLE_ASSIGNMENT|[19]|pair|{"s":1,"v":["risk1","parent"]}|0x10c27006
11:46:59.929 (929763830)|STATEMENT_EXECUTE|[21]
11:46:59.929 (929768515)|STATEMENT_EXECUTE|[22]
11:46:59.929 (929787258)|HEAP_ALLOCATE|[22]|Bytes:4
11:46:59.929 (929804907)|VARIABLE_SCOPE_BEGIN|[22]|risk|grc__Risk__c|true|false
11:46:59.929 (929820415)|VARIABLE_ASSIGNMENT|[22]|risk|{}|0x2d78479f
11:46:59.929 (929826303)|STATEMENT_EXECUTE|[23]
11:46:59.929 (929845791)|HEAP_ALLOCATE|[23]|Bytes:5
11:46:59.929 (929929483)|VARIABLE_ASSIGNMENT|[23]|this.Name|"risk1"|0x2d78479f
11:46:59.929 (929938374)|STATEMENT_EXECUTE|[24]
11:46:59.930 (930010264)|VARIABLE_ASSIGNMENT|[24]|this.Risk__Type__c|"Threat"|0x2d78479f
11:46:59.930 (930019634)|STATEMENT_EXECUTE|[25]
11:46:59.930 (930087501)|VARIABLE_ASSIGNMENT|[25]|this.grc__Status__c|"Active"|0x2d78479f
11:46:59.930 (930096136)|STATEMENT_EXECUTE|[26]
11:46:59.930 (930116448)|HEAP_ALLOCATE|[26]|Bytes:6
11:46:59.930 (930148247)|HEAP_ALLOCATE|[EXTERNAL]|Bytes:-4
11:46:59.930 (930178064)|HEAP_ALLOCATE|[18]|Bytes:5
11:46:59.930 (930208439)|VARIABLE_ASSIGNMENT|[18]|value|null
11:46:59.930 (930215625)|STATEMENT_EXECUTE|[30]
11:46:59.930 (930221816)|HEAP_ALLOCATE|[30]|Bytes:4
11:46:59.930 (930236177)|VARIABLE_SCOPE_BEGIN|[30]|risksToInsert|List<grc__Risk__c>|true|false
11:46:59.930 (930245595)|HEAP_ALLOCATE|[EXTERNAL]|Bytes:4
11:46:59.930 (930260344)|VARIABLE_ASSIGNMENT|[30]|risksToInsert|{"s":1,"v":[]}|0x4f256285
11:46:59.930 (930271088)|HEAP_ALLOCATE|[32]|Bytes:4
11:46:59.930 (930303575)|HEAP_ALLOCATE|[32]|Bytes:14
11:46:59.930 (930645106)|SOQL_EXECUTE_BEGIN|[32]|Aggregations:0|SELECT Id, Name FROM grc__Business_Unit__c 
11:46:59.934 (934062560)|SOQL_EXECUTE_END|[32]|Rows:1
11:46:59.934 (934083460)|HEAP_ALLOCATE|[EXTERNAL]|Bytes:8
11:46:59.934 (934187108)|HEAP_ALLOCATE|[32]|Bytes:28
11:46:59.934 (934229761)|HEAP_ALLOCATE|[32]|Bytes:8
11:46:59.934 (934255464)|HEAP_ALLOCATE|[32]|Bytes:8
11:46:59.934 (934261560)|HEAP_ALLOCATE|[32]|Bytes:8
11:46:59.934 (934268299)|VARIABLE_SCOPE_BEGIN|[15]|this|Database.QueryLocatorIterator|true|false
11:46:59.934 (934294210)|VARIABLE_ASSIGNMENT|[15]|this|{}|0x191ac452
11:46:59.934 (934302510)|VARIABLE_SCOPE_BEGIN|[15]|values|List<SObject>|true|false
11:46:59.934 (934326952)|VARIABLE_ASSIGNMENT|[15]|values|{"s":1,"v":[{"s":2,"v":{"Id":"a0258000000wylJAAQ","Name":"parent"}}]}|0x47f4749e
11:46:59.934 (934333894)|VARIABLE_SCOPE_BEGIN|[15]|ql|Database.QueryLocator|true|false
11:46:59.934 (934348941)|VARIABLE_ASSIGNMENT|[15]|ql|{"query":"SELECT Id, Name FROM (44 more) ..."}|0x6089bcb0
11:46:59.934 (934355055)|VARIABLE_SCOPE_BEGIN|[15]|totalNumRecords|Integer|false|false
11:46:59.934 (934362691)|VARIABLE_ASSIGNMENT|[15]|totalNumRecords|1
11:46:59.934 (934367315)|VARIABLE_SCOPE_BEGIN|[15]|queryMoreSize|Integer|false|false
11:46:59.934 (934373660)|VARIABLE_ASSIGNMENT|[15]|queryMoreSize|49998
11:46:59.934 (934384874)|VARIABLE_SCOPE_BEGIN|[2]|this|System.ApexBaseClass|true|false
11:46:59.934 (934405511)|VARIABLE_ASSIGNMENT|[2]|this|{}|0x191ac452
11:46:59.934 (934436453)|VARIABLE_ASSIGNMENT|[16]|this.ql|{"query":"SELECT Id, Name FROM (44 more) ..."}|0x191ac452
11:46:59.934 (934453423)|VARIABLE_ASSIGNMENT|[17]|this.totalNumRecords|1|0x191ac452
11:46:59.934 (934460988)|HEAP_ALLOCATE|[18]|Bytes:4
11:46:59.934 (934472908)|VARIABLE_ASSIGNMENT|[18]|this.count|0|0x191ac452
11:46:59.934 (934479612)|HEAP_ALLOCATE|[19]|Bytes:4
11:46:59.934 (934490418)|VARIABLE_ASSIGNMENT|[19]|this.index|0|0x191ac452
11:46:59.934 (934502896)|VARIABLE_ASSIGNMENT|[20]|this.buffer|null|0x191ac452
11:46:59.934 (934525364)|VARIABLE_ASSIGNMENT|[21]|this.buffer|{"s":1,"v":[{"s":2,"v":{"Id":"a0258000000wylJAAQ","Name":"parent"}}]}|0x191ac452
11:46:59.934 (934541063)|VARIABLE_ASSIGNMENT|[22]|this.queryMoreSize|49998|0x191ac452
11:46:59.934 (934554452)|HEAP_ALLOCATE|[32]|Bytes:28
11:46:59.934 (934578814)|VARIABLE_SCOPE_BEGIN|[25]|this|Database.QueryLocatorIterator|true|false
11:46:59.934 (934614653)|VARIABLE_ASSIGNMENT|[25]|this|{"buffer":"0x47f4749e","count":0,"index":0,"ql":{"query":"SELECT Id, Name FROM (44 more) ..."},"queryMoreSize":49998,"totalNumRecords":1}|0x191ac452
11:46:59.934 (934665317)|VARIABLE_SCOPE_BEGIN|[49]|this|Database.QueryLocatorIterator|true|false
11:46:59.934 (934698943)|VARIABLE_ASSIGNMENT|[49]|this|{"buffer":"0x47f4749e","count":0,"index":0,"ql":{"query":"SELECT Id, Name FROM (44 more) ..."},"queryMoreSize":49998,"totalNumRecords":1}|0x191ac452
11:46:59.934 (934718075)|VARIABLE_SCOPE_BEGIN|[25]|this|Database.QueryLocatorIterator|true|false
11:46:59.934 (934746928)|VARIABLE_ASSIGNMENT|[25]|this|{"buffer":"0x47f4749e","count":0,"index":0,"ql":{"query":"SELECT Id, Name FROM (44 more) ..."},"queryMoreSize":49998,"totalNumRecords":1}|0x191ac452
11:46:59.934 (934814453)|HEAP_ALLOCATE|[55]|Bytes:12
11:46:59.934 (934826727)|VARIABLE_SCOPE_BEGIN|[55]|retval|SObject|true|false
11:46:59.934 (934846257)|VARIABLE_ASSIGNMENT|[55]|retval|{"s":1,"v":{"Id":"a0258000000wylJAAQ","Name":"parent"}}|0x7e2f68ce
11:46:59.934 (934856518)|HEAP_ALLOCATE|[56]|Bytes:4
11:46:59.934 (934871620)|VARIABLE_ASSIGNMENT|[56]|this.index|1|0x191ac452
11:46:59.934 (934879043)|HEAP_ALLOCATE|[57]|Bytes:4
11:46:59.934 (934889706)|VARIABLE_ASSIGNMENT|[57]|this.count|1|0x191ac452
11:46:59.934 (934906437)|VARIABLE_SCOPE_BEGIN|[32]|bu|grc__Business_Unit__c|true|false
11:46:59.934 (934922727)|VARIABLE_ASSIGNMENT|[32]|bu|{"s":1,"v":{"Id":"a0258000000wylJAAQ","Name":"parent"}}|0x7e2f68ce
11:46:59.934 (934929558)|STATEMENT_EXECUTE|[32]
11:46:59.935 (935026516)|STATEMENT_EXECUTE|[33]
11:46:59.935 (935034232)|STATEMENT_EXECUTE|[34]
11:46:59.935 (935200176)|VARIABLE_ASSIGNMENT|[34]|this.grc__Business_Unit__c|"a0258000000wylJAAQ"|0x2d78479f
11:46:59.935 (935209808)|STATEMENT_EXECUTE|[35]
11:46:59.935 (935297773)|HEAP_ALLOCATE|[EXTERNAL]|Bytes:4
11:46:59.935 (935324688)|VARIABLE_SCOPE_BEGIN|[25]|this|Database.QueryLocatorIterator|true|false
11:46:59.935 (935361574)|VARIABLE_ASSIGNMENT|[25]|this|{"buffer":"0x47f4749e","count":1,"index":1,"ql":{"query":"SELECT Id, Name FROM (44 more) ..."},"queryMoreSize":49998,"totalNumRecords":1}|0x191ac452
11:46:59.935 (935388657)|VARIABLE_ASSIGNMENT|[32]|bu|null|
11:46:59.935 (935401787)|STATEMENT_EXECUTE|[39]
11:46:59.935 (935445482)|DML_BEGIN|[39]|Op:Insert|Type:grc__Risk__c|Rows:1
11:46:59.935 (935464771)|HEAP_ALLOCATE|[EXTERNAL]|Bytes:8
11:47:00.019 (1019894434)|ENTERING_MANAGED_PKG|Risk
11:47:00.021 (1021647519)|SOQL_EXECUTE_BEGIN|[4]|Aggregations:0|SELECT COUNT() FROM AsyncApexJob WHERE (JobType = 'BatchApex' AND (Status = 'Processing' OR Status = 'Preparing' OR Status = 'Queued'))
11:47:00.026 (1026934581)|SOQL_EXECUTE_END|[4]|Rows:0
11:47:00.130 (1130149636)|CODE_UNIT_STARTED|[EXTERNAL]|Workflow:01I580000000sUu
11:47:00.159 (1159081315)|WF_RULE_EVAL_BEGIN|Workflow
11:47:00.159 (1159124202)|WF_CRITERIA_BEGIN|[Risk: risk1 a09580000001qpU]|Update Last Modified Residual Rating Field|01Q580000004LQi|ON_ALL_CHANGES|0
11:47:00.159 (1159935640)|WF_FORMULA|Formula:ENCODED:[treatNullAsNull]IF( {!ID:00N580000016ahQ} <> PRIORVALUE({!ID:00N580000016ahQ} ),true,false)|Values:Risk__Residual_Score__c=0
11:47:00.159 (1159950150)|WF_CRITERIA_END|false
11:47:00.159 (1159971786)|WF_SPOOL_ACTION_BEGIN|Workflow
11:47:00.159 (1159984294)|WF_ACTION| None
11:47:00.159 (1159990483)|WF_RULE_EVAL_END
11:47:00.160 (1160046850)|WF_ACTIONS_END| None
11:47:00.160 (1160059672)|CODE_UNIT_FINISHED|Workflow:01I580000000sUu
11:47:00.163 (1163110812)|DML_END|[39]
11:47:00.163 (1163183732)|HEAP_ALLOCATE|[EXTERNAL]|Bytes:8
11:47:00.163 (1163243638)|METHOD_EXIT|[31]|01p58000000nnNJ|RiskCreatorHelper.createRisks(Map<String,String>)
11:47:00.163 (1163263607)|STATEMENT_EXECUTE|[32]
11:47:00.163 (1163281412)|HEAP_ALLOCATE|[32]|Bytes:33
11:47:00.163 (1163312553)|HEAP_ALLOCATE|[32]|Bytes:4
11:47:00.163 (1163736115)|SOQL_EXECUTE_BEGIN|[32]|Aggregations:0|SELECT ID, Name FROM grc__Risk__c
11:47:00.166 (1166230868)|SOQL_EXECUTE_END|[32]|Rows:1
11:47:00.166 (1166259286)|HEAP_ALLOCATE|[32]|Bytes:8
11:47:00.166 (1166278830)|HEAP_ALLOCATE|[32]|Bytes:42
11:47:00.166 (1166307360)|HEAP_ALLOCATE|[32]|Bytes:8
11:47:00.166 (1166321689)|VARIABLE_SCOPE_BEGIN|[32]|risks|List<grc__Risk__c>|true|false
11:47:00.166 (1166376163)|VARIABLE_ASSIGNMENT|[32]|risks|{"s":1,"v":[{"s":2,"v":{"Id":"a09580000001qpUAAQ","Name":"risk1"}}]}|0x56f8b4b8
11:47:00.166 (1166384077)|STATEMENT_EXECUTE|[33]
11:47:00.166 (1166500554)|STATEMENT_EXECUTE|[34]
11:47:00.166 (1166509233)|HEAP_ALLOCATE|[34]|Bytes:5
11:47:00.166 (1166595906)|HEAP_ALLOCATE|[34]|Bytes:12
11:47:00.166 (1166680132)|SYSTEM_MODE_EXIT|false
11:47:00.166 (1166711617)|CUMULATIVE_LIMIT_USAGE
11:47:00.166 (1166711617)|LIMIT_USAGE_FOR_NS|(default)|
  Number of SOQL queries: 7 out of 100
  Number of query rows: 3 out of 50000
  Number of SOSL queries: 0 out of 20
  Number of DML statements: 3 out of 150
  Number of DML rows: 3 out of 10000
  Maximum CPU time: 9 out of 10000
  Maximum heap size: 0 out of 6000000
  Number of callouts: 0 out of 100
  Number of Email Invocations: 0 out of 10
  Number of future calls: 0 out of 50
  Number of queueable jobs added to the queue: 0 out of 50
  Number of Mobile Apex push calls: 0 out of 10

11:47:00.166 (1166711617)|LIMIT_USAGE_FOR_NS|Risk|
  Number of SOQL queries: 1 out of 100
  Number of query rows: 0 out of 50000
  Number of SOSL queries: 0 out of 20
  Number of DML statements: 0 out of 150
  Number of DML rows: 0 out of 10000
  Maximum CPU time: 0 out of 10000
  Maximum heap size: 0 out of 6000000
  Number of callouts: 0 out of 100
  Number of Email Invocations: 0 out of 10
  Number of future calls: 0 out of 50
  Number of queueable jobs added to the queue: 0 out of 50
  Number of Mobile Apex push calls: 0 out of 10

11:47:00.166 (1166711617)|TESTING_LIMITS
11:47:00.166 (1166711617)|LIMIT_USAGE_FOR_NS|(default)|
  Number of SOQL queries: 0 out of 100
  Number of query rows: 0 out of 50000
  Number of SOSL queries: 0 out of 20
  Number of DML statements: 0 out of 150
  Number of DML rows: 0 out of 10000
  Maximum CPU time: 0 out of 10000
  Maximum heap size: 0 out of 6000000
  Number of callouts: 0 out of 100
  Number of Email Invocations: 0 out of 10
  Number of future calls: 0 out of 50
  Number of queueable jobs added to the queue: 0 out of 50
  Number of Mobile Apex push calls: 0 out of 10

11:47:00.166 (1166711617)|LIMIT_USAGE_FOR_NS|Risk|
  Number of SOQL queries: 3 out of 100
  Number of query rows: 0 out of 50000
  Number of SOSL queries: 0 out of 20
  Number of DML statements: 0 out of 150
  Number of DML rows: 0 out of 10000
  Maximum CPU time: 0 out of 10000
  Maximum heap size: 0 out of 6000000
  Number of callouts: 0 out of 100
  Number of Email Invocations: 0 out of 10
  Number of future calls: 0 out of 50
  Number of queueable jobs added to the queue: 0 out of 50
  Number of Mobile Apex push calls: 0 out of 10

11:47:00.166 (1166711617)|CUMULATIVE_LIMIT_USAGE_END

11:47:00.166 (1166814827)|CODE_UNIT_FINISHED|RiskCreatorHelperTest.testCreateRisks
11:47:00.169 (1169008165)|EXECUTION_FINISHED
11:47:00.184 (1184335172)|HEAP_ALLOCATE|[EXTERNAL]|Bytes:8
11:47:00.184 (1184829679)|HEAP_ALLOCATE|[EXTERNAL]|Bytes:4
11:47:00.210 (1210375062)|SOQL_EXECUTE_BEGIN|[88]|Aggregations:0|SELECT Id, Risk__Sharing_Group_Name__c FROM grc__Business_Unit__c WHERE Id = :tmpVar1
11:47:00.215 (1215036431)|SOQL_EXECUTE_END|[88]|Rows:1
11:47:00.216 (1216265824)|SOQL_EXECUTE_BEGIN|[112]|Aggregations:0|SELECT Id, Name FROM Group 
11:47:00.218 (1218521870)|SOQL_EXECUTE_END|[112]|Rows:2
11:47:00.220 (1220544135)|DML_BEGIN|[123]|Op:Insert|Type:grc__Risk__Share|Rows:2
11:47:00.241 (1241286747)|DML_END|[123]
