35.0 APEX_CODE,FINEST;APEX_PROFILING,INFO;CALLOUT,INFO;DB,INFO;SYSTEM,DEBUG;VALIDATION,INFO;VISUALFORCE,INFO;WORKFLOW,INFO
11:45:26.063 (63789796)|EXECUTION_STARTED
11:45:26.063 (63863986)|CODE_UNIT_STARTED|[EXTERNAL]|01p58000000nnNY|ControlCreatorHelperTest.testCreateControls
11:45:26.064 (64137669)|HEAP_ALLOCATE|[72]|Bytes:3
11:45:26.064 (64202511)|HEAP_ALLOCATE|[77]|Bytes:152
11:45:26.064 (64229492)|HEAP_ALLOCATE|[342]|Bytes:408
11:45:26.064 (64258136)|HEAP_ALLOCATE|[355]|Bytes:408
11:45:26.064 (64284434)|HEAP_ALLOCATE|[467]|Bytes:48
11:45:26.064 (64327460)|HEAP_ALLOCATE|[139]|Bytes:6
11:45:26.064 (64353287)|HEAP_ALLOCATE|[EXTERNAL]|Bytes:69
11:45:26.064 (64377261)|METHOD_ENTRY|[2]|01p58000000nnNY|ControlCreatorHelperTest.ControlCreatorHelperTest()
11:45:26.064 (64383953)|STATEMENT_EXECUTE|[2]
11:45:26.064 (64389076)|STATEMENT_EXECUTE|[2]
11:45:26.064 (64428048)|HEAP_ALLOCATE|[50]|Bytes:5
11:45:26.064 (64455458)|HEAP_ALLOCATE|[56]|Bytes:5
11:45:26.064 (64467279)|HEAP_ALLOCATE|[64]|Bytes:7
11:45:26.064 (64938524)|SYSTEM_MODE_ENTER|false
11:45:26.064 (64964008)|HEAP_ALLOCATE|[EXTERNAL]|Bytes:5
11:45:26.064 (64973881)|SYSTEM_MODE_EXIT|false
11:45:26.064 (64985106)|METHOD_EXIT|[2]|ControlCreatorHelperTest
11:45:26.065 (65032386)|SYSTEM_MODE_ENTER|false
11:45:26.065 (65039723)|HEAP_ALLOCATE|[4]|Bytes:5
11:45:26.065 (65044794)|STATEMENT_EXECUTE|[3]
11:45:26.065 (65047109)|STATEMENT_EXECUTE|[4]
11:45:26.065 (65114707)|HEAP_ALLOCATE|[4]|Bytes:4
11:45:26.065 (65265388)|VARIABLE_SCOPE_BEGIN|[4]|parent|grc__Business_Unit__c|true|false
11:45:26.065 (65300619)|VARIABLE_ASSIGNMENT|[4]|parent|{}|0x36b99fec
11:45:26.065 (65305722)|STATEMENT_EXECUTE|[5]
11:45:26.065 (65310362)|HEAP_ALLOCATE|[5]|Bytes:6
11:45:26.065 (65421035)|VARIABLE_ASSIGNMENT|[5]|this.Name|"parent"|0x36b99fec
11:45:26.065 (65428763)|STATEMENT_EXECUTE|[6]
11:45:26.065 (65502529)|VARIABLE_ASSIGNMENT|[6]|this.Risk__Sharing_Group_Name__c|"parent"|0x36b99fec
11:45:26.065 (65510006)|STATEMENT_EXECUTE|[8]
11:45:26.065 (65514612)|HEAP_ALLOCATE|[8]|Bytes:39
11:45:26.065 (65529914)|HEAP_ALLOCATE|[8]|Bytes:4
11:45:26.065 (65542640)|HEAP_ALLOCATE|[8]|Bytes:7
11:45:26.065 (65919502)|SOQL_EXECUTE_BEGIN|[8]|Aggregations:0|SELECT Id FROM User WHERE Id = :tmpVar1
11:45:26.067 (67857055)|SOQL_EXECUTE_END|[8]|Rows:1
11:45:26.067 (67881816)|HEAP_ALLOCATE|[8]|Bytes:8
11:45:26.067 (67898260)|HEAP_ALLOCATE|[8]|Bytes:29
11:45:26.067 (67996674)|HEAP_ALLOCATE|[8]|Bytes:8
11:45:26.068 (68008124)|HEAP_ALLOCATE|[8]|Bytes:30
11:45:26.068 (68082822)|HEAP_ALLOCATE|[8]|Bytes:8
11:45:26.068 (68092673)|VARIABLE_SCOPE_BEGIN|[8]|usr|User|true|false
11:45:26.068 (68120806)|VARIABLE_ASSIGNMENT|[8]|usr|{"s":1,"v":{"Id":"00558000000FHMRAA4"}}|0x5780c9ea
11:45:26.071 (71847206)|HEAP_ALLOCATE|[9]|Bytes:8
11:45:26.071 (71858641)|STATEMENT_EXECUTE|[9]
11:45:26.071 (71861511)|STATEMENT_EXECUTE|[11]
11:45:26.073 (73219233)|STATEMENT_EXECUTE|[12]
11:45:26.073 (73248523)|HEAP_ALLOCATE|[12]|Bytes:4
11:45:26.073 (73341334)|HEAP_ALLOCATE|[EXTERNAL]|Bytes:8
11:45:26.073 (73398817)|DML_BEGIN|[12]|Op:Insert|Type:grc__Business_Unit__c|Rows:1
11:45:26.073 (73444995)|HEAP_ALLOCATE|[EXTERNAL]|Bytes:8
11:45:26.077 (77177932)|ENTERING_MANAGED_PKG|Risk
11:45:26.078 (78844333)|SOQL_EXECUTE_BEGIN|[16]|Aggregations:0|SELECT Id, Risk__Hierarchy_Level__c FROM grc__Business_Unit__c WHERE Id = :tmpVar1
11:45:26.080 (80318416)|SOQL_EXECUTE_END|[16]|Rows:0
11:45:26.081 (81276171)|SOQL_EXECUTE_BEGIN|[11]|Aggregations:0|SELECT Id, grc__Parent_Business_Unit__c FROM grc__Business_Unit__c LIMIT 50000
11:45:26.082 (82450840)|SOQL_EXECUTE_END|[11]|Rows:0
11:45:26.086 (86386618)|CODE_UNIT_STARTED|[EXTERNAL]|Validation:Business_Unit:new
11:45:26.086 (86400156)|VALIDATION_RULE|03d580000004IqX|No_Dashes_in_Sharing_Group_Name_Allowed
11:45:26.086 (86519763)|VALIDATION_FORMULA|CONTAINS(Risk__Sharing_Group_Name__c, '-')|Risk__Sharing_Group_Name__c=parent
11:45:26.086 (86529094)|VALIDATION_PASS
11:45:26.086 (86556145)|CODE_UNIT_FINISHED|Validation:Business_Unit:new
11:45:27.611 (1611588704)|ENTERING_MANAGED_PKG|Risk
11:45:27.612 (1612233267)|SOQL_EXECUTE_BEGIN|[28]|Aggregations:0|SELECT COUNT() FROM AsyncApexJob WHERE (JobType = 'BatchApex' AND (Status = 'Processing' OR Status = 'Preparing' OR Status = 'Queued'))
11:45:27.613 (1613489589)|SOQL_EXECUTE_END|[28]|Rows:0
11:45:27.657 (1657618561)|DML_END|[12]
11:45:27.657 (1657716520)|HEAP_ALLOCATE|[EXTERNAL]|Bytes:8
11:45:27.657 (1657733009)|STATEMENT_EXECUTE|[13]
11:45:27.670 (1670199938)|HEAP_ALLOCATE|[EXTERNAL]|Bytes:8
11:45:27.670 (1670509471)|HEAP_ALLOCATE|[EXTERNAL]|Bytes:4
11:45:27.684 (1684597247)|SOQL_EXECUTE_BEGIN|[109]|Aggregations:0|SELECT Id, Risk__Sharing_Group_Name__c, grc__Parent_Business_Unit__c, grc__Parent_Business_Unit__r.Risk__Sharing_Group_Name__c, grc__Parent_Business_Unit__r.Risk__Read_Write_Access_to_Child_BUs__c FROM grc__Business_Unit__c WHERE Id = :tmpVar1
11:45:27.687 (1687167582)|SOQL_EXECUTE_END|[109]|Rows:1
11:45:27.688 (1688228988)|DML_BEGIN|[131]|Op:Insert|Type:Group|Rows:2
11:45:27.722 (1722666723)|DML_END|[131]
11:45:27.723 (1723000439)|SOQL_EXECUTE_BEGIN|[133]|Aggregations:0|SELECT Id, Name FROM Group 
11:45:27.724 (1724952452)|SOQL_EXECUTE_END|[133]|Rows:2
11:45:27.726 (1726822503)|SOQL_EXECUTE_BEGIN|[149]|Aggregations:0|SELECT Id, OwnerId, Risk__Sharing_Group_Name__c, grc__Parent_Business_Unit__c, grc__Parent_Business_Unit__r.Risk__Sharing_Group_Name__c, grc__Parent_Business_Unit__r.Risk__Read_Write_Access_to_Child_BUs__c FROM grc__Business_Unit__c WHERE Id = :tmpVar1
11:45:27.729 (1729318401)|SOQL_EXECUTE_END|[149]|Rows:1
11:45:27.730 (1730207653)|DML_BEGIN|[173]|Op:Insert|Type:GroupMember|Rows:1
11:45:27.772 (1772902811)|DML_END|[173]
11:45:27.826 (1826872801)|HEAP_ALLOCATE|[EXTERNAL]|Bytes:8
11:45:27.827 (1827146986)|HEAP_ALLOCATE|[EXTERNAL]|Bytes:4
11:45:27.827 (1827241123)|HEAP_ALLOCATE|[EXTERNAL]|Bytes:4
11:45:27.827 (1827248134)|HEAP_ALLOCATE|[EXTERNAL]|Bytes:18
11:45:27.827 (1827276803)|HEAP_ALLOCATE|[EXTERNAL]|Bytes:4
11:45:27.838 (1838117358)|SOQL_EXECUTE_BEGIN|[33]|Aggregations:0|SELECT Id, Risk__Sharing_Group_Name__c, grc__Parent_Business_Unit__c, grc__Parent_Business_Unit__r.Risk__Sharing_Group_Name__c, grc__Parent_Business_Unit__r.Risk__Read_Write_Access_to_Child_BUs__c FROM grc__Business_Unit__c WHERE Id IN :tmpVar1
11:45:27.841 (1841200485)|SOQL_EXECUTE_END|[33]|Rows:1
11:45:27.842 (1842236400)|SOQL_EXECUTE_BEGIN|[58]|Aggregations:0|SELECT Id, Name FROM Group 
11:45:27.844 (1844141251)|SOQL_EXECUTE_END|[58]|Rows:2
11:45:27.845 (1845971353)|DML_BEGIN|[74]|Op:Insert|Type:grc__Business_Unit__Share|Rows:2
11:45:27.865 (1865845027)|DML_END|[74]
11:45:27.889 (1889555133)|STATEMENT_EXECUTE|[16]
11:45:27.889 (1889655453)|HEAP_ALLOCATE|[16]|Bytes:4
11:45:27.889 (1889739962)|VARIABLE_SCOPE_BEGIN|[16]|risk1|grc__Risk__c|true|false
11:45:27.889 (1889771419)|VARIABLE_ASSIGNMENT|[16]|risk1|{}|0x629307d8
11:45:27.889 (1889777138)|STATEMENT_EXECUTE|[17]
11:45:27.889 (1889782432)|HEAP_ALLOCATE|[17]|Bytes:5
11:45:27.889 (1889882534)|VARIABLE_ASSIGNMENT|[17]|this.Name|"risk1"|0x629307d8
11:45:27.889 (1889890285)|STATEMENT_EXECUTE|[18]
11:45:27.890 (1890005182)|VARIABLE_ASSIGNMENT|[18]|this.grc__Business_Unit__c|"a0258000000wyl4AAA"|0x629307d8
11:45:27.890 (1890014468)|STATEMENT_EXECUTE|[20]
11:45:27.890 (1890056789)|HEAP_ALLOCATE|[20]|Bytes:8
11:45:27.890 (1890068271)|DML_BEGIN|[20]|Op:Insert|Type:grc__Risk__c|Rows:1
11:45:27.890 (1890083441)|HEAP_ALLOCATE|[EXTERNAL]|Bytes:8
11:45:27.934 (1934829936)|ENTERING_MANAGED_PKG|Risk
11:45:27.935 (1935937794)|SOQL_EXECUTE_BEGIN|[4]|Aggregations:0|SELECT COUNT() FROM AsyncApexJob WHERE (JobType = 'BatchApex' AND (Status = 'Processing' OR Status = 'Preparing' OR Status = 'Queued'))
11:45:27.938 (1938942510)|SOQL_EXECUTE_END|[4]|Rows:0
11:45:27.999 (1999060918)|CODE_UNIT_STARTED|[EXTERNAL]|Workflow:01I580000000sUu
11:45:28.006 (2006027351)|WF_RULE_EVAL_BEGIN|Workflow
11:45:28.006 (2006058402)|WF_CRITERIA_BEGIN|[Risk: risk1 a09580000001qpK]|Update Last Modified Residual Rating Field|01Q580000004LQi|ON_ALL_CHANGES|0
11:45:28.006 (2006540538)|WF_FORMULA|Formula:ENCODED:[treatNullAsNull]IF( {!ID:00N580000016ahQ} <> PRIORVALUE({!ID:00N580000016ahQ} ),true,false)|Values:Risk__Residual_Score__c=0
11:45:28.006 (2006552762)|WF_CRITERIA_END|false
11:45:28.006 (2006571470)|WF_SPOOL_ACTION_BEGIN|Workflow
11:45:28.006 (2006581825)|WF_ACTION| None
11:45:28.006 (2006585746)|WF_RULE_EVAL_END
11:45:28.006 (2006633873)|WF_ACTIONS_END| None
11:45:28.006 (2006644283)|CODE_UNIT_FINISHED|Workflow:01I580000000sUu
11:45:28.007 (2007219030)|DML_END|[20]
11:45:28.007 (2007245996)|STATEMENT_EXECUTE|[22]
11:45:28.008 (2008369058)|VARIABLE_SCOPE_BEGIN|[6]|ControlCreatorHelper.key|String|false|true
11:45:28.008 (2008386552)|HEAP_ALLOCATE|[22]|Bytes:2
11:45:28.008 (2008400347)|HEAP_ALLOCATE|[22]|Bytes:13
11:45:28.008 (2008430048)|VARIABLE_ASSIGNMENT|[22]|ControlCreatorHelper.key|"relationships"
11:45:28.008 (2008460707)|METHOD_ENTRY|[4]|01p58000000nnNT|ControlCreatorHelper.ControlCreatorHelper()
11:45:28.008 (2008466635)|STATEMENT_EXECUTE|[4]
11:45:28.008 (2008471720)|STATEMENT_EXECUTE|[4]
11:45:28.008 (2008482866)|HEAP_ALLOCATE|[22]|Bytes:5
11:45:28.008 (2008495811)|METHOD_EXIT|[4]|ControlCreatorHelper
11:45:28.008 (2008542288)|METHOD_ENTRY|[22]|01p58000000nnNT|ControlCreatorHelper.createControls(Map<String,String>, Id)
11:45:28.008 (2008603766)|VARIABLE_SCOPE_BEGIN|[13]|parameters|Map<String,String>|true|false
11:45:28.008 (2008617434)|VARIABLE_ASSIGNMENT|[13]|parameters|null|
11:45:28.008 (2008622646)|VARIABLE_SCOPE_BEGIN|[13]|businessUnitId|Id|false|false
11:45:28.008 (2008628539)|VARIABLE_ASSIGNMENT|[13]|businessUnitId|null
11:45:28.008 (2008640710)|HEAP_ALLOCATE|[15]|Bytes:5
11:45:28.008 (2008646131)|STATEMENT_EXECUTE|[13]
11:45:28.008 (2008652846)|STATEMENT_EXECUTE|[15]
11:45:28.008 (2008662968)|METHOD_EXIT|[22]|01p58000000nnNT|ControlCreatorHelper.createControls(Map<String,String>, Id)
11:45:28.008 (2008668019)|STATEMENT_EXECUTE|[23]
11:45:28.008 (2008681437)|HEAP_ALLOCATE|[23]|Bytes:4
11:45:28.008 (2008702113)|METHOD_ENTRY|[23]|01p58000000nnNT|ControlCreatorHelper.createControls(Map<String,String>, Id)
11:45:28.008 (2008727429)|VARIABLE_SCOPE_BEGIN|[13]|parameters|Map<String,String>|true|false
11:45:28.008 (2008758740)|VARIABLE_ASSIGNMENT|[13]|parameters|{"s":1,"v":{}}|0x6009de99
11:45:28.008 (2008763201)|VARIABLE_SCOPE_BEGIN|[13]|businessUnitId|Id|false|false
11:45:28.008 (2008768916)|VARIABLE_ASSIGNMENT|[13]|businessUnitId|null
11:45:28.008 (2008777132)|HEAP_ALLOCATE|[15]|Bytes:5
11:45:28.008 (2008781709)|STATEMENT_EXECUTE|[13]
11:45:28.008 (2008785270)|STATEMENT_EXECUTE|[15]
11:45:28.008 (2008794211)|METHOD_EXIT|[23]|01p58000000nnNT|ControlCreatorHelper.createControls(Map<String,String>, Id)
11:45:28.008 (2008798741)|STATEMENT_EXECUTE|[24]
11:45:28.008 (2008806676)|HEAP_ALLOCATE|[24]|Bytes:4
11:45:28.008 (2008815150)|HEAP_ALLOCATE|[24]|Bytes:1
11:45:28.008 (2008900364)|METHOD_ENTRY|[24]|01p58000000nnNT|ControlCreatorHelper.createControls(Map<String,String>, Id)
11:45:28.008 (2008907439)|VARIABLE_SCOPE_BEGIN|[13]|parameters|Map<String,String>|true|false
11:45:28.008 (2008930311)|VARIABLE_ASSIGNMENT|[13]|parameters|{"s":1,"v":{"x":"x"}}|0x2ecd3737
11:45:28.008 (2008934784)|VARIABLE_SCOPE_BEGIN|[13]|businessUnitId|Id|false|false
11:45:28.008 (2008941438)|VARIABLE_ASSIGNMENT|[13]|businessUnitId|null
11:45:28.008 (2008949822)|HEAP_ALLOCATE|[15]|Bytes:5
11:45:28.008 (2008954529)|STATEMENT_EXECUTE|[13]
11:45:28.008 (2008958045)|STATEMENT_EXECUTE|[15]
11:45:28.008 (2008966618)|METHOD_EXIT|[24]|01p58000000nnNT|ControlCreatorHelper.createControls(Map<String,String>, Id)
11:45:28.008 (2008971350)|STATEMENT_EXECUTE|[25]
11:45:28.008 (2008979388)|HEAP_ALLOCATE|[25]|Bytes:4
11:45:28.008 (2008986999)|HEAP_ALLOCATE|[25]|Bytes:13
11:45:28.009 (2009062300)|METHOD_ENTRY|[25]|01p58000000nnNT|ControlCreatorHelper.createControls(Map<String,String>, Id)
11:45:28.009 (2009070489)|VARIABLE_SCOPE_BEGIN|[13]|parameters|Map<String,String>|true|false
11:45:28.009 (2009092340)|VARIABLE_ASSIGNMENT|[13]|parameters|{"s":1,"v":{"relationships":"x"}}|0x5333b60
11:45:28.009 (2009096864)|VARIABLE_SCOPE_BEGIN|[13]|businessUnitId|Id|false|false
11:45:28.009 (2009183466)|VARIABLE_ASSIGNMENT|[13]|businessUnitId|"a0258000000wyl4AAA"
11:45:28.009 (2009196501)|HEAP_ALLOCATE|[15]|Bytes:5
11:45:28.009 (2009201552)|STATEMENT_EXECUTE|[13]
11:45:28.009 (2009284479)|STATEMENT_EXECUTE|[15]
11:45:28.009 (2009288513)|STATEMENT_EXECUTE|[17]
11:45:28.009 (2009380261)|HEAP_ALLOCATE|[17]|Bytes:4
11:45:28.009 (2009431217)|VARIABLE_SCOPE_BEGIN|[17]|controlsToInsert|Map<String,grc__Control__c>|true|false
11:45:28.009 (2009454546)|VARIABLE_ASSIGNMENT|[17]|controlsToInsert|{"s":1,"v":{}}|0x2ca1ed4e
11:45:28.009 (2009460518)|STATEMENT_EXECUTE|[18]
11:45:28.009 (2009522837)|HEAP_ALLOCATE|[18]|Bytes:4
11:45:28.009 (2009618340)|VARIABLE_SCOPE_BEGIN|[18]|controlJunctions|List<Risk__Risk_Control_Lookup__c>|true|false
11:45:28.009 (2009630413)|HEAP_ALLOCATE|[EXTERNAL]|Bytes:4
11:45:28.009 (2009647902)|VARIABLE_ASSIGNMENT|[18]|controlJunctions|{"s":1,"v":[]}|0x2721355
11:45:28.009 (2009653079)|STATEMENT_EXECUTE|[19]
11:45:28.009 (2009660900)|HEAP_ALLOCATE|[19]|Bytes:4
11:45:28.009 (2009668116)|VARIABLE_SCOPE_BEGIN|[19]|controlsToRisks|Map<String,String>|true|false
11:45:28.009 (2009685518)|VARIABLE_ASSIGNMENT|[19]|controlsToRisks|{"s":1,"v":{}}|0x4541f8a3
11:45:28.009 (2009690749)|STATEMENT_EXECUTE|[20]
11:45:28.009 (2009702907)|HEAP_ALLOCATE|[20]|Bytes:4
11:45:28.009 (2009742514)|VARIABLE_SCOPE_BEGIN|[20]|riskNames|Set<String>|true|false
11:45:28.009 (2009768615)|VARIABLE_ASSIGNMENT|[20]|riskNames|{"s":1,"v":[]}|0x59b53350
11:45:28.009 (2009773996)|STATEMENT_EXECUTE|[21]
11:45:28.009 (2009805208)|HEAP_ALLOCATE|[21]|Bytes:4
11:45:28.009 (2009838142)|VARIABLE_SCOPE_BEGIN|[21]|riskMap|Map<String,grc__Risk__c>|true|false
11:45:28.009 (2009858780)|VARIABLE_ASSIGNMENT|[21]|riskMap|{"s":1,"v":{}}|0x7add7eb5
11:45:28.009 (2009864047)|STATEMENT_EXECUTE|[23]
11:45:28.009 (2009928332)|VARIABLE_SCOPE_BEGIN|[23]|values|String|false|false
11:45:28.009 (2009941238)|VARIABLE_ASSIGNMENT|[23]|values|"x"
11:45:28.009 (2009947459)|HEAP_ALLOCATE|[24]|Bytes:1
11:45:28.010 (2010018754)|HEAP_ALLOCATE|[24]|Bytes:1
11:45:28.010 (2010025855)|HEAP_ALLOCATE|[24]|Bytes:8
11:45:28.010 (2010087904)|HEAP_ALLOCATE|[24]|Bytes:5
11:45:28.010 (2010112164)|VARIABLE_SCOPE_BEGIN|[24]|pair|String|false|false
11:45:28.010 (2010124538)|VARIABLE_ASSIGNMENT|[24]|pair|"x"
11:45:28.010 (2010133789)|STATEMENT_EXECUTE|[24]
11:45:28.010 (2010136281)|STATEMENT_EXECUTE|[25]
11:45:28.010 (2010140235)|HEAP_ALLOCATE|[25]|Bytes:1
11:45:28.010 (2010190168)|HEAP_ALLOCATE|[25]|Bytes:1
11:45:28.010 (2010195985)|HEAP_ALLOCATE|[25]|Bytes:8
11:45:28.010 (2010212650)|VARIABLE_SCOPE_BEGIN|[25]|v|List<String>|true|false
11:45:28.010 (2010230634)|HEAP_ALLOCATE|[EXTERNAL]|Bytes:8
11:45:28.010 (2010247245)|VARIABLE_ASSIGNMENT|[25]|v|{"s":1,"v":["x"]}|0x68272200
11:45:28.010 (2010295885)|STATEMENT_EXECUTE|[26]
11:45:28.010 (2010312408)|HEAP_ALLOCATE|[24]|Bytes:5
11:45:28.010 (2010330225)|VARIABLE_ASSIGNMENT|[24]|pair|null
11:45:28.010 (2010335365)|STATEMENT_EXECUTE|[36]
11:45:28.010 (2010406064)|HEAP_ALLOCATE|[EXTERNAL]|Bytes:4
11:45:28.010 (2010417793)|HEAP_ALLOCATE|[36]|Bytes:4
11:45:28.010 (2010501017)|HEAP_ALLOCATE|[EXTERNAL]|Bytes:4
11:45:28.010 (2010512931)|HEAP_ALLOCATE|[39]|Bytes:55
11:45:28.010 (2010522589)|HEAP_ALLOCATE|[39]|Bytes:4
11:45:28.010 (2010895558)|SOQL_EXECUTE_BEGIN|[39]|Aggregations:0|SELECT Id, Name FROM grc__Risk__c 
11:45:28.012 (2012004697)|SOQL_EXECUTE_END|[39]|Rows:0
11:45:28.012 (2012157480)|HEAP_ALLOCATE|[39]|Bytes:28
11:45:28.012 (2012178365)|HEAP_ALLOCATE|[39]|Bytes:8
11:45:28.012 (2012182602)|HEAP_ALLOCATE|[39]|Bytes:8
11:45:28.012 (2012189914)|VARIABLE_SCOPE_BEGIN|[15]|this|Database.QueryLocatorIterator|true|false
11:45:28.012 (2012229666)|VARIABLE_ASSIGNMENT|[15]|this|{}|0x59a51c31
11:45:28.012 (2012237401)|VARIABLE_SCOPE_BEGIN|[15]|values|List<SObject>|true|false
11:45:28.012 (2012246052)|VARIABLE_ASSIGNMENT|[15]|values|null|
11:45:28.012 (2012250036)|VARIABLE_SCOPE_BEGIN|[15]|ql|Database.QueryLocator|true|false
11:45:28.012 (2012269611)|VARIABLE_ASSIGNMENT|[15]|ql|{"query":"SELECT Id, Name FROM (35 more) ..."}|0x25bd934f
11:45:28.012 (2012275049)|VARIABLE_SCOPE_BEGIN|[15]|totalNumRecords|Integer|false|false
11:45:28.012 (2012283691)|VARIABLE_ASSIGNMENT|[15]|totalNumRecords|0
11:45:28.012 (2012287547)|VARIABLE_SCOPE_BEGIN|[15]|queryMoreSize|Integer|false|false
11:45:28.012 (2012293589)|VARIABLE_ASSIGNMENT|[15]|queryMoreSize|49999
11:45:28.012 (2012306022)|VARIABLE_SCOPE_BEGIN|[2]|this|System.ApexBaseClass|true|false
11:45:28.012 (2012327355)|VARIABLE_ASSIGNMENT|[2]|this|{}|0x59a51c31
11:45:28.012 (2012358551)|VARIABLE_ASSIGNMENT|[16]|this.ql|{"query":"SELECT Id, Name FROM (35 more) ..."}|0x59a51c31
11:45:28.012 (2012373061)|VARIABLE_ASSIGNMENT|[17]|this.totalNumRecords|0|0x59a51c31
11:45:28.012 (2012380749)|HEAP_ALLOCATE|[18]|Bytes:4
11:45:28.012 (2012390002)|VARIABLE_ASSIGNMENT|[18]|this.count|0|0x59a51c31
11:45:28.012 (2012394850)|HEAP_ALLOCATE|[19]|Bytes:4
11:45:28.012 (2012403148)|VARIABLE_ASSIGNMENT|[19]|this.index|0|0x59a51c31
11:45:28.012 (2012412455)|VARIABLE_ASSIGNMENT|[20]|this.buffer|null|0x59a51c31
11:45:28.012 (2012421336)|VARIABLE_ASSIGNMENT|[21]|this.buffer|null|0x59a51c31
11:45:28.012 (2012430576)|VARIABLE_ASSIGNMENT|[22]|this.queryMoreSize|49999|0x59a51c31
11:45:28.012 (2012442935)|HEAP_ALLOCATE|[39]|Bytes:28
11:45:28.012 (2012471480)|VARIABLE_SCOPE_BEGIN|[25]|this|Database.QueryLocatorIterator|true|false
11:45:28.012 (2012505538)|VARIABLE_ASSIGNMENT|[25]|this|{"count":0,"index":0,"ql":{"query":"SELECT Id, Name FROM (35 more) ..."},"queryMoreSize":49999,"totalNumRecords":0}|0x59a51c31
11:45:28.012 (2012535318)|VARIABLE_ASSIGNMENT|[39]|risk|null|
11:45:28.012 (2012540042)|STATEMENT_EXECUTE|[39]
11:45:28.012 (2012595001)|HEAP_ALLOCATE|[EXTERNAL]|Bytes:4
11:45:28.012 (2012603836)|HEAP_ALLOCATE|[43]|Bytes:4
11:45:28.012 (2012852776)|HEAP_ALLOCATE|[43]|Bytes:5
11:45:28.012 (2012878465)|VARIABLE_ASSIGNMENT|[43]|control|null|
11:45:28.012 (2012883705)|STATEMENT_EXECUTE|[43]
11:45:28.012 (2012886375)|STATEMENT_EXECUTE|[54]
11:45:28.012 (2012957443)|HEAP_ALLOCATE|[EXTERNAL]|Bytes:4
11:45:28.012 (2012974114)|METHOD_EXIT|[25]|01p58000000nnNT|ControlCreatorHelper.createControls(Map<String,String>, Id)
11:45:28.012 (2012980854)|STATEMENT_EXECUTE|[26]
11:45:28.012 (2012989813)|HEAP_ALLOCATE|[26]|Bytes:4
11:45:28.012 (2012999257)|HEAP_ALLOCATE|[26]|Bytes:14
11:45:28.013 (2013070887)|METHOD_ENTRY|[26]|01p58000000nnNT|ControlCreatorHelper.createControls(Map<String,String>, Id)
11:45:28.013 (2013079153)|VARIABLE_SCOPE_BEGIN|[13]|parameters|Map<String,String>|true|false
11:45:28.013 (2013102558)|VARIABLE_ASSIGNMENT|[13]|parameters|{"s":1,"v":{"relationships":"control1:risk1"}}|0xf7e319
11:45:28.013 (2013107174)|VARIABLE_SCOPE_BEGIN|[13]|businessUnitId|Id|false|false
11:45:28.013 (2013143442)|VARIABLE_ASSIGNMENT|[13]|businessUnitId|"a0258000000wyl4AAA"
11:45:28.013 (2013155743)|HEAP_ALLOCATE|[15]|Bytes:5
11:45:28.013 (2013160912)|STATEMENT_EXECUTE|[13]
11:45:28.013 (2013191172)|STATEMENT_EXECUTE|[15]
11:45:28.013 (2013194371)|STATEMENT_EXECUTE|[17]
11:45:28.013 (2013201655)|HEAP_ALLOCATE|[17]|Bytes:4
11:45:28.013 (2013208732)|VARIABLE_SCOPE_BEGIN|[17]|controlsToInsert|Map<String,grc__Control__c>|true|false
11:45:28.013 (2013228302)|VARIABLE_ASSIGNMENT|[17]|controlsToInsert|{"s":1,"v":{}}|0x61f7b627
11:45:28.013 (2013234031)|STATEMENT_EXECUTE|[18]
11:45:28.013 (2013238619)|HEAP_ALLOCATE|[18]|Bytes:4
11:45:28.013 (2013250489)|VARIABLE_SCOPE_BEGIN|[18]|controlJunctions|List<Risk__Risk_Control_Lookup__c>|true|false
11:45:28.013 (2013258707)|HEAP_ALLOCATE|[EXTERNAL]|Bytes:4
11:45:28.013 (2013271234)|VARIABLE_ASSIGNMENT|[18]|controlJunctions|{"s":1,"v":[]}|0x3e8d8e26
11:45:28.013 (2013275954)|STATEMENT_EXECUTE|[19]
11:45:28.013 (2013281897)|HEAP_ALLOCATE|[19]|Bytes:4
11:45:28.013 (2013288243)|VARIABLE_SCOPE_BEGIN|[19]|controlsToRisks|Map<String,String>|true|false
11:45:28.013 (2013303255)|VARIABLE_ASSIGNMENT|[19]|controlsToRisks|{"s":1,"v":{}}|0x3ea0622f
11:45:28.013 (2013308113)|STATEMENT_EXECUTE|[20]
11:45:28.013 (2013314638)|HEAP_ALLOCATE|[20]|Bytes:4
11:45:28.013 (2013327211)|VARIABLE_SCOPE_BEGIN|[20]|riskNames|Set<String>|true|false
11:45:28.013 (2013345236)|VARIABLE_ASSIGNMENT|[20]|riskNames|{"s":1,"v":[]}|0x1f0a1c9
11:45:28.013 (2013350896)|STATEMENT_EXECUTE|[21]
11:45:28.013 (2013356944)|HEAP_ALLOCATE|[21]|Bytes:4
11:45:28.013 (2013363175)|VARIABLE_SCOPE_BEGIN|[21]|riskMap|Map<String,grc__Risk__c>|true|false
11:45:28.013 (2013378327)|VARIABLE_ASSIGNMENT|[21]|riskMap|{"s":1,"v":{}}|0x5dea795e
11:45:28.013 (2013382934)|STATEMENT_EXECUTE|[23]
11:45:28.013 (2013412036)|VARIABLE_SCOPE_BEGIN|[23]|values|String|false|false
11:45:28.013 (2013423485)|VARIABLE_ASSIGNMENT|[23]|values|"control1:risk1"
11:45:28.013 (2013452508)|HEAP_ALLOCATE|[24]|Bytes:14
11:45:28.013 (2013457844)|HEAP_ALLOCATE|[24]|Bytes:8
11:45:28.013 (2013491804)|HEAP_ALLOCATE|[24]|Bytes:5
11:45:28.013 (2013506604)|VARIABLE_SCOPE_BEGIN|[24]|pair|String|false|false
11:45:28.013 (2013518264)|VARIABLE_ASSIGNMENT|[24]|pair|"control1:risk1"
11:45:28.013 (2013522603)|STATEMENT_EXECUTE|[24]
11:45:28.013 (2013524908)|STATEMENT_EXECUTE|[25]
11:45:28.013 (2013554225)|HEAP_ALLOCATE|[25]|Bytes:8
11:45:28.013 (2013558946)|HEAP_ALLOCATE|[25]|Bytes:5
11:45:28.013 (2013561998)|HEAP_ALLOCATE|[25]|Bytes:12
11:45:28.013 (2013577208)|VARIABLE_SCOPE_BEGIN|[25]|v|List<String>|true|false
11:45:28.013 (2013592870)|HEAP_ALLOCATE|[EXTERNAL]|Bytes:12
11:45:28.013 (2013608344)|VARIABLE_ASSIGNMENT|[25]|v|{"s":1,"v":["control1","risk1"]}|0xfc4207b
11:45:28.013 (2013628536)|STATEMENT_EXECUTE|[26]
11:45:28.013 (2013631455)|STATEMENT_EXECUTE|[27]
11:45:28.013 (2013653475)|HEAP_ALLOCATE|[27]|Bytes:4
11:45:28.013 (2013767297)|VARIABLE_SCOPE_BEGIN|[27]|control|grc__Control__c|true|false
11:45:28.013 (2013787911)|VARIABLE_ASSIGNMENT|[27]|control|{}|0x32488ab6
11:45:28.013 (2013792773)|STATEMENT_EXECUTE|[28]
11:45:28.013 (2013842393)|HEAP_ALLOCATE|[28]|Bytes:8
11:45:28.013 (2013964375)|VARIABLE_ASSIGNMENT|[28]|this.Name|"control1"|0x32488ab6
11:45:28.013 (2013971997)|STATEMENT_EXECUTE|[29]
11:45:28.014 (2014072577)|VARIABLE_ASSIGNMENT|[29]|this.grc__Business_Unit__c|"a0258000000wyl4AAA"|0x32488ab6
11:45:28.014 (2014080877)|STATEMENT_EXECUTE|[30]
11:45:28.014 (2014168513)|HEAP_ALLOCATE|[EXTERNAL]|Bytes:-4
11:45:28.014 (2014188603)|STATEMENT_EXECUTE|[31]
11:45:28.014 (2014233606)|HEAP_ALLOCATE|[31]|Bytes:5
11:45:28.014 (2014264892)|HEAP_ALLOCATE|[EXTERNAL]|Bytes:-4
11:45:28.014 (2014279607)|STATEMENT_EXECUTE|[32]
11:45:28.014 (2014316747)|HEAP_ALLOCATE|[32]|Bytes:5
11:45:28.014 (2014351179)|HEAP_ALLOCATE|[EXTERNAL]|Bytes:4
11:45:28.014 (2014377282)|HEAP_ALLOCATE|[24]|Bytes:5
11:45:28.014 (2014396594)|VARIABLE_ASSIGNMENT|[24]|pair|null
11:45:28.014 (2014401350)|STATEMENT_EXECUTE|[36]
11:45:28.014 (2014420382)|HEAP_ALLOCATE|[EXTERNAL]|Bytes:8
11:45:28.014 (2014434515)|HEAP_ALLOCATE|[36]|Bytes:71
11:45:28.014 (2014480131)|DML_BEGIN|[36]|Op:Insert|Type:grc__Control__c|Rows:1
11:45:28.014 (2014500104)|HEAP_ALLOCATE|[EXTERNAL]|Bytes:8
11:45:28.084 (2084037859)|ENTERING_MANAGED_PKG|Risk
11:45:28.084 (2084618375)|SOQL_EXECUTE_BEGIN|[8]|Aggregations:0|SELECT COUNT() FROM AsyncApexJob WHERE (JobType = 'BatchApex' AND (Status = 'Processing' OR Status = 'Preparing' OR Status = 'Queued'))
11:45:28.088 (2088361960)|SOQL_EXECUTE_END|[8]|Rows:1
11:45:28.134 (2134417158)|DML_END|[36]
11:45:28.134 (2134460224)|HEAP_ALLOCATE|[EXTERNAL]|Bytes:8
11:45:28.134 (2134487975)|HEAP_ALLOCATE|[39]|Bytes:4
11:45:28.134 (2134837326)|SOQL_EXECUTE_BEGIN|[39]|Aggregations:0|SELECT Id, Name FROM grc__Risk__c 
11:45:28.138 (2138304949)|SOQL_EXECUTE_END|[39]|Rows:1
11:45:28.138 (2138332568)|HEAP_ALLOCATE|[EXTERNAL]|Bytes:8
11:45:28.138 (2138528996)|HEAP_ALLOCATE|[39]|Bytes:28
11:45:28.138 (2138560911)|HEAP_ALLOCATE|[39]|Bytes:8
11:45:28.138 (2138578509)|HEAP_ALLOCATE|[39]|Bytes:8
11:45:28.138 (2138582712)|HEAP_ALLOCATE|[39]|Bytes:8
11:45:28.138 (2138593895)|VARIABLE_SCOPE_BEGIN|[15]|this|Database.QueryLocatorIterator|true|false
11:45:28.138 (2138658682)|VARIABLE_ASSIGNMENT|[15]|this|{}|0x4281d276
11:45:28.138 (2138667795)|VARIABLE_SCOPE_BEGIN|[15]|values|List<SObject>|true|false
11:45:28.138 (2138703846)|VARIABLE_ASSIGNMENT|[15]|values|{"s":1,"v":[{"s":2,"v":{"Id":"a09580000001qpKAAQ","Name":"risk1"}}]}|0x13a2a02a
11:45:28.138 (2138711466)|VARIABLE_SCOPE_BEGIN|[15]|ql|Database.QueryLocator|true|false
11:45:28.138 (2138733680)|VARIABLE_ASSIGNMENT|[15]|ql|{"query":"SELECT Id, Name FROM (35 more) ..."}|0x2b84fcea
11:45:28.138 (2138739124)|VARIABLE_SCOPE_BEGIN|[15]|totalNumRecords|Integer|false|false
11:45:28.138 (2138746867)|VARIABLE_ASSIGNMENT|[15]|totalNumRecords|1
11:45:28.138 (2138750650)|VARIABLE_SCOPE_BEGIN|[15]|queryMoreSize|Integer|false|false
11:45:28.138 (2138756729)|VARIABLE_ASSIGNMENT|[15]|queryMoreSize|49998
11:45:28.138 (2138773652)|VARIABLE_SCOPE_BEGIN|[2]|this|System.ApexBaseClass|true|false
11:45:28.138 (2138796504)|VARIABLE_ASSIGNMENT|[2]|this|{}|0x4281d276
11:45:28.138 (2138831020)|VARIABLE_ASSIGNMENT|[16]|this.ql|{"query":"SELECT Id, Name FROM (35 more) ..."}|0x4281d276
11:45:28.138 (2138845146)|VARIABLE_ASSIGNMENT|[17]|this.totalNumRecords|1|0x4281d276
11:45:28.138 (2138853040)|HEAP_ALLOCATE|[18]|Bytes:4
11:45:28.138 (2138862541)|VARIABLE_ASSIGNMENT|[18]|this.count|0|0x4281d276
11:45:28.138 (2138867900)|HEAP_ALLOCATE|[19]|Bytes:4
11:45:28.138 (2138886908)|VARIABLE_ASSIGNMENT|[19]|this.index|0|0x4281d276
11:45:28.138 (2138898259)|VARIABLE_ASSIGNMENT|[20]|this.buffer|null|0x4281d276
11:45:28.138 (2138917189)|VARIABLE_ASSIGNMENT|[21]|this.buffer|{"s":1,"v":[{"s":2,"v":{"Id":"a09580000001qpKAAQ","Name":"risk1"}}]}|0x4281d276
11:45:28.138 (2138930193)|VARIABLE_ASSIGNMENT|[22]|this.queryMoreSize|49998|0x4281d276
11:45:28.138 (2138944187)|HEAP_ALLOCATE|[39]|Bytes:28
11:45:28.138 (2138974490)|VARIABLE_SCOPE_BEGIN|[25]|this|Database.QueryLocatorIterator|true|false
11:45:28.139 (2139011046)|VARIABLE_ASSIGNMENT|[25]|this|{"buffer":"0x13a2a02a","count":0,"index":0,"ql":{"query":"SELECT Id, Name FROM (35 more) ..."},"queryMoreSize":49998,"totalNumRecords":1}|0x4281d276
11:45:28.139 (2139160427)|VARIABLE_SCOPE_BEGIN|[49]|this|Database.QueryLocatorIterator|true|false
11:45:28.139 (2139198712)|VARIABLE_ASSIGNMENT|[49]|this|{"buffer":"0x13a2a02a","count":0,"index":0,"ql":{"query":"SELECT Id, Name FROM (35 more) ..."},"queryMoreSize":49998,"totalNumRecords":1}|0x4281d276
11:45:28.139 (2139220236)|VARIABLE_SCOPE_BEGIN|[25]|this|Database.QueryLocatorIterator|true|false
11:45:28.139 (2139252046)|VARIABLE_ASSIGNMENT|[25]|this|{"buffer":"0x13a2a02a","count":0,"index":0,"ql":{"query":"SELECT Id, Name FROM (35 more) ..."},"queryMoreSize":49998,"totalNumRecords":1}|0x4281d276
11:45:28.139 (2139317950)|HEAP_ALLOCATE|[55]|Bytes:12
11:45:28.139 (2139330422)|VARIABLE_SCOPE_BEGIN|[55]|retval|SObject|true|false
11:45:28.139 (2139349271)|VARIABLE_ASSIGNMENT|[55]|retval|{"s":1,"v":{"Id":"a09580000001qpKAAQ","Name":"risk1"}}|0x68201e58
11:45:28.139 (2139357899)|HEAP_ALLOCATE|[56]|Bytes:4
11:45:28.139 (2139369329)|VARIABLE_ASSIGNMENT|[56]|this.index|1|0x4281d276
11:45:28.139 (2139374788)|HEAP_ALLOCATE|[57]|Bytes:4
11:45:28.139 (2139383008)|VARIABLE_ASSIGNMENT|[57]|this.count|1|0x4281d276
11:45:28.139 (2139401533)|VARIABLE_SCOPE_BEGIN|[39]|risk|grc__Risk__c|true|false
11:45:28.139 (2139416261)|VARIABLE_ASSIGNMENT|[39]|risk|{"s":1,"v":{"Id":"a09580000001qpKAAQ","Name":"risk1"}}|0x68201e58
11:45:28.139 (2139425161)|STATEMENT_EXECUTE|[39]
11:45:28.139 (2139428138)|STATEMENT_EXECUTE|[40]
11:45:28.139 (2139560930)|HEAP_ALLOCATE|[EXTERNAL]|Bytes:-4
11:45:28.139 (2139590846)|VARIABLE_SCOPE_BEGIN|[25]|this|Database.QueryLocatorIterator|true|false
11:45:28.139 (2139631261)|VARIABLE_ASSIGNMENT|[25]|this|{"buffer":"0x13a2a02a","count":1,"index":1,"ql":{"query":"SELECT Id, Name FROM (35 more) ..."},"queryMoreSize":49998,"totalNumRecords":1}|0x4281d276
11:45:28.139 (2139658332)|VARIABLE_ASSIGNMENT|[39]|risk|null|
11:45:28.139 (2139700127)|HEAP_ALLOCATE|[EXTERNAL]|Bytes:8
11:45:28.139 (2139720723)|HEAP_ALLOCATE|[43]|Bytes:95
11:45:28.139 (2139760023)|HEAP_ALLOCATE|[43]|Bytes:5
11:45:28.139 (2139784674)|HEAP_ALLOCATE|[43]|Bytes:16
11:45:28.139 (2139794793)|VARIABLE_SCOPE_BEGIN|[43]|control|grc__Control__c|true|false
11:45:28.139 (2139816966)|VARIABLE_ASSIGNMENT|[43]|control|{"Name":"control1","grc__Business_Unit__ (1 more) ...":"a0258000000wyl4AAA","Id":"a0358000000mBySAAU"}|0x32488ab6
11:45:28.139 (2139823643)|STATEMENT_EXECUTE|[43]
11:45:28.139 (2139827061)|STATEMENT_EXECUTE|[44]
11:45:28.139 (2139857297)|HEAP_ALLOCATE|[44]|Bytes:4
11:45:28.139 (2139982300)|VARIABLE_SCOPE_BEGIN|[44]|lookup|Risk__Risk_Control_Lookup__c|true|false
11:45:28.140 (2140000288)|VARIABLE_ASSIGNMENT|[44]|lookup|{}|0x945c606
11:45:28.140 (2140115520)|STATEMENT_EXECUTE|[45]
11:45:28.140 (2140119803)|STATEMENT_EXECUTE|[46]
11:45:28.140 (2140368744)|VARIABLE_ASSIGNMENT|[46]|this.Risk__Risk__c|"a09580000001qpKAAQ"|0x945c606
11:45:28.140 (2140377345)|STATEMENT_EXECUTE|[47]
11:45:28.140 (2140489009)|VARIABLE_ASSIGNMENT|[47]|this.Risk__Control__c|"a0358000000mBySAAU"|0x945c606
11:45:28.140 (2140496809)|STATEMENT_EXECUTE|[49]
11:45:28.140 (2140555875)|HEAP_ALLOCATE|[EXTERNAL]|Bytes:4
11:45:28.140 (2140585023)|HEAP_ALLOCATE|[43]|Bytes:5
11:45:28.140 (2140605419)|VARIABLE_ASSIGNMENT|[43]|control|null|
11:45:28.140 (2140610884)|STATEMENT_EXECUTE|[54]
11:45:28.140 (2140659903)|DML_BEGIN|[54]|Op:Insert|Type:Risk__Risk_Control_Lookup__c|Rows:1
11:45:28.140 (2140680938)|HEAP_ALLOCATE|[EXTERNAL]|Bytes:8
11:45:28.150 (2150338822)|ENTERING_MANAGED_PKG|Risk
11:45:28.184 (2184843355)|ENTERING_MANAGED_PKG|Risk
11:45:28.188 (2188350265)|SOQL_EXECUTE_BEGIN|[33]|Aggregations:1|SELECT Name, Risk__Risk_Mitigation__c, (SELECT Risk__Control__c, IsDeleted FROM Risk_Control_Lookup__r WHERE IsDeleted = FALSE ORDER BY LastModifiedDate DESC NULLS FIRST) FROM grc__Risk__c WHERE Id = :tmpVar1
11:45:28.196 (2196390783)|SOQL_EXECUTE_END|[33]|Rows:1
11:45:28.197 (2197899351)|SOQL_EXECUTE_BEGIN|[49]|Aggregations:0|SELECT Id, Name, grc__Description__c FROM grc__Control__c WHERE Id = :tmpVar1
11:45:28.200 (2200571286)|SOQL_EXECUTE_END|[49]|Rows:1
11:45:28.202 (2202419585)|DML_BEGIN|[65]|Op:Update|Type:grc__Risk__c|Rows:1
11:45:28.211 (2211346685)|ENTERING_MANAGED_PKG|Risk
11:45:28.212 (2212217489)|SOQL_EXECUTE_BEGIN|[4]|Aggregations:0|SELECT COUNT() FROM AsyncApexJob WHERE (JobType = 'BatchApex' AND (Status = 'Processing' OR Status = 'Preparing' OR Status = 'Queued'))
11:45:28.214 (2214922492)|SOQL_EXECUTE_END|[4]|Rows:1
11:45:28.267 (2267043013)|ENTERING_MANAGED_PKG|Risk
11:45:28.279 (2279770118)|SOQL_EXECUTE_BEGIN|[21]|Aggregations:1|SELECT Id, Risk__Average_Risk_Score__c, Risk__Previous_Average_Risk_Score__c, Risk__Previous_Risk_Score__c, Risk__Risk_Score__c, (SELECT Id, Risk__Average_KRI_Score__c, Risk__Type__c, Risk__Previous_Average_KRI_Score__c, Risk__KRI_Score__c, Risk__Previous_KRI_Score__c, Risk__Cost_Best_Case__c, Risk__Cost_Most_Likely_Case__c, Risk__Cost_Worst_Case__c, Risk__Time_Best_Case__c, Risk__Time_Most_Likely_Case__c, Risk__Time_Worst_Case__c FROM grc__Risks__r) FROM grc__Business_Unit__c WHERE Id = :tmpVar1
11:45:28.287 (2287418440)|SOQL_EXECUTE_END|[21]|Rows:1
11:45:28.294 (2294365371)|HEAP_ALLOCATE|[74]|Bytes:4
11:45:28.294 (2294814329)|DML_BEGIN|[31]|Op:Update|Type:grc__Business_Unit__c|Rows:1
11:45:28.300 (2300814081)|ENTERING_MANAGED_PKG|Risk
11:45:28.301 (2301294282)|SOQL_EXECUTE_BEGIN|[11]|Aggregations:0|SELECT Id, grc__Parent_Business_Unit__c FROM grc__Business_Unit__c LIMIT 50000
11:45:28.303 (2303179456)|SOQL_EXECUTE_END|[11]|Rows:1
11:45:28.319 (2319704482)|ENTERING_MANAGED_PKG|Risk
11:45:28.320 (2320550886)|DML_END|[31]
11:45:28.326 (2326794824)|DML_END|[65]
11:45:28.339 (2339755160)|ENTERING_MANAGED_PKG|Risk
11:45:28.340 (2340531958)|SOQL_EXECUTE_BEGIN|[4]|Aggregations:0|SELECT COUNT() FROM AsyncApexJob WHERE (JobType = 'BatchApex' AND (Status = 'Processing' OR Status = 'Preparing' OR Status = 'Queued'))
11:45:28.343 (2343209526)|SOQL_EXECUTE_END|[4]|Rows:1
11:45:28.395 (2395458369)|ENTERING_MANAGED_PKG|Risk
11:45:28.397 (2397269289)|SOQL_EXECUTE_BEGIN|[21]|Aggregations:1|SELECT Id, Risk__Average_Risk_Score__c, Risk__Previous_Average_Risk_Score__c, Risk__Previous_Risk_Score__c, Risk__Risk_Score__c, (SELECT Id, Risk__Average_KRI_Score__c, Risk__Type__c, Risk__Previous_Average_KRI_Score__c, Risk__KRI_Score__c, Risk__Previous_KRI_Score__c, Risk__Cost_Best_Case__c, Risk__Cost_Most_Likely_Case__c, Risk__Cost_Worst_Case__c, Risk__Time_Best_Case__c, Risk__Time_Most_Likely_Case__c, Risk__Time_Worst_Case__c FROM grc__Risks__r) FROM grc__Business_Unit__c WHERE Id = :tmpVar1
11:45:28.403 (2403787232)|SOQL_EXECUTE_END|[21]|Rows:1
11:45:28.405 (2405940912)|DML_BEGIN|[31]|Op:Update|Type:grc__Business_Unit__c|Rows:1
11:45:28.411 (2411642898)|ENTERING_MANAGED_PKG|Risk
11:45:28.412 (2412101096)|SOQL_EXECUTE_BEGIN|[11]|Aggregations:0|SELECT Id, grc__Parent_Business_Unit__c FROM grc__Business_Unit__c LIMIT 50000
11:45:28.413 (2413935667)|SOQL_EXECUTE_END|[11]|Rows:1
11:45:28.424 (2424525712)|ENTERING_MANAGED_PKG|Risk
11:45:28.425 (2425166853)|DML_END|[31]
11:45:28.427 (2427137570)|CODE_UNIT_STARTED|[EXTERNAL]|Workflow:01I580000000sUu
11:45:28.430 (2430753808)|WF_RULE_EVAL_BEGIN|Workflow
11:45:28.430 (2430784980)|WF_CRITERIA_BEGIN|[Risk: risk1 a09580000001qpK]|Update Last Modified Residual Rating Field|01Q580000004LQi|ON_ALL_CHANGES|0
11:45:28.431 (2431065207)|WF_FORMULA|Formula:ENCODED:[treatNullAsNull]IF( {!ID:00N580000016ahQ} <> PRIORVALUE({!ID:00N580000016ahQ} ),true,false)|Values:Risk__Residual_Score__c=0
11:45:28.431 (2431077657)|WF_CRITERIA_END|false
11:45:28.431 (2431096057)|WF_SPOOL_ACTION_BEGIN|Workflow
11:45:28.431 (2431109610)|WF_ACTION| None
11:45:28.431 (2431114688)|WF_RULE_EVAL_END
11:45:28.431 (2431167959)|WF_ACTIONS_END| None
11:45:28.431 (2431176657)|CODE_UNIT_FINISHED|Workflow:01I580000000sUu
11:45:28.432 (2432326349)|DML_END|[54]
11:45:28.432 (2432356136)|HEAP_ALLOCATE|[EXTERNAL]|Bytes:8
11:45:28.432 (2432379285)|METHOD_EXIT|[26]|01p58000000nnNT|ControlCreatorHelper.createControls(Map<String,String>, Id)
11:45:28.432 (2432387648)|STATEMENT_EXECUTE|[28]
11:45:28.432 (2432394000)|HEAP_ALLOCATE|[28]|Bytes:59
11:45:28.432 (2432407236)|HEAP_ALLOCATE|[28]|Bytes:4
11:45:28.432 (2432651658)|SOQL_EXECUTE_BEGIN|[28]|Aggregations:0|SELECT Id, Name, grc__Business_Unit__c FROM grc__Control__c
11:45:28.434 (2434293593)|SOQL_EXECUTE_END|[28]|Rows:1
11:45:28.434 (2434314915)|HEAP_ALLOCATE|[28]|Bytes:8
11:45:28.434 (2434330229)|HEAP_ALLOCATE|[28]|Bytes:88
11:45:28.434 (2434347452)|HEAP_ALLOCATE|[28]|Bytes:8
11:45:28.434 (2434358098)|VARIABLE_SCOPE_BEGIN|[28]|controls|List<grc__Control__c>|true|false
11:45:28.434 (2434409366)|VARIABLE_ASSIGNMENT|[28]|controls|{"s":1,"v":[{"s":2,"v":{"Id":"a0358000000mBySAAU","Name":"control1","grc__Business_Unit__ (1 more) ...":"a0258000000wyl4AAA"}}]}|0x2b997bf2
11:45:28.434 (2434417243)|STATEMENT_EXECUTE|[29]
11:45:28.434 (2434512147)|STATEMENT_EXECUTE|[30]
11:45:28.434 (2434519229)|HEAP_ALLOCATE|[30]|Bytes:8
11:45:28.434 (2434589408)|HEAP_ALLOCATE|[30]|Bytes:16
11:45:28.434 (2434640249)|STATEMENT_EXECUTE|[32]
11:45:28.434 (2434646700)|HEAP_ALLOCATE|[32]|Bytes:76
11:45:28.434 (2434655942)|HEAP_ALLOCATE|[32]|Bytes:4
11:45:28.435 (2435017289)|SOQL_EXECUTE_BEGIN|[32]|Aggregations:0|SELECT Id, Risk__Risk__c, Risk__Control__c FROM Risk__Risk_Control_Lookup__c
11:45:28.436 (2436710469)|SOQL_EXECUTE_END|[32]|Rows:1
11:45:28.436 (2436732305)|HEAP_ALLOCATE|[32]|Bytes:8
11:45:28.436 (2436747289)|HEAP_ALLOCATE|[32]|Bytes:102
11:45:28.436 (2436764582)|HEAP_ALLOCATE|[32]|Bytes:8
11:45:28.436 (2436774414)|VARIABLE_SCOPE_BEGIN|[32]|lookups|List<Risk__Risk_Control_Lookup__c>|true|false
11:45:28.436 (2436801083)|VARIABLE_ASSIGNMENT|[32]|lookups|{"s":1,"v":[{"s":2,"v":{"Id":"a0k58000000LU1JAAW","Risk__Risk__c":"a09580000001qpKAAQ","Risk__Control__c":"a0358000000mBySAAU"}}]}|0x76063fd8
11:45:28.436 (2436808652)|STATEMENT_EXECUTE|[33]
11:45:28.436 (2436880690)|STATEMENT_EXECUTE|[34]
11:45:28.436 (2436953010)|HEAP_ALLOCATE|[34]|Bytes:16
11:45:28.437 (2437001475)|STATEMENT_EXECUTE|[35]
11:45:28.437 (2437048339)|HEAP_ALLOCATE|[35]|Bytes:16
11:45:28.437 (2437117858)|HEAP_ALLOCATE|[35]|Bytes:16
11:45:28.437 (2437192456)|STATEMENT_EXECUTE|[36]
11:45:28.437 (2437268209)|HEAP_ALLOCATE|[36]|Bytes:16
11:45:28.437 (2437399739)|SYSTEM_MODE_EXIT|false
11:45:28.437 (2437428591)|CUMULATIVE_LIMIT_USAGE
11:45:28.437 (2437428591)|LIMIT_USAGE_FOR_NS|(default)|
  Number of SOQL queries: 5 out of 100
  Number of query rows: 4 out of 50000
  Number of SOSL queries: 0 out of 20
  Number of DML statements: 5 out of 150
  Number of DML rows: 5 out of 10000
  Maximum CPU time: 12 out of 10000
  Maximum heap size: 0 out of 6000000
  Number of callouts: 0 out of 100
  Number of Email Invocations: 0 out of 10
  Number of future calls: 0 out of 50
  Number of queueable jobs added to the queue: 0 out of 50
  Number of Mobile Apex push calls: 0 out of 10

11:45:28.437 (2437428591)|LIMIT_USAGE_FOR_NS|Risk|
  Number of SOQL queries: 10 out of 100
  Number of query rows: 12 out of 50000
  Number of SOSL queries: 0 out of 20
  Number of DML statements: 3 out of 150
  Number of DML rows: 3 out of 10000
  Maximum CPU time: 0 out of 10000
  Maximum heap size: 0 out of 6000000
  Number of callouts: 0 out of 100
  Number of Email Invocations: 0 out of 10
  Number of future calls: 0 out of 50
  Number of queueable jobs added to the queue: 0 out of 50
  Number of Mobile Apex push calls: 0 out of 10

11:45:28.437 (2437428591)|TESTING_LIMITS
11:45:28.437 (2437428591)|LIMIT_USAGE_FOR_NS|(default)|
  Number of SOQL queries: 0 out of 100
  Number of query rows: 0 out of 50000
  Number of SOSL queries: 0 out of 20
  Number of DML statements: 0 out of 150
  Number of DML rows: 0 out of 10000
  Maximum CPU time: 0 out of 10000
  Maximum heap size: 0 out of 6000000
  Number of callouts: 0 out of 100
  Number of Email Invocations: 0 out of 10
  Number of future calls: 0 out of 50
  Number of queueable jobs added to the queue: 0 out of 50
  Number of Mobile Apex push calls: 0 out of 10

11:45:28.437 (2437428591)|LIMIT_USAGE_FOR_NS|Risk|
  Number of SOQL queries: 3 out of 100
  Number of query rows: 0 out of 50000
  Number of SOSL queries: 0 out of 20
  Number of DML statements: 0 out of 150
  Number of DML rows: 0 out of 10000
  Maximum CPU time: 0 out of 10000
  Maximum heap size: 0 out of 6000000
  Number of callouts: 0 out of 100
  Number of Email Invocations: 0 out of 10
  Number of future calls: 0 out of 50
  Number of queueable jobs added to the queue: 0 out of 50
  Number of Mobile Apex push calls: 0 out of 10

11:45:28.437 (2437428591)|CUMULATIVE_LIMIT_USAGE_END

11:45:28.437 (2437539095)|CODE_UNIT_FINISHED|ControlCreatorHelperTest.testCreateControls
11:45:28.438 (2438891683)|EXECUTION_FINISHED
11:45:28.450 (2450342326)|HEAP_ALLOCATE|[EXTERNAL]|Bytes:8
11:45:28.450 (2450606820)|HEAP_ALLOCATE|[EXTERNAL]|Bytes:4
11:45:28.465 (2465512144)|SOQL_EXECUTE_BEGIN|[88]|Aggregations:0|SELECT Id, Risk__Sharing_Group_Name__c FROM grc__Business_Unit__c WHERE Id = :tmpVar1
11:45:28.467 (2467712408)|SOQL_EXECUTE_END|[88]|Rows:1
11:45:28.468 (2468718372)|SOQL_EXECUTE_BEGIN|[112]|Aggregations:0|SELECT Id, Name FROM Group 
11:45:28.470 (2470683346)|SOQL_EXECUTE_END|[112]|Rows:2
11:45:28.472 (2472471271)|DML_BEGIN|[123]|Op:Insert|Type:grc__Risk__Share|Rows:2
11:45:28.488 (2488661013)|DML_END|[123]
11:45:28.527 (2527761332)|HEAP_ALLOCATE|[EXTERNAL]|Bytes:8
11:45:28.528 (2528156618)|HEAP_ALLOCATE|[EXTERNAL]|Bytes:4
11:45:28.547 (2547443138)|HEAP_ALLOCATE|[EXTERNAL]|Bytes:8
11:45:28.547 (2547670626)|HEAP_ALLOCATE|[EXTERNAL]|Bytes:4
11:45:28.566 (2566278199)|HEAP_ALLOCATE|[EXTERNAL]|Bytes:8
11:45:28.566 (2566521584)|HEAP_ALLOCATE|[EXTERNAL]|Bytes:4
11:45:28.579 (2579853514)|SOQL_EXECUTE_BEGIN|[71]|Aggregations:0|SELECT Id, Risk__Sharing_Group_Name__c FROM grc__Business_Unit__c WHERE Id = :tmpVar1
11:45:28.582 (2582115040)|SOQL_EXECUTE_END|[71]|Rows:1
11:45:28.583 (2583165928)|SOQL_EXECUTE_BEGIN|[95]|Aggregations:0|SELECT Id, Name FROM Group 
11:45:28.585 (2585061745)|SOQL_EXECUTE_END|[95]|Rows:2
11:45:28.586 (2586866819)|DML_BEGIN|[106]|Op:Insert|Type:grc__Control__Share|Rows:2
11:45:28.601 (2601649911)|DML_END|[106]
11:45:28.616 (2616916938)|SOQL_EXECUTE_BEGIN|[145]|Aggregations:0|SELECT Id, Risk__Sharing_Group_Name__c FROM grc__Business_Unit__c WHERE Id = :tmpVar1
11:45:28.619 (2619032930)|SOQL_EXECUTE_END|[145]|Rows:1
11:45:28.632 (2632722714)|SOQL_EXECUTE_BEGIN|[145]|Aggregations:0|SELECT Id, Risk__Sharing_Group_Name__c FROM grc__Business_Unit__c WHERE Id = :tmpVar1
11:45:28.634 (2634513874)|SOQL_EXECUTE_END|[145]|Rows:1
