35.0 APEX_CODE,FINEST;APEX_PROFILING,INFO;CALLOUT,INFO;DB,INFO;SYSTEM,DEBUG;VALIDATION,INFO;VISUALFORCE,INFO;WORKFLOW,INFO
Execute Anonymous: /*SObjectData d = new SObjectData('Test_objects__c');
Execute Anonymous: d.addValuePair('Name', 'Parent');
Execute Anonymous: d.setParentField('Parent__c');
Execute Anonymous: 
Execute Anonymous: SObjectData d1 = new SObjectData('Test_objects__c');
Execute Anonymous: d1.addValuePair('Name', 'Child 1');
Execute Anonymous: d1.setParent(d);
Execute Anonymous: d1.setParentField('Parent__c');
Execute Anonymous: 
Execute Anonymous: SObjectData d2 = new SObjectData('Test_objects__c');
Execute Anonymous: d2.addValuePair('Name', 'Child 2');
Execute Anonymous: d2.setParent(d);
Execute Anonymous: d2.setParentField('Parent__c');
Execute Anonymous: 
Execute Anonymous: SObjectData d3 = new SObjectData('Test_objects__c');
Execute Anonymous: d3.addValuePair('Name', 'Child 3');
Execute Anonymous: d3.setParent(d);
Execute Anonymous: d3.setParentField('Parent__c');
Execute Anonymous: 
Execute Anonymous: d.addChild(d1);
Execute Anonymous: d.addChild(d2);
Execute Anonymous: d.addChild(d3);
Execute Anonymous: 
Execute Anonymous: SObjectData d4 = new SObjectData('Test_objects__c');
Execute Anonymous: d4.addValuePair('Name', 'Child 4');
Execute Anonymous: d4.setParent(d3);
Execute Anonymous: d4.setParentField('Parent__c');
Execute Anonymous: 
Execute Anonymous: d3.addChild(d4);
Execute Anonymous: 
Execute Anonymous: SObjectUtility h = new SObjectUtility();
Execute Anonymous: h.createSObjects(new List<SObjectData> { d} );*/
Execute Anonymous: 
Execute Anonymous: ScoringSchemeHelper.create5x5ScoringScheme();
17:12:29.163 (163859635)|EXECUTION_STARTED
17:12:29.163 (163870594)|CODE_UNIT_STARTED|[EXTERNAL]|execute_anonymous_apex
17:12:29.164 (164119523)|HEAP_ALLOCATE|[72]|Bytes:3
17:12:29.164 (164179706)|HEAP_ALLOCATE|[77]|Bytes:152
17:12:29.164 (164204246)|HEAP_ALLOCATE|[342]|Bytes:408
17:12:29.164 (164227595)|HEAP_ALLOCATE|[355]|Bytes:408
17:12:29.164 (164249948)|HEAP_ALLOCATE|[467]|Bytes:48
17:12:29.164 (164290014)|HEAP_ALLOCATE|[139]|Bytes:6
17:12:29.164 (164327025)|HEAP_ALLOCATE|[EXTERNAL]|Bytes:2
17:12:29.164 (164433561)|STATEMENT_EXECUTE|[1]
17:12:29.164 (164438049)|STATEMENT_EXECUTE|[34]
17:12:29.164 (164499707)|HEAP_ALLOCATE|[50]|Bytes:5
17:12:29.164 (164528295)|HEAP_ALLOCATE|[56]|Bytes:5
17:12:29.164 (164539053)|HEAP_ALLOCATE|[64]|Bytes:7
17:12:29.164 (164564951)|SYSTEM_MODE_ENTER|false
17:12:29.164 (164603630)|HEAP_ALLOCATE|[34]|Bytes:5
17:12:29.183 (183389219)|HEAP_ALLOCATE|[34]|Bytes:1
17:12:29.183 (183442695)|METHOD_ENTRY|[1]|01p58000000n81u|ScoringSchemeHelper.ScoringSchemeHelper()
17:12:29.183 (183452170)|STATEMENT_EXECUTE|[1]
17:12:29.183 (183459700)|STATEMENT_EXECUTE|[1]
17:12:29.183 (183481193)|HEAP_ALLOCATE|[34]|Bytes:5
17:12:29.183 (183495271)|METHOD_EXIT|[1]|ScoringSchemeHelper
17:12:29.183 (183549441)|METHOD_ENTRY|[34]|01p58000000n81u|ScoringSchemeHelper.create5x5ScoringScheme()
17:12:29.183 (183611016)|HEAP_ALLOCATE|[4]|Bytes:5
17:12:29.183 (183617503)|STATEMENT_EXECUTE|[3]
17:12:29.183 (183620200)|STATEMENT_EXECUTE|[4]
17:12:29.190 (190501225)|HEAP_ALLOCATE|[4]|Bytes:43
17:12:29.190 (190523412)|METHOD_ENTRY|[1]|01p58000000n6Fr|SObjectData.SObjectData()
17:12:29.190 (190528919)|STATEMENT_EXECUTE|[1]
17:12:29.190 (190533530)|STATEMENT_EXECUTE|[1]
17:12:29.190 (190540491)|HEAP_ALLOCATE|[4]|Bytes:5
17:12:29.190 (190548547)|METHOD_EXIT|[1]|SObjectData
17:12:29.190 (190656579)|HEAP_ALLOCATE|[4]|Bytes:24
17:12:29.190 (190666418)|HEAP_ALLOCATE|[4]|Bytes:23
17:12:29.190 (190686006)|CONSTRUCTOR_ENTRY|[4]|01p58000000n6Fr|<init>(String)
17:12:29.190 (190744101)|VARIABLE_SCOPE_BEGIN|[8]|this|SObjectData|true|false
17:12:29.190 (190813796)|VARIABLE_ASSIGNMENT|[8]|this|{}|0x7d041cda
17:12:29.190 (190821806)|VARIABLE_SCOPE_BEGIN|[8]|sobjectType|String|false|false
17:12:29.190 (190837069)|VARIABLE_ASSIGNMENT|[8]|sobjectType|"Risk__Scoring_Scheme (3 more) ..."
17:12:29.190 (190845756)|HEAP_ALLOCATE|[2]|Bytes:5
17:12:29.190 (190850967)|STATEMENT_EXECUTE|[1]
17:12:29.190 (190854673)|HEAP_ALLOCATE|[2]|Bytes:5
17:12:29.190 (190857676)|STATEMENT_EXECUTE|[2]
17:12:29.190 (190866157)|HEAP_ALLOCATE|[2]|Bytes:4
17:12:29.190 (190914988)|VARIABLE_ASSIGNMENT|[2]|this.fieldMap|{"s":1,"v":{}}|0x7d041cda
17:12:29.190 (190920655)|STATEMENT_EXECUTE|[3]
17:12:29.190 (190923255)|STATEMENT_EXECUTE|[4]
17:12:29.190 (190925345)|STATEMENT_EXECUTE|[5]
17:12:29.190 (190927460)|STATEMENT_EXECUTE|[6]
17:12:29.190 (190943020)|HEAP_ALLOCATE|[2]|Bytes:6
17:12:29.190 (190958071)|VARIABLE_SCOPE_BEGIN|[2]|this|System.ApexBaseClass|true|false
17:12:29.190 (190985733)|VARIABLE_ASSIGNMENT|[2]|this|{"fieldMap":"0x2815000f"}|0x7d041cda
17:12:29.191 (191002868)|STATEMENT_EXECUTE|[8]
17:12:29.191 (191006484)|STATEMENT_EXECUTE|[9]
17:12:29.191 (191020728)|VARIABLE_ASSIGNMENT|[9]|this.sObjectType|"Risk__Scoring_Scheme (3 more) ..."|0x7d041cda
17:12:29.191 (191033527)|CONSTRUCTOR_EXIT|[4]|01p58000000n6Fr|<init>(String)
17:12:29.191 (191039864)|VARIABLE_SCOPE_BEGIN|[4]|scoringScheme|SObjectData|true|false
17:12:29.191 (191066198)|VARIABLE_ASSIGNMENT|[4]|scoringScheme|{"fieldMap":"0x2815000f","sObjectType":"Risk__Scoring_Scheme (3 more) ..."}|0x7d041cda
17:12:29.191 (191072231)|STATEMENT_EXECUTE|[5]
17:12:29.191 (191077044)|HEAP_ALLOCATE|[5]|Bytes:4
17:12:29.191 (191081940)|HEAP_ALLOCATE|[5]|Bytes:18
17:12:29.191 (191122934)|METHOD_ENTRY|[5]|01p58000000n6Fr|SObjectData.addValuePair(String, String)
17:12:29.191 (191150350)|VARIABLE_SCOPE_BEGIN|[65]|this|SObjectData|true|false
17:12:29.191 (191177741)|VARIABLE_ASSIGNMENT|[65]|this|{"fieldMap":"0x2815000f","sObjectType":"Risk__Scoring_Scheme (3 more) ..."}|0x7d041cda
17:12:29.191 (191185505)|VARIABLE_SCOPE_BEGIN|[65]|field|String|false|false
17:12:29.191 (191191927)|VARIABLE_ASSIGNMENT|[65]|field|"Name"
17:12:29.191 (191196297)|VARIABLE_SCOPE_BEGIN|[65]|value|String|false|false
17:12:29.191 (191201597)|VARIABLE_ASSIGNMENT|[65]|value|"Scoring Scheme 5x5"
17:12:29.191 (191210372)|HEAP_ALLOCATE|[67]|Bytes:5
17:12:29.191 (191215509)|STATEMENT_EXECUTE|[65]
17:12:29.191 (191222085)|STATEMENT_EXECUTE|[67]
17:12:29.191 (191224664)|STATEMENT_EXECUTE|[70]
17:12:29.191 (191337634)|HEAP_ALLOCATE|[EXTERNAL]|Bytes:-4
17:12:29.191 (191368616)|METHOD_EXIT|[5]|01p58000000n6Fr|SObjectData.addValuePair(String, String)
17:12:29.191 (191374334)|STATEMENT_EXECUTE|[6]
17:12:29.191 (191379158)|HEAP_ALLOCATE|[6]|Bytes:12
17:12:29.191 (191384079)|HEAP_ALLOCATE|[6]|Bytes:15
17:12:29.191 (191393708)|METHOD_ENTRY|[6]|01p58000000n6Fr|SObjectData.addValuePair(String, String)
17:12:29.191 (191407756)|VARIABLE_SCOPE_BEGIN|[65]|this|SObjectData|true|false
17:12:29.191 (191435763)|VARIABLE_ASSIGNMENT|[65]|this|{"fieldMap":"0x2815000f","sObjectType":"Risk__Scoring_Scheme (3 more) ..."}|0x7d041cda
17:12:29.191 (191441237)|VARIABLE_SCOPE_BEGIN|[65]|field|String|false|false
17:12:29.191 (191447211)|VARIABLE_ASSIGNMENT|[65]|field|"RecordTypeId"
17:12:29.191 (191450077)|VARIABLE_SCOPE_BEGIN|[65]|value|String|false|false
17:12:29.191 (191454914)|VARIABLE_ASSIGNMENT|[65]|value|"012580000000H5p"
17:12:29.191 (191463032)|HEAP_ALLOCATE|[67]|Bytes:5
17:12:29.191 (191467561)|STATEMENT_EXECUTE|[65]
17:12:29.191 (191471014)|STATEMENT_EXECUTE|[67]
17:12:29.191 (191473866)|STATEMENT_EXECUTE|[70]
17:12:29.191 (191499599)|HEAP_ALLOCATE|[EXTERNAL]|Bytes:-4
17:12:29.191 (191520963)|METHOD_EXIT|[6]|01p58000000n6Fr|SObjectData.addValuePair(String, String)
17:12:29.191 (191526153)|STATEMENT_EXECUTE|[8]
17:12:29.191 (191532448)|HEAP_ALLOCATE|[8]|Bytes:24
17:12:29.191 (191538013)|HEAP_ALLOCATE|[8]|Bytes:24
17:12:29.191 (191546957)|CONSTRUCTOR_ENTRY|[8]|01p58000000n6Fr|<init>(String)
17:12:29.191 (191565179)|VARIABLE_SCOPE_BEGIN|[8]|this|SObjectData|true|false
17:12:29.191 (191587138)|VARIABLE_ASSIGNMENT|[8]|this|{}|0x108b9b3d
17:12:29.191 (191591906)|VARIABLE_SCOPE_BEGIN|[8]|sobjectType|String|false|false
17:12:29.191 (191599811)|VARIABLE_ASSIGNMENT|[8]|sobjectType|"Risk__Impact_Categor (4 more) ..."
17:12:29.191 (191607620)|HEAP_ALLOCATE|[2]|Bytes:5
17:12:29.191 (191612464)|STATEMENT_EXECUTE|[1]
17:12:29.191 (191616061)|HEAP_ALLOCATE|[2]|Bytes:5
17:12:29.191 (191619124)|STATEMENT_EXECUTE|[2]
17:12:29.191 (191623857)|HEAP_ALLOCATE|[2]|Bytes:4
17:12:29.191 (191645259)|VARIABLE_ASSIGNMENT|[2]|this.fieldMap|{"s":1,"v":{}}|0x108b9b3d
17:12:29.191 (191650592)|STATEMENT_EXECUTE|[3]
17:12:29.191 (191653151)|STATEMENT_EXECUTE|[4]
17:12:29.191 (191655484)|STATEMENT_EXECUTE|[5]
17:12:29.191 (191657676)|STATEMENT_EXECUTE|[6]
17:12:29.191 (191665700)|VARIABLE_SCOPE_BEGIN|[2]|this|System.ApexBaseClass|true|false
17:12:29.191 (191687918)|VARIABLE_ASSIGNMENT|[2]|this|{"fieldMap":"0x76114de"}|0x108b9b3d
17:12:29.191 (191697264)|STATEMENT_EXECUTE|[8]
17:12:29.191 (191699831)|STATEMENT_EXECUTE|[9]
17:12:29.191 (191710953)|VARIABLE_ASSIGNMENT|[9]|this.sObjectType|"Risk__Impact_Categor (4 more) ..."|0x108b9b3d
17:12:29.191 (191721635)|CONSTRUCTOR_EXIT|[8]|01p58000000n6Fr|<init>(String)
17:12:29.191 (191726433)|VARIABLE_SCOPE_BEGIN|[8]|costIC|SObjectData|true|false
17:12:29.191 (191748319)|VARIABLE_ASSIGNMENT|[8]|costIC|{"fieldMap":"0x76114de","sObjectType":"Risk__Impact_Categor (4 more) ..."}|0x108b9b3d
17:12:29.191 (191757719)|STATEMENT_EXECUTE|[9]
17:12:29.191 (191763489)|HEAP_ALLOCATE|[9]|Bytes:7
17:12:29.191 (191775358)|METHOD_ENTRY|[9]|01p58000000n6Fr|SObjectData.addValuePair(String, String)
17:12:29.191 (191789153)|VARIABLE_SCOPE_BEGIN|[65]|this|SObjectData|true|false
17:12:29.191 (191813443)|VARIABLE_ASSIGNMENT|[65]|this|{"fieldMap":"0x76114de","sObjectType":"Risk__Impact_Categor (4 more) ..."}|0x108b9b3d
17:12:29.191 (191818510)|VARIABLE_SCOPE_BEGIN|[65]|field|String|false|false
17:12:29.191 (191824293)|VARIABLE_ASSIGNMENT|[65]|field|"Name"
17:12:29.191 (191827054)|VARIABLE_SCOPE_BEGIN|[65]|value|String|false|false
17:12:29.191 (191831705)|VARIABLE_ASSIGNMENT|[65]|value|"Cost IC"
17:12:29.191 (191839439)|HEAP_ALLOCATE|[67]|Bytes:5
17:12:29.191 (191843831)|STATEMENT_EXECUTE|[65]
17:12:29.191 (191847264)|STATEMENT_EXECUTE|[67]
17:12:29.191 (191849671)|STATEMENT_EXECUTE|[70]
17:12:29.191 (191875609)|HEAP_ALLOCATE|[EXTERNAL]|Bytes:-4
17:12:29.191 (191896782)|METHOD_EXIT|[9]|01p58000000n6Fr|SObjectData.addValuePair(String, String)
17:12:29.191 (191902036)|STATEMENT_EXECUTE|[10]
17:12:29.191 (191907044)|HEAP_ALLOCATE|[10]|Bytes:21
17:12:29.191 (191910972)|HEAP_ALLOCATE|[10]|Bytes:4
17:12:29.191 (191919609)|METHOD_ENTRY|[10]|01p58000000n6Fr|SObjectData.addValuePair(String, String)
17:12:29.191 (191932440)|VARIABLE_SCOPE_BEGIN|[65]|this|SObjectData|true|false
17:12:29.191 (191958119)|VARIABLE_ASSIGNMENT|[65]|this|{"fieldMap":"0x76114de","sObjectType":"Risk__Impact_Categor (4 more) ..."}|0x108b9b3d
17:12:29.191 (191962921)|VARIABLE_SCOPE_BEGIN|[65]|field|String|false|false
17:12:29.191 (191969088)|VARIABLE_ASSIGNMENT|[65]|field|"Risk__Type_Of_Risk__ (1 more) ..."
17:12:29.191 (191972361)|VARIABLE_SCOPE_BEGIN|[65]|value|String|false|false
17:12:29.191 (191976922)|VARIABLE_ASSIGNMENT|[65]|value|"Cost"
17:12:29.191 (191984240)|HEAP_ALLOCATE|[67]|Bytes:5
17:12:29.191 (191988582)|STATEMENT_EXECUTE|[65]
17:12:29.191 (191991979)|STATEMENT_EXECUTE|[67]
17:12:29.191 (191994270)|STATEMENT_EXECUTE|[70]
17:12:29.192 (192018332)|HEAP_ALLOCATE|[EXTERNAL]|Bytes:-4
17:12:29.192 (192040296)|METHOD_EXIT|[10]|01p58000000n6Fr|SObjectData.addValuePair(String, String)
17:12:29.192 (192045340)|STATEMENT_EXECUTE|[12]
17:12:29.192 (192051544)|HEAP_ALLOCATE|[12]|Bytes:24
17:12:29.192 (192061053)|CONSTRUCTOR_ENTRY|[12]|01p58000000n6Fr|<init>(String)
17:12:29.192 (192078211)|VARIABLE_SCOPE_BEGIN|[8]|this|SObjectData|true|false
17:12:29.192 (192099423)|VARIABLE_ASSIGNMENT|[8]|this|{}|0x95fcc10
17:12:29.192 (192104003)|VARIABLE_SCOPE_BEGIN|[8]|sobjectType|String|false|false
17:12:29.192 (192111467)|VARIABLE_ASSIGNMENT|[8]|sobjectType|"Risk__Impact_Categor (4 more) ..."
17:12:29.192 (192118764)|HEAP_ALLOCATE|[2]|Bytes:5
17:12:29.192 (192123212)|STATEMENT_EXECUTE|[1]
17:12:29.192 (192126793)|HEAP_ALLOCATE|[2]|Bytes:5
17:12:29.192 (192129703)|STATEMENT_EXECUTE|[2]
17:12:29.192 (192134557)|HEAP_ALLOCATE|[2]|Bytes:4
17:12:29.192 (192155361)|VARIABLE_ASSIGNMENT|[2]|this.fieldMap|{"s":1,"v":{}}|0x95fcc10
17:12:29.192 (192160540)|STATEMENT_EXECUTE|[3]
17:12:29.192 (192163158)|STATEMENT_EXECUTE|[4]
17:12:29.192 (192165305)|STATEMENT_EXECUTE|[5]
17:12:29.192 (192167439)|STATEMENT_EXECUTE|[6]
17:12:29.192 (192175142)|VARIABLE_SCOPE_BEGIN|[2]|this|System.ApexBaseClass|true|false
17:12:29.192 (192196593)|VARIABLE_ASSIGNMENT|[2]|this|{"fieldMap":"0x697ee01"}|0x95fcc10
17:12:29.192 (192205846)|STATEMENT_EXECUTE|[8]
17:12:29.192 (192208436)|STATEMENT_EXECUTE|[9]
17:12:29.192 (192219532)|VARIABLE_ASSIGNMENT|[9]|this.sObjectType|"Risk__Impact_Categor (4 more) ..."|0x95fcc10
17:12:29.192 (192230020)|CONSTRUCTOR_EXIT|[12]|01p58000000n6Fr|<init>(String)
17:12:29.192 (192234902)|VARIABLE_SCOPE_BEGIN|[12]|timeIC|SObjectData|true|false
17:12:29.192 (192255974)|VARIABLE_ASSIGNMENT|[12]|timeIC|{"fieldMap":"0x697ee01","sObjectType":"Risk__Impact_Categor (4 more) ..."}|0x95fcc10
17:12:29.192 (192261911)|STATEMENT_EXECUTE|[13]
17:12:29.192 (192272934)|METHOD_ENTRY|[13]|01p58000000n6Fr|SObjectData.addValuePair(String, String)
17:12:29.192 (192286115)|VARIABLE_SCOPE_BEGIN|[65]|this|SObjectData|true|false
17:12:29.192 (192309561)|VARIABLE_ASSIGNMENT|[65]|this|{"fieldMap":"0x697ee01","sObjectType":"Risk__Impact_Categor (4 more) ..."}|0x95fcc10
17:12:29.192 (192314452)|VARIABLE_SCOPE_BEGIN|[65]|field|String|false|false
17:12:29.192 (192323922)|VARIABLE_ASSIGNMENT|[65]|field|"Name"
17:12:29.192 (192326763)|VARIABLE_SCOPE_BEGIN|[65]|value|String|false|false
17:12:29.192 (192331456)|VARIABLE_ASSIGNMENT|[65]|value|"Cost IC"
17:12:29.192 (192339087)|HEAP_ALLOCATE|[67]|Bytes:5
17:12:29.192 (192343571)|STATEMENT_EXECUTE|[65]
17:12:29.192 (192347034)|STATEMENT_EXECUTE|[67]
17:12:29.192 (192349473)|STATEMENT_EXECUTE|[70]
17:12:29.192 (192374602)|HEAP_ALLOCATE|[EXTERNAL]|Bytes:-4
17:12:29.192 (192395770)|METHOD_EXIT|[13]|01p58000000n6Fr|SObjectData.addValuePair(String, String)
17:12:29.192 (192401270)|STATEMENT_EXECUTE|[14]
17:12:29.192 (192406073)|HEAP_ALLOCATE|[14]|Bytes:4
17:12:29.192 (192415075)|METHOD_ENTRY|[14]|01p58000000n6Fr|SObjectData.addValuePair(String, String)
17:12:29.192 (192427910)|VARIABLE_SCOPE_BEGIN|[65]|this|SObjectData|true|false
17:12:29.192 (192453536)|VARIABLE_ASSIGNMENT|[65]|this|{"fieldMap":"0x697ee01","sObjectType":"Risk__Impact_Categor (4 more) ..."}|0x95fcc10
17:12:29.192 (192458804)|VARIABLE_SCOPE_BEGIN|[65]|field|String|false|false
17:12:29.192 (192464853)|VARIABLE_ASSIGNMENT|[65]|field|"Risk__Type_Of_Risk__ (1 more) ..."
17:12:29.192 (192467718)|VARIABLE_SCOPE_BEGIN|[65]|value|String|false|false
17:12:29.192 (192472219)|VARIABLE_ASSIGNMENT|[65]|value|"Time"
17:12:29.192 (192479475)|HEAP_ALLOCATE|[67]|Bytes:5
17:12:29.192 (192483818)|STATEMENT_EXECUTE|[65]
17:12:29.192 (192487327)|STATEMENT_EXECUTE|[67]
17:12:29.192 (192489758)|STATEMENT_EXECUTE|[70]
17:12:29.192 (192514073)|HEAP_ALLOCATE|[EXTERNAL]|Bytes:-4
17:12:29.192 (192534757)|METHOD_EXIT|[14]|01p58000000n6Fr|SObjectData.addValuePair(String, String)
17:12:29.192 (192539778)|STATEMENT_EXECUTE|[16]
17:12:29.192 (192553761)|METHOD_ENTRY|[16]|01p58000000n6Fr|SObjectData.addChild(String, SObjectData)
17:12:29.192 (192576468)|VARIABLE_SCOPE_BEGIN|[40]|this|SObjectData|true|false
17:12:29.192 (192602242)|VARIABLE_ASSIGNMENT|[40]|this|{"fieldMap":"0x2815000f","sObjectType":"Risk__Scoring_Scheme (3 more) ..."}|0x7d041cda
17:12:29.192 (192609492)|VARIABLE_SCOPE_BEGIN|[40]|field|String|false|false
17:12:29.192 (192616219)|VARIABLE_ASSIGNMENT|[40]|field|"Risk__Scoring_Scheme (3 more) ..."
17:12:29.192 (192621160)|VARIABLE_SCOPE_BEGIN|[40]|o|SObjectData|true|false
17:12:29.192 (192638582)|VARIABLE_ASSIGNMENT|[40]|o|{"fieldMap":"0x76114de","sObjectType":"Risk__Impact_Categor (4 more) ..."}|0x108b9b3d
17:12:29.192 (192648092)|HEAP_ALLOCATE|[41]|Bytes:5
17:12:29.192 (192652686)|STATEMENT_EXECUTE|[40]
17:12:29.192 (192657341)|STATEMENT_EXECUTE|[41]
17:12:29.192 (192659600)|STATEMENT_EXECUTE|[42]
17:12:29.192 (192664349)|HEAP_ALLOCATE|[42]|Bytes:4
17:12:29.192 (192734029)|VARIABLE_ASSIGNMENT|[42]|this.children|{"s":1,"v":{}}|0x7d041cda
17:12:29.192 (192795358)|STATEMENT_EXECUTE|[46]
17:12:29.192 (192799038)|STATEMENT_EXECUTE|[47]
17:12:29.192 (192852562)|HEAP_ALLOCATE|[47]|Bytes:4
17:12:29.192 (192988761)|HEAP_ALLOCATE|[EXTERNAL]|Bytes:8
17:12:29.192 (192996387)|HEAP_ALLOCATE|[EXTERNAL]|Bytes:-4
17:12:29.193 (193014534)|STATEMENT_EXECUTE|[49]
17:12:29.198 (198602858)|METHOD_ENTRY|[1]|01p58000000n6Yd|AppException.AppException()
17:12:29.198 (198610112)|STATEMENT_EXECUTE|[1]
17:12:29.198 (198615565)|STATEMENT_EXECUTE|[1]
17:12:29.198 (198620385)|METHOD_EXIT|[1]|AppException
17:12:29.198 (198635779)|HEAP_ALLOCATE|[49]|Bytes:28
17:12:29.198 (198744289)|HEAP_ALLOCATE|[49]|Bytes:177
17:12:29.198 (198777541)|HEAP_ALLOCATE|[49]|Bytes:177
17:12:29.198 (198790312)|CONSTRUCTOR_ENTRY|[49]|01p58000000n6Yd|<init>(String)
17:12:29.198 (198810448)|VARIABLE_SCOPE_BEGIN|[1]|this|AppException|true|false
17:12:29.198 (198978057)|VARIABLE_ASSIGNMENT|[1]|this|"common.apex.runtime.impl.ExecutionException"|0x3ec02516
17:12:29.198 (198995484)|HEAP_ALLOCATE|[EXTERNAL]|Bytes:34
17:12:29.199 (199011450)|VARIABLE_SCOPE_BEGIN|[2]|this|System.ApexBaseException|true|false
17:12:29.199 (199077583)|VARIABLE_ASSIGNMENT|[2]|this|"common.apex.runtime.impl.ExecutionException"|0x56272dc9
17:12:29.199 (199112496)|VARIABLE_ASSIGNMENT|[-1]|Exception.serialVersionUID|-3387516993124229948|0x7c5d53d
17:12:29.200 (200805021)|STATEMENT_EXECUTE|[1]
17:12:29.200 (200816220)|CONSTRUCTOR_EXIT|[49]|01p58000000n6Yd|<init>(String)
17:12:29.200 (200849612)|EXCEPTION_THROWN|[49]|AppException: {Risk__Scoring_Scheme__c=(SObjectData:[children=null, fieldMap={Name=Cost IC, Risk__Type_Of_Risk__c=Cost}, parent=null, parentField=null, sObjectType=Risk__Impact_Category__c])}
17:12:29.200 (200881862)|EXCEPTION_THROWN|[49]|AppException: {Risk__Scoring_Scheme__c=(SObjectData:[children=null, fieldMap={Name=Cost IC, Risk__Type_Of_Risk__c=Cost}, parent=null, parentField=null, sObjectType=Risk__Impact_Category__c])}
17:12:29.200 (200893398)|METHOD_EXIT|[16]|01p58000000n6Fr|SObjectData.addChild(String, SObjectData)
17:12:29.200 (200917029)|EXCEPTION_THROWN|[20]|AppException: {Risk__Scoring_Scheme__c=(SObjectData:[children=null, fieldMap={Name=Cost IC, Risk__Type_Of_Risk__c=Cost}, parent=null, parentField=null, sObjectType=Risk__Impact_Category__c])}
17:12:29.200 (200926764)|METHOD_EXIT|[34]|01p58000000n81u|ScoringSchemeHelper.create5x5ScoringScheme()
17:12:29.200 (200934117)|SYSTEM_MODE_EXIT|false
17:12:29.200 (200956259)|EXCEPTION_THROWN|[34]|AppException: {Risk__Scoring_Scheme__c=(SObjectData:[children=null, fieldMap={Name=Cost IC, Risk__Type_Of_Risk__c=Cost}, parent=null, parentField=null, sObjectType=Risk__Impact_Category__c])}
17:12:29.201 (201071526)|FATAL_ERROR|AppException: {Risk__Scoring_Scheme__c=(SObjectData:[children=null, fieldMap={Name=Cost IC, Risk__Type_Of_Risk__c=Cost}, parent=null, parentField=null, sObjectType=Risk__Impact_Category__c])}

Class.SObjectData.addChild: line 49, column 1
Class.ScoringSchemeHelper.create5x5ScoringScheme: line 16, column 1
AnonymousBlock: line 34, column 1
17:12:29.201 (201123205)|CUMULATIVE_LIMIT_USAGE
17:12:29.201 (201123205)|LIMIT_USAGE_FOR_NS|(default)|
  Number of SOQL queries: 0 out of 100
  Number of query rows: 0 out of 50000
  Number of SOSL queries: 0 out of 20
  Number of DML statements: 0 out of 150
  Number of DML rows: 0 out of 10000
  Maximum CPU time: 0 out of 10000
  Maximum heap size: 0 out of 6000000
  Number of callouts: 0 out of 100
  Number of Email Invocations: 0 out of 10
  Number of future calls: 0 out of 50
  Number of queueable jobs added to the queue: 0 out of 50
  Number of Mobile Apex push calls: 0 out of 10

17:12:29.201 (201123205)|CUMULATIVE_LIMIT_USAGE_END

17:12:29.201 (201190004)|CODE_UNIT_FINISHED|execute_anonymous_apex
17:12:29.202 (202830508)|EXECUTION_FINISHED
