35.0 APEX_CODE,FINEST;APEX_PROFILING,INFO;CALLOUT,INFO;DB,INFO;SYSTEM,DEBUG;VALIDATION,INFO;VISUALFORCE,INFO;WORKFLOW,INFO
Execute Anonymous: SObjectData d = new SObjectData('Test_objects__c');
Execute Anonymous: d.addValuePair('Name', 'x');
Execute Anonymous: 
Execute Anonymous: SObjectData d1 = new SObjectData('Test_objects__c');
Execute Anonymous: d1.addValuePair('Name', 'x');
Execute Anonymous: d1.setParent(d);
Execute Anonymous: 
Execute Anonymous: d.addChild(d1);
Execute Anonymous: 
Execute Anonymous: ScoringSchemeHelper h = new ScoringSchemeHelper();
Execute Anonymous: h.createSObjects(new List<SObjectData> { d} );
14:16:40.055 (55613682)|EXECUTION_STARTED
14:16:40.055 (55625278)|CODE_UNIT_STARTED|[EXTERNAL]|execute_anonymous_apex
14:16:40.057 (57034109)|VARIABLE_SCOPE_BEGIN|[1]|d|SObjectData|true|false
14:16:40.057 (57046253)|VARIABLE_SCOPE_BEGIN|[4]|d1|SObjectData|true|false
14:16:40.058 (58963832)|VARIABLE_SCOPE_BEGIN|[10]|h|ScoringSchemeHelper|true|false
14:16:40.059 (59122221)|HEAP_ALLOCATE|[72]|Bytes:3
14:16:40.059 (59184169)|HEAP_ALLOCATE|[77]|Bytes:152
14:16:40.059 (59209785)|HEAP_ALLOCATE|[342]|Bytes:408
14:16:40.059 (59233461)|HEAP_ALLOCATE|[355]|Bytes:408
14:16:40.059 (59255975)|HEAP_ALLOCATE|[467]|Bytes:48
14:16:40.059 (59299945)|HEAP_ALLOCATE|[139]|Bytes:6
14:16:40.059 (59333459)|HEAP_ALLOCATE|[EXTERNAL]|Bytes:17
14:16:40.059 (59392461)|STATEMENT_EXECUTE|[1]
14:16:40.059 (59397138)|STATEMENT_EXECUTE|[1]
14:16:40.059 (59403473)|HEAP_ALLOCATE|[1]|Bytes:34
14:16:40.059 (59443444)|METHOD_ENTRY|[1]|01p58000000n6Fr|SObjectData.SObjectData()
14:16:40.059 (59449366)|STATEMENT_EXECUTE|[1]
14:16:40.059 (59453566)|STATEMENT_EXECUTE|[1]
14:16:40.059 (59496848)|HEAP_ALLOCATE|[50]|Bytes:5
14:16:40.059 (59527506)|HEAP_ALLOCATE|[56]|Bytes:5
14:16:40.059 (59539985)|HEAP_ALLOCATE|[64]|Bytes:7
14:16:40.059 (59565198)|SYSTEM_MODE_ENTER|false
14:16:40.059 (59585511)|HEAP_ALLOCATE|[1]|Bytes:5
14:16:40.059 (59594320)|SYSTEM_MODE_EXIT|false
14:16:40.059 (59607710)|METHOD_EXIT|[1]|SObjectData
14:16:40.059 (59703385)|HEAP_ALLOCATE|[1]|Bytes:20
14:16:40.059 (59711647)|HEAP_ALLOCATE|[1]|Bytes:15
14:16:40.059 (59741832)|SYSTEM_MODE_ENTER|false
14:16:40.059 (59763433)|HEAP_ALLOCATE|[1]|Bytes:5
14:16:40.059 (59785899)|CONSTRUCTOR_ENTRY|[1]|01p58000000n6Fr|<init>(String)
14:16:40.059 (59832775)|VARIABLE_SCOPE_BEGIN|[7]|this|SObjectData|true|false
14:16:40.059 (59999138)|VARIABLE_ASSIGNMENT|[7]|this|{}|0x6e7edb56
14:16:40.060 (60008556)|VARIABLE_SCOPE_BEGIN|[7]|sobjectType|String|false|false
14:16:40.060 (60019576)|VARIABLE_ASSIGNMENT|[7]|sobjectType|"Test_objects__c"
14:16:40.060 (60028957)|HEAP_ALLOCATE|[2]|Bytes:5
14:16:40.060 (60034228)|STATEMENT_EXECUTE|[1]
14:16:40.060 (60038137)|HEAP_ALLOCATE|[2]|Bytes:5
14:16:40.060 (60041402)|STATEMENT_EXECUTE|[2]
14:16:40.060 (60049046)|HEAP_ALLOCATE|[2]|Bytes:4
14:16:40.060 (60095021)|VARIABLE_ASSIGNMENT|[2]|this.fieldMap|{"s":1,"v":{}}|0x6e7edb56
14:16:40.060 (60101589)|STATEMENT_EXECUTE|[3]
14:16:40.060 (60104455)|STATEMENT_EXECUTE|[4]
14:16:40.060 (60106830)|STATEMENT_EXECUTE|[5]
14:16:40.060 (60122900)|HEAP_ALLOCATE|[2]|Bytes:6
14:16:40.060 (60140590)|VARIABLE_SCOPE_BEGIN|[2]|this|System.ApexBaseClass|true|false
14:16:40.060 (60169448)|VARIABLE_ASSIGNMENT|[2]|this|{"fieldMap":"0x11c0a071"}|0x6e7edb56
14:16:40.060 (60181976)|STATEMENT_EXECUTE|[7]
14:16:40.060 (60185063)|STATEMENT_EXECUTE|[8]
14:16:40.060 (60198243)|VARIABLE_ASSIGNMENT|[8]|this.sObjectType|"Test_objects__c"|0x6e7edb56
14:16:40.060 (60215697)|CONSTRUCTOR_EXIT|[1]|01p58000000n6Fr|<init>(String)
14:16:40.060 (60222313)|SYSTEM_MODE_EXIT|false
14:16:40.060 (60259416)|VARIABLE_ASSIGNMENT|[1]|d|{"fieldMap":"0x11c0a071","sObjectType":"Test_objects__c"}|0x6e7edb56
14:16:40.060 (60266492)|STATEMENT_EXECUTE|[2]
14:16:40.060 (60274121)|HEAP_ALLOCATE|[2]|Bytes:4
14:16:40.060 (60278216)|HEAP_ALLOCATE|[2]|Bytes:1
14:16:40.060 (60304533)|SYSTEM_MODE_ENTER|false
14:16:40.060 (60320765)|HEAP_ALLOCATE|[2]|Bytes:5
14:16:40.060 (60371704)|METHOD_ENTRY|[2]|01p58000000n6Fr|SObjectData.addValuePair(String, String)
14:16:40.060 (60400373)|VARIABLE_SCOPE_BEGIN|[44]|this|SObjectData|true|false
14:16:40.060 (60429318)|VARIABLE_ASSIGNMENT|[44]|this|{"fieldMap":"0x11c0a071","sObjectType":"Test_objects__c"}|0x6e7edb56
14:16:40.060 (60436685)|VARIABLE_SCOPE_BEGIN|[44]|field|String|false|false
14:16:40.060 (60443590)|VARIABLE_ASSIGNMENT|[44]|field|"Name"
14:16:40.060 (60447283)|VARIABLE_SCOPE_BEGIN|[44]|value|String|false|false
14:16:40.060 (60452534)|VARIABLE_ASSIGNMENT|[44]|value|"x"
14:16:40.060 (60465828)|HEAP_ALLOCATE|[46]|Bytes:5
14:16:40.060 (60471042)|STATEMENT_EXECUTE|[44]
14:16:40.060 (60479142)|STATEMENT_EXECUTE|[46]
14:16:40.060 (60481835)|STATEMENT_EXECUTE|[49]
14:16:40.060 (60591018)|HEAP_ALLOCATE|[EXTERNAL]|Bytes:-4
14:16:40.060 (60620897)|METHOD_EXIT|[2]|01p58000000n6Fr|SObjectData.addValuePair(String, String)
14:16:40.060 (60626577)|SYSTEM_MODE_EXIT|false
14:16:40.060 (60632418)|STATEMENT_EXECUTE|[4]
14:16:40.060 (60638666)|HEAP_ALLOCATE|[4]|Bytes:20
14:16:40.060 (60665554)|SYSTEM_MODE_ENTER|false
14:16:40.060 (60684980)|HEAP_ALLOCATE|[4]|Bytes:5
14:16:40.060 (60696985)|CONSTRUCTOR_ENTRY|[4]|01p58000000n6Fr|<init>(String)
14:16:40.060 (60719975)|VARIABLE_SCOPE_BEGIN|[7]|this|SObjectData|true|false
14:16:40.060 (60746817)|VARIABLE_ASSIGNMENT|[7]|this|{}|0x2e4bf132
14:16:40.060 (60752347)|VARIABLE_SCOPE_BEGIN|[7]|sobjectType|String|false|false
14:16:40.060 (60759744)|VARIABLE_ASSIGNMENT|[7]|sobjectType|"Test_objects__c"
14:16:40.060 (60767572)|HEAP_ALLOCATE|[2]|Bytes:5
14:16:40.060 (60772301)|STATEMENT_EXECUTE|[1]
14:16:40.060 (60775981)|HEAP_ALLOCATE|[2]|Bytes:5
14:16:40.060 (60779104)|STATEMENT_EXECUTE|[2]
14:16:40.060 (60783940)|HEAP_ALLOCATE|[2]|Bytes:4
14:16:40.060 (60807052)|VARIABLE_ASSIGNMENT|[2]|this.fieldMap|{"s":1,"v":{}}|0x2e4bf132
14:16:40.060 (60812950)|STATEMENT_EXECUTE|[3]
14:16:40.060 (60815606)|STATEMENT_EXECUTE|[4]
14:16:40.060 (60818418)|STATEMENT_EXECUTE|[5]
14:16:40.060 (60826288)|VARIABLE_SCOPE_BEGIN|[2]|this|System.ApexBaseClass|true|false
14:16:40.060 (60849784)|VARIABLE_ASSIGNMENT|[2]|this|{"fieldMap":"0x44938c17"}|0x2e4bf132
14:16:40.060 (60860048)|STATEMENT_EXECUTE|[7]
14:16:40.060 (60862940)|STATEMENT_EXECUTE|[8]
14:16:40.060 (60873598)|VARIABLE_ASSIGNMENT|[8]|this.sObjectType|"Test_objects__c"|0x2e4bf132
14:16:40.060 (60885596)|CONSTRUCTOR_EXIT|[4]|01p58000000n6Fr|<init>(String)
14:16:40.060 (60891862)|SYSTEM_MODE_EXIT|false
14:16:40.060 (60924050)|VARIABLE_ASSIGNMENT|[4]|d1|{"fieldMap":"0x44938c17","sObjectType":"Test_objects__c"}|0x2e4bf132
14:16:40.060 (60930955)|STATEMENT_EXECUTE|[5]
14:16:40.060 (60958159)|SYSTEM_MODE_ENTER|false
14:16:40.060 (60973513)|HEAP_ALLOCATE|[5]|Bytes:5
14:16:40.060 (60985787)|METHOD_ENTRY|[5]|01p58000000n6Fr|SObjectData.addValuePair(String, String)
14:16:40.061 (61003306)|VARIABLE_SCOPE_BEGIN|[44]|this|SObjectData|true|false
14:16:40.061 (61030989)|VARIABLE_ASSIGNMENT|[44]|this|{"fieldMap":"0x44938c17","sObjectType":"Test_objects__c"}|0x2e4bf132
14:16:40.061 (61036745)|VARIABLE_SCOPE_BEGIN|[44]|field|String|false|false
14:16:40.061 (61043019)|VARIABLE_ASSIGNMENT|[44]|field|"Name"
14:16:40.061 (61046187)|VARIABLE_SCOPE_BEGIN|[44]|value|String|false|false
14:16:40.061 (61051063)|VARIABLE_ASSIGNMENT|[44]|value|"x"
14:16:40.061 (61058923)|HEAP_ALLOCATE|[46]|Bytes:5
14:16:40.061 (61063929)|STATEMENT_EXECUTE|[44]
14:16:40.061 (61067777)|STATEMENT_EXECUTE|[46]
14:16:40.061 (61070210)|STATEMENT_EXECUTE|[49]
14:16:40.061 (61092773)|HEAP_ALLOCATE|[EXTERNAL]|Bytes:-4
14:16:40.061 (61113127)|METHOD_EXIT|[5]|01p58000000n6Fr|SObjectData.addValuePair(String, String)
14:16:40.061 (61118826)|SYSTEM_MODE_EXIT|false
14:16:40.061 (61124214)|STATEMENT_EXECUTE|[6]
14:16:40.061 (61149823)|SYSTEM_MODE_ENTER|false
14:16:40.061 (61165096)|HEAP_ALLOCATE|[6]|Bytes:5
14:16:40.061 (61181628)|METHOD_ENTRY|[6]|01p58000000n6Fr|SObjectData.setParent(SObjectData)
14:16:40.061 (61205939)|VARIABLE_SCOPE_BEGIN|[27]|this|SObjectData|true|false
14:16:40.061 (61232818)|VARIABLE_ASSIGNMENT|[27]|this|{"fieldMap":"0x44938c17","sObjectType":"Test_objects__c"}|0x2e4bf132
14:16:40.061 (61239272)|VARIABLE_SCOPE_BEGIN|[27]|o|SObjectData|true|false
14:16:40.061 (61257899)|VARIABLE_ASSIGNMENT|[27]|o|{"fieldMap":"0x11c0a071","sObjectType":"Test_objects__c"}|0x6e7edb56
14:16:40.061 (61267798)|HEAP_ALLOCATE|[28]|Bytes:5
14:16:40.061 (61272893)|STATEMENT_EXECUTE|[27]
14:16:40.061 (61275503)|STATEMENT_EXECUTE|[28]
14:16:40.061 (61282911)|VARIABLE_ASSIGNMENT|[28]|this.parent|0x6e7edb56|0x2e4bf132
14:16:40.061 (61292058)|METHOD_EXIT|[6]|01p58000000n6Fr|SObjectData.setParent(SObjectData)
14:16:40.061 (61297566)|SYSTEM_MODE_EXIT|false
14:16:40.061 (61302545)|STATEMENT_EXECUTE|[8]
14:16:40.061 (61327405)|SYSTEM_MODE_ENTER|false
14:16:40.061 (61342174)|HEAP_ALLOCATE|[8]|Bytes:5
14:16:40.061 (61357651)|METHOD_ENTRY|[8]|01p58000000n6Fr|SObjectData.addChild(SObjectData)
14:16:40.061 (61386404)|VARIABLE_SCOPE_BEGIN|[37]|this|SObjectData|true|false
14:16:40.061 (61412605)|VARIABLE_ASSIGNMENT|[37]|this|{"fieldMap":"0x11c0a071","sObjectType":"Test_objects__c"}|0x6e7edb56
14:16:40.061 (61419020)|VARIABLE_SCOPE_BEGIN|[37]|o|SObjectData|true|false
14:16:40.061 (61438637)|VARIABLE_ASSIGNMENT|[37]|o|{"fieldMap":"0x44938c17","parent":"0x6e7edb56","sObjectType":"Test_objects__c"}|0x2e4bf132
14:16:40.061 (61448632)|HEAP_ALLOCATE|[38]|Bytes:5
14:16:40.061 (61453598)|STATEMENT_EXECUTE|[37]
14:16:40.061 (61458865)|STATEMENT_EXECUTE|[38]
14:16:40.061 (61461590)|STATEMENT_EXECUTE|[39]
14:16:40.061 (61468267)|HEAP_ALLOCATE|[39]|Bytes:4
14:16:40.061 (61598510)|HEAP_ALLOCATE|[EXTERNAL]|Bytes:4
14:16:40.061 (61617096)|VARIABLE_ASSIGNMENT|[39]|this.children|{"s":1,"v":[]}|0x6e7edb56
14:16:40.061 (61622800)|STATEMENT_EXECUTE|[41]
14:16:40.061 (61679191)|HEAP_ALLOCATE|[EXTERNAL]|Bytes:4
14:16:40.061 (61705697)|METHOD_EXIT|[8]|01p58000000n6Fr|SObjectData.addChild(SObjectData)
14:16:40.061 (61711575)|SYSTEM_MODE_EXIT|false
14:16:40.061 (61717387)|STATEMENT_EXECUTE|[10]
14:16:40.061 (61724457)|HEAP_ALLOCATE|[10]|Bytes:22
14:16:40.061 (61743535)|METHOD_ENTRY|[1]|01p58000000n2RS|ScoringSchemeHelper.ScoringSchemeHelper()
14:16:40.061 (61748737)|STATEMENT_EXECUTE|[1]
14:16:40.061 (61752530)|STATEMENT_EXECUTE|[1]
14:16:40.061 (61757626)|SYSTEM_MODE_ENTER|false
14:16:40.061 (61762620)|HEAP_ALLOCATE|[10]|Bytes:5
14:16:40.061 (61767532)|SYSTEM_MODE_EXIT|false
14:16:40.061 (61775098)|METHOD_EXIT|[1]|ScoringSchemeHelper
14:16:40.061 (61793976)|HEAP_ALLOCATE|[10]|Bytes:8
14:16:40.061 (61824529)|SYSTEM_MODE_ENTER|false
14:16:40.061 (61847068)|HEAP_ALLOCATE|[10]|Bytes:5
14:16:40.061 (61869337)|CONSTRUCTOR_ENTRY|[10]|01p58000000n2RS|<init>()
14:16:40.061 (61903734)|VARIABLE_SCOPE_BEGIN|[1]|this|ScoringSchemeHelper|true|false
14:16:40.061 (61931201)|VARIABLE_ASSIGNMENT|[1]|this|{}|0x4d949c4
14:16:40.061 (61940559)|HEAP_ALLOCATE|[3]|Bytes:5
14:16:40.061 (61949635)|VARIABLE_SCOPE_BEGIN|[2]|this|System.ApexBaseClass|true|false
14:16:40.061 (61978944)|VARIABLE_ASSIGNMENT|[2]|this|{}|0x4d949c4
14:16:40.061 (61992630)|STATEMENT_EXECUTE|[1]
14:16:40.061 (61998781)|HEAP_ALLOCATE|[3]|Bytes:5
14:16:40.062 (62002590)|STATEMENT_EXECUTE|[3]
14:16:40.062 (62008860)|HEAP_ALLOCATE|[3]|Bytes:4
14:16:40.062 (62043590)|VARIABLE_ASSIGNMENT|[3]|this.childrenMap|{"s":1,"v":{}}|0x4d949c4
14:16:40.062 (62058751)|CONSTRUCTOR_EXIT|[10]|01p58000000n2RS|<init>()
14:16:40.062 (62063935)|SYSTEM_MODE_EXIT|false
14:16:40.062 (62102971)|VARIABLE_ASSIGNMENT|[10]|h|{"childrenMap":"0x79ab5e9e"}|0x4d949c4
14:16:40.062 (62113778)|STATEMENT_EXECUTE|[11]
14:16:40.062 (62122965)|HEAP_ALLOCATE|[11]|Bytes:4
14:16:40.062 (62186427)|SYSTEM_MODE_ENTER|false
14:16:40.062 (62202762)|HEAP_ALLOCATE|[11]|Bytes:5
14:16:40.062 (62236192)|METHOD_ENTRY|[11]|01p58000000n2RS|ScoringSchemeHelper.createSObjects(List<SObjectData>)
14:16:40.062 (62245978)|VARIABLE_SCOPE_BEGIN|[5]|this|ScoringSchemeHelper|true|false
14:16:40.062 (62270358)|VARIABLE_ASSIGNMENT|[5]|this|{"childrenMap":"0x79ab5e9e"}|0x4d949c4
14:16:40.062 (62277518)|VARIABLE_SCOPE_BEGIN|[5]|dataList|List<SObjectData>|true|false
14:16:40.062 (62289225)|HEAP_ALLOCATE|[EXTERNAL]|Bytes:8
14:16:40.062 (62317523)|VARIABLE_ASSIGNMENT|[5]|dataList|{"s":1,"v":[{"children":"0x15875464","fieldMap":"0x11c0a071","sObjectType":"Test_objects__c"}]}|0x615661a1
14:16:40.062 (62332036)|HEAP_ALLOCATE|[6]|Bytes:5
14:16:40.062 (62337253)|STATEMENT_EXECUTE|[5]
14:16:40.062 (62339938)|STATEMENT_EXECUTE|[6]
14:16:40.062 (62367148)|METHOD_ENTRY|[6]|01p58000000n2RS|ScoringSchemeHelper.createRoot(List<SObjectData>)
14:16:40.062 (62435498)|VARIABLE_SCOPE_BEGIN|[54]|this|ScoringSchemeHelper|true|false
14:16:40.062 (62460876)|VARIABLE_ASSIGNMENT|[54]|this|{"childrenMap":"0x79ab5e9e"}|0x4d949c4
14:16:40.062 (62468011)|VARIABLE_SCOPE_BEGIN|[54]|dataList|List<SObjectData>|true|false
14:16:40.062 (62496087)|VARIABLE_ASSIGNMENT|[54]|dataList|{"s":1,"v":[{"children":"0x15875464","fieldMap":"0x11c0a071","sObjectType":"Test_objects__c"}]}|0x615661a1
14:16:40.062 (62507804)|HEAP_ALLOCATE|[55]|Bytes:5
14:16:40.062 (62512876)|STATEMENT_EXECUTE|[54]
14:16:40.062 (62516366)|STATEMENT_EXECUTE|[55]
14:16:40.062 (62524311)|HEAP_ALLOCATE|[55]|Bytes:4
14:16:40.062 (62539792)|VARIABLE_SCOPE_BEGIN|[55]|rootObjects|Map<String,SObject>|true|false
14:16:40.062 (62560820)|VARIABLE_ASSIGNMENT|[55]|rootObjects|{"s":1,"v":{}}|0x8d1e93a
14:16:40.062 (62825900)|HEAP_ALLOCATE|[56]|Bytes:5
14:16:40.062 (62850180)|HEAP_ALLOCATE|[56]|Bytes:20
14:16:40.062 (62861823)|VARIABLE_SCOPE_BEGIN|[56]|obj|SObjectData|true|false
14:16:40.062 (62892455)|VARIABLE_ASSIGNMENT|[56]|obj|{"children":"0x15875464","fieldMap":"0x11c0a071","sObjectType":"Test_objects__c"}|0x6e7edb56
14:16:40.062 (62900374)|STATEMENT_EXECUTE|[56]
14:16:40.062 (62903246)|STATEMENT_EXECUTE|[57]
14:16:40.062 (62920928)|METHOD_ENTRY|[57]|01p58000000n2RS|ScoringSchemeHelper.generateRandomString(Integer)
14:16:40.062 (62949695)|HEAP_ALLOCATE|[79]|Bytes:4
14:16:40.062 (62956431)|VARIABLE_SCOPE_BEGIN|[78]|len|Integer|false|false
14:16:40.062 (62965211)|VARIABLE_ASSIGNMENT|[78]|len|18
14:16:40.062 (62973262)|HEAP_ALLOCATE|[79]|Bytes:5
14:16:40.062 (62977425)|STATEMENT_EXECUTE|[78]
14:16:40.062 (62980006)|STATEMENT_EXECUTE|[79]
14:16:40.062 (62983405)|HEAP_ALLOCATE|[79]|Bytes:62
14:16:40.062 (62988247)|VARIABLE_SCOPE_BEGIN|[79]|chars|String|false|false
14:16:40.063 (63002485)|VARIABLE_ASSIGNMENT|[79]|chars|"ABCDEFGHIJKLMNOPQRST (42 more) ..."
14:16:40.063 (63007850)|STATEMENT_EXECUTE|[80]
14:16:40.063 (63012511)|VARIABLE_SCOPE_BEGIN|[80]|randStr|String|false|false
14:16:40.063 (63019343)|VARIABLE_ASSIGNMENT|[80]|randStr|""
14:16:40.063 (63091694)|STATEMENT_EXECUTE|[81]
14:16:40.063 (63095705)|STATEMENT_EXECUTE|[82]
14:16:40.063 (63305990)|VARIABLE_SCOPE_BEGIN|[2]|Math.E|Double|false|true
14:16:40.063 (63313054)|VARIABLE_SCOPE_BEGIN|[3]|Math.PI|Double|false|true
14:16:40.063 (63586704)|VARIABLE_SCOPE_BEGIN|[82]|idx|Integer|false|false
14:16:40.063 (63593090)|HEAP_ALLOCATE|[82]|Bytes:4
14:16:40.063 (63603138)|VARIABLE_ASSIGNMENT|[82]|idx|21
14:16:40.063 (63607373)|STATEMENT_EXECUTE|[83]
14:16:40.063 (63656895)|HEAP_ALLOCATE|[83]|Bytes:1
14:16:40.063 (63686170)|HEAP_ALLOCATE|[83]|Bytes:1
14:16:40.063 (63697981)|VARIABLE_ASSIGNMENT|[83]|randStr|"V"
14:16:40.063 (63722146)|STATEMENT_EXECUTE|[81]
14:16:40.063 (63725608)|STATEMENT_EXECUTE|[82]
14:16:40.063 (63833636)|VARIABLE_SCOPE_BEGIN|[82]|idx|Integer|false|false
14:16:40.063 (63839106)|HEAP_ALLOCATE|[82]|Bytes:4
14:16:40.063 (63848239)|VARIABLE_ASSIGNMENT|[82]|idx|40
14:16:40.063 (63852309)|STATEMENT_EXECUTE|[83]
14:16:40.063 (63876071)|HEAP_ALLOCATE|[83]|Bytes:1
14:16:40.063 (63893112)|HEAP_ALLOCATE|[83]|Bytes:2
14:16:40.063 (63902966)|VARIABLE_ASSIGNMENT|[83]|randStr|"Ve"
14:16:40.063 (63924888)|STATEMENT_EXECUTE|[81]
14:16:40.063 (63928289)|STATEMENT_EXECUTE|[82]
14:16:40.064 (64032205)|VARIABLE_SCOPE_BEGIN|[82]|idx|Integer|false|false
14:16:40.064 (64038188)|HEAP_ALLOCATE|[82]|Bytes:4
14:16:40.064 (64047350)|VARIABLE_ASSIGNMENT|[82]|idx|51
14:16:40.064 (64051233)|STATEMENT_EXECUTE|[83]
14:16:40.064 (64074600)|HEAP_ALLOCATE|[83]|Bytes:1
14:16:40.064 (64091127)|HEAP_ALLOCATE|[83]|Bytes:3
14:16:40.064 (64101314)|VARIABLE_ASSIGNMENT|[83]|randStr|"Vep"
14:16:40.064 (64123192)|STATEMENT_EXECUTE|[81]
14:16:40.064 (64126558)|STATEMENT_EXECUTE|[82]
14:16:40.064 (64227565)|VARIABLE_SCOPE_BEGIN|[82]|idx|Integer|false|false
14:16:40.064 (64232948)|HEAP_ALLOCATE|[82]|Bytes:4
14:16:40.064 (64244932)|VARIABLE_ASSIGNMENT|[82]|idx|36
14:16:40.064 (64248961)|STATEMENT_EXECUTE|[83]
14:16:40.064 (64272696)|HEAP_ALLOCATE|[83]|Bytes:1
14:16:40.064 (64294360)|HEAP_ALLOCATE|[83]|Bytes:4
14:16:40.064 (64304614)|VARIABLE_ASSIGNMENT|[83]|randStr|"Vepa"
14:16:40.064 (64326551)|STATEMENT_EXECUTE|[81]
14:16:40.064 (64329941)|STATEMENT_EXECUTE|[82]
14:16:40.064 (64436909)|VARIABLE_SCOPE_BEGIN|[82]|idx|Integer|false|false
14:16:40.064 (64441962)|HEAP_ALLOCATE|[82]|Bytes:4
14:16:40.064 (64450780)|VARIABLE_ASSIGNMENT|[82]|idx|8
14:16:40.064 (64454624)|STATEMENT_EXECUTE|[83]
14:16:40.064 (64477524)|HEAP_ALLOCATE|[83]|Bytes:1
14:16:40.064 (64493899)|HEAP_ALLOCATE|[83]|Bytes:5
14:16:40.064 (64503630)|VARIABLE_ASSIGNMENT|[83]|randStr|"VepaI"
14:16:40.064 (64529022)|STATEMENT_EXECUTE|[81]
14:16:40.064 (64532754)|STATEMENT_EXECUTE|[82]
14:16:40.064 (64639819)|VARIABLE_SCOPE_BEGIN|[82]|idx|Integer|false|false
14:16:40.064 (64644913)|HEAP_ALLOCATE|[82]|Bytes:4
14:16:40.064 (64654255)|VARIABLE_ASSIGNMENT|[82]|idx|38
14:16:40.064 (64658070)|STATEMENT_EXECUTE|[83]
14:16:40.064 (64683626)|HEAP_ALLOCATE|[83]|Bytes:1
14:16:40.064 (64701327)|HEAP_ALLOCATE|[83]|Bytes:6
14:16:40.064 (64711331)|VARIABLE_ASSIGNMENT|[83]|randStr|"VepaIc"
14:16:40.064 (64735856)|STATEMENT_EXECUTE|[81]
14:16:40.064 (64739363)|STATEMENT_EXECUTE|[82]
14:16:40.064 (64840545)|VARIABLE_SCOPE_BEGIN|[82]|idx|Integer|false|false
14:16:40.064 (64845579)|HEAP_ALLOCATE|[82]|Bytes:4
14:16:40.064 (64854302)|VARIABLE_ASSIGNMENT|[82]|idx|61
14:16:40.064 (64858089)|STATEMENT_EXECUTE|[83]
14:16:40.064 (64880849)|HEAP_ALLOCATE|[83]|Bytes:1
14:16:40.064 (64897238)|HEAP_ALLOCATE|[83]|Bytes:7
14:16:40.064 (64907063)|VARIABLE_ASSIGNMENT|[83]|randStr|"VepaIcz"
14:16:40.064 (64928494)|STATEMENT_EXECUTE|[81]
14:16:40.064 (64931873)|STATEMENT_EXECUTE|[82]
14:16:40.065 (65041058)|VARIABLE_SCOPE_BEGIN|[82]|idx|Integer|false|false
14:16:40.065 (65046821)|HEAP_ALLOCATE|[82]|Bytes:4
14:16:40.065 (65055774)|VARIABLE_ASSIGNMENT|[82]|idx|22
14:16:40.065 (65059763)|STATEMENT_EXECUTE|[83]
14:16:40.065 (65083046)|HEAP_ALLOCATE|[83]|Bytes:1
14:16:40.065 (65099421)|HEAP_ALLOCATE|[83]|Bytes:8
14:16:40.065 (65109293)|VARIABLE_ASSIGNMENT|[83]|randStr|"VepaIczW"
14:16:40.065 (65130872)|STATEMENT_EXECUTE|[81]
14:16:40.065 (65134199)|STATEMENT_EXECUTE|[82]
14:16:40.065 (65236308)|VARIABLE_SCOPE_BEGIN|[82]|idx|Integer|false|false
14:16:40.065 (65241258)|HEAP_ALLOCATE|[82]|Bytes:4
14:16:40.065 (65249983)|VARIABLE_ASSIGNMENT|[82]|idx|34
14:16:40.065 (65253743)|STATEMENT_EXECUTE|[83]
14:16:40.065 (65276241)|HEAP_ALLOCATE|[83]|Bytes:1
14:16:40.065 (65292452)|HEAP_ALLOCATE|[83]|Bytes:9
14:16:40.065 (65302299)|VARIABLE_ASSIGNMENT|[83]|randStr|"VepaIczW8"
14:16:40.065 (65323841)|STATEMENT_EXECUTE|[81]
14:16:40.065 (65327262)|STATEMENT_EXECUTE|[82]
14:16:40.065 (65432785)|VARIABLE_SCOPE_BEGIN|[82]|idx|Integer|false|false
14:16:40.065 (65437928)|HEAP_ALLOCATE|[82]|Bytes:4
14:16:40.065 (65446978)|VARIABLE_ASSIGNMENT|[82]|idx|25
14:16:40.065 (65450721)|STATEMENT_EXECUTE|[83]
14:16:40.065 (65473885)|HEAP_ALLOCATE|[83]|Bytes:1
14:16:40.065 (65490408)|HEAP_ALLOCATE|[83]|Bytes:10
14:16:40.065 (65500404)|VARIABLE_ASSIGNMENT|[83]|randStr|"VepaIczW8Z"
14:16:40.065 (65525380)|STATEMENT_EXECUTE|[81]
14:16:40.065 (65528948)|STATEMENT_EXECUTE|[82]
14:16:40.065 (65633439)|VARIABLE_SCOPE_BEGIN|[82]|idx|Integer|false|false
14:16:40.065 (65638452)|HEAP_ALLOCATE|[82]|Bytes:4
14:16:40.065 (65651039)|VARIABLE_ASSIGNMENT|[82]|idx|50
14:16:40.065 (65655289)|STATEMENT_EXECUTE|[83]
14:16:40.065 (65678673)|HEAP_ALLOCATE|[83]|Bytes:1
14:16:40.065 (65695257)|HEAP_ALLOCATE|[83]|Bytes:11
14:16:40.065 (65705358)|VARIABLE_ASSIGNMENT|[83]|randStr|"VepaIczW8Zo"
14:16:40.065 (65727021)|STATEMENT_EXECUTE|[81]
14:16:40.065 (65730356)|STATEMENT_EXECUTE|[82]
14:16:40.065 (65830614)|VARIABLE_SCOPE_BEGIN|[82]|idx|Integer|false|false
14:16:40.065 (65835444)|HEAP_ALLOCATE|[82]|Bytes:4
14:16:40.065 (65844286)|VARIABLE_ASSIGNMENT|[82]|idx|18
14:16:40.065 (65847980)|STATEMENT_EXECUTE|[83]
14:16:40.065 (65871056)|HEAP_ALLOCATE|[83]|Bytes:1
14:16:40.065 (65887578)|HEAP_ALLOCATE|[83]|Bytes:12
14:16:40.065 (65897395)|VARIABLE_ASSIGNMENT|[83]|randStr|"VepaIczW8ZoS"
14:16:40.065 (65921952)|STATEMENT_EXECUTE|[81]
14:16:40.065 (65925443)|STATEMENT_EXECUTE|[82]
14:16:40.066 (66036609)|VARIABLE_SCOPE_BEGIN|[82]|idx|Integer|false|false
14:16:40.066 (66042423)|HEAP_ALLOCATE|[82]|Bytes:4
14:16:40.066 (66051600)|VARIABLE_ASSIGNMENT|[82]|idx|44
14:16:40.066 (66055484)|STATEMENT_EXECUTE|[83]
14:16:40.066 (66081578)|HEAP_ALLOCATE|[83]|Bytes:1
14:16:40.066 (66098964)|HEAP_ALLOCATE|[83]|Bytes:13
14:16:40.066 (66109379)|VARIABLE_ASSIGNMENT|[83]|randStr|"VepaIczW8ZoSi"
14:16:40.066 (66134531)|STATEMENT_EXECUTE|[81]
14:16:40.066 (66138000)|STATEMENT_EXECUTE|[82]
14:16:40.066 (66243832)|VARIABLE_SCOPE_BEGIN|[82]|idx|Integer|false|false
14:16:40.066 (66248985)|HEAP_ALLOCATE|[82]|Bytes:4
14:16:40.066 (66257891)|VARIABLE_ASSIGNMENT|[82]|idx|29
14:16:40.066 (66261692)|STATEMENT_EXECUTE|[83]
14:16:40.066 (66284236)|HEAP_ALLOCATE|[83]|Bytes:1
14:16:40.066 (66301083)|HEAP_ALLOCATE|[83]|Bytes:14
14:16:40.066 (66310901)|VARIABLE_ASSIGNMENT|[83]|randStr|"VepaIczW8ZoSi3"
14:16:40.066 (66332513)|STATEMENT_EXECUTE|[81]
14:16:40.066 (66335885)|STATEMENT_EXECUTE|[82]
14:16:40.066 (66448662)|VARIABLE_SCOPE_BEGIN|[82]|idx|Integer|false|false
14:16:40.066 (66453862)|HEAP_ALLOCATE|[82]|Bytes:4
14:16:40.066 (66462659)|VARIABLE_ASSIGNMENT|[82]|idx|29
14:16:40.066 (66466369)|STATEMENT_EXECUTE|[83]
14:16:40.066 (66489338)|HEAP_ALLOCATE|[83]|Bytes:1
14:16:40.066 (66505566)|HEAP_ALLOCATE|[83]|Bytes:15
14:16:40.066 (66516214)|VARIABLE_ASSIGNMENT|[83]|randStr|"VepaIczW8ZoSi33"
14:16:40.066 (66541695)|STATEMENT_EXECUTE|[81]
14:16:40.066 (66545214)|STATEMENT_EXECUTE|[82]
14:16:40.066 (66646116)|VARIABLE_SCOPE_BEGIN|[82]|idx|Integer|false|false
14:16:40.066 (66651076)|HEAP_ALLOCATE|[82]|Bytes:4
14:16:40.066 (66660173)|VARIABLE_ASSIGNMENT|[82]|idx|5
14:16:40.066 (66664034)|STATEMENT_EXECUTE|[83]
14:16:40.066 (66686957)|HEAP_ALLOCATE|[83]|Bytes:1
14:16:40.066 (66703379)|HEAP_ALLOCATE|[83]|Bytes:16
14:16:40.066 (66713557)|VARIABLE_ASSIGNMENT|[83]|randStr|"VepaIczW8ZoSi33F"
14:16:40.066 (66735403)|STATEMENT_EXECUTE|[81]
14:16:40.066 (66738721)|STATEMENT_EXECUTE|[82]
14:16:40.066 (66839509)|VARIABLE_SCOPE_BEGIN|[82]|idx|Integer|false|false
14:16:40.066 (66844466)|HEAP_ALLOCATE|[82]|Bytes:4
14:16:40.066 (66853072)|VARIABLE_ASSIGNMENT|[82]|idx|24
14:16:40.066 (66856861)|STATEMENT_EXECUTE|[83]
14:16:40.066 (66879425)|HEAP_ALLOCATE|[83]|Bytes:1
14:16:40.066 (66895576)|HEAP_ALLOCATE|[83]|Bytes:17
14:16:40.066 (66905827)|VARIABLE_ASSIGNMENT|[83]|randStr|"VepaIczW8ZoSi33FY"
14:16:40.066 (66927355)|STATEMENT_EXECUTE|[81]
14:16:40.066 (66930594)|STATEMENT_EXECUTE|[82]
14:16:40.067 (67037375)|VARIABLE_SCOPE_BEGIN|[82]|idx|Integer|false|false
14:16:40.067 (67042940)|HEAP_ALLOCATE|[82]|Bytes:4
14:16:40.067 (67051743)|VARIABLE_ASSIGNMENT|[82]|idx|21
14:16:40.067 (67055409)|STATEMENT_EXECUTE|[83]
14:16:40.067 (67078626)|HEAP_ALLOCATE|[83]|Bytes:1
14:16:40.067 (67095156)|HEAP_ALLOCATE|[83]|Bytes:18
14:16:40.067 (67105546)|VARIABLE_ASSIGNMENT|[83]|randStr|"VepaIczW8ZoSi33FYV"
14:16:40.067 (67127665)|STATEMENT_EXECUTE|[85]
14:16:40.067 (67136654)|METHOD_EXIT|[57]|01p58000000n2RS|ScoringSchemeHelper.generateRandomString(Integer)
14:16:40.067 (67142455)|VARIABLE_SCOPE_BEGIN|[57]|rId|String|false|false
14:16:40.067 (67150966)|VARIABLE_ASSIGNMENT|[57]|rId|"VepaIczW8ZoSi33FYV"
14:16:40.067 (67154652)|STATEMENT_EXECUTE|[58]
14:16:40.067 (67168264)|METHOD_ENTRY|[58]|01p58000000n2RS|ScoringSchemeHelper.createSObject(SObjectData)
14:16:40.067 (67196873)|VARIABLE_SCOPE_BEGIN|[11]|this|ScoringSchemeHelper|true|false
14:16:40.067 (67222603)|VARIABLE_ASSIGNMENT|[11]|this|{"childrenMap":"0x79ab5e9e"}|0x4d949c4
14:16:40.067 (67229326)|VARIABLE_SCOPE_BEGIN|[11]|obj|SObjectData|true|false
14:16:40.067 (67251252)|VARIABLE_ASSIGNMENT|[11]|obj|{"children":"0x15875464","fieldMap":"0x11c0a071","sObjectType":"Test_objects__c"}|0x6e7edb56
14:16:40.067 (67262466)|HEAP_ALLOCATE|[12]|Bytes:5
14:16:40.067 (67267637)|STATEMENT_EXECUTE|[11]
14:16:40.067 (67270261)|STATEMENT_EXECUTE|[12]
14:16:40.070 (70900640)|HEAP_ALLOCATE|[12]|Bytes:4
14:16:40.071 (71046918)|VARIABLE_SCOPE_BEGIN|[12]|scoringScheme|Test_Objects__c|true|false
14:16:40.071 (71069060)|VARIABLE_ASSIGNMENT|[12]|scoringScheme|{}|0x26e4ab89
14:16:40.071 (71080565)|HEAP_ALLOCATE|[13]|Bytes:4
14:16:40.071 (71130409)|METHOD_ENTRY|[13]|01p58000000n6Fr|SObjectData.getFieldMap()
14:16:40.071 (71139583)|VARIABLE_SCOPE_BEGIN|[52]|this|SObjectData|true|false
14:16:40.071 (71169992)|VARIABLE_ASSIGNMENT|[52]|this|{"children":"0x15875464","fieldMap":"0x11c0a071","sObjectType":"Test_objects__c"}|0x6e7edb56
14:16:40.071 (71181806)|HEAP_ALLOCATE|[53]|Bytes:5
14:16:40.071 (71187039)|STATEMENT_EXECUTE|[52]
14:16:40.071 (71189760)|STATEMENT_EXECUTE|[53]
14:16:40.071 (71199573)|METHOD_EXIT|[13]|01p58000000n6Fr|SObjectData.getFieldMap()
14:16:40.071 (71264180)|HEAP_ALLOCATE|[13]|Bytes:12
14:16:40.071 (71299392)|HEAP_ALLOCATE|[13]|Bytes:4
14:16:40.071 (71343883)|HEAP_ALLOCATE|[13]|Bytes:5
14:16:40.071 (71367817)|VARIABLE_SCOPE_BEGIN|[13]|field|String|false|false
14:16:40.071 (71379561)|VARIABLE_ASSIGNMENT|[13]|field|"Name"
14:16:40.071 (71384158)|STATEMENT_EXECUTE|[13]
14:16:40.071 (71386985)|STATEMENT_EXECUTE|[14]
14:16:40.071 (71395649)|METHOD_ENTRY|[14]|01p58000000n6Fr|SObjectData.getFieldMap()
14:16:40.071 (71420102)|VARIABLE_SCOPE_BEGIN|[52]|this|SObjectData|true|false
14:16:40.071 (71448674)|VARIABLE_ASSIGNMENT|[52]|this|{"children":"0x15875464","fieldMap":"0x11c0a071","sObjectType":"Test_objects__c"}|0x6e7edb56
14:16:40.071 (71459719)|HEAP_ALLOCATE|[53]|Bytes:5
14:16:40.071 (71464816)|STATEMENT_EXECUTE|[52]
14:16:40.071 (71467459)|STATEMENT_EXECUTE|[53]
14:16:40.071 (71475748)|METHOD_EXIT|[14]|01p58000000n6Fr|SObjectData.getFieldMap()
14:16:40.071 (71507430)|VARIABLE_SCOPE_BEGIN|[14]|value|String|false|false
14:16:40.071 (71519038)|VARIABLE_ASSIGNMENT|[14]|value|"x"
14:16:40.071 (71524833)|STATEMENT_EXECUTE|[15]
14:16:40.082 (82520446)|HEAP_ALLOCATE|[13]|Bytes:5
14:16:40.082 (82548325)|VARIABLE_ASSIGNMENT|[13]|field|null
14:16:40.082 (82554441)|STATEMENT_EXECUTE|[18]
14:16:40.082 (82564992)|METHOD_EXIT|[58]|01p58000000n2RS|ScoringSchemeHelper.createSObject(SObjectData)
14:16:40.082 (82595503)|HEAP_ALLOCATE|[EXTERNAL]|Bytes:-4
14:16:40.082 (82619612)|METHOD_ENTRY|[59]|01p58000000n6Fr|SObjectData.getChildren()
14:16:40.082 (82648642)|VARIABLE_SCOPE_BEGIN|[60]|this|SObjectData|true|false
14:16:40.082 (82683177)|VARIABLE_ASSIGNMENT|[60]|this|{"children":"0x15875464","fieldMap":"0x11c0a071","sObjectType":"Test_objects__c"}|0x6e7edb56
14:16:40.082 (82695160)|HEAP_ALLOCATE|[61]|Bytes:5
14:16:40.082 (82701019)|STATEMENT_EXECUTE|[60]
14:16:40.082 (82707175)|STATEMENT_EXECUTE|[61]
14:16:40.082 (82709871)|STATEMENT_EXECUTE|[64]
14:16:40.082 (82718581)|METHOD_EXIT|[59]|01p58000000n6Fr|SObjectData.getChildren()
14:16:40.082 (82739396)|STATEMENT_EXECUTE|[59]
14:16:40.082 (82742609)|STATEMENT_EXECUTE|[60]
14:16:40.082 (82749860)|METHOD_ENTRY|[60]|01p58000000n6Fr|SObjectData.getChildren()
14:16:40.082 (82769838)|VARIABLE_SCOPE_BEGIN|[60]|this|SObjectData|true|false
14:16:40.082 (82797987)|VARIABLE_ASSIGNMENT|[60]|this|{"children":"0x15875464","fieldMap":"0x11c0a071","sObjectType":"Test_objects__c"}|0x6e7edb56
14:16:40.082 (82808845)|HEAP_ALLOCATE|[61]|Bytes:5
14:16:40.082 (82814028)|STATEMENT_EXECUTE|[60]
14:16:40.082 (82818081)|STATEMENT_EXECUTE|[61]
14:16:40.082 (82820594)|STATEMENT_EXECUTE|[64]
14:16:40.082 (82828007)|METHOD_EXIT|[60]|01p58000000n6Fr|SObjectData.getChildren()
14:16:40.082 (82844420)|METHOD_ENTRY|[60]|01p58000000n2RS|ScoringSchemeHelper.createChildren(String, List<SObjectData>)
14:16:40.082 (82853082)|VARIABLE_SCOPE_BEGIN|[66]|this|ScoringSchemeHelper|true|false
14:16:40.082 (82876071)|VARIABLE_ASSIGNMENT|[66]|this|{"childrenMap":"0x79ab5e9e"}|0x4d949c4
14:16:40.082 (82883061)|VARIABLE_SCOPE_BEGIN|[66]|parentId|String|false|false
14:16:40.082 (82890614)|VARIABLE_ASSIGNMENT|[66]|parentId|"VepaIczW8ZoSi33FYV"
14:16:40.082 (82894932)|VARIABLE_SCOPE_BEGIN|[66]|childrenList|List<SObjectData>|true|false
14:16:40.082 (82922352)|VARIABLE_ASSIGNMENT|[66]|childrenList|{"s":1,"v":[{"fieldMap":"0x44938c17","parent":"0x6e7edb56","sObjectType":"Test_objects__c"}]}|0x15875464
14:16:40.082 (82933861)|HEAP_ALLOCATE|[67]|Bytes:5
14:16:40.082 (82939047)|STATEMENT_EXECUTE|[66]
14:16:40.082 (82941596)|STATEMENT_EXECUTE|[67]
14:16:40.082 (82947490)|HEAP_ALLOCATE|[67]|Bytes:4
14:16:40.082 (82958574)|VARIABLE_SCOPE_BEGIN|[67]|childObjects|Map<String,SObject>|true|false
14:16:40.082 (82979162)|VARIABLE_ASSIGNMENT|[67]|childObjects|{"s":1,"v":{}}|0x4fac9fdd
14:16:40.083 (83034581)|HEAP_ALLOCATE|[68]|Bytes:5
14:16:40.083 (83052888)|HEAP_ALLOCATE|[68]|Bytes:20
14:16:40.083 (83062016)|VARIABLE_SCOPE_BEGIN|[68]|obj|SObjectData|true|false
14:16:40.083 (83091048)|VARIABLE_ASSIGNMENT|[68]|obj|{"fieldMap":"0x44938c17","parent":"0x6e7edb56","sObjectType":"Test_objects__c"}|0x2e4bf132
14:16:40.083 (83098757)|STATEMENT_EXECUTE|[68]
14:16:40.083 (83101541)|STATEMENT_EXECUTE|[69]
14:16:40.083 (83111066)|METHOD_ENTRY|[69]|01p58000000n2RS|ScoringSchemeHelper.generateRandomString(Integer)
14:16:40.083 (83130950)|HEAP_ALLOCATE|[79]|Bytes:4
14:16:40.083 (83136039)|VARIABLE_SCOPE_BEGIN|[78]|len|Integer|false|false
14:16:40.083 (83144615)|VARIABLE_ASSIGNMENT|[78]|len|18
14:16:40.083 (83152378)|HEAP_ALLOCATE|[79]|Bytes:5
14:16:40.083 (83156456)|STATEMENT_EXECUTE|[78]
14:16:40.083 (83159072)|STATEMENT_EXECUTE|[79]
14:16:40.083 (83164353)|VARIABLE_SCOPE_BEGIN|[79]|chars|String|false|false
14:16:40.083 (83174080)|VARIABLE_ASSIGNMENT|[79]|chars|"ABCDEFGHIJKLMNOPQRST (42 more) ..."
14:16:40.083 (83177998)|STATEMENT_EXECUTE|[80]
14:16:40.083 (83181716)|VARIABLE_SCOPE_BEGIN|[80]|randStr|String|false|false
14:16:40.083 (83188268)|VARIABLE_ASSIGNMENT|[80]|randStr|""
14:16:40.083 (83217957)|STATEMENT_EXECUTE|[81]
14:16:40.083 (83221594)|STATEMENT_EXECUTE|[82]
14:16:40.083 (83348137)|VARIABLE_SCOPE_BEGIN|[82]|idx|Integer|false|false
14:16:40.083 (83353724)|HEAP_ALLOCATE|[82]|Bytes:4
14:16:40.083 (83363309)|VARIABLE_ASSIGNMENT|[82]|idx|28
14:16:40.083 (83367265)|STATEMENT_EXECUTE|[83]
14:16:40.083 (83392834)|HEAP_ALLOCATE|[83]|Bytes:1
14:16:40.083 (83410428)|HEAP_ALLOCATE|[83]|Bytes:1
14:16:40.083 (83420436)|VARIABLE_ASSIGNMENT|[83]|randStr|"2"
14:16:40.083 (83443203)|STATEMENT_EXECUTE|[81]
14:16:40.083 (83446633)|STATEMENT_EXECUTE|[82]
14:16:40.083 (83550624)|VARIABLE_SCOPE_BEGIN|[82]|idx|Integer|false|false
14:16:40.083 (83555896)|HEAP_ALLOCATE|[82]|Bytes:4
14:16:40.083 (83564920)|VARIABLE_ASSIGNMENT|[82]|idx|12
14:16:40.083 (83568768)|STATEMENT_EXECUTE|[83]
14:16:40.083 (83592039)|HEAP_ALLOCATE|[83]|Bytes:1
14:16:40.083 (83609114)|HEAP_ALLOCATE|[83]|Bytes:2
14:16:40.083 (83618793)|VARIABLE_ASSIGNMENT|[83]|randStr|"2M"
14:16:40.083 (83640742)|STATEMENT_EXECUTE|[81]
14:16:40.083 (83644178)|STATEMENT_EXECUTE|[82]
14:16:40.083 (83791527)|VARIABLE_SCOPE_BEGIN|[82]|idx|Integer|false|false
14:16:40.083 (83797357)|HEAP_ALLOCATE|[82]|Bytes:4
14:16:40.083 (83806918)|VARIABLE_ASSIGNMENT|[82]|idx|0
14:16:40.083 (83811018)|STATEMENT_EXECUTE|[83]
14:16:40.083 (83835004)|HEAP_ALLOCATE|[83]|Bytes:1
14:16:40.083 (83852125)|HEAP_ALLOCATE|[83]|Bytes:3
14:16:40.083 (83862114)|VARIABLE_ASSIGNMENT|[83]|randStr|"2MA"
14:16:40.083 (83884031)|STATEMENT_EXECUTE|[81]
14:16:40.083 (83887832)|STATEMENT_EXECUTE|[82]
14:16:40.083 (83989332)|VARIABLE_SCOPE_BEGIN|[82]|idx|Integer|false|false
14:16:40.083 (83994374)|HEAP_ALLOCATE|[82]|Bytes:4
14:16:40.084 (84003293)|VARIABLE_ASSIGNMENT|[82]|idx|26
14:16:40.084 (84007909)|STATEMENT_EXECUTE|[83]
14:16:40.084 (84030890)|HEAP_ALLOCATE|[83]|Bytes:1
14:16:40.084 (84047544)|HEAP_ALLOCATE|[83]|Bytes:4
14:16:40.084 (84057422)|VARIABLE_ASSIGNMENT|[83]|randStr|"2MA0"
14:16:40.084 (84079427)|STATEMENT_EXECUTE|[81]
14:16:40.084 (84082920)|STATEMENT_EXECUTE|[82]
14:16:40.084 (84183121)|VARIABLE_SCOPE_BEGIN|[82]|idx|Integer|false|false
14:16:40.084 (84187960)|HEAP_ALLOCATE|[82]|Bytes:4
14:16:40.084 (84196641)|VARIABLE_ASSIGNMENT|[82]|idx|20
14:16:40.084 (84200318)|STATEMENT_EXECUTE|[83]
14:16:40.084 (84222919)|HEAP_ALLOCATE|[83]|Bytes:1
14:16:40.084 (84239515)|HEAP_ALLOCATE|[83]|Bytes:5
14:16:40.084 (84249280)|VARIABLE_ASSIGNMENT|[83]|randStr|"2MA0U"
14:16:40.084 (84270849)|STATEMENT_EXECUTE|[81]
14:16:40.084 (84274166)|STATEMENT_EXECUTE|[82]
14:16:40.084 (84382732)|VARIABLE_SCOPE_BEGIN|[82]|idx|Integer|false|false
14:16:40.084 (84387767)|HEAP_ALLOCATE|[82]|Bytes:4
14:16:40.084 (84396750)|VARIABLE_ASSIGNMENT|[82]|idx|6
14:16:40.084 (84400594)|STATEMENT_EXECUTE|[83]
14:16:40.084 (84423778)|HEAP_ALLOCATE|[83]|Bytes:1
14:16:40.084 (84440548)|HEAP_ALLOCATE|[83]|Bytes:6
14:16:40.084 (84450222)|VARIABLE_ASSIGNMENT|[83]|randStr|"2MA0UG"
14:16:40.084 (84474508)|STATEMENT_EXECUTE|[81]
14:16:40.084 (84479739)|STATEMENT_EXECUTE|[82]
14:16:40.084 (84583111)|VARIABLE_SCOPE_BEGIN|[82]|idx|Integer|false|false
14:16:40.084 (84587985)|HEAP_ALLOCATE|[82]|Bytes:4
14:16:40.084 (84597041)|VARIABLE_ASSIGNMENT|[82]|idx|0
14:16:40.084 (84600811)|STATEMENT_EXECUTE|[83]
14:16:40.084 (84623666)|HEAP_ALLOCATE|[83]|Bytes:1
14:16:40.084 (84640512)|HEAP_ALLOCATE|[83]|Bytes:7
14:16:40.084 (84652815)|VARIABLE_ASSIGNMENT|[83]|randStr|"2MA0UGA"
14:16:40.084 (84680296)|STATEMENT_EXECUTE|[81]
14:16:40.084 (84683770)|STATEMENT_EXECUTE|[82]
14:16:40.084 (84795580)|VARIABLE_SCOPE_BEGIN|[82]|idx|Integer|false|false
14:16:40.084 (84801508)|HEAP_ALLOCATE|[82]|Bytes:4
14:16:40.084 (84810981)|VARIABLE_ASSIGNMENT|[82]|idx|41
14:16:40.084 (84814836)|STATEMENT_EXECUTE|[83]
14:16:40.084 (84839063)|HEAP_ALLOCATE|[83]|Bytes:1
14:16:40.084 (84855840)|HEAP_ALLOCATE|[83]|Bytes:8
14:16:40.084 (84865885)|VARIABLE_ASSIGNMENT|[83]|randStr|"2MA0UGAf"
14:16:40.084 (84888061)|STATEMENT_EXECUTE|[81]
14:16:40.084 (84891446)|STATEMENT_EXECUTE|[82]
14:16:40.084 (84991817)|VARIABLE_SCOPE_BEGIN|[82]|idx|Integer|false|false
14:16:40.084 (84996891)|HEAP_ALLOCATE|[82]|Bytes:4
14:16:40.085 (85005824)|VARIABLE_ASSIGNMENT|[82]|idx|37
14:16:40.085 (85010373)|STATEMENT_EXECUTE|[83]
14:16:40.085 (85033044)|HEAP_ALLOCATE|[83]|Bytes:1
14:16:40.085 (85049692)|HEAP_ALLOCATE|[83]|Bytes:9
14:16:40.085 (85059610)|VARIABLE_ASSIGNMENT|[83]|randStr|"2MA0UGAfb"
14:16:40.085 (85081453)|STATEMENT_EXECUTE|[81]
14:16:40.085 (85084896)|STATEMENT_EXECUTE|[82]
14:16:40.085 (85185409)|VARIABLE_SCOPE_BEGIN|[82]|idx|Integer|false|false
14:16:40.085 (85190649)|HEAP_ALLOCATE|[82]|Bytes:4
14:16:40.085 (85199496)|VARIABLE_ASSIGNMENT|[82]|idx|32
14:16:40.085 (85203198)|STATEMENT_EXECUTE|[83]
14:16:40.085 (85225922)|HEAP_ALLOCATE|[83]|Bytes:1
14:16:40.085 (85242659)|HEAP_ALLOCATE|[83]|Bytes:10
14:16:40.085 (85252477)|VARIABLE_ASSIGNMENT|[83]|randStr|"2MA0UGAfb6"
14:16:40.085 (85274219)|STATEMENT_EXECUTE|[81]
14:16:40.085 (85277580)|STATEMENT_EXECUTE|[82]
14:16:40.085 (85404342)|VARIABLE_SCOPE_BEGIN|[82]|idx|Integer|false|false
14:16:40.085 (85409576)|HEAP_ALLOCATE|[82]|Bytes:4
14:16:40.085 (85418771)|VARIABLE_ASSIGNMENT|[82]|idx|22
14:16:40.085 (85422551)|STATEMENT_EXECUTE|[83]
14:16:40.085 (85445570)|HEAP_ALLOCATE|[83]|Bytes:1
14:16:40.085 (85462233)|HEAP_ALLOCATE|[83]|Bytes:11
14:16:40.085 (85474096)|VARIABLE_ASSIGNMENT|[83]|randStr|"2MA0UGAfb6W"
14:16:40.085 (85497910)|STATEMENT_EXECUTE|[81]
14:16:40.085 (85501207)|STATEMENT_EXECUTE|[82]
14:16:40.085 (85601603)|VARIABLE_SCOPE_BEGIN|[82]|idx|Integer|false|false
14:16:40.085 (85606595)|HEAP_ALLOCATE|[82]|Bytes:4
14:16:40.085 (85615713)|VARIABLE_ASSIGNMENT|[82]|idx|37
14:16:40.085 (85619450)|STATEMENT_EXECUTE|[83]
14:16:40.085 (85642053)|HEAP_ALLOCATE|[83]|Bytes:1
14:16:40.085 (85658572)|HEAP_ALLOCATE|[83]|Bytes:12
14:16:40.085 (85668320)|VARIABLE_ASSIGNMENT|[83]|randStr|"2MA0UGAfb6Wb"
14:16:40.085 (85690277)|STATEMENT_EXECUTE|[81]
14:16:40.085 (85693700)|STATEMENT_EXECUTE|[82]
14:16:40.085 (85793363)|VARIABLE_SCOPE_BEGIN|[82]|idx|Integer|false|false
14:16:40.085 (85798217)|HEAP_ALLOCATE|[82]|Bytes:4
14:16:40.085 (85807216)|VARIABLE_ASSIGNMENT|[82]|idx|45
14:16:40.085 (85810884)|STATEMENT_EXECUTE|[83]
14:16:40.085 (85833022)|HEAP_ALLOCATE|[83]|Bytes:1
14:16:40.085 (85849480)|HEAP_ALLOCATE|[83]|Bytes:13
14:16:40.085 (85859347)|VARIABLE_ASSIGNMENT|[83]|randStr|"2MA0UGAfb6Wbj"
14:16:40.085 (85880788)|STATEMENT_EXECUTE|[81]
14:16:40.085 (85884076)|STATEMENT_EXECUTE|[82]
14:16:40.085 (85983840)|VARIABLE_SCOPE_BEGIN|[82]|idx|Integer|false|false
14:16:40.085 (85988792)|HEAP_ALLOCATE|[82]|Bytes:4
14:16:40.085 (85997621)|VARIABLE_ASSIGNMENT|[82]|idx|31
14:16:40.086 (86001558)|STATEMENT_EXECUTE|[83]
14:16:40.086 (86025112)|HEAP_ALLOCATE|[83]|Bytes:1
14:16:40.086 (86041780)|HEAP_ALLOCATE|[83]|Bytes:14
14:16:40.086 (86051612)|VARIABLE_ASSIGNMENT|[83]|randStr|"2MA0UGAfb6Wbj5"
14:16:40.086 (86072936)|STATEMENT_EXECUTE|[81]
14:16:40.086 (86076222)|STATEMENT_EXECUTE|[82]
14:16:40.086 (86176158)|VARIABLE_SCOPE_BEGIN|[82]|idx|Integer|false|false
14:16:40.086 (86181033)|HEAP_ALLOCATE|[82]|Bytes:4
14:16:40.086 (86189913)|VARIABLE_ASSIGNMENT|[82]|idx|31
14:16:40.086 (86193727)|STATEMENT_EXECUTE|[83]
14:16:40.086 (86216482)|HEAP_ALLOCATE|[83]|Bytes:1
14:16:40.086 (86232820)|HEAP_ALLOCATE|[83]|Bytes:15
14:16:40.086 (86242652)|VARIABLE_ASSIGNMENT|[83]|randStr|"2MA0UGAfb6Wbj55"
14:16:40.086 (86264263)|STATEMENT_EXECUTE|[81]
14:16:40.086 (86267609)|STATEMENT_EXECUTE|[82]
14:16:40.086 (86380954)|VARIABLE_SCOPE_BEGIN|[82]|idx|Integer|false|false
14:16:40.086 (86386067)|HEAP_ALLOCATE|[82]|Bytes:4
14:16:40.086 (86395107)|VARIABLE_ASSIGNMENT|[82]|idx|21
14:16:40.086 (86399077)|STATEMENT_EXECUTE|[83]
14:16:40.086 (86422355)|HEAP_ALLOCATE|[83]|Bytes:1
14:16:40.086 (86438952)|HEAP_ALLOCATE|[83]|Bytes:16
14:16:40.086 (86449061)|VARIABLE_ASSIGNMENT|[83]|randStr|"2MA0UGAfb6Wbj55V"
14:16:40.086 (86471977)|STATEMENT_EXECUTE|[81]
14:16:40.086 (86476932)|STATEMENT_EXECUTE|[82]
14:16:40.086 (86606820)|VARIABLE_SCOPE_BEGIN|[82]|idx|Integer|false|false
14:16:40.086 (86612459)|HEAP_ALLOCATE|[82]|Bytes:4
14:16:40.086 (86624332)|VARIABLE_ASSIGNMENT|[82]|idx|28
14:16:40.086 (86630942)|STATEMENT_EXECUTE|[83]
14:16:40.086 (86657249)|HEAP_ALLOCATE|[83]|Bytes:1
14:16:40.086 (86674320)|HEAP_ALLOCATE|[83]|Bytes:17
14:16:40.086 (86684986)|VARIABLE_ASSIGNMENT|[83]|randStr|"2MA0UGAfb6Wbj55V2"
14:16:40.086 (86707064)|STATEMENT_EXECUTE|[81]
14:16:40.086 (86710398)|STATEMENT_EXECUTE|[82]
14:16:40.086 (86811622)|VARIABLE_SCOPE_BEGIN|[82]|idx|Integer|false|false
14:16:40.086 (86816660)|HEAP_ALLOCATE|[82]|Bytes:4
14:16:40.086 (86825667)|VARIABLE_ASSIGNMENT|[82]|idx|3
14:16:40.086 (86829770)|STATEMENT_EXECUTE|[83]
14:16:40.086 (86852670)|HEAP_ALLOCATE|[83]|Bytes:1
14:16:40.086 (86869422)|HEAP_ALLOCATE|[83]|Bytes:18
14:16:40.086 (86879449)|VARIABLE_ASSIGNMENT|[83]|randStr|"2MA0UGAfb6Wbj55V2D"
14:16:40.086 (86901377)|STATEMENT_EXECUTE|[85]
14:16:40.086 (86910228)|METHOD_EXIT|[69]|01p58000000n2RS|ScoringSchemeHelper.generateRandomString(Integer)
14:16:40.086 (86915993)|VARIABLE_SCOPE_BEGIN|[69]|rId|String|false|false
14:16:40.086 (86924583)|VARIABLE_ASSIGNMENT|[69]|rId|"2MA0UGAfb6Wbj55V2D"
14:16:40.086 (86928395)|STATEMENT_EXECUTE|[70]
14:16:40.086 (86937722)|METHOD_ENTRY|[70]|01p58000000n2RS|ScoringSchemeHelper.createSObject(SObjectData)
14:16:40.086 (86958650)|VARIABLE_SCOPE_BEGIN|[11]|this|ScoringSchemeHelper|true|false
14:16:40.086 (86983951)|VARIABLE_ASSIGNMENT|[11]|this|{"childrenMap":"0x79ab5e9e"}|0x4d949c4
14:16:40.086 (86989525)|VARIABLE_SCOPE_BEGIN|[11]|obj|SObjectData|true|false
14:16:40.087 (87010884)|VARIABLE_ASSIGNMENT|[11]|obj|{"fieldMap":"0x44938c17","parent":"0x6e7edb56","sObjectType":"Test_objects__c"}|0x2e4bf132
14:16:40.087 (87022518)|HEAP_ALLOCATE|[12]|Bytes:5
14:16:40.087 (87027496)|STATEMENT_EXECUTE|[11]
14:16:40.087 (87030146)|STATEMENT_EXECUTE|[12]
14:16:40.087 (87049250)|HEAP_ALLOCATE|[12]|Bytes:4
14:16:40.087 (87068052)|VARIABLE_SCOPE_BEGIN|[12]|scoringScheme|Test_Objects__c|true|false
14:16:40.087 (87082857)|VARIABLE_ASSIGNMENT|[12]|scoringScheme|{}|0x35d9f7e3
14:16:40.087 (87089744)|HEAP_ALLOCATE|[13]|Bytes:4
14:16:40.087 (87107570)|METHOD_ENTRY|[13]|01p58000000n6Fr|SObjectData.getFieldMap()
14:16:40.087 (87113389)|VARIABLE_SCOPE_BEGIN|[52]|this|SObjectData|true|false
14:16:40.087 (87139953)|VARIABLE_ASSIGNMENT|[52]|this|{"fieldMap":"0x44938c17","parent":"0x6e7edb56","sObjectType":"Test_objects__c"}|0x2e4bf132
14:16:40.087 (87150700)|HEAP_ALLOCATE|[53]|Bytes:5
14:16:40.087 (87155505)|STATEMENT_EXECUTE|[52]
14:16:40.087 (87158170)|STATEMENT_EXECUTE|[53]
14:16:40.087 (87166148)|METHOD_EXIT|[13]|01p58000000n6Fr|SObjectData.getFieldMap()
14:16:40.087 (87200133)|HEAP_ALLOCATE|[13]|Bytes:12
14:16:40.087 (87228576)|HEAP_ALLOCATE|[13]|Bytes:4
14:16:40.087 (87261683)|HEAP_ALLOCATE|[13]|Bytes:5
14:16:40.087 (87277352)|VARIABLE_SCOPE_BEGIN|[13]|field|String|false|false
14:16:40.087 (87287962)|VARIABLE_ASSIGNMENT|[13]|field|"Name"
14:16:40.087 (87292537)|STATEMENT_EXECUTE|[13]
14:16:40.087 (87295264)|STATEMENT_EXECUTE|[14]
14:16:40.087 (87301654)|METHOD_ENTRY|[14]|01p58000000n6Fr|SObjectData.getFieldMap()
14:16:40.087 (87306662)|VARIABLE_SCOPE_BEGIN|[52]|this|SObjectData|true|false
14:16:40.087 (87336912)|VARIABLE_ASSIGNMENT|[52]|this|{"fieldMap":"0x44938c17","parent":"0x6e7edb56","sObjectType":"Test_objects__c"}|0x2e4bf132
14:16:40.087 (87347703)|HEAP_ALLOCATE|[53]|Bytes:5
14:16:40.087 (87352477)|STATEMENT_EXECUTE|[52]
14:16:40.087 (87355062)|STATEMENT_EXECUTE|[53]
14:16:40.087 (87362871)|METHOD_EXIT|[14]|01p58000000n6Fr|SObjectData.getFieldMap()
14:16:40.087 (87391147)|VARIABLE_SCOPE_BEGIN|[14]|value|String|false|false
14:16:40.087 (87401137)|VARIABLE_ASSIGNMENT|[14]|value|"x"
14:16:40.087 (87405151)|STATEMENT_EXECUTE|[15]
14:16:40.087 (87497612)|HEAP_ALLOCATE|[13]|Bytes:5
14:16:40.087 (87515948)|VARIABLE_ASSIGNMENT|[13]|field|null
14:16:40.087 (87521072)|STATEMENT_EXECUTE|[18]
14:16:40.087 (87529214)|METHOD_EXIT|[70]|01p58000000n2RS|ScoringSchemeHelper.createSObject(SObjectData)
14:16:40.087 (87552656)|HEAP_ALLOCATE|[EXTERNAL]|Bytes:-4
14:16:40.087 (87572131)|METHOD_ENTRY|[71]|01p58000000n6Fr|SObjectData.getChildren()
14:16:40.087 (87592673)|VARIABLE_SCOPE_BEGIN|[60]|this|SObjectData|true|false
14:16:40.087 (87620530)|VARIABLE_ASSIGNMENT|[60]|this|{"fieldMap":"0x44938c17","parent":"0x6e7edb56","sObjectType":"Test_objects__c"}|0x2e4bf132
14:16:40.087 (87630979)|HEAP_ALLOCATE|[61]|Bytes:5
14:16:40.087 (87636364)|STATEMENT_EXECUTE|[60]
14:16:40.087 (87640016)|STATEMENT_EXECUTE|[61]
14:16:40.087 (87642576)|STATEMENT_EXECUTE|[62]
14:16:40.087 (87647254)|HEAP_ALLOCATE|[62]|Bytes:4
14:16:40.087 (87693184)|HEAP_ALLOCATE|[EXTERNAL]|Bytes:4
14:16:40.087 (87709925)|VARIABLE_ASSIGNMENT|[62]|this.children|{"s":1,"v":[]}|0x2e4bf132
14:16:40.087 (87715329)|STATEMENT_EXECUTE|[64]
14:16:40.087 (87723970)|METHOD_EXIT|[71]|01p58000000n6Fr|SObjectData.getChildren()
14:16:40.087 (87742287)|STATEMENT_EXECUTE|[71]
14:16:40.087 (87757007)|HEAP_ALLOCATE|[68]|Bytes:5
14:16:40.087 (87772786)|VARIABLE_ASSIGNMENT|[68]|obj|null|
14:16:40.087 (87777603)|STATEMENT_EXECUTE|[75]
14:16:40.087 (87829191)|HEAP_ALLOCATE|[EXTERNAL]|Bytes:-4
14:16:40.087 (87852779)|METHOD_EXIT|[60]|01p58000000n2RS|ScoringSchemeHelper.createChildren(String, List<SObjectData>)
14:16:40.087 (87869886)|HEAP_ALLOCATE|[56]|Bytes:5
14:16:40.087 (87885903)|VARIABLE_ASSIGNMENT|[56]|obj|null|
14:16:40.087 (87890613)|STATEMENT_EXECUTE|[63]
14:16:40.087 (87898228)|METHOD_EXIT|[6]|01p58000000n2RS|ScoringSchemeHelper.createRoot(List<SObjectData>)
14:16:40.087 (87904105)|VARIABLE_SCOPE_BEGIN|[6]|root|Map<String,SObject>|true|false
14:16:40.087 (87924982)|VARIABLE_ASSIGNMENT|[6]|root|{"s":1,"v":{"VepaIczW8ZoSi33FYV":{"Name":"x"}}}|0x8d1e93a
14:16:40.087 (87930730)|STATEMENT_EXECUTE|[7]
14:16:40.087 (87946582)|METHOD_ENTRY|[7]|01p58000000n2RS|ScoringSchemeHelper.insertSObjects(Map<String,SObject>)
14:16:40.087 (87974219)|VARIABLE_SCOPE_BEGIN|[25]|this|ScoringSchemeHelper|true|false
14:16:40.087 (87998464)|VARIABLE_ASSIGNMENT|[25]|this|{"childrenMap":"0x79ab5e9e"}|0x4d949c4
14:16:40.088 (88005459)|VARIABLE_SCOPE_BEGIN|[25]|objMap|Map<String,SObject>|true|false
14:16:40.088 (88022777)|VARIABLE_ASSIGNMENT|[25]|objMap|{"s":1,"v":{"VepaIczW8ZoSi33FYV":{"Name":"x"}}}|0x8d1e93a
14:16:40.088 (88032815)|HEAP_ALLOCATE|[26]|Bytes:5
14:16:40.088 (88038004)|STATEMENT_EXECUTE|[25]
14:16:40.088 (88040617)|STATEMENT_EXECUTE|[26]
14:16:40.088 (88042850)|STATEMENT_EXECUTE|[26]
14:16:40.088 (88045067)|STATEMENT_EXECUTE|[27]
14:16:40.088 (88089797)|HEAP_ALLOCATE|[EXTERNAL]|Bytes:8
14:16:40.088 (88101437)|HEAP_ALLOCATE|[27]|Bytes:21
14:16:40.088 (88178793)|DML_BEGIN|[27]|Op:Insert|Type:SObject|Rows:1
14:16:40.088 (88206516)|HEAP_ALLOCATE|[EXTERNAL]|Bytes:8
14:16:40.128 (128627265)|DML_END|[27]
14:16:40.128 (128730546)|HEAP_ALLOCATE|[EXTERNAL]|Bytes:8
14:16:40.128 (128749620)|HEAP_ALLOCATE|[28]|Bytes:4
14:16:40.128 (128833470)|HEAP_ALLOCATE|[28]|Bytes:26
14:16:40.128 (128870356)|HEAP_ALLOCATE|[28]|Bytes:4
14:16:40.128 (128919553)|HEAP_ALLOCATE|[28]|Bytes:5
14:16:40.128 (128945199)|VARIABLE_SCOPE_BEGIN|[28]|key|String|false|false
14:16:40.128 (128962812)|VARIABLE_ASSIGNMENT|[28]|key|"VepaIczW8ZoSi33FYV"
14:16:40.128 (128968983)|STATEMENT_EXECUTE|[28]
14:16:40.129 (129027640)|STATEMENT_EXECUTE|[29]
14:16:40.129 (129032594)|STATEMENT_EXECUTE|[30]
14:16:40.129 (129128373)|HEAP_ALLOCATE|[30]|Bytes:18
14:16:40.129 (129184830)|METHOD_ENTRY|[30]|01p58000000n2RS|ScoringSchemeHelper.insertSObjects(String, Map<String,SObject>)
14:16:40.129 (129195341)|VARIABLE_SCOPE_BEGIN|[38]|this|ScoringSchemeHelper|true|false
14:16:40.129 (129230079)|VARIABLE_ASSIGNMENT|[38]|this|{"childrenMap":"0x79ab5e9e"}|0x4d949c4
14:16:40.129 (129237325)|VARIABLE_SCOPE_BEGIN|[38]|parentId|String|false|false
14:16:40.129 (129244778)|VARIABLE_ASSIGNMENT|[38]|parentId|"a0w58000000GsZ9AAK"
14:16:40.129 (129248995)|VARIABLE_SCOPE_BEGIN|[38]|objMap|Map<String,SObject>|true|false
14:16:40.129 (129270125)|VARIABLE_ASSIGNMENT|[38]|objMap|{"s":1,"v":{"2MA0UGAfb6Wbj55V2D":{"Name":"x"}}}|0x4fac9fdd
14:16:40.129 (129281423)|HEAP_ALLOCATE|[39]|Bytes:5
14:16:40.129 (129286968)|STATEMENT_EXECUTE|[38]
14:16:40.129 (129289918)|STATEMENT_EXECUTE|[39]
14:16:40.129 (129292288)|STATEMENT_EXECUTE|[39]
14:16:40.129 (129299260)|HEAP_ALLOCATE|[40]|Bytes:4
14:16:40.129 (129364258)|HEAP_ALLOCATE|[40]|Bytes:26
14:16:40.129 (129395006)|HEAP_ALLOCATE|[40]|Bytes:4
14:16:40.129 (129433362)|HEAP_ALLOCATE|[40]|Bytes:5
14:16:40.129 (129452173)|VARIABLE_SCOPE_BEGIN|[40]|key|String|false|false
14:16:40.129 (129464273)|VARIABLE_ASSIGNMENT|[40]|key|"2MA0UGAfb6Wbj55V2D"
14:16:40.129 (129469406)|STATEMENT_EXECUTE|[40]
14:16:40.129 (129472223)|STATEMENT_EXECUTE|[41]
14:16:40.129 (129530621)|HEAP_ALLOCATE|[41]|Bytes:9
14:16:40.129 (129652190)|HEAP_ALLOCATE|[40]|Bytes:5
14:16:40.129 (129671282)|VARIABLE_ASSIGNMENT|[40]|key|null
14:16:40.129 (129676659)|STATEMENT_EXECUTE|[43]
14:16:40.129 (129716105)|HEAP_ALLOCATE|[EXTERNAL]|Bytes:8
14:16:40.129 (129728811)|HEAP_ALLOCATE|[43]|Bytes:52
14:16:40.129 (129774709)|DML_BEGIN|[43]|Op:Insert|Type:SObject|Rows:1
14:16:40.129 (129794013)|HEAP_ALLOCATE|[EXTERNAL]|Bytes:8
14:16:40.147 (147957696)|DML_END|[43]
14:16:40.147 (147987845)|HEAP_ALLOCATE|[EXTERNAL]|Bytes:8
14:16:40.148 (148002524)|HEAP_ALLOCATE|[44]|Bytes:4
14:16:40.148 (148071295)|HEAP_ALLOCATE|[44]|Bytes:26
14:16:40.148 (148105169)|HEAP_ALLOCATE|[44]|Bytes:4
14:16:40.148 (148146748)|HEAP_ALLOCATE|[44]|Bytes:5
14:16:40.148 (148167627)|VARIABLE_SCOPE_BEGIN|[44]|key|String|false|false
14:16:40.148 (148180712)|VARIABLE_ASSIGNMENT|[44]|key|"2MA0UGAfb6Wbj55V2D"
14:16:40.148 (148186234)|STATEMENT_EXECUTE|[44]
14:16:40.148 (148242667)|STATEMENT_EXECUTE|[45]
14:16:40.148 (148260223)|HEAP_ALLOCATE|[44]|Bytes:5
14:16:40.148 (148276928)|VARIABLE_ASSIGNMENT|[44]|key|null
14:16:40.148 (148292031)|METHOD_EXIT|[30]|01p58000000n2RS|ScoringSchemeHelper.insertSObjects(String, Map<String,SObject>)
14:16:40.148 (148308152)|HEAP_ALLOCATE|[28]|Bytes:5
14:16:40.148 (148322241)|VARIABLE_ASSIGNMENT|[28]|key|null
14:16:40.148 (148330998)|METHOD_EXIT|[7]|01p58000000n2RS|ScoringSchemeHelper.insertSObjects(Map<String,SObject>)
14:16:40.148 (148336464)|STATEMENT_EXECUTE|[8]
14:16:40.148 (148344434)|METHOD_EXIT|[11]|01p58000000n2RS|ScoringSchemeHelper.createSObjects(List<SObjectData>)
14:16:40.148 (148350063)|SYSTEM_MODE_EXIT|false
14:16:40.154 (154718246)|CUMULATIVE_LIMIT_USAGE
14:16:40.154 (154718246)|LIMIT_USAGE_FOR_NS|(default)|
  Number of SOQL queries: 0 out of 100
  Number of query rows: 0 out of 50000
  Number of SOSL queries: 0 out of 20
  Number of DML statements: 2 out of 150
  Number of DML rows: 2 out of 10000
  Maximum CPU time: 0 out of 10000
  Maximum heap size: 0 out of 6000000
  Number of callouts: 0 out of 100
  Number of Email Invocations: 0 out of 10
  Number of future calls: 0 out of 50
  Number of queueable jobs added to the queue: 0 out of 50
  Number of Mobile Apex push calls: 0 out of 10

14:16:40.154 (154718246)|CUMULATIVE_LIMIT_USAGE_END

14:16:40.154 (154774000)|CODE_UNIT_FINISHED|execute_anonymous_apex
14:16:40.155 (155776476)|EXECUTION_FINISHED
