35.0 APEX_CODE,FINEST;APEX_PROFILING,INFO;CALLOUT,INFO;DB,INFO;SYSTEM,DEBUG;VALIDATION,INFO;VISUALFORCE,INFO;WORKFLOW,INFO
Execute Anonymous: SObjectData d = new SObjectData('Test_objects__c');
Execute Anonymous: Map<String, String> x = new Map<String, String>();
Execute Anonymous: x.put('Name', 'x');
Execute Anonymous: 
Execute Anonymous: SObjectData d1 = new SObjectData('Test_objects__c');
Execute Anonymous: d1.setParent(d);
Execute Anonymous: 
Execute Anonymous: d.addChild(d1);
Execute Anonymous: 
Execute Anonymous: ScoringSchemeHelper h = new ScoringSchemeHelper();
Execute Anonymous: h.createSObjects(new List<SObjectData> { d} );
14:14:39.048 (48586458)|EXECUTION_STARTED
14:14:39.048 (48596801)|CODE_UNIT_STARTED|[EXTERNAL]|execute_anonymous_apex
14:14:39.049 (49852033)|VARIABLE_SCOPE_BEGIN|[1]|d|SObjectData|true|false
14:14:39.049 (49863991)|VARIABLE_SCOPE_BEGIN|[5]|d1|SObjectData|true|false
14:14:39.051 (51595404)|VARIABLE_SCOPE_BEGIN|[10]|h|ScoringSchemeHelper|true|false
14:14:39.051 (51610920)|VARIABLE_SCOPE_BEGIN|[2]|x|Map<String,String>|true|false
14:14:39.051 (51767884)|HEAP_ALLOCATE|[72]|Bytes:3
14:14:39.051 (51829762)|HEAP_ALLOCATE|[77]|Bytes:152
14:14:39.051 (51850116)|HEAP_ALLOCATE|[342]|Bytes:408
14:14:39.051 (51871212)|HEAP_ALLOCATE|[355]|Bytes:408
14:14:39.051 (51891996)|HEAP_ALLOCATE|[467]|Bytes:48
14:14:39.051 (51931872)|HEAP_ALLOCATE|[139]|Bytes:6
14:14:39.051 (51961022)|HEAP_ALLOCATE|[EXTERNAL]|Bytes:17
14:14:39.052 (52010779)|STATEMENT_EXECUTE|[1]
14:14:39.052 (52015681)|STATEMENT_EXECUTE|[1]
14:14:39.052 (52021329)|HEAP_ALLOCATE|[1]|Bytes:34
14:14:39.052 (52060779)|METHOD_ENTRY|[1]|01p58000000n6Fr|SObjectData.SObjectData()
14:14:39.052 (52066094)|STATEMENT_EXECUTE|[1]
14:14:39.052 (52069705)|STATEMENT_EXECUTE|[1]
14:14:39.052 (52107457)|HEAP_ALLOCATE|[50]|Bytes:5
14:14:39.052 (52134079)|HEAP_ALLOCATE|[56]|Bytes:5
14:14:39.052 (52144255)|HEAP_ALLOCATE|[64]|Bytes:7
14:14:39.052 (52170787)|SYSTEM_MODE_ENTER|false
14:14:39.052 (52193916)|HEAP_ALLOCATE|[1]|Bytes:5
14:14:39.052 (52203407)|SYSTEM_MODE_EXIT|false
14:14:39.052 (52213074)|METHOD_EXIT|[1]|SObjectData
14:14:39.052 (52305720)|HEAP_ALLOCATE|[1]|Bytes:20
14:14:39.052 (52313539)|HEAP_ALLOCATE|[1]|Bytes:15
14:14:39.052 (52342496)|SYSTEM_MODE_ENTER|false
14:14:39.052 (52360657)|HEAP_ALLOCATE|[1]|Bytes:5
14:14:39.052 (52379950)|CONSTRUCTOR_ENTRY|[1]|01p58000000n6Fr|<init>(String)
14:14:39.052 (52422704)|VARIABLE_SCOPE_BEGIN|[7]|this|SObjectData|true|false
14:14:39.052 (52479683)|VARIABLE_ASSIGNMENT|[7]|this|{}|0x5c114e43
14:14:39.052 (52487925)|VARIABLE_SCOPE_BEGIN|[7]|sobjectType|String|false|false
14:14:39.052 (52499825)|VARIABLE_ASSIGNMENT|[7]|sobjectType|"Test_objects__c"
14:14:39.052 (52509498)|HEAP_ALLOCATE|[2]|Bytes:5
14:14:39.052 (52514063)|STATEMENT_EXECUTE|[1]
14:14:39.052 (52517772)|HEAP_ALLOCATE|[2]|Bytes:5
14:14:39.052 (52520771)|STATEMENT_EXECUTE|[2]
14:14:39.052 (52528463)|HEAP_ALLOCATE|[2]|Bytes:4
14:14:39.052 (52578419)|VARIABLE_ASSIGNMENT|[2]|this.fieldMap|{"s":1,"v":{}}|0x5c114e43
14:14:39.052 (52584374)|STATEMENT_EXECUTE|[3]
14:14:39.052 (52586896)|STATEMENT_EXECUTE|[4]
14:14:39.052 (52588837)|STATEMENT_EXECUTE|[5]
14:14:39.052 (52603652)|HEAP_ALLOCATE|[2]|Bytes:6
14:14:39.052 (52619040)|VARIABLE_SCOPE_BEGIN|[2]|this|System.ApexBaseClass|true|false
14:14:39.052 (52645772)|VARIABLE_ASSIGNMENT|[2]|this|{"fieldMap":"0x74da10e5"}|0x5c114e43
14:14:39.052 (52657496)|STATEMENT_EXECUTE|[7]
14:14:39.052 (52660341)|STATEMENT_EXECUTE|[8]
14:14:39.052 (52672421)|VARIABLE_ASSIGNMENT|[8]|this.sObjectType|"Test_objects__c"|0x5c114e43
14:14:39.052 (52685844)|CONSTRUCTOR_EXIT|[1]|01p58000000n6Fr|<init>(String)
14:14:39.052 (52694716)|SYSTEM_MODE_EXIT|false
14:14:39.052 (52728896)|VARIABLE_ASSIGNMENT|[1]|d|{"fieldMap":"0x74da10e5","sObjectType":"Test_objects__c"}|0x5c114e43
14:14:39.052 (52735491)|STATEMENT_EXECUTE|[2]
14:14:39.052 (52741087)|HEAP_ALLOCATE|[2]|Bytes:4
14:14:39.052 (52766208)|VARIABLE_ASSIGNMENT|[2]|x|{"s":1,"v":{}}|0x2d499210
14:14:39.052 (52771610)|STATEMENT_EXECUTE|[3]
14:14:39.052 (52778669)|HEAP_ALLOCATE|[3]|Bytes:4
14:14:39.052 (52782614)|HEAP_ALLOCATE|[3]|Bytes:1
14:14:39.052 (52843209)|HEAP_ALLOCATE|[EXTERNAL]|Bytes:-4
14:14:39.052 (52864215)|STATEMENT_EXECUTE|[5]
14:14:39.052 (52870558)|HEAP_ALLOCATE|[5]|Bytes:20
14:14:39.052 (52897317)|SYSTEM_MODE_ENTER|false
14:14:39.052 (52913021)|HEAP_ALLOCATE|[5]|Bytes:5
14:14:39.052 (52924480)|CONSTRUCTOR_ENTRY|[5]|01p58000000n6Fr|<init>(String)
14:14:39.052 (52944661)|VARIABLE_SCOPE_BEGIN|[7]|this|SObjectData|true|false
14:14:39.052 (52966774)|VARIABLE_ASSIGNMENT|[7]|this|{}|0x40398967
14:14:39.052 (52971627)|VARIABLE_SCOPE_BEGIN|[7]|sobjectType|String|false|false
14:14:39.052 (52978862)|VARIABLE_ASSIGNMENT|[7]|sobjectType|"Test_objects__c"
14:14:39.052 (52986929)|HEAP_ALLOCATE|[2]|Bytes:5
14:14:39.052 (52991220)|STATEMENT_EXECUTE|[1]
14:14:39.052 (52994908)|HEAP_ALLOCATE|[2]|Bytes:5
14:14:39.052 (52997824)|STATEMENT_EXECUTE|[2]
14:14:39.053 (53002166)|HEAP_ALLOCATE|[2]|Bytes:4
14:14:39.053 (53023724)|VARIABLE_ASSIGNMENT|[2]|this.fieldMap|{"s":1,"v":{}}|0x40398967
14:14:39.053 (53029108)|STATEMENT_EXECUTE|[3]
14:14:39.053 (53031533)|STATEMENT_EXECUTE|[4]
14:14:39.053 (53033415)|STATEMENT_EXECUTE|[5]
14:14:39.053 (53041420)|VARIABLE_SCOPE_BEGIN|[2]|this|System.ApexBaseClass|true|false
14:14:39.053 (53063878)|VARIABLE_ASSIGNMENT|[2]|this|{"fieldMap":"0x64c0e4bd"}|0x40398967
14:14:39.053 (53073941)|STATEMENT_EXECUTE|[7]
14:14:39.053 (53076539)|STATEMENT_EXECUTE|[8]
14:14:39.053 (53086461)|VARIABLE_ASSIGNMENT|[8]|this.sObjectType|"Test_objects__c"|0x40398967
14:14:39.053 (53096730)|CONSTRUCTOR_EXIT|[5]|01p58000000n6Fr|<init>(String)
14:14:39.053 (53105331)|SYSTEM_MODE_EXIT|false
14:14:39.053 (53136784)|VARIABLE_ASSIGNMENT|[5]|d1|{"fieldMap":"0x64c0e4bd","sObjectType":"Test_objects__c"}|0x40398967
14:14:39.053 (53143622)|STATEMENT_EXECUTE|[6]
14:14:39.053 (53169604)|SYSTEM_MODE_ENTER|false
14:14:39.053 (53185058)|HEAP_ALLOCATE|[6]|Bytes:5
14:14:39.053 (53223758)|METHOD_ENTRY|[6]|01p58000000n6Fr|SObjectData.setParent(SObjectData)
14:14:39.053 (53250657)|VARIABLE_SCOPE_BEGIN|[27]|this|SObjectData|true|false
14:14:39.053 (53276982)|VARIABLE_ASSIGNMENT|[27]|this|{"fieldMap":"0x64c0e4bd","sObjectType":"Test_objects__c"}|0x40398967
14:14:39.053 (53284421)|VARIABLE_SCOPE_BEGIN|[27]|o|SObjectData|true|false
14:14:39.053 (53302109)|VARIABLE_ASSIGNMENT|[27]|o|{"fieldMap":"0x74da10e5","sObjectType":"Test_objects__c"}|0x5c114e43
14:14:39.053 (53317048)|HEAP_ALLOCATE|[28]|Bytes:5
14:14:39.053 (53321801)|STATEMENT_EXECUTE|[27]
14:14:39.053 (53324269)|STATEMENT_EXECUTE|[28]
14:14:39.053 (53331717)|VARIABLE_ASSIGNMENT|[28]|this.parent|0x5c114e43|0x40398967
14:14:39.053 (53341747)|METHOD_EXIT|[6]|01p58000000n6Fr|SObjectData.setParent(SObjectData)
14:14:39.053 (53350930)|SYSTEM_MODE_EXIT|false
14:14:39.053 (53356094)|STATEMENT_EXECUTE|[8]
14:14:39.053 (53380199)|SYSTEM_MODE_ENTER|false
14:14:39.053 (53395078)|HEAP_ALLOCATE|[8]|Bytes:5
14:14:39.053 (53418203)|METHOD_ENTRY|[8]|01p58000000n6Fr|SObjectData.addChild(SObjectData)
14:14:39.053 (53443568)|VARIABLE_SCOPE_BEGIN|[37]|this|SObjectData|true|false
14:14:39.053 (53469759)|VARIABLE_ASSIGNMENT|[37]|this|{"fieldMap":"0x74da10e5","sObjectType":"Test_objects__c"}|0x5c114e43
14:14:39.053 (53476779)|VARIABLE_SCOPE_BEGIN|[37]|o|SObjectData|true|false
14:14:39.053 (53495849)|VARIABLE_ASSIGNMENT|[37]|o|{"fieldMap":"0x64c0e4bd","parent":"0x5c114e43","sObjectType":"Test_objects__c"}|0x40398967
14:14:39.053 (53505837)|HEAP_ALLOCATE|[38]|Bytes:5
14:14:39.053 (53510242)|STATEMENT_EXECUTE|[37]
14:14:39.053 (53516090)|STATEMENT_EXECUTE|[38]
14:14:39.053 (53518272)|STATEMENT_EXECUTE|[39]
14:14:39.053 (53524967)|HEAP_ALLOCATE|[39]|Bytes:4
14:14:39.053 (53671345)|HEAP_ALLOCATE|[EXTERNAL]|Bytes:4
14:14:39.053 (53691679)|VARIABLE_ASSIGNMENT|[39]|this.children|{"s":1,"v":[]}|0x5c114e43
14:14:39.053 (53696875)|STATEMENT_EXECUTE|[41]
14:14:39.053 (53746173)|HEAP_ALLOCATE|[EXTERNAL]|Bytes:4
14:14:39.053 (53769969)|METHOD_EXIT|[8]|01p58000000n6Fr|SObjectData.addChild(SObjectData)
14:14:39.053 (53778767)|SYSTEM_MODE_EXIT|false
14:14:39.053 (53784303)|STATEMENT_EXECUTE|[10]
14:14:39.053 (53790891)|HEAP_ALLOCATE|[10]|Bytes:22
14:14:39.053 (53811330)|METHOD_ENTRY|[1]|01p58000000n2RS|ScoringSchemeHelper.ScoringSchemeHelper()
14:14:39.053 (53816129)|STATEMENT_EXECUTE|[1]
14:14:39.053 (53819343)|STATEMENT_EXECUTE|[1]
14:14:39.053 (53824905)|SYSTEM_MODE_ENTER|false
14:14:39.053 (53830328)|HEAP_ALLOCATE|[10]|Bytes:5
14:14:39.053 (53836172)|SYSTEM_MODE_EXIT|false
14:14:39.053 (53842865)|METHOD_EXIT|[1]|ScoringSchemeHelper
14:14:39.053 (53861376)|HEAP_ALLOCATE|[10]|Bytes:8
14:14:39.053 (53888119)|SYSTEM_MODE_ENTER|false
14:14:39.053 (53903222)|HEAP_ALLOCATE|[10]|Bytes:5
14:14:39.053 (53924363)|CONSTRUCTOR_ENTRY|[10]|01p58000000n2RS|<init>()
14:14:39.053 (53952486)|VARIABLE_SCOPE_BEGIN|[1]|this|ScoringSchemeHelper|true|false
14:14:39.053 (53977571)|VARIABLE_ASSIGNMENT|[1]|this|{}|0x2bcd9e36
14:14:39.053 (53986688)|HEAP_ALLOCATE|[3]|Bytes:5
14:14:39.053 (53994523)|VARIABLE_SCOPE_BEGIN|[2]|this|System.ApexBaseClass|true|false
14:14:39.054 (54011160)|VARIABLE_ASSIGNMENT|[2]|this|{}|0x2bcd9e36
14:14:39.054 (54023383)|STATEMENT_EXECUTE|[1]
14:14:39.054 (54028522)|HEAP_ALLOCATE|[3]|Bytes:5
14:14:39.054 (54031999)|STATEMENT_EXECUTE|[3]
14:14:39.054 (54036896)|HEAP_ALLOCATE|[3]|Bytes:4
14:14:39.054 (54066003)|VARIABLE_ASSIGNMENT|[3]|this.childrenMap|{"s":1,"v":{}}|0x2bcd9e36
14:14:39.054 (54080402)|CONSTRUCTOR_EXIT|[10]|01p58000000n2RS|<init>()
14:14:39.054 (54087550)|SYSTEM_MODE_EXIT|false
14:14:39.054 (54119002)|VARIABLE_ASSIGNMENT|[10]|h|{"childrenMap":"0xccad005"}|0x2bcd9e36
14:14:39.054 (54125486)|STATEMENT_EXECUTE|[11]
14:14:39.054 (54132236)|HEAP_ALLOCATE|[11]|Bytes:4
14:14:39.054 (54183926)|SYSTEM_MODE_ENTER|false
14:14:39.054 (54199384)|HEAP_ALLOCATE|[11]|Bytes:5
14:14:39.054 (54230191)|METHOD_ENTRY|[11]|01p58000000n2RS|ScoringSchemeHelper.createSObjects(List<SObjectData>)
14:14:39.054 (54240276)|VARIABLE_SCOPE_BEGIN|[5]|this|ScoringSchemeHelper|true|false
14:14:39.054 (54263792)|VARIABLE_ASSIGNMENT|[5]|this|{"childrenMap":"0xccad005"}|0x2bcd9e36
14:14:39.054 (54271104)|VARIABLE_SCOPE_BEGIN|[5]|dataList|List<SObjectData>|true|false
14:14:39.054 (54282304)|HEAP_ALLOCATE|[EXTERNAL]|Bytes:8
14:14:39.054 (54309322)|VARIABLE_ASSIGNMENT|[5]|dataList|{"s":1,"v":[{"children":"0x38dc3754","fieldMap":"0x74da10e5","sObjectType":"Test_objects__c"}]}|0x377e29b8
14:14:39.054 (54321012)|HEAP_ALLOCATE|[6]|Bytes:5
14:14:39.054 (54325587)|STATEMENT_EXECUTE|[5]
14:14:39.054 (54327974)|STATEMENT_EXECUTE|[6]
14:14:39.054 (54348661)|METHOD_ENTRY|[6]|01p58000000n2RS|ScoringSchemeHelper.createRoot(List<SObjectData>)
14:14:39.054 (54405903)|VARIABLE_SCOPE_BEGIN|[54]|this|ScoringSchemeHelper|true|false
14:14:39.054 (54430069)|VARIABLE_ASSIGNMENT|[54]|this|{"childrenMap":"0xccad005"}|0x2bcd9e36
14:14:39.054 (54437510)|VARIABLE_SCOPE_BEGIN|[54]|dataList|List<SObjectData>|true|false
14:14:39.054 (54461100)|VARIABLE_ASSIGNMENT|[54]|dataList|{"s":1,"v":[{"children":"0x38dc3754","fieldMap":"0x74da10e5","sObjectType":"Test_objects__c"}]}|0x377e29b8
14:14:39.054 (54472050)|HEAP_ALLOCATE|[55]|Bytes:5
14:14:39.054 (54476587)|STATEMENT_EXECUTE|[54]
14:14:39.054 (54478983)|STATEMENT_EXECUTE|[55]
14:14:39.054 (54483657)|HEAP_ALLOCATE|[55]|Bytes:4
14:14:39.054 (54493794)|VARIABLE_SCOPE_BEGIN|[55]|rootObjects|Map<String,SObject>|true|false
14:14:39.054 (54511057)|VARIABLE_ASSIGNMENT|[55]|rootObjects|{"s":1,"v":{}}|0x1e885f3b
14:14:39.054 (54776401)|HEAP_ALLOCATE|[56]|Bytes:5
14:14:39.054 (54801130)|HEAP_ALLOCATE|[56]|Bytes:20
14:14:39.054 (54813871)|VARIABLE_SCOPE_BEGIN|[56]|obj|SObjectData|true|false
14:14:39.054 (54843305)|VARIABLE_ASSIGNMENT|[56]|obj|{"children":"0x38dc3754","fieldMap":"0x74da10e5","sObjectType":"Test_objects__c"}|0x5c114e43
14:14:39.054 (54850538)|STATEMENT_EXECUTE|[56]
14:14:39.054 (54853123)|STATEMENT_EXECUTE|[57]
14:14:39.054 (54871569)|METHOD_ENTRY|[57]|01p58000000n2RS|ScoringSchemeHelper.generateRandomString(Integer)
14:14:39.054 (54895339)|HEAP_ALLOCATE|[79]|Bytes:4
14:14:39.054 (54902836)|VARIABLE_SCOPE_BEGIN|[78]|len|Integer|false|false
14:14:39.054 (54911628)|VARIABLE_ASSIGNMENT|[78]|len|18
14:14:39.054 (54919579)|HEAP_ALLOCATE|[79]|Bytes:5
14:14:39.054 (54923692)|STATEMENT_EXECUTE|[78]
14:14:39.054 (54926159)|STATEMENT_EXECUTE|[79]
14:14:39.054 (54929225)|HEAP_ALLOCATE|[79]|Bytes:62
14:14:39.054 (54933555)|VARIABLE_SCOPE_BEGIN|[79]|chars|String|false|false
14:14:39.054 (54942958)|VARIABLE_ASSIGNMENT|[79]|chars|"ABCDEFGHIJKLMNOPQRST (42 more) ..."
14:14:39.054 (54946637)|STATEMENT_EXECUTE|[80]
14:14:39.054 (54950654)|VARIABLE_SCOPE_BEGIN|[80]|randStr|String|false|false
14:14:39.054 (54956789)|VARIABLE_ASSIGNMENT|[80]|randStr|""
14:14:39.055 (55024912)|STATEMENT_EXECUTE|[81]
14:14:39.055 (55029414)|STATEMENT_EXECUTE|[82]
14:14:39.055 (55222867)|VARIABLE_SCOPE_BEGIN|[2]|Math.E|Double|false|true
14:14:39.055 (55229240)|VARIABLE_SCOPE_BEGIN|[3]|Math.PI|Double|false|true
14:14:39.055 (55475785)|VARIABLE_SCOPE_BEGIN|[82]|idx|Integer|false|false
14:14:39.055 (55481694)|HEAP_ALLOCATE|[82]|Bytes:4
14:14:39.055 (55491481)|VARIABLE_ASSIGNMENT|[82]|idx|60
14:14:39.055 (55495228)|STATEMENT_EXECUTE|[83]
14:14:39.055 (55538737)|HEAP_ALLOCATE|[83]|Bytes:1
14:14:39.055 (55569745)|HEAP_ALLOCATE|[83]|Bytes:1
14:14:39.055 (55581574)|VARIABLE_ASSIGNMENT|[83]|randStr|"y"
14:14:39.055 (55604740)|STATEMENT_EXECUTE|[81]
14:14:39.055 (55607787)|STATEMENT_EXECUTE|[82]
14:14:39.055 (55717345)|VARIABLE_SCOPE_BEGIN|[82]|idx|Integer|false|false
14:14:39.055 (55722437)|HEAP_ALLOCATE|[82]|Bytes:4
14:14:39.055 (55731512)|VARIABLE_ASSIGNMENT|[82]|idx|48
14:14:39.055 (55735075)|STATEMENT_EXECUTE|[83]
14:14:39.055 (55759516)|HEAP_ALLOCATE|[83]|Bytes:1
14:14:39.055 (55777723)|HEAP_ALLOCATE|[83]|Bytes:2
14:14:39.055 (55788096)|VARIABLE_ASSIGNMENT|[83]|randStr|"ym"
14:14:39.055 (55809098)|STATEMENT_EXECUTE|[81]
14:14:39.055 (55811991)|STATEMENT_EXECUTE|[82]
14:14:39.055 (55915541)|VARIABLE_SCOPE_BEGIN|[82]|idx|Integer|false|false
14:14:39.055 (55920548)|HEAP_ALLOCATE|[82]|Bytes:4
14:14:39.055 (55929312)|VARIABLE_ASSIGNMENT|[82]|idx|56
14:14:39.055 (55932799)|STATEMENT_EXECUTE|[83]
14:14:39.055 (55957012)|HEAP_ALLOCATE|[83]|Bytes:1
14:14:39.055 (55974694)|HEAP_ALLOCATE|[83]|Bytes:3
14:14:39.055 (55984938)|VARIABLE_ASSIGNMENT|[83]|randStr|"ymu"
14:14:39.056 (56005918)|STATEMENT_EXECUTE|[81]
14:14:39.056 (56009648)|STATEMENT_EXECUTE|[82]
14:14:39.056 (56114414)|VARIABLE_SCOPE_BEGIN|[82]|idx|Integer|false|false
14:14:39.056 (56119436)|HEAP_ALLOCATE|[82]|Bytes:4
14:14:39.056 (56128068)|VARIABLE_ASSIGNMENT|[82]|idx|32
14:14:39.056 (56131587)|STATEMENT_EXECUTE|[83]
14:14:39.056 (56155530)|HEAP_ALLOCATE|[83]|Bytes:1
14:14:39.056 (56173318)|HEAP_ALLOCATE|[83]|Bytes:4
14:14:39.056 (56183414)|VARIABLE_ASSIGNMENT|[83]|randStr|"ymu6"
14:14:39.056 (56204170)|STATEMENT_EXECUTE|[81]
14:14:39.056 (56207086)|STATEMENT_EXECUTE|[82]
14:14:39.056 (56318051)|VARIABLE_SCOPE_BEGIN|[82]|idx|Integer|false|false
14:14:39.056 (56323491)|HEAP_ALLOCATE|[82]|Bytes:4
14:14:39.056 (56332176)|VARIABLE_ASSIGNMENT|[82]|idx|29
14:14:39.056 (56335781)|STATEMENT_EXECUTE|[83]
14:14:39.056 (56359654)|HEAP_ALLOCATE|[83]|Bytes:1
14:14:39.056 (56376952)|HEAP_ALLOCATE|[83]|Bytes:5
14:14:39.056 (56387058)|VARIABLE_ASSIGNMENT|[83]|randStr|"ymu63"
14:14:39.056 (56407800)|STATEMENT_EXECUTE|[81]
14:14:39.056 (56410630)|STATEMENT_EXECUTE|[82]
14:14:39.056 (56514222)|VARIABLE_SCOPE_BEGIN|[82]|idx|Integer|false|false
14:14:39.056 (56519106)|HEAP_ALLOCATE|[82]|Bytes:4
14:14:39.056 (56527779)|VARIABLE_ASSIGNMENT|[82]|idx|18
14:14:39.056 (56531243)|STATEMENT_EXECUTE|[83]
14:14:39.056 (56558952)|HEAP_ALLOCATE|[83]|Bytes:1
14:14:39.056 (56577524)|HEAP_ALLOCATE|[83]|Bytes:6
14:14:39.056 (56588144)|VARIABLE_ASSIGNMENT|[83]|randStr|"ymu63S"
14:14:39.056 (56609277)|STATEMENT_EXECUTE|[81]
14:14:39.056 (56612273)|STATEMENT_EXECUTE|[82]
14:14:39.056 (56713526)|VARIABLE_SCOPE_BEGIN|[82]|idx|Integer|false|false
14:14:39.056 (56718644)|HEAP_ALLOCATE|[82]|Bytes:4
14:14:39.056 (56727364)|VARIABLE_ASSIGNMENT|[82]|idx|8
14:14:39.056 (56730842)|STATEMENT_EXECUTE|[83]
14:14:39.056 (56754397)|HEAP_ALLOCATE|[83]|Bytes:1
14:14:39.056 (56771996)|HEAP_ALLOCATE|[83]|Bytes:7
14:14:39.056 (56782215)|VARIABLE_ASSIGNMENT|[83]|randStr|"ymu63SI"
14:14:39.056 (56802820)|STATEMENT_EXECUTE|[81]
14:14:39.056 (56805814)|STATEMENT_EXECUTE|[82]
14:14:39.056 (56906594)|VARIABLE_SCOPE_BEGIN|[82]|idx|Integer|false|false
14:14:39.056 (56911369)|HEAP_ALLOCATE|[82]|Bytes:4
14:14:39.056 (56919864)|VARIABLE_ASSIGNMENT|[82]|idx|42
14:14:39.056 (56923334)|STATEMENT_EXECUTE|[83]
14:14:39.056 (56946811)|HEAP_ALLOCATE|[83]|Bytes:1
14:14:39.056 (56964359)|HEAP_ALLOCATE|[83]|Bytes:8
14:14:39.056 (56974705)|VARIABLE_ASSIGNMENT|[83]|randStr|"ymu63SIg"
14:14:39.056 (56995452)|STATEMENT_EXECUTE|[81]
14:14:39.056 (56998457)|STATEMENT_EXECUTE|[82]
14:14:39.057 (57100668)|VARIABLE_SCOPE_BEGIN|[82]|idx|Integer|false|false
14:14:39.057 (57106152)|HEAP_ALLOCATE|[82]|Bytes:4
14:14:39.057 (57115223)|VARIABLE_ASSIGNMENT|[82]|idx|18
14:14:39.057 (57118740)|STATEMENT_EXECUTE|[83]
14:14:39.057 (57142700)|HEAP_ALLOCATE|[83]|Bytes:1
14:14:39.057 (57160324)|HEAP_ALLOCATE|[83]|Bytes:9
14:14:39.057 (57170635)|VARIABLE_ASSIGNMENT|[83]|randStr|"ymu63SIgS"
14:14:39.057 (57191417)|STATEMENT_EXECUTE|[81]
14:14:39.057 (57194408)|STATEMENT_EXECUTE|[82]
14:14:39.057 (57295009)|VARIABLE_SCOPE_BEGIN|[82]|idx|Integer|false|false
14:14:39.057 (57299804)|HEAP_ALLOCATE|[82]|Bytes:4
14:14:39.057 (57308536)|VARIABLE_ASSIGNMENT|[82]|idx|31
14:14:39.057 (57312059)|STATEMENT_EXECUTE|[83]
14:14:39.057 (57335745)|HEAP_ALLOCATE|[83]|Bytes:1
14:14:39.057 (57353126)|HEAP_ALLOCATE|[83]|Bytes:10
14:14:39.057 (57363388)|VARIABLE_ASSIGNMENT|[83]|randStr|"ymu63SIgS5"
14:14:39.057 (57384084)|STATEMENT_EXECUTE|[81]
14:14:39.057 (57386960)|STATEMENT_EXECUTE|[82]
14:14:39.057 (57487061)|VARIABLE_SCOPE_BEGIN|[82]|idx|Integer|false|false
14:14:39.057 (57491840)|HEAP_ALLOCATE|[82]|Bytes:4
14:14:39.057 (57500632)|VARIABLE_ASSIGNMENT|[82]|idx|24
14:14:39.057 (57504220)|STATEMENT_EXECUTE|[83]
14:14:39.057 (57527798)|HEAP_ALLOCATE|[83]|Bytes:1
14:14:39.057 (57545150)|HEAP_ALLOCATE|[83]|Bytes:11
14:14:39.057 (57559356)|VARIABLE_ASSIGNMENT|[83]|randStr|"ymu63SIgS5Y"
14:14:39.057 (57581120)|STATEMENT_EXECUTE|[81]
14:14:39.057 (57584178)|STATEMENT_EXECUTE|[82]
14:14:39.057 (57685284)|VARIABLE_SCOPE_BEGIN|[82]|idx|Integer|false|false
14:14:39.057 (57690284)|HEAP_ALLOCATE|[82]|Bytes:4
14:14:39.057 (57699024)|VARIABLE_ASSIGNMENT|[82]|idx|23
14:14:39.057 (57702517)|STATEMENT_EXECUTE|[83]
14:14:39.057 (57726008)|HEAP_ALLOCATE|[83]|Bytes:1
14:14:39.057 (57743621)|HEAP_ALLOCATE|[83]|Bytes:12
14:14:39.057 (57753840)|VARIABLE_ASSIGNMENT|[83]|randStr|"ymu63SIgS5YX"
14:14:39.057 (57774659)|STATEMENT_EXECUTE|[81]
14:14:39.057 (57777615)|STATEMENT_EXECUTE|[82]
14:14:39.057 (57887140)|VARIABLE_SCOPE_BEGIN|[82]|idx|Integer|false|false
14:14:39.057 (57891975)|HEAP_ALLOCATE|[82]|Bytes:4
14:14:39.057 (57900754)|VARIABLE_ASSIGNMENT|[82]|idx|57
14:14:39.057 (57904487)|STATEMENT_EXECUTE|[83]
14:14:39.057 (57928153)|HEAP_ALLOCATE|[83]|Bytes:1
14:14:39.057 (57946069)|HEAP_ALLOCATE|[83]|Bytes:13
14:14:39.057 (57956297)|VARIABLE_ASSIGNMENT|[83]|randStr|"ymu63SIgS5YXv"
14:14:39.057 (57977185)|STATEMENT_EXECUTE|[81]
14:14:39.057 (57980071)|STATEMENT_EXECUTE|[82]
14:14:39.058 (58092794)|VARIABLE_SCOPE_BEGIN|[82]|idx|Integer|false|false
14:14:39.058 (58098603)|HEAP_ALLOCATE|[82]|Bytes:4
14:14:39.058 (58107616)|VARIABLE_ASSIGNMENT|[82]|idx|6
14:14:39.058 (58111103)|STATEMENT_EXECUTE|[83]
14:14:39.058 (58135294)|HEAP_ALLOCATE|[83]|Bytes:1
14:14:39.058 (58152844)|HEAP_ALLOCATE|[83]|Bytes:14
14:14:39.058 (58163097)|VARIABLE_ASSIGNMENT|[83]|randStr|"ymu63SIgS5YXvG"
14:14:39.058 (58184109)|STATEMENT_EXECUTE|[81]
14:14:39.058 (58187075)|STATEMENT_EXECUTE|[82]
14:14:39.058 (58286908)|VARIABLE_SCOPE_BEGIN|[82]|idx|Integer|false|false
14:14:39.058 (58291761)|HEAP_ALLOCATE|[82]|Bytes:4
14:14:39.058 (58300405)|VARIABLE_ASSIGNMENT|[82]|idx|47
14:14:39.058 (58303831)|STATEMENT_EXECUTE|[83]
14:14:39.058 (58327706)|HEAP_ALLOCATE|[83]|Bytes:1
14:14:39.058 (58345273)|HEAP_ALLOCATE|[83]|Bytes:15
14:14:39.058 (58355511)|VARIABLE_ASSIGNMENT|[83]|randStr|"ymu63SIgS5YXvGl"
14:14:39.058 (58376446)|STATEMENT_EXECUTE|[81]
14:14:39.058 (58379365)|STATEMENT_EXECUTE|[82]
14:14:39.058 (58479992)|VARIABLE_SCOPE_BEGIN|[82]|idx|Integer|false|false
14:14:39.058 (58484803)|HEAP_ALLOCATE|[82]|Bytes:4
14:14:39.058 (58493447)|VARIABLE_ASSIGNMENT|[82]|idx|51
14:14:39.058 (58496871)|STATEMENT_EXECUTE|[83]
14:14:39.058 (58520408)|HEAP_ALLOCATE|[83]|Bytes:1
14:14:39.058 (58537914)|HEAP_ALLOCATE|[83]|Bytes:16
14:14:39.058 (58548194)|VARIABLE_ASSIGNMENT|[83]|randStr|"ymu63SIgS5YXvGlp"
14:14:39.058 (58573721)|STATEMENT_EXECUTE|[81]
14:14:39.058 (58576683)|STATEMENT_EXECUTE|[82]
14:14:39.058 (58677844)|VARIABLE_SCOPE_BEGIN|[82]|idx|Integer|false|false
14:14:39.058 (58682730)|HEAP_ALLOCATE|[82]|Bytes:4
14:14:39.058 (58691376)|VARIABLE_ASSIGNMENT|[82]|idx|42
14:14:39.058 (58694799)|STATEMENT_EXECUTE|[83]
14:14:39.058 (58718819)|HEAP_ALLOCATE|[83]|Bytes:1
14:14:39.058 (58736259)|HEAP_ALLOCATE|[83]|Bytes:17
14:14:39.058 (58746630)|VARIABLE_ASSIGNMENT|[83]|randStr|"ymu63SIgS5YXvGlpg"
14:14:39.058 (58767732)|STATEMENT_EXECUTE|[81]
14:14:39.058 (58770730)|STATEMENT_EXECUTE|[82]
14:14:39.058 (58872049)|VARIABLE_SCOPE_BEGIN|[82]|idx|Integer|false|false
14:14:39.058 (58876887)|HEAP_ALLOCATE|[82]|Bytes:4
14:14:39.058 (58885414)|VARIABLE_ASSIGNMENT|[82]|idx|9
14:14:39.058 (58888885)|STATEMENT_EXECUTE|[83]
14:14:39.058 (58912227)|HEAP_ALLOCATE|[83]|Bytes:1
14:14:39.058 (58929499)|HEAP_ALLOCATE|[83]|Bytes:18
14:14:39.058 (58940525)|VARIABLE_ASSIGNMENT|[83]|randStr|"ymu63SIgS5YXvGlpgJ"
14:14:39.058 (58980852)|STATEMENT_EXECUTE|[85]
14:14:39.058 (58995961)|METHOD_EXIT|[57]|01p58000000n2RS|ScoringSchemeHelper.generateRandomString(Integer)
14:14:39.059 (59006494)|VARIABLE_SCOPE_BEGIN|[57]|rId|String|false|false
14:14:39.059 (59024151)|VARIABLE_ASSIGNMENT|[57]|rId|"ymu63SIgS5YXvGlpgJ"
14:14:39.059 (59031309)|STATEMENT_EXECUTE|[58]
14:14:39.059 (59050127)|METHOD_ENTRY|[58]|01p58000000n2RS|ScoringSchemeHelper.createSObject(SObjectData)
14:14:39.059 (59078856)|VARIABLE_SCOPE_BEGIN|[11]|this|ScoringSchemeHelper|true|false
14:14:39.059 (59104850)|VARIABLE_ASSIGNMENT|[11]|this|{"childrenMap":"0xccad005"}|0x2bcd9e36
14:14:39.059 (59112335)|VARIABLE_SCOPE_BEGIN|[11]|obj|SObjectData|true|false
14:14:39.059 (59133457)|VARIABLE_ASSIGNMENT|[11]|obj|{"children":"0x38dc3754","fieldMap":"0x74da10e5","sObjectType":"Test_objects__c"}|0x5c114e43
14:14:39.059 (59144302)|HEAP_ALLOCATE|[12]|Bytes:5
14:14:39.059 (59148744)|STATEMENT_EXECUTE|[11]
14:14:39.059 (59151037)|STATEMENT_EXECUTE|[12]
14:14:39.062 (62389817)|HEAP_ALLOCATE|[12]|Bytes:4
14:14:39.062 (62524831)|VARIABLE_SCOPE_BEGIN|[12]|scoringScheme|Test_Objects__c|true|false
14:14:39.062 (62545031)|VARIABLE_ASSIGNMENT|[12]|scoringScheme|{}|0x4b223ab
14:14:39.062 (62560234)|HEAP_ALLOCATE|[13]|Bytes:4
14:14:39.062 (62601721)|METHOD_ENTRY|[13]|01p58000000n6Fr|SObjectData.getFieldMap()
14:14:39.062 (62611925)|VARIABLE_SCOPE_BEGIN|[52]|this|SObjectData|true|false
14:14:39.062 (62641273)|VARIABLE_ASSIGNMENT|[52]|this|{"children":"0x38dc3754","fieldMap":"0x74da10e5","sObjectType":"Test_objects__c"}|0x5c114e43
14:14:39.062 (62652644)|HEAP_ALLOCATE|[53]|Bytes:5
14:14:39.062 (62657298)|STATEMENT_EXECUTE|[52]
14:14:39.062 (62660060)|STATEMENT_EXECUTE|[53]
14:14:39.062 (62669981)|METHOD_EXIT|[13]|01p58000000n6Fr|SObjectData.getFieldMap()
14:14:39.062 (62726995)|HEAP_ALLOCATE|[13]|Bytes:4
14:14:39.062 (62761088)|HEAP_ALLOCATE|[13]|Bytes:0
14:14:39.062 (62806420)|HEAP_ALLOCATE|[13]|Bytes:5
14:14:39.062 (62825922)|VARIABLE_ASSIGNMENT|[13]|field|null
14:14:39.062 (62830912)|STATEMENT_EXECUTE|[13]
14:14:39.062 (62833266)|STATEMENT_EXECUTE|[18]
14:14:39.062 (62841183)|METHOD_EXIT|[58]|01p58000000n2RS|ScoringSchemeHelper.createSObject(SObjectData)
14:14:39.062 (62869227)|HEAP_ALLOCATE|[EXTERNAL]|Bytes:-4
14:14:39.062 (62892224)|METHOD_ENTRY|[59]|01p58000000n6Fr|SObjectData.getChildren()
14:14:39.062 (62915419)|VARIABLE_SCOPE_BEGIN|[60]|this|SObjectData|true|false
14:14:39.062 (62943864)|VARIABLE_ASSIGNMENT|[60]|this|{"children":"0x38dc3754","fieldMap":"0x74da10e5","sObjectType":"Test_objects__c"}|0x5c114e43
14:14:39.062 (62954753)|HEAP_ALLOCATE|[61]|Bytes:5
14:14:39.062 (62959265)|STATEMENT_EXECUTE|[60]
14:14:39.062 (62963848)|STATEMENT_EXECUTE|[61]
14:14:39.062 (62966063)|STATEMENT_EXECUTE|[64]
14:14:39.062 (62974301)|METHOD_EXIT|[59]|01p58000000n6Fr|SObjectData.getChildren()
14:14:39.062 (62994822)|STATEMENT_EXECUTE|[59]
14:14:39.062 (62997710)|STATEMENT_EXECUTE|[60]
14:14:39.063 (63005300)|METHOD_ENTRY|[60]|01p58000000n6Fr|SObjectData.getChildren()
14:14:39.063 (63022033)|VARIABLE_SCOPE_BEGIN|[60]|this|SObjectData|true|false
14:14:39.063 (63048655)|VARIABLE_ASSIGNMENT|[60]|this|{"children":"0x38dc3754","fieldMap":"0x74da10e5","sObjectType":"Test_objects__c"}|0x5c114e43
14:14:39.063 (63058731)|HEAP_ALLOCATE|[61]|Bytes:5
14:14:39.063 (63063023)|STATEMENT_EXECUTE|[60]
14:14:39.063 (63066340)|STATEMENT_EXECUTE|[61]
14:14:39.063 (63068534)|STATEMENT_EXECUTE|[64]
14:14:39.063 (63076069)|METHOD_EXIT|[60]|01p58000000n6Fr|SObjectData.getChildren()
14:14:39.063 (63092077)|METHOD_ENTRY|[60]|01p58000000n2RS|ScoringSchemeHelper.createChildren(String, List<SObjectData>)
14:14:39.063 (63101328)|VARIABLE_SCOPE_BEGIN|[66]|this|ScoringSchemeHelper|true|false
14:14:39.063 (63123075)|VARIABLE_ASSIGNMENT|[66]|this|{"childrenMap":"0xccad005"}|0x2bcd9e36
14:14:39.063 (63130346)|VARIABLE_SCOPE_BEGIN|[66]|parentId|String|false|false
14:14:39.063 (63136973)|VARIABLE_ASSIGNMENT|[66]|parentId|"ymu63SIgS5YXvGlpgJ"
14:14:39.063 (63141859)|VARIABLE_SCOPE_BEGIN|[66]|childrenList|List<SObjectData>|true|false
14:14:39.063 (63166762)|VARIABLE_ASSIGNMENT|[66]|childrenList|{"s":1,"v":[{"fieldMap":"0x64c0e4bd","parent":"0x5c114e43","sObjectType":"Test_objects__c"}]}|0x38dc3754
14:14:39.063 (63177645)|HEAP_ALLOCATE|[67]|Bytes:5
14:14:39.063 (63182151)|STATEMENT_EXECUTE|[66]
14:14:39.063 (63184854)|STATEMENT_EXECUTE|[67]
14:14:39.063 (63189742)|HEAP_ALLOCATE|[67]|Bytes:4
14:14:39.063 (63196620)|VARIABLE_SCOPE_BEGIN|[67]|childObjects|Map<String,SObject>|true|false
14:14:39.063 (63213972)|VARIABLE_ASSIGNMENT|[67]|childObjects|{"s":1,"v":{}}|0x182ff5cd
14:14:39.063 (63263074)|HEAP_ALLOCATE|[68]|Bytes:5
14:14:39.063 (63280409)|HEAP_ALLOCATE|[68]|Bytes:20
14:14:39.063 (63288965)|VARIABLE_SCOPE_BEGIN|[68]|obj|SObjectData|true|false
14:14:39.063 (63316610)|VARIABLE_ASSIGNMENT|[68]|obj|{"fieldMap":"0x64c0e4bd","parent":"0x5c114e43","sObjectType":"Test_objects__c"}|0x40398967
14:14:39.063 (63323007)|STATEMENT_EXECUTE|[68]
14:14:39.063 (63325395)|STATEMENT_EXECUTE|[69]
14:14:39.063 (63335095)|METHOD_ENTRY|[69]|01p58000000n2RS|ScoringSchemeHelper.generateRandomString(Integer)
14:14:39.063 (63352850)|HEAP_ALLOCATE|[79]|Bytes:4
14:14:39.063 (63357350)|VARIABLE_SCOPE_BEGIN|[78]|len|Integer|false|false
14:14:39.063 (63365164)|VARIABLE_ASSIGNMENT|[78]|len|18
14:14:39.063 (63372548)|HEAP_ALLOCATE|[79]|Bytes:5
14:14:39.063 (63376472)|STATEMENT_EXECUTE|[78]
14:14:39.063 (63378796)|STATEMENT_EXECUTE|[79]
14:14:39.063 (63382957)|VARIABLE_SCOPE_BEGIN|[79]|chars|String|false|false
14:14:39.063 (63391584)|VARIABLE_ASSIGNMENT|[79]|chars|"ABCDEFGHIJKLMNOPQRST (42 more) ..."
14:14:39.063 (63395218)|STATEMENT_EXECUTE|[80]
14:14:39.063 (63398331)|VARIABLE_SCOPE_BEGIN|[80]|randStr|String|false|false
14:14:39.063 (63404135)|VARIABLE_ASSIGNMENT|[80]|randStr|""
14:14:39.063 (63429697)|STATEMENT_EXECUTE|[81]
14:14:39.063 (63432627)|STATEMENT_EXECUTE|[82]
14:14:39.063 (63543142)|VARIABLE_SCOPE_BEGIN|[82]|idx|Integer|false|false
14:14:39.063 (63548319)|HEAP_ALLOCATE|[82]|Bytes:4
14:14:39.063 (63561725)|VARIABLE_ASSIGNMENT|[82]|idx|50
14:14:39.063 (63565493)|STATEMENT_EXECUTE|[83]
14:14:39.063 (63592130)|HEAP_ALLOCATE|[83]|Bytes:1
14:14:39.063 (63610769)|HEAP_ALLOCATE|[83]|Bytes:1
14:14:39.063 (63621175)|VARIABLE_ASSIGNMENT|[83]|randStr|"o"
14:14:39.063 (63646787)|STATEMENT_EXECUTE|[81]
14:14:39.063 (63651534)|STATEMENT_EXECUTE|[82]
14:14:39.063 (63776284)|VARIABLE_SCOPE_BEGIN|[82]|idx|Integer|false|false
14:14:39.063 (63781403)|HEAP_ALLOCATE|[82]|Bytes:4
14:14:39.063 (63791085)|VARIABLE_ASSIGNMENT|[82]|idx|24
14:14:39.063 (63794749)|STATEMENT_EXECUTE|[83]
14:14:39.063 (63819363)|HEAP_ALLOCATE|[83]|Bytes:1
14:14:39.063 (63837191)|HEAP_ALLOCATE|[83]|Bytes:2
14:14:39.063 (63847614)|VARIABLE_ASSIGNMENT|[83]|randStr|"oY"
14:14:39.063 (63868508)|STATEMENT_EXECUTE|[81]
14:14:39.063 (63871446)|STATEMENT_EXECUTE|[82]
14:14:39.063 (63983090)|VARIABLE_SCOPE_BEGIN|[82]|idx|Integer|false|false
14:14:39.063 (63988162)|HEAP_ALLOCATE|[82]|Bytes:4
14:14:39.063 (63997058)|VARIABLE_ASSIGNMENT|[82]|idx|24
14:14:39.064 (64000484)|STATEMENT_EXECUTE|[83]
14:14:39.064 (64025606)|HEAP_ALLOCATE|[83]|Bytes:1
14:14:39.064 (64043389)|HEAP_ALLOCATE|[83]|Bytes:3
14:14:39.064 (64053507)|VARIABLE_ASSIGNMENT|[83]|randStr|"oYY"
14:14:39.064 (64074283)|STATEMENT_EXECUTE|[81]
14:14:39.064 (64077266)|STATEMENT_EXECUTE|[82]
14:14:39.064 (64178625)|VARIABLE_SCOPE_BEGIN|[82]|idx|Integer|false|false
14:14:39.064 (64183511)|HEAP_ALLOCATE|[82]|Bytes:4
14:14:39.064 (64192051)|VARIABLE_ASSIGNMENT|[82]|idx|34
14:14:39.064 (64195716)|STATEMENT_EXECUTE|[83]
14:14:39.064 (64219293)|HEAP_ALLOCATE|[83]|Bytes:1
14:14:39.064 (64236708)|HEAP_ALLOCATE|[83]|Bytes:4
14:14:39.064 (64246580)|VARIABLE_ASSIGNMENT|[83]|randStr|"oYY8"
14:14:39.064 (64267227)|STATEMENT_EXECUTE|[81]
14:14:39.064 (64270153)|STATEMENT_EXECUTE|[82]
14:14:39.064 (64370586)|VARIABLE_SCOPE_BEGIN|[82]|idx|Integer|false|false
14:14:39.064 (64375491)|HEAP_ALLOCATE|[82]|Bytes:4
14:14:39.064 (64384056)|VARIABLE_ASSIGNMENT|[82]|idx|26
14:14:39.064 (64387549)|STATEMENT_EXECUTE|[83]
14:14:39.064 (64410892)|HEAP_ALLOCATE|[83]|Bytes:1
14:14:39.064 (64428422)|HEAP_ALLOCATE|[83]|Bytes:5
14:14:39.064 (64438694)|VARIABLE_ASSIGNMENT|[83]|randStr|"oYY80"
14:14:39.064 (64459328)|STATEMENT_EXECUTE|[81]
14:14:39.064 (64462289)|STATEMENT_EXECUTE|[82]
14:14:39.064 (64569926)|VARIABLE_SCOPE_BEGIN|[82]|idx|Integer|false|false
14:14:39.064 (64575072)|HEAP_ALLOCATE|[82]|Bytes:4
14:14:39.064 (64583992)|VARIABLE_ASSIGNMENT|[82]|idx|9
14:14:39.064 (64587787)|STATEMENT_EXECUTE|[83]
14:14:39.064 (64611586)|HEAP_ALLOCATE|[83]|Bytes:1
14:14:39.064 (64628980)|HEAP_ALLOCATE|[83]|Bytes:6
14:14:39.064 (64639404)|VARIABLE_ASSIGNMENT|[83]|randStr|"oYY80J"
14:14:39.064 (64660225)|STATEMENT_EXECUTE|[81]
14:14:39.064 (64663147)|STATEMENT_EXECUTE|[82]
14:14:39.064 (64764040)|VARIABLE_SCOPE_BEGIN|[82]|idx|Integer|false|false
14:14:39.064 (64768858)|HEAP_ALLOCATE|[82]|Bytes:4
14:14:39.064 (64777423)|VARIABLE_ASSIGNMENT|[82]|idx|26
14:14:39.064 (64780988)|STATEMENT_EXECUTE|[83]
14:14:39.064 (64804647)|HEAP_ALLOCATE|[83]|Bytes:1
14:14:39.064 (64822075)|HEAP_ALLOCATE|[83]|Bytes:7
14:14:39.064 (64832417)|VARIABLE_ASSIGNMENT|[83]|randStr|"oYY80J0"
14:14:39.064 (64853125)|STATEMENT_EXECUTE|[81]
14:14:39.064 (64856115)|STATEMENT_EXECUTE|[82]
14:14:39.064 (64955887)|VARIABLE_SCOPE_BEGIN|[82]|idx|Integer|false|false
14:14:39.064 (64960790)|HEAP_ALLOCATE|[82]|Bytes:4
14:14:39.064 (64969594)|VARIABLE_ASSIGNMENT|[82]|idx|27
14:14:39.064 (64972946)|STATEMENT_EXECUTE|[83]
14:14:39.064 (64996937)|HEAP_ALLOCATE|[83]|Bytes:1
14:14:39.065 (65014289)|HEAP_ALLOCATE|[83]|Bytes:8
14:14:39.065 (65025248)|VARIABLE_ASSIGNMENT|[83]|randStr|"oYY80J01"
14:14:39.065 (65046214)|STATEMENT_EXECUTE|[81]
14:14:39.065 (65049127)|STATEMENT_EXECUTE|[82]
14:14:39.065 (65148826)|VARIABLE_SCOPE_BEGIN|[82]|idx|Integer|false|false
14:14:39.065 (65153732)|HEAP_ALLOCATE|[82]|Bytes:4
14:14:39.065 (65162606)|VARIABLE_ASSIGNMENT|[82]|idx|7
14:14:39.065 (65166181)|STATEMENT_EXECUTE|[83]
14:14:39.065 (65189826)|HEAP_ALLOCATE|[83]|Bytes:1
14:14:39.065 (65207207)|HEAP_ALLOCATE|[83]|Bytes:9
14:14:39.065 (65217295)|VARIABLE_ASSIGNMENT|[83]|randStr|"oYY80J01H"
14:14:39.065 (65237918)|STATEMENT_EXECUTE|[81]
14:14:39.065 (65240851)|STATEMENT_EXECUTE|[82]
14:14:39.065 (65341702)|VARIABLE_SCOPE_BEGIN|[82]|idx|Integer|false|false
14:14:39.065 (65346702)|HEAP_ALLOCATE|[82]|Bytes:4
14:14:39.065 (65355433)|VARIABLE_ASSIGNMENT|[82]|idx|14
14:14:39.065 (65358839)|STATEMENT_EXECUTE|[83]
14:14:39.065 (65382845)|HEAP_ALLOCATE|[83]|Bytes:1
14:14:39.065 (65400727)|HEAP_ALLOCATE|[83]|Bytes:10
14:14:39.065 (65411226)|VARIABLE_ASSIGNMENT|[83]|randStr|"oYY80J01HO"
14:14:39.065 (65432045)|STATEMENT_EXECUTE|[81]
14:14:39.065 (65434927)|STATEMENT_EXECUTE|[82]
14:14:39.065 (65557881)|VARIABLE_SCOPE_BEGIN|[82]|idx|Integer|false|false
14:14:39.065 (65562972)|HEAP_ALLOCATE|[82]|Bytes:4
14:14:39.065 (65572031)|VARIABLE_ASSIGNMENT|[82]|idx|22
14:14:39.065 (65575547)|STATEMENT_EXECUTE|[83]
14:14:39.065 (65600002)|HEAP_ALLOCATE|[83]|Bytes:1
14:14:39.065 (65617575)|HEAP_ALLOCATE|[83]|Bytes:11
14:14:39.065 (65628131)|VARIABLE_ASSIGNMENT|[83]|randStr|"oYY80J01HOW"
14:14:39.065 (65649064)|STATEMENT_EXECUTE|[81]
14:14:39.065 (65651972)|STATEMENT_EXECUTE|[82]
14:14:39.065 (65752572)|VARIABLE_SCOPE_BEGIN|[82]|idx|Integer|false|false
14:14:39.065 (65757420)|HEAP_ALLOCATE|[82]|Bytes:4
14:14:39.065 (65766207)|VARIABLE_ASSIGNMENT|[82]|idx|36
14:14:39.065 (65769708)|STATEMENT_EXECUTE|[83]
14:14:39.065 (65793304)|HEAP_ALLOCATE|[83]|Bytes:1
14:14:39.065 (65810569)|HEAP_ALLOCATE|[83]|Bytes:12
14:14:39.065 (65821081)|VARIABLE_ASSIGNMENT|[83]|randStr|"oYY80J01HOWa"
14:14:39.065 (65841989)|STATEMENT_EXECUTE|[81]
14:14:39.065 (65844967)|STATEMENT_EXECUTE|[82]
14:14:39.065 (65945312)|VARIABLE_SCOPE_BEGIN|[82]|idx|Integer|false|false
14:14:39.065 (65950109)|HEAP_ALLOCATE|[82]|Bytes:4
14:14:39.065 (65958710)|VARIABLE_ASSIGNMENT|[82]|idx|16
14:14:39.065 (65962081)|STATEMENT_EXECUTE|[83]
14:14:39.065 (65985656)|HEAP_ALLOCATE|[83]|Bytes:1
14:14:39.066 (66003210)|HEAP_ALLOCATE|[83]|Bytes:13
14:14:39.066 (66014189)|VARIABLE_ASSIGNMENT|[83]|randStr|"oYY80J01HOWaQ"
14:14:39.066 (66035173)|STATEMENT_EXECUTE|[81]
14:14:39.066 (66038183)|STATEMENT_EXECUTE|[82]
14:14:39.066 (66138208)|VARIABLE_SCOPE_BEGIN|[82]|idx|Integer|false|false
14:14:39.066 (66143013)|HEAP_ALLOCATE|[82]|Bytes:4
14:14:39.066 (66151650)|VARIABLE_ASSIGNMENT|[82]|idx|30
14:14:39.066 (66155088)|STATEMENT_EXECUTE|[83]
14:14:39.066 (66178599)|HEAP_ALLOCATE|[83]|Bytes:1
14:14:39.066 (66196036)|HEAP_ALLOCATE|[83]|Bytes:14
14:14:39.066 (66206788)|VARIABLE_ASSIGNMENT|[83]|randStr|"oYY80J01HOWaQ4"
14:14:39.066 (66227549)|STATEMENT_EXECUTE|[81]
14:14:39.066 (66230508)|STATEMENT_EXECUTE|[82]
14:14:39.066 (66331268)|VARIABLE_SCOPE_BEGIN|[82]|idx|Integer|false|false
14:14:39.066 (66336086)|HEAP_ALLOCATE|[82]|Bytes:4
14:14:39.066 (66344713)|VARIABLE_ASSIGNMENT|[82]|idx|57
14:14:39.066 (66348116)|STATEMENT_EXECUTE|[83]
14:14:39.066 (66371697)|HEAP_ALLOCATE|[83]|Bytes:1
14:14:39.066 (66389220)|HEAP_ALLOCATE|[83]|Bytes:15
14:14:39.066 (66399714)|VARIABLE_ASSIGNMENT|[83]|randStr|"oYY80J01HOWaQ4v"
14:14:39.066 (66420621)|STATEMENT_EXECUTE|[81]
14:14:39.066 (66423543)|STATEMENT_EXECUTE|[82]
14:14:39.066 (66525405)|VARIABLE_SCOPE_BEGIN|[82]|idx|Integer|false|false
14:14:39.066 (66530177)|HEAP_ALLOCATE|[82]|Bytes:4
14:14:39.066 (66538816)|VARIABLE_ASSIGNMENT|[82]|idx|54
14:14:39.066 (66542272)|STATEMENT_EXECUTE|[83]
14:14:39.066 (66569678)|HEAP_ALLOCATE|[83]|Bytes:1
14:14:39.066 (66587436)|HEAP_ALLOCATE|[83]|Bytes:16
14:14:39.066 (66598214)|VARIABLE_ASSIGNMENT|[83]|randStr|"oYY80J01HOWaQ4vs"
14:14:39.066 (66619403)|STATEMENT_EXECUTE|[81]
14:14:39.066 (66622374)|STATEMENT_EXECUTE|[82]
14:14:39.066 (66723076)|VARIABLE_SCOPE_BEGIN|[82]|idx|Integer|false|false
14:14:39.066 (66727998)|HEAP_ALLOCATE|[82]|Bytes:4
14:14:39.066 (66736831)|VARIABLE_ASSIGNMENT|[82]|idx|58
14:14:39.066 (66740285)|STATEMENT_EXECUTE|[83]
14:14:39.066 (66763730)|HEAP_ALLOCATE|[83]|Bytes:1
14:14:39.066 (66781163)|HEAP_ALLOCATE|[83]|Bytes:17
14:14:39.066 (66791710)|VARIABLE_ASSIGNMENT|[83]|randStr|"oYY80J01HOWaQ4vsw"
14:14:39.066 (66812656)|STATEMENT_EXECUTE|[81]
14:14:39.066 (66815710)|STATEMENT_EXECUTE|[82]
14:14:39.066 (66934264)|VARIABLE_SCOPE_BEGIN|[82]|idx|Integer|false|false
14:14:39.066 (66939407)|HEAP_ALLOCATE|[82]|Bytes:4
14:14:39.066 (66948573)|VARIABLE_ASSIGNMENT|[82]|idx|42
14:14:39.066 (66952069)|STATEMENT_EXECUTE|[83]
14:14:39.066 (66976603)|HEAP_ALLOCATE|[83]|Bytes:1
14:14:39.066 (66994252)|HEAP_ALLOCATE|[83]|Bytes:18
14:14:39.067 (67005046)|VARIABLE_ASSIGNMENT|[83]|randStr|"oYY80J01HOWaQ4vswg"
14:14:39.067 (67027500)|STATEMENT_EXECUTE|[85]
14:14:39.067 (67036090)|METHOD_EXIT|[69]|01p58000000n2RS|ScoringSchemeHelper.generateRandomString(Integer)
14:14:39.067 (67041968)|VARIABLE_SCOPE_BEGIN|[69]|rId|String|false|false
14:14:39.067 (67050505)|VARIABLE_ASSIGNMENT|[69]|rId|"oYY80J01HOWaQ4vswg"
14:14:39.067 (67054044)|STATEMENT_EXECUTE|[70]
14:14:39.067 (67064116)|METHOD_ENTRY|[70]|01p58000000n2RS|ScoringSchemeHelper.createSObject(SObjectData)
14:14:39.067 (67081478)|VARIABLE_SCOPE_BEGIN|[11]|this|ScoringSchemeHelper|true|false
14:14:39.067 (67105751)|VARIABLE_ASSIGNMENT|[11]|this|{"childrenMap":"0xccad005"}|0x2bcd9e36
14:14:39.067 (67110850)|VARIABLE_SCOPE_BEGIN|[11]|obj|SObjectData|true|false
14:14:39.067 (67131636)|VARIABLE_ASSIGNMENT|[11]|obj|{"fieldMap":"0x64c0e4bd","parent":"0x5c114e43","sObjectType":"Test_objects__c"}|0x40398967
14:14:39.067 (67142199)|HEAP_ALLOCATE|[12]|Bytes:5
14:14:39.067 (67146567)|STATEMENT_EXECUTE|[11]
14:14:39.067 (67148991)|STATEMENT_EXECUTE|[12]
14:14:39.067 (67165247)|HEAP_ALLOCATE|[12]|Bytes:4
14:14:39.067 (67180973)|VARIABLE_SCOPE_BEGIN|[12]|scoringScheme|Test_Objects__c|true|false
14:14:39.067 (67194185)|VARIABLE_ASSIGNMENT|[12]|scoringScheme|{}|0x3d62f832
14:14:39.067 (67200696)|HEAP_ALLOCATE|[13]|Bytes:4
14:14:39.067 (67218680)|METHOD_ENTRY|[13]|01p58000000n6Fr|SObjectData.getFieldMap()
14:14:39.067 (67224422)|VARIABLE_SCOPE_BEGIN|[52]|this|SObjectData|true|false
14:14:39.067 (67249341)|VARIABLE_ASSIGNMENT|[52]|this|{"fieldMap":"0x64c0e4bd","parent":"0x5c114e43","sObjectType":"Test_objects__c"}|0x40398967
14:14:39.067 (67259497)|HEAP_ALLOCATE|[53]|Bytes:5
14:14:39.067 (67263734)|STATEMENT_EXECUTE|[52]
14:14:39.067 (67266057)|STATEMENT_EXECUTE|[53]
14:14:39.067 (67274031)|METHOD_EXIT|[13]|01p58000000n6Fr|SObjectData.getFieldMap()
14:14:39.067 (67302161)|HEAP_ALLOCATE|[13]|Bytes:4
14:14:39.067 (67328765)|HEAP_ALLOCATE|[13]|Bytes:0
14:14:39.067 (67363803)|HEAP_ALLOCATE|[13]|Bytes:5
14:14:39.067 (67381901)|VARIABLE_ASSIGNMENT|[13]|field|null
14:14:39.067 (67386673)|STATEMENT_EXECUTE|[13]
14:14:39.067 (67389076)|STATEMENT_EXECUTE|[18]
14:14:39.067 (67396485)|METHOD_EXIT|[70]|01p58000000n2RS|ScoringSchemeHelper.createSObject(SObjectData)
14:14:39.067 (67422526)|HEAP_ALLOCATE|[EXTERNAL]|Bytes:-4
14:14:39.067 (67444104)|METHOD_ENTRY|[71]|01p58000000n6Fr|SObjectData.getChildren()
14:14:39.067 (67461303)|VARIABLE_SCOPE_BEGIN|[60]|this|SObjectData|true|false
14:14:39.067 (67487964)|VARIABLE_ASSIGNMENT|[60]|this|{"fieldMap":"0x64c0e4bd","parent":"0x5c114e43","sObjectType":"Test_objects__c"}|0x40398967
14:14:39.067 (67498286)|HEAP_ALLOCATE|[61]|Bytes:5
14:14:39.067 (67502557)|STATEMENT_EXECUTE|[60]
14:14:39.067 (67505837)|STATEMENT_EXECUTE|[61]
14:14:39.067 (67507891)|STATEMENT_EXECUTE|[62]
14:14:39.067 (67512217)|HEAP_ALLOCATE|[62]|Bytes:4
14:14:39.067 (67546298)|HEAP_ALLOCATE|[EXTERNAL]|Bytes:4
14:14:39.067 (67565931)|VARIABLE_ASSIGNMENT|[62]|this.children|{"s":1,"v":[]}|0x40398967
14:14:39.067 (67571016)|STATEMENT_EXECUTE|[64]
14:14:39.067 (67580210)|METHOD_EXIT|[71]|01p58000000n6Fr|SObjectData.getChildren()
14:14:39.067 (67600054)|STATEMENT_EXECUTE|[71]
14:14:39.067 (67615547)|HEAP_ALLOCATE|[68]|Bytes:5
14:14:39.067 (67632345)|VARIABLE_ASSIGNMENT|[68]|obj|null|
14:14:39.067 (67636951)|STATEMENT_EXECUTE|[75]
14:14:39.067 (67685142)|HEAP_ALLOCATE|[EXTERNAL]|Bytes:-4
14:14:39.067 (67709036)|METHOD_EXIT|[60]|01p58000000n2RS|ScoringSchemeHelper.createChildren(String, List<SObjectData>)
14:14:39.067 (67726608)|HEAP_ALLOCATE|[56]|Bytes:5
14:14:39.067 (67743722)|VARIABLE_ASSIGNMENT|[56]|obj|null|
14:14:39.067 (67748352)|STATEMENT_EXECUTE|[63]
14:14:39.067 (67755522)|METHOD_EXIT|[6]|01p58000000n2RS|ScoringSchemeHelper.createRoot(List<SObjectData>)
14:14:39.067 (67761823)|VARIABLE_SCOPE_BEGIN|[6]|root|Map<String,SObject>|true|false
14:14:39.067 (67781724)|VARIABLE_ASSIGNMENT|[6]|root|{"s":1,"v":{"ymu63SIgS5YXvGlpgJ":{}}}|0x1e885f3b
14:14:39.067 (67787020)|STATEMENT_EXECUTE|[7]
14:14:39.067 (67801888)|METHOD_ENTRY|[7]|01p58000000n2RS|ScoringSchemeHelper.insertSObjects(Map<String,SObject>)
14:14:39.067 (67828171)|VARIABLE_SCOPE_BEGIN|[25]|this|ScoringSchemeHelper|true|false
14:14:39.067 (67851993)|VARIABLE_ASSIGNMENT|[25]|this|{"childrenMap":"0xccad005"}|0x2bcd9e36
14:14:39.067 (67859643)|VARIABLE_SCOPE_BEGIN|[25]|objMap|Map<String,SObject>|true|false
14:14:39.067 (67874966)|VARIABLE_ASSIGNMENT|[25]|objMap|{"s":1,"v":{"ymu63SIgS5YXvGlpgJ":{}}}|0x1e885f3b
14:14:39.067 (67884675)|HEAP_ALLOCATE|[26]|Bytes:5
14:14:39.067 (67889261)|STATEMENT_EXECUTE|[25]
14:14:39.067 (67891592)|STATEMENT_EXECUTE|[26]
14:14:39.067 (67893577)|STATEMENT_EXECUTE|[26]
14:14:39.067 (67895405)|STATEMENT_EXECUTE|[27]
14:14:39.067 (67934429)|HEAP_ALLOCATE|[EXTERNAL]|Bytes:8
14:14:39.067 (67944274)|HEAP_ALLOCATE|[27]|Bytes:12
14:14:39.068 (68006363)|DML_BEGIN|[27]|Op:Insert|Type:SObject|Rows:1
14:14:39.068 (68032960)|HEAP_ALLOCATE|[EXTERNAL]|Bytes:8
14:14:39.114 (114408820)|DML_END|[27]
14:14:39.114 (114492688)|HEAP_ALLOCATE|[EXTERNAL]|Bytes:8
14:14:39.114 (114510325)|HEAP_ALLOCATE|[28]|Bytes:4
14:14:39.114 (114582748)|HEAP_ALLOCATE|[28]|Bytes:26
14:14:39.114 (114619012)|HEAP_ALLOCATE|[28]|Bytes:4
14:14:39.114 (114665447)|HEAP_ALLOCATE|[28]|Bytes:5
14:14:39.114 (114688169)|VARIABLE_SCOPE_BEGIN|[28]|key|String|false|false
14:14:39.114 (114704350)|VARIABLE_ASSIGNMENT|[28]|key|"ymu63SIgS5YXvGlpgJ"
14:14:39.114 (114710052)|STATEMENT_EXECUTE|[28]
14:14:39.114 (114762239)|STATEMENT_EXECUTE|[29]
14:14:39.114 (114765979)|STATEMENT_EXECUTE|[30]
14:14:39.114 (114876801)|HEAP_ALLOCATE|[30]|Bytes:18
14:14:39.114 (114933503)|METHOD_ENTRY|[30]|01p58000000n2RS|ScoringSchemeHelper.insertSObjects(String, Map<String,SObject>)
14:14:39.114 (114945170)|VARIABLE_SCOPE_BEGIN|[38]|this|ScoringSchemeHelper|true|false
14:14:39.114 (114974378)|VARIABLE_ASSIGNMENT|[38]|this|{"childrenMap":"0xccad005"}|0x2bcd9e36
14:14:39.114 (114982552)|VARIABLE_SCOPE_BEGIN|[38]|parentId|String|false|false
14:14:39.114 (114989686)|VARIABLE_ASSIGNMENT|[38]|parentId|"a0w58000000GsYzAAK"
14:14:39.114 (114994645)|VARIABLE_SCOPE_BEGIN|[38]|objMap|Map<String,SObject>|true|false
14:14:39.115 (115011654)|VARIABLE_ASSIGNMENT|[38]|objMap|{"s":1,"v":{"oYY80J01HOWaQ4vswg":{}}}|0x182ff5cd
14:14:39.115 (115023411)|HEAP_ALLOCATE|[39]|Bytes:5
14:14:39.115 (115028675)|STATEMENT_EXECUTE|[38]
14:14:39.115 (115031633)|STATEMENT_EXECUTE|[39]
14:14:39.115 (115033639)|STATEMENT_EXECUTE|[39]
14:14:39.115 (115039077)|HEAP_ALLOCATE|[40]|Bytes:4
14:14:39.115 (115092239)|HEAP_ALLOCATE|[40]|Bytes:26
14:14:39.115 (115122244)|HEAP_ALLOCATE|[40]|Bytes:4
14:14:39.115 (115162456)|HEAP_ALLOCATE|[40]|Bytes:5
14:14:39.115 (115181861)|VARIABLE_SCOPE_BEGIN|[40]|key|String|false|false
14:14:39.115 (115193615)|VARIABLE_ASSIGNMENT|[40]|key|"oYY80J01HOWaQ4vswg"
14:14:39.115 (115197899)|STATEMENT_EXECUTE|[40]
14:14:39.115 (115200299)|STATEMENT_EXECUTE|[41]
14:14:39.115 (115250146)|HEAP_ALLOCATE|[41]|Bytes:9
14:14:39.115 (115375659)|HEAP_ALLOCATE|[40]|Bytes:5
14:14:39.115 (115395584)|VARIABLE_ASSIGNMENT|[40]|key|null
14:14:39.115 (115400578)|STATEMENT_EXECUTE|[43]
14:14:39.115 (115431105)|HEAP_ALLOCATE|[EXTERNAL]|Bytes:8
14:14:39.115 (115441175)|HEAP_ALLOCATE|[43]|Bytes:43
14:14:39.115 (115479011)|DML_BEGIN|[43]|Op:Insert|Type:SObject|Rows:1
14:14:39.115 (115495975)|HEAP_ALLOCATE|[EXTERNAL]|Bytes:8
14:14:39.131 (131930129)|DML_END|[43]
14:14:39.131 (131952245)|HEAP_ALLOCATE|[EXTERNAL]|Bytes:8
14:14:39.131 (131964683)|HEAP_ALLOCATE|[44]|Bytes:4
14:14:39.132 (132019637)|HEAP_ALLOCATE|[44]|Bytes:26
14:14:39.132 (132051649)|HEAP_ALLOCATE|[44]|Bytes:4
14:14:39.132 (132092443)|HEAP_ALLOCATE|[44]|Bytes:5
14:14:39.132 (132112508)|VARIABLE_SCOPE_BEGIN|[44]|key|String|false|false
14:14:39.132 (132125210)|VARIABLE_ASSIGNMENT|[44]|key|"oYY80J01HOWaQ4vswg"
14:14:39.132 (132129885)|STATEMENT_EXECUTE|[44]
14:14:39.132 (132179256)|STATEMENT_EXECUTE|[45]
14:14:39.132 (132196844)|HEAP_ALLOCATE|[44]|Bytes:5
14:14:39.132 (132214141)|VARIABLE_ASSIGNMENT|[44]|key|null
14:14:39.132 (132226281)|METHOD_EXIT|[30]|01p58000000n2RS|ScoringSchemeHelper.insertSObjects(String, Map<String,SObject>)
14:14:39.132 (132243707)|HEAP_ALLOCATE|[28]|Bytes:5
14:14:39.132 (132259102)|VARIABLE_ASSIGNMENT|[28]|key|null
14:14:39.132 (132267376)|METHOD_EXIT|[7]|01p58000000n2RS|ScoringSchemeHelper.insertSObjects(Map<String,SObject>)
14:14:39.132 (132272911)|STATEMENT_EXECUTE|[8]
14:14:39.132 (132279854)|METHOD_EXIT|[11]|01p58000000n2RS|ScoringSchemeHelper.createSObjects(List<SObjectData>)
14:14:39.132 (132287600)|SYSTEM_MODE_EXIT|false
14:14:39.138 (138844996)|CUMULATIVE_LIMIT_USAGE
14:14:39.138 (138844996)|LIMIT_USAGE_FOR_NS|(default)|
  Number of SOQL queries: 0 out of 100
  Number of query rows: 0 out of 50000
  Number of SOSL queries: 0 out of 20
  Number of DML statements: 2 out of 150
  Number of DML rows: 2 out of 10000
  Maximum CPU time: 0 out of 10000
  Maximum heap size: 0 out of 6000000
  Number of callouts: 0 out of 100
  Number of Email Invocations: 0 out of 10
  Number of future calls: 0 out of 50
  Number of queueable jobs added to the queue: 0 out of 50
  Number of Mobile Apex push calls: 0 out of 10

14:14:39.138 (138844996)|CUMULATIVE_LIMIT_USAGE_END

14:14:39.138 (138900013)|CODE_UNIT_FINISHED|execute_anonymous_apex
14:14:39.139 (139960973)|EXECUTION_FINISHED
