35.0 APEX_CODE,FINEST;APEX_PROFILING,INFO;CALLOUT,INFO;DB,INFO;SYSTEM,DEBUG;VALIDATION,INFO;VISUALFORCE,INFO;WORKFLOW,INFO
Execute Anonymous: SObjectData d = new SObjectData('Test_objects__c');
Execute Anonymous: d.addValuePair('Name', 'x');
Execute Anonymous: 
Execute Anonymous: SObjectData d1 = new SObjectData('Test_objects__c');
Execute Anonymous: d1.addValuePair('Name', 'x');
Execute Anonymous: d1.setParent(d);
Execute Anonymous: 
Execute Anonymous: d.addChild(d1);
Execute Anonymous: 
Execute Anonymous: ScoringSchemeHelper h = new ScoringSchemeHelper();
Execute Anonymous: h.createSObjects(new List<SObjectData> { d} );
14:16:25.048 (48051502)|EXECUTION_STARTED
14:16:25.048 (48061793)|CODE_UNIT_STARTED|[EXTERNAL]|execute_anonymous_apex
14:16:25.049 (49814371)|VARIABLE_SCOPE_BEGIN|[1]|d|SObjectData|true|false
14:16:25.049 (49826796)|VARIABLE_SCOPE_BEGIN|[4]|d1|SObjectData|true|false
14:16:25.051 (51922716)|VARIABLE_SCOPE_BEGIN|[10]|h|ScoringSchemeHelper|true|false
14:16:25.052 (52099750)|HEAP_ALLOCATE|[72]|Bytes:3
14:16:25.052 (52164314)|HEAP_ALLOCATE|[77]|Bytes:152
14:16:25.052 (52187502)|HEAP_ALLOCATE|[342]|Bytes:408
14:16:25.052 (52209444)|HEAP_ALLOCATE|[355]|Bytes:408
14:16:25.052 (52230523)|HEAP_ALLOCATE|[467]|Bytes:48
14:16:25.052 (52273326)|HEAP_ALLOCATE|[139]|Bytes:6
14:16:25.052 (52305039)|HEAP_ALLOCATE|[EXTERNAL]|Bytes:17
14:16:25.052 (52357386)|STATEMENT_EXECUTE|[1]
14:16:25.052 (52361681)|STATEMENT_EXECUTE|[1]
14:16:25.052 (52368345)|HEAP_ALLOCATE|[1]|Bytes:34
14:16:25.052 (52409370)|METHOD_ENTRY|[1]|01p58000000n6Fr|SObjectData.SObjectData()
14:16:25.052 (52415647)|STATEMENT_EXECUTE|[1]
14:16:25.052 (52419989)|STATEMENT_EXECUTE|[1]
14:16:25.052 (52460274)|HEAP_ALLOCATE|[50]|Bytes:5
14:16:25.052 (52488071)|HEAP_ALLOCATE|[56]|Bytes:5
14:16:25.052 (52499672)|HEAP_ALLOCATE|[64]|Bytes:7
14:16:25.052 (52525122)|SYSTEM_MODE_ENTER|false
14:16:25.052 (52547000)|HEAP_ALLOCATE|[1]|Bytes:5
14:16:25.052 (52554893)|SYSTEM_MODE_EXIT|false
14:16:25.052 (52567077)|METHOD_EXIT|[1]|SObjectData
14:16:25.052 (52655016)|HEAP_ALLOCATE|[1]|Bytes:20
14:16:25.052 (52663349)|HEAP_ALLOCATE|[1]|Bytes:15
14:16:25.052 (52691327)|SYSTEM_MODE_ENTER|false
14:16:25.052 (52711287)|HEAP_ALLOCATE|[1]|Bytes:5
14:16:25.052 (52732580)|CONSTRUCTOR_ENTRY|[1]|01p58000000n6Fr|<init>(String)
14:16:25.052 (52770133)|VARIABLE_SCOPE_BEGIN|[7]|this|SObjectData|true|false
14:16:25.052 (52830434)|VARIABLE_ASSIGNMENT|[7]|this|{}|0x139d8270
14:16:25.052 (52837843)|VARIABLE_SCOPE_BEGIN|[7]|sobjectType|String|false|false
14:16:25.052 (52848038)|VARIABLE_ASSIGNMENT|[7]|sobjectType|"Test_objects__c"
14:16:25.052 (52858008)|HEAP_ALLOCATE|[2]|Bytes:5
14:16:25.052 (52862999)|STATEMENT_EXECUTE|[1]
14:16:25.052 (52866883)|HEAP_ALLOCATE|[2]|Bytes:5
14:16:25.052 (52870072)|STATEMENT_EXECUTE|[2]
14:16:25.052 (52877660)|HEAP_ALLOCATE|[2]|Bytes:4
14:16:25.052 (52919267)|VARIABLE_ASSIGNMENT|[2]|this.fieldMap|{"s":1,"v":{}}|0x139d8270
14:16:25.052 (52925282)|STATEMENT_EXECUTE|[3]
14:16:25.052 (52928139)|STATEMENT_EXECUTE|[4]
14:16:25.052 (52930414)|STATEMENT_EXECUTE|[5]
14:16:25.052 (52945710)|HEAP_ALLOCATE|[2]|Bytes:6
14:16:25.052 (52962938)|VARIABLE_SCOPE_BEGIN|[2]|this|System.ApexBaseClass|true|false
14:16:25.052 (52991890)|VARIABLE_ASSIGNMENT|[2]|this|{"fieldMap":"0x212e4be8"}|0x139d8270
14:16:25.053 (53005127)|STATEMENT_EXECUTE|[7]
14:16:25.053 (53008923)|STATEMENT_EXECUTE|[8]
14:16:25.053 (53021832)|VARIABLE_ASSIGNMENT|[8]|this.sObjectType|"Test_objects__c"|0x139d8270
14:16:25.053 (53035233)|CONSTRUCTOR_EXIT|[1]|01p58000000n6Fr|<init>(String)
14:16:25.053 (53040907)|SYSTEM_MODE_EXIT|false
14:16:25.053 (53075802)|VARIABLE_ASSIGNMENT|[1]|d|{"fieldMap":"0x212e4be8","sObjectType":"Test_objects__c"}|0x139d8270
14:16:25.053 (53082382)|STATEMENT_EXECUTE|[2]
14:16:25.053 (53091910)|HEAP_ALLOCATE|[2]|Bytes:4
14:16:25.053 (53096622)|HEAP_ALLOCATE|[2]|Bytes:1
14:16:25.053 (53120451)|SYSTEM_MODE_ENTER|false
14:16:25.053 (53136577)|HEAP_ALLOCATE|[2]|Bytes:5
14:16:25.053 (53183983)|METHOD_ENTRY|[2]|01p58000000n6Fr|SObjectData.addValuePair(String, String)
14:16:25.053 (53211824)|VARIABLE_SCOPE_BEGIN|[44]|this|SObjectData|true|false
14:16:25.053 (53237334)|VARIABLE_ASSIGNMENT|[44]|this|{"fieldMap":"0x212e4be8","sObjectType":"Test_objects__c"}|0x139d8270
14:16:25.053 (53243831)|VARIABLE_SCOPE_BEGIN|[44]|field|String|false|false
14:16:25.053 (53249604)|VARIABLE_ASSIGNMENT|[44]|field|"Name"
14:16:25.053 (53252842)|VARIABLE_SCOPE_BEGIN|[44]|value|String|false|false
14:16:25.053 (53257317)|VARIABLE_ASSIGNMENT|[44]|value|"x"
14:16:25.053 (53270530)|HEAP_ALLOCATE|[46]|Bytes:5
14:16:25.053 (53275957)|STATEMENT_EXECUTE|[44]
14:16:25.053 (53282107)|STATEMENT_EXECUTE|[46]
14:16:25.053 (53284620)|STATEMENT_EXECUTE|[49]
14:16:25.053 (53381476)|HEAP_ALLOCATE|[EXTERNAL]|Bytes:-4
14:16:25.053 (53409523)|METHOD_EXIT|[2]|01p58000000n6Fr|SObjectData.addValuePair(String, String)
14:16:25.053 (53415096)|SYSTEM_MODE_EXIT|false
14:16:25.053 (53420365)|STATEMENT_EXECUTE|[4]
14:16:25.053 (53426960)|HEAP_ALLOCATE|[4]|Bytes:20
14:16:25.053 (53450385)|SYSTEM_MODE_ENTER|false
14:16:25.053 (53466746)|HEAP_ALLOCATE|[4]|Bytes:5
14:16:25.053 (53478004)|CONSTRUCTOR_ENTRY|[4]|01p58000000n6Fr|<init>(String)
14:16:25.053 (53496048)|VARIABLE_SCOPE_BEGIN|[7]|this|SObjectData|true|false
14:16:25.053 (53516845)|VARIABLE_ASSIGNMENT|[7]|this|{}|0x3b405a11
14:16:25.053 (53521309)|VARIABLE_SCOPE_BEGIN|[7]|sobjectType|String|false|false
14:16:25.053 (53528227)|VARIABLE_ASSIGNMENT|[7]|sobjectType|"Test_objects__c"
14:16:25.053 (53535940)|HEAP_ALLOCATE|[2]|Bytes:5
14:16:25.053 (53540594)|STATEMENT_EXECUTE|[1]
14:16:25.053 (53544385)|HEAP_ALLOCATE|[2]|Bytes:5
14:16:25.053 (53547531)|STATEMENT_EXECUTE|[2]
14:16:25.053 (53552382)|HEAP_ALLOCATE|[2]|Bytes:4
14:16:25.053 (53573113)|VARIABLE_ASSIGNMENT|[2]|this.fieldMap|{"s":1,"v":{}}|0x3b405a11
14:16:25.053 (53578615)|STATEMENT_EXECUTE|[3]
14:16:25.053 (53581249)|STATEMENT_EXECUTE|[4]
14:16:25.053 (53583791)|STATEMENT_EXECUTE|[5]
14:16:25.053 (53591996)|VARIABLE_SCOPE_BEGIN|[2]|this|System.ApexBaseClass|true|false
14:16:25.053 (53612817)|VARIABLE_ASSIGNMENT|[2]|this|{"fieldMap":"0x29bfe606"}|0x3b405a11
14:16:25.053 (53622361)|STATEMENT_EXECUTE|[7]
14:16:25.053 (53625122)|STATEMENT_EXECUTE|[8]
14:16:25.053 (53635308)|VARIABLE_ASSIGNMENT|[8]|this.sObjectType|"Test_objects__c"|0x3b405a11
14:16:25.053 (53645343)|CONSTRUCTOR_EXIT|[4]|01p58000000n6Fr|<init>(String)
14:16:25.053 (53650840)|SYSTEM_MODE_EXIT|false
14:16:25.053 (53680777)|VARIABLE_ASSIGNMENT|[4]|d1|{"fieldMap":"0x29bfe606","sObjectType":"Test_objects__c"}|0x3b405a11
14:16:25.053 (53686884)|STATEMENT_EXECUTE|[5]
14:16:25.053 (53713662)|SYSTEM_MODE_ENTER|false
14:16:25.053 (53729530)|HEAP_ALLOCATE|[5]|Bytes:5
14:16:25.053 (53741928)|METHOD_ENTRY|[5]|01p58000000n6Fr|SObjectData.addValuePair(String, String)
14:16:25.053 (53755611)|VARIABLE_SCOPE_BEGIN|[44]|this|SObjectData|true|false
14:16:25.053 (53779164)|VARIABLE_ASSIGNMENT|[44]|this|{"fieldMap":"0x29bfe606","sObjectType":"Test_objects__c"}|0x3b405a11
14:16:25.053 (53784221)|VARIABLE_SCOPE_BEGIN|[44]|field|String|false|false
14:16:25.053 (53789672)|VARIABLE_ASSIGNMENT|[44]|field|"Name"
14:16:25.053 (53792675)|VARIABLE_SCOPE_BEGIN|[44]|value|String|false|false
14:16:25.053 (53796969)|VARIABLE_ASSIGNMENT|[44]|value|"x"
14:16:25.053 (53804721)|HEAP_ALLOCATE|[46]|Bytes:5
14:16:25.053 (53809580)|STATEMENT_EXECUTE|[44]
14:16:25.053 (53813273)|STATEMENT_EXECUTE|[46]
14:16:25.053 (53815654)|STATEMENT_EXECUTE|[49]
14:16:25.053 (53842303)|HEAP_ALLOCATE|[EXTERNAL]|Bytes:-4
14:16:25.053 (53862219)|METHOD_EXIT|[5]|01p58000000n6Fr|SObjectData.addValuePair(String, String)
14:16:25.053 (53867752)|SYSTEM_MODE_EXIT|false
14:16:25.053 (53872675)|STATEMENT_EXECUTE|[6]
14:16:25.053 (53899141)|SYSTEM_MODE_ENTER|false
14:16:25.053 (53914958)|HEAP_ALLOCATE|[6]|Bytes:5
14:16:25.053 (53931372)|METHOD_ENTRY|[6]|01p58000000n6Fr|SObjectData.setParent(SObjectData)
14:16:25.053 (53952677)|VARIABLE_SCOPE_BEGIN|[27]|this|SObjectData|true|false
14:16:25.053 (53978097)|VARIABLE_ASSIGNMENT|[27]|this|{"fieldMap":"0x29bfe606","sObjectType":"Test_objects__c"}|0x3b405a11
14:16:25.053 (53985342)|VARIABLE_SCOPE_BEGIN|[27]|o|SObjectData|true|false
14:16:25.054 (54002720)|VARIABLE_ASSIGNMENT|[27]|o|{"fieldMap":"0x212e4be8","sObjectType":"Test_objects__c"}|0x139d8270
14:16:25.054 (54013648)|HEAP_ALLOCATE|[28]|Bytes:5
14:16:25.054 (54019171)|STATEMENT_EXECUTE|[27]
14:16:25.054 (54021669)|STATEMENT_EXECUTE|[28]
14:16:25.054 (54029173)|VARIABLE_ASSIGNMENT|[28]|this.parent|0x139d8270|0x3b405a11
14:16:25.054 (54038091)|METHOD_EXIT|[6]|01p58000000n6Fr|SObjectData.setParent(SObjectData)
14:16:25.054 (54043359)|SYSTEM_MODE_EXIT|false
14:16:25.054 (54047812)|STATEMENT_EXECUTE|[8]
14:16:25.054 (54073795)|SYSTEM_MODE_ENTER|false
14:16:25.054 (54094466)|HEAP_ALLOCATE|[8]|Bytes:5
14:16:25.054 (54110496)|METHOD_ENTRY|[8]|01p58000000n6Fr|SObjectData.addChild(SObjectData)
14:16:25.054 (54131596)|VARIABLE_SCOPE_BEGIN|[37]|this|SObjectData|true|false
14:16:25.054 (54155428)|VARIABLE_ASSIGNMENT|[37]|this|{"fieldMap":"0x212e4be8","sObjectType":"Test_objects__c"}|0x139d8270
14:16:25.054 (54161256)|VARIABLE_SCOPE_BEGIN|[37]|o|SObjectData|true|false
14:16:25.054 (54178064)|VARIABLE_ASSIGNMENT|[37]|o|{"fieldMap":"0x29bfe606","parent":"0x139d8270","sObjectType":"Test_objects__c"}|0x3b405a11
14:16:25.054 (54188007)|HEAP_ALLOCATE|[38]|Bytes:5
14:16:25.054 (54192966)|STATEMENT_EXECUTE|[37]
14:16:25.054 (54197916)|STATEMENT_EXECUTE|[38]
14:16:25.054 (54200319)|STATEMENT_EXECUTE|[39]
14:16:25.054 (54207725)|HEAP_ALLOCATE|[39]|Bytes:4
14:16:25.054 (54317203)|HEAP_ALLOCATE|[EXTERNAL]|Bytes:4
14:16:25.054 (54336409)|VARIABLE_ASSIGNMENT|[39]|this.children|{"s":1,"v":[]}|0x139d8270
14:16:25.054 (54342044)|STATEMENT_EXECUTE|[41]
14:16:25.054 (54391711)|HEAP_ALLOCATE|[EXTERNAL]|Bytes:4
14:16:25.054 (54412548)|METHOD_EXIT|[8]|01p58000000n6Fr|SObjectData.addChild(SObjectData)
14:16:25.054 (54417764)|SYSTEM_MODE_EXIT|false
14:16:25.054 (54422894)|STATEMENT_EXECUTE|[10]
14:16:25.054 (54429929)|HEAP_ALLOCATE|[10]|Bytes:22
14:16:25.054 (54451905)|METHOD_ENTRY|[1]|01p58000000n2RS|ScoringSchemeHelper.ScoringSchemeHelper()
14:16:25.054 (54458046)|STATEMENT_EXECUTE|[1]
14:16:25.054 (54462180)|STATEMENT_EXECUTE|[1]
14:16:25.054 (54467602)|SYSTEM_MODE_ENTER|false
14:16:25.054 (54472584)|HEAP_ALLOCATE|[10]|Bytes:5
14:16:25.054 (54477395)|SYSTEM_MODE_EXIT|false
14:16:25.054 (54486118)|METHOD_EXIT|[1]|ScoringSchemeHelper
14:16:25.054 (54505607)|HEAP_ALLOCATE|[10]|Bytes:8
14:16:25.054 (54529311)|SYSTEM_MODE_ENTER|false
14:16:25.054 (54545058)|HEAP_ALLOCATE|[10]|Bytes:5
14:16:25.054 (54563129)|CONSTRUCTOR_ENTRY|[10]|01p58000000n2RS|<init>()
14:16:25.054 (54588871)|VARIABLE_SCOPE_BEGIN|[1]|this|ScoringSchemeHelper|true|false
14:16:25.054 (54613828)|VARIABLE_ASSIGNMENT|[1]|this|{}|0x19a531e9
14:16:25.054 (54622846)|HEAP_ALLOCATE|[3]|Bytes:5
14:16:25.054 (54631364)|VARIABLE_SCOPE_BEGIN|[2]|this|System.ApexBaseClass|true|false
14:16:25.054 (54646484)|VARIABLE_ASSIGNMENT|[2]|this|{}|0x19a531e9
14:16:25.054 (54657271)|STATEMENT_EXECUTE|[1]
14:16:25.054 (54662489)|HEAP_ALLOCATE|[3]|Bytes:5
14:16:25.054 (54666119)|STATEMENT_EXECUTE|[3]
14:16:25.054 (54671710)|HEAP_ALLOCATE|[3]|Bytes:4
14:16:25.054 (54702137)|VARIABLE_ASSIGNMENT|[3]|this.childrenMap|{"s":1,"v":{}}|0x19a531e9
14:16:25.054 (54716047)|CONSTRUCTOR_EXIT|[10]|01p58000000n2RS|<init>()
14:16:25.054 (54720385)|SYSTEM_MODE_EXIT|false
14:16:25.054 (54749731)|VARIABLE_ASSIGNMENT|[10]|h|{"childrenMap":"0x47f4596"}|0x19a531e9
14:16:25.054 (54755847)|STATEMENT_EXECUTE|[11]
14:16:25.054 (54764810)|HEAP_ALLOCATE|[11]|Bytes:4
14:16:25.054 (54816132)|SYSTEM_MODE_ENTER|false
14:16:25.054 (54837149)|HEAP_ALLOCATE|[11]|Bytes:5
14:16:25.054 (54869637)|METHOD_ENTRY|[11]|01p58000000n2RS|ScoringSchemeHelper.createSObjects(List<SObjectData>)
14:16:25.054 (54878784)|VARIABLE_SCOPE_BEGIN|[5]|this|ScoringSchemeHelper|true|false
14:16:25.054 (54900442)|VARIABLE_ASSIGNMENT|[5]|this|{"childrenMap":"0x47f4596"}|0x19a531e9
14:16:25.054 (54906606)|VARIABLE_SCOPE_BEGIN|[5]|dataList|List<SObjectData>|true|false
14:16:25.054 (54917199)|HEAP_ALLOCATE|[EXTERNAL]|Bytes:8
14:16:25.054 (54942357)|VARIABLE_ASSIGNMENT|[5]|dataList|{"s":1,"v":[{"children":"0x2db7496","fieldMap":"0x212e4be8","sObjectType":"Test_objects__c"}]}|0x262a771b
14:16:25.054 (54953479)|HEAP_ALLOCATE|[6]|Bytes:5
14:16:25.054 (54958540)|STATEMENT_EXECUTE|[5]
14:16:25.054 (54961103)|STATEMENT_EXECUTE|[6]
14:16:25.054 (54987087)|METHOD_ENTRY|[6]|01p58000000n2RS|ScoringSchemeHelper.createRoot(List<SObjectData>)
14:16:25.055 (55046109)|VARIABLE_SCOPE_BEGIN|[55]|this|ScoringSchemeHelper|true|false
14:16:25.055 (55070008)|VARIABLE_ASSIGNMENT|[55]|this|{"childrenMap":"0x47f4596"}|0x19a531e9
14:16:25.055 (55076197)|VARIABLE_SCOPE_BEGIN|[55]|dataList|List<SObjectData>|true|false
14:16:25.055 (55097668)|VARIABLE_ASSIGNMENT|[55]|dataList|{"s":1,"v":[{"children":"0x2db7496","fieldMap":"0x212e4be8","sObjectType":"Test_objects__c"}]}|0x262a771b
14:16:25.055 (55108456)|HEAP_ALLOCATE|[56]|Bytes:5
14:16:25.055 (55113433)|STATEMENT_EXECUTE|[55]
14:16:25.055 (55116179)|STATEMENT_EXECUTE|[56]
14:16:25.055 (55121380)|HEAP_ALLOCATE|[56]|Bytes:4
14:16:25.055 (55132738)|VARIABLE_SCOPE_BEGIN|[56]|rootObjects|Map<String,SObject>|true|false
14:16:25.055 (55150536)|VARIABLE_ASSIGNMENT|[56]|rootObjects|{"s":1,"v":{}}|0x1102edb1
14:16:25.055 (55400248)|HEAP_ALLOCATE|[57]|Bytes:5
14:16:25.055 (55424496)|HEAP_ALLOCATE|[57]|Bytes:20
14:16:25.055 (55435989)|VARIABLE_SCOPE_BEGIN|[57]|obj|SObjectData|true|false
14:16:25.055 (55463720)|VARIABLE_ASSIGNMENT|[57]|obj|{"children":"0x2db7496","fieldMap":"0x212e4be8","sObjectType":"Test_objects__c"}|0x139d8270
14:16:25.055 (55470702)|STATEMENT_EXECUTE|[57]
14:16:25.055 (55473215)|STATEMENT_EXECUTE|[58]
14:16:25.055 (55490867)|METHOD_ENTRY|[58]|01p58000000n2RS|ScoringSchemeHelper.generateRandomString(Integer)
14:16:25.055 (55511335)|HEAP_ALLOCATE|[80]|Bytes:4
14:16:25.055 (55517378)|VARIABLE_SCOPE_BEGIN|[79]|len|Integer|false|false
14:16:25.055 (55525608)|VARIABLE_ASSIGNMENT|[79]|len|18
14:16:25.055 (55533730)|HEAP_ALLOCATE|[80]|Bytes:5
14:16:25.055 (55537744)|STATEMENT_EXECUTE|[79]
14:16:25.055 (55540186)|STATEMENT_EXECUTE|[80]
14:16:25.055 (55543576)|HEAP_ALLOCATE|[80]|Bytes:62
14:16:25.055 (55548130)|VARIABLE_SCOPE_BEGIN|[80]|chars|String|false|false
14:16:25.055 (55558258)|VARIABLE_ASSIGNMENT|[80]|chars|"ABCDEFGHIJKLMNOPQRST (42 more) ..."
14:16:25.055 (55561818)|STATEMENT_EXECUTE|[81]
14:16:25.055 (55565997)|VARIABLE_SCOPE_BEGIN|[81]|randStr|String|false|false
14:16:25.055 (55571715)|VARIABLE_ASSIGNMENT|[81]|randStr|""
14:16:25.055 (55638863)|STATEMENT_EXECUTE|[82]
14:16:25.055 (55642927)|STATEMENT_EXECUTE|[83]
14:16:25.055 (55834209)|VARIABLE_SCOPE_BEGIN|[2]|Math.E|Double|false|true
14:16:25.055 (55840889)|VARIABLE_SCOPE_BEGIN|[3]|Math.PI|Double|false|true
14:16:25.056 (56083366)|VARIABLE_SCOPE_BEGIN|[83]|idx|Integer|false|false
14:16:25.056 (56090224)|HEAP_ALLOCATE|[83]|Bytes:4
14:16:25.056 (56099392)|VARIABLE_ASSIGNMENT|[83]|idx|0
14:16:25.056 (56103381)|STATEMENT_EXECUTE|[84]
14:16:25.056 (56139810)|HEAP_ALLOCATE|[84]|Bytes:1
14:16:25.056 (56164253)|HEAP_ALLOCATE|[84]|Bytes:1
14:16:25.056 (56174471)|VARIABLE_ASSIGNMENT|[84]|randStr|"A"
14:16:25.056 (56195279)|STATEMENT_EXECUTE|[82]
14:16:25.056 (56198288)|STATEMENT_EXECUTE|[83]
14:16:25.056 (56292528)|VARIABLE_SCOPE_BEGIN|[83]|idx|Integer|false|false
14:16:25.056 (56297855)|HEAP_ALLOCATE|[83]|Bytes:4
14:16:25.056 (56306542)|VARIABLE_ASSIGNMENT|[83]|idx|53
14:16:25.056 (56310433)|STATEMENT_EXECUTE|[84]
14:16:25.056 (56329260)|HEAP_ALLOCATE|[84]|Bytes:1
14:16:25.056 (56344410)|HEAP_ALLOCATE|[84]|Bytes:2
14:16:25.056 (56353569)|VARIABLE_ASSIGNMENT|[84]|randStr|"Ar"
14:16:25.056 (56372374)|STATEMENT_EXECUTE|[82]
14:16:25.056 (56375261)|STATEMENT_EXECUTE|[83]
14:16:25.056 (56464037)|VARIABLE_SCOPE_BEGIN|[83]|idx|Integer|false|false
14:16:25.056 (56469181)|HEAP_ALLOCATE|[83]|Bytes:4
14:16:25.056 (56477448)|VARIABLE_ASSIGNMENT|[83]|idx|58
14:16:25.056 (56481106)|STATEMENT_EXECUTE|[84]
14:16:25.056 (56499378)|HEAP_ALLOCATE|[84]|Bytes:1
14:16:25.056 (56514427)|HEAP_ALLOCATE|[84]|Bytes:3
14:16:25.056 (56523675)|VARIABLE_ASSIGNMENT|[84]|randStr|"Arw"
14:16:25.056 (56542665)|STATEMENT_EXECUTE|[82]
14:16:25.056 (56545515)|STATEMENT_EXECUTE|[83]
14:16:25.056 (56632745)|VARIABLE_SCOPE_BEGIN|[83]|idx|Integer|false|false
14:16:25.056 (56638099)|HEAP_ALLOCATE|[83]|Bytes:4
14:16:25.056 (56646090)|VARIABLE_ASSIGNMENT|[83]|idx|30
14:16:25.056 (56649765)|STATEMENT_EXECUTE|[84]
14:16:25.056 (56668260)|HEAP_ALLOCATE|[84]|Bytes:1
14:16:25.056 (56682908)|HEAP_ALLOCATE|[84]|Bytes:4
14:16:25.056 (56691903)|VARIABLE_ASSIGNMENT|[84]|randStr|"Arw4"
14:16:25.056 (56710776)|STATEMENT_EXECUTE|[82]
14:16:25.056 (56713693)|STATEMENT_EXECUTE|[83]
14:16:25.056 (56803949)|VARIABLE_SCOPE_BEGIN|[83]|idx|Integer|false|false
14:16:25.056 (56808832)|HEAP_ALLOCATE|[83]|Bytes:4
14:16:25.056 (56817101)|VARIABLE_ASSIGNMENT|[83]|idx|43
14:16:25.056 (56825153)|STATEMENT_EXECUTE|[84]
14:16:25.056 (56844312)|HEAP_ALLOCATE|[84]|Bytes:1
14:16:25.056 (56859074)|HEAP_ALLOCATE|[84]|Bytes:5
14:16:25.056 (56868074)|VARIABLE_ASSIGNMENT|[84]|randStr|"Arw4h"
14:16:25.056 (56886973)|STATEMENT_EXECUTE|[82]
14:16:25.056 (56889991)|STATEMENT_EXECUTE|[83]
14:16:25.056 (56985010)|VARIABLE_SCOPE_BEGIN|[83]|idx|Integer|false|false
14:16:25.056 (56990362)|HEAP_ALLOCATE|[83]|Bytes:4
14:16:25.056 (56999349)|VARIABLE_ASSIGNMENT|[83]|idx|6
14:16:25.057 (57003097)|STATEMENT_EXECUTE|[84]
14:16:25.057 (57022935)|HEAP_ALLOCATE|[84]|Bytes:1
14:16:25.057 (57037401)|HEAP_ALLOCATE|[84]|Bytes:6
14:16:25.057 (57046455)|VARIABLE_ASSIGNMENT|[84]|randStr|"Arw4hG"
14:16:25.057 (57065487)|STATEMENT_EXECUTE|[82]
14:16:25.057 (57068522)|STATEMENT_EXECUTE|[83]
14:16:25.057 (57156429)|VARIABLE_SCOPE_BEGIN|[83]|idx|Integer|false|false
14:16:25.057 (57161323)|HEAP_ALLOCATE|[83]|Bytes:4
14:16:25.057 (57169617)|VARIABLE_ASSIGNMENT|[83]|idx|18
14:16:25.057 (57173383)|STATEMENT_EXECUTE|[84]
14:16:25.057 (57191621)|HEAP_ALLOCATE|[84]|Bytes:1
14:16:25.057 (57206284)|HEAP_ALLOCATE|[84]|Bytes:7
14:16:25.057 (57214966)|VARIABLE_ASSIGNMENT|[84]|randStr|"Arw4hGS"
14:16:25.057 (57233751)|STATEMENT_EXECUTE|[82]
14:16:25.057 (57236669)|STATEMENT_EXECUTE|[83]
14:16:25.057 (57323180)|VARIABLE_SCOPE_BEGIN|[83]|idx|Integer|false|false
14:16:25.057 (57328077)|HEAP_ALLOCATE|[83]|Bytes:4
14:16:25.057 (57335968)|VARIABLE_ASSIGNMENT|[83]|idx|55
14:16:25.057 (57340042)|STATEMENT_EXECUTE|[84]
14:16:25.057 (57358127)|HEAP_ALLOCATE|[84]|Bytes:1
14:16:25.057 (57372543)|HEAP_ALLOCATE|[84]|Bytes:8
14:16:25.057 (57381574)|VARIABLE_ASSIGNMENT|[84]|randStr|"Arw4hGSt"
14:16:25.057 (57400326)|STATEMENT_EXECUTE|[82]
14:16:25.057 (57403243)|STATEMENT_EXECUTE|[83]
14:16:25.057 (57500746)|VARIABLE_SCOPE_BEGIN|[83]|idx|Integer|false|false
14:16:25.057 (57505867)|HEAP_ALLOCATE|[83]|Bytes:4
14:16:25.057 (57514082)|VARIABLE_ASSIGNMENT|[83]|idx|9
14:16:25.057 (57517637)|STATEMENT_EXECUTE|[84]
14:16:25.057 (57536005)|HEAP_ALLOCATE|[84]|Bytes:1
14:16:25.057 (57550583)|HEAP_ALLOCATE|[84]|Bytes:9
14:16:25.057 (57559567)|VARIABLE_ASSIGNMENT|[84]|randStr|"Arw4hGStJ"
14:16:25.057 (57578402)|STATEMENT_EXECUTE|[82]
14:16:25.057 (57581223)|STATEMENT_EXECUTE|[83]
14:16:25.057 (57670124)|VARIABLE_SCOPE_BEGIN|[83]|idx|Integer|false|false
14:16:25.057 (57674979)|HEAP_ALLOCATE|[83]|Bytes:4
14:16:25.057 (57683053)|VARIABLE_ASSIGNMENT|[83]|idx|26
14:16:25.057 (57686682)|STATEMENT_EXECUTE|[84]
14:16:25.057 (57705271)|HEAP_ALLOCATE|[84]|Bytes:1
14:16:25.057 (57719788)|HEAP_ALLOCATE|[84]|Bytes:10
14:16:25.057 (57728903)|VARIABLE_ASSIGNMENT|[84]|randStr|"Arw4hGStJ0"
14:16:25.057 (57747573)|STATEMENT_EXECUTE|[82]
14:16:25.057 (57750589)|STATEMENT_EXECUTE|[83]
14:16:25.057 (57842560)|VARIABLE_SCOPE_BEGIN|[83]|idx|Integer|false|false
14:16:25.057 (57847559)|HEAP_ALLOCATE|[83]|Bytes:4
14:16:25.057 (57855867)|VARIABLE_ASSIGNMENT|[83]|idx|35
14:16:25.057 (57859406)|STATEMENT_EXECUTE|[84]
14:16:25.057 (57878170)|HEAP_ALLOCATE|[84]|Bytes:1
14:16:25.057 (57892987)|HEAP_ALLOCATE|[84]|Bytes:11
14:16:25.057 (57901919)|VARIABLE_ASSIGNMENT|[84]|randStr|"Arw4hGStJ09"
14:16:25.057 (57920447)|STATEMENT_EXECUTE|[82]
14:16:25.057 (57923374)|STATEMENT_EXECUTE|[83]
14:16:25.058 (58016933)|VARIABLE_SCOPE_BEGIN|[83]|idx|Integer|false|false
14:16:25.058 (58022545)|HEAP_ALLOCATE|[83]|Bytes:4
14:16:25.058 (58030723)|VARIABLE_ASSIGNMENT|[83]|idx|25
14:16:25.058 (58034297)|STATEMENT_EXECUTE|[84]
14:16:25.058 (58052777)|HEAP_ALLOCATE|[84]|Bytes:1
14:16:25.058 (58067786)|HEAP_ALLOCATE|[84]|Bytes:12
14:16:25.058 (58076672)|VARIABLE_ASSIGNMENT|[84]|randStr|"Arw4hGStJ09Z"
14:16:25.058 (58095603)|STATEMENT_EXECUTE|[82]
14:16:25.058 (58098600)|STATEMENT_EXECUTE|[83]
14:16:25.058 (58185839)|VARIABLE_SCOPE_BEGIN|[83]|idx|Integer|false|false
14:16:25.058 (58190731)|HEAP_ALLOCATE|[83]|Bytes:4
14:16:25.058 (58198774)|VARIABLE_ASSIGNMENT|[83]|idx|17
14:16:25.058 (58202306)|STATEMENT_EXECUTE|[84]
14:16:25.058 (58220741)|HEAP_ALLOCATE|[84]|Bytes:1
14:16:25.058 (58235261)|HEAP_ALLOCATE|[84]|Bytes:13
14:16:25.058 (58244178)|VARIABLE_ASSIGNMENT|[84]|randStr|"Arw4hGStJ09ZR"
14:16:25.058 (58262912)|STATEMENT_EXECUTE|[82]
14:16:25.058 (58265817)|STATEMENT_EXECUTE|[83]
14:16:25.058 (58356995)|VARIABLE_SCOPE_BEGIN|[83]|idx|Integer|false|false
14:16:25.058 (58361851)|HEAP_ALLOCATE|[83]|Bytes:4
14:16:25.058 (58369949)|VARIABLE_ASSIGNMENT|[83]|idx|2
14:16:25.058 (58373600)|STATEMENT_EXECUTE|[84]
14:16:25.058 (58391711)|HEAP_ALLOCATE|[84]|Bytes:1
14:16:25.058 (58406463)|HEAP_ALLOCATE|[84]|Bytes:14
14:16:25.058 (58415491)|VARIABLE_ASSIGNMENT|[84]|randStr|"Arw4hGStJ09ZRC"
14:16:25.058 (58434043)|STATEMENT_EXECUTE|[82]
14:16:25.058 (58437043)|STATEMENT_EXECUTE|[83]
14:16:25.058 (58525434)|VARIABLE_SCOPE_BEGIN|[83]|idx|Integer|false|false
14:16:25.058 (58530232)|HEAP_ALLOCATE|[83]|Bytes:4
14:16:25.058 (58538447)|VARIABLE_ASSIGNMENT|[83]|idx|4
14:16:25.058 (58542105)|STATEMENT_EXECUTE|[84]
14:16:25.058 (58560489)|HEAP_ALLOCATE|[84]|Bytes:1
14:16:25.058 (58574977)|HEAP_ALLOCATE|[84]|Bytes:15
14:16:25.058 (58584279)|VARIABLE_ASSIGNMENT|[84]|randStr|"Arw4hGStJ09ZRCE"
14:16:25.058 (58602964)|STATEMENT_EXECUTE|[82]
14:16:25.058 (58605791)|STATEMENT_EXECUTE|[83]
14:16:25.058 (58692692)|VARIABLE_SCOPE_BEGIN|[83]|idx|Integer|false|false
14:16:25.058 (58697470)|HEAP_ALLOCATE|[83]|Bytes:4
14:16:25.058 (58705494)|VARIABLE_ASSIGNMENT|[83]|idx|1
14:16:25.058 (58709093)|STATEMENT_EXECUTE|[84]
14:16:25.058 (58727913)|HEAP_ALLOCATE|[84]|Bytes:1
14:16:25.058 (58742457)|HEAP_ALLOCATE|[84]|Bytes:16
14:16:25.058 (58751759)|VARIABLE_ASSIGNMENT|[84]|randStr|"Arw4hGStJ09ZRCEB"
14:16:25.058 (58770537)|STATEMENT_EXECUTE|[82]
14:16:25.058 (58773461)|STATEMENT_EXECUTE|[83]
14:16:25.058 (58874169)|VARIABLE_SCOPE_BEGIN|[83]|idx|Integer|false|false
14:16:25.058 (58879170)|HEAP_ALLOCATE|[83]|Bytes:4
14:16:25.058 (58887619)|VARIABLE_ASSIGNMENT|[83]|idx|13
14:16:25.058 (58891262)|STATEMENT_EXECUTE|[84]
14:16:25.058 (58909635)|HEAP_ALLOCATE|[84]|Bytes:1
14:16:25.058 (58924115)|HEAP_ALLOCATE|[84]|Bytes:17
14:16:25.058 (58933448)|VARIABLE_ASSIGNMENT|[84]|randStr|"Arw4hGStJ09ZRCEBN"
14:16:25.058 (58952039)|STATEMENT_EXECUTE|[82]
14:16:25.058 (58954910)|STATEMENT_EXECUTE|[83]
14:16:25.059 (59048828)|VARIABLE_SCOPE_BEGIN|[83]|idx|Integer|false|false
14:16:25.059 (59054468)|HEAP_ALLOCATE|[83]|Bytes:4
14:16:25.059 (59062772)|VARIABLE_ASSIGNMENT|[83]|idx|8
14:16:25.059 (59066429)|STATEMENT_EXECUTE|[84]
14:16:25.059 (59085063)|HEAP_ALLOCATE|[84]|Bytes:1
14:16:25.059 (59099676)|HEAP_ALLOCATE|[84]|Bytes:18
14:16:25.059 (59109078)|VARIABLE_ASSIGNMENT|[84]|randStr|"Arw4hGStJ09ZRCEBNI"
14:16:25.059 (59128758)|STATEMENT_EXECUTE|[86]
14:16:25.059 (59136809)|METHOD_EXIT|[58]|01p58000000n2RS|ScoringSchemeHelper.generateRandomString(Integer)
14:16:25.059 (59141872)|VARIABLE_SCOPE_BEGIN|[58]|rId|String|false|false
14:16:25.059 (59149253)|VARIABLE_ASSIGNMENT|[58]|rId|"Arw4hGStJ09ZRCEBNI"
14:16:25.059 (59152575)|STATEMENT_EXECUTE|[59]
14:16:25.059 (59166337)|METHOD_ENTRY|[59]|01p58000000n2RS|ScoringSchemeHelper.createSObject(SObjectData)
14:16:25.059 (59191818)|VARIABLE_SCOPE_BEGIN|[11]|this|ScoringSchemeHelper|true|false
14:16:25.059 (59215805)|VARIABLE_ASSIGNMENT|[11]|this|{"childrenMap":"0x47f4596"}|0x19a531e9
14:16:25.059 (59221709)|VARIABLE_SCOPE_BEGIN|[11]|obj|SObjectData|true|false
14:16:25.059 (59240909)|VARIABLE_ASSIGNMENT|[11]|obj|{"children":"0x2db7496","fieldMap":"0x212e4be8","sObjectType":"Test_objects__c"}|0x139d8270
14:16:25.059 (59251881)|HEAP_ALLOCATE|[12]|Bytes:5
14:16:25.059 (59257008)|STATEMENT_EXECUTE|[11]
14:16:25.059 (59259580)|STATEMENT_EXECUTE|[12]
14:16:25.059 (59799577)|HEAP_ALLOCATE|[12]|Bytes:4
14:16:25.059 (59938251)|VARIABLE_SCOPE_BEGIN|[12]|scoringScheme|Test_Objects__c|true|false
14:16:25.059 (59958222)|VARIABLE_ASSIGNMENT|[12]|scoringScheme|{}|0x4abebc2f
14:16:25.059 (59969414)|HEAP_ALLOCATE|[13]|Bytes:4
14:16:25.060 (60011410)|METHOD_ENTRY|[13]|01p58000000n6Fr|SObjectData.getFieldMap()
14:16:25.060 (60021102)|VARIABLE_SCOPE_BEGIN|[52]|this|SObjectData|true|false
14:16:25.060 (60048920)|VARIABLE_ASSIGNMENT|[52]|this|{"children":"0x2db7496","fieldMap":"0x212e4be8","sObjectType":"Test_objects__c"}|0x139d8270
14:16:25.060 (60060417)|HEAP_ALLOCATE|[53]|Bytes:5
14:16:25.060 (60065484)|STATEMENT_EXECUTE|[52]
14:16:25.060 (60068114)|STATEMENT_EXECUTE|[53]
14:16:25.060 (60077705)|METHOD_EXIT|[13]|01p58000000n6Fr|SObjectData.getFieldMap()
14:16:25.060 (60136648)|HEAP_ALLOCATE|[13]|Bytes:12
14:16:25.060 (60170447)|HEAP_ALLOCATE|[13]|Bytes:4
14:16:25.060 (60211422)|HEAP_ALLOCATE|[13]|Bytes:5
14:16:25.060 (60230016)|VARIABLE_SCOPE_BEGIN|[13]|field|String|false|false
14:16:25.060 (60240739)|VARIABLE_ASSIGNMENT|[13]|field|"Name"
14:16:25.060 (60245147)|STATEMENT_EXECUTE|[13]
14:16:25.060 (60247639)|STATEMENT_EXECUTE|[14]
14:16:25.060 (60256585)|METHOD_ENTRY|[14]|01p58000000n6Fr|SObjectData.getFieldMap()
14:16:25.060 (60275837)|VARIABLE_SCOPE_BEGIN|[52]|this|SObjectData|true|false
14:16:25.060 (60301608)|VARIABLE_ASSIGNMENT|[52]|this|{"children":"0x2db7496","fieldMap":"0x212e4be8","sObjectType":"Test_objects__c"}|0x139d8270
14:16:25.060 (60312712)|HEAP_ALLOCATE|[53]|Bytes:5
14:16:25.060 (60317611)|STATEMENT_EXECUTE|[52]
14:16:25.060 (60320241)|STATEMENT_EXECUTE|[53]
14:16:25.060 (60328161)|METHOD_EXIT|[14]|01p58000000n6Fr|SObjectData.getFieldMap()
14:16:25.060 (60359517)|VARIABLE_SCOPE_BEGIN|[14]|value|String|false|false
14:16:25.060 (60369369)|VARIABLE_ASSIGNMENT|[14]|value|"x"
14:16:25.060 (60373116)|STATEMENT_EXECUTE|[15]
14:16:25.061 (61313585)|STATEMENT_EXECUTE|[16]
14:16:25.062 (62124478)|METHOD_ENTRY|[1]|01p58000000n6Yd|AppException.AppException()
14:16:25.062 (62132995)|STATEMENT_EXECUTE|[1]
14:16:25.062 (62137839)|STATEMENT_EXECUTE|[1]
14:16:25.062 (62144809)|METHOD_EXIT|[1]|AppException
14:16:25.062 (62163690)|HEAP_ALLOCATE|[16]|Bytes:28
14:16:25.062 (62170452)|HEAP_ALLOCATE|[16]|Bytes:4
14:16:25.062 (62182711)|HEAP_ALLOCATE|[16]|Bytes:9
14:16:25.062 (62194853)|CONSTRUCTOR_ENTRY|[16]|01p58000000n6Yd|<init>(String)
14:16:25.062 (62226450)|VARIABLE_SCOPE_BEGIN|[1]|this|AppException|true|false
14:16:25.062 (62355684)|VARIABLE_ASSIGNMENT|[1]|this|"common.apex.runtime.impl.ExecutionException"|0x7ffdea94
14:16:25.062 (62374201)|HEAP_ALLOCATE|[EXTERNAL]|Bytes:34
14:16:25.062 (62392808)|VARIABLE_SCOPE_BEGIN|[2]|this|System.ApexBaseException|true|false
14:16:25.062 (62459755)|VARIABLE_ASSIGNMENT|[2]|this|"common.apex.runtime.impl.ExecutionException"|0x40afffa2
14:16:25.062 (62492374)|VARIABLE_ASSIGNMENT|[-1]|Exception.serialVersionUID|-3387516993124229948|0x1322eb65
14:16:25.064 (64021237)|STATEMENT_EXECUTE|[1]
14:16:25.064 (64033236)|CONSTRUCTOR_EXIT|[16]|01p58000000n6Yd|<init>(String)
14:16:25.064 (64075470)|EXCEPTION_THROWN|[16]|AppException: Name :: x
14:16:25.064 (64115053)|EXCEPTION_THROWN|[19]|AppException: Name :: x
14:16:25.064 (64126051)|METHOD_EXIT|[59]|01p58000000n2RS|ScoringSchemeHelper.createSObject(SObjectData)
14:16:25.064 (64157278)|EXCEPTION_THROWN|[64]|AppException: Name :: x
14:16:25.064 (64166941)|METHOD_EXIT|[6]|01p58000000n2RS|ScoringSchemeHelper.createRoot(List<SObjectData>)
14:16:25.064 (64196575)|EXCEPTION_THROWN|[8]|AppException: Name :: x
14:16:25.064 (64206203)|METHOD_EXIT|[11]|01p58000000n2RS|ScoringSchemeHelper.createSObjects(List<SObjectData>)
14:16:25.064 (64212653)|SYSTEM_MODE_EXIT|false
14:16:25.064 (64240300)|EXCEPTION_THROWN|[11]|AppException: Name :: x
14:16:25.064 (64370906)|FATAL_ERROR|AppException: Name :: x

Class.ScoringSchemeHelper.createSObject: line 16, column 1
Class.ScoringSchemeHelper: line 59, column 1
Class.ScoringSchemeHelper: line 6, column 1
AnonymousBlock: line 11, column 1
14:16:25.064 (64418558)|CUMULATIVE_LIMIT_USAGE
14:16:25.064 (64418558)|LIMIT_USAGE_FOR_NS|(default)|
  Number of SOQL queries: 0 out of 100
  Number of query rows: 0 out of 50000
  Number of SOSL queries: 0 out of 20
  Number of DML statements: 0 out of 150
  Number of DML rows: 0 out of 10000
  Maximum CPU time: 0 out of 10000
  Maximum heap size: 0 out of 6000000
  Number of callouts: 0 out of 100
  Number of Email Invocations: 0 out of 10
  Number of future calls: 0 out of 50
  Number of queueable jobs added to the queue: 0 out of 50
  Number of Mobile Apex push calls: 0 out of 10

14:16:25.064 (64418558)|CUMULATIVE_LIMIT_USAGE_END

14:16:25.064 (64468445)|CODE_UNIT_FINISHED|execute_anonymous_apex
14:16:25.065 (65501292)|EXECUTION_FINISHED
