35.0 APEX_CODE,FINEST;APEX_PROFILING,INFO;CALLOUT,INFO;DB,INFO;SYSTEM,DEBUG;VALIDATION,INFO;VISUALFORCE,INFO;WORKFLOW,INFO
Execute Anonymous: /*SObjectData d = new SObjectData('Test_objects__c');
Execute Anonymous: d.addValuePair('Name', 'Parent');
Execute Anonymous: d.setParentField('Parent__c');
Execute Anonymous: 
Execute Anonymous: SObjectData d1 = new SObjectData('Test_objects__c');
Execute Anonymous: d1.addValuePair('Name', 'Child 1');
Execute Anonymous: d1.setParent(d);
Execute Anonymous: d1.setParentField('Parent__c');
Execute Anonymous: 
Execute Anonymous: SObjectData d2 = new SObjectData('Test_objects__c');
Execute Anonymous: d2.addValuePair('Name', 'Child 2');
Execute Anonymous: d2.setParent(d);
Execute Anonymous: d2.setParentField('Parent__c');
Execute Anonymous: 
Execute Anonymous: SObjectData d3 = new SObjectData('Test_objects__c');
Execute Anonymous: d3.addValuePair('Name', 'Child 3');
Execute Anonymous: d3.setParent(d);
Execute Anonymous: d3.setParentField('Parent__c');
Execute Anonymous: 
Execute Anonymous: d.addChild(d1);
Execute Anonymous: d.addChild(d2);
Execute Anonymous: d.addChild(d3);
Execute Anonymous: 
Execute Anonymous: SObjectData d4 = new SObjectData('Test_objects__c');
Execute Anonymous: d4.addValuePair('Name', 'Child 4');
Execute Anonymous: d4.setParent(d3);
Execute Anonymous: d4.setParentField('Parent__c');
Execute Anonymous: 
Execute Anonymous: d3.addChild(d4);
Execute Anonymous: 
Execute Anonymous: SObjectUtility h = new SObjectUtility();
Execute Anonymous: h.createSObjects(new List<SObjectData> { d} );*/
Execute Anonymous: 
Execute Anonymous: ScoringSchemeHelper.create5x5ScoringScheme();
17:10:31.135 (135833326)|EXECUTION_STARTED
17:10:31.135 (135843714)|CODE_UNIT_STARTED|[EXTERNAL]|execute_anonymous_apex
17:10:31.136 (136063801)|HEAP_ALLOCATE|[72]|Bytes:3
17:10:31.136 (136096671)|HEAP_ALLOCATE|[77]|Bytes:152
17:10:31.136 (136114471)|HEAP_ALLOCATE|[342]|Bytes:408
17:10:31.136 (136135768)|HEAP_ALLOCATE|[355]|Bytes:408
17:10:31.136 (136156643)|HEAP_ALLOCATE|[467]|Bytes:48
17:10:31.136 (136190134)|HEAP_ALLOCATE|[139]|Bytes:6
17:10:31.136 (136220043)|HEAP_ALLOCATE|[EXTERNAL]|Bytes:2
17:10:31.136 (136307653)|STATEMENT_EXECUTE|[1]
17:10:31.136 (136311976)|STATEMENT_EXECUTE|[34]
17:10:31.136 (136367420)|HEAP_ALLOCATE|[50]|Bytes:5
17:10:31.136 (136387522)|HEAP_ALLOCATE|[56]|Bytes:5
17:10:31.136 (136397836)|HEAP_ALLOCATE|[64]|Bytes:7
17:10:31.136 (136419751)|SYSTEM_MODE_ENTER|false
17:10:31.136 (136446469)|HEAP_ALLOCATE|[34]|Bytes:5
17:10:31.160 (160829915)|HEAP_ALLOCATE|[34]|Bytes:1
17:10:31.160 (160884575)|METHOD_ENTRY|[1]|01p58000000n81u|ScoringSchemeHelper.ScoringSchemeHelper()
17:10:31.160 (160892960)|STATEMENT_EXECUTE|[1]
17:10:31.160 (160900659)|STATEMENT_EXECUTE|[1]
17:10:31.160 (160920336)|HEAP_ALLOCATE|[34]|Bytes:5
17:10:31.160 (160936188)|METHOD_EXIT|[1]|ScoringSchemeHelper
17:10:31.160 (160982541)|METHOD_ENTRY|[34]|01p58000000n81u|ScoringSchemeHelper.create5x5ScoringScheme()
17:10:31.161 (161047408)|HEAP_ALLOCATE|[4]|Bytes:5
17:10:31.161 (161054544)|STATEMENT_EXECUTE|[3]
17:10:31.161 (161057042)|STATEMENT_EXECUTE|[4]
17:10:31.168 (168461196)|HEAP_ALLOCATE|[4]|Bytes:43
17:10:31.168 (168486031)|METHOD_ENTRY|[1]|01p58000000n6Fr|SObjectData.SObjectData()
17:10:31.168 (168491405)|STATEMENT_EXECUTE|[1]
17:10:31.168 (168495977)|STATEMENT_EXECUTE|[1]
17:10:31.168 (168502474)|HEAP_ALLOCATE|[4]|Bytes:5
17:10:31.168 (168512384)|METHOD_EXIT|[1]|SObjectData
17:10:31.168 (168618078)|HEAP_ALLOCATE|[4]|Bytes:24
17:10:31.168 (168625938)|HEAP_ALLOCATE|[4]|Bytes:23
17:10:31.168 (168641364)|CONSTRUCTOR_ENTRY|[4]|01p58000000n6Fr|<init>(String)
17:10:31.168 (168694574)|VARIABLE_SCOPE_BEGIN|[8]|this|SObjectData|true|false
17:10:31.168 (168771616)|VARIABLE_ASSIGNMENT|[8]|this|{}|0x27f580a9
17:10:31.168 (168781606)|VARIABLE_SCOPE_BEGIN|[8]|sobjectType|String|false|false
17:10:31.168 (168796596)|VARIABLE_ASSIGNMENT|[8]|sobjectType|"Risk__Scoring_Scheme (3 more) ..."
17:10:31.168 (168805093)|HEAP_ALLOCATE|[2]|Bytes:5
17:10:31.168 (168810173)|STATEMENT_EXECUTE|[1]
17:10:31.168 (168813743)|HEAP_ALLOCATE|[2]|Bytes:5
17:10:31.168 (168816567)|STATEMENT_EXECUTE|[2]
17:10:31.168 (168821826)|HEAP_ALLOCATE|[2]|Bytes:4
17:10:31.168 (168864622)|VARIABLE_ASSIGNMENT|[2]|this.fieldMap|{"s":1,"v":{}}|0x27f580a9
17:10:31.168 (168870398)|STATEMENT_EXECUTE|[3]
17:10:31.168 (168872728)|STATEMENT_EXECUTE|[4]
17:10:31.168 (168874566)|STATEMENT_EXECUTE|[5]
17:10:31.168 (168876380)|STATEMENT_EXECUTE|[6]
17:10:31.168 (168889078)|HEAP_ALLOCATE|[2]|Bytes:6
17:10:31.168 (168903801)|VARIABLE_SCOPE_BEGIN|[2]|this|System.ApexBaseClass|true|false
17:10:31.168 (168933256)|VARIABLE_ASSIGNMENT|[2]|this|{"fieldMap":"0x605b6a51"}|0x27f580a9
17:10:31.168 (168945681)|STATEMENT_EXECUTE|[8]
17:10:31.168 (168948199)|STATEMENT_EXECUTE|[9]
17:10:31.168 (168961277)|VARIABLE_ASSIGNMENT|[9]|this.sObjectType|"Risk__Scoring_Scheme (3 more) ..."|0x27f580a9
17:10:31.168 (168974176)|CONSTRUCTOR_EXIT|[4]|01p58000000n6Fr|<init>(String)
17:10:31.168 (168981987)|VARIABLE_SCOPE_BEGIN|[4]|scoringScheme|SObjectData|true|false
17:10:31.169 (169008162)|VARIABLE_ASSIGNMENT|[4]|scoringScheme|{"fieldMap":"0x605b6a51","sObjectType":"Risk__Scoring_Scheme (3 more) ..."}|0x27f580a9
17:10:31.169 (169015790)|STATEMENT_EXECUTE|[5]
17:10:31.169 (169020375)|HEAP_ALLOCATE|[5]|Bytes:4
17:10:31.169 (169025083)|HEAP_ALLOCATE|[5]|Bytes:18
17:10:31.169 (169061037)|METHOD_ENTRY|[5]|01p58000000n6Fr|SObjectData.addValuePair(String, String)
17:10:31.169 (169090361)|VARIABLE_SCOPE_BEGIN|[64]|this|SObjectData|true|false
17:10:31.169 (169120944)|VARIABLE_ASSIGNMENT|[64]|this|{"fieldMap":"0x605b6a51","sObjectType":"Risk__Scoring_Scheme (3 more) ..."}|0x27f580a9
17:10:31.169 (169128803)|VARIABLE_SCOPE_BEGIN|[64]|field|String|false|false
17:10:31.169 (169134963)|VARIABLE_ASSIGNMENT|[64]|field|"Name"
17:10:31.169 (169138768)|VARIABLE_SCOPE_BEGIN|[64]|value|String|false|false
17:10:31.169 (169143961)|VARIABLE_ASSIGNMENT|[64]|value|"Scoring Scheme 5x5"
17:10:31.169 (169152448)|HEAP_ALLOCATE|[66]|Bytes:5
17:10:31.169 (169157542)|STATEMENT_EXECUTE|[64]
17:10:31.169 (169162392)|STATEMENT_EXECUTE|[66]
17:10:31.169 (169164428)|STATEMENT_EXECUTE|[69]
17:10:31.169 (169258556)|HEAP_ALLOCATE|[EXTERNAL]|Bytes:-4
17:10:31.169 (169285402)|METHOD_EXIT|[5]|01p58000000n6Fr|SObjectData.addValuePair(String, String)
17:10:31.169 (169290784)|STATEMENT_EXECUTE|[6]
17:10:31.169 (169294824)|HEAP_ALLOCATE|[6]|Bytes:12
17:10:31.169 (169299230)|HEAP_ALLOCATE|[6]|Bytes:15
17:10:31.169 (169308096)|METHOD_ENTRY|[6]|01p58000000n6Fr|SObjectData.addValuePair(String, String)
17:10:31.169 (169325332)|VARIABLE_SCOPE_BEGIN|[64]|this|SObjectData|true|false
17:10:31.169 (169355775)|VARIABLE_ASSIGNMENT|[64]|this|{"fieldMap":"0x605b6a51","sObjectType":"Risk__Scoring_Scheme (3 more) ..."}|0x27f580a9
17:10:31.169 (169361296)|VARIABLE_SCOPE_BEGIN|[64]|field|String|false|false
17:10:31.169 (169367317)|VARIABLE_ASSIGNMENT|[64]|field|"RecordTypeId"
17:10:31.169 (169369764)|VARIABLE_SCOPE_BEGIN|[64]|value|String|false|false
17:10:31.169 (169374312)|VARIABLE_ASSIGNMENT|[64]|value|"012580000000H5p"
17:10:31.169 (169382250)|HEAP_ALLOCATE|[66]|Bytes:5
17:10:31.169 (169386809)|STATEMENT_EXECUTE|[64]
17:10:31.169 (169389953)|STATEMENT_EXECUTE|[66]
17:10:31.169 (169392412)|STATEMENT_EXECUTE|[69]
17:10:31.169 (169412514)|HEAP_ALLOCATE|[EXTERNAL]|Bytes:-4
17:10:31.169 (169430405)|METHOD_EXIT|[6]|01p58000000n6Fr|SObjectData.addValuePair(String, String)
17:10:31.169 (169435275)|STATEMENT_EXECUTE|[8]
17:10:31.169 (169441013)|HEAP_ALLOCATE|[8]|Bytes:24
17:10:31.169 (169446024)|HEAP_ALLOCATE|[8]|Bytes:24
17:10:31.169 (169454569)|CONSTRUCTOR_ENTRY|[8]|01p58000000n6Fr|<init>(String)
17:10:31.169 (169476417)|VARIABLE_SCOPE_BEGIN|[8]|this|SObjectData|true|false
17:10:31.169 (169497347)|VARIABLE_ASSIGNMENT|[8]|this|{}|0x58762ec6
17:10:31.169 (169501507)|VARIABLE_SCOPE_BEGIN|[8]|sobjectType|String|false|false
17:10:31.169 (169509158)|VARIABLE_ASSIGNMENT|[8]|sobjectType|"Risk__Impact_Categor (4 more) ..."
17:10:31.169 (169516537)|HEAP_ALLOCATE|[2]|Bytes:5
17:10:31.169 (169520981)|STATEMENT_EXECUTE|[1]
17:10:31.169 (169524322)|HEAP_ALLOCATE|[2]|Bytes:5
17:10:31.169 (169527095)|STATEMENT_EXECUTE|[2]
17:10:31.169 (169531610)|HEAP_ALLOCATE|[2]|Bytes:4
17:10:31.169 (169555788)|VARIABLE_ASSIGNMENT|[2]|this.fieldMap|{"s":1,"v":{}}|0x58762ec6
17:10:31.169 (169561310)|STATEMENT_EXECUTE|[3]
17:10:31.169 (169563462)|STATEMENT_EXECUTE|[4]
17:10:31.169 (169565834)|STATEMENT_EXECUTE|[5]
17:10:31.169 (169567793)|STATEMENT_EXECUTE|[6]
17:10:31.169 (169574726)|VARIABLE_SCOPE_BEGIN|[2]|this|System.ApexBaseClass|true|false
17:10:31.169 (169599454)|VARIABLE_ASSIGNMENT|[2]|this|{"fieldMap":"0x7864f56e"}|0x58762ec6
17:10:31.169 (169609782)|STATEMENT_EXECUTE|[8]
17:10:31.169 (169612120)|STATEMENT_EXECUTE|[9]
17:10:31.169 (169622960)|VARIABLE_ASSIGNMENT|[9]|this.sObjectType|"Risk__Impact_Categor (4 more) ..."|0x58762ec6
17:10:31.169 (169633354)|CONSTRUCTOR_EXIT|[8]|01p58000000n6Fr|<init>(String)
17:10:31.169 (169637837)|VARIABLE_SCOPE_BEGIN|[8]|costIC|SObjectData|true|false
17:10:31.169 (169661896)|VARIABLE_ASSIGNMENT|[8]|costIC|{"fieldMap":"0x7864f56e","sObjectType":"Risk__Impact_Categor (4 more) ..."}|0x58762ec6
17:10:31.169 (169668233)|STATEMENT_EXECUTE|[9]
17:10:31.169 (169673548)|HEAP_ALLOCATE|[9]|Bytes:7
17:10:31.169 (169684361)|METHOD_ENTRY|[9]|01p58000000n6Fr|SObjectData.addValuePair(String, String)
17:10:31.169 (169701245)|VARIABLE_SCOPE_BEGIN|[64]|this|SObjectData|true|false
17:10:31.169 (169728003)|VARIABLE_ASSIGNMENT|[64]|this|{"fieldMap":"0x7864f56e","sObjectType":"Risk__Impact_Categor (4 more) ..."}|0x58762ec6
17:10:31.169 (169733547)|VARIABLE_SCOPE_BEGIN|[64]|field|String|false|false
17:10:31.169 (169738978)|VARIABLE_ASSIGNMENT|[64]|field|"Name"
17:10:31.169 (169741317)|VARIABLE_SCOPE_BEGIN|[64]|value|String|false|false
17:10:31.169 (169745601)|VARIABLE_ASSIGNMENT|[64]|value|"Cost IC"
17:10:31.169 (169753406)|HEAP_ALLOCATE|[66]|Bytes:5
17:10:31.169 (169757827)|STATEMENT_EXECUTE|[64]
17:10:31.169 (169761950)|STATEMENT_EXECUTE|[66]
17:10:31.169 (169767450)|STATEMENT_EXECUTE|[69]
17:10:31.169 (169788399)|HEAP_ALLOCATE|[EXTERNAL]|Bytes:-4
17:10:31.169 (169806653)|METHOD_EXIT|[9]|01p58000000n6Fr|SObjectData.addValuePair(String, String)
17:10:31.169 (169811554)|STATEMENT_EXECUTE|[10]
17:10:31.169 (169815717)|HEAP_ALLOCATE|[10]|Bytes:21
17:10:31.169 (169819622)|HEAP_ALLOCATE|[10]|Bytes:4
17:10:31.169 (169828172)|METHOD_ENTRY|[10]|01p58000000n6Fr|SObjectData.addValuePair(String, String)
17:10:31.169 (169844497)|VARIABLE_SCOPE_BEGIN|[64]|this|SObjectData|true|false
17:10:31.169 (169872587)|VARIABLE_ASSIGNMENT|[64]|this|{"fieldMap":"0x7864f56e","sObjectType":"Risk__Impact_Categor (4 more) ..."}|0x58762ec6
17:10:31.169 (169877518)|VARIABLE_SCOPE_BEGIN|[64]|field|String|false|false
17:10:31.169 (169883840)|VARIABLE_ASSIGNMENT|[64]|field|"Risk__Type_Of_Risk__ (1 more) ..."
17:10:31.169 (169886917)|VARIABLE_SCOPE_BEGIN|[64]|value|String|false|false
17:10:31.169 (169891154)|VARIABLE_ASSIGNMENT|[64]|value|"Cost"
17:10:31.169 (169898471)|HEAP_ALLOCATE|[66]|Bytes:5
17:10:31.169 (169902893)|STATEMENT_EXECUTE|[64]
17:10:31.169 (169905814)|STATEMENT_EXECUTE|[66]
17:10:31.169 (169907790)|STATEMENT_EXECUTE|[69]
17:10:31.169 (169926960)|HEAP_ALLOCATE|[EXTERNAL]|Bytes:-4
17:10:31.169 (169944602)|METHOD_EXIT|[10]|01p58000000n6Fr|SObjectData.addValuePair(String, String)
17:10:31.169 (169949717)|STATEMENT_EXECUTE|[12]
17:10:31.169 (169955087)|HEAP_ALLOCATE|[12]|Bytes:24
17:10:31.169 (169963850)|CONSTRUCTOR_ENTRY|[12]|01p58000000n6Fr|<init>(String)
17:10:31.169 (169984614)|VARIABLE_SCOPE_BEGIN|[8]|this|SObjectData|true|false
17:10:31.170 (170005011)|VARIABLE_ASSIGNMENT|[8]|this|{}|0x2ff30c65
17:10:31.170 (170010171)|VARIABLE_SCOPE_BEGIN|[8]|sobjectType|String|false|false
17:10:31.170 (170017227)|VARIABLE_ASSIGNMENT|[8]|sobjectType|"Risk__Impact_Categor (4 more) ..."
17:10:31.170 (170024130)|HEAP_ALLOCATE|[2]|Bytes:5
17:10:31.170 (170028420)|STATEMENT_EXECUTE|[1]
17:10:31.170 (170031584)|HEAP_ALLOCATE|[2]|Bytes:5
17:10:31.170 (170034363)|STATEMENT_EXECUTE|[2]
17:10:31.170 (170039190)|HEAP_ALLOCATE|[2]|Bytes:4
17:10:31.170 (170062626)|VARIABLE_ASSIGNMENT|[2]|this.fieldMap|{"s":1,"v":{}}|0x2ff30c65
17:10:31.170 (170067893)|STATEMENT_EXECUTE|[3]
17:10:31.170 (170070173)|STATEMENT_EXECUTE|[4]
17:10:31.170 (170072142)|STATEMENT_EXECUTE|[5]
17:10:31.170 (170073996)|STATEMENT_EXECUTE|[6]
17:10:31.170 (170080634)|VARIABLE_SCOPE_BEGIN|[2]|this|System.ApexBaseClass|true|false
17:10:31.170 (170103796)|VARIABLE_ASSIGNMENT|[2]|this|{"fieldMap":"0x70635370"}|0x2ff30c65
17:10:31.170 (170113871)|STATEMENT_EXECUTE|[8]
17:10:31.170 (170116244)|STATEMENT_EXECUTE|[9]
17:10:31.170 (170126610)|VARIABLE_ASSIGNMENT|[9]|this.sObjectType|"Risk__Impact_Categor (4 more) ..."|0x2ff30c65
17:10:31.170 (170136449)|CONSTRUCTOR_EXIT|[12]|01p58000000n6Fr|<init>(String)
17:10:31.170 (170140818)|VARIABLE_SCOPE_BEGIN|[12]|timeIC|SObjectData|true|false
17:10:31.170 (170164238)|VARIABLE_ASSIGNMENT|[12]|timeIC|{"fieldMap":"0x70635370","sObjectType":"Risk__Impact_Categor (4 more) ..."}|0x2ff30c65
17:10:31.170 (170170469)|STATEMENT_EXECUTE|[13]
17:10:31.170 (170181308)|METHOD_ENTRY|[13]|01p58000000n6Fr|SObjectData.addValuePair(String, String)
17:10:31.170 (170197834)|VARIABLE_SCOPE_BEGIN|[64]|this|SObjectData|true|false
17:10:31.170 (170223659)|VARIABLE_ASSIGNMENT|[64]|this|{"fieldMap":"0x70635370","sObjectType":"Risk__Impact_Categor (4 more) ..."}|0x2ff30c65
17:10:31.170 (170228798)|VARIABLE_SCOPE_BEGIN|[64]|field|String|false|false
17:10:31.170 (170233975)|VARIABLE_ASSIGNMENT|[64]|field|"Name"
17:10:31.170 (170236209)|VARIABLE_SCOPE_BEGIN|[64]|value|String|false|false
17:10:31.170 (170240396)|VARIABLE_ASSIGNMENT|[64]|value|"Cost IC"
17:10:31.170 (170247915)|HEAP_ALLOCATE|[66]|Bytes:5
17:10:31.170 (170252281)|STATEMENT_EXECUTE|[64]
17:10:31.170 (170255185)|STATEMENT_EXECUTE|[66]
17:10:31.170 (170257138)|STATEMENT_EXECUTE|[69]
17:10:31.170 (170276965)|HEAP_ALLOCATE|[EXTERNAL]|Bytes:-4
17:10:31.170 (170294525)|METHOD_EXIT|[13]|01p58000000n6Fr|SObjectData.addValuePair(String, String)
17:10:31.170 (170299717)|STATEMENT_EXECUTE|[14]
17:10:31.170 (170303862)|HEAP_ALLOCATE|[14]|Bytes:4
17:10:31.170 (170312399)|METHOD_ENTRY|[14]|01p58000000n6Fr|SObjectData.addValuePair(String, String)
17:10:31.170 (170328386)|VARIABLE_SCOPE_BEGIN|[64]|this|SObjectData|true|false
17:10:31.170 (170355564)|VARIABLE_ASSIGNMENT|[64]|this|{"fieldMap":"0x70635370","sObjectType":"Risk__Impact_Categor (4 more) ..."}|0x2ff30c65
17:10:31.170 (170360830)|VARIABLE_SCOPE_BEGIN|[64]|field|String|false|false
17:10:31.170 (170366781)|VARIABLE_ASSIGNMENT|[64]|field|"Risk__Type_Of_Risk__ (1 more) ..."
17:10:31.170 (170369337)|VARIABLE_SCOPE_BEGIN|[64]|value|String|false|false
17:10:31.170 (170373735)|VARIABLE_ASSIGNMENT|[64]|value|"Time"
17:10:31.170 (170381014)|HEAP_ALLOCATE|[66]|Bytes:5
17:10:31.170 (170385410)|STATEMENT_EXECUTE|[64]
17:10:31.170 (170388461)|STATEMENT_EXECUTE|[66]
17:10:31.170 (170390384)|STATEMENT_EXECUTE|[69]
17:10:31.170 (170409440)|HEAP_ALLOCATE|[EXTERNAL]|Bytes:-4
17:10:31.170 (170426591)|METHOD_EXIT|[14]|01p58000000n6Fr|SObjectData.addValuePair(String, String)
17:10:31.170 (170431266)|STATEMENT_EXECUTE|[16]
17:10:31.170 (170435423)|HEAP_ALLOCATE|[16]|Bytes:17
17:10:31.170 (170449535)|METHOD_ENTRY|[16]|01p58000000n6Fr|SObjectData.addChild(String, SObjectData)
17:10:31.170 (170474216)|VARIABLE_SCOPE_BEGIN|[40]|this|SObjectData|true|false
17:10:31.170 (170502277)|VARIABLE_ASSIGNMENT|[40]|this|{"fieldMap":"0x605b6a51","sObjectType":"Risk__Scoring_Scheme (3 more) ..."}|0x27f580a9
17:10:31.170 (170509425)|VARIABLE_SCOPE_BEGIN|[40]|field|String|false|false
17:10:31.170 (170515275)|VARIABLE_ASSIGNMENT|[40]|field|"Scoring_Scheme__c"
17:10:31.170 (170519244)|VARIABLE_SCOPE_BEGIN|[40]|o|SObjectData|true|false
17:10:31.170 (170539031)|VARIABLE_ASSIGNMENT|[40]|o|{"fieldMap":"0x7864f56e","sObjectType":"Risk__Impact_Categor (4 more) ..."}|0x58762ec6
17:10:31.170 (170548670)|HEAP_ALLOCATE|[41]|Bytes:5
17:10:31.170 (170553217)|STATEMENT_EXECUTE|[40]
17:10:31.170 (170557579)|STATEMENT_EXECUTE|[41]
17:10:31.170 (170559496)|STATEMENT_EXECUTE|[42]
17:10:31.170 (170564226)|HEAP_ALLOCATE|[42]|Bytes:4
17:10:31.170 (170630093)|VARIABLE_ASSIGNMENT|[42]|this.children|{"s":1,"v":{}}|0x27f580a9
17:10:31.170 (170689189)|STATEMENT_EXECUTE|[46]
17:10:31.170 (170692961)|STATEMENT_EXECUTE|[47]
17:10:31.170 (170770750)|HEAP_ALLOCATE|[47]|Bytes:4
17:10:31.170 (170890973)|HEAP_ALLOCATE|[EXTERNAL]|Bytes:8
17:10:31.170 (170896059)|HEAP_ALLOCATE|[EXTERNAL]|Bytes:-4
17:10:31.170 (170915716)|METHOD_EXIT|[16]|01p58000000n6Fr|SObjectData.addChild(String, SObjectData)
17:10:31.170 (170921123)|STATEMENT_EXECUTE|[17]
17:10:31.170 (170930134)|METHOD_ENTRY|[17]|01p58000000n6Fr|SObjectData.addChild(String, SObjectData)
17:10:31.170 (170946495)|VARIABLE_SCOPE_BEGIN|[40]|this|SObjectData|true|false
17:10:31.170 (170978676)|VARIABLE_ASSIGNMENT|[40]|this|{"children":"0x3cc2e892","fieldMap":"0x605b6a51","sObjectType":"Risk__Scoring_Scheme (3 more) ..."}|0x27f580a9
17:10:31.170 (170984492)|VARIABLE_SCOPE_BEGIN|[40]|field|String|false|false
17:10:31.170 (170990188)|VARIABLE_ASSIGNMENT|[40]|field|"Scoring_Scheme__c"
17:10:31.170 (170992624)|VARIABLE_SCOPE_BEGIN|[40]|o|SObjectData|true|false
17:10:31.171 (171011703)|VARIABLE_ASSIGNMENT|[40]|o|{"fieldMap":"0x70635370","sObjectType":"Risk__Impact_Categor (4 more) ..."}|0x2ff30c65
17:10:31.171 (171022246)|HEAP_ALLOCATE|[41]|Bytes:5
17:10:31.171 (171026805)|STATEMENT_EXECUTE|[40]
17:10:31.171 (171029964)|STATEMENT_EXECUTE|[41]
17:10:31.171 (171054337)|STATEMENT_EXECUTE|[46]
17:10:31.171 (171057141)|STATEMENT_EXECUTE|[47]
17:10:31.171 (171062009)|HEAP_ALLOCATE|[47]|Bytes:4
17:10:31.171 (171090858)|HEAP_ALLOCATE|[EXTERNAL]|Bytes:8
17:10:31.171 (171116757)|METHOD_EXIT|[17]|01p58000000n6Fr|SObjectData.addChild(String, SObjectData)
17:10:31.171 (171121947)|STATEMENT_EXECUTE|[19]
17:10:31.177 (177858241)|HEAP_ALLOCATE|[19]|Bytes:19
17:10:31.177 (177868702)|HEAP_ALLOCATE|[19]|Bytes:2
17:10:31.177 (177889040)|METHOD_ENTRY|[1]|01p58000000n6rI|SObjectUtility.SObjectUtility()
17:10:31.177 (177894210)|STATEMENT_EXECUTE|[1]
17:10:31.177 (177898873)|STATEMENT_EXECUTE|[1]
17:10:31.177 (177905156)|HEAP_ALLOCATE|[19]|Bytes:5
17:10:31.177 (177915192)|METHOD_EXIT|[1]|SObjectUtility
17:10:31.177 (177985075)|HEAP_ALLOCATE|[19]|Bytes:8
17:10:31.177 (177997737)|CONSTRUCTOR_ENTRY|[19]|01p58000000n6rI|<init>()
17:10:31.178 (178029794)|VARIABLE_SCOPE_BEGIN|[1]|this|SObjectUtility|true|false
17:10:31.178 (178057090)|VARIABLE_ASSIGNMENT|[1]|this|{}|0x4b7203af
17:10:31.178 (178066563)|HEAP_ALLOCATE|[3]|Bytes:5
17:10:31.178 (178074859)|VARIABLE_SCOPE_BEGIN|[2]|this|System.ApexBaseClass|true|false
17:10:31.178 (178091364)|VARIABLE_ASSIGNMENT|[2]|this|{}|0x4b7203af
17:10:31.178 (178103005)|STATEMENT_EXECUTE|[1]
17:10:31.178 (178108510)|HEAP_ALLOCATE|[3]|Bytes:5
17:10:31.178 (178111891)|STATEMENT_EXECUTE|[3]
17:10:31.178 (178116822)|HEAP_ALLOCATE|[3]|Bytes:4
17:10:31.178 (178172249)|VARIABLE_ASSIGNMENT|[3]|this.childrenMap|{"s":1,"v":{}}|0x4b7203af
17:10:31.178 (178182977)|CONSTRUCTOR_EXIT|[19]|01p58000000n6rI|<init>()
17:10:31.178 (178187679)|VARIABLE_SCOPE_BEGIN|[19]|su|SObjectUtility|true|false
17:10:31.178 (178212460)|VARIABLE_ASSIGNMENT|[19]|su|{"childrenMap":"0x36e14a05"}|0x4b7203af
17:10:31.178 (178218985)|STATEMENT_EXECUTE|[20]
17:10:31.178 (178225171)|HEAP_ALLOCATE|[20]|Bytes:4
17:10:31.178 (178282511)|METHOD_ENTRY|[20]|01p58000000n6rI|SObjectUtility.createSObjects(List<SObjectData>)
17:10:31.178 (178293014)|VARIABLE_SCOPE_BEGIN|[5]|this|SObjectUtility|true|false
17:10:31.178 (178318414)|VARIABLE_ASSIGNMENT|[5]|this|{"childrenMap":"0x36e14a05"}|0x4b7203af
17:10:31.178 (178325810)|VARIABLE_SCOPE_BEGIN|[5]|dataList|List<SObjectData>|true|false
17:10:31.178 (178336436)|HEAP_ALLOCATE|[EXTERNAL]|Bytes:8
17:10:31.178 (178374136)|VARIABLE_ASSIGNMENT|[5]|dataList|{"s":1,"v":[{"children":"0x3cc2e892","fieldMap":"0x605b6a51","sObjectType":"Risk__Scoring_Scheme (3 more) ..."}]}|0x64988ace
17:10:31.178 (178385873)|HEAP_ALLOCATE|[6]|Bytes:5
17:10:31.178 (178390767)|STATEMENT_EXECUTE|[5]
17:10:31.178 (178393111)|STATEMENT_EXECUTE|[6]
17:10:31.178 (178414122)|METHOD_ENTRY|[6]|01p58000000n6rI|SObjectUtility.createRoot(List<SObjectData>)
17:10:31.178 (178467430)|VARIABLE_SCOPE_BEGIN|[58]|this|SObjectUtility|true|false
17:10:31.178 (178494238)|VARIABLE_ASSIGNMENT|[58]|this|{"childrenMap":"0x36e14a05"}|0x4b7203af
17:10:31.178 (178501589)|VARIABLE_SCOPE_BEGIN|[58]|dataList|List<SObjectData>|true|false
17:10:31.178 (178530644)|VARIABLE_ASSIGNMENT|[58]|dataList|{"s":1,"v":[{"children":"0x3cc2e892","fieldMap":"0x605b6a51","sObjectType":"Risk__Scoring_Scheme (3 more) ..."}]}|0x64988ace
17:10:31.178 (178542063)|HEAP_ALLOCATE|[59]|Bytes:5
17:10:31.178 (178546838)|STATEMENT_EXECUTE|[58]
17:10:31.178 (178549165)|STATEMENT_EXECUTE|[59]
17:10:31.178 (178553997)|HEAP_ALLOCATE|[59]|Bytes:4
17:10:31.178 (178564761)|VARIABLE_SCOPE_BEGIN|[59]|rootObjects|Map<String,SObject>|true|false
17:10:31.178 (178584446)|VARIABLE_ASSIGNMENT|[59]|rootObjects|{"s":1,"v":{}}|0x4aedbc9f
17:10:31.178 (178874493)|HEAP_ALLOCATE|[60]|Bytes:5
17:10:31.178 (178892633)|HEAP_ALLOCATE|[60]|Bytes:24
17:10:31.178 (178900596)|VARIABLE_SCOPE_BEGIN|[60]|obj|SObjectData|true|false
17:10:31.178 (178935333)|VARIABLE_ASSIGNMENT|[60]|obj|{"children":"0x3cc2e892","fieldMap":"0x605b6a51","sObjectType":"Risk__Scoring_Scheme (3 more) ..."}|0x27f580a9
17:10:31.178 (178942651)|STATEMENT_EXECUTE|[60]
17:10:31.178 (178945102)|STATEMENT_EXECUTE|[61]
17:10:31.178 (178961297)|METHOD_ENTRY|[61]|01p58000000n6rI|SObjectUtility.generateRandomString(Integer)
17:10:31.178 (178982638)|HEAP_ALLOCATE|[97]|Bytes:4
17:10:31.178 (178990137)|VARIABLE_SCOPE_BEGIN|[96]|len|Integer|false|false
17:10:31.178 (178998438)|VARIABLE_ASSIGNMENT|[96]|len|18
17:10:31.179 (179006116)|HEAP_ALLOCATE|[97]|Bytes:5
17:10:31.179 (179010982)|STATEMENT_EXECUTE|[96]
17:10:31.179 (179013186)|STATEMENT_EXECUTE|[97]
17:10:31.179 (179016693)|HEAP_ALLOCATE|[97]|Bytes:62
17:10:31.179 (179021326)|VARIABLE_SCOPE_BEGIN|[97]|chars|String|false|false
17:10:31.179 (179029904)|VARIABLE_ASSIGNMENT|[97]|chars|"ABCDEFGHIJKLMNOPQRST (42 more) ..."
17:10:31.179 (179033480)|STATEMENT_EXECUTE|[98]
17:10:31.179 (179039341)|VARIABLE_SCOPE_BEGIN|[98]|randStr|String|false|false
17:10:31.179 (179045235)|VARIABLE_ASSIGNMENT|[98]|randStr|""
17:10:31.179 (179104451)|STATEMENT_EXECUTE|[99]
17:10:31.179 (179108129)|STATEMENT_EXECUTE|[100]
17:10:31.179 (179344029)|VARIABLE_SCOPE_BEGIN|[2]|Math.E|Double|false|true
17:10:31.179 (179351722)|VARIABLE_SCOPE_BEGIN|[3]|Math.PI|Double|false|true
17:10:31.179 (179600373)|VARIABLE_SCOPE_BEGIN|[100]|idx|Integer|false|false
17:10:31.179 (179606305)|HEAP_ALLOCATE|[100]|Bytes:4
17:10:31.179 (179615930)|VARIABLE_ASSIGNMENT|[100]|idx|7
17:10:31.179 (179619843)|STATEMENT_EXECUTE|[101]
17:10:31.179 (179662825)|HEAP_ALLOCATE|[101]|Bytes:1
17:10:31.179 (179686539)|HEAP_ALLOCATE|[101]|Bytes:1
17:10:31.179 (179697462)|VARIABLE_ASSIGNMENT|[101]|randStr|"H"
17:10:31.179 (179717235)|STATEMENT_EXECUTE|[99]
17:10:31.179 (179720128)|STATEMENT_EXECUTE|[100]
17:10:31.179 (179821209)|VARIABLE_SCOPE_BEGIN|[100]|idx|Integer|false|false
17:10:31.179 (179825990)|HEAP_ALLOCATE|[100]|Bytes:4
17:10:31.179 (179834554)|VARIABLE_ASSIGNMENT|[100]|idx|20
17:10:31.179 (179838169)|STATEMENT_EXECUTE|[101]
17:10:31.179 (179861274)|HEAP_ALLOCATE|[101]|Bytes:1
17:10:31.179 (179878031)|HEAP_ALLOCATE|[101]|Bytes:2
17:10:31.179 (179887368)|VARIABLE_ASSIGNMENT|[101]|randStr|"HU"
17:10:31.179 (179906220)|STATEMENT_EXECUTE|[99]
17:10:31.179 (179909072)|STATEMENT_EXECUTE|[100]
17:10:31.179 (179996511)|VARIABLE_SCOPE_BEGIN|[100]|idx|Integer|false|false
17:10:31.180 (180000972)|HEAP_ALLOCATE|[100]|Bytes:4
17:10:31.180 (180010532)|VARIABLE_ASSIGNMENT|[100]|idx|9
17:10:31.180 (180014268)|STATEMENT_EXECUTE|[101]
17:10:31.180 (180037018)|HEAP_ALLOCATE|[101]|Bytes:1
17:10:31.180 (180053504)|HEAP_ALLOCATE|[101]|Bytes:3
17:10:31.180 (180063020)|VARIABLE_ASSIGNMENT|[101]|randStr|"HUJ"
17:10:31.180 (180084893)|STATEMENT_EXECUTE|[99]
17:10:31.180 (180088048)|STATEMENT_EXECUTE|[100]
17:10:31.180 (180175028)|VARIABLE_SCOPE_BEGIN|[100]|idx|Integer|false|false
17:10:31.180 (180179544)|HEAP_ALLOCATE|[100]|Bytes:4
17:10:31.180 (180187611)|VARIABLE_ASSIGNMENT|[100]|idx|48
17:10:31.180 (180191315)|STATEMENT_EXECUTE|[101]
17:10:31.180 (180213504)|HEAP_ALLOCATE|[101]|Bytes:1
17:10:31.180 (180229850)|HEAP_ALLOCATE|[101]|Bytes:4
17:10:31.180 (180239218)|VARIABLE_ASSIGNMENT|[101]|randStr|"HUJm"
17:10:31.180 (180257626)|STATEMENT_EXECUTE|[99]
17:10:31.180 (180260521)|STATEMENT_EXECUTE|[100]
17:10:31.180 (180359521)|VARIABLE_SCOPE_BEGIN|[100]|idx|Integer|false|false
17:10:31.180 (180364061)|HEAP_ALLOCATE|[100]|Bytes:4
17:10:31.180 (180372835)|VARIABLE_ASSIGNMENT|[100]|idx|32
17:10:31.180 (180376432)|STATEMENT_EXECUTE|[101]
17:10:31.180 (180398693)|HEAP_ALLOCATE|[101]|Bytes:1
17:10:31.180 (180414911)|HEAP_ALLOCATE|[101]|Bytes:5
17:10:31.180 (180424150)|VARIABLE_ASSIGNMENT|[101]|randStr|"HUJm6"
17:10:31.180 (180442914)|STATEMENT_EXECUTE|[99]
17:10:31.180 (180445650)|STATEMENT_EXECUTE|[100]
17:10:31.180 (180530606)|VARIABLE_SCOPE_BEGIN|[100]|idx|Integer|false|false
17:10:31.180 (180535001)|HEAP_ALLOCATE|[100]|Bytes:4
17:10:31.180 (180543157)|VARIABLE_ASSIGNMENT|[100]|idx|34
17:10:31.180 (180546647)|STATEMENT_EXECUTE|[101]
17:10:31.180 (180568611)|HEAP_ALLOCATE|[101]|Bytes:1
17:10:31.180 (180584855)|HEAP_ALLOCATE|[101]|Bytes:6
17:10:31.180 (180594200)|VARIABLE_ASSIGNMENT|[101]|randStr|"HUJm68"
17:10:31.180 (180612709)|STATEMENT_EXECUTE|[99]
17:10:31.180 (180615625)|STATEMENT_EXECUTE|[100]
17:10:31.180 (180701369)|VARIABLE_SCOPE_BEGIN|[100]|idx|Integer|false|false
17:10:31.180 (180705896)|HEAP_ALLOCATE|[100]|Bytes:4
17:10:31.180 (180714248)|VARIABLE_ASSIGNMENT|[100]|idx|40
17:10:31.180 (180717682)|STATEMENT_EXECUTE|[101]
17:10:31.180 (180739724)|HEAP_ALLOCATE|[101]|Bytes:1
17:10:31.180 (180755828)|HEAP_ALLOCATE|[101]|Bytes:7
17:10:31.180 (180774978)|VARIABLE_ASSIGNMENT|[101]|randStr|"HUJm68e"
17:10:31.180 (180796924)|STATEMENT_EXECUTE|[99]
17:10:31.180 (180799839)|STATEMENT_EXECUTE|[100]
17:10:31.180 (180885689)|VARIABLE_SCOPE_BEGIN|[100]|idx|Integer|false|false
17:10:31.180 (180890130)|HEAP_ALLOCATE|[100]|Bytes:4
17:10:31.180 (180898252)|VARIABLE_ASSIGNMENT|[100]|idx|44
17:10:31.180 (180901667)|STATEMENT_EXECUTE|[101]
17:10:31.180 (180924057)|HEAP_ALLOCATE|[101]|Bytes:1
17:10:31.180 (180940406)|HEAP_ALLOCATE|[101]|Bytes:8
17:10:31.180 (180949753)|VARIABLE_ASSIGNMENT|[101]|randStr|"HUJm68ei"
17:10:31.180 (180968088)|STATEMENT_EXECUTE|[99]
17:10:31.180 (180970934)|STATEMENT_EXECUTE|[100]
17:10:31.181 (181055415)|VARIABLE_SCOPE_BEGIN|[100]|idx|Integer|false|false
17:10:31.181 (181060688)|HEAP_ALLOCATE|[100]|Bytes:4
17:10:31.181 (181069188)|VARIABLE_ASSIGNMENT|[100]|idx|61
17:10:31.181 (181072676)|STATEMENT_EXECUTE|[101]
17:10:31.181 (181094747)|HEAP_ALLOCATE|[101]|Bytes:1
17:10:31.181 (181111003)|HEAP_ALLOCATE|[101]|Bytes:9
17:10:31.181 (181120361)|VARIABLE_ASSIGNMENT|[101]|randStr|"HUJm68eiz"
17:10:31.181 (181139017)|STATEMENT_EXECUTE|[99]
17:10:31.181 (181141825)|STATEMENT_EXECUTE|[100]
17:10:31.181 (181226283)|VARIABLE_SCOPE_BEGIN|[100]|idx|Integer|false|false
17:10:31.181 (181230654)|HEAP_ALLOCATE|[100]|Bytes:4
17:10:31.181 (181238727)|VARIABLE_ASSIGNMENT|[100]|idx|44
17:10:31.181 (181242272)|STATEMENT_EXECUTE|[101]
17:10:31.181 (181264209)|HEAP_ALLOCATE|[101]|Bytes:1
17:10:31.181 (181280481)|HEAP_ALLOCATE|[101]|Bytes:10
17:10:31.181 (181289911)|VARIABLE_ASSIGNMENT|[101]|randStr|"HUJm68eizi"
17:10:31.181 (181308588)|STATEMENT_EXECUTE|[99]
17:10:31.181 (181311400)|STATEMENT_EXECUTE|[100]
17:10:31.181 (181400249)|VARIABLE_SCOPE_BEGIN|[100]|idx|Integer|false|false
17:10:31.181 (181404671)|HEAP_ALLOCATE|[100]|Bytes:4
17:10:31.181 (181413039)|VARIABLE_ASSIGNMENT|[100]|idx|50
17:10:31.181 (181416514)|STATEMENT_EXECUTE|[101]
17:10:31.181 (181438674)|HEAP_ALLOCATE|[101]|Bytes:1
17:10:31.181 (181454887)|HEAP_ALLOCATE|[101]|Bytes:11
17:10:31.181 (181464443)|VARIABLE_ASSIGNMENT|[101]|randStr|"HUJm68eizio"
17:10:31.181 (181482980)|STATEMENT_EXECUTE|[99]
17:10:31.181 (181485839)|STATEMENT_EXECUTE|[100]
17:10:31.181 (181571688)|VARIABLE_SCOPE_BEGIN|[100]|idx|Integer|false|false
17:10:31.181 (181576219)|HEAP_ALLOCATE|[100]|Bytes:4
17:10:31.181 (181584257)|VARIABLE_ASSIGNMENT|[100]|idx|60
17:10:31.181 (181587670)|STATEMENT_EXECUTE|[101]
17:10:31.181 (181609365)|HEAP_ALLOCATE|[101]|Bytes:1
17:10:31.181 (181625518)|HEAP_ALLOCATE|[101]|Bytes:12
17:10:31.181 (181634755)|VARIABLE_ASSIGNMENT|[101]|randStr|"HUJm68eizioy"
17:10:31.181 (181653444)|STATEMENT_EXECUTE|[99]
17:10:31.181 (181656270)|STATEMENT_EXECUTE|[100]
17:10:31.181 (181753097)|VARIABLE_SCOPE_BEGIN|[100]|idx|Integer|false|false
17:10:31.181 (181757758)|HEAP_ALLOCATE|[100]|Bytes:4
17:10:31.181 (181770171)|VARIABLE_ASSIGNMENT|[100]|idx|14
17:10:31.181 (181773950)|STATEMENT_EXECUTE|[101]
17:10:31.181 (181797258)|HEAP_ALLOCATE|[101]|Bytes:1
17:10:31.181 (181813610)|HEAP_ALLOCATE|[101]|Bytes:13
17:10:31.181 (181823138)|VARIABLE_ASSIGNMENT|[101]|randStr|"HUJm68eizioyO"
17:10:31.181 (181842040)|STATEMENT_EXECUTE|[99]
17:10:31.181 (181844878)|STATEMENT_EXECUTE|[100]
17:10:31.181 (181929916)|VARIABLE_SCOPE_BEGIN|[100]|idx|Integer|false|false
17:10:31.181 (181934255)|HEAP_ALLOCATE|[100]|Bytes:4
17:10:31.181 (181942239)|VARIABLE_ASSIGNMENT|[100]|idx|36
17:10:31.181 (181945714)|STATEMENT_EXECUTE|[101]
17:10:31.181 (181967773)|HEAP_ALLOCATE|[101]|Bytes:1
17:10:31.181 (181983809)|HEAP_ALLOCATE|[101]|Bytes:14
17:10:31.181 (181993306)|VARIABLE_ASSIGNMENT|[101]|randStr|"HUJm68eizioyOa"
17:10:31.182 (182011729)|STATEMENT_EXECUTE|[99]
17:10:31.182 (182015339)|STATEMENT_EXECUTE|[100]
17:10:31.182 (182100078)|VARIABLE_SCOPE_BEGIN|[100]|idx|Integer|false|false
17:10:31.182 (182104418)|HEAP_ALLOCATE|[100]|Bytes:4
17:10:31.182 (182112722)|VARIABLE_ASSIGNMENT|[100]|idx|20
17:10:31.182 (182116258)|STATEMENT_EXECUTE|[101]
17:10:31.182 (182138188)|HEAP_ALLOCATE|[101]|Bytes:1
17:10:31.182 (182154517)|HEAP_ALLOCATE|[101]|Bytes:15
17:10:31.182 (182164043)|VARIABLE_ASSIGNMENT|[101]|randStr|"HUJm68eizioyOaU"
17:10:31.182 (182182844)|STATEMENT_EXECUTE|[99]
17:10:31.182 (182185725)|STATEMENT_EXECUTE|[100]
17:10:31.182 (182270169)|VARIABLE_SCOPE_BEGIN|[100]|idx|Integer|false|false
17:10:31.182 (182274565)|HEAP_ALLOCATE|[100]|Bytes:4
17:10:31.182 (182282635)|VARIABLE_ASSIGNMENT|[100]|idx|44
17:10:31.182 (182286061)|STATEMENT_EXECUTE|[101]
17:10:31.182 (182308114)|HEAP_ALLOCATE|[101]|Bytes:1
17:10:31.182 (182324441)|HEAP_ALLOCATE|[101]|Bytes:16
17:10:31.182 (182334088)|VARIABLE_ASSIGNMENT|[101]|randStr|"HUJm68eizioyOaUi"
17:10:31.182 (182352925)|STATEMENT_EXECUTE|[99]
17:10:31.182 (182355875)|STATEMENT_EXECUTE|[100]
17:10:31.182 (182441596)|VARIABLE_SCOPE_BEGIN|[100]|idx|Integer|false|false
17:10:31.182 (182445997)|HEAP_ALLOCATE|[100]|Bytes:4
17:10:31.182 (182454335)|VARIABLE_ASSIGNMENT|[100]|idx|33
17:10:31.182 (182457818)|STATEMENT_EXECUTE|[101]
17:10:31.182 (182479746)|HEAP_ALLOCATE|[101]|Bytes:1
17:10:31.182 (182495760)|HEAP_ALLOCATE|[101]|Bytes:17
17:10:31.182 (182505257)|VARIABLE_ASSIGNMENT|[101]|randStr|"HUJm68eizioyOaUi7"
17:10:31.182 (182523819)|STATEMENT_EXECUTE|[99]
17:10:31.182 (182526686)|STATEMENT_EXECUTE|[100]
17:10:31.182 (182610539)|VARIABLE_SCOPE_BEGIN|[100]|idx|Integer|false|false
17:10:31.182 (182614975)|HEAP_ALLOCATE|[100]|Bytes:4
17:10:31.182 (182623057)|VARIABLE_ASSIGNMENT|[100]|idx|3
17:10:31.182 (182626600)|STATEMENT_EXECUTE|[101]
17:10:31.182 (182648543)|HEAP_ALLOCATE|[101]|Bytes:1
17:10:31.182 (182664756)|HEAP_ALLOCATE|[101]|Bytes:18
17:10:31.182 (182674271)|VARIABLE_ASSIGNMENT|[101]|randStr|"HUJm68eizioyOaUi7D"
17:10:31.182 (182693051)|STATEMENT_EXECUTE|[103]
17:10:31.182 (182700428)|METHOD_EXIT|[61]|01p58000000n6rI|SObjectUtility.generateRandomString(Integer)
17:10:31.182 (182705112)|VARIABLE_SCOPE_BEGIN|[61]|rId|String|false|false
17:10:31.182 (182712433)|VARIABLE_ASSIGNMENT|[61]|rId|"HUJm68eizioyOaUi7D"
17:10:31.182 (182716122)|STATEMENT_EXECUTE|[62]
17:10:31.182 (182728513)|METHOD_ENTRY|[62]|01p58000000n6rI|SObjectUtility.createSObject(SObjectData)
17:10:31.182 (182754016)|VARIABLE_SCOPE_BEGIN|[11]|this|SObjectUtility|true|false
17:10:31.182 (182785691)|VARIABLE_ASSIGNMENT|[11]|this|{"childrenMap":"0x36e14a05"}|0x4b7203af
17:10:31.182 (182793150)|VARIABLE_SCOPE_BEGIN|[11]|obj|SObjectData|true|false
17:10:31.182 (182818225)|VARIABLE_ASSIGNMENT|[11]|obj|{"children":"0x3cc2e892","fieldMap":"0x605b6a51","sObjectType":"Risk__Scoring_Scheme (3 more) ..."}|0x27f580a9
17:10:31.182 (182829591)|HEAP_ALLOCATE|[12]|Bytes:5
17:10:31.182 (182834296)|STATEMENT_EXECUTE|[11]
17:10:31.369 (369619289)|HEAP_ALLOCATE|[12]|Bytes:1796
17:10:31.369 (369675962)|METHOD_ENTRY|[12]|01p58000000n6Fr|SObjectData.getSObjectType()
17:10:31.369 (369690988)|VARIABLE_SCOPE_BEGIN|[76]|this|SObjectData|true|false
17:10:31.369 (369779096)|VARIABLE_ASSIGNMENT|[76]|this|{"children":"0x3cc2e892","fieldMap":"0x605b6a51","sObjectType":"Risk__Scoring_Scheme (3 more) ..."}|0x27f580a9
17:10:31.369 (369798887)|HEAP_ALLOCATE|[77]|Bytes:5
17:10:31.369 (369806738)|STATEMENT_EXECUTE|[76]
17:10:31.369 (369809626)|STATEMENT_EXECUTE|[77]
17:10:31.369 (369825044)|METHOD_EXIT|[12]|01p58000000n6Fr|SObjectData.getSObjectType()
17:10:31.369 (369878792)|STATEMENT_EXECUTE|[12]
17:10:31.369 (369882293)|STATEMENT_EXECUTE|[15]
17:10:31.373 (373182226)|HEAP_ALLOCATE|[15]|Bytes:1796
17:10:31.373 (373205791)|METHOD_ENTRY|[15]|01p58000000n6Fr|SObjectData.getSObjectType()
17:10:31.373 (373211685)|VARIABLE_SCOPE_BEGIN|[76]|this|SObjectData|true|false
17:10:31.373 (373247156)|VARIABLE_ASSIGNMENT|[76]|this|{"children":"0x3cc2e892","fieldMap":"0x605b6a51","sObjectType":"Risk__Scoring_Scheme (3 more) ..."}|0x27f580a9
17:10:31.373 (373259329)|HEAP_ALLOCATE|[77]|Bytes:5
17:10:31.373 (373264131)|STATEMENT_EXECUTE|[76]
17:10:31.373 (373266659)|STATEMENT_EXECUTE|[77]
17:10:31.373 (373273920)|METHOD_EXIT|[15]|01p58000000n6Fr|SObjectData.getSObjectType()
17:10:31.373 (373520287)|HEAP_ALLOCATE|[15]|Bytes:4
17:10:31.373 (373538713)|VARIABLE_SCOPE_BEGIN|[15]|sObj|SObject|true|false
17:10:31.373 (373557133)|VARIABLE_ASSIGNMENT|[15]|sObj|{}|0x177526ee
17:10:31.373 (373576542)|HEAP_ALLOCATE|[16]|Bytes:4
17:10:31.373 (373631993)|METHOD_ENTRY|[16]|01p58000000n6Fr|SObjectData.getFieldMap()
17:10:31.373 (373641657)|VARIABLE_SCOPE_BEGIN|[72]|this|SObjectData|true|false
17:10:31.373 (373675211)|VARIABLE_ASSIGNMENT|[72]|this|{"children":"0x3cc2e892","fieldMap":"0x605b6a51","sObjectType":"Risk__Scoring_Scheme (3 more) ..."}|0x27f580a9
17:10:31.373 (373687265)|HEAP_ALLOCATE|[73]|Bytes:5
17:10:31.373 (373692087)|STATEMENT_EXECUTE|[72]
17:10:31.373 (373694535)|STATEMENT_EXECUTE|[73]
17:10:31.373 (373703352)|METHOD_EXIT|[16]|01p58000000n6Fr|SObjectData.getFieldMap()
17:10:31.373 (373778892)|HEAP_ALLOCATE|[16]|Bytes:28
17:10:31.373 (373816539)|HEAP_ALLOCATE|[16]|Bytes:8
17:10:31.373 (373865835)|HEAP_ALLOCATE|[16]|Bytes:5
17:10:31.373 (373885359)|VARIABLE_SCOPE_BEGIN|[16]|field|String|false|false
17:10:31.373 (373898979)|VARIABLE_ASSIGNMENT|[16]|field|"Name"
17:10:31.373 (373903791)|STATEMENT_EXECUTE|[16]
17:10:31.373 (373906250)|STATEMENT_EXECUTE|[17]
17:10:31.373 (373914760)|METHOD_ENTRY|[17]|01p58000000n6Fr|SObjectData.getFieldMap()
17:10:31.373 (373941215)|VARIABLE_SCOPE_BEGIN|[72]|this|SObjectData|true|false
17:10:31.373 (373972453)|VARIABLE_ASSIGNMENT|[72]|this|{"children":"0x3cc2e892","fieldMap":"0x605b6a51","sObjectType":"Risk__Scoring_Scheme (3 more) ..."}|0x27f580a9
17:10:31.373 (373983339)|HEAP_ALLOCATE|[73]|Bytes:5
17:10:31.373 (373987826)|STATEMENT_EXECUTE|[72]
17:10:31.373 (373990087)|STATEMENT_EXECUTE|[73]
17:10:31.373 (373997469)|METHOD_EXIT|[17]|01p58000000n6Fr|SObjectData.getFieldMap()
17:10:31.374 (374026198)|VARIABLE_SCOPE_BEGIN|[17]|value|String|false|false
17:10:31.374 (374037529)|VARIABLE_ASSIGNMENT|[17]|value|"Scoring Scheme 5x5"
17:10:31.374 (374041483)|STATEMENT_EXECUTE|[18]
17:10:31.382 (382915607)|HEAP_ALLOCATE|[16]|Bytes:5
17:10:31.382 (382937311)|VARIABLE_SCOPE_BEGIN|[16]|field|String|false|false
17:10:31.382 (382949669)|VARIABLE_ASSIGNMENT|[16]|field|"RecordTypeId"
17:10:31.382 (382954227)|STATEMENT_EXECUTE|[16]
17:10:31.382 (382956840)|STATEMENT_EXECUTE|[17]
17:10:31.382 (382963097)|METHOD_ENTRY|[17]|01p58000000n6Fr|SObjectData.getFieldMap()
17:10:31.382 (382968162)|VARIABLE_SCOPE_BEGIN|[72]|this|SObjectData|true|false
17:10:31.383 (383000668)|VARIABLE_ASSIGNMENT|[72]|this|{"children":"0x3cc2e892","fieldMap":"0x605b6a51","sObjectType":"Risk__Scoring_Scheme (3 more) ..."}|0x27f580a9
17:10:31.383 (383013205)|HEAP_ALLOCATE|[73]|Bytes:5
17:10:31.383 (383017980)|STATEMENT_EXECUTE|[72]
17:10:31.383 (383022908)|STATEMENT_EXECUTE|[73]
17:10:31.383 (383030810)|METHOD_EXIT|[17]|01p58000000n6Fr|SObjectData.getFieldMap()
17:10:31.383 (383058993)|VARIABLE_SCOPE_BEGIN|[17]|value|String|false|false
17:10:31.383 (383069236)|VARIABLE_ASSIGNMENT|[17]|value|"012580000000H5p"
17:10:31.383 (383073163)|STATEMENT_EXECUTE|[18]
17:10:31.383 (383186957)|HEAP_ALLOCATE|[16]|Bytes:5
17:10:31.383 (383207289)|VARIABLE_ASSIGNMENT|[16]|field|null
17:10:31.383 (383212462)|STATEMENT_EXECUTE|[21]
17:10:31.383 (383224017)|METHOD_EXIT|[62]|01p58000000n6rI|SObjectUtility.createSObject(SObjectData)
17:10:31.383 (383256778)|HEAP_ALLOCATE|[EXTERNAL]|Bytes:-4
17:10:31.383 (383279211)|METHOD_ENTRY|[63]|01p58000000n6Fr|SObjectData.getChildren()
17:10:31.383 (383304426)|VARIABLE_SCOPE_BEGIN|[80]|this|SObjectData|true|false
17:10:31.383 (383340754)|VARIABLE_ASSIGNMENT|[80]|this|{"children":"0x3cc2e892","fieldMap":"0x605b6a51","sObjectType":"Risk__Scoring_Scheme (3 more) ..."}|0x27f580a9
17:10:31.383 (383353242)|HEAP_ALLOCATE|[81]|Bytes:5
17:10:31.383 (383358133)|STATEMENT_EXECUTE|[80]
17:10:31.383 (383363170)|STATEMENT_EXECUTE|[81]
17:10:31.383 (383365376)|STATEMENT_EXECUTE|[84]
17:10:31.383 (383373000)|METHOD_EXIT|[63]|01p58000000n6Fr|SObjectData.getChildren()
17:10:31.383 (383392463)|STATEMENT_EXECUTE|[63]
17:10:31.383 (383395019)|STATEMENT_EXECUTE|[64]
17:10:31.383 (383402046)|METHOD_ENTRY|[64]|01p58000000n6Fr|SObjectData.getChildren()
17:10:31.383 (383419027)|VARIABLE_SCOPE_BEGIN|[80]|this|SObjectData|true|false
17:10:31.383 (383452830)|VARIABLE_ASSIGNMENT|[80]|this|{"children":"0x3cc2e892","fieldMap":"0x605b6a51","sObjectType":"Risk__Scoring_Scheme (3 more) ..."}|0x27f580a9
17:10:31.383 (383464113)|HEAP_ALLOCATE|[81]|Bytes:5
17:10:31.383 (383469040)|STATEMENT_EXECUTE|[80]
17:10:31.383 (383472103)|STATEMENT_EXECUTE|[81]
17:10:31.383 (383474137)|STATEMENT_EXECUTE|[84]
17:10:31.383 (383480816)|METHOD_EXIT|[64]|01p58000000n6Fr|SObjectData.getChildren()
17:10:31.383 (383497286)|METHOD_ENTRY|[64]|01p58000000n6rI|SObjectUtility.createChildren(String, Map<String,List<SObjectData>>)
17:10:31.383 (383506087)|VARIABLE_SCOPE_BEGIN|[70]|this|SObjectUtility|true|false
17:10:31.383 (383533073)|VARIABLE_ASSIGNMENT|[70]|this|{"childrenMap":"0x36e14a05"}|0x4b7203af
17:10:31.383 (383541030)|VARIABLE_SCOPE_BEGIN|[70]|parentId|String|false|false
17:10:31.383 (383548062)|VARIABLE_ASSIGNMENT|[70]|parentId|"HUJm68eizioyOaUi7D"
17:10:31.383 (383552597)|VARIABLE_SCOPE_BEGIN|[70]|childMap|Map<String,List<SObjectData>>|true|false
17:10:31.383 (383599466)|VARIABLE_ASSIGNMENT|[70]|childMap|{"s":1,"v":{"Scoring_Scheme__c":{"s":2,"v":[{"fieldMap":"0x70635370","sObjectType":"Risk__Impact_Categor (4 more) ..."}]}}}|0x3cc2e892
17:10:31.383 (383611261)|HEAP_ALLOCATE|[72]|Bytes:5
17:10:31.383 (383616133)|STATEMENT_EXECUTE|[70]
17:10:31.383 (383621911)|HEAP_ALLOCATE|[72]|Bytes:4
17:10:31.383 (383677688)|HEAP_ALLOCATE|[72]|Bytes:25
17:10:31.383 (383706168)|HEAP_ALLOCATE|[72]|Bytes:4
17:10:31.383 (383742105)|HEAP_ALLOCATE|[72]|Bytes:5
17:10:31.383 (383757726)|VARIABLE_SCOPE_BEGIN|[72]|relationshipKey|String|false|false
17:10:31.383 (383773195)|VARIABLE_ASSIGNMENT|[72]|relationshipKey|"Scoring_Scheme__c"
17:10:31.383 (383777893)|STATEMENT_EXECUTE|[72]
17:10:31.383 (383780287)|STATEMENT_EXECUTE|[73]
17:10:31.383 (383787628)|HEAP_ALLOCATE|[73]|Bytes:4
17:10:31.383 (383794421)|VARIABLE_SCOPE_BEGIN|[73]|childObjects|Map<String,SObject>|true|false
17:10:31.383 (383815833)|VARIABLE_ASSIGNMENT|[73]|childObjects|{"s":1,"v":{}}|0x3a5a9024
17:10:31.383 (383821489)|STATEMENT_EXECUTE|[74]
17:10:31.383 (383878127)|VARIABLE_SCOPE_BEGIN|[74]|childrenList|List<SObjectData>|true|false
17:10:31.383 (383916042)|VARIABLE_ASSIGNMENT|[74]|childrenList|{"s":1,"v":[{"fieldMap":"0x70635370","sObjectType":"Risk__Impact_Categor (4 more) ..."}]}|0x42eb399f
17:10:31.383 (383968682)|HEAP_ALLOCATE|[76]|Bytes:5
17:10:31.383 (383983784)|HEAP_ALLOCATE|[76]|Bytes:24
17:10:31.383 (383990376)|VARIABLE_SCOPE_BEGIN|[76]|obj|SObjectData|true|false
17:10:31.384 (384020885)|VARIABLE_ASSIGNMENT|[76]|obj|{"fieldMap":"0x70635370","sObjectType":"Risk__Impact_Categor (4 more) ..."}|0x2ff30c65
17:10:31.384 (384028668)|STATEMENT_EXECUTE|[76]
17:10:31.384 (384030982)|STATEMENT_EXECUTE|[77]
17:10:31.384 (384043023)|METHOD_ENTRY|[77]|01p58000000n6Fr|SObjectData.getFieldMap()
17:10:31.384 (384060042)|VARIABLE_SCOPE_BEGIN|[72]|this|SObjectData|true|false
17:10:31.384 (384087013)|VARIABLE_ASSIGNMENT|[72]|this|{"fieldMap":"0x70635370","sObjectType":"Risk__Impact_Categor (4 more) ..."}|0x2ff30c65
17:10:31.384 (384097450)|HEAP_ALLOCATE|[73]|Bytes:5
17:10:31.384 (384101905)|STATEMENT_EXECUTE|[72]
17:10:31.384 (384104205)|STATEMENT_EXECUTE|[73]
17:10:31.384 (384111522)|METHOD_EXIT|[77]|01p58000000n6Fr|SObjectData.getFieldMap()
17:10:31.384 (384147115)|HEAP_ALLOCATE|[77]|Bytes:8
17:10:31.384 (384158410)|HEAP_ALLOCATE|[77]|Bytes:15
17:10:31.384 (384192437)|USER_DEBUG|[77]|DEBUG|Cost IC Created
17:10:31.384 (384203304)|STATEMENT_EXECUTE|[78]
17:10:31.384 (384213663)|METHOD_ENTRY|[78]|01p58000000n6rI|SObjectUtility.generateRandomString(Integer)
17:10:31.384 (384232331)|HEAP_ALLOCATE|[97]|Bytes:4
17:10:31.384 (384236446)|VARIABLE_SCOPE_BEGIN|[96]|len|Integer|false|false
17:10:31.384 (384247983)|VARIABLE_ASSIGNMENT|[96]|len|18
17:10:31.384 (384255970)|HEAP_ALLOCATE|[97]|Bytes:5
17:10:31.384 (384259976)|STATEMENT_EXECUTE|[96]
17:10:31.384 (384262231)|STATEMENT_EXECUTE|[97]
17:10:31.384 (384266990)|VARIABLE_SCOPE_BEGIN|[97]|chars|String|false|false
17:10:31.384 (384275736)|VARIABLE_ASSIGNMENT|[97]|chars|"ABCDEFGHIJKLMNOPQRST (42 more) ..."
17:10:31.384 (384279345)|STATEMENT_EXECUTE|[98]
17:10:31.384 (384282573)|VARIABLE_SCOPE_BEGIN|[98]|randStr|String|false|false
17:10:31.384 (384288521)|VARIABLE_ASSIGNMENT|[98]|randStr|""
17:10:31.384 (384314988)|STATEMENT_EXECUTE|[99]
17:10:31.384 (384317941)|STATEMENT_EXECUTE|[100]
17:10:31.384 (384463742)|VARIABLE_SCOPE_BEGIN|[100]|idx|Integer|false|false
17:10:31.384 (384469201)|HEAP_ALLOCATE|[100]|Bytes:4
17:10:31.384 (384478133)|VARIABLE_ASSIGNMENT|[100]|idx|5
17:10:31.384 (384481953)|STATEMENT_EXECUTE|[101]
17:10:31.384 (384510708)|HEAP_ALLOCATE|[101]|Bytes:1
17:10:31.384 (384528495)|HEAP_ALLOCATE|[101]|Bytes:1
17:10:31.384 (384538320)|VARIABLE_ASSIGNMENT|[101]|randStr|"F"
17:10:31.384 (384560132)|STATEMENT_EXECUTE|[99]
17:10:31.384 (384563190)|STATEMENT_EXECUTE|[100]
17:10:31.384 (384652627)|VARIABLE_SCOPE_BEGIN|[100]|idx|Integer|false|false
17:10:31.384 (384659339)|HEAP_ALLOCATE|[100]|Bytes:4
17:10:31.384 (384668040)|VARIABLE_ASSIGNMENT|[100]|idx|52
17:10:31.384 (384671791)|STATEMENT_EXECUTE|[101]
17:10:31.384 (384695268)|HEAP_ALLOCATE|[101]|Bytes:1
17:10:31.384 (384712054)|HEAP_ALLOCATE|[101]|Bytes:2
17:10:31.384 (384721306)|VARIABLE_ASSIGNMENT|[101]|randStr|"Fq"
17:10:31.384 (384740276)|STATEMENT_EXECUTE|[99]
17:10:31.384 (384743135)|STATEMENT_EXECUTE|[100]
17:10:31.384 (384839875)|VARIABLE_SCOPE_BEGIN|[100]|idx|Integer|false|false
17:10:31.384 (384844462)|HEAP_ALLOCATE|[100]|Bytes:4
17:10:31.384 (384852794)|VARIABLE_ASSIGNMENT|[100]|idx|47
17:10:31.384 (384856222)|STATEMENT_EXECUTE|[101]
17:10:31.384 (384881518)|HEAP_ALLOCATE|[101]|Bytes:1
17:10:31.384 (384898989)|HEAP_ALLOCATE|[101]|Bytes:3
17:10:31.384 (384908492)|VARIABLE_ASSIGNMENT|[101]|randStr|"Fql"
17:10:31.384 (384927682)|STATEMENT_EXECUTE|[99]
17:10:31.384 (384930489)|STATEMENT_EXECUTE|[100]
17:10:31.385 (385020032)|VARIABLE_SCOPE_BEGIN|[100]|idx|Integer|false|false
17:10:31.385 (385025409)|HEAP_ALLOCATE|[100]|Bytes:4
17:10:31.385 (385033537)|VARIABLE_ASSIGNMENT|[100]|idx|41
17:10:31.385 (385037088)|STATEMENT_EXECUTE|[101]
17:10:31.385 (385059673)|HEAP_ALLOCATE|[101]|Bytes:1
17:10:31.385 (385078820)|HEAP_ALLOCATE|[101]|Bytes:4
17:10:31.385 (385088490)|VARIABLE_ASSIGNMENT|[101]|randStr|"Fqlf"
17:10:31.385 (385107581)|STATEMENT_EXECUTE|[99]
17:10:31.385 (385110383)|STATEMENT_EXECUTE|[100]
17:10:31.385 (385199206)|VARIABLE_SCOPE_BEGIN|[100]|idx|Integer|false|false
17:10:31.385 (385203668)|HEAP_ALLOCATE|[100]|Bytes:4
17:10:31.385 (385211818)|VARIABLE_ASSIGNMENT|[100]|idx|25
17:10:31.385 (385215186)|STATEMENT_EXECUTE|[101]
17:10:31.385 (385237689)|HEAP_ALLOCATE|[101]|Bytes:1
17:10:31.385 (385254296)|HEAP_ALLOCATE|[101]|Bytes:5
17:10:31.385 (385263651)|VARIABLE_ASSIGNMENT|[101]|randStr|"FqlfZ"
17:10:31.385 (385285084)|STATEMENT_EXECUTE|[99]
17:10:31.385 (385288207)|STATEMENT_EXECUTE|[100]
17:10:31.385 (385375992)|VARIABLE_SCOPE_BEGIN|[100]|idx|Integer|false|false
17:10:31.385 (385380514)|HEAP_ALLOCATE|[100]|Bytes:4
17:10:31.385 (385391218)|VARIABLE_ASSIGNMENT|[100]|idx|25
17:10:31.385 (385394712)|STATEMENT_EXECUTE|[101]
17:10:31.385 (385417565)|HEAP_ALLOCATE|[101]|Bytes:1
17:10:31.385 (385433940)|HEAP_ALLOCATE|[101]|Bytes:6
17:10:31.385 (385443253)|VARIABLE_ASSIGNMENT|[101]|randStr|"FqlfZZ"
17:10:31.385 (385461988)|STATEMENT_EXECUTE|[99]
17:10:31.385 (385464787)|STATEMENT_EXECUTE|[100]
17:10:31.385 (385553148)|VARIABLE_SCOPE_BEGIN|[100]|idx|Integer|false|false
17:10:31.385 (385557642)|HEAP_ALLOCATE|[100]|Bytes:4
17:10:31.385 (385565872)|VARIABLE_ASSIGNMENT|[100]|idx|9
17:10:31.385 (385569378)|STATEMENT_EXECUTE|[101]
17:10:31.385 (385594148)|HEAP_ALLOCATE|[101]|Bytes:1
17:10:31.385 (385611208)|HEAP_ALLOCATE|[101]|Bytes:7
17:10:31.385 (385620740)|VARIABLE_ASSIGNMENT|[101]|randStr|"FqlfZZJ"
17:10:31.385 (385639679)|STATEMENT_EXECUTE|[99]
17:10:31.385 (385642842)|STATEMENT_EXECUTE|[100]
17:10:31.385 (385731829)|VARIABLE_SCOPE_BEGIN|[100]|idx|Integer|false|false
17:10:31.385 (385736319)|HEAP_ALLOCATE|[100]|Bytes:4
17:10:31.385 (385744429)|VARIABLE_ASSIGNMENT|[100]|idx|24
17:10:31.385 (385748023)|STATEMENT_EXECUTE|[101]
17:10:31.385 (385774068)|HEAP_ALLOCATE|[101]|Bytes:1
17:10:31.385 (385791215)|HEAP_ALLOCATE|[101]|Bytes:8
17:10:31.385 (385803053)|VARIABLE_ASSIGNMENT|[101]|randStr|"FqlfZZJY"
17:10:31.385 (385822572)|STATEMENT_EXECUTE|[99]
17:10:31.385 (385825490)|STATEMENT_EXECUTE|[100]
17:10:31.385 (385923014)|VARIABLE_SCOPE_BEGIN|[100]|idx|Integer|false|false
17:10:31.385 (385927543)|HEAP_ALLOCATE|[100]|Bytes:4
17:10:31.385 (385935966)|VARIABLE_ASSIGNMENT|[100]|idx|56
17:10:31.385 (385939458)|STATEMENT_EXECUTE|[101]
17:10:31.385 (385962029)|HEAP_ALLOCATE|[101]|Bytes:1
17:10:31.385 (385978664)|HEAP_ALLOCATE|[101]|Bytes:9
17:10:31.385 (385988115)|VARIABLE_ASSIGNMENT|[101]|randStr|"FqlfZZJYu"
17:10:31.386 (386009533)|STATEMENT_EXECUTE|[99]
17:10:31.386 (386013580)|STATEMENT_EXECUTE|[100]
17:10:31.386 (386113471)|VARIABLE_SCOPE_BEGIN|[100]|idx|Integer|false|false
17:10:31.386 (386118043)|HEAP_ALLOCATE|[100]|Bytes:4
17:10:31.386 (386126296)|VARIABLE_ASSIGNMENT|[100]|idx|47
17:10:31.386 (386129904)|STATEMENT_EXECUTE|[101]
17:10:31.386 (386152847)|HEAP_ALLOCATE|[101]|Bytes:1
17:10:31.386 (386169333)|HEAP_ALLOCATE|[101]|Bytes:10
17:10:31.386 (386178982)|VARIABLE_ASSIGNMENT|[101]|randStr|"FqlfZZJYul"
17:10:31.386 (386197666)|STATEMENT_EXECUTE|[99]
17:10:31.386 (386200479)|STATEMENT_EXECUTE|[100]
17:10:31.386 (386289883)|VARIABLE_SCOPE_BEGIN|[100]|idx|Integer|false|false
17:10:31.386 (386294392)|HEAP_ALLOCATE|[100]|Bytes:4
17:10:31.386 (386302438)|VARIABLE_ASSIGNMENT|[100]|idx|32
17:10:31.386 (386305915)|STATEMENT_EXECUTE|[101]
17:10:31.386 (386331098)|HEAP_ALLOCATE|[101]|Bytes:1
17:10:31.386 (386347674)|HEAP_ALLOCATE|[101]|Bytes:11
17:10:31.386 (386357312)|VARIABLE_ASSIGNMENT|[101]|randStr|"FqlfZZJYul6"
17:10:31.386 (386376064)|STATEMENT_EXECUTE|[99]
17:10:31.386 (386379225)|STATEMENT_EXECUTE|[100]
17:10:31.386 (386467383)|VARIABLE_SCOPE_BEGIN|[100]|idx|Integer|false|false
17:10:31.386 (386471859)|HEAP_ALLOCATE|[100]|Bytes:4
17:10:31.386 (386480037)|VARIABLE_ASSIGNMENT|[100]|idx|37
17:10:31.386 (386483492)|STATEMENT_EXECUTE|[101]
17:10:31.386 (386505555)|HEAP_ALLOCATE|[101]|Bytes:1
17:10:31.386 (386525146)|HEAP_ALLOCATE|[101]|Bytes:12
17:10:31.386 (386534997)|VARIABLE_ASSIGNMENT|[101]|randStr|"FqlfZZJYul6b"
17:10:31.386 (386554194)|STATEMENT_EXECUTE|[99]
17:10:31.386 (386557007)|STATEMENT_EXECUTE|[100]
17:10:31.386 (386644696)|VARIABLE_SCOPE_BEGIN|[100]|idx|Integer|false|false
17:10:31.386 (386649353)|HEAP_ALLOCATE|[100]|Bytes:4
17:10:31.386 (386657321)|VARIABLE_ASSIGNMENT|[100]|idx|50
17:10:31.386 (386660762)|STATEMENT_EXECUTE|[101]
17:10:31.386 (386683348)|HEAP_ALLOCATE|[101]|Bytes:1
17:10:31.386 (386699887)|HEAP_ALLOCATE|[101]|Bytes:13
17:10:31.386 (386709446)|VARIABLE_ASSIGNMENT|[101]|randStr|"FqlfZZJYul6bo"
17:10:31.386 (386731146)|STATEMENT_EXECUTE|[99]
17:10:31.386 (386734447)|STATEMENT_EXECUTE|[100]
17:10:31.386 (386827178)|VARIABLE_SCOPE_BEGIN|[100]|idx|Integer|false|false
17:10:31.386 (386831753)|HEAP_ALLOCATE|[100]|Bytes:4
17:10:31.386 (386840183)|VARIABLE_ASSIGNMENT|[100]|idx|43
17:10:31.386 (386843620)|STATEMENT_EXECUTE|[101]
17:10:31.386 (386866330)|HEAP_ALLOCATE|[101]|Bytes:1
17:10:31.386 (386882640)|HEAP_ALLOCATE|[101]|Bytes:14
17:10:31.386 (386892267)|VARIABLE_ASSIGNMENT|[101]|randStr|"FqlfZZJYul6boh"
17:10:31.386 (386911102)|STATEMENT_EXECUTE|[99]
17:10:31.386 (386913919)|STATEMENT_EXECUTE|[100]
17:10:31.387 (387002292)|VARIABLE_SCOPE_BEGIN|[100]|idx|Integer|false|false
17:10:31.387 (387007583)|HEAP_ALLOCATE|[100]|Bytes:4
17:10:31.387 (387015750)|VARIABLE_ASSIGNMENT|[100]|idx|61
17:10:31.387 (387019221)|STATEMENT_EXECUTE|[101]
17:10:31.387 (387044614)|HEAP_ALLOCATE|[101]|Bytes:1
17:10:31.387 (387061403)|HEAP_ALLOCATE|[101]|Bytes:15
17:10:31.387 (387071016)|VARIABLE_ASSIGNMENT|[101]|randStr|"FqlfZZJYul6bohz"
17:10:31.387 (387089953)|STATEMENT_EXECUTE|[99]
17:10:31.387 (387093090)|STATEMENT_EXECUTE|[100]
17:10:31.387 (387183479)|VARIABLE_SCOPE_BEGIN|[100]|idx|Integer|false|false
17:10:31.387 (387187936)|HEAP_ALLOCATE|[100]|Bytes:4
17:10:31.387 (387196181)|VARIABLE_ASSIGNMENT|[100]|idx|9
17:10:31.387 (387199593)|STATEMENT_EXECUTE|[101]
17:10:31.387 (387221907)|HEAP_ALLOCATE|[101]|Bytes:1
17:10:31.387 (387241447)|HEAP_ALLOCATE|[101]|Bytes:16
17:10:31.387 (387251257)|VARIABLE_ASSIGNMENT|[101]|randStr|"FqlfZZJYul6bohzJ"
17:10:31.387 (387270322)|STATEMENT_EXECUTE|[99]
17:10:31.387 (387273135)|STATEMENT_EXECUTE|[100]
17:10:31.387 (387371127)|VARIABLE_SCOPE_BEGIN|[100]|idx|Integer|false|false
17:10:31.387 (387375667)|HEAP_ALLOCATE|[100]|Bytes:4
17:10:31.387 (387384018)|VARIABLE_ASSIGNMENT|[100]|idx|4
17:10:31.387 (387387452)|STATEMENT_EXECUTE|[101]
17:10:31.387 (387409992)|HEAP_ALLOCATE|[101]|Bytes:1
17:10:31.387 (387426455)|HEAP_ALLOCATE|[101]|Bytes:17
17:10:31.387 (387438458)|VARIABLE_ASSIGNMENT|[101]|randStr|"FqlfZZJYul6bohzJE"
17:10:31.387 (387458295)|STATEMENT_EXECUTE|[99]
17:10:31.387 (387461260)|STATEMENT_EXECUTE|[100]
17:10:31.387 (387549297)|VARIABLE_SCOPE_BEGIN|[100]|idx|Integer|false|false
17:10:31.387 (387553755)|HEAP_ALLOCATE|[100]|Bytes:4
17:10:31.387 (387562040)|VARIABLE_ASSIGNMENT|[100]|idx|3
17:10:31.387 (387565616)|STATEMENT_EXECUTE|[101]
17:10:31.387 (387587951)|HEAP_ALLOCATE|[101]|Bytes:1
17:10:31.387 (387604328)|HEAP_ALLOCATE|[101]|Bytes:18
17:10:31.387 (387614044)|VARIABLE_ASSIGNMENT|[101]|randStr|"FqlfZZJYul6bohzJED"
17:10:31.387 (387633057)|STATEMENT_EXECUTE|[103]
17:10:31.387 (387640668)|METHOD_EXIT|[78]|01p58000000n6rI|SObjectUtility.generateRandomString(Integer)
17:10:31.387 (387647874)|VARIABLE_SCOPE_BEGIN|[78]|rId|String|false|false
17:10:31.387 (387655813)|VARIABLE_ASSIGNMENT|[78]|rId|"FqlfZZJYul6bohzJED"
17:10:31.387 (387659223)|STATEMENT_EXECUTE|[79]
17:10:31.387 (387668323)|METHOD_ENTRY|[79]|01p58000000n6rI|SObjectUtility.createSObject(SObjectData)
17:10:31.387 (387685781)|VARIABLE_SCOPE_BEGIN|[11]|this|SObjectUtility|true|false
17:10:31.387 (387712191)|VARIABLE_ASSIGNMENT|[11]|this|{"childrenMap":"0x36e14a05"}|0x4b7203af
17:10:31.387 (387717239)|VARIABLE_SCOPE_BEGIN|[11]|obj|SObjectData|true|false
17:10:31.387 (387745628)|VARIABLE_ASSIGNMENT|[11]|obj|{"fieldMap":"0x70635370","sObjectType":"Risk__Impact_Categor (4 more) ..."}|0x2ff30c65
17:10:31.387 (387760453)|HEAP_ALLOCATE|[12]|Bytes:5
17:10:31.387 (387768567)|STATEMENT_EXECUTE|[11]
17:10:31.390 (390753493)|HEAP_ALLOCATE|[12]|Bytes:1796
17:10:31.390 (390774988)|METHOD_ENTRY|[12]|01p58000000n6Fr|SObjectData.getSObjectType()
17:10:31.390 (390780813)|VARIABLE_SCOPE_BEGIN|[76]|this|SObjectData|true|false
17:10:31.390 (390816347)|VARIABLE_ASSIGNMENT|[76]|this|{"fieldMap":"0x70635370","sObjectType":"Risk__Impact_Categor (4 more) ..."}|0x2ff30c65
17:10:31.390 (390827811)|HEAP_ALLOCATE|[77]|Bytes:5
17:10:31.390 (390832650)|STATEMENT_EXECUTE|[76]
17:10:31.390 (390835020)|STATEMENT_EXECUTE|[77]
17:10:31.390 (390842264)|METHOD_EXIT|[12]|01p58000000n6Fr|SObjectData.getSObjectType()
17:10:31.390 (390872244)|STATEMENT_EXECUTE|[12]
17:10:31.390 (390875468)|STATEMENT_EXECUTE|[15]
17:10:31.393 (393830863)|HEAP_ALLOCATE|[15]|Bytes:1796
17:10:31.393 (393848254)|METHOD_ENTRY|[15]|01p58000000n6Fr|SObjectData.getSObjectType()
17:10:31.393 (393854014)|VARIABLE_SCOPE_BEGIN|[76]|this|SObjectData|true|false
17:10:31.393 (393886369)|VARIABLE_ASSIGNMENT|[76]|this|{"fieldMap":"0x70635370","sObjectType":"Risk__Impact_Categor (4 more) ..."}|0x2ff30c65
17:10:31.393 (393897867)|HEAP_ALLOCATE|[77]|Bytes:5
17:10:31.393 (393905305)|STATEMENT_EXECUTE|[76]
17:10:31.393 (393907717)|STATEMENT_EXECUTE|[77]
17:10:31.393 (393914905)|METHOD_EXIT|[15]|01p58000000n6Fr|SObjectData.getSObjectType()
17:10:31.394 (394038818)|HEAP_ALLOCATE|[15]|Bytes:4
17:10:31.394 (394054523)|VARIABLE_SCOPE_BEGIN|[15]|sObj|SObject|true|false
17:10:31.394 (394069565)|VARIABLE_ASSIGNMENT|[15]|sObj|{}|0x76d75e4e
17:10:31.394 (394077021)|HEAP_ALLOCATE|[16]|Bytes:4
17:10:31.394 (394092531)|METHOD_ENTRY|[16]|01p58000000n6Fr|SObjectData.getFieldMap()
17:10:31.394 (394097358)|VARIABLE_SCOPE_BEGIN|[72]|this|SObjectData|true|false
17:10:31.394 (394130489)|VARIABLE_ASSIGNMENT|[72]|this|{"fieldMap":"0x70635370","sObjectType":"Risk__Impact_Categor (4 more) ..."}|0x2ff30c65
17:10:31.394 (394141344)|HEAP_ALLOCATE|[73]|Bytes:5
17:10:31.394 (394146101)|STATEMENT_EXECUTE|[72]
17:10:31.394 (394148561)|STATEMENT_EXECUTE|[73]
17:10:31.394 (394155730)|METHOD_EXIT|[16]|01p58000000n6Fr|SObjectData.getFieldMap()
17:10:31.394 (394184906)|HEAP_ALLOCATE|[16]|Bytes:37
17:10:31.394 (394212957)|HEAP_ALLOCATE|[16]|Bytes:8
17:10:31.394 (394244288)|HEAP_ALLOCATE|[16]|Bytes:5
17:10:31.394 (394257920)|VARIABLE_SCOPE_BEGIN|[16]|field|String|false|false
17:10:31.394 (394268407)|VARIABLE_ASSIGNMENT|[16]|field|"Name"
17:10:31.394 (394272952)|STATEMENT_EXECUTE|[16]
17:10:31.394 (394275288)|STATEMENT_EXECUTE|[17]
17:10:31.394 (394281047)|METHOD_ENTRY|[17]|01p58000000n6Fr|SObjectData.getFieldMap()
17:10:31.394 (394285555)|VARIABLE_SCOPE_BEGIN|[72]|this|SObjectData|true|false
17:10:31.394 (394312596)|VARIABLE_ASSIGNMENT|[72]|this|{"fieldMap":"0x70635370","sObjectType":"Risk__Impact_Categor (4 more) ..."}|0x2ff30c65
17:10:31.394 (394325404)|HEAP_ALLOCATE|[73]|Bytes:5
17:10:31.394 (394329888)|STATEMENT_EXECUTE|[72]
17:10:31.394 (394332105)|STATEMENT_EXECUTE|[73]
17:10:31.394 (394339075)|METHOD_EXIT|[17]|01p58000000n6Fr|SObjectData.getFieldMap()
17:10:31.394 (394365331)|VARIABLE_SCOPE_BEGIN|[17]|value|String|false|false
17:10:31.394 (394375014)|VARIABLE_ASSIGNMENT|[17]|value|"Cost IC"
17:10:31.394 (394378775)|STATEMENT_EXECUTE|[18]
17:10:31.403 (403867864)|HEAP_ALLOCATE|[16]|Bytes:5
17:10:31.403 (403889252)|VARIABLE_SCOPE_BEGIN|[16]|field|String|false|false
17:10:31.403 (403903481)|VARIABLE_ASSIGNMENT|[16]|field|"Risk__Type_Of_Risk__ (1 more) ..."
17:10:31.403 (403908541)|STATEMENT_EXECUTE|[16]
17:10:31.403 (403911225)|STATEMENT_EXECUTE|[17]
17:10:31.403 (403917625)|METHOD_ENTRY|[17]|01p58000000n6Fr|SObjectData.getFieldMap()
17:10:31.403 (403923294)|VARIABLE_SCOPE_BEGIN|[72]|this|SObjectData|true|false
17:10:31.403 (403955241)|VARIABLE_ASSIGNMENT|[72]|this|{"fieldMap":"0x70635370","sObjectType":"Risk__Impact_Categor (4 more) ..."}|0x2ff30c65
17:10:31.403 (403966233)|HEAP_ALLOCATE|[73]|Bytes:5
17:10:31.403 (403971047)|STATEMENT_EXECUTE|[72]
17:10:31.403 (403973354)|STATEMENT_EXECUTE|[73]
17:10:31.403 (403983192)|METHOD_EXIT|[17]|01p58000000n6Fr|SObjectData.getFieldMap()
17:10:31.404 (404011771)|VARIABLE_SCOPE_BEGIN|[17]|value|String|false|false
17:10:31.404 (404022871)|VARIABLE_ASSIGNMENT|[17]|value|"Time"
17:10:31.404 (404026781)|STATEMENT_EXECUTE|[18]
17:10:31.404 (404150270)|HEAP_ALLOCATE|[16]|Bytes:5
17:10:31.404 (404168458)|VARIABLE_ASSIGNMENT|[16]|field|null
17:10:31.404 (404173390)|STATEMENT_EXECUTE|[21]
17:10:31.404 (404180912)|METHOD_EXIT|[79]|01p58000000n6rI|SObjectUtility.createSObject(SObjectData)
17:10:31.404 (404207241)|HEAP_ALLOCATE|[EXTERNAL]|Bytes:-4
17:10:31.404 (404226557)|METHOD_ENTRY|[80]|01p58000000n6Fr|SObjectData.getChildren()
17:10:31.404 (404245785)|VARIABLE_SCOPE_BEGIN|[80]|this|SObjectData|true|false
17:10:31.404 (404277129)|VARIABLE_ASSIGNMENT|[80]|this|{"fieldMap":"0x70635370","sObjectType":"Risk__Impact_Categor (4 more) ..."}|0x2ff30c65
17:10:31.404 (404290330)|HEAP_ALLOCATE|[81]|Bytes:5
17:10:31.404 (404295490)|STATEMENT_EXECUTE|[80]
17:10:31.404 (404298585)|STATEMENT_EXECUTE|[81]
17:10:31.404 (404300606)|STATEMENT_EXECUTE|[82]
17:10:31.404 (404305472)|HEAP_ALLOCATE|[82]|Bytes:4
17:10:31.404 (404334056)|VARIABLE_ASSIGNMENT|[82]|this.children|{"s":1,"v":{}}|0x2ff30c65
17:10:31.404 (404339880)|STATEMENT_EXECUTE|[84]
17:10:31.404 (404347756)|METHOD_EXIT|[80]|01p58000000n6Fr|SObjectData.getChildren()
17:10:31.404 (404364737)|STATEMENT_EXECUTE|[80]
17:10:31.404 (404378727)|HEAP_ALLOCATE|[76]|Bytes:5
17:10:31.404 (404396459)|VARIABLE_ASSIGNMENT|[76]|obj|null|
17:10:31.404 (404401277)|STATEMENT_EXECUTE|[85]
17:10:31.404 (404409482)|HEAP_ALLOCATE|[85]|Bytes:4
17:10:31.404 (404419771)|VARIABLE_SCOPE_BEGIN|[85]|bufferMap|Map<String,Map<String,SObject>>|true|false
17:10:31.404 (404438844)|VARIABLE_ASSIGNMENT|[85]|bufferMap|{"s":1,"v":{}}|0x26f1c357
17:10:31.404 (404444214)|STATEMENT_EXECUTE|[86]
17:10:31.404 (404496313)|HEAP_ALLOCATE|[EXTERNAL]|Bytes:-4
17:10:31.404 (404556166)|STATEMENT_EXECUTE|[89]
17:10:31.404 (404559880)|STATEMENT_EXECUTE|[90]
17:10:31.404 (404596096)|HEAP_ALLOCATE|[EXTERNAL]|Bytes:-4
17:10:31.404 (404624031)|HEAP_ALLOCATE|[72]|Bytes:5
17:10:31.404 (404640923)|VARIABLE_ASSIGNMENT|[72]|relationshipKey|null
17:10:31.404 (404651949)|METHOD_EXIT|[64]|01p58000000n6rI|SObjectUtility.createChildren(String, Map<String,List<SObjectData>>)
17:10:31.404 (404666467)|HEAP_ALLOCATE|[60]|Bytes:5
17:10:31.404 (404679936)|VARIABLE_ASSIGNMENT|[60]|obj|null|
17:10:31.404 (404684265)|STATEMENT_EXECUTE|[67]
17:10:31.404 (404693695)|METHOD_EXIT|[6]|01p58000000n6rI|SObjectUtility.createRoot(List<SObjectData>)
17:10:31.404 (404698877)|VARIABLE_SCOPE_BEGIN|[6]|root|Map<String,SObject>|true|false
17:10:31.404 (404723980)|VARIABLE_ASSIGNMENT|[6]|root|{"s":1,"v":{"HUJm68eizioyOaUi7D":{"Name":"Scoring Scheme 5x5","RecordTypeId":"012580000000H5p"}}}|0x4aedbc9f
17:10:31.404 (404730110)|STATEMENT_EXECUTE|[7]
17:10:31.404 (404745002)|METHOD_ENTRY|[7]|01p58000000n6rI|SObjectUtility.insertSObjects(Map<String,SObject>)
17:10:31.404 (404778609)|VARIABLE_SCOPE_BEGIN|[24]|this|SObjectUtility|true|false
17:10:31.404 (404808554)|VARIABLE_ASSIGNMENT|[24]|this|{"childrenMap":"0x36e14a05"}|0x4b7203af
17:10:31.404 (404816348)|VARIABLE_SCOPE_BEGIN|[24]|objMap|Map<String,SObject>|true|false
17:10:31.404 (404835810)|VARIABLE_ASSIGNMENT|[24]|objMap|{"s":1,"v":{"HUJm68eizioyOaUi7D":{"Name":"Scoring Scheme 5x5","RecordTypeId":"012580000000H5p"}}}|0x4aedbc9f
17:10:31.404 (404847036)|HEAP_ALLOCATE|[25]|Bytes:5
17:10:31.404 (404852076)|STATEMENT_EXECUTE|[24]
17:10:31.404 (404854396)|STATEMENT_EXECUTE|[25]
17:10:31.404 (404856337)|STATEMENT_EXECUTE|[25]
17:10:31.404 (404858222)|STATEMENT_EXECUTE|[26]
17:10:31.404 (404862927)|HEAP_ALLOCATE|[26]|Bytes:4
17:10:31.404 (404869278)|VARIABLE_SCOPE_BEGIN|[26]|childMap|Map<String,SObject>|true|false
17:10:31.404 (404889405)|VARIABLE_ASSIGNMENT|[26]|childMap|{"s":1,"v":{}}|0x2794116
17:10:31.404 (404894865)|STATEMENT_EXECUTE|[27]
17:10:31.404 (404936465)|HEAP_ALLOCATE|[EXTERNAL]|Bytes:8
17:10:31.404 (404950128)|HEAP_ALLOCATE|[27]|Bytes:69
17:10:31.405 (405018592)|DML_BEGIN|[27]|Op:Insert|Type:SObject|Rows:1
17:10:31.405 (405040857)|HEAP_ALLOCATE|[EXTERNAL]|Bytes:8
17:10:31.456 (456478626)|DML_END|[27]
17:10:31.456 (456606135)|HEAP_ALLOCATE|[EXTERNAL]|Bytes:8
17:10:31.456 (456629785)|HEAP_ALLOCATE|[28]|Bytes:4
17:10:31.456 (456725452)|HEAP_ALLOCATE|[28]|Bytes:26
17:10:31.456 (456767889)|HEAP_ALLOCATE|[28]|Bytes:4
17:10:31.456 (456810525)|HEAP_ALLOCATE|[28]|Bytes:5
17:10:31.456 (456828055)|VARIABLE_SCOPE_BEGIN|[28]|key|String|false|false
17:10:31.456 (456847864)|VARIABLE_ASSIGNMENT|[28]|key|"HUJm68eizioyOaUi7D"
17:10:31.456 (456852981)|STATEMENT_EXECUTE|[28]
17:10:31.456 (456859162)|HEAP_ALLOCATE|[29]|Bytes:4
17:10:31.456 (456941931)|HEAP_ALLOCATE|[29]|Bytes:25
17:10:31.456 (456970165)|HEAP_ALLOCATE|[29]|Bytes:4
17:10:31.457 (457003430)|HEAP_ALLOCATE|[29]|Bytes:5
17:10:31.457 (457019211)|VARIABLE_SCOPE_BEGIN|[29]|relationshipKey|String|false|false
17:10:31.457 (457030934)|VARIABLE_ASSIGNMENT|[29]|relationshipKey|"Scoring_Scheme__c"
17:10:31.457 (457035675)|STATEMENT_EXECUTE|[29]
17:10:31.457 (457113916)|STATEMENT_EXECUTE|[31]
17:10:31.457 (457117830)|STATEMENT_EXECUTE|[32]
17:10:31.457 (457209851)|HEAP_ALLOCATE|[32]|Bytes:18
17:10:31.457 (457278587)|METHOD_ENTRY|[32]|01p58000000n6rI|SObjectUtility.buildRelationships(String, String, Map<String,SObject>)
17:10:31.457 (457289375)|VARIABLE_SCOPE_BEGIN|[47]|this|SObjectUtility|true|false
17:10:31.457 (457324508)|VARIABLE_ASSIGNMENT|[47]|this|{"childrenMap":"0x36e14a05"}|0x4b7203af
17:10:31.457 (457332578)|VARIABLE_SCOPE_BEGIN|[47]|field|String|false|false
17:10:31.457 (457348881)|VARIABLE_ASSIGNMENT|[47]|field|"Scoring_Scheme__c"
17:10:31.457 (457354457)|VARIABLE_SCOPE_BEGIN|[47]|parentId|String|false|false
17:10:31.457 (457360471)|VARIABLE_ASSIGNMENT|[47]|parentId|"a0u58000000PNUlAAO"
17:10:31.457 (457364704)|VARIABLE_SCOPE_BEGIN|[47]|objMap|Map<String,SObject>|true|false
17:10:31.457 (457394097)|VARIABLE_ASSIGNMENT|[47]|objMap|{"s":1,"v":{"FqlfZZJYul6bohzJED":{"Name":"Cost IC","Risk__Type_of_Risk__ (1 more) ...":"Time"}}}|0x3a5a9024
17:10:31.457 (457406126)|HEAP_ALLOCATE|[48]|Bytes:5
17:10:31.457 (457411412)|STATEMENT_EXECUTE|[47]
17:10:31.457 (457414063)|STATEMENT_EXECUTE|[48]
17:10:31.457 (457415906)|STATEMENT_EXECUTE|[48]
17:10:31.457 (457421138)|HEAP_ALLOCATE|[49]|Bytes:4
17:10:31.457 (457472337)|HEAP_ALLOCATE|[49]|Bytes:26
17:10:31.457 (457508239)|HEAP_ALLOCATE|[49]|Bytes:4
17:10:31.457 (457543033)|HEAP_ALLOCATE|[49]|Bytes:5
17:10:31.457 (457558148)|VARIABLE_SCOPE_BEGIN|[49]|key|String|false|false
17:10:31.457 (457569304)|VARIABLE_ASSIGNMENT|[49]|key|"FqlfZZJYul6bohzJED"
17:10:31.457 (457573851)|STATEMENT_EXECUTE|[49]
17:10:31.457 (457576724)|STATEMENT_EXECUTE|[50]
17:10:31.457 (457684743)|EXCEPTION_THROWN|[50]|System.SObjectException: Invalid field Scoring_Scheme__c for Risk__Impact_Category__c
17:10:31.457 (457819112)|HEAP_ALLOCATE|[50]|Bytes:64
17:10:31.457 (457869478)|VARIABLE_SCOPE_BEGIN|[53]|e|Exception|true|false
17:10:31.457 (457970942)|VARIABLE_ASSIGNMENT|[53]|e|"common.apex.runtime.impl.ExecutionException: Invalid field Scoring_Scheme__c for Risk__Impact_Category__c"|0x52fe04c
17:10:31.457 (457980118)|STATEMENT_EXECUTE|[53]
17:10:31.457 (457982557)|STATEMENT_EXECUTE|[54]
17:10:31.464 (464623901)|METHOD_ENTRY|[1]|01p58000000n6Yd|AppException.AppException()
17:10:31.464 (464632471)|STATEMENT_EXECUTE|[1]
17:10:31.464 (464637500)|STATEMENT_EXECUTE|[1]
17:10:31.464 (464645015)|METHOD_EXIT|[1]|AppException
17:10:31.464 (464666797)|HEAP_ALLOCATE|[54]|Bytes:28
17:10:31.464 (464724467)|HEAP_ALLOCATE|[54]|Bytes:60
17:10:31.464 (464747464)|CONSTRUCTOR_ENTRY|[54]|01p58000000n6Yd|<init>(String)
17:10:31.464 (464778433)|VARIABLE_SCOPE_BEGIN|[1]|this|AppException|true|false
17:10:31.464 (464861645)|VARIABLE_ASSIGNMENT|[1]|this|"common.apex.runtime.impl.ExecutionException"|0x48acf4d6
17:10:31.464 (464879321)|HEAP_ALLOCATE|[EXTERNAL]|Bytes:34
17:10:31.464 (464896418)|VARIABLE_SCOPE_BEGIN|[2]|this|System.ApexBaseException|true|false
17:10:31.464 (464965926)|VARIABLE_ASSIGNMENT|[2]|this|"common.apex.runtime.impl.ExecutionException"|0x7ae47a91
17:10:31.465 (465002950)|VARIABLE_ASSIGNMENT|[-1]|Exception.serialVersionUID|-3387516993124229948|0x5253ce27
17:10:31.466 (466498585)|STATEMENT_EXECUTE|[1]
17:10:31.466 (466513156)|CONSTRUCTOR_EXIT|[54]|01p58000000n6Yd|<init>(String)
17:10:31.466 (466545548)|EXCEPTION_THROWN|[54]|AppException: Invalid field Scoring_Scheme__c for Risk__Impact_Category__c
17:10:31.466 (466575024)|EXCEPTION_THROWN|[54]|AppException: Invalid field Scoring_Scheme__c for Risk__Impact_Category__c
17:10:31.466 (466585699)|METHOD_EXIT|[32]|01p58000000n6rI|SObjectUtility.buildRelationships(String, String, Map<String,SObject>)
17:10:31.466 (466622778)|VARIABLE_SCOPE_BEGIN|[41]|e|Exception|true|false
17:10:31.466 (466695449)|VARIABLE_ASSIGNMENT|[41]|e|"common.apex.runtime.impl.ExecutionException: Invalid field Scoring_Scheme__c for Risk__Impact_Category__c"|0x2f7e5a04
17:10:31.466 (466704295)|STATEMENT_EXECUTE|[41]
17:10:31.466 (466706781)|STATEMENT_EXECUTE|[42]
17:10:31.466 (466713067)|HEAP_ALLOCATE|[42]|Bytes:28
17:10:31.466 (466724927)|VARIABLE_SCOPE_BEGIN|[9]|this|System.ApexBaseException|true|false
17:10:31.466 (466800777)|VARIABLE_ASSIGNMENT|[9]|this|"common.apex.runtime.impl.ExecutionException: Invalid field Scoring_Scheme__c for Risk__Impact_Category__c"|0x41e1120c
17:10:31.466 (466820192)|CONSTRUCTOR_ENTRY|[42]|01p58000000n6Yd|<init>(String)
17:10:31.466 (466843082)|VARIABLE_SCOPE_BEGIN|[1]|this|AppException|true|false
17:10:31.466 (466905973)|VARIABLE_ASSIGNMENT|[1]|this|"common.apex.runtime.impl.ExecutionException"|0x6ec444a2
17:10:31.466 (466917001)|VARIABLE_SCOPE_BEGIN|[2]|this|System.ApexBaseException|true|false
17:10:31.467 (467001862)|VARIABLE_ASSIGNMENT|[2]|this|"common.apex.runtime.impl.ExecutionException"|0x372d9b19
17:10:31.467 (467259465)|STATEMENT_EXECUTE|[1]
17:10:31.467 (467269400)|CONSTRUCTOR_EXIT|[42]|01p58000000n6Yd|<init>(String)
17:10:31.467 (467296277)|EXCEPTION_THROWN|[42]|AppException: Invalid field Scoring_Scheme__c for Risk__Impact_Category__c
17:10:31.467 (467322591)|EXCEPTION_THROWN|[42]|AppException: Invalid field Scoring_Scheme__c for Risk__Impact_Category__c
17:10:31.467 (467332113)|METHOD_EXIT|[7]|01p58000000n6rI|SObjectUtility.insertSObjects(Map<String,SObject>)
17:10:31.467 (467356202)|EXCEPTION_THROWN|[8]|AppException: Invalid field Scoring_Scheme__c for Risk__Impact_Category__c
17:10:31.467 (467365634)|METHOD_EXIT|[20]|01p58000000n6rI|SObjectUtility.createSObjects(List<SObjectData>)
17:10:31.467 (467388479)|EXCEPTION_THROWN|[20]|AppException: Invalid field Scoring_Scheme__c for Risk__Impact_Category__c
17:10:31.467 (467397427)|METHOD_EXIT|[34]|01p58000000n81u|ScoringSchemeHelper.create5x5ScoringScheme()
17:10:31.467 (467404438)|SYSTEM_MODE_EXIT|false
17:10:31.467 (467426427)|EXCEPTION_THROWN|[34]|AppException: Invalid field Scoring_Scheme__c for Risk__Impact_Category__c
17:10:31.467 (467551567)|FATAL_ERROR|AppException: Invalid field Scoring_Scheme__c for Risk__Impact_Category__c

Class.SObjectUtility: line 42, column 1
Class.SObjectUtility: line 7, column 1
Class.ScoringSchemeHelper.create5x5ScoringScheme: line 20, column 1
AnonymousBlock: line 34, column 1
17:10:31.467 (467599196)|CUMULATIVE_LIMIT_USAGE
17:10:31.467 (467599196)|LIMIT_USAGE_FOR_NS|(default)|
  Number of SOQL queries: 0 out of 100
  Number of query rows: 0 out of 50000
  Number of SOSL queries: 0 out of 20
  Number of DML statements: 1 out of 150
  Number of DML rows: 1 out of 10000
  Maximum CPU time: 38 out of 10000
  Maximum heap size: 0 out of 6000000
  Number of callouts: 0 out of 100
  Number of Email Invocations: 0 out of 10
  Number of future calls: 0 out of 50
  Number of queueable jobs added to the queue: 0 out of 50
  Number of Mobile Apex push calls: 0 out of 10

17:10:31.467 (467599196)|CUMULATIVE_LIMIT_USAGE_END

17:10:31.467 (467653231)|CODE_UNIT_FINISHED|execute_anonymous_apex
17:10:31.469 (469199589)|EXECUTION_FINISHED
