35.0 APEX_CODE,FINEST;APEX_PROFILING,INFO;CALLOUT,INFO;DB,INFO;SYSTEM,DEBUG;VALIDATION,INFO;VISUALFORCE,INFO;WORKFLOW,INFO
Execute Anonymous: /*SObjectData d = new SObjectData('Test_objects__c');
Execute Anonymous: d.addValuePair('Name', 'Parent');
Execute Anonymous: d.setParentField('Parent__c');
Execute Anonymous: 
Execute Anonymous: SObjectData d1 = new SObjectData('Test_objects__c');
Execute Anonymous: d1.addValuePair('Name', 'Child 1');
Execute Anonymous: d1.setParent(d);
Execute Anonymous: d1.setParentField('Parent__c');
Execute Anonymous: 
Execute Anonymous: SObjectData d2 = new SObjectData('Test_objects__c');
Execute Anonymous: d2.addValuePair('Name', 'Child 2');
Execute Anonymous: d2.setParent(d);
Execute Anonymous: d2.setParentField('Parent__c');
Execute Anonymous: 
Execute Anonymous: SObjectData d3 = new SObjectData('Test_objects__c');
Execute Anonymous: d3.addValuePair('Name', 'Child 3');
Execute Anonymous: d3.setParent(d);
Execute Anonymous: d3.setParentField('Parent__c');
Execute Anonymous: 
Execute Anonymous: d.addChild(d1);
Execute Anonymous: d.addChild(d2);
Execute Anonymous: d.addChild(d3);
Execute Anonymous: 
Execute Anonymous: SObjectData d4 = new SObjectData('Test_objects__c');
Execute Anonymous: d4.addValuePair('Name', 'Child 4');
Execute Anonymous: d4.setParent(d3);
Execute Anonymous: d4.setParentField('Parent__c');
Execute Anonymous: 
Execute Anonymous: d3.addChild(d4);
Execute Anonymous: 
Execute Anonymous: SObjectUtility h = new SObjectUtility();
Execute Anonymous: h.createSObjects(new List<SObjectData> { d} );*/
Execute Anonymous: 
Execute Anonymous: ScoringSchemeHelper.create5x5ScoringScheme();
17:16:57.153 (153212353)|EXECUTION_STARTED
17:16:57.153 (153223867)|CODE_UNIT_STARTED|[EXTERNAL]|execute_anonymous_apex
17:16:57.153 (153502019)|HEAP_ALLOCATE|[72]|Bytes:3
17:16:57.153 (153564306)|HEAP_ALLOCATE|[77]|Bytes:152
17:16:57.153 (153586495)|HEAP_ALLOCATE|[342]|Bytes:408
17:16:57.153 (153608593)|HEAP_ALLOCATE|[355]|Bytes:408
17:16:57.153 (153630764)|HEAP_ALLOCATE|[467]|Bytes:48
17:16:57.153 (153673224)|HEAP_ALLOCATE|[139]|Bytes:6
17:16:57.153 (153704885)|HEAP_ALLOCATE|[EXTERNAL]|Bytes:2
17:16:57.153 (153798457)|STATEMENT_EXECUTE|[1]
17:16:57.153 (153802653)|STATEMENT_EXECUTE|[34]
17:16:57.153 (153861801)|HEAP_ALLOCATE|[50]|Bytes:5
17:16:57.153 (153890169)|HEAP_ALLOCATE|[56]|Bytes:5
17:16:57.153 (153900716)|HEAP_ALLOCATE|[64]|Bytes:7
17:16:57.153 (153927548)|SYSTEM_MODE_ENTER|false
17:16:57.153 (153965393)|HEAP_ALLOCATE|[34]|Bytes:5
17:16:57.172 (172387555)|HEAP_ALLOCATE|[34]|Bytes:1
17:16:57.172 (172444172)|METHOD_ENTRY|[1]|01p58000000n81u|ScoringSchemeHelper.ScoringSchemeHelper()
17:16:57.172 (172452245)|STATEMENT_EXECUTE|[1]
17:16:57.172 (172458568)|STATEMENT_EXECUTE|[1]
17:16:57.172 (172478386)|HEAP_ALLOCATE|[34]|Bytes:5
17:16:57.172 (172494850)|METHOD_EXIT|[1]|ScoringSchemeHelper
17:16:57.172 (172547302)|METHOD_ENTRY|[34]|01p58000000n81u|ScoringSchemeHelper.create5x5ScoringScheme()
17:16:57.172 (172610945)|HEAP_ALLOCATE|[4]|Bytes:5
17:16:57.172 (172617022)|STATEMENT_EXECUTE|[3]
17:16:57.172 (172619404)|STATEMENT_EXECUTE|[4]
17:16:57.179 (179434723)|HEAP_ALLOCATE|[4]|Bytes:43
17:16:57.179 (179444071)|HEAP_ALLOCATE|[4]|Bytes:2
17:16:57.179 (179462717)|METHOD_ENTRY|[1]|01p58000000n6Fr|SObjectData.SObjectData()
17:16:57.179 (179468309)|STATEMENT_EXECUTE|[1]
17:16:57.179 (179472899)|STATEMENT_EXECUTE|[1]
17:16:57.179 (179479282)|HEAP_ALLOCATE|[4]|Bytes:5
17:16:57.179 (179490015)|METHOD_EXIT|[1]|SObjectData
17:16:57.179 (179590692)|HEAP_ALLOCATE|[4]|Bytes:24
17:16:57.179 (179599516)|HEAP_ALLOCATE|[4]|Bytes:23
17:16:57.179 (179621286)|CONSTRUCTOR_ENTRY|[4]|01p58000000n6Fr|<init>(String)
17:16:57.179 (179679494)|VARIABLE_SCOPE_BEGIN|[8]|this|SObjectData|true|false
17:16:57.179 (179757073)|VARIABLE_ASSIGNMENT|[8]|this|{}|0x512cb0c0
17:16:57.179 (179765072)|VARIABLE_SCOPE_BEGIN|[8]|sobjectType|String|false|false
17:16:57.179 (179780361)|VARIABLE_ASSIGNMENT|[8]|sobjectType|"Risk__Scoring_Scheme (3 more) ..."
17:16:57.179 (179790277)|HEAP_ALLOCATE|[2]|Bytes:5
17:16:57.179 (179795372)|STATEMENT_EXECUTE|[1]
17:16:57.179 (179799181)|HEAP_ALLOCATE|[2]|Bytes:5
17:16:57.179 (179802109)|STATEMENT_EXECUTE|[2]
17:16:57.179 (179810093)|HEAP_ALLOCATE|[2]|Bytes:4
17:16:57.179 (179873647)|VARIABLE_ASSIGNMENT|[2]|this.fieldMap|{"s":1,"v":{}}|0x512cb0c0
17:16:57.179 (179879522)|STATEMENT_EXECUTE|[3]
17:16:57.179 (179882101)|STATEMENT_EXECUTE|[4]
17:16:57.179 (179883950)|STATEMENT_EXECUTE|[5]
17:16:57.179 (179885788)|STATEMENT_EXECUTE|[6]
17:16:57.179 (179902390)|HEAP_ALLOCATE|[2]|Bytes:6
17:16:57.179 (179920622)|VARIABLE_SCOPE_BEGIN|[2]|this|System.ApexBaseClass|true|false
17:16:57.179 (179950893)|VARIABLE_ASSIGNMENT|[2]|this|{"fieldMap":"0x717662ab"}|0x512cb0c0
17:16:57.179 (179966790)|STATEMENT_EXECUTE|[8]
17:16:57.179 (179969313)|STATEMENT_EXECUTE|[9]
17:16:57.179 (179983869)|VARIABLE_ASSIGNMENT|[9]|this.sObjectType|"Risk__Scoring_Scheme (3 more) ..."|0x512cb0c0
17:16:57.179 (179996895)|CONSTRUCTOR_EXIT|[4]|01p58000000n6Fr|<init>(String)
17:16:57.180 (180002467)|VARIABLE_SCOPE_BEGIN|[4]|scoringScheme|SObjectData|true|false
17:16:57.180 (180033208)|VARIABLE_ASSIGNMENT|[4]|scoringScheme|{"fieldMap":"0x717662ab","sObjectType":"Risk__Scoring_Scheme (3 more) ..."}|0x512cb0c0
17:16:57.180 (180039869)|STATEMENT_EXECUTE|[5]
17:16:57.180 (180044628)|HEAP_ALLOCATE|[5]|Bytes:4
17:16:57.180 (180049781)|HEAP_ALLOCATE|[5]|Bytes:18
17:16:57.180 (180091556)|METHOD_ENTRY|[5]|01p58000000n6Fr|SObjectData.addValuePair(String, String)
17:16:57.180 (180122162)|VARIABLE_SCOPE_BEGIN|[65]|this|SObjectData|true|false
17:16:57.180 (180153072)|VARIABLE_ASSIGNMENT|[65]|this|{"fieldMap":"0x717662ab","sObjectType":"Risk__Scoring_Scheme (3 more) ..."}|0x512cb0c0
17:16:57.180 (180159909)|VARIABLE_SCOPE_BEGIN|[65]|field|String|false|false
17:16:57.180 (180165871)|VARIABLE_ASSIGNMENT|[65]|field|"Name"
17:16:57.180 (180169079)|VARIABLE_SCOPE_BEGIN|[65]|value|String|false|false
17:16:57.180 (180173812)|VARIABLE_ASSIGNMENT|[65]|value|"Scoring Scheme 5x5"
17:16:57.180 (180184248)|HEAP_ALLOCATE|[67]|Bytes:5
17:16:57.180 (180189421)|STATEMENT_EXECUTE|[65]
17:16:57.180 (180195958)|STATEMENT_EXECUTE|[67]
17:16:57.180 (180198091)|STATEMENT_EXECUTE|[70]
17:16:57.180 (180301546)|HEAP_ALLOCATE|[EXTERNAL]|Bytes:-4
17:16:57.180 (180330177)|METHOD_EXIT|[5]|01p58000000n6Fr|SObjectData.addValuePair(String, String)
17:16:57.180 (180335471)|STATEMENT_EXECUTE|[6]
17:16:57.180 (180339860)|HEAP_ALLOCATE|[6]|Bytes:12
17:16:57.180 (180344847)|HEAP_ALLOCATE|[6]|Bytes:15
17:16:57.180 (180354016)|METHOD_ENTRY|[6]|01p58000000n6Fr|SObjectData.addValuePair(String, String)
17:16:57.180 (180372475)|VARIABLE_SCOPE_BEGIN|[65]|this|SObjectData|true|false
17:16:57.180 (180402724)|VARIABLE_ASSIGNMENT|[65]|this|{"fieldMap":"0x717662ab","sObjectType":"Risk__Scoring_Scheme (3 more) ..."}|0x512cb0c0
17:16:57.180 (180408240)|VARIABLE_SCOPE_BEGIN|[65]|field|String|false|false
17:16:57.180 (180413838)|VARIABLE_ASSIGNMENT|[65]|field|"RecordTypeId"
17:16:57.180 (180416474)|VARIABLE_SCOPE_BEGIN|[65]|value|String|false|false
17:16:57.180 (180420924)|VARIABLE_ASSIGNMENT|[65]|value|"012580000000H5p"
17:16:57.180 (180429009)|HEAP_ALLOCATE|[67]|Bytes:5
17:16:57.180 (180433823)|STATEMENT_EXECUTE|[65]
17:16:57.180 (180437547)|STATEMENT_EXECUTE|[67]
17:16:57.180 (180439550)|STATEMENT_EXECUTE|[70]
17:16:57.180 (180461705)|HEAP_ALLOCATE|[EXTERNAL]|Bytes:-4
17:16:57.180 (180480881)|METHOD_EXIT|[6]|01p58000000n6Fr|SObjectData.addValuePair(String, String)
17:16:57.180 (180485791)|STATEMENT_EXECUTE|[8]
17:16:57.180 (180491455)|HEAP_ALLOCATE|[8]|Bytes:24
17:16:57.180 (180496999)|HEAP_ALLOCATE|[8]|Bytes:24
17:16:57.180 (180506093)|CONSTRUCTOR_ENTRY|[8]|01p58000000n6Fr|<init>(String)
17:16:57.180 (180527624)|VARIABLE_SCOPE_BEGIN|[8]|this|SObjectData|true|false
17:16:57.180 (180547585)|VARIABLE_ASSIGNMENT|[8]|this|{}|0x1794e454
17:16:57.180 (180552271)|VARIABLE_SCOPE_BEGIN|[8]|sobjectType|String|false|false
17:16:57.180 (180559721)|VARIABLE_ASSIGNMENT|[8]|sobjectType|"Risk__Impact_Categor (4 more) ..."
17:16:57.180 (180567254)|HEAP_ALLOCATE|[2]|Bytes:5
17:16:57.180 (180571729)|STATEMENT_EXECUTE|[1]
17:16:57.180 (180575067)|HEAP_ALLOCATE|[2]|Bytes:5
17:16:57.180 (180577978)|STATEMENT_EXECUTE|[2]
17:16:57.180 (180582463)|HEAP_ALLOCATE|[2]|Bytes:4
17:16:57.180 (180607779)|VARIABLE_ASSIGNMENT|[2]|this.fieldMap|{"s":1,"v":{}}|0x1794e454
17:16:57.180 (180612905)|STATEMENT_EXECUTE|[3]
17:16:57.180 (180615692)|STATEMENT_EXECUTE|[4]
17:16:57.180 (180617642)|STATEMENT_EXECUTE|[5]
17:16:57.180 (180619463)|STATEMENT_EXECUTE|[6]
17:16:57.180 (180627367)|VARIABLE_SCOPE_BEGIN|[2]|this|System.ApexBaseClass|true|false
17:16:57.180 (180651958)|VARIABLE_ASSIGNMENT|[2]|this|{"fieldMap":"0x24fe50b7"}|0x1794e454
17:16:57.180 (180661924)|STATEMENT_EXECUTE|[8]
17:16:57.180 (180664196)|STATEMENT_EXECUTE|[9]
17:16:57.180 (180675021)|VARIABLE_ASSIGNMENT|[9]|this.sObjectType|"Risk__Impact_Categor (4 more) ..."|0x1794e454
17:16:57.180 (180686076)|CONSTRUCTOR_EXIT|[8]|01p58000000n6Fr|<init>(String)
17:16:57.180 (180690479)|VARIABLE_SCOPE_BEGIN|[8]|costIC|SObjectData|true|false
17:16:57.180 (180715258)|VARIABLE_ASSIGNMENT|[8]|costIC|{"fieldMap":"0x24fe50b7","sObjectType":"Risk__Impact_Categor (4 more) ..."}|0x1794e454
17:16:57.180 (180721000)|STATEMENT_EXECUTE|[9]
17:16:57.180 (180726555)|HEAP_ALLOCATE|[9]|Bytes:7
17:16:57.180 (180738154)|METHOD_ENTRY|[9]|01p58000000n6Fr|SObjectData.addValuePair(String, String)
17:16:57.180 (180756491)|VARIABLE_SCOPE_BEGIN|[65]|this|SObjectData|true|false
17:16:57.180 (180783801)|VARIABLE_ASSIGNMENT|[65]|this|{"fieldMap":"0x24fe50b7","sObjectType":"Risk__Impact_Categor (4 more) ..."}|0x1794e454
17:16:57.180 (180789532)|VARIABLE_SCOPE_BEGIN|[65]|field|String|false|false
17:16:57.180 (180794948)|VARIABLE_ASSIGNMENT|[65]|field|"Name"
17:16:57.180 (180797552)|VARIABLE_SCOPE_BEGIN|[65]|value|String|false|false
17:16:57.180 (180801756)|VARIABLE_ASSIGNMENT|[65]|value|"Cost IC"
17:16:57.180 (180809593)|HEAP_ALLOCATE|[67]|Bytes:5
17:16:57.180 (180814152)|STATEMENT_EXECUTE|[65]
17:16:57.180 (180817520)|STATEMENT_EXECUTE|[67]
17:16:57.180 (180819470)|STATEMENT_EXECUTE|[70]
17:16:57.180 (180841692)|HEAP_ALLOCATE|[EXTERNAL]|Bytes:-4
17:16:57.180 (180865698)|METHOD_EXIT|[9]|01p58000000n6Fr|SObjectData.addValuePair(String, String)
17:16:57.180 (180870827)|STATEMENT_EXECUTE|[10]
17:16:57.180 (180875601)|HEAP_ALLOCATE|[10]|Bytes:21
17:16:57.180 (180880038)|HEAP_ALLOCATE|[10]|Bytes:4
17:16:57.180 (180888878)|METHOD_ENTRY|[10]|01p58000000n6Fr|SObjectData.addValuePair(String, String)
17:16:57.180 (180906658)|VARIABLE_SCOPE_BEGIN|[65]|this|SObjectData|true|false
17:16:57.180 (180934998)|VARIABLE_ASSIGNMENT|[65]|this|{"fieldMap":"0x24fe50b7","sObjectType":"Risk__Impact_Categor (4 more) ..."}|0x1794e454
17:16:57.180 (180940340)|VARIABLE_SCOPE_BEGIN|[65]|field|String|false|false
17:16:57.180 (180946669)|VARIABLE_ASSIGNMENT|[65]|field|"Risk__Type_Of_Risk__ (1 more) ..."
17:16:57.180 (180949459)|VARIABLE_SCOPE_BEGIN|[65]|value|String|false|false
17:16:57.180 (180953720)|VARIABLE_ASSIGNMENT|[65]|value|"Cost"
17:16:57.180 (180961289)|HEAP_ALLOCATE|[67]|Bytes:5
17:16:57.180 (180965744)|STATEMENT_EXECUTE|[65]
17:16:57.180 (180968990)|STATEMENT_EXECUTE|[67]
17:16:57.180 (180970998)|STATEMENT_EXECUTE|[70]
17:16:57.180 (180992443)|HEAP_ALLOCATE|[EXTERNAL]|Bytes:-4
17:16:57.181 (181013218)|METHOD_EXIT|[10]|01p58000000n6Fr|SObjectData.addValuePair(String, String)
17:16:57.181 (181020506)|STATEMENT_EXECUTE|[12]
17:16:57.181 (181026219)|HEAP_ALLOCATE|[12]|Bytes:24
17:16:57.181 (181036113)|CONSTRUCTOR_ENTRY|[12]|01p58000000n6Fr|<init>(String)
17:16:57.181 (181056839)|VARIABLE_SCOPE_BEGIN|[8]|this|SObjectData|true|false
17:16:57.181 (181076459)|VARIABLE_ASSIGNMENT|[8]|this|{}|0x2f1700b3
17:16:57.181 (181080708)|VARIABLE_SCOPE_BEGIN|[8]|sobjectType|String|false|false
17:16:57.181 (181087752)|VARIABLE_ASSIGNMENT|[8]|sobjectType|"Risk__Impact_Categor (4 more) ..."
17:16:57.181 (181094997)|HEAP_ALLOCATE|[2]|Bytes:5
17:16:57.181 (181099343)|STATEMENT_EXECUTE|[1]
17:16:57.181 (181102711)|HEAP_ALLOCATE|[2]|Bytes:5
17:16:57.181 (181105929)|STATEMENT_EXECUTE|[2]
17:16:57.181 (181110294)|HEAP_ALLOCATE|[2]|Bytes:4
17:16:57.181 (181134903)|VARIABLE_ASSIGNMENT|[2]|this.fieldMap|{"s":1,"v":{}}|0x2f1700b3
17:16:57.181 (181140001)|STATEMENT_EXECUTE|[3]
17:16:57.181 (181142259)|STATEMENT_EXECUTE|[4]
17:16:57.181 (181144094)|STATEMENT_EXECUTE|[5]
17:16:57.181 (181145898)|STATEMENT_EXECUTE|[6]
17:16:57.181 (181153836)|VARIABLE_SCOPE_BEGIN|[2]|this|System.ApexBaseClass|true|false
17:16:57.181 (181177661)|VARIABLE_ASSIGNMENT|[2]|this|{"fieldMap":"0x793a960e"}|0x2f1700b3
17:16:57.181 (181187459)|STATEMENT_EXECUTE|[8]
17:16:57.181 (181189807)|STATEMENT_EXECUTE|[9]
17:16:57.181 (181206273)|VARIABLE_ASSIGNMENT|[9]|this.sObjectType|"Risk__Impact_Categor (4 more) ..."|0x2f1700b3
17:16:57.181 (181218081)|CONSTRUCTOR_EXIT|[12]|01p58000000n6Fr|<init>(String)
17:16:57.181 (181222544)|VARIABLE_SCOPE_BEGIN|[12]|timeIC|SObjectData|true|false
17:16:57.181 (181247634)|VARIABLE_ASSIGNMENT|[12]|timeIC|{"fieldMap":"0x793a960e","sObjectType":"Risk__Impact_Categor (4 more) ..."}|0x2f1700b3
17:16:57.181 (181253840)|STATEMENT_EXECUTE|[13]
17:16:57.181 (181264876)|METHOD_ENTRY|[13]|01p58000000n6Fr|SObjectData.addValuePair(String, String)
17:16:57.181 (181282390)|VARIABLE_SCOPE_BEGIN|[65]|this|SObjectData|true|false
17:16:57.181 (181308773)|VARIABLE_ASSIGNMENT|[65]|this|{"fieldMap":"0x793a960e","sObjectType":"Risk__Impact_Categor (4 more) ..."}|0x2f1700b3
17:16:57.181 (181313864)|VARIABLE_SCOPE_BEGIN|[65]|field|String|false|false
17:16:57.181 (181319013)|VARIABLE_ASSIGNMENT|[65]|field|"Name"
17:16:57.181 (181321492)|VARIABLE_SCOPE_BEGIN|[65]|value|String|false|false
17:16:57.181 (181325672)|VARIABLE_ASSIGNMENT|[65]|value|"Cost IC"
17:16:57.181 (181333323)|HEAP_ALLOCATE|[67]|Bytes:5
17:16:57.181 (181338058)|STATEMENT_EXECUTE|[65]
17:16:57.181 (181341464)|STATEMENT_EXECUTE|[67]
17:16:57.181 (181343579)|STATEMENT_EXECUTE|[70]
17:16:57.181 (181365265)|HEAP_ALLOCATE|[EXTERNAL]|Bytes:-4
17:16:57.181 (181384203)|METHOD_EXIT|[13]|01p58000000n6Fr|SObjectData.addValuePair(String, String)
17:16:57.181 (181389018)|STATEMENT_EXECUTE|[14]
17:16:57.181 (181393151)|HEAP_ALLOCATE|[14]|Bytes:4
17:16:57.181 (181402257)|METHOD_ENTRY|[14]|01p58000000n6Fr|SObjectData.addValuePair(String, String)
17:16:57.181 (181419242)|VARIABLE_SCOPE_BEGIN|[65]|this|SObjectData|true|false
17:16:57.181 (181446973)|VARIABLE_ASSIGNMENT|[65]|this|{"fieldMap":"0x793a960e","sObjectType":"Risk__Impact_Categor (4 more) ..."}|0x2f1700b3
17:16:57.181 (181452524)|VARIABLE_SCOPE_BEGIN|[65]|field|String|false|false
17:16:57.181 (181458531)|VARIABLE_ASSIGNMENT|[65]|field|"Risk__Type_Of_Risk__ (1 more) ..."
17:16:57.181 (181461181)|VARIABLE_SCOPE_BEGIN|[65]|value|String|false|false
17:16:57.181 (181465359)|VARIABLE_ASSIGNMENT|[65]|value|"Time"
17:16:57.181 (181472738)|HEAP_ALLOCATE|[67]|Bytes:5
17:16:57.181 (181477148)|STATEMENT_EXECUTE|[65]
17:16:57.181 (181480456)|STATEMENT_EXECUTE|[67]
17:16:57.181 (181482463)|STATEMENT_EXECUTE|[70]
17:16:57.181 (181503750)|HEAP_ALLOCATE|[EXTERNAL]|Bytes:-4
17:16:57.181 (181521733)|METHOD_EXIT|[14]|01p58000000n6Fr|SObjectData.addValuePair(String, String)
17:16:57.181 (181526177)|STATEMENT_EXECUTE|[16]
17:16:57.181 (181540131)|METHOD_ENTRY|[16]|01p58000000n6Fr|SObjectData.addChild(String, SObjectData)
17:16:57.181 (181566165)|VARIABLE_SCOPE_BEGIN|[40]|this|SObjectData|true|false
17:16:57.181 (181594517)|VARIABLE_ASSIGNMENT|[40]|this|{"fieldMap":"0x717662ab","sObjectType":"Risk__Scoring_Scheme (3 more) ..."}|0x512cb0c0
17:16:57.181 (181601084)|VARIABLE_SCOPE_BEGIN|[40]|field|String|false|false
17:16:57.181 (181607089)|VARIABLE_ASSIGNMENT|[40]|field|"Risk__Scoring_Scheme (3 more) ..."
17:16:57.181 (181610714)|VARIABLE_SCOPE_BEGIN|[40]|o|SObjectData|true|false
17:16:57.181 (181630426)|VARIABLE_ASSIGNMENT|[40]|o|{"fieldMap":"0x24fe50b7","sObjectType":"Risk__Impact_Categor (4 more) ..."}|0x1794e454
17:16:57.181 (181641296)|HEAP_ALLOCATE|[41]|Bytes:5
17:16:57.181 (181646148)|STATEMENT_EXECUTE|[40]
17:16:57.181 (181650762)|STATEMENT_EXECUTE|[41]
17:16:57.181 (181652756)|STATEMENT_EXECUTE|[42]
17:16:57.181 (181657418)|HEAP_ALLOCATE|[42]|Bytes:4
17:16:57.181 (181726259)|VARIABLE_ASSIGNMENT|[42]|this.children|{"s":1,"v":{}}|0x512cb0c0
17:16:57.181 (181792794)|STATEMENT_EXECUTE|[46]
17:16:57.181 (181796234)|STATEMENT_EXECUTE|[47]
17:16:57.181 (181859491)|HEAP_ALLOCATE|[47]|Bytes:4
17:16:57.181 (181992255)|HEAP_ALLOCATE|[EXTERNAL]|Bytes:8
17:16:57.181 (181997154)|HEAP_ALLOCATE|[EXTERNAL]|Bytes:-4
17:16:57.182 (182017512)|STATEMENT_EXECUTE|[49]
17:16:57.182 (182100808)|HEAP_ALLOCATE|[EXTERNAL]|Bytes:8
17:16:57.182 (182124147)|HEAP_ALLOCATE|[49]|Bytes:112
17:16:57.182 (182227908)|HEAP_ALLOCATE|[49]|Bytes:1
17:16:57.182 (182245288)|HEAP_ALLOCATE|[49]|Bytes:4
17:16:57.182 (182325359)|HEAP_ALLOCATE|[49]|Bytes:177
17:16:57.182 (182360702)|HEAP_ALLOCATE|[49]|Bytes:205
17:16:57.182 (182403662)|USER_DEBUG|[49]|DEBUG|1Risk__Scoring_Scheme__c :: {Risk__Scoring_Scheme__c=(SObjectData:[children=null, fieldMap={Name=Cost IC, Risk__Type_Of_Risk__c=Cost}, parent=null, parentField=null, sObjectType=Risk__Impact_Category__c])}
17:16:57.182 (182422493)|METHOD_EXIT|[16]|01p58000000n6Fr|SObjectData.addChild(String, SObjectData)
17:16:57.182 (182427582)|STATEMENT_EXECUTE|[17]
17:16:57.182 (182436616)|METHOD_ENTRY|[17]|01p58000000n6Fr|SObjectData.addChild(String, SObjectData)
17:16:57.182 (182454167)|VARIABLE_SCOPE_BEGIN|[40]|this|SObjectData|true|false
17:16:57.182 (182487583)|VARIABLE_ASSIGNMENT|[40]|this|{"children":"0x5a68388","fieldMap":"0x717662ab","sObjectType":"Risk__Scoring_Scheme (3 more) ..."}|0x512cb0c0
17:16:57.182 (182493785)|VARIABLE_SCOPE_BEGIN|[40]|field|String|false|false
17:16:57.182 (182500041)|VARIABLE_ASSIGNMENT|[40]|field|"Risk__Scoring_Scheme (3 more) ..."
17:16:57.182 (182502765)|VARIABLE_SCOPE_BEGIN|[40]|o|SObjectData|true|false
17:16:57.182 (182523299)|VARIABLE_ASSIGNMENT|[40]|o|{"fieldMap":"0x793a960e","sObjectType":"Risk__Impact_Categor (4 more) ..."}|0x2f1700b3
17:16:57.182 (182533083)|HEAP_ALLOCATE|[41]|Bytes:5
17:16:57.182 (182537840)|STATEMENT_EXECUTE|[40]
17:16:57.182 (182541219)|STATEMENT_EXECUTE|[41]
17:16:57.182 (182569814)|STATEMENT_EXECUTE|[46]
17:16:57.182 (182572626)|STATEMENT_EXECUTE|[47]
17:16:57.182 (182577798)|HEAP_ALLOCATE|[47]|Bytes:4
17:16:57.182 (182609693)|HEAP_ALLOCATE|[EXTERNAL]|Bytes:8
17:16:57.182 (182632663)|STATEMENT_EXECUTE|[49]
17:16:57.182 (182655067)|HEAP_ALLOCATE|[EXTERNAL]|Bytes:8
17:16:57.182 (182668692)|HEAP_ALLOCATE|[49]|Bytes:112
17:16:57.182 (182704217)|HEAP_ALLOCATE|[49]|Bytes:1
17:16:57.182 (182771213)|HEAP_ALLOCATE|[49]|Bytes:177
17:16:57.182 (182798083)|HEAP_ALLOCATE|[49]|Bytes:205
17:16:57.182 (182814385)|USER_DEBUG|[49]|DEBUG|1Risk__Scoring_Scheme__c :: {Risk__Scoring_Scheme__c=(SObjectData:[children=null, fieldMap={Name=Cost IC, Risk__Type_Of_Risk__c=Time}, parent=null, parentField=null, sObjectType=Risk__Impact_Category__c])}
17:16:57.182 (182829595)|METHOD_EXIT|[17]|01p58000000n6Fr|SObjectData.addChild(String, SObjectData)
17:16:57.182 (182834433)|STATEMENT_EXECUTE|[19]
17:16:57.189 (189210106)|HEAP_ALLOCATE|[19]|Bytes:19
17:16:57.189 (189219432)|HEAP_ALLOCATE|[19]|Bytes:2
17:16:57.189 (189237514)|METHOD_ENTRY|[1]|01p58000000n6rI|SObjectUtility.SObjectUtility()
17:16:57.189 (189242814)|STATEMENT_EXECUTE|[1]
17:16:57.189 (189247897)|STATEMENT_EXECUTE|[1]
17:16:57.189 (189254207)|HEAP_ALLOCATE|[19]|Bytes:5
17:16:57.189 (189265007)|METHOD_EXIT|[1]|SObjectUtility
17:16:57.189 (189328389)|HEAP_ALLOCATE|[19]|Bytes:8
17:16:57.189 (189341071)|CONSTRUCTOR_ENTRY|[19]|01p58000000n6rI|<init>()
17:16:57.189 (189372603)|VARIABLE_SCOPE_BEGIN|[1]|this|SObjectUtility|true|false
17:16:57.189 (189402748)|VARIABLE_ASSIGNMENT|[1]|this|{}|0x5cd0eadc
17:16:57.189 (189412636)|HEAP_ALLOCATE|[3]|Bytes:5
17:16:57.189 (189421557)|VARIABLE_SCOPE_BEGIN|[2]|this|System.ApexBaseClass|true|false
17:16:57.189 (189437483)|VARIABLE_ASSIGNMENT|[2]|this|{}|0x5cd0eadc
17:16:57.189 (189448794)|STATEMENT_EXECUTE|[1]
17:16:57.189 (189454072)|HEAP_ALLOCATE|[3]|Bytes:5
17:16:57.189 (189457653)|STATEMENT_EXECUTE|[3]
17:16:57.189 (189462712)|HEAP_ALLOCATE|[3]|Bytes:4
17:16:57.189 (189518442)|VARIABLE_ASSIGNMENT|[3]|this.childrenMap|{"s":1,"v":{}}|0x5cd0eadc
17:16:57.189 (189529829)|CONSTRUCTOR_EXIT|[19]|01p58000000n6rI|<init>()
17:16:57.189 (189534697)|VARIABLE_SCOPE_BEGIN|[19]|su|SObjectUtility|true|false
17:16:57.189 (189558929)|VARIABLE_ASSIGNMENT|[19]|su|{"childrenMap":"0x56013493"}|0x5cd0eadc
17:16:57.189 (189564930)|STATEMENT_EXECUTE|[20]
17:16:57.189 (189571318)|HEAP_ALLOCATE|[20]|Bytes:4
17:16:57.189 (189630455)|METHOD_ENTRY|[20]|01p58000000n6rI|SObjectUtility.createSObjects(List<SObjectData>)
17:16:57.189 (189640100)|VARIABLE_SCOPE_BEGIN|[5]|this|SObjectUtility|true|false
17:16:57.189 (189666235)|VARIABLE_ASSIGNMENT|[5]|this|{"childrenMap":"0x56013493"}|0x5cd0eadc
17:16:57.189 (189673055)|VARIABLE_SCOPE_BEGIN|[5]|dataList|List<SObjectData>|true|false
17:16:57.189 (189683706)|HEAP_ALLOCATE|[EXTERNAL]|Bytes:8
17:16:57.189 (189720335)|VARIABLE_ASSIGNMENT|[5]|dataList|{"s":1,"v":[{"children":"0x5a68388","fieldMap":"0x717662ab","sObjectType":"Risk__Scoring_Scheme (3 more) ..."}]}|0x27371e7f
17:16:57.189 (189733488)|HEAP_ALLOCATE|[6]|Bytes:5
17:16:57.189 (189738740)|STATEMENT_EXECUTE|[5]
17:16:57.189 (189741132)|STATEMENT_EXECUTE|[6]
17:16:57.189 (189764602)|METHOD_ENTRY|[6]|01p58000000n6rI|SObjectUtility.createRoot(List<SObjectData>)
17:16:57.189 (189821659)|VARIABLE_SCOPE_BEGIN|[58]|this|SObjectUtility|true|false
17:16:57.189 (189849017)|VARIABLE_ASSIGNMENT|[58]|this|{"childrenMap":"0x56013493"}|0x5cd0eadc
17:16:57.189 (189855894)|VARIABLE_SCOPE_BEGIN|[58]|dataList|List<SObjectData>|true|false
17:16:57.189 (189886208)|VARIABLE_ASSIGNMENT|[58]|dataList|{"s":1,"v":[{"children":"0x5a68388","fieldMap":"0x717662ab","sObjectType":"Risk__Scoring_Scheme (3 more) ..."}]}|0x27371e7f
17:16:57.189 (189899202)|HEAP_ALLOCATE|[59]|Bytes:5
17:16:57.189 (189904673)|STATEMENT_EXECUTE|[58]
17:16:57.189 (189907024)|STATEMENT_EXECUTE|[59]
17:16:57.189 (189911856)|HEAP_ALLOCATE|[59]|Bytes:4
17:16:57.189 (189923256)|VARIABLE_SCOPE_BEGIN|[59]|rootObjects|Map<String,SObject>|true|false
17:16:57.189 (189944508)|VARIABLE_ASSIGNMENT|[59]|rootObjects|{"s":1,"v":{}}|0x1a71b0ad
17:16:57.190 (190227158)|HEAP_ALLOCATE|[60]|Bytes:5
17:16:57.190 (190247920)|HEAP_ALLOCATE|[60]|Bytes:24
17:16:57.190 (190258516)|VARIABLE_SCOPE_BEGIN|[60]|obj|SObjectData|true|false
17:16:57.190 (190292792)|VARIABLE_ASSIGNMENT|[60]|obj|{"children":"0x5a68388","fieldMap":"0x717662ab","sObjectType":"Risk__Scoring_Scheme (3 more) ..."}|0x512cb0c0
17:16:57.190 (190300280)|STATEMENT_EXECUTE|[60]
17:16:57.190 (190302688)|STATEMENT_EXECUTE|[61]
17:16:57.190 (190321478)|METHOD_ENTRY|[61]|01p58000000n6rI|SObjectUtility.generateRandomString(Integer)
17:16:57.190 (190345952)|HEAP_ALLOCATE|[97]|Bytes:4
17:16:57.190 (190352442)|VARIABLE_SCOPE_BEGIN|[96]|len|Integer|false|false
17:16:57.190 (190360605)|VARIABLE_ASSIGNMENT|[96]|len|18
17:16:57.190 (190370249)|HEAP_ALLOCATE|[97]|Bytes:5
17:16:57.190 (190374468)|STATEMENT_EXECUTE|[96]
17:16:57.190 (190376757)|STATEMENT_EXECUTE|[97]
17:16:57.190 (190380440)|HEAP_ALLOCATE|[97]|Bytes:62
17:16:57.190 (190385273)|VARIABLE_SCOPE_BEGIN|[97]|chars|String|false|false
17:16:57.190 (190393852)|VARIABLE_ASSIGNMENT|[97]|chars|"ABCDEFGHIJKLMNOPQRST (42 more) ..."
17:16:57.190 (190397099)|STATEMENT_EXECUTE|[98]
17:16:57.190 (190402821)|VARIABLE_SCOPE_BEGIN|[98]|randStr|String|false|false
17:16:57.190 (190408668)|VARIABLE_ASSIGNMENT|[98]|randStr|""
17:16:57.190 (190462579)|STATEMENT_EXECUTE|[99]
17:16:57.190 (190466126)|STATEMENT_EXECUTE|[100]
17:16:57.190 (190686942)|VARIABLE_SCOPE_BEGIN|[2]|Math.E|Double|false|true
17:16:57.190 (190694525)|VARIABLE_SCOPE_BEGIN|[3]|Math.PI|Double|false|true
17:16:57.190 (190966033)|VARIABLE_SCOPE_BEGIN|[100]|idx|Integer|false|false
17:16:57.190 (190971625)|HEAP_ALLOCATE|[100]|Bytes:4
17:16:57.190 (190981022)|VARIABLE_ASSIGNMENT|[100]|idx|54
17:16:57.190 (190984683)|STATEMENT_EXECUTE|[101]
17:16:57.191 (191035299)|HEAP_ALLOCATE|[101]|Bytes:1
17:16:57.191 (191063013)|HEAP_ALLOCATE|[101]|Bytes:1
17:16:57.191 (191073778)|VARIABLE_ASSIGNMENT|[101]|randStr|"s"
17:16:57.191 (191096398)|STATEMENT_EXECUTE|[99]
17:16:57.191 (191099253)|STATEMENT_EXECUTE|[100]
17:16:57.191 (191196257)|VARIABLE_SCOPE_BEGIN|[100]|idx|Integer|false|false
17:16:57.191 (191200931)|HEAP_ALLOCATE|[100]|Bytes:4
17:16:57.191 (191209168)|VARIABLE_ASSIGNMENT|[100]|idx|4
17:16:57.191 (191212763)|STATEMENT_EXECUTE|[101]
17:16:57.191 (191236506)|HEAP_ALLOCATE|[101]|Bytes:1
17:16:57.191 (191253378)|HEAP_ALLOCATE|[101]|Bytes:2
17:16:57.191 (191262379)|VARIABLE_ASSIGNMENT|[101]|randStr|"sE"
17:16:57.191 (191282862)|STATEMENT_EXECUTE|[99]
17:16:57.191 (191285654)|STATEMENT_EXECUTE|[100]
17:16:57.191 (191377707)|VARIABLE_SCOPE_BEGIN|[100]|idx|Integer|false|false
17:16:57.191 (191382256)|HEAP_ALLOCATE|[100]|Bytes:4
17:16:57.191 (191390158)|VARIABLE_ASSIGNMENT|[100]|idx|13
17:16:57.191 (191393629)|STATEMENT_EXECUTE|[101]
17:16:57.191 (191416452)|HEAP_ALLOCATE|[101]|Bytes:1
17:16:57.191 (191433033)|HEAP_ALLOCATE|[101]|Bytes:3
17:16:57.191 (191442229)|VARIABLE_ASSIGNMENT|[101]|randStr|"sEN"
17:16:57.191 (191462531)|STATEMENT_EXECUTE|[99]
17:16:57.191 (191465307)|STATEMENT_EXECUTE|[100]
17:16:57.191 (191561172)|VARIABLE_SCOPE_BEGIN|[100]|idx|Integer|false|false
17:16:57.191 (191565591)|HEAP_ALLOCATE|[100]|Bytes:4
17:16:57.191 (191573667)|VARIABLE_ASSIGNMENT|[100]|idx|52
17:16:57.191 (191577003)|STATEMENT_EXECUTE|[101]
17:16:57.191 (191599595)|HEAP_ALLOCATE|[101]|Bytes:1
17:16:57.191 (191616144)|HEAP_ALLOCATE|[101]|Bytes:4
17:16:57.191 (191625082)|VARIABLE_ASSIGNMENT|[101]|randStr|"sENq"
17:16:57.191 (191645354)|STATEMENT_EXECUTE|[99]
17:16:57.191 (191648017)|STATEMENT_EXECUTE|[100]
17:16:57.191 (191739942)|VARIABLE_SCOPE_BEGIN|[100]|idx|Integer|false|false
17:16:57.191 (191744355)|HEAP_ALLOCATE|[100]|Bytes:4
17:16:57.191 (191752309)|VARIABLE_ASSIGNMENT|[100]|idx|46
17:16:57.191 (191755566)|STATEMENT_EXECUTE|[101]
17:16:57.191 (191778039)|HEAP_ALLOCATE|[101]|Bytes:1
17:16:57.191 (191794536)|HEAP_ALLOCATE|[101]|Bytes:5
17:16:57.191 (191803542)|VARIABLE_ASSIGNMENT|[101]|randStr|"sENqk"
17:16:57.191 (191823399)|STATEMENT_EXECUTE|[99]
17:16:57.191 (191829942)|STATEMENT_EXECUTE|[100]
17:16:57.191 (191922009)|VARIABLE_SCOPE_BEGIN|[100]|idx|Integer|false|false
17:16:57.191 (191926351)|HEAP_ALLOCATE|[100]|Bytes:4
17:16:57.191 (191934337)|VARIABLE_ASSIGNMENT|[100]|idx|47
17:16:57.191 (191937590)|STATEMENT_EXECUTE|[101]
17:16:57.191 (191959969)|HEAP_ALLOCATE|[101]|Bytes:1
17:16:57.191 (191976384)|HEAP_ALLOCATE|[101]|Bytes:6
17:16:57.191 (191985661)|VARIABLE_ASSIGNMENT|[101]|randStr|"sENqkl"
17:16:57.192 (192005747)|STATEMENT_EXECUTE|[99]
17:16:57.192 (192013576)|STATEMENT_EXECUTE|[100]
17:16:57.192 (192105583)|VARIABLE_SCOPE_BEGIN|[100]|idx|Integer|false|false
17:16:57.192 (192109960)|HEAP_ALLOCATE|[100]|Bytes:4
17:16:57.192 (192117874)|VARIABLE_ASSIGNMENT|[100]|idx|5
17:16:57.192 (192121315)|STATEMENT_EXECUTE|[101]
17:16:57.192 (192143861)|HEAP_ALLOCATE|[101]|Bytes:1
17:16:57.192 (192160343)|HEAP_ALLOCATE|[101]|Bytes:7
17:16:57.192 (192169388)|VARIABLE_ASSIGNMENT|[101]|randStr|"sENqklF"
17:16:57.192 (192189649)|STATEMENT_EXECUTE|[99]
17:16:57.192 (192192322)|STATEMENT_EXECUTE|[100]
17:16:57.192 (192281539)|VARIABLE_SCOPE_BEGIN|[100]|idx|Integer|false|false
17:16:57.192 (192285835)|HEAP_ALLOCATE|[100]|Bytes:4
17:16:57.192 (192293444)|VARIABLE_ASSIGNMENT|[100]|idx|3
17:16:57.192 (192296756)|STATEMENT_EXECUTE|[101]
17:16:57.192 (192319140)|HEAP_ALLOCATE|[101]|Bytes:1
17:16:57.192 (192335571)|HEAP_ALLOCATE|[101]|Bytes:8
17:16:57.192 (192344512)|VARIABLE_ASSIGNMENT|[101]|randStr|"sENqklFD"
17:16:57.192 (192364537)|STATEMENT_EXECUTE|[99]
17:16:57.192 (192367478)|STATEMENT_EXECUTE|[100]
17:16:57.192 (192468582)|VARIABLE_SCOPE_BEGIN|[100]|idx|Integer|false|false
17:16:57.192 (192473133)|HEAP_ALLOCATE|[100]|Bytes:4
17:16:57.192 (192481122)|VARIABLE_ASSIGNMENT|[100]|idx|9
17:16:57.192 (192484501)|STATEMENT_EXECUTE|[101]
17:16:57.192 (192507291)|HEAP_ALLOCATE|[101]|Bytes:1
17:16:57.192 (192523433)|HEAP_ALLOCATE|[101]|Bytes:9
17:16:57.192 (192532438)|VARIABLE_ASSIGNMENT|[101]|randStr|"sENqklFDJ"
17:16:57.192 (192552373)|STATEMENT_EXECUTE|[99]
17:16:57.192 (192554996)|STATEMENT_EXECUTE|[100]
17:16:57.192 (192645021)|VARIABLE_SCOPE_BEGIN|[100]|idx|Integer|false|false
17:16:57.192 (192649364)|HEAP_ALLOCATE|[100]|Bytes:4
17:16:57.192 (192657202)|VARIABLE_ASSIGNMENT|[100]|idx|33
17:16:57.192 (192666542)|STATEMENT_EXECUTE|[101]
17:16:57.192 (192690966)|HEAP_ALLOCATE|[101]|Bytes:1
17:16:57.192 (192708104)|HEAP_ALLOCATE|[101]|Bytes:10
17:16:57.192 (192717501)|VARIABLE_ASSIGNMENT|[101]|randStr|"sENqklFDJ7"
17:16:57.192 (192737832)|STATEMENT_EXECUTE|[99]
17:16:57.192 (192740734)|STATEMENT_EXECUTE|[100]
17:16:57.192 (192831168)|VARIABLE_SCOPE_BEGIN|[100]|idx|Integer|false|false
17:16:57.192 (192835601)|HEAP_ALLOCATE|[100]|Bytes:4
17:16:57.192 (192843313)|VARIABLE_ASSIGNMENT|[100]|idx|57
17:16:57.192 (192846657)|STATEMENT_EXECUTE|[101]
17:16:57.192 (192869119)|HEAP_ALLOCATE|[101]|Bytes:1
17:16:57.192 (192885509)|HEAP_ALLOCATE|[101]|Bytes:11
17:16:57.192 (192894808)|VARIABLE_ASSIGNMENT|[101]|randStr|"sENqklFDJ7v"
17:16:57.192 (192915261)|STATEMENT_EXECUTE|[99]
17:16:57.192 (192917968)|STATEMENT_EXECUTE|[100]
17:16:57.193 (193007994)|VARIABLE_SCOPE_BEGIN|[100]|idx|Integer|false|false
17:16:57.193 (193016961)|HEAP_ALLOCATE|[100]|Bytes:4
17:16:57.193 (193025314)|VARIABLE_ASSIGNMENT|[100]|idx|49
17:16:57.193 (193028590)|STATEMENT_EXECUTE|[101]
17:16:57.193 (193051890)|HEAP_ALLOCATE|[101]|Bytes:1
17:16:57.193 (193068314)|HEAP_ALLOCATE|[101]|Bytes:12
17:16:57.193 (193077386)|VARIABLE_ASSIGNMENT|[101]|randStr|"sENqklFDJ7vn"
17:16:57.193 (193097603)|STATEMENT_EXECUTE|[99]
17:16:57.193 (193100456)|STATEMENT_EXECUTE|[100]
17:16:57.193 (193194684)|VARIABLE_SCOPE_BEGIN|[100]|idx|Integer|false|false
17:16:57.193 (193199103)|HEAP_ALLOCATE|[100]|Bytes:4
17:16:57.193 (193206904)|VARIABLE_ASSIGNMENT|[100]|idx|42
17:16:57.193 (193210230)|STATEMENT_EXECUTE|[101]
17:16:57.193 (193232645)|HEAP_ALLOCATE|[101]|Bytes:1
17:16:57.193 (193248724)|HEAP_ALLOCATE|[101]|Bytes:13
17:16:57.193 (193257909)|VARIABLE_ASSIGNMENT|[101]|randStr|"sENqklFDJ7vng"
17:16:57.193 (193278318)|STATEMENT_EXECUTE|[99]
17:16:57.193 (193281048)|STATEMENT_EXECUTE|[100]
17:16:57.193 (193373098)|VARIABLE_SCOPE_BEGIN|[100]|idx|Integer|false|false
17:16:57.193 (193377514)|HEAP_ALLOCATE|[100]|Bytes:4
17:16:57.193 (193385356)|VARIABLE_ASSIGNMENT|[100]|idx|49
17:16:57.193 (193388659)|STATEMENT_EXECUTE|[101]
17:16:57.193 (193411102)|HEAP_ALLOCATE|[101]|Bytes:1
17:16:57.193 (193427429)|HEAP_ALLOCATE|[101]|Bytes:14
17:16:57.193 (193436424)|VARIABLE_ASSIGNMENT|[101]|randStr|"sENqklFDJ7vngn"
17:16:57.193 (193456425)|STATEMENT_EXECUTE|[99]
17:16:57.193 (193459423)|STATEMENT_EXECUTE|[100]
17:16:57.193 (193548695)|VARIABLE_SCOPE_BEGIN|[100]|idx|Integer|false|false
17:16:57.193 (193553042)|HEAP_ALLOCATE|[100]|Bytes:4
17:16:57.193 (193561129)|VARIABLE_ASSIGNMENT|[100]|idx|3
17:16:57.193 (193564507)|STATEMENT_EXECUTE|[101]
17:16:57.193 (193586940)|HEAP_ALLOCATE|[101]|Bytes:1
17:16:57.193 (193603135)|HEAP_ALLOCATE|[101]|Bytes:15
17:16:57.193 (193612194)|VARIABLE_ASSIGNMENT|[101]|randStr|"sENqklFDJ7vngnD"
17:16:57.193 (193632670)|STATEMENT_EXECUTE|[99]
17:16:57.193 (193635404)|STATEMENT_EXECUTE|[100]
17:16:57.193 (193724492)|VARIABLE_SCOPE_BEGIN|[100]|idx|Integer|false|false
17:16:57.193 (193728846)|HEAP_ALLOCATE|[100]|Bytes:4
17:16:57.193 (193736640)|VARIABLE_ASSIGNMENT|[100]|idx|24
17:16:57.193 (193739821)|STATEMENT_EXECUTE|[101]
17:16:57.193 (193762174)|HEAP_ALLOCATE|[101]|Bytes:1
17:16:57.193 (193778310)|HEAP_ALLOCATE|[101]|Bytes:16
17:16:57.193 (193787443)|VARIABLE_ASSIGNMENT|[101]|randStr|"sENqklFDJ7vngnDY"
17:16:57.193 (193807544)|STATEMENT_EXECUTE|[99]
17:16:57.193 (193810165)|STATEMENT_EXECUTE|[100]
17:16:57.193 (193908803)|VARIABLE_SCOPE_BEGIN|[100]|idx|Integer|false|false
17:16:57.193 (193913448)|HEAP_ALLOCATE|[100]|Bytes:4
17:16:57.193 (193921255)|VARIABLE_ASSIGNMENT|[100]|idx|4
17:16:57.193 (193924562)|STATEMENT_EXECUTE|[101]
17:16:57.193 (193947206)|HEAP_ALLOCATE|[101]|Bytes:1
17:16:57.193 (193963519)|HEAP_ALLOCATE|[101]|Bytes:17
17:16:57.193 (193972824)|VARIABLE_ASSIGNMENT|[101]|randStr|"sENqklFDJ7vngnDYE"
17:16:57.193 (193993010)|STATEMENT_EXECUTE|[99]
17:16:57.193 (193995670)|STATEMENT_EXECUTE|[100]
17:16:57.194 (194090226)|VARIABLE_SCOPE_BEGIN|[100]|idx|Integer|false|false
17:16:57.194 (194095524)|HEAP_ALLOCATE|[100]|Bytes:4
17:16:57.194 (194103344)|VARIABLE_ASSIGNMENT|[100]|idx|29
17:16:57.194 (194106596)|STATEMENT_EXECUTE|[101]
17:16:57.194 (194129362)|HEAP_ALLOCATE|[101]|Bytes:1
17:16:57.194 (194145781)|HEAP_ALLOCATE|[101]|Bytes:18
17:16:57.194 (194154932)|VARIABLE_ASSIGNMENT|[101]|randStr|"sENqklFDJ7vngnDYE3"
17:16:57.194 (194176442)|STATEMENT_EXECUTE|[103]
17:16:57.194 (194184336)|METHOD_EXIT|[61]|01p58000000n6rI|SObjectUtility.generateRandomString(Integer)
17:16:57.194 (194189461)|VARIABLE_SCOPE_BEGIN|[61]|rId|String|false|false
17:16:57.194 (194196799)|VARIABLE_ASSIGNMENT|[61]|rId|"sENqklFDJ7vngnDYE3"
17:16:57.194 (194200011)|STATEMENT_EXECUTE|[62]
17:16:57.194 (194213880)|METHOD_ENTRY|[62]|01p58000000n6rI|SObjectUtility.createSObject(SObjectData)
17:16:57.194 (194239456)|VARIABLE_SCOPE_BEGIN|[11]|this|SObjectUtility|true|false
17:16:57.194 (194266512)|VARIABLE_ASSIGNMENT|[11]|this|{"childrenMap":"0x56013493"}|0x5cd0eadc
17:16:57.194 (194272745)|VARIABLE_SCOPE_BEGIN|[11]|obj|SObjectData|true|false
17:16:57.194 (194298507)|VARIABLE_ASSIGNMENT|[11]|obj|{"children":"0x5a68388","fieldMap":"0x717662ab","sObjectType":"Risk__Scoring_Scheme (3 more) ..."}|0x512cb0c0
17:16:57.194 (194311138)|HEAP_ALLOCATE|[12]|Bytes:5
17:16:57.194 (194316378)|STATEMENT_EXECUTE|[11]
17:16:57.371 (371799623)|HEAP_ALLOCATE|[12]|Bytes:1796
17:16:57.371 (371878430)|METHOD_ENTRY|[12]|01p58000000n6Fr|SObjectData.getSObjectType()
17:16:57.371 (371898596)|VARIABLE_SCOPE_BEGIN|[77]|this|SObjectData|true|false
17:16:57.371 (371986658)|VARIABLE_ASSIGNMENT|[77]|this|{"children":"0x5a68388","fieldMap":"0x717662ab","sObjectType":"Risk__Scoring_Scheme (3 more) ..."}|0x512cb0c0
17:16:57.372 (372016274)|HEAP_ALLOCATE|[78]|Bytes:5
17:16:57.372 (372024979)|STATEMENT_EXECUTE|[77]
17:16:57.372 (372027677)|STATEMENT_EXECUTE|[78]
17:16:57.372 (372054738)|METHOD_EXIT|[12]|01p58000000n6Fr|SObjectData.getSObjectType()
17:16:57.372 (372119966)|STATEMENT_EXECUTE|[12]
17:16:57.372 (372123601)|STATEMENT_EXECUTE|[15]
17:16:57.375 (375383534)|HEAP_ALLOCATE|[15]|Bytes:1796
17:16:57.375 (375405972)|METHOD_ENTRY|[15]|01p58000000n6Fr|SObjectData.getSObjectType()
17:16:57.375 (375412365)|VARIABLE_SCOPE_BEGIN|[77]|this|SObjectData|true|false
17:16:57.375 (375448241)|VARIABLE_ASSIGNMENT|[77]|this|{"children":"0x5a68388","fieldMap":"0x717662ab","sObjectType":"Risk__Scoring_Scheme (3 more) ..."}|0x512cb0c0
17:16:57.375 (375459676)|HEAP_ALLOCATE|[78]|Bytes:5
17:16:57.375 (375464764)|STATEMENT_EXECUTE|[77]
17:16:57.375 (375467176)|STATEMENT_EXECUTE|[78]
17:16:57.375 (375475468)|METHOD_EXIT|[15]|01p58000000n6Fr|SObjectData.getSObjectType()
17:16:57.375 (375733625)|HEAP_ALLOCATE|[15]|Bytes:4
17:16:57.375 (375750478)|VARIABLE_SCOPE_BEGIN|[15]|sObj|SObject|true|false
17:16:57.375 (375769607)|VARIABLE_ASSIGNMENT|[15]|sObj|{}|0x78d0a6b3
17:16:57.375 (375790074)|HEAP_ALLOCATE|[16]|Bytes:4
17:16:57.375 (375844172)|METHOD_ENTRY|[16]|01p58000000n6Fr|SObjectData.getFieldMap()
17:16:57.375 (375852538)|VARIABLE_SCOPE_BEGIN|[73]|this|SObjectData|true|false
17:16:57.375 (375886791)|VARIABLE_ASSIGNMENT|[73]|this|{"children":"0x5a68388","fieldMap":"0x717662ab","sObjectType":"Risk__Scoring_Scheme (3 more) ..."}|0x512cb0c0
17:16:57.375 (375899377)|HEAP_ALLOCATE|[74]|Bytes:5
17:16:57.375 (375904395)|STATEMENT_EXECUTE|[73]
17:16:57.375 (375906874)|STATEMENT_EXECUTE|[74]
17:16:57.375 (375916560)|METHOD_EXIT|[16]|01p58000000n6Fr|SObjectData.getFieldMap()
17:16:57.375 (375981838)|HEAP_ALLOCATE|[16]|Bytes:28
17:16:57.376 (376025373)|HEAP_ALLOCATE|[16]|Bytes:8
17:16:57.376 (376082338)|HEAP_ALLOCATE|[16]|Bytes:5
17:16:57.376 (376107170)|VARIABLE_SCOPE_BEGIN|[16]|field|String|false|false
17:16:57.376 (376117890)|VARIABLE_ASSIGNMENT|[16]|field|"Name"
17:16:57.376 (376122080)|STATEMENT_EXECUTE|[16]
17:16:57.376 (376124451)|STATEMENT_EXECUTE|[17]
17:16:57.376 (376133866)|METHOD_ENTRY|[17]|01p58000000n6Fr|SObjectData.getFieldMap()
17:16:57.376 (376161481)|VARIABLE_SCOPE_BEGIN|[73]|this|SObjectData|true|false
17:16:57.376 (376193509)|VARIABLE_ASSIGNMENT|[73]|this|{"children":"0x5a68388","fieldMap":"0x717662ab","sObjectType":"Risk__Scoring_Scheme (3 more) ..."}|0x512cb0c0
17:16:57.376 (376204320)|HEAP_ALLOCATE|[74]|Bytes:5
17:16:57.376 (376209395)|STATEMENT_EXECUTE|[73]
17:16:57.376 (376211646)|STATEMENT_EXECUTE|[74]
17:16:57.376 (376220041)|METHOD_EXIT|[17]|01p58000000n6Fr|SObjectData.getFieldMap()
17:16:57.376 (376252312)|VARIABLE_SCOPE_BEGIN|[17]|value|String|false|false
17:16:57.376 (376262520)|VARIABLE_ASSIGNMENT|[17]|value|"Scoring Scheme 5x5"
17:16:57.376 (376266187)|STATEMENT_EXECUTE|[18]
17:16:57.385 (385336698)|HEAP_ALLOCATE|[16]|Bytes:5
17:16:57.385 (385355593)|VARIABLE_SCOPE_BEGIN|[16]|field|String|false|false
17:16:57.385 (385366735)|VARIABLE_ASSIGNMENT|[16]|field|"RecordTypeId"
17:16:57.385 (385370764)|STATEMENT_EXECUTE|[16]
17:16:57.385 (385373228)|STATEMENT_EXECUTE|[17]
17:16:57.385 (385380370)|METHOD_ENTRY|[17]|01p58000000n6Fr|SObjectData.getFieldMap()
17:16:57.385 (385385414)|VARIABLE_SCOPE_BEGIN|[73]|this|SObjectData|true|false
17:16:57.385 (385418512)|VARIABLE_ASSIGNMENT|[73]|this|{"children":"0x5a68388","fieldMap":"0x717662ab","sObjectType":"Risk__Scoring_Scheme (3 more) ..."}|0x512cb0c0
17:16:57.385 (385429862)|HEAP_ALLOCATE|[74]|Bytes:5
17:16:57.385 (385434863)|STATEMENT_EXECUTE|[73]
17:16:57.385 (385437116)|STATEMENT_EXECUTE|[74]
17:16:57.385 (385445586)|METHOD_EXIT|[17]|01p58000000n6Fr|SObjectData.getFieldMap()
17:16:57.385 (385476780)|VARIABLE_SCOPE_BEGIN|[17]|value|String|false|false
17:16:57.385 (385486861)|VARIABLE_ASSIGNMENT|[17]|value|"012580000000H5p"
17:16:57.385 (385490644)|STATEMENT_EXECUTE|[18]
17:16:57.385 (385601352)|HEAP_ALLOCATE|[16]|Bytes:5
17:16:57.385 (385620716)|VARIABLE_ASSIGNMENT|[16]|field|null
17:16:57.385 (385625999)|STATEMENT_EXECUTE|[21]
17:16:57.385 (385634427)|METHOD_EXIT|[62]|01p58000000n6rI|SObjectUtility.createSObject(SObjectData)
17:16:57.385 (385670090)|HEAP_ALLOCATE|[EXTERNAL]|Bytes:-4
17:16:57.385 (385695176)|METHOD_ENTRY|[63]|01p58000000n6Fr|SObjectData.getChildren()
17:16:57.385 (385721629)|VARIABLE_SCOPE_BEGIN|[81]|this|SObjectData|true|false
17:16:57.385 (385755581)|VARIABLE_ASSIGNMENT|[81]|this|{"children":"0x5a68388","fieldMap":"0x717662ab","sObjectType":"Risk__Scoring_Scheme (3 more) ..."}|0x512cb0c0
17:16:57.385 (385768210)|HEAP_ALLOCATE|[82]|Bytes:5
17:16:57.385 (385773395)|STATEMENT_EXECUTE|[81]
17:16:57.385 (385779411)|STATEMENT_EXECUTE|[82]
17:16:57.385 (385781813)|STATEMENT_EXECUTE|[85]
17:16:57.385 (385790262)|METHOD_EXIT|[63]|01p58000000n6Fr|SObjectData.getChildren()
17:16:57.385 (385813131)|STATEMENT_EXECUTE|[63]
17:16:57.385 (385815709)|STATEMENT_EXECUTE|[64]
17:16:57.385 (385823151)|METHOD_ENTRY|[64]|01p58000000n6Fr|SObjectData.getChildren()
17:16:57.385 (385840775)|VARIABLE_SCOPE_BEGIN|[81]|this|SObjectData|true|false
17:16:57.385 (385872811)|VARIABLE_ASSIGNMENT|[81]|this|{"children":"0x5a68388","fieldMap":"0x717662ab","sObjectType":"Risk__Scoring_Scheme (3 more) ..."}|0x512cb0c0
17:16:57.385 (385883660)|HEAP_ALLOCATE|[82]|Bytes:5
17:16:57.385 (385888480)|STATEMENT_EXECUTE|[81]
17:16:57.385 (385892006)|STATEMENT_EXECUTE|[82]
17:16:57.385 (385894051)|STATEMENT_EXECUTE|[85]
17:16:57.385 (385901441)|METHOD_EXIT|[64]|01p58000000n6Fr|SObjectData.getChildren()
17:16:57.385 (385918584)|METHOD_ENTRY|[64]|01p58000000n6rI|SObjectUtility.createChildren(String, Map<String,List<SObjectData>>)
17:16:57.385 (385926390)|VARIABLE_SCOPE_BEGIN|[70]|this|SObjectUtility|true|false
17:16:57.385 (385950286)|VARIABLE_ASSIGNMENT|[70]|this|{"childrenMap":"0x56013493"}|0x5cd0eadc
17:16:57.385 (385956821)|VARIABLE_SCOPE_BEGIN|[70]|parentId|String|false|false
17:16:57.385 (385963679)|VARIABLE_ASSIGNMENT|[70]|parentId|"sENqklFDJ7vngnDYE3"
17:16:57.385 (385967625)|VARIABLE_SCOPE_BEGIN|[70]|childMap|Map<String,List<SObjectData>>|true|false
17:16:57.386 (386018550)|VARIABLE_ASSIGNMENT|[70]|childMap|{"s":1,"v":{"Risk__Scoring_Scheme (3 more) ...":{"s":2,"v":[{"fieldMap":"0x793a960e","sObjectType":"Risk__Impact_Categor (4 more) ..."}]}}}|0x5a68388
17:16:57.386 (386033139)|HEAP_ALLOCATE|[72]|Bytes:5
17:16:57.386 (386038659)|STATEMENT_EXECUTE|[70]
17:16:57.386 (386044508)|HEAP_ALLOCATE|[72]|Bytes:4
17:16:57.386 (386096588)|HEAP_ALLOCATE|[72]|Bytes:31
17:16:57.386 (386125776)|HEAP_ALLOCATE|[72]|Bytes:4
17:16:57.386 (386162386)|HEAP_ALLOCATE|[72]|Bytes:5
17:16:57.386 (386180141)|VARIABLE_SCOPE_BEGIN|[72]|relationshipKey|String|false|false
17:16:57.386 (386191306)|VARIABLE_ASSIGNMENT|[72]|relationshipKey|"Risk__Scoring_Scheme (3 more) ..."
17:16:57.386 (386195781)|STATEMENT_EXECUTE|[72]
17:16:57.386 (386198142)|STATEMENT_EXECUTE|[73]
17:16:57.386 (386205335)|HEAP_ALLOCATE|[73]|Bytes:4
17:16:57.386 (386213206)|VARIABLE_SCOPE_BEGIN|[73]|childObjects|Map<String,SObject>|true|false
17:16:57.386 (386235736)|VARIABLE_ASSIGNMENT|[73]|childObjects|{"s":1,"v":{}}|0x7accf8bc
17:16:57.386 (386240736)|STATEMENT_EXECUTE|[74]
17:16:57.386 (386301404)|VARIABLE_SCOPE_BEGIN|[74]|childrenList|List<SObjectData>|true|false
17:16:57.386 (386339619)|VARIABLE_ASSIGNMENT|[74]|childrenList|{"s":1,"v":[{"fieldMap":"0x793a960e","sObjectType":"Risk__Impact_Categor (4 more) ..."}]}|0x7e21bb59
17:16:57.386 (386392101)|HEAP_ALLOCATE|[76]|Bytes:5
17:16:57.386 (386407404)|HEAP_ALLOCATE|[76]|Bytes:24
17:16:57.386 (386416095)|VARIABLE_SCOPE_BEGIN|[76]|obj|SObjectData|true|false
17:16:57.386 (386445700)|VARIABLE_ASSIGNMENT|[76]|obj|{"fieldMap":"0x793a960e","sObjectType":"Risk__Impact_Categor (4 more) ..."}|0x2f1700b3
17:16:57.386 (386452197)|STATEMENT_EXECUTE|[76]
17:16:57.386 (386454562)|STATEMENT_EXECUTE|[77]
17:16:57.386 (386464653)|METHOD_ENTRY|[77]|01p58000000n6Fr|SObjectData.getFieldMap()
17:16:57.386 (386482364)|VARIABLE_SCOPE_BEGIN|[73]|this|SObjectData|true|false
17:16:57.386 (386509134)|VARIABLE_ASSIGNMENT|[73]|this|{"fieldMap":"0x793a960e","sObjectType":"Risk__Impact_Categor (4 more) ..."}|0x2f1700b3
17:16:57.386 (386519672)|HEAP_ALLOCATE|[74]|Bytes:5
17:16:57.386 (386524435)|STATEMENT_EXECUTE|[73]
17:16:57.386 (386526742)|STATEMENT_EXECUTE|[74]
17:16:57.386 (386534887)|METHOD_EXIT|[77]|01p58000000n6Fr|SObjectData.getFieldMap()
17:16:57.386 (386569017)|HEAP_ALLOCATE|[77]|Bytes:8
17:16:57.386 (386580395)|HEAP_ALLOCATE|[77]|Bytes:15
17:16:57.386 (386608104)|USER_DEBUG|[77]|DEBUG|Cost IC Created
17:16:57.386 (386618863)|STATEMENT_EXECUTE|[78]
17:16:57.386 (386629069)|METHOD_ENTRY|[78]|01p58000000n6rI|SObjectUtility.generateRandomString(Integer)
17:16:57.386 (386649076)|HEAP_ALLOCATE|[97]|Bytes:4
17:16:57.386 (386654111)|VARIABLE_SCOPE_BEGIN|[96]|len|Integer|false|false
17:16:57.386 (386662679)|VARIABLE_ASSIGNMENT|[96]|len|18
17:16:57.386 (386670416)|HEAP_ALLOCATE|[97]|Bytes:5
17:16:57.386 (386674353)|STATEMENT_EXECUTE|[96]
17:16:57.386 (386676641)|STATEMENT_EXECUTE|[97]
17:16:57.386 (386681395)|VARIABLE_SCOPE_BEGIN|[97]|chars|String|false|false
17:16:57.386 (386690326)|VARIABLE_ASSIGNMENT|[97]|chars|"ABCDEFGHIJKLMNOPQRST (42 more) ..."
17:16:57.386 (386693600)|STATEMENT_EXECUTE|[98]
17:16:57.386 (386697008)|VARIABLE_SCOPE_BEGIN|[98]|randStr|String|false|false
17:16:57.386 (386702893)|VARIABLE_ASSIGNMENT|[98]|randStr|""
17:16:57.386 (386731466)|STATEMENT_EXECUTE|[99]
17:16:57.386 (386734354)|STATEMENT_EXECUTE|[100]
17:16:57.386 (386874949)|VARIABLE_SCOPE_BEGIN|[100]|idx|Integer|false|false
17:16:57.386 (386879828)|HEAP_ALLOCATE|[100]|Bytes:4
17:16:57.386 (386888500)|VARIABLE_ASSIGNMENT|[100]|idx|47
17:16:57.386 (386892303)|STATEMENT_EXECUTE|[101]
17:16:57.386 (386921828)|HEAP_ALLOCATE|[101]|Bytes:1
17:16:57.386 (386939489)|HEAP_ALLOCATE|[101]|Bytes:1
17:16:57.386 (386948855)|VARIABLE_ASSIGNMENT|[101]|randStr|"l"
17:16:57.386 (386969759)|STATEMENT_EXECUTE|[99]
17:16:57.386 (386972475)|STATEMENT_EXECUTE|[100]
17:16:57.387 (387076470)|VARIABLE_SCOPE_BEGIN|[100]|idx|Integer|false|false
17:16:57.387 (387082124)|HEAP_ALLOCATE|[100]|Bytes:4
17:16:57.387 (387090419)|VARIABLE_ASSIGNMENT|[100]|idx|44
17:16:57.387 (387093718)|STATEMENT_EXECUTE|[101]
17:16:57.387 (387117381)|HEAP_ALLOCATE|[101]|Bytes:1
17:16:57.387 (387134188)|HEAP_ALLOCATE|[101]|Bytes:2
17:16:57.387 (387143265)|VARIABLE_ASSIGNMENT|[101]|randStr|"li"
17:16:57.387 (387163532)|STATEMENT_EXECUTE|[99]
17:16:57.387 (387166248)|STATEMENT_EXECUTE|[100]
17:16:57.387 (387258269)|VARIABLE_SCOPE_BEGIN|[100]|idx|Integer|false|false
17:16:57.387 (387262687)|HEAP_ALLOCATE|[100]|Bytes:4
17:16:57.387 (387270495)|VARIABLE_ASSIGNMENT|[100]|idx|12
17:16:57.387 (387274236)|STATEMENT_EXECUTE|[101]
17:16:57.387 (387297153)|HEAP_ALLOCATE|[101]|Bytes:1
17:16:57.387 (387313457)|HEAP_ALLOCATE|[101]|Bytes:3
17:16:57.387 (387322399)|VARIABLE_ASSIGNMENT|[101]|randStr|"liM"
17:16:57.387 (387342820)|STATEMENT_EXECUTE|[99]
17:16:57.387 (387345399)|STATEMENT_EXECUTE|[100]
17:16:57.387 (387436319)|VARIABLE_SCOPE_BEGIN|[100]|idx|Integer|false|false
17:16:57.387 (387440720)|HEAP_ALLOCATE|[100]|Bytes:4
17:16:57.387 (387448415)|VARIABLE_ASSIGNMENT|[100]|idx|2
17:16:57.387 (387451769)|STATEMENT_EXECUTE|[101]
17:16:57.387 (387474169)|HEAP_ALLOCATE|[101]|Bytes:1
17:16:57.387 (387490197)|HEAP_ALLOCATE|[101]|Bytes:4
17:16:57.387 (387499022)|VARIABLE_ASSIGNMENT|[101]|randStr|"liMC"
17:16:57.387 (387519181)|STATEMENT_EXECUTE|[99]
17:16:57.387 (387521794)|STATEMENT_EXECUTE|[100]
17:16:57.387 (387611291)|VARIABLE_SCOPE_BEGIN|[100]|idx|Integer|false|false
17:16:57.387 (387615622)|HEAP_ALLOCATE|[100]|Bytes:4
17:16:57.387 (387623353)|VARIABLE_ASSIGNMENT|[100]|idx|53
17:16:57.387 (387626723)|STATEMENT_EXECUTE|[101]
17:16:57.387 (387649407)|HEAP_ALLOCATE|[101]|Bytes:1
17:16:57.387 (387665783)|HEAP_ALLOCATE|[101]|Bytes:5
17:16:57.387 (387674733)|VARIABLE_ASSIGNMENT|[101]|randStr|"liMCr"
17:16:57.387 (387694759)|STATEMENT_EXECUTE|[99]
17:16:57.387 (387697489)|STATEMENT_EXECUTE|[100]
17:16:57.387 (387788017)|VARIABLE_SCOPE_BEGIN|[100]|idx|Integer|false|false
17:16:57.387 (387792389)|HEAP_ALLOCATE|[100]|Bytes:4
17:16:57.387 (387799980)|VARIABLE_ASSIGNMENT|[100]|idx|61
17:16:57.387 (387803277)|STATEMENT_EXECUTE|[101]
17:16:57.387 (387825818)|HEAP_ALLOCATE|[101]|Bytes:1
17:16:57.387 (387842186)|HEAP_ALLOCATE|[101]|Bytes:6
17:16:57.387 (387851073)|VARIABLE_ASSIGNMENT|[101]|randStr|"liMCrz"
17:16:57.387 (387871039)|STATEMENT_EXECUTE|[99]
17:16:57.387 (387873675)|STATEMENT_EXECUTE|[100]
17:16:57.387 (387965850)|VARIABLE_SCOPE_BEGIN|[100]|idx|Integer|false|false
17:16:57.387 (387970202)|HEAP_ALLOCATE|[100]|Bytes:4
17:16:57.387 (387978021)|VARIABLE_ASSIGNMENT|[100]|idx|9
17:16:57.387 (387981341)|STATEMENT_EXECUTE|[101]
17:16:57.388 (388003744)|HEAP_ALLOCATE|[101]|Bytes:1
17:16:57.388 (388025379)|HEAP_ALLOCATE|[101]|Bytes:7
17:16:57.388 (388035014)|VARIABLE_ASSIGNMENT|[101]|randStr|"liMCrzJ"
17:16:57.388 (388055504)|STATEMENT_EXECUTE|[99]
17:16:57.388 (388058259)|STATEMENT_EXECUTE|[100]
17:16:57.388 (388148469)|VARIABLE_SCOPE_BEGIN|[100]|idx|Integer|false|false
17:16:57.388 (388152703)|HEAP_ALLOCATE|[100]|Bytes:4
17:16:57.388 (388160456)|VARIABLE_ASSIGNMENT|[100]|idx|59
17:16:57.388 (388163754)|STATEMENT_EXECUTE|[101]
17:16:57.388 (388186096)|HEAP_ALLOCATE|[101]|Bytes:1
17:16:57.388 (388202335)|HEAP_ALLOCATE|[101]|Bytes:8
17:16:57.388 (388211296)|VARIABLE_ASSIGNMENT|[101]|randStr|"liMCrzJx"
17:16:57.388 (388231353)|STATEMENT_EXECUTE|[99]
17:16:57.388 (388234223)|STATEMENT_EXECUTE|[100]
17:16:57.388 (388333512)|VARIABLE_SCOPE_BEGIN|[100]|idx|Integer|false|false
17:16:57.388 (388337912)|HEAP_ALLOCATE|[100]|Bytes:4
17:16:57.388 (388345823)|VARIABLE_ASSIGNMENT|[100]|idx|18
17:16:57.388 (388349231)|STATEMENT_EXECUTE|[101]
17:16:57.388 (388372017)|HEAP_ALLOCATE|[101]|Bytes:1
17:16:57.388 (388388116)|HEAP_ALLOCATE|[101]|Bytes:9
17:16:57.388 (388397169)|VARIABLE_ASSIGNMENT|[101]|randStr|"liMCrzJxS"
17:16:57.388 (388417234)|STATEMENT_EXECUTE|[99]
17:16:57.388 (388419969)|STATEMENT_EXECUTE|[100]
17:16:57.388 (388522133)|VARIABLE_SCOPE_BEGIN|[100]|idx|Integer|false|false
17:16:57.388 (388526606)|HEAP_ALLOCATE|[100]|Bytes:4
17:16:57.388 (388534432)|VARIABLE_ASSIGNMENT|[100]|idx|33
17:16:57.388 (388537713)|STATEMENT_EXECUTE|[101]
17:16:57.388 (388560298)|HEAP_ALLOCATE|[101]|Bytes:1
17:16:57.388 (388576726)|HEAP_ALLOCATE|[101]|Bytes:10
17:16:57.388 (388586038)|VARIABLE_ASSIGNMENT|[101]|randStr|"liMCrzJxS7"
17:16:57.388 (388606128)|STATEMENT_EXECUTE|[99]
17:16:57.388 (388608696)|STATEMENT_EXECUTE|[100]
17:16:57.388 (388698253)|VARIABLE_SCOPE_BEGIN|[100]|idx|Integer|false|false
17:16:57.388 (388702571)|HEAP_ALLOCATE|[100]|Bytes:4
17:16:57.388 (388710248)|VARIABLE_ASSIGNMENT|[100]|idx|6
17:16:57.388 (388713545)|STATEMENT_EXECUTE|[101]
17:16:57.388 (388736284)|HEAP_ALLOCATE|[101]|Bytes:1
17:16:57.388 (388752534)|HEAP_ALLOCATE|[101]|Bytes:11
17:16:57.388 (388761597)|VARIABLE_ASSIGNMENT|[101]|randStr|"liMCrzJxS7G"
17:16:57.388 (388781484)|STATEMENT_EXECUTE|[99]
17:16:57.388 (388784132)|STATEMENT_EXECUTE|[100]
17:16:57.388 (388876191)|VARIABLE_SCOPE_BEGIN|[100]|idx|Integer|false|false
17:16:57.388 (388880717)|HEAP_ALLOCATE|[100]|Bytes:4
17:16:57.388 (388888649)|VARIABLE_ASSIGNMENT|[100]|idx|59
17:16:57.388 (388891860)|STATEMENT_EXECUTE|[101]
17:16:57.388 (388914307)|HEAP_ALLOCATE|[101]|Bytes:1
17:16:57.388 (388930802)|HEAP_ALLOCATE|[101]|Bytes:12
17:16:57.388 (388939850)|VARIABLE_ASSIGNMENT|[101]|randStr|"liMCrzJxS7Gx"
17:16:57.388 (388959951)|STATEMENT_EXECUTE|[99]
17:16:57.388 (388962620)|STATEMENT_EXECUTE|[100]
17:16:57.389 (389065228)|VARIABLE_SCOPE_BEGIN|[100]|idx|Integer|false|false
17:16:57.389 (389070556)|HEAP_ALLOCATE|[100]|Bytes:4
17:16:57.389 (389078786)|VARIABLE_ASSIGNMENT|[100]|idx|42
17:16:57.389 (389082111)|STATEMENT_EXECUTE|[101]
17:16:57.389 (389105726)|HEAP_ALLOCATE|[101]|Bytes:1
17:16:57.389 (389122215)|HEAP_ALLOCATE|[101]|Bytes:13
17:16:57.389 (389131322)|VARIABLE_ASSIGNMENT|[101]|randStr|"liMCrzJxS7Gxg"
17:16:57.389 (389155899)|STATEMENT_EXECUTE|[99]
17:16:57.389 (389158775)|STATEMENT_EXECUTE|[100]
17:16:57.389 (389249328)|VARIABLE_SCOPE_BEGIN|[100]|idx|Integer|false|false
17:16:57.389 (389253797)|HEAP_ALLOCATE|[100]|Bytes:4
17:16:57.389 (389261674)|VARIABLE_ASSIGNMENT|[100]|idx|29
17:16:57.389 (389265006)|STATEMENT_EXECUTE|[101]
17:16:57.389 (389287610)|HEAP_ALLOCATE|[101]|Bytes:1
17:16:57.389 (389303641)|HEAP_ALLOCATE|[101]|Bytes:14
17:16:57.389 (389312957)|VARIABLE_ASSIGNMENT|[101]|randStr|"liMCrzJxS7Gxg3"
17:16:57.389 (389332892)|STATEMENT_EXECUTE|[99]
17:16:57.389 (389335528)|STATEMENT_EXECUTE|[100]
17:16:57.389 (389425330)|VARIABLE_SCOPE_BEGIN|[100]|idx|Integer|false|false
17:16:57.389 (389429642)|HEAP_ALLOCATE|[100]|Bytes:4
17:16:57.389 (389437484)|VARIABLE_ASSIGNMENT|[100]|idx|56
17:16:57.389 (389440711)|STATEMENT_EXECUTE|[101]
17:16:57.389 (389463241)|HEAP_ALLOCATE|[101]|Bytes:1
17:16:57.389 (389479652)|HEAP_ALLOCATE|[101]|Bytes:15
17:16:57.389 (389488855)|VARIABLE_ASSIGNMENT|[101]|randStr|"liMCrzJxS7Gxg3u"
17:16:57.389 (389509025)|STATEMENT_EXECUTE|[99]
17:16:57.389 (389511697)|STATEMENT_EXECUTE|[100]
17:16:57.389 (389601288)|VARIABLE_SCOPE_BEGIN|[100]|idx|Integer|false|false
17:16:57.389 (389605612)|HEAP_ALLOCATE|[100]|Bytes:4
17:16:57.389 (389613250)|VARIABLE_ASSIGNMENT|[100]|idx|15
17:16:57.389 (389616530)|STATEMENT_EXECUTE|[101]
17:16:57.389 (389638698)|HEAP_ALLOCATE|[101]|Bytes:1
17:16:57.389 (389655165)|HEAP_ALLOCATE|[101]|Bytes:16
17:16:57.389 (389664337)|VARIABLE_ASSIGNMENT|[101]|randStr|"liMCrzJxS7Gxg3uP"
17:16:57.389 (389684477)|STATEMENT_EXECUTE|[99]
17:16:57.389 (389687107)|STATEMENT_EXECUTE|[100]
17:16:57.389 (389788017)|VARIABLE_SCOPE_BEGIN|[100]|idx|Integer|false|false
17:16:57.389 (389792457)|HEAP_ALLOCATE|[100]|Bytes:4
17:16:57.389 (389800242)|VARIABLE_ASSIGNMENT|[100]|idx|32
17:16:57.389 (389803554)|STATEMENT_EXECUTE|[101]
17:16:57.389 (389826351)|HEAP_ALLOCATE|[101]|Bytes:1
17:16:57.389 (389842737)|HEAP_ALLOCATE|[101]|Bytes:17
17:16:57.389 (389851861)|VARIABLE_ASSIGNMENT|[101]|randStr|"liMCrzJxS7Gxg3uP6"
17:16:57.389 (389872011)|STATEMENT_EXECUTE|[99]
17:16:57.389 (389874592)|STATEMENT_EXECUTE|[100]
17:16:57.389 (389963790)|VARIABLE_SCOPE_BEGIN|[100]|idx|Integer|false|false
17:16:57.389 (389968127)|HEAP_ALLOCATE|[100]|Bytes:4
17:16:57.389 (389975708)|VARIABLE_ASSIGNMENT|[100]|idx|37
17:16:57.389 (389978935)|STATEMENT_EXECUTE|[101]
17:16:57.390 (390001227)|HEAP_ALLOCATE|[101]|Bytes:1
17:16:57.390 (390022711)|HEAP_ALLOCATE|[101]|Bytes:18
17:16:57.390 (390032635)|VARIABLE_ASSIGNMENT|[101]|randStr|"liMCrzJxS7Gxg3uP6b"
17:16:57.390 (390053450)|STATEMENT_EXECUTE|[103]
17:16:57.390 (390061212)|METHOD_EXIT|[78]|01p58000000n6rI|SObjectUtility.generateRandomString(Integer)
17:16:57.390 (390066323)|VARIABLE_SCOPE_BEGIN|[78]|rId|String|false|false
17:16:57.390 (390074018)|VARIABLE_ASSIGNMENT|[78]|rId|"liMCrzJxS7Gxg3uP6b"
17:16:57.390 (390077359)|STATEMENT_EXECUTE|[79]
17:16:57.390 (390086993)|METHOD_ENTRY|[79]|01p58000000n6rI|SObjectUtility.createSObject(SObjectData)
17:16:57.390 (390106125)|VARIABLE_SCOPE_BEGIN|[11]|this|SObjectUtility|true|false
17:16:57.390 (390132783)|VARIABLE_ASSIGNMENT|[11]|this|{"childrenMap":"0x56013493"}|0x5cd0eadc
17:16:57.390 (390138254)|VARIABLE_SCOPE_BEGIN|[11]|obj|SObjectData|true|false
17:16:57.390 (390160574)|VARIABLE_ASSIGNMENT|[11]|obj|{"fieldMap":"0x793a960e","sObjectType":"Risk__Impact_Categor (4 more) ..."}|0x2f1700b3
17:16:57.390 (390170911)|HEAP_ALLOCATE|[12]|Bytes:5
17:16:57.390 (390175743)|STATEMENT_EXECUTE|[11]
17:16:57.393 (393125640)|HEAP_ALLOCATE|[12]|Bytes:1796
17:16:57.393 (393145161)|METHOD_ENTRY|[12]|01p58000000n6Fr|SObjectData.getSObjectType()
17:16:57.393 (393151349)|VARIABLE_SCOPE_BEGIN|[77]|this|SObjectData|true|false
17:16:57.393 (393184146)|VARIABLE_ASSIGNMENT|[77]|this|{"fieldMap":"0x793a960e","sObjectType":"Risk__Impact_Categor (4 more) ..."}|0x2f1700b3
17:16:57.393 (393194618)|HEAP_ALLOCATE|[78]|Bytes:5
17:16:57.393 (393199694)|STATEMENT_EXECUTE|[77]
17:16:57.393 (393202130)|STATEMENT_EXECUTE|[78]
17:16:57.393 (393210334)|METHOD_EXIT|[12]|01p58000000n6Fr|SObjectData.getSObjectType()
17:16:57.393 (393245974)|STATEMENT_EXECUTE|[12]
17:16:57.393 (393249269)|STATEMENT_EXECUTE|[15]
17:16:57.396 (396174796)|HEAP_ALLOCATE|[15]|Bytes:1796
17:16:57.396 (396194285)|METHOD_ENTRY|[15]|01p58000000n6Fr|SObjectData.getSObjectType()
17:16:57.396 (396200385)|VARIABLE_SCOPE_BEGIN|[77]|this|SObjectData|true|false
17:16:57.396 (396233383)|VARIABLE_ASSIGNMENT|[77]|this|{"fieldMap":"0x793a960e","sObjectType":"Risk__Impact_Categor (4 more) ..."}|0x2f1700b3
17:16:57.396 (396244254)|HEAP_ALLOCATE|[78]|Bytes:5
17:16:57.396 (396249194)|STATEMENT_EXECUTE|[77]
17:16:57.396 (396251617)|STATEMENT_EXECUTE|[78]
17:16:57.396 (396259883)|METHOD_EXIT|[15]|01p58000000n6Fr|SObjectData.getSObjectType()
17:16:57.396 (396382099)|HEAP_ALLOCATE|[15]|Bytes:4
17:16:57.396 (396397546)|VARIABLE_SCOPE_BEGIN|[15]|sObj|SObject|true|false
17:16:57.396 (396412159)|VARIABLE_ASSIGNMENT|[15]|sObj|{}|0x1c75968
17:16:57.396 (396419012)|HEAP_ALLOCATE|[16]|Bytes:4
17:16:57.396 (396435515)|METHOD_ENTRY|[16]|01p58000000n6Fr|SObjectData.getFieldMap()
17:16:57.396 (396440693)|VARIABLE_SCOPE_BEGIN|[73]|this|SObjectData|true|false
17:16:57.396 (396470835)|VARIABLE_ASSIGNMENT|[73]|this|{"fieldMap":"0x793a960e","sObjectType":"Risk__Impact_Categor (4 more) ..."}|0x2f1700b3
17:16:57.396 (396481082)|HEAP_ALLOCATE|[74]|Bytes:5
17:16:57.396 (396485711)|STATEMENT_EXECUTE|[73]
17:16:57.396 (396488049)|STATEMENT_EXECUTE|[74]
17:16:57.396 (396496045)|METHOD_EXIT|[16]|01p58000000n6Fr|SObjectData.getFieldMap()
17:16:57.396 (396523008)|HEAP_ALLOCATE|[16]|Bytes:37
17:16:57.396 (396550707)|HEAP_ALLOCATE|[16]|Bytes:8
17:16:57.396 (396583991)|HEAP_ALLOCATE|[16]|Bytes:5
17:16:57.396 (396598488)|VARIABLE_SCOPE_BEGIN|[16]|field|String|false|false
17:16:57.396 (396608595)|VARIABLE_ASSIGNMENT|[16]|field|"Name"
17:16:57.396 (396612454)|STATEMENT_EXECUTE|[16]
17:16:57.396 (396614684)|STATEMENT_EXECUTE|[17]
17:16:57.396 (396621320)|METHOD_ENTRY|[17]|01p58000000n6Fr|SObjectData.getFieldMap()
17:16:57.396 (396626007)|VARIABLE_SCOPE_BEGIN|[73]|this|SObjectData|true|false
17:16:57.396 (396653551)|VARIABLE_ASSIGNMENT|[73]|this|{"fieldMap":"0x793a960e","sObjectType":"Risk__Impact_Categor (4 more) ..."}|0x2f1700b3
17:16:57.396 (396663443)|HEAP_ALLOCATE|[74]|Bytes:5
17:16:57.396 (396667922)|STATEMENT_EXECUTE|[73]
17:16:57.396 (396670149)|STATEMENT_EXECUTE|[74]
17:16:57.396 (396677895)|METHOD_EXIT|[17]|01p58000000n6Fr|SObjectData.getFieldMap()
17:16:57.396 (396706670)|VARIABLE_SCOPE_BEGIN|[17]|value|String|false|false
17:16:57.396 (396715718)|VARIABLE_ASSIGNMENT|[17]|value|"Cost IC"
17:16:57.396 (396719163)|STATEMENT_EXECUTE|[18]
17:16:57.405 (405015314)|HEAP_ALLOCATE|[16]|Bytes:5
17:16:57.405 (405037058)|VARIABLE_SCOPE_BEGIN|[16]|field|String|false|false
17:16:57.405 (405050238)|VARIABLE_ASSIGNMENT|[16]|field|"Risk__Type_Of_Risk__ (1 more) ..."
17:16:57.405 (405054599)|STATEMENT_EXECUTE|[16]
17:16:57.405 (405057170)|STATEMENT_EXECUTE|[17]
17:16:57.405 (405064898)|METHOD_ENTRY|[17]|01p58000000n6Fr|SObjectData.getFieldMap()
17:16:57.405 (405070489)|VARIABLE_SCOPE_BEGIN|[73]|this|SObjectData|true|false
17:16:57.405 (405102567)|VARIABLE_ASSIGNMENT|[73]|this|{"fieldMap":"0x793a960e","sObjectType":"Risk__Impact_Categor (4 more) ..."}|0x2f1700b3
17:16:57.405 (405113702)|HEAP_ALLOCATE|[74]|Bytes:5
17:16:57.405 (405118877)|STATEMENT_EXECUTE|[73]
17:16:57.405 (405121151)|STATEMENT_EXECUTE|[74]
17:16:57.405 (405129783)|METHOD_EXIT|[17]|01p58000000n6Fr|SObjectData.getFieldMap()
17:16:57.405 (405161789)|VARIABLE_SCOPE_BEGIN|[17]|value|String|false|false
17:16:57.405 (405171595)|VARIABLE_ASSIGNMENT|[17]|value|"Time"
17:16:57.405 (405175100)|STATEMENT_EXECUTE|[18]
17:16:57.405 (405299598)|HEAP_ALLOCATE|[16]|Bytes:5
17:16:57.405 (405317305)|VARIABLE_ASSIGNMENT|[16]|field|null
17:16:57.405 (405321754)|STATEMENT_EXECUTE|[21]
17:16:57.405 (405329772)|METHOD_EXIT|[79]|01p58000000n6rI|SObjectUtility.createSObject(SObjectData)
17:16:57.405 (405356234)|HEAP_ALLOCATE|[EXTERNAL]|Bytes:-4
17:16:57.405 (405377880)|METHOD_ENTRY|[80]|01p58000000n6Fr|SObjectData.getChildren()
17:16:57.405 (405398937)|VARIABLE_SCOPE_BEGIN|[81]|this|SObjectData|true|false
17:16:57.405 (405431577)|VARIABLE_ASSIGNMENT|[81]|this|{"fieldMap":"0x793a960e","sObjectType":"Risk__Impact_Categor (4 more) ..."}|0x2f1700b3
17:16:57.405 (405442298)|HEAP_ALLOCATE|[82]|Bytes:5
17:16:57.405 (405447531)|STATEMENT_EXECUTE|[81]
17:16:57.405 (405450996)|STATEMENT_EXECUTE|[82]
17:16:57.405 (405453118)|STATEMENT_EXECUTE|[83]
17:16:57.405 (405458561)|HEAP_ALLOCATE|[83]|Bytes:4
17:16:57.405 (405493366)|VARIABLE_ASSIGNMENT|[83]|this.children|{"s":1,"v":{}}|0x2f1700b3
17:16:57.405 (405498987)|STATEMENT_EXECUTE|[85]
17:16:57.405 (405508475)|METHOD_EXIT|[80]|01p58000000n6Fr|SObjectData.getChildren()
17:16:57.405 (405528364)|STATEMENT_EXECUTE|[80]
17:16:57.405 (405543975)|HEAP_ALLOCATE|[76]|Bytes:5
17:16:57.405 (405559052)|VARIABLE_ASSIGNMENT|[76]|obj|null|
17:16:57.405 (405563093)|STATEMENT_EXECUTE|[85]
17:16:57.405 (405573270)|HEAP_ALLOCATE|[85]|Bytes:4
17:16:57.405 (405584500)|VARIABLE_SCOPE_BEGIN|[85]|bufferMap|Map<String,Map<String,SObject>>|true|false
17:16:57.405 (405605762)|VARIABLE_ASSIGNMENT|[85]|bufferMap|{"s":1,"v":{}}|0x78bdbbde
17:16:57.405 (405611377)|STATEMENT_EXECUTE|[86]
17:16:57.405 (405659520)|HEAP_ALLOCATE|[EXTERNAL]|Bytes:-4
17:16:57.405 (405728708)|STATEMENT_EXECUTE|[89]
17:16:57.405 (405732277)|STATEMENT_EXECUTE|[90]
17:16:57.405 (405769654)|HEAP_ALLOCATE|[EXTERNAL]|Bytes:-4
17:16:57.405 (405799518)|HEAP_ALLOCATE|[72]|Bytes:5
17:16:57.405 (405816246)|VARIABLE_ASSIGNMENT|[72]|relationshipKey|null
17:16:57.405 (405827716)|METHOD_EXIT|[64]|01p58000000n6rI|SObjectUtility.createChildren(String, Map<String,List<SObjectData>>)
17:16:57.405 (405842833)|HEAP_ALLOCATE|[60]|Bytes:5
17:16:57.405 (405860591)|VARIABLE_ASSIGNMENT|[60]|obj|null|
17:16:57.405 (405864982)|STATEMENT_EXECUTE|[67]
17:16:57.405 (405872805)|METHOD_EXIT|[6]|01p58000000n6rI|SObjectUtility.createRoot(List<SObjectData>)
17:16:57.405 (405878615)|VARIABLE_SCOPE_BEGIN|[6]|root|Map<String,SObject>|true|false
17:16:57.405 (405904797)|VARIABLE_ASSIGNMENT|[6]|root|{"s":1,"v":{"sENqklFDJ7vngnDYE3":{"Name":"Scoring Scheme 5x5","RecordTypeId":"012580000000H5p"}}}|0x1a71b0ad
17:16:57.405 (405910591)|STATEMENT_EXECUTE|[7]
17:16:57.405 (405927795)|METHOD_ENTRY|[7]|01p58000000n6rI|SObjectUtility.insertSObjects(Map<String,SObject>)
17:16:57.405 (405958308)|VARIABLE_SCOPE_BEGIN|[24]|this|SObjectUtility|true|false
17:16:57.405 (405985092)|VARIABLE_ASSIGNMENT|[24]|this|{"childrenMap":"0x56013493"}|0x5cd0eadc
17:16:57.405 (405991786)|VARIABLE_SCOPE_BEGIN|[24]|objMap|Map<String,SObject>|true|false
17:16:57.406 (406012893)|VARIABLE_ASSIGNMENT|[24]|objMap|{"s":1,"v":{"sENqklFDJ7vngnDYE3":{"Name":"Scoring Scheme 5x5","RecordTypeId":"012580000000H5p"}}}|0x1a71b0ad
17:16:57.406 (406026930)|HEAP_ALLOCATE|[25]|Bytes:5
17:16:57.406 (406032314)|STATEMENT_EXECUTE|[24]
17:16:57.406 (406034711)|STATEMENT_EXECUTE|[25]
17:16:57.406 (406036568)|STATEMENT_EXECUTE|[25]
17:16:57.406 (406038506)|STATEMENT_EXECUTE|[26]
17:16:57.406 (406043393)|HEAP_ALLOCATE|[26]|Bytes:4
17:16:57.406 (406050773)|VARIABLE_SCOPE_BEGIN|[26]|childMap|Map<String,SObject>|true|false
17:16:57.406 (406070644)|VARIABLE_ASSIGNMENT|[26]|childMap|{"s":1,"v":{}}|0x13901daf
17:16:57.406 (406075630)|STATEMENT_EXECUTE|[27]
17:16:57.406 (406124010)|HEAP_ALLOCATE|[EXTERNAL]|Bytes:8
17:16:57.406 (406138254)|HEAP_ALLOCATE|[27]|Bytes:69
17:16:57.406 (406217249)|DML_BEGIN|[27]|Op:Insert|Type:SObject|Rows:1
17:16:57.406 (406252569)|HEAP_ALLOCATE|[EXTERNAL]|Bytes:8
17:16:57.450 (450554467)|DML_END|[27]
17:16:57.450 (450652308)|HEAP_ALLOCATE|[EXTERNAL]|Bytes:8
17:16:57.450 (450667097)|HEAP_ALLOCATE|[28]|Bytes:4
17:16:57.450 (450727341)|HEAP_ALLOCATE|[28]|Bytes:26
17:16:57.450 (450767586)|HEAP_ALLOCATE|[28]|Bytes:4
17:16:57.450 (450808198)|HEAP_ALLOCATE|[28]|Bytes:5
17:16:57.450 (450827292)|VARIABLE_SCOPE_BEGIN|[28]|key|String|false|false
17:16:57.450 (450839515)|VARIABLE_ASSIGNMENT|[28]|key|"sENqklFDJ7vngnDYE3"
17:16:57.450 (450844300)|STATEMENT_EXECUTE|[28]
17:16:57.450 (450850306)|HEAP_ALLOCATE|[29]|Bytes:4
17:16:57.450 (450902958)|HEAP_ALLOCATE|[29]|Bytes:31
17:16:57.450 (450931755)|HEAP_ALLOCATE|[29]|Bytes:4
17:16:57.450 (450967349)|HEAP_ALLOCATE|[29]|Bytes:5
17:16:57.450 (450984632)|VARIABLE_SCOPE_BEGIN|[29]|relationshipKey|String|false|false
17:16:57.450 (450996909)|VARIABLE_ASSIGNMENT|[29]|relationshipKey|"Risk__Scoring_Scheme (3 more) ..."
17:16:57.451 (451001084)|STATEMENT_EXECUTE|[29]
17:16:57.451 (451086485)|STATEMENT_EXECUTE|[31]
17:16:57.451 (451090242)|STATEMENT_EXECUTE|[32]
17:16:57.451 (451197371)|HEAP_ALLOCATE|[32]|Bytes:18
17:16:57.451 (451273663)|METHOD_ENTRY|[32]|01p58000000n6rI|SObjectUtility.buildRelationships(String, String, Map<String,SObject>)
17:16:57.451 (451282715)|VARIABLE_SCOPE_BEGIN|[47]|this|SObjectUtility|true|false
17:16:57.451 (451311727)|VARIABLE_ASSIGNMENT|[47]|this|{"childrenMap":"0x56013493"}|0x5cd0eadc
17:16:57.451 (451318536)|VARIABLE_SCOPE_BEGIN|[47]|field|String|false|false
17:16:57.451 (451326107)|VARIABLE_ASSIGNMENT|[47]|field|"Risk__Scoring_Scheme (3 more) ..."
17:16:57.451 (451329537)|VARIABLE_SCOPE_BEGIN|[47]|parentId|String|false|false
17:16:57.451 (451334987)|VARIABLE_ASSIGNMENT|[47]|parentId|"a0u58000000PNVAAA4"
17:16:57.451 (451338657)|VARIABLE_SCOPE_BEGIN|[47]|objMap|Map<String,SObject>|true|false
17:16:57.451 (451359735)|VARIABLE_ASSIGNMENT|[47]|objMap|{"s":1,"v":{"liMCrzJxS7Gxg3uP6b":{"Name":"Cost IC","Risk__Type_of_Risk__ (1 more) ...":"Time"}}}|0x7accf8bc
17:16:57.451 (451372052)|HEAP_ALLOCATE|[48]|Bytes:5
17:16:57.451 (451377566)|STATEMENT_EXECUTE|[47]
17:16:57.451 (451379912)|STATEMENT_EXECUTE|[48]
17:16:57.451 (451381793)|STATEMENT_EXECUTE|[48]
17:16:57.451 (451386988)|HEAP_ALLOCATE|[49]|Bytes:4
17:16:57.451 (451437556)|HEAP_ALLOCATE|[49]|Bytes:26
17:16:57.451 (451466171)|HEAP_ALLOCATE|[49]|Bytes:4
17:16:57.451 (451502387)|HEAP_ALLOCATE|[49]|Bytes:5
17:16:57.451 (451519661)|VARIABLE_SCOPE_BEGIN|[49]|key|String|false|false
17:16:57.451 (451530198)|VARIABLE_ASSIGNMENT|[49]|key|"liMCrzJxS7Gxg3uP6b"
17:16:57.451 (451534206)|STATEMENT_EXECUTE|[49]
17:16:57.451 (451536530)|STATEMENT_EXECUTE|[50]
17:16:57.451 (451728713)|HEAP_ALLOCATE|[49]|Bytes:5
17:16:57.451 (451746177)|VARIABLE_ASSIGNMENT|[49]|key|null
17:16:57.451 (451750841)|STATEMENT_EXECUTE|[52]
17:16:57.451 (451759749)|METHOD_EXIT|[32]|01p58000000n6rI|SObjectUtility.buildRelationships(String, String, Map<String,SObject>)
17:16:57.451 (451794018)|HEAP_ALLOCATE|[EXTERNAL]|Bytes:-4
17:16:57.451 (451798300)|HEAP_ALLOCATE|[32]|Bytes:4
17:16:57.451 (451825216)|HEAP_ALLOCATE|[29]|Bytes:5
17:16:57.451 (451840020)|VARIABLE_ASSIGNMENT|[29]|relationshipKey|null
17:16:57.451 (451853612)|HEAP_ALLOCATE|[28]|Bytes:5
17:16:57.451 (451865229)|VARIABLE_ASSIGNMENT|[28]|key|null
17:16:57.451 (451909298)|HEAP_ALLOCATE|[37]|Bytes:26
17:16:57.451 (451942573)|STATEMENT_EXECUTE|[37]
17:16:57.451 (451945714)|STATEMENT_EXECUTE|[38]
17:16:57.451 (451954761)|METHOD_ENTRY|[38]|01p58000000n6rI|SObjectUtility.insertSObjects(Map<String,SObject>)
17:16:57.451 (451972643)|VARIABLE_SCOPE_BEGIN|[24]|this|SObjectUtility|true|false
17:16:57.452 (452000498)|VARIABLE_ASSIGNMENT|[24]|this|{"childrenMap":"0x56013493"}|0x5cd0eadc
17:16:57.452 (452006677)|VARIABLE_SCOPE_BEGIN|[24]|objMap|Map<String,SObject>|true|false
17:16:57.452 (452033884)|VARIABLE_ASSIGNMENT|[24]|objMap|{"s":1,"v":{"liMCrzJxS7Gxg3uP6b":{"Name":"Cost IC","Risk__Type_of_Risk__ (1 more) ...":"Time","Risk__Scoring_Scheme (3 more) ...":"a0u58000000PNVAAA4"}}}|0x13901daf
17:16:57.452 (452044999)|HEAP_ALLOCATE|[25]|Bytes:5
17:16:57.452 (452050059)|STATEMENT_EXECUTE|[24]
17:16:57.452 (452052370)|STATEMENT_EXECUTE|[25]
17:16:57.452 (452054246)|STATEMENT_EXECUTE|[25]
17:16:57.452 (452056277)|STATEMENT_EXECUTE|[26]
17:16:57.452 (452060415)|HEAP_ALLOCATE|[26]|Bytes:4
17:16:57.452 (452067366)|VARIABLE_SCOPE_BEGIN|[26]|childMap|Map<String,SObject>|true|false
17:16:57.452 (452086877)|VARIABLE_ASSIGNMENT|[26]|childMap|{"s":1,"v":{}}|0x346b0c7a
17:16:57.452 (452091653)|STATEMENT_EXECUTE|[27]
17:16:57.452 (452113114)|HEAP_ALLOCATE|[EXTERNAL]|Bytes:8
17:16:57.452 (452124289)|HEAP_ALLOCATE|[27]|Bytes:101
17:16:57.452 (452160177)|DML_BEGIN|[27]|Op:Insert|Type:SObject|Rows:1
17:16:57.452 (452179544)|HEAP_ALLOCATE|[EXTERNAL]|Bytes:8
17:16:57.466 (466992225)|ENTERING_MANAGED_PKG|Risk
17:16:57.474 (474053054)|SOQL_EXECUTE_BEGIN|[19]|Aggregations:1|SELECT Id, (SELECT Risk__Order__c FROM Impact_Categories__r ORDER BY Order__c DESC NULLS FIRST LIMIT 1) FROM Scoring_Scheme__c WHERE Id = :tmpVar1
17:16:57.479 (479882946)|SOQL_EXECUTE_END|[19]|Rows:1
17:16:57.481 (481534591)|SOQL_EXECUTE_BEGIN|[64]|Aggregations:1|SELECT Id, (SELECT Id, Risk__Type_of_Risk__c FROM Impact_Categories__r) FROM Scoring_Scheme__c WHERE Id = :tmpVar1
17:16:57.484 (484943140)|SOQL_EXECUTE_END|[64]|Rows:1
17:16:57.511 (511756448)|DML_END|[27]
17:16:57.511 (511790823)|HEAP_ALLOCATE|[EXTERNAL]|Bytes:8
17:16:57.511 (511804513)|HEAP_ALLOCATE|[28]|Bytes:4
17:16:57.511 (511845260)|HEAP_ALLOCATE|[28]|Bytes:26
17:16:57.511 (511876261)|HEAP_ALLOCATE|[28]|Bytes:4
17:16:57.511 (511914139)|HEAP_ALLOCATE|[28]|Bytes:5
17:16:57.511 (511930519)|VARIABLE_SCOPE_BEGIN|[28]|key|String|false|false
17:16:57.511 (511948525)|VARIABLE_ASSIGNMENT|[28]|key|"liMCrzJxS7Gxg3uP6b"
17:16:57.511 (511954113)|STATEMENT_EXECUTE|[28]
17:16:57.511 (511959383)|HEAP_ALLOCATE|[29]|Bytes:4
17:16:57.511 (511993239)|HEAP_ALLOCATE|[29]|Bytes:31
17:16:57.512 (512023505)|HEAP_ALLOCATE|[29]|Bytes:4
17:16:57.512 (512057541)|HEAP_ALLOCATE|[29]|Bytes:5
17:16:57.512 (512071740)|VARIABLE_SCOPE_BEGIN|[29]|relationshipKey|String|false|false
17:16:57.512 (512084527)|VARIABLE_ASSIGNMENT|[29]|relationshipKey|"Risk__Scoring_Scheme (3 more) ..."
17:16:57.512 (512088975)|STATEMENT_EXECUTE|[29]
17:16:57.512 (512143075)|STATEMENT_EXECUTE|[31]
17:16:57.512 (512158287)|HEAP_ALLOCATE|[29]|Bytes:5
17:16:57.512 (512173090)|VARIABLE_ASSIGNMENT|[29]|relationshipKey|null
17:16:57.512 (512186227)|HEAP_ALLOCATE|[28]|Bytes:5
17:16:57.512 (512198074)|VARIABLE_ASSIGNMENT|[28]|key|null
17:16:57.512 (512221693)|HEAP_ALLOCATE|[37]|Bytes:4
17:16:57.512 (512245410)|STATEMENT_EXECUTE|[37]
17:16:57.512 (512255938)|METHOD_EXIT|[38]|01p58000000n6rI|SObjectUtility.insertSObjects(Map<String,SObject>)
17:16:57.512 (512263498)|METHOD_EXIT|[7]|01p58000000n6rI|SObjectUtility.insertSObjects(Map<String,SObject>)
17:16:57.512 (512267478)|STATEMENT_EXECUTE|[8]
17:16:57.512 (512274365)|METHOD_EXIT|[20]|01p58000000n6rI|SObjectUtility.createSObjects(List<SObjectData>)
17:16:57.512 (512279775)|STATEMENT_EXECUTE|[22]
17:16:57.517 (517979447)|METHOD_ENTRY|[1]|01p58000000n6Yd|AppException.AppException()
17:16:57.517 (517987224)|STATEMENT_EXECUTE|[1]
17:16:57.517 (517991819)|STATEMENT_EXECUTE|[1]
17:16:57.517 (517998022)|METHOD_EXIT|[1]|AppException
17:16:57.518 (518022240)|HEAP_ALLOCATE|[22]|Bytes:28
17:16:57.518 (518030336)|HEAP_ALLOCATE|[22]|Bytes:4
17:16:57.518 (518046258)|CONSTRUCTOR_ENTRY|[22]|01p58000000n6Yd|<init>(String)
17:16:57.518 (518082116)|VARIABLE_SCOPE_BEGIN|[1]|this|AppException|true|false
17:16:57.518 (518233988)|VARIABLE_ASSIGNMENT|[1]|this|"common.apex.runtime.impl.ExecutionException"|0x19e30c8f
17:16:57.518 (518251925)|HEAP_ALLOCATE|[EXTERNAL]|Bytes:34
17:16:57.518 (518275107)|VARIABLE_SCOPE_BEGIN|[2]|this|System.ApexBaseException|true|false
17:16:57.518 (518344876)|VARIABLE_ASSIGNMENT|[2]|this|"common.apex.runtime.impl.ExecutionException"|0x37208f20
17:16:57.518 (518384260)|VARIABLE_ASSIGNMENT|[-1]|Exception.serialVersionUID|-3387516993124229948|0x3abaf15e
17:16:57.519 (519752873)|STATEMENT_EXECUTE|[1]
17:16:57.519 (519764162)|CONSTRUCTOR_EXIT|[22]|01p58000000n6Yd|<init>(String)
17:16:57.519 (519803250)|EXCEPTION_THROWN|[22]|AppException: stop
17:16:57.519 (519838919)|EXCEPTION_THROWN|[22]|AppException: stop
17:16:57.519 (519849735)|METHOD_EXIT|[34]|01p58000000n81u|ScoringSchemeHelper.create5x5ScoringScheme()
17:16:57.519 (519857584)|SYSTEM_MODE_EXIT|false
17:16:57.519 (519884699)|EXCEPTION_THROWN|[34]|AppException: stop
17:16:57.519 (519995460)|FATAL_ERROR|AppException: stop

Class.ScoringSchemeHelper.create5x5ScoringScheme: line 22, column 1
AnonymousBlock: line 34, column 1
17:16:57.520 (520045909)|CUMULATIVE_LIMIT_USAGE
17:16:57.520 (520045909)|LIMIT_USAGE_FOR_NS|(default)|
  Number of SOQL queries: 0 out of 100
  Number of query rows: 0 out of 50000
  Number of SOSL queries: 0 out of 20
  Number of DML statements: 2 out of 150
  Number of DML rows: 2 out of 10000
  Maximum CPU time: 38 out of 10000
  Maximum heap size: 0 out of 6000000
  Number of callouts: 0 out of 100
  Number of Email Invocations: 0 out of 10
  Number of future calls: 0 out of 50
  Number of queueable jobs added to the queue: 0 out of 50
  Number of Mobile Apex push calls: 0 out of 10

17:16:57.520 (520045909)|LIMIT_USAGE_FOR_NS|Risk|
  Number of SOQL queries: 2 out of 100
  Number of query rows: 2 out of 50000
  Number of SOSL queries: 0 out of 20
  Number of DML statements: 0 out of 150
  Number of DML rows: 0 out of 10000
  Maximum CPU time: 0 out of 10000
  Maximum heap size: 0 out of 6000000
  Number of callouts: 0 out of 100
  Number of Email Invocations: 0 out of 10
  Number of future calls: 0 out of 50
  Number of queueable jobs added to the queue: 0 out of 50
  Number of Mobile Apex push calls: 0 out of 10

17:16:57.520 (520045909)|CUMULATIVE_LIMIT_USAGE_END

17:16:57.520 (520120280)|CODE_UNIT_FINISHED|execute_anonymous_apex
17:16:57.521 (521543536)|EXECUTION_FINISHED
