35.0 APEX_CODE,FINEST;APEX_PROFILING,INFO;CALLOUT,INFO;DB,INFO;SYSTEM,DEBUG;VALIDATION,INFO;VISUALFORCE,INFO;WORKFLOW,INFO
10:03:37.027 (27826564)|EXECUTION_STARTED
10:03:37.027 (27871738)|CODE_UNIT_STARTED|[EXTERNAL]|01p58000000n2dy|BUTestBatch
10:03:37.029 (29748663)|HEAP_ALLOCATE|[EXTERNAL]|Bytes:8
10:03:37.030 (30006297)|HEAP_ALLOCATE|[72]|Bytes:3
10:03:37.030 (30071426)|HEAP_ALLOCATE|[77]|Bytes:152
10:03:37.030 (30095796)|HEAP_ALLOCATE|[342]|Bytes:408
10:03:37.030 (30119741)|HEAP_ALLOCATE|[355]|Bytes:408
10:03:37.030 (30142186)|HEAP_ALLOCATE|[467]|Bytes:48
10:03:37.030 (30190381)|HEAP_ALLOCATE|[139]|Bytes:6
10:03:37.041 (41326991)|HEAP_ALLOCATE|[EXTERNAL]|Bytes:52
10:03:37.041 (41339232)|HEAP_ALLOCATE|[EXTERNAL]|Bytes:9
10:03:37.041 (41360578)|METHOD_ENTRY|[1]|01p58000000n2dy|BUTestBatch.BUTestBatch()
10:03:37.041 (41366729)|STATEMENT_EXECUTE|[1]
10:03:37.041 (41372915)|STATEMENT_EXECUTE|[1]
10:03:37.041 (41380986)|METHOD_EXIT|[1]|BUTestBatch
10:03:37.041 (41388440)|HEAP_ALLOCATE|[EXTERNAL]|Bytes:8
10:03:37.041 (41392398)|HEAP_ALLOCATE|[EXTERNAL]|Bytes:12
10:03:37.041 (41402360)|VARIABLE_SCOPE_BEGIN|[20]|this|BUTestBatch|true|false
10:03:37.041 (41450658)|VARIABLE_ASSIGNMENT|[20]|this|{}|0x1b2b76c8
10:03:37.041 (41458586)|VARIABLE_SCOPE_BEGIN|[20]|BC|Database.BatchableContext|true|false
10:03:37.041 (41580909)|VARIABLE_ASSIGNMENT|[20]|BC|{"jobId":"70758000001OPlVAAW"}|0x1d1a2c9e
10:03:37.041 (41601323)|STATEMENT_EXECUTE|[20]
10:03:37.059 (59828226)|CUMULATIVE_LIMIT_USAGE
10:03:37.059 (59828226)|LIMIT_USAGE_FOR_NS|(default)|
  Number of SOQL queries: 0 out of 200
  Number of query rows: 0 out of 50000
  Number of SOSL queries: 0 out of 20
  Number of DML statements: 0 out of 150
  Number of DML rows: 0 out of 10000
  Maximum CPU time: 0 out of 60000
  Maximum heap size: 0 out of 12000000
  Number of callouts: 0 out of 0
  Number of Email Invocations: 0 out of 10
  Number of future calls: 0 out of 0
  Number of queueable jobs added to the queue: 0 out of 1
  Number of Mobile Apex push calls: 0 out of 10

10:03:37.059 (59828226)|CUMULATIVE_LIMIT_USAGE_END

10:03:37.059 (59885986)|CODE_UNIT_FINISHED|BUTestBatch
10:03:37.060 (60908230)|EXECUTION_FINISHED
