35.0 APEX_CODE,FINEST;APEX_PROFILING,INFO;CALLOUT,INFO;DB,INFO;SYSTEM,DEBUG;VALIDATION,INFO;VISUALFORCE,INFO;WORKFLOW,INFO
Execute Anonymous: /*SObjectData d = new SObjectData('Test_objects__c');
Execute Anonymous: d.addValuePair('Name', 'Parent');
Execute Anonymous: d.setParentField('Parent__c');
Execute Anonymous: 
Execute Anonymous: SObjectData d1 = new SObjectData('Test_objects__c');
Execute Anonymous: d1.addValuePair('Name', 'Child 1');
Execute Anonymous: d1.setParent(d);
Execute Anonymous: d1.setParentField('Parent__c');
Execute Anonymous: 
Execute Anonymous: SObjectData d2 = new SObjectData('Test_objects__c');
Execute Anonymous: d2.addValuePair('Name', 'Child 2');
Execute Anonymous: d2.setParent(d);
Execute Anonymous: d2.setParentField('Parent__c');
Execute Anonymous: 
Execute Anonymous: SObjectData d3 = new SObjectData('Test_objects__c');
Execute Anonymous: d3.addValuePair('Name', 'Child 3');
Execute Anonymous: d3.setParent(d);
Execute Anonymous: d3.setParentField('Parent__c');
Execute Anonymous: 
Execute Anonymous: d.addChild(d1);
Execute Anonymous: d.addChild(d2);
Execute Anonymous: d.addChild(d3);
Execute Anonymous: 
Execute Anonymous: SObjectData d4 = new SObjectData('Test_objects__c');
Execute Anonymous: d4.addValuePair('Name', 'Child 4');
Execute Anonymous: d4.setParent(d3);
Execute Anonymous: d4.setParentField('Parent__c');
Execute Anonymous: 
Execute Anonymous: d3.addChild(d4);
Execute Anonymous: 
Execute Anonymous: SObjectUtility h = new SObjectUtility();
Execute Anonymous: h.createSObjects(new List<SObjectData> { d} );*/
Execute Anonymous: 
Execute Anonymous: ScoringSchemeHelper.create5x5ScoringScheme();
17:19:09.061 (61571556)|EXECUTION_STARTED
17:19:09.061 (61584683)|CODE_UNIT_STARTED|[EXTERNAL]|execute_anonymous_apex
17:19:09.061 (61833997)|HEAP_ALLOCATE|[72]|Bytes:3
17:19:09.061 (61895405)|HEAP_ALLOCATE|[77]|Bytes:152
17:19:09.061 (61919526)|HEAP_ALLOCATE|[342]|Bytes:408
17:19:09.061 (61941842)|HEAP_ALLOCATE|[355]|Bytes:408
17:19:09.061 (61968241)|HEAP_ALLOCATE|[467]|Bytes:48
17:19:09.062 (62011447)|HEAP_ALLOCATE|[139]|Bytes:6
17:19:09.062 (62044222)|HEAP_ALLOCATE|[EXTERNAL]|Bytes:2
17:19:09.062 (62130660)|STATEMENT_EXECUTE|[1]
17:19:09.062 (62135600)|STATEMENT_EXECUTE|[34]
17:19:09.062 (62199595)|HEAP_ALLOCATE|[50]|Bytes:5
17:19:09.062 (62226913)|HEAP_ALLOCATE|[56]|Bytes:5
17:19:09.062 (62238295)|HEAP_ALLOCATE|[64]|Bytes:7
17:19:09.062 (62267925)|SYSTEM_MODE_ENTER|false
17:19:09.062 (62302760)|HEAP_ALLOCATE|[34]|Bytes:5
17:19:09.063 (63258615)|HEAP_ALLOCATE|[34]|Bytes:1
17:19:09.063 (63287302)|METHOD_ENTRY|[1]|01p58000000n81u|ScoringSchemeHelper.ScoringSchemeHelper()
17:19:09.063 (63293243)|STATEMENT_EXECUTE|[1]
17:19:09.063 (63297976)|STATEMENT_EXECUTE|[1]
17:19:09.063 (63307683)|HEAP_ALLOCATE|[34]|Bytes:5
17:19:09.063 (63319794)|METHOD_EXIT|[1]|ScoringSchemeHelper
17:19:09.063 (63351663)|METHOD_ENTRY|[34]|01p58000000n81u|ScoringSchemeHelper.create5x5ScoringScheme()
17:19:09.063 (63399096)|HEAP_ALLOCATE|[4]|Bytes:5
17:19:09.063 (63406040)|STATEMENT_EXECUTE|[3]
17:19:09.063 (63408787)|STATEMENT_EXECUTE|[4]
17:19:09.064 (64404136)|HEAP_ALLOCATE|[4]|Bytes:43
17:19:09.064 (64414121)|HEAP_ALLOCATE|[4]|Bytes:2
17:19:09.064 (64431435)|METHOD_ENTRY|[1]|01p58000000n6Fr|SObjectData.SObjectData()
17:19:09.064 (64436993)|STATEMENT_EXECUTE|[1]
17:19:09.064 (64441541)|STATEMENT_EXECUTE|[1]
17:19:09.064 (64448063)|HEAP_ALLOCATE|[4]|Bytes:5
17:19:09.064 (64457930)|METHOD_EXIT|[1]|SObjectData
17:19:09.064 (64541587)|HEAP_ALLOCATE|[4]|Bytes:24
17:19:09.064 (64549166)|HEAP_ALLOCATE|[4]|Bytes:23
17:19:09.064 (64565879)|CONSTRUCTOR_ENTRY|[4]|01p58000000n6Fr|<init>(String)
17:19:09.064 (64623530)|VARIABLE_SCOPE_BEGIN|[8]|this|SObjectData|true|false
17:19:09.064 (64683801)|VARIABLE_ASSIGNMENT|[8]|this|{}|0x2c171ac3
17:19:09.064 (64690650)|VARIABLE_SCOPE_BEGIN|[8]|sobjectType|String|false|false
17:19:09.064 (64704792)|VARIABLE_ASSIGNMENT|[8]|sobjectType|"Risk__Scoring_Scheme (3 more) ..."
17:19:09.064 (64713483)|HEAP_ALLOCATE|[2]|Bytes:5
17:19:09.064 (64718881)|STATEMENT_EXECUTE|[1]
17:19:09.064 (64722771)|HEAP_ALLOCATE|[2]|Bytes:5
17:19:09.064 (64725979)|STATEMENT_EXECUTE|[2]
17:19:09.064 (64735803)|HEAP_ALLOCATE|[2]|Bytes:4
17:19:09.064 (64779823)|VARIABLE_ASSIGNMENT|[2]|this.fieldMap|{"s":1,"v":{}}|0x2c171ac3
17:19:09.064 (64786856)|STATEMENT_EXECUTE|[3]
17:19:09.064 (64789562)|STATEMENT_EXECUTE|[4]
17:19:09.064 (64791686)|STATEMENT_EXECUTE|[5]
17:19:09.064 (64793844)|STATEMENT_EXECUTE|[6]
17:19:09.064 (64810092)|HEAP_ALLOCATE|[2]|Bytes:6
17:19:09.064 (64828327)|VARIABLE_SCOPE_BEGIN|[2]|this|System.ApexBaseClass|true|false
17:19:09.064 (64853338)|VARIABLE_ASSIGNMENT|[2]|this|{"fieldMap":"0x114ad2e4"}|0x2c171ac3
17:19:09.064 (64865774)|STATEMENT_EXECUTE|[8]
17:19:09.064 (64868518)|STATEMENT_EXECUTE|[9]
17:19:09.064 (64881509)|VARIABLE_ASSIGNMENT|[9]|this.sObjectType|"Risk__Scoring_Scheme (3 more) ..."|0x2c171ac3
17:19:09.064 (64896774)|CONSTRUCTOR_EXIT|[4]|01p58000000n6Fr|<init>(String)
17:19:09.064 (64902554)|VARIABLE_SCOPE_BEGIN|[4]|scoringScheme|SObjectData|true|false
17:19:09.064 (64924381)|VARIABLE_ASSIGNMENT|[4]|scoringScheme|{"fieldMap":"0x114ad2e4","sObjectType":"Risk__Scoring_Scheme (3 more) ..."}|0x2c171ac3
17:19:09.064 (64931055)|STATEMENT_EXECUTE|[5]
17:19:09.064 (64935439)|HEAP_ALLOCATE|[5]|Bytes:4
17:19:09.064 (64939557)|HEAP_ALLOCATE|[5]|Bytes:18
17:19:09.064 (64981660)|METHOD_ENTRY|[5]|01p58000000n6Fr|SObjectData.addValuePair(String, String)
17:19:09.065 (65012837)|VARIABLE_SCOPE_BEGIN|[65]|this|SObjectData|true|false
17:19:09.065 (65040679)|VARIABLE_ASSIGNMENT|[65]|this|{"fieldMap":"0x114ad2e4","sObjectType":"Risk__Scoring_Scheme (3 more) ..."}|0x2c171ac3
17:19:09.065 (65047449)|VARIABLE_SCOPE_BEGIN|[65]|field|String|false|false
17:19:09.065 (65053411)|VARIABLE_ASSIGNMENT|[65]|field|"Name"
17:19:09.065 (65056766)|VARIABLE_SCOPE_BEGIN|[65]|value|String|false|false
17:19:09.065 (65061826)|VARIABLE_ASSIGNMENT|[65]|value|"Scoring Scheme 5x5"
17:19:09.065 (65070829)|HEAP_ALLOCATE|[67]|Bytes:5
17:19:09.065 (65076257)|STATEMENT_EXECUTE|[65]
17:19:09.065 (65082211)|STATEMENT_EXECUTE|[67]
17:19:09.065 (65084878)|STATEMENT_EXECUTE|[70]
17:19:09.065 (65193690)|HEAP_ALLOCATE|[EXTERNAL]|Bytes:-4
17:19:09.065 (65223217)|METHOD_EXIT|[5]|01p58000000n6Fr|SObjectData.addValuePair(String, String)
17:19:09.065 (65229648)|STATEMENT_EXECUTE|[6]
17:19:09.065 (65234333)|HEAP_ALLOCATE|[6]|Bytes:12
17:19:09.065 (65238368)|HEAP_ALLOCATE|[6]|Bytes:15
17:19:09.065 (65247651)|METHOD_ENTRY|[6]|01p58000000n6Fr|SObjectData.addValuePair(String, String)
17:19:09.065 (65267149)|VARIABLE_SCOPE_BEGIN|[65]|this|SObjectData|true|false
17:19:09.065 (65293974)|VARIABLE_ASSIGNMENT|[65]|this|{"fieldMap":"0x114ad2e4","sObjectType":"Risk__Scoring_Scheme (3 more) ..."}|0x2c171ac3
17:19:09.065 (65299359)|VARIABLE_SCOPE_BEGIN|[65]|field|String|false|false
17:19:09.065 (65305221)|VARIABLE_ASSIGNMENT|[65]|field|"RecordTypeId"
17:19:09.065 (65308005)|VARIABLE_SCOPE_BEGIN|[65]|value|String|false|false
17:19:09.065 (65312764)|VARIABLE_ASSIGNMENT|[65]|value|"012580000000H5p"
17:19:09.065 (65321220)|HEAP_ALLOCATE|[67]|Bytes:5
17:19:09.065 (65326358)|STATEMENT_EXECUTE|[65]
17:19:09.065 (65329966)|STATEMENT_EXECUTE|[67]
17:19:09.065 (65332249)|STATEMENT_EXECUTE|[70]
17:19:09.065 (65353717)|HEAP_ALLOCATE|[EXTERNAL]|Bytes:-4
17:19:09.065 (65373547)|METHOD_EXIT|[6]|01p58000000n6Fr|SObjectData.addValuePair(String, String)
17:19:09.065 (65379038)|STATEMENT_EXECUTE|[8]
17:19:09.065 (65385205)|HEAP_ALLOCATE|[8]|Bytes:24
17:19:09.065 (65390044)|HEAP_ALLOCATE|[8]|Bytes:24
17:19:09.065 (65398942)|CONSTRUCTOR_ENTRY|[8]|01p58000000n6Fr|<init>(String)
17:19:09.065 (65420837)|VARIABLE_SCOPE_BEGIN|[8]|this|SObjectData|true|false
17:19:09.065 (65441450)|VARIABLE_ASSIGNMENT|[8]|this|{}|0x784454d4
17:19:09.065 (65446110)|VARIABLE_SCOPE_BEGIN|[8]|sobjectType|String|false|false
17:19:09.065 (65453939)|VARIABLE_ASSIGNMENT|[8]|sobjectType|"Risk__Impact_Categor (4 more) ..."
17:19:09.065 (65461801)|HEAP_ALLOCATE|[2]|Bytes:5
17:19:09.065 (65466649)|STATEMENT_EXECUTE|[1]
17:19:09.065 (65470447)|HEAP_ALLOCATE|[2]|Bytes:5
17:19:09.065 (65473650)|STATEMENT_EXECUTE|[2]
17:19:09.065 (65480400)|HEAP_ALLOCATE|[2]|Bytes:4
17:19:09.065 (65503066)|VARIABLE_ASSIGNMENT|[2]|this.fieldMap|{"s":1,"v":{}}|0x784454d4
17:19:09.065 (65509378)|STATEMENT_EXECUTE|[3]
17:19:09.065 (65511932)|STATEMENT_EXECUTE|[4]
17:19:09.065 (65514112)|STATEMENT_EXECUTE|[5]
17:19:09.065 (65516838)|STATEMENT_EXECUTE|[6]
17:19:09.065 (65525243)|VARIABLE_SCOPE_BEGIN|[2]|this|System.ApexBaseClass|true|false
17:19:09.065 (65545210)|VARIABLE_ASSIGNMENT|[2]|this|{"fieldMap":"0x3fde74ca"}|0x784454d4
17:19:09.065 (65554871)|STATEMENT_EXECUTE|[8]
17:19:09.065 (65557514)|STATEMENT_EXECUTE|[9]
17:19:09.065 (65568236)|VARIABLE_ASSIGNMENT|[9]|this.sObjectType|"Risk__Impact_Categor (4 more) ..."|0x784454d4
17:19:09.065 (65580187)|CONSTRUCTOR_EXIT|[8]|01p58000000n6Fr|<init>(String)
17:19:09.065 (65585135)|VARIABLE_SCOPE_BEGIN|[8]|costIC|SObjectData|true|false
17:19:09.065 (65605481)|VARIABLE_ASSIGNMENT|[8]|costIC|{"fieldMap":"0x3fde74ca","sObjectType":"Risk__Impact_Categor (4 more) ..."}|0x784454d4
17:19:09.065 (65611164)|STATEMENT_EXECUTE|[9]
17:19:09.065 (65616026)|HEAP_ALLOCATE|[9]|Bytes:7
17:19:09.065 (65626466)|METHOD_ENTRY|[9]|01p58000000n6Fr|SObjectData.addValuePair(String, String)
17:19:09.065 (65645876)|VARIABLE_SCOPE_BEGIN|[65]|this|SObjectData|true|false
17:19:09.065 (65670133)|VARIABLE_ASSIGNMENT|[65]|this|{"fieldMap":"0x3fde74ca","sObjectType":"Risk__Impact_Categor (4 more) ..."}|0x784454d4
17:19:09.065 (65675294)|VARIABLE_SCOPE_BEGIN|[65]|field|String|false|false
17:19:09.065 (65681282)|VARIABLE_ASSIGNMENT|[65]|field|"Name"
17:19:09.065 (65683949)|VARIABLE_SCOPE_BEGIN|[65]|value|String|false|false
17:19:09.065 (65688423)|VARIABLE_ASSIGNMENT|[65]|value|"Cost IC"
17:19:09.065 (65696540)|HEAP_ALLOCATE|[67]|Bytes:5
17:19:09.065 (65701266)|STATEMENT_EXECUTE|[65]
17:19:09.065 (65704756)|STATEMENT_EXECUTE|[67]
17:19:09.065 (65707032)|STATEMENT_EXECUTE|[70]
17:19:09.065 (65728794)|HEAP_ALLOCATE|[EXTERNAL]|Bytes:-4
17:19:09.065 (65748550)|METHOD_EXIT|[9]|01p58000000n6Fr|SObjectData.addValuePair(String, String)
17:19:09.065 (65753697)|STATEMENT_EXECUTE|[10]
17:19:09.065 (65757846)|HEAP_ALLOCATE|[10]|Bytes:21
17:19:09.065 (65761936)|HEAP_ALLOCATE|[10]|Bytes:4
17:19:09.065 (65770342)|METHOD_ENTRY|[10]|01p58000000n6Fr|SObjectData.addValuePair(String, String)
17:19:09.065 (65788658)|VARIABLE_SCOPE_BEGIN|[65]|this|SObjectData|true|false
17:19:09.065 (65813618)|VARIABLE_ASSIGNMENT|[65]|this|{"fieldMap":"0x3fde74ca","sObjectType":"Risk__Impact_Categor (4 more) ..."}|0x784454d4
17:19:09.065 (65818955)|VARIABLE_SCOPE_BEGIN|[65]|field|String|false|false
17:19:09.065 (65825189)|VARIABLE_ASSIGNMENT|[65]|field|"Risk__Type_Of_Risk__ (1 more) ..."
17:19:09.065 (65828176)|VARIABLE_SCOPE_BEGIN|[65]|value|String|false|false
17:19:09.065 (65833535)|VARIABLE_ASSIGNMENT|[65]|value|"Cost"
17:19:09.065 (65841449)|HEAP_ALLOCATE|[67]|Bytes:5
17:19:09.065 (65846252)|STATEMENT_EXECUTE|[65]
17:19:09.065 (65849641)|STATEMENT_EXECUTE|[67]
17:19:09.065 (65851983)|STATEMENT_EXECUTE|[70]
17:19:09.065 (65872309)|HEAP_ALLOCATE|[EXTERNAL]|Bytes:-4
17:19:09.065 (65891126)|METHOD_EXIT|[10]|01p58000000n6Fr|SObjectData.addValuePair(String, String)
17:19:09.065 (65896139)|STATEMENT_EXECUTE|[12]
17:19:09.065 (65901974)|HEAP_ALLOCATE|[12]|Bytes:24
17:19:09.065 (65911514)|CONSTRUCTOR_ENTRY|[12]|01p58000000n6Fr|<init>(String)
17:19:09.065 (65933149)|VARIABLE_SCOPE_BEGIN|[8]|this|SObjectData|true|false
17:19:09.065 (65954613)|VARIABLE_ASSIGNMENT|[8]|this|{}|0x178438f
17:19:09.065 (65960873)|VARIABLE_SCOPE_BEGIN|[8]|sobjectType|String|false|false
17:19:09.065 (65969572)|VARIABLE_ASSIGNMENT|[8]|sobjectType|"Risk__Impact_Categor (4 more) ..."
17:19:09.065 (65977656)|HEAP_ALLOCATE|[2]|Bytes:5
17:19:09.065 (65982408)|STATEMENT_EXECUTE|[1]
17:19:09.065 (65986308)|HEAP_ALLOCATE|[2]|Bytes:5
17:19:09.065 (65989498)|STATEMENT_EXECUTE|[2]
17:19:09.065 (65996317)|HEAP_ALLOCATE|[2]|Bytes:4
17:19:09.066 (66018640)|VARIABLE_ASSIGNMENT|[2]|this.fieldMap|{"s":1,"v":{}}|0x178438f
17:19:09.066 (66025464)|STATEMENT_EXECUTE|[3]
17:19:09.066 (66028013)|STATEMENT_EXECUTE|[4]
17:19:09.066 (66030165)|STATEMENT_EXECUTE|[5]
17:19:09.066 (66032212)|STATEMENT_EXECUTE|[6]
17:19:09.066 (66040175)|VARIABLE_SCOPE_BEGIN|[2]|this|System.ApexBaseClass|true|false
17:19:09.066 (66060282)|VARIABLE_ASSIGNMENT|[2]|this|{"fieldMap":"0x61ddb485"}|0x178438f
17:19:09.066 (66069697)|STATEMENT_EXECUTE|[8]
17:19:09.066 (66072349)|STATEMENT_EXECUTE|[9]
17:19:09.066 (66083381)|VARIABLE_ASSIGNMENT|[9]|this.sObjectType|"Risk__Impact_Categor (4 more) ..."|0x178438f
17:19:09.066 (66095342)|CONSTRUCTOR_EXIT|[12]|01p58000000n6Fr|<init>(String)
17:19:09.066 (66100212)|VARIABLE_SCOPE_BEGIN|[12]|timeIC|SObjectData|true|false
17:19:09.066 (66125166)|VARIABLE_ASSIGNMENT|[12]|timeIC|{"fieldMap":"0x61ddb485","sObjectType":"Risk__Impact_Categor (4 more) ..."}|0x178438f
17:19:09.066 (66131322)|STATEMENT_EXECUTE|[13]
17:19:09.066 (66136819)|HEAP_ALLOCATE|[13]|Bytes:7
17:19:09.066 (66147189)|METHOD_ENTRY|[13]|01p58000000n6Fr|SObjectData.addValuePair(String, String)
17:19:09.066 (66166130)|VARIABLE_SCOPE_BEGIN|[65]|this|SObjectData|true|false
17:19:09.066 (66190601)|VARIABLE_ASSIGNMENT|[65]|this|{"fieldMap":"0x61ddb485","sObjectType":"Risk__Impact_Categor (4 more) ..."}|0x178438f
17:19:09.066 (66196028)|VARIABLE_SCOPE_BEGIN|[65]|field|String|false|false
17:19:09.066 (66201332)|VARIABLE_ASSIGNMENT|[65]|field|"Name"
17:19:09.066 (66203914)|VARIABLE_SCOPE_BEGIN|[65]|value|String|false|false
17:19:09.066 (66208460)|VARIABLE_ASSIGNMENT|[65]|value|"Time IC"
17:19:09.066 (66216352)|HEAP_ALLOCATE|[67]|Bytes:5
17:19:09.066 (66220949)|STATEMENT_EXECUTE|[65]
17:19:09.066 (66224392)|STATEMENT_EXECUTE|[67]
17:19:09.066 (66226699)|STATEMENT_EXECUTE|[70]
17:19:09.066 (66247359)|HEAP_ALLOCATE|[EXTERNAL]|Bytes:-4
17:19:09.066 (66266322)|METHOD_EXIT|[13]|01p58000000n6Fr|SObjectData.addValuePair(String, String)
17:19:09.066 (66271861)|STATEMENT_EXECUTE|[14]
17:19:09.066 (66276486)|HEAP_ALLOCATE|[14]|Bytes:4
17:19:09.066 (66285078)|METHOD_ENTRY|[14]|01p58000000n6Fr|SObjectData.addValuePair(String, String)
17:19:09.066 (66303029)|VARIABLE_SCOPE_BEGIN|[65]|this|SObjectData|true|false
17:19:09.066 (66327501)|VARIABLE_ASSIGNMENT|[65]|this|{"fieldMap":"0x61ddb485","sObjectType":"Risk__Impact_Categor (4 more) ..."}|0x178438f
17:19:09.066 (66332926)|VARIABLE_SCOPE_BEGIN|[65]|field|String|false|false
17:19:09.066 (66339339)|VARIABLE_ASSIGNMENT|[65]|field|"Risk__Type_Of_Risk__ (1 more) ..."
17:19:09.066 (66342267)|VARIABLE_SCOPE_BEGIN|[65]|value|String|false|false
17:19:09.066 (66346959)|VARIABLE_ASSIGNMENT|[65]|value|"Time"
17:19:09.066 (66354593)|HEAP_ALLOCATE|[67]|Bytes:5
17:19:09.066 (66359272)|STATEMENT_EXECUTE|[65]
17:19:09.066 (66362626)|STATEMENT_EXECUTE|[67]
17:19:09.066 (66364929)|STATEMENT_EXECUTE|[70]
17:19:09.066 (66385046)|HEAP_ALLOCATE|[EXTERNAL]|Bytes:-4
17:19:09.066 (66403720)|METHOD_EXIT|[14]|01p58000000n6Fr|SObjectData.addValuePair(String, String)
17:19:09.066 (66408778)|STATEMENT_EXECUTE|[16]
17:19:09.066 (66422934)|METHOD_ENTRY|[16]|01p58000000n6Fr|SObjectData.addChild(String, SObjectData)
17:19:09.066 (66448602)|VARIABLE_SCOPE_BEGIN|[40]|this|SObjectData|true|false
17:19:09.066 (66473374)|VARIABLE_ASSIGNMENT|[40]|this|{"fieldMap":"0x114ad2e4","sObjectType":"Risk__Scoring_Scheme (3 more) ..."}|0x2c171ac3
17:19:09.066 (66479532)|VARIABLE_SCOPE_BEGIN|[40]|field|String|false|false
17:19:09.066 (66485528)|VARIABLE_ASSIGNMENT|[40]|field|"Risk__Scoring_Scheme (3 more) ..."
17:19:09.066 (66488880)|VARIABLE_SCOPE_BEGIN|[40]|o|SObjectData|true|false
17:19:09.066 (66505369)|VARIABLE_ASSIGNMENT|[40]|o|{"fieldMap":"0x3fde74ca","sObjectType":"Risk__Impact_Categor (4 more) ..."}|0x784454d4
17:19:09.066 (66515507)|HEAP_ALLOCATE|[41]|Bytes:5
17:19:09.066 (66520294)|STATEMENT_EXECUTE|[40]
17:19:09.066 (66524739)|STATEMENT_EXECUTE|[41]
17:19:09.066 (66527102)|STATEMENT_EXECUTE|[42]
17:19:09.066 (66533911)|HEAP_ALLOCATE|[42]|Bytes:4
17:19:09.066 (66596850)|VARIABLE_ASSIGNMENT|[42]|this.children|{"s":1,"v":{}}|0x2c171ac3
17:19:09.066 (66662548)|STATEMENT_EXECUTE|[46]
17:19:09.066 (66666972)|STATEMENT_EXECUTE|[47]
17:19:09.066 (66723137)|HEAP_ALLOCATE|[47]|Bytes:4
17:19:09.066 (66845120)|HEAP_ALLOCATE|[EXTERNAL]|Bytes:8
17:19:09.066 (66850991)|HEAP_ALLOCATE|[EXTERNAL]|Bytes:-4
17:19:09.066 (66867471)|STATEMENT_EXECUTE|[49]
17:19:09.066 (66939426)|HEAP_ALLOCATE|[49]|Bytes:31
17:19:09.067 (67013707)|HEAP_ALLOCATE|[49]|Bytes:1
17:19:09.067 (67032046)|HEAP_ALLOCATE|[49]|Bytes:4
17:19:09.067 (67097233)|HEAP_ALLOCATE|[49]|Bytes:177
17:19:09.067 (67133111)|HEAP_ALLOCATE|[49]|Bytes:205
17:19:09.067 (67173452)|USER_DEBUG|[49]|DEBUG|1Risk__Scoring_Scheme__c :: {Risk__Scoring_Scheme__c=(SObjectData:[children=null, fieldMap={Name=Cost IC, Risk__Type_Of_Risk__c=Cost}, parent=null, parentField=null, sObjectType=Risk__Impact_Category__c])}
17:19:09.067 (67191195)|METHOD_EXIT|[16]|01p58000000n6Fr|SObjectData.addChild(String, SObjectData)
17:19:09.067 (67196636)|STATEMENT_EXECUTE|[17]
17:19:09.067 (67205483)|METHOD_ENTRY|[17]|01p58000000n6Fr|SObjectData.addChild(String, SObjectData)
17:19:09.067 (67224137)|VARIABLE_SCOPE_BEGIN|[40]|this|SObjectData|true|false
17:19:09.067 (67252908)|VARIABLE_ASSIGNMENT|[40]|this|{"children":"0x34f6b452","fieldMap":"0x114ad2e4","sObjectType":"Risk__Scoring_Scheme (3 more) ..."}|0x2c171ac3
17:19:09.067 (67259133)|VARIABLE_SCOPE_BEGIN|[40]|field|String|false|false
17:19:09.067 (67265456)|VARIABLE_ASSIGNMENT|[40]|field|"Risk__Scoring_Scheme (3 more) ..."
17:19:09.067 (67268479)|VARIABLE_SCOPE_BEGIN|[40]|o|SObjectData|true|false
17:19:09.067 (67284390)|VARIABLE_ASSIGNMENT|[40]|o|{"fieldMap":"0x61ddb485","sObjectType":"Risk__Impact_Categor (4 more) ..."}|0x178438f
17:19:09.067 (67294081)|HEAP_ALLOCATE|[41]|Bytes:5
17:19:09.067 (67298801)|STATEMENT_EXECUTE|[40]
17:19:09.067 (67302501)|STATEMENT_EXECUTE|[41]
17:19:09.067 (67328886)|STATEMENT_EXECUTE|[46]
17:19:09.067 (67332242)|STATEMENT_EXECUTE|[47]
17:19:09.067 (67337751)|HEAP_ALLOCATE|[47]|Bytes:4
17:19:09.067 (67370155)|HEAP_ALLOCATE|[EXTERNAL]|Bytes:8
17:19:09.067 (67393381)|STATEMENT_EXECUTE|[49]
17:19:09.067 (67421116)|HEAP_ALLOCATE|[49]|Bytes:31
17:19:09.067 (67457957)|HEAP_ALLOCATE|[49]|Bytes:1
17:19:09.067 (67510567)|HEAP_ALLOCATE|[49]|Bytes:177
17:19:09.067 (67535748)|HEAP_ALLOCATE|[49]|Bytes:205
17:19:09.067 (67551812)|USER_DEBUG|[49]|DEBUG|1Risk__Scoring_Scheme__c :: {Risk__Scoring_Scheme__c=(SObjectData:[children=null, fieldMap={Name=Time IC, Risk__Type_Of_Risk__c=Time}, parent=null, parentField=null, sObjectType=Risk__Impact_Category__c])}
17:19:09.067 (67567381)|METHOD_EXIT|[17]|01p58000000n6Fr|SObjectData.addChild(String, SObjectData)
17:19:09.067 (67572614)|STATEMENT_EXECUTE|[19]
17:19:09.069 (69117254)|HEAP_ALLOCATE|[19]|Bytes:19
17:19:09.069 (69127238)|HEAP_ALLOCATE|[19]|Bytes:2
17:19:09.069 (69144436)|METHOD_ENTRY|[1]|01p58000000n6rI|SObjectUtility.SObjectUtility()
17:19:09.069 (69150141)|STATEMENT_EXECUTE|[1]
17:19:09.069 (69154797)|STATEMENT_EXECUTE|[1]
17:19:09.069 (69162269)|HEAP_ALLOCATE|[19]|Bytes:5
17:19:09.069 (69172185)|METHOD_EXIT|[1]|SObjectUtility
17:19:09.069 (69190895)|HEAP_ALLOCATE|[19]|Bytes:8
17:19:09.069 (69201384)|CONSTRUCTOR_ENTRY|[19]|01p58000000n6rI|<init>()
17:19:09.069 (69232921)|VARIABLE_SCOPE_BEGIN|[1]|this|SObjectUtility|true|false
17:19:09.069 (69258402)|VARIABLE_ASSIGNMENT|[1]|this|{}|0x5471e7e8
17:19:09.069 (69268125)|HEAP_ALLOCATE|[3]|Bytes:5
17:19:09.069 (69276765)|VARIABLE_SCOPE_BEGIN|[2]|this|System.ApexBaseClass|true|false
17:19:09.069 (69292786)|VARIABLE_ASSIGNMENT|[2]|this|{}|0x5471e7e8
17:19:09.069 (69304847)|STATEMENT_EXECUTE|[1]
17:19:09.069 (69310325)|HEAP_ALLOCATE|[3]|Bytes:5
17:19:09.069 (69313812)|STATEMENT_EXECUTE|[3]
17:19:09.069 (69321230)|HEAP_ALLOCATE|[3]|Bytes:4
17:19:09.069 (69349833)|VARIABLE_ASSIGNMENT|[3]|this.childrenMap|{"s":1,"v":{}}|0x5471e7e8
17:19:09.069 (69361706)|CONSTRUCTOR_EXIT|[19]|01p58000000n6rI|<init>()
17:19:09.069 (69366327)|VARIABLE_SCOPE_BEGIN|[19]|su|SObjectUtility|true|false
17:19:09.069 (69386087)|VARIABLE_ASSIGNMENT|[19]|su|{"childrenMap":"0x68b2fd7f"}|0x5471e7e8
17:19:09.069 (69392011)|STATEMENT_EXECUTE|[20]
17:19:09.069 (69398119)|HEAP_ALLOCATE|[20]|Bytes:4
17:19:09.069 (69455164)|METHOD_ENTRY|[20]|01p58000000n6rI|SObjectUtility.createSObjects(List<SObjectData>)
17:19:09.069 (69465149)|VARIABLE_SCOPE_BEGIN|[5]|this|SObjectUtility|true|false
17:19:09.069 (69486985)|VARIABLE_ASSIGNMENT|[5]|this|{"childrenMap":"0x68b2fd7f"}|0x5471e7e8
17:19:09.069 (69493302)|VARIABLE_SCOPE_BEGIN|[5]|dataList|List<SObjectData>|true|false
17:19:09.069 (69503468)|HEAP_ALLOCATE|[EXTERNAL]|Bytes:8
17:19:09.069 (69532794)|VARIABLE_ASSIGNMENT|[5]|dataList|{"s":1,"v":[{"children":"0x34f6b452","fieldMap":"0x114ad2e4","sObjectType":"Risk__Scoring_Scheme (3 more) ..."}]}|0x2e37b02d
17:19:09.069 (69545025)|HEAP_ALLOCATE|[6]|Bytes:5
17:19:09.069 (69550151)|STATEMENT_EXECUTE|[5]
17:19:09.069 (69552718)|STATEMENT_EXECUTE|[6]
17:19:09.069 (69573930)|METHOD_ENTRY|[6]|01p58000000n6rI|SObjectUtility.createRoot(List<SObjectData>)
17:19:09.069 (69636324)|VARIABLE_SCOPE_BEGIN|[58]|this|SObjectUtility|true|false
17:19:09.069 (69659737)|VARIABLE_ASSIGNMENT|[58]|this|{"childrenMap":"0x68b2fd7f"}|0x5471e7e8
17:19:09.069 (69666329)|VARIABLE_SCOPE_BEGIN|[58]|dataList|List<SObjectData>|true|false
17:19:09.069 (69690068)|VARIABLE_ASSIGNMENT|[58]|dataList|{"s":1,"v":[{"children":"0x34f6b452","fieldMap":"0x114ad2e4","sObjectType":"Risk__Scoring_Scheme (3 more) ..."}]}|0x2e37b02d
17:19:09.069 (69702304)|HEAP_ALLOCATE|[59]|Bytes:5
17:19:09.069 (69707351)|STATEMENT_EXECUTE|[58]
17:19:09.069 (69709967)|STATEMENT_EXECUTE|[59]
17:19:09.069 (69717081)|HEAP_ALLOCATE|[59]|Bytes:4
17:19:09.069 (69728479)|VARIABLE_SCOPE_BEGIN|[59]|rootObjects|Map<String,SObject>|true|false
17:19:09.069 (69747223)|VARIABLE_ASSIGNMENT|[59]|rootObjects|{"s":1,"v":{}}|0x6c3eede4
17:19:09.070 (70019661)|HEAP_ALLOCATE|[60]|Bytes:5
17:19:09.070 (70042016)|HEAP_ALLOCATE|[60]|Bytes:24
17:19:09.070 (70052962)|VARIABLE_SCOPE_BEGIN|[60]|obj|SObjectData|true|false
17:19:09.070 (70082334)|VARIABLE_ASSIGNMENT|[60]|obj|{"children":"0x34f6b452","fieldMap":"0x114ad2e4","sObjectType":"Risk__Scoring_Scheme (3 more) ..."}|0x2c171ac3
17:19:09.070 (70089945)|STATEMENT_EXECUTE|[60]
17:19:09.070 (70092698)|STATEMENT_EXECUTE|[61]
17:19:09.070 (70113981)|METHOD_ENTRY|[61]|01p58000000n6rI|SObjectUtility.generateRandomString(Integer)
17:19:09.070 (70139851)|HEAP_ALLOCATE|[97]|Bytes:4
17:19:09.070 (70146781)|VARIABLE_SCOPE_BEGIN|[96]|len|Integer|false|false
17:19:09.070 (70155548)|VARIABLE_ASSIGNMENT|[96]|len|18
17:19:09.070 (70164343)|HEAP_ALLOCATE|[97]|Bytes:5
17:19:09.070 (70168895)|STATEMENT_EXECUTE|[96]
17:19:09.070 (70171378)|STATEMENT_EXECUTE|[97]
17:19:09.070 (70174806)|HEAP_ALLOCATE|[97]|Bytes:62
17:19:09.070 (70180462)|VARIABLE_SCOPE_BEGIN|[97]|chars|String|false|false
17:19:09.070 (70189686)|VARIABLE_ASSIGNMENT|[97]|chars|"ABCDEFGHIJKLMNOPQRST (42 more) ..."
17:19:09.070 (70193241)|STATEMENT_EXECUTE|[98]
17:19:09.070 (70197409)|VARIABLE_SCOPE_BEGIN|[98]|randStr|String|false|false
17:19:09.070 (70203361)|VARIABLE_ASSIGNMENT|[98]|randStr|""
17:19:09.070 (70256463)|STATEMENT_EXECUTE|[99]
17:19:09.070 (70260727)|STATEMENT_EXECUTE|[100]
17:19:09.070 (70455094)|VARIABLE_SCOPE_BEGIN|[2]|Math.E|Double|false|true
17:19:09.070 (70461996)|VARIABLE_SCOPE_BEGIN|[3]|Math.PI|Double|false|true
17:19:09.070 (70708147)|VARIABLE_SCOPE_BEGIN|[100]|idx|Integer|false|false
17:19:09.070 (70714672)|HEAP_ALLOCATE|[100]|Bytes:4
17:19:09.070 (70724014)|VARIABLE_ASSIGNMENT|[100]|idx|39
17:19:09.070 (70728248)|STATEMENT_EXECUTE|[101]
17:19:09.070 (70774760)|HEAP_ALLOCATE|[101]|Bytes:1
17:19:09.070 (70800803)|HEAP_ALLOCATE|[101]|Bytes:1
17:19:09.070 (70812287)|VARIABLE_ASSIGNMENT|[101]|randStr|"d"
17:19:09.070 (70833488)|STATEMENT_EXECUTE|[99]
17:19:09.070 (70836720)|STATEMENT_EXECUTE|[100]
17:19:09.070 (70934593)|VARIABLE_SCOPE_BEGIN|[100]|idx|Integer|false|false
17:19:09.070 (70940327)|HEAP_ALLOCATE|[100]|Bytes:4
17:19:09.070 (70948758)|VARIABLE_ASSIGNMENT|[100]|idx|60
17:19:09.070 (70954123)|STATEMENT_EXECUTE|[101]
17:19:09.070 (70982359)|HEAP_ALLOCATE|[101]|Bytes:1
17:19:09.071 (71000035)|HEAP_ALLOCATE|[101]|Bytes:2
17:19:09.071 (71011085)|VARIABLE_ASSIGNMENT|[101]|randStr|"dy"
17:19:09.071 (71030658)|STATEMENT_EXECUTE|[99]
17:19:09.071 (71033818)|STATEMENT_EXECUTE|[100]
17:19:09.071 (71131046)|VARIABLE_SCOPE_BEGIN|[100]|idx|Integer|false|false
17:19:09.071 (71136651)|HEAP_ALLOCATE|[100]|Bytes:4
17:19:09.071 (71144821)|VARIABLE_ASSIGNMENT|[100]|idx|20
17:19:09.071 (71148921)|STATEMENT_EXECUTE|[101]
17:19:09.071 (71172749)|HEAP_ALLOCATE|[101]|Bytes:1
17:19:09.071 (71190690)|HEAP_ALLOCATE|[101]|Bytes:3
17:19:09.071 (71200950)|VARIABLE_ASSIGNMENT|[101]|randStr|"dyU"
17:19:09.071 (71219843)|STATEMENT_EXECUTE|[99]
17:19:09.071 (71222974)|STATEMENT_EXECUTE|[100]
17:19:09.071 (71313694)|VARIABLE_SCOPE_BEGIN|[100]|idx|Integer|false|false
17:19:09.071 (71319220)|HEAP_ALLOCATE|[100]|Bytes:4
17:19:09.071 (71327368)|VARIABLE_ASSIGNMENT|[100]|idx|57
17:19:09.071 (71331008)|STATEMENT_EXECUTE|[101]
17:19:09.071 (71354125)|HEAP_ALLOCATE|[101]|Bytes:1
17:19:09.071 (71370630)|HEAP_ALLOCATE|[101]|Bytes:4
17:19:09.071 (71380644)|VARIABLE_ASSIGNMENT|[101]|randStr|"dyUv"
17:19:09.071 (71399378)|STATEMENT_EXECUTE|[99]
17:19:09.071 (71402513)|STATEMENT_EXECUTE|[100]
17:19:09.071 (71504848)|VARIABLE_SCOPE_BEGIN|[100]|idx|Integer|false|false
17:19:09.071 (71510268)|HEAP_ALLOCATE|[100]|Bytes:4
17:19:09.071 (71518391)|VARIABLE_ASSIGNMENT|[100]|idx|58
17:19:09.071 (71522134)|STATEMENT_EXECUTE|[101]
17:19:09.071 (71545518)|HEAP_ALLOCATE|[101]|Bytes:1
17:19:09.071 (71562749)|HEAP_ALLOCATE|[101]|Bytes:5
17:19:09.071 (71572817)|VARIABLE_ASSIGNMENT|[101]|randStr|"dyUvw"
17:19:09.071 (71591607)|STATEMENT_EXECUTE|[99]
17:19:09.071 (71594709)|STATEMENT_EXECUTE|[100]
17:19:09.071 (71683377)|VARIABLE_SCOPE_BEGIN|[100]|idx|Integer|false|false
17:19:09.071 (71688524)|HEAP_ALLOCATE|[100]|Bytes:4
17:19:09.071 (71696433)|VARIABLE_ASSIGNMENT|[100]|idx|45
17:19:09.071 (71700188)|STATEMENT_EXECUTE|[101]
17:19:09.071 (71722640)|HEAP_ALLOCATE|[101]|Bytes:1
17:19:09.071 (71739180)|HEAP_ALLOCATE|[101]|Bytes:6
17:19:09.071 (71749102)|VARIABLE_ASSIGNMENT|[101]|randStr|"dyUvwj"
17:19:09.071 (71767591)|STATEMENT_EXECUTE|[99]
17:19:09.071 (71770647)|STATEMENT_EXECUTE|[100]
17:19:09.071 (71861490)|VARIABLE_SCOPE_BEGIN|[100]|idx|Integer|false|false
17:19:09.071 (71866861)|HEAP_ALLOCATE|[100]|Bytes:4
17:19:09.071 (71875017)|VARIABLE_ASSIGNMENT|[100]|idx|26
17:19:09.071 (71878603)|STATEMENT_EXECUTE|[101]
17:19:09.071 (71901217)|HEAP_ALLOCATE|[101]|Bytes:1
17:19:09.071 (71918116)|HEAP_ALLOCATE|[101]|Bytes:7
17:19:09.071 (71928744)|VARIABLE_ASSIGNMENT|[101]|randStr|"dyUvwj0"
17:19:09.071 (71947446)|STATEMENT_EXECUTE|[99]
17:19:09.071 (71950536)|STATEMENT_EXECUTE|[100]
17:19:09.072 (72038900)|VARIABLE_SCOPE_BEGIN|[100]|idx|Integer|false|false
17:19:09.072 (72045015)|HEAP_ALLOCATE|[100]|Bytes:4
17:19:09.072 (72053034)|VARIABLE_ASSIGNMENT|[100]|idx|59
17:19:09.072 (72056576)|STATEMENT_EXECUTE|[101]
17:19:09.072 (72079204)|HEAP_ALLOCATE|[101]|Bytes:1
17:19:09.072 (72095859)|HEAP_ALLOCATE|[101]|Bytes:8
17:19:09.072 (72105706)|VARIABLE_ASSIGNMENT|[101]|randStr|"dyUvwj0x"
17:19:09.072 (72128854)|STATEMENT_EXECUTE|[99]
17:19:09.072 (72131993)|STATEMENT_EXECUTE|[100]
17:19:09.072 (72221657)|VARIABLE_SCOPE_BEGIN|[100]|idx|Integer|false|false
17:19:09.072 (72226851)|HEAP_ALLOCATE|[100]|Bytes:4
17:19:09.072 (72234973)|VARIABLE_ASSIGNMENT|[100]|idx|42
17:19:09.072 (72238552)|STATEMENT_EXECUTE|[101]
17:19:09.072 (72261406)|HEAP_ALLOCATE|[101]|Bytes:1
17:19:09.072 (72278180)|HEAP_ALLOCATE|[101]|Bytes:9
17:19:09.072 (72288443)|VARIABLE_ASSIGNMENT|[101]|randStr|"dyUvwj0xg"
17:19:09.072 (72306984)|STATEMENT_EXECUTE|[99]
17:19:09.072 (72310071)|STATEMENT_EXECUTE|[100]
17:19:09.072 (72398170)|VARIABLE_SCOPE_BEGIN|[100]|idx|Integer|false|false
17:19:09.072 (72403638)|HEAP_ALLOCATE|[100]|Bytes:4
17:19:09.072 (72411723)|VARIABLE_ASSIGNMENT|[100]|idx|20
17:19:09.072 (72415284)|STATEMENT_EXECUTE|[101]
17:19:09.072 (72437962)|HEAP_ALLOCATE|[101]|Bytes:1
17:19:09.072 (72454512)|HEAP_ALLOCATE|[101]|Bytes:10
17:19:09.072 (72464556)|VARIABLE_ASSIGNMENT|[101]|randStr|"dyUvwj0xgU"
17:19:09.072 (72483262)|STATEMENT_EXECUTE|[99]
17:19:09.072 (72486316)|STATEMENT_EXECUTE|[100]
17:19:09.072 (72575115)|VARIABLE_SCOPE_BEGIN|[100]|idx|Integer|false|false
17:19:09.072 (72580248)|HEAP_ALLOCATE|[100]|Bytes:4
17:19:09.072 (72588149)|VARIABLE_ASSIGNMENT|[100]|idx|45
17:19:09.072 (72591731)|STATEMENT_EXECUTE|[101]
17:19:09.072 (72614318)|HEAP_ALLOCATE|[101]|Bytes:1
17:19:09.072 (72630721)|HEAP_ALLOCATE|[101]|Bytes:11
17:19:09.072 (72640476)|VARIABLE_ASSIGNMENT|[101]|randStr|"dyUvwj0xgUj"
17:19:09.072 (72659666)|STATEMENT_EXECUTE|[99]
17:19:09.072 (72662651)|STATEMENT_EXECUTE|[100]
17:19:09.072 (72752899)|VARIABLE_SCOPE_BEGIN|[100]|idx|Integer|false|false
17:19:09.072 (72758107)|HEAP_ALLOCATE|[100]|Bytes:4
17:19:09.072 (72766338)|VARIABLE_ASSIGNMENT|[100]|idx|36
17:19:09.072 (72770017)|STATEMENT_EXECUTE|[101]
17:19:09.072 (72792789)|HEAP_ALLOCATE|[101]|Bytes:1
17:19:09.072 (72809175)|HEAP_ALLOCATE|[101]|Bytes:12
17:19:09.072 (72818881)|VARIABLE_ASSIGNMENT|[101]|randStr|"dyUvwj0xgUja"
17:19:09.072 (72837288)|STATEMENT_EXECUTE|[99]
17:19:09.072 (72840357)|STATEMENT_EXECUTE|[100]
17:19:09.072 (72941798)|VARIABLE_SCOPE_BEGIN|[100]|idx|Integer|false|false
17:19:09.072 (72947203)|HEAP_ALLOCATE|[100]|Bytes:4
17:19:09.072 (72955483)|VARIABLE_ASSIGNMENT|[100]|idx|6
17:19:09.072 (72959201)|STATEMENT_EXECUTE|[101]
17:19:09.072 (72982123)|HEAP_ALLOCATE|[101]|Bytes:1
17:19:09.072 (72998847)|HEAP_ALLOCATE|[101]|Bytes:13
17:19:09.073 (73008712)|VARIABLE_ASSIGNMENT|[101]|randStr|"dyUvwj0xgUjaG"
17:19:09.073 (73028912)|STATEMENT_EXECUTE|[99]
17:19:09.073 (73032035)|STATEMENT_EXECUTE|[100]
17:19:09.073 (73124650)|VARIABLE_SCOPE_BEGIN|[100]|idx|Integer|false|false
17:19:09.073 (73130052)|HEAP_ALLOCATE|[100]|Bytes:4
17:19:09.073 (73138273)|VARIABLE_ASSIGNMENT|[100]|idx|51
17:19:09.073 (73141820)|STATEMENT_EXECUTE|[101]
17:19:09.073 (73164880)|HEAP_ALLOCATE|[101]|Bytes:1
17:19:09.073 (73181640)|HEAP_ALLOCATE|[101]|Bytes:14
17:19:09.073 (73191677)|VARIABLE_ASSIGNMENT|[101]|randStr|"dyUvwj0xgUjaGp"
17:19:09.073 (73210494)|STATEMENT_EXECUTE|[99]
17:19:09.073 (73213513)|STATEMENT_EXECUTE|[100]
17:19:09.073 (73301629)|VARIABLE_SCOPE_BEGIN|[100]|idx|Integer|false|false
17:19:09.073 (73306855)|HEAP_ALLOCATE|[100]|Bytes:4
17:19:09.073 (73314788)|VARIABLE_ASSIGNMENT|[100]|idx|7
17:19:09.073 (73318502)|STATEMENT_EXECUTE|[101]
17:19:09.073 (73340982)|HEAP_ALLOCATE|[101]|Bytes:1
17:19:09.073 (73358010)|HEAP_ALLOCATE|[101]|Bytes:15
17:19:09.073 (73367922)|VARIABLE_ASSIGNMENT|[101]|randStr|"dyUvwj0xgUjaGpH"
17:19:09.073 (73386863)|STATEMENT_EXECUTE|[99]
17:19:09.073 (73389921)|STATEMENT_EXECUTE|[100]
17:19:09.073 (73478142)|VARIABLE_SCOPE_BEGIN|[100]|idx|Integer|false|false
17:19:09.073 (73483367)|HEAP_ALLOCATE|[100]|Bytes:4
17:19:09.073 (73491245)|VARIABLE_ASSIGNMENT|[100]|idx|7
17:19:09.073 (73494785)|STATEMENT_EXECUTE|[101]
17:19:09.073 (73517084)|HEAP_ALLOCATE|[101]|Bytes:1
17:19:09.073 (73533649)|HEAP_ALLOCATE|[101]|Bytes:16
17:19:09.073 (73543705)|VARIABLE_ASSIGNMENT|[101]|randStr|"dyUvwj0xgUjaGpHH"
17:19:09.073 (73562441)|STATEMENT_EXECUTE|[99]
17:19:09.073 (73565549)|STATEMENT_EXECUTE|[100]
17:19:09.073 (73654855)|VARIABLE_SCOPE_BEGIN|[100]|idx|Integer|false|false
17:19:09.073 (73660060)|HEAP_ALLOCATE|[100]|Bytes:4
17:19:09.073 (73667863)|VARIABLE_ASSIGNMENT|[100]|idx|21
17:19:09.073 (73671429)|STATEMENT_EXECUTE|[101]
17:19:09.073 (73693969)|HEAP_ALLOCATE|[101]|Bytes:1
17:19:09.073 (73710855)|HEAP_ALLOCATE|[101]|Bytes:17
17:19:09.073 (73720787)|VARIABLE_ASSIGNMENT|[101]|randStr|"dyUvwj0xgUjaGpHHV"
17:19:09.073 (73739814)|STATEMENT_EXECUTE|[99]
17:19:09.073 (73742899)|STATEMENT_EXECUTE|[100]
17:19:09.073 (73831219)|VARIABLE_SCOPE_BEGIN|[100]|idx|Integer|false|false
17:19:09.073 (73836592)|HEAP_ALLOCATE|[100]|Bytes:4
17:19:09.073 (73844610)|VARIABLE_ASSIGNMENT|[100]|idx|59
17:19:09.073 (73848192)|STATEMENT_EXECUTE|[101]
17:19:09.073 (73870565)|HEAP_ALLOCATE|[101]|Bytes:1
17:19:09.073 (73887246)|HEAP_ALLOCATE|[101]|Bytes:18
17:19:09.073 (73897299)|VARIABLE_ASSIGNMENT|[101]|randStr|"dyUvwj0xgUjaGpHHVx"
17:19:09.073 (73916942)|STATEMENT_EXECUTE|[103]
17:19:09.073 (73925778)|METHOD_EXIT|[61]|01p58000000n6rI|SObjectUtility.generateRandomString(Integer)
17:19:09.073 (73931516)|VARIABLE_SCOPE_BEGIN|[61]|rId|String|false|false
17:19:09.073 (73939314)|VARIABLE_ASSIGNMENT|[61]|rId|"dyUvwj0xgUjaGpHHVx"
17:19:09.073 (73942888)|STATEMENT_EXECUTE|[62]
17:19:09.073 (73955776)|METHOD_ENTRY|[62]|01p58000000n6rI|SObjectUtility.createSObject(SObjectData)
17:19:09.073 (73983417)|VARIABLE_SCOPE_BEGIN|[11]|this|SObjectUtility|true|false
17:19:09.074 (74007359)|VARIABLE_ASSIGNMENT|[11]|this|{"childrenMap":"0x68b2fd7f"}|0x5471e7e8
17:19:09.074 (74014425)|VARIABLE_SCOPE_BEGIN|[11]|obj|SObjectData|true|false
17:19:09.074 (74035888)|VARIABLE_ASSIGNMENT|[11]|obj|{"children":"0x34f6b452","fieldMap":"0x114ad2e4","sObjectType":"Risk__Scoring_Scheme (3 more) ..."}|0x2c171ac3
17:19:09.074 (74047149)|HEAP_ALLOCATE|[12]|Bytes:5
17:19:09.074 (74052205)|STATEMENT_EXECUTE|[11]
17:19:09.270 (270029377)|HEAP_ALLOCATE|[12]|Bytes:1796
17:19:09.270 (270110539)|METHOD_ENTRY|[12]|01p58000000n6Fr|SObjectData.getSObjectType()
17:19:09.270 (270128557)|VARIABLE_SCOPE_BEGIN|[77]|this|SObjectData|true|false
17:19:09.270 (270211667)|VARIABLE_ASSIGNMENT|[77]|this|{"children":"0x34f6b452","fieldMap":"0x114ad2e4","sObjectType":"Risk__Scoring_Scheme (3 more) ..."}|0x2c171ac3
17:19:09.270 (270236283)|HEAP_ALLOCATE|[78]|Bytes:5
17:19:09.270 (270245693)|STATEMENT_EXECUTE|[77]
17:19:09.270 (270248942)|STATEMENT_EXECUTE|[78]
17:19:09.270 (270265997)|METHOD_EXIT|[12]|01p58000000n6Fr|SObjectData.getSObjectType()
17:19:09.270 (270327481)|STATEMENT_EXECUTE|[12]
17:19:09.270 (270331792)|STATEMENT_EXECUTE|[15]
17:19:09.273 (273834699)|HEAP_ALLOCATE|[15]|Bytes:1796
17:19:09.273 (273857347)|METHOD_ENTRY|[15]|01p58000000n6Fr|SObjectData.getSObjectType()
17:19:09.273 (273864253)|VARIABLE_SCOPE_BEGIN|[77]|this|SObjectData|true|false
17:19:09.273 (273894414)|VARIABLE_ASSIGNMENT|[77]|this|{"children":"0x34f6b452","fieldMap":"0x114ad2e4","sObjectType":"Risk__Scoring_Scheme (3 more) ..."}|0x2c171ac3
17:19:09.273 (273907122)|HEAP_ALLOCATE|[78]|Bytes:5
17:19:09.273 (273912459)|STATEMENT_EXECUTE|[77]
17:19:09.273 (273915105)|STATEMENT_EXECUTE|[78]
17:19:09.273 (273923424)|METHOD_EXIT|[15]|01p58000000n6Fr|SObjectData.getSObjectType()
17:19:09.274 (274200290)|HEAP_ALLOCATE|[15]|Bytes:4
17:19:09.274 (274218700)|VARIABLE_SCOPE_BEGIN|[15]|sObj|SObject|true|false
17:19:09.274 (274237012)|VARIABLE_ASSIGNMENT|[15]|sObj|{}|0x6ede36af
17:19:09.274 (274257673)|HEAP_ALLOCATE|[16]|Bytes:4
17:19:09.274 (274313618)|METHOD_ENTRY|[16]|01p58000000n6Fr|SObjectData.getFieldMap()
17:19:09.274 (274322781)|VARIABLE_SCOPE_BEGIN|[73]|this|SObjectData|true|false
17:19:09.274 (274351421)|VARIABLE_ASSIGNMENT|[73]|this|{"children":"0x34f6b452","fieldMap":"0x114ad2e4","sObjectType":"Risk__Scoring_Scheme (3 more) ..."}|0x2c171ac3
17:19:09.274 (274363361)|HEAP_ALLOCATE|[74]|Bytes:5
17:19:09.274 (274368566)|STATEMENT_EXECUTE|[73]
17:19:09.274 (274371150)|STATEMENT_EXECUTE|[74]
17:19:09.274 (274381059)|METHOD_EXIT|[16]|01p58000000n6Fr|SObjectData.getFieldMap()
17:19:09.274 (274435338)|HEAP_ALLOCATE|[16]|Bytes:28
17:19:09.274 (274473917)|HEAP_ALLOCATE|[16]|Bytes:8
17:19:09.274 (274531434)|HEAP_ALLOCATE|[16]|Bytes:5
17:19:09.274 (274558156)|VARIABLE_SCOPE_BEGIN|[16]|field|String|false|false
17:19:09.274 (274570250)|VARIABLE_ASSIGNMENT|[16]|field|"Name"
17:19:09.274 (274575397)|STATEMENT_EXECUTE|[16]
17:19:09.274 (274578130)|STATEMENT_EXECUTE|[17]
17:19:09.274 (274587022)|METHOD_ENTRY|[17]|01p58000000n6Fr|SObjectData.getFieldMap()
17:19:09.274 (274614761)|VARIABLE_SCOPE_BEGIN|[73]|this|SObjectData|true|false
17:19:09.274 (274642381)|VARIABLE_ASSIGNMENT|[73]|this|{"children":"0x34f6b452","fieldMap":"0x114ad2e4","sObjectType":"Risk__Scoring_Scheme (3 more) ..."}|0x2c171ac3
17:19:09.274 (274654354)|HEAP_ALLOCATE|[74]|Bytes:5
17:19:09.274 (274659275)|STATEMENT_EXECUTE|[73]
17:19:09.274 (274661886)|STATEMENT_EXECUTE|[74]
17:19:09.274 (274670269)|METHOD_EXIT|[17]|01p58000000n6Fr|SObjectData.getFieldMap()
17:19:09.274 (274701629)|VARIABLE_SCOPE_BEGIN|[17]|value|String|false|false
17:19:09.274 (274713008)|VARIABLE_ASSIGNMENT|[17]|value|"Scoring Scheme 5x5"
17:19:09.274 (274717462)|STATEMENT_EXECUTE|[18]
17:19:09.283 (283863964)|HEAP_ALLOCATE|[16]|Bytes:5
17:19:09.283 (283883842)|VARIABLE_SCOPE_BEGIN|[16]|field|String|false|false
17:19:09.283 (283895746)|VARIABLE_ASSIGNMENT|[16]|field|"RecordTypeId"
17:19:09.283 (283900909)|STATEMENT_EXECUTE|[16]
17:19:09.283 (283903717)|STATEMENT_EXECUTE|[17]
17:19:09.283 (283911020)|METHOD_ENTRY|[17]|01p58000000n6Fr|SObjectData.getFieldMap()
17:19:09.283 (283916476)|VARIABLE_SCOPE_BEGIN|[73]|this|SObjectData|true|false
17:19:09.283 (283944989)|VARIABLE_ASSIGNMENT|[73]|this|{"children":"0x34f6b452","fieldMap":"0x114ad2e4","sObjectType":"Risk__Scoring_Scheme (3 more) ..."}|0x2c171ac3
17:19:09.283 (283968561)|HEAP_ALLOCATE|[74]|Bytes:5
17:19:09.283 (283974022)|STATEMENT_EXECUTE|[73]
17:19:09.283 (283976654)|STATEMENT_EXECUTE|[74]
17:19:09.283 (283985336)|METHOD_EXIT|[17]|01p58000000n6Fr|SObjectData.getFieldMap()
17:19:09.284 (284015773)|VARIABLE_SCOPE_BEGIN|[17]|value|String|false|false
17:19:09.284 (284027537)|VARIABLE_ASSIGNMENT|[17]|value|"012580000000H5p"
17:19:09.284 (284031650)|STATEMENT_EXECUTE|[18]
17:19:09.284 (284139059)|HEAP_ALLOCATE|[16]|Bytes:5
17:19:09.284 (284158950)|VARIABLE_ASSIGNMENT|[16]|field|null
17:19:09.284 (284164920)|STATEMENT_EXECUTE|[21]
17:19:09.284 (284174502)|METHOD_EXIT|[62]|01p58000000n6rI|SObjectUtility.createSObject(SObjectData)
17:19:09.284 (284209373)|HEAP_ALLOCATE|[EXTERNAL]|Bytes:-4
17:19:09.284 (284234311)|METHOD_ENTRY|[63]|01p58000000n6Fr|SObjectData.getChildren()
17:19:09.284 (284264027)|VARIABLE_SCOPE_BEGIN|[81]|this|SObjectData|true|false
17:19:09.284 (284293936)|VARIABLE_ASSIGNMENT|[81]|this|{"children":"0x34f6b452","fieldMap":"0x114ad2e4","sObjectType":"Risk__Scoring_Scheme (3 more) ..."}|0x2c171ac3
17:19:09.284 (284306168)|HEAP_ALLOCATE|[82]|Bytes:5
17:19:09.284 (284311438)|STATEMENT_EXECUTE|[81]
17:19:09.284 (284317519)|STATEMENT_EXECUTE|[82]
17:19:09.284 (284320340)|STATEMENT_EXECUTE|[85]
17:19:09.284 (284328589)|METHOD_EXIT|[63]|01p58000000n6Fr|SObjectData.getChildren()
17:19:09.284 (284354418)|STATEMENT_EXECUTE|[63]
17:19:09.284 (284357941)|STATEMENT_EXECUTE|[64]
17:19:09.284 (284365657)|METHOD_ENTRY|[64]|01p58000000n6Fr|SObjectData.getChildren()
17:19:09.284 (284384540)|VARIABLE_SCOPE_BEGIN|[81]|this|SObjectData|true|false
17:19:09.284 (284411861)|VARIABLE_ASSIGNMENT|[81]|this|{"children":"0x34f6b452","fieldMap":"0x114ad2e4","sObjectType":"Risk__Scoring_Scheme (3 more) ..."}|0x2c171ac3
17:19:09.284 (284423476)|HEAP_ALLOCATE|[82]|Bytes:5
17:19:09.284 (284428340)|STATEMENT_EXECUTE|[81]
17:19:09.284 (284431878)|STATEMENT_EXECUTE|[82]
17:19:09.284 (284434191)|STATEMENT_EXECUTE|[85]
17:19:09.284 (284441665)|METHOD_EXIT|[64]|01p58000000n6Fr|SObjectData.getChildren()
17:19:09.284 (284461070)|METHOD_ENTRY|[64]|01p58000000n6rI|SObjectUtility.createChildren(String, Map<String,List<SObjectData>>)
17:19:09.284 (284469431)|VARIABLE_SCOPE_BEGIN|[70]|this|SObjectUtility|true|false
17:19:09.284 (284491524)|VARIABLE_ASSIGNMENT|[70]|this|{"childrenMap":"0x68b2fd7f"}|0x5471e7e8
17:19:09.284 (284498321)|VARIABLE_SCOPE_BEGIN|[70]|parentId|String|false|false
17:19:09.284 (284505497)|VARIABLE_ASSIGNMENT|[70]|parentId|"dyUvwj0xgUjaGpHHVx"
17:19:09.284 (284509528)|VARIABLE_SCOPE_BEGIN|[70]|childMap|Map<String,List<SObjectData>>|true|false
17:19:09.284 (284553101)|VARIABLE_ASSIGNMENT|[70]|childMap|{"s":1,"v":{"Risk__Scoring_Scheme (3 more) ...":{"s":2,"v":[{"fieldMap":"0x61ddb485","sObjectType":"Risk__Impact_Categor (4 more) ..."}]}}}|0x34f6b452
17:19:09.284 (284565921)|HEAP_ALLOCATE|[72]|Bytes:5
17:19:09.284 (284571065)|STATEMENT_EXECUTE|[70]
17:19:09.284 (284577269)|HEAP_ALLOCATE|[72]|Bytes:4
17:19:09.284 (284633072)|HEAP_ALLOCATE|[72]|Bytes:31
17:19:09.284 (284662427)|HEAP_ALLOCATE|[72]|Bytes:4
17:19:09.284 (284698424)|HEAP_ALLOCATE|[72]|Bytes:5
17:19:09.284 (284716760)|VARIABLE_SCOPE_BEGIN|[72]|relationshipKey|String|false|false
17:19:09.284 (284729925)|VARIABLE_ASSIGNMENT|[72]|relationshipKey|"Risk__Scoring_Scheme (3 more) ..."
17:19:09.284 (284735438)|STATEMENT_EXECUTE|[72]
17:19:09.284 (284738102)|STATEMENT_EXECUTE|[73]
17:19:09.284 (284747905)|HEAP_ALLOCATE|[73]|Bytes:4
17:19:09.284 (284755831)|VARIABLE_SCOPE_BEGIN|[73]|childObjects|Map<String,SObject>|true|false
17:19:09.284 (284775256)|VARIABLE_ASSIGNMENT|[73]|childObjects|{"s":1,"v":{}}|0x73c1d9a8
17:19:09.284 (284781115)|STATEMENT_EXECUTE|[74]
17:19:09.284 (284841085)|VARIABLE_SCOPE_BEGIN|[74]|childrenList|List<SObjectData>|true|false
17:19:09.284 (284874550)|VARIABLE_ASSIGNMENT|[74]|childrenList|{"s":1,"v":[{"fieldMap":"0x61ddb485","sObjectType":"Risk__Impact_Categor (4 more) ..."}]}|0x57501c6a
17:19:09.284 (284930608)|HEAP_ALLOCATE|[76]|Bytes:5
17:19:09.284 (284948063)|HEAP_ALLOCATE|[76]|Bytes:24
17:19:09.284 (284963254)|VARIABLE_SCOPE_BEGIN|[76]|obj|SObjectData|true|false
17:19:09.284 (284990079)|VARIABLE_ASSIGNMENT|[76]|obj|{"fieldMap":"0x61ddb485","sObjectType":"Risk__Impact_Categor (4 more) ..."}|0x178438f
17:19:09.284 (284997285)|STATEMENT_EXECUTE|[76]
17:19:09.284 (284999928)|STATEMENT_EXECUTE|[77]
17:19:09.285 (285010078)|METHOD_ENTRY|[77]|01p58000000n6Fr|SObjectData.getFieldMap()
17:19:09.285 (285030336)|VARIABLE_SCOPE_BEGIN|[73]|this|SObjectData|true|false
17:19:09.285 (285054724)|VARIABLE_ASSIGNMENT|[73]|this|{"fieldMap":"0x61ddb485","sObjectType":"Risk__Impact_Categor (4 more) ..."}|0x178438f
17:19:09.285 (285065096)|HEAP_ALLOCATE|[74]|Bytes:5
17:19:09.285 (285070006)|STATEMENT_EXECUTE|[73]
17:19:09.285 (285072486)|STATEMENT_EXECUTE|[74]
17:19:09.285 (285080689)|METHOD_EXIT|[77]|01p58000000n6Fr|SObjectData.getFieldMap()
17:19:09.285 (285114459)|HEAP_ALLOCATE|[77]|Bytes:8
17:19:09.285 (285127663)|HEAP_ALLOCATE|[77]|Bytes:15
17:19:09.285 (285154735)|USER_DEBUG|[77]|DEBUG|Time IC Created
17:19:09.285 (285165579)|STATEMENT_EXECUTE|[78]
17:19:09.285 (285177090)|METHOD_ENTRY|[78]|01p58000000n6rI|SObjectUtility.generateRandomString(Integer)
17:19:09.285 (285197974)|HEAP_ALLOCATE|[97]|Bytes:4
17:19:09.285 (285203633)|VARIABLE_SCOPE_BEGIN|[96]|len|Integer|false|false
17:19:09.285 (285212340)|VARIABLE_ASSIGNMENT|[96]|len|18
17:19:09.285 (285220587)|HEAP_ALLOCATE|[97]|Bytes:5
17:19:09.285 (285224882)|STATEMENT_EXECUTE|[96]
17:19:09.285 (285227460)|STATEMENT_EXECUTE|[97]
17:19:09.285 (285232569)|VARIABLE_SCOPE_BEGIN|[97]|chars|String|false|false
17:19:09.285 (285242011)|VARIABLE_ASSIGNMENT|[97]|chars|"ABCDEFGHIJKLMNOPQRST (42 more) ..."
17:19:09.285 (285245977)|STATEMENT_EXECUTE|[98]
17:19:09.285 (285249936)|VARIABLE_SCOPE_BEGIN|[98]|randStr|String|false|false
17:19:09.285 (285256184)|VARIABLE_ASSIGNMENT|[98]|randStr|""
17:19:09.285 (285282087)|STATEMENT_EXECUTE|[99]
17:19:09.285 (285285462)|STATEMENT_EXECUTE|[100]
17:19:09.285 (285423843)|VARIABLE_SCOPE_BEGIN|[100]|idx|Integer|false|false
17:19:09.285 (285430014)|HEAP_ALLOCATE|[100]|Bytes:4
17:19:09.285 (285438575)|VARIABLE_ASSIGNMENT|[100]|idx|40
17:19:09.285 (285442489)|STATEMENT_EXECUTE|[101]
17:19:09.285 (285471258)|HEAP_ALLOCATE|[101]|Bytes:1
17:19:09.285 (285489756)|HEAP_ALLOCATE|[101]|Bytes:1
17:19:09.285 (285499990)|VARIABLE_ASSIGNMENT|[101]|randStr|"e"
17:19:09.285 (285519531)|STATEMENT_EXECUTE|[99]
17:19:09.285 (285522678)|STATEMENT_EXECUTE|[100]
17:19:09.285 (285615436)|VARIABLE_SCOPE_BEGIN|[100]|idx|Integer|false|false
17:19:09.285 (285620833)|HEAP_ALLOCATE|[100]|Bytes:4
17:19:09.285 (285628923)|VARIABLE_ASSIGNMENT|[100]|idx|33
17:19:09.285 (285633238)|STATEMENT_EXECUTE|[101]
17:19:09.285 (285656878)|HEAP_ALLOCATE|[101]|Bytes:1
17:19:09.285 (285674059)|HEAP_ALLOCATE|[101]|Bytes:2
17:19:09.285 (285683719)|VARIABLE_ASSIGNMENT|[101]|randStr|"e7"
17:19:09.285 (285702606)|STATEMENT_EXECUTE|[99]
17:19:09.285 (285705730)|STATEMENT_EXECUTE|[100]
17:19:09.285 (285799767)|VARIABLE_SCOPE_BEGIN|[100]|idx|Integer|false|false
17:19:09.285 (285805382)|HEAP_ALLOCATE|[100]|Bytes:4
17:19:09.285 (285813651)|VARIABLE_ASSIGNMENT|[100]|idx|25
17:19:09.285 (285817365)|STATEMENT_EXECUTE|[101]
17:19:09.285 (285840590)|HEAP_ALLOCATE|[101]|Bytes:1
17:19:09.285 (285857744)|HEAP_ALLOCATE|[101]|Bytes:3
17:19:09.285 (285867755)|VARIABLE_ASSIGNMENT|[101]|randStr|"e7Z"
17:19:09.285 (285886631)|STATEMENT_EXECUTE|[99]
17:19:09.285 (285889710)|STATEMENT_EXECUTE|[100]
17:19:09.285 (285994877)|VARIABLE_SCOPE_BEGIN|[100]|idx|Integer|false|false
17:19:09.286 (286000638)|HEAP_ALLOCATE|[100]|Bytes:4
17:19:09.286 (286009830)|VARIABLE_ASSIGNMENT|[100]|idx|28
17:19:09.286 (286013611)|STATEMENT_EXECUTE|[101]
17:19:09.286 (286038294)|HEAP_ALLOCATE|[101]|Bytes:1
17:19:09.286 (286055440)|HEAP_ALLOCATE|[101]|Bytes:4
17:19:09.286 (286065670)|VARIABLE_ASSIGNMENT|[101]|randStr|"e7Z2"
17:19:09.286 (286084617)|STATEMENT_EXECUTE|[99]
17:19:09.286 (286087749)|STATEMENT_EXECUTE|[100]
17:19:09.286 (286177183)|VARIABLE_SCOPE_BEGIN|[100]|idx|Integer|false|false
17:19:09.286 (286182542)|HEAP_ALLOCATE|[100]|Bytes:4
17:19:09.286 (286190411)|VARIABLE_ASSIGNMENT|[100]|idx|7
17:19:09.286 (286194182)|STATEMENT_EXECUTE|[101]
17:19:09.286 (286217368)|HEAP_ALLOCATE|[101]|Bytes:1
17:19:09.286 (286233938)|HEAP_ALLOCATE|[101]|Bytes:5
17:19:09.286 (286243840)|VARIABLE_ASSIGNMENT|[101]|randStr|"e7Z2H"
17:19:09.286 (286262644)|STATEMENT_EXECUTE|[99]
17:19:09.286 (286265750)|STATEMENT_EXECUTE|[100]
17:19:09.286 (286354444)|VARIABLE_SCOPE_BEGIN|[100]|idx|Integer|false|false
17:19:09.286 (286359701)|HEAP_ALLOCATE|[100]|Bytes:4
17:19:09.286 (286367805)|VARIABLE_ASSIGNMENT|[100]|idx|22
17:19:09.286 (286371413)|STATEMENT_EXECUTE|[101]
17:19:09.286 (286394570)|HEAP_ALLOCATE|[101]|Bytes:1
17:19:09.286 (286411296)|HEAP_ALLOCATE|[101]|Bytes:6
17:19:09.286 (286421408)|VARIABLE_ASSIGNMENT|[101]|randStr|"e7Z2HW"
17:19:09.286 (286439949)|STATEMENT_EXECUTE|[99]
17:19:09.286 (286442979)|STATEMENT_EXECUTE|[100]
17:19:09.286 (286531659)|VARIABLE_SCOPE_BEGIN|[100]|idx|Integer|false|false
17:19:09.286 (286537028)|HEAP_ALLOCATE|[100]|Bytes:4
17:19:09.286 (286545031)|VARIABLE_ASSIGNMENT|[100]|idx|34
17:19:09.286 (286548668)|STATEMENT_EXECUTE|[101]
17:19:09.286 (286571536)|HEAP_ALLOCATE|[101]|Bytes:1
17:19:09.286 (286588210)|HEAP_ALLOCATE|[101]|Bytes:7
17:19:09.286 (286598105)|VARIABLE_ASSIGNMENT|[101]|randStr|"e7Z2HW8"
17:19:09.286 (286616720)|STATEMENT_EXECUTE|[99]
17:19:09.286 (286619776)|STATEMENT_EXECUTE|[100]
17:19:09.286 (286709750)|VARIABLE_SCOPE_BEGIN|[100]|idx|Integer|false|false
17:19:09.286 (286714935)|HEAP_ALLOCATE|[100]|Bytes:4
17:19:09.286 (286722869)|VARIABLE_ASSIGNMENT|[100]|idx|9
17:19:09.286 (286726463)|STATEMENT_EXECUTE|[101]
17:19:09.286 (286749359)|HEAP_ALLOCATE|[101]|Bytes:1
17:19:09.286 (286765975)|HEAP_ALLOCATE|[101]|Bytes:8
17:19:09.286 (286775743)|VARIABLE_ASSIGNMENT|[101]|randStr|"e7Z2HW8J"
17:19:09.286 (286794373)|STATEMENT_EXECUTE|[99]
17:19:09.286 (286797392)|STATEMENT_EXECUTE|[100]
17:19:09.286 (286894871)|VARIABLE_SCOPE_BEGIN|[100]|idx|Integer|false|false
17:19:09.286 (286900347)|HEAP_ALLOCATE|[100]|Bytes:4
17:19:09.286 (286908414)|VARIABLE_ASSIGNMENT|[100]|idx|2
17:19:09.286 (286911988)|STATEMENT_EXECUTE|[101]
17:19:09.286 (286935140)|HEAP_ALLOCATE|[101]|Bytes:1
17:19:09.286 (286956188)|HEAP_ALLOCATE|[101]|Bytes:9
17:19:09.286 (286966704)|VARIABLE_ASSIGNMENT|[101]|randStr|"e7Z2HW8JC"
17:19:09.286 (286985930)|STATEMENT_EXECUTE|[99]
17:19:09.286 (286989175)|STATEMENT_EXECUTE|[100]
17:19:09.287 (287094812)|VARIABLE_SCOPE_BEGIN|[100]|idx|Integer|false|false
17:19:09.287 (287101065)|HEAP_ALLOCATE|[100]|Bytes:4
17:19:09.287 (287109342)|VARIABLE_ASSIGNMENT|[100]|idx|21
17:19:09.287 (287112972)|STATEMENT_EXECUTE|[101]
17:19:09.287 (287137035)|HEAP_ALLOCATE|[101]|Bytes:1
17:19:09.287 (287154201)|HEAP_ALLOCATE|[101]|Bytes:10
17:19:09.287 (287164241)|VARIABLE_ASSIGNMENT|[101]|randStr|"e7Z2HW8JCV"
17:19:09.287 (287183157)|STATEMENT_EXECUTE|[99]
17:19:09.287 (287186146)|STATEMENT_EXECUTE|[100]
17:19:09.287 (287274272)|VARIABLE_SCOPE_BEGIN|[100]|idx|Integer|false|false
17:19:09.287 (287279757)|HEAP_ALLOCATE|[100]|Bytes:4
17:19:09.287 (287287688)|VARIABLE_ASSIGNMENT|[100]|idx|47
17:19:09.287 (287291360)|STATEMENT_EXECUTE|[101]
17:19:09.287 (287314269)|HEAP_ALLOCATE|[101]|Bytes:1
17:19:09.287 (287331106)|HEAP_ALLOCATE|[101]|Bytes:11
17:19:09.287 (287340982)|VARIABLE_ASSIGNMENT|[101]|randStr|"e7Z2HW8JCVl"
17:19:09.287 (287359600)|STATEMENT_EXECUTE|[99]
17:19:09.287 (287362699)|STATEMENT_EXECUTE|[100]
17:19:09.287 (287450322)|VARIABLE_SCOPE_BEGIN|[100]|idx|Integer|false|false
17:19:09.287 (287455638)|HEAP_ALLOCATE|[100]|Bytes:4
17:19:09.287 (287463624)|VARIABLE_ASSIGNMENT|[100]|idx|33
17:19:09.287 (287467169)|STATEMENT_EXECUTE|[101]
17:19:09.287 (287490438)|HEAP_ALLOCATE|[101]|Bytes:1
17:19:09.287 (287507390)|HEAP_ALLOCATE|[101]|Bytes:12
17:19:09.287 (287517296)|VARIABLE_ASSIGNMENT|[101]|randStr|"e7Z2HW8JCVl7"
17:19:09.287 (287536022)|STATEMENT_EXECUTE|[99]
17:19:09.287 (287539037)|STATEMENT_EXECUTE|[100]
17:19:09.287 (287629934)|VARIABLE_SCOPE_BEGIN|[100]|idx|Integer|false|false
17:19:09.287 (287635252)|HEAP_ALLOCATE|[100]|Bytes:4
17:19:09.287 (287643199)|VARIABLE_ASSIGNMENT|[100]|idx|20
17:19:09.287 (287646819)|STATEMENT_EXECUTE|[101]
17:19:09.287 (287669262)|HEAP_ALLOCATE|[101]|Bytes:1
17:19:09.287 (287686258)|HEAP_ALLOCATE|[101]|Bytes:13
17:19:09.287 (287696356)|VARIABLE_ASSIGNMENT|[101]|randStr|"e7Z2HW8JCVl7U"
17:19:09.287 (287715330)|STATEMENT_EXECUTE|[99]
17:19:09.287 (287718376)|STATEMENT_EXECUTE|[100]
17:19:09.287 (287806371)|VARIABLE_SCOPE_BEGIN|[100]|idx|Integer|false|false
17:19:09.287 (287811531)|HEAP_ALLOCATE|[100]|Bytes:4
17:19:09.287 (287819451)|VARIABLE_ASSIGNMENT|[100]|idx|33
17:19:09.287 (287823203)|STATEMENT_EXECUTE|[101]
17:19:09.287 (287845891)|HEAP_ALLOCATE|[101]|Bytes:1
17:19:09.287 (287862601)|HEAP_ALLOCATE|[101]|Bytes:14
17:19:09.287 (287872352)|VARIABLE_ASSIGNMENT|[101]|randStr|"e7Z2HW8JCVl7U7"
17:19:09.287 (287891301)|STATEMENT_EXECUTE|[99]
17:19:09.287 (287894383)|STATEMENT_EXECUTE|[100]
17:19:09.287 (287991761)|VARIABLE_SCOPE_BEGIN|[100]|idx|Integer|false|false
17:19:09.287 (287997131)|HEAP_ALLOCATE|[100]|Bytes:4
17:19:09.288 (288005105)|VARIABLE_ASSIGNMENT|[100]|idx|51
17:19:09.288 (288009470)|STATEMENT_EXECUTE|[101]
17:19:09.288 (288032647)|HEAP_ALLOCATE|[101]|Bytes:1
17:19:09.288 (288049217)|HEAP_ALLOCATE|[101]|Bytes:15
17:19:09.288 (288059307)|VARIABLE_ASSIGNMENT|[101]|randStr|"e7Z2HW8JCVl7U7p"
17:19:09.288 (288078269)|STATEMENT_EXECUTE|[99]
17:19:09.288 (288081274)|STATEMENT_EXECUTE|[100]
17:19:09.288 (288169898)|VARIABLE_SCOPE_BEGIN|[100]|idx|Integer|false|false
17:19:09.288 (288175136)|HEAP_ALLOCATE|[100]|Bytes:4
17:19:09.288 (288183121)|VARIABLE_ASSIGNMENT|[100]|idx|44
17:19:09.288 (288186678)|STATEMENT_EXECUTE|[101]
17:19:09.288 (288209746)|HEAP_ALLOCATE|[101]|Bytes:1
17:19:09.288 (288226550)|HEAP_ALLOCATE|[101]|Bytes:16
17:19:09.288 (288236526)|VARIABLE_ASSIGNMENT|[101]|randStr|"e7Z2HW8JCVl7U7pi"
17:19:09.288 (288255458)|STATEMENT_EXECUTE|[99]
17:19:09.288 (288258532)|STATEMENT_EXECUTE|[100]
17:19:09.288 (288355414)|VARIABLE_SCOPE_BEGIN|[100]|idx|Integer|false|false
17:19:09.288 (288360709)|HEAP_ALLOCATE|[100]|Bytes:4
17:19:09.288 (288368928)|VARIABLE_ASSIGNMENT|[100]|idx|37
17:19:09.288 (288372531)|STATEMENT_EXECUTE|[101]
17:19:09.288 (288395745)|HEAP_ALLOCATE|[101]|Bytes:1
17:19:09.288 (288412765)|HEAP_ALLOCATE|[101]|Bytes:17
17:19:09.288 (288422827)|VARIABLE_ASSIGNMENT|[101]|randStr|"e7Z2HW8JCVl7U7pib"
17:19:09.288 (288441587)|STATEMENT_EXECUTE|[99]
17:19:09.288 (288444659)|STATEMENT_EXECUTE|[100]
17:19:09.288 (288534118)|VARIABLE_SCOPE_BEGIN|[100]|idx|Integer|false|false
17:19:09.288 (288539221)|HEAP_ALLOCATE|[100]|Bytes:4
17:19:09.288 (288547405)|VARIABLE_ASSIGNMENT|[100]|idx|50
17:19:09.288 (288551030)|STATEMENT_EXECUTE|[101]
17:19:09.288 (288574400)|HEAP_ALLOCATE|[101]|Bytes:1
17:19:09.288 (288591354)|HEAP_ALLOCATE|[101]|Bytes:18
17:19:09.288 (288601507)|VARIABLE_ASSIGNMENT|[101]|randStr|"e7Z2HW8JCVl7U7pibo"
17:19:09.288 (288620934)|STATEMENT_EXECUTE|[103]
17:19:09.288 (288629912)|METHOD_EXIT|[78]|01p58000000n6rI|SObjectUtility.generateRandomString(Integer)
17:19:09.288 (288635522)|VARIABLE_SCOPE_BEGIN|[78]|rId|String|false|false
17:19:09.288 (288643689)|VARIABLE_ASSIGNMENT|[78]|rId|"e7Z2HW8JCVl7U7pibo"
17:19:09.288 (288647269)|STATEMENT_EXECUTE|[79]
17:19:09.288 (288656482)|METHOD_ENTRY|[79]|01p58000000n6rI|SObjectUtility.createSObject(SObjectData)
17:19:09.288 (288677767)|VARIABLE_SCOPE_BEGIN|[11]|this|SObjectUtility|true|false
17:19:09.288 (288701347)|VARIABLE_ASSIGNMENT|[11]|this|{"childrenMap":"0x68b2fd7f"}|0x5471e7e8
17:19:09.288 (288707168)|VARIABLE_SCOPE_BEGIN|[11]|obj|SObjectData|true|false
17:19:09.288 (288726253)|VARIABLE_ASSIGNMENT|[11]|obj|{"fieldMap":"0x61ddb485","sObjectType":"Risk__Impact_Categor (4 more) ..."}|0x178438f
17:19:09.288 (288737009)|HEAP_ALLOCATE|[12]|Bytes:5
17:19:09.288 (288741812)|STATEMENT_EXECUTE|[11]
17:19:09.291 (291887941)|HEAP_ALLOCATE|[12]|Bytes:1796
17:19:09.291 (291907985)|METHOD_ENTRY|[12]|01p58000000n6Fr|SObjectData.getSObjectType()
17:19:09.291 (291914428)|VARIABLE_SCOPE_BEGIN|[77]|this|SObjectData|true|false
17:19:09.291 (291943191)|VARIABLE_ASSIGNMENT|[77]|this|{"fieldMap":"0x61ddb485","sObjectType":"Risk__Impact_Categor (4 more) ..."}|0x178438f
17:19:09.291 (291960791)|HEAP_ALLOCATE|[78]|Bytes:5
17:19:09.291 (291966491)|STATEMENT_EXECUTE|[77]
17:19:09.291 (291969174)|STATEMENT_EXECUTE|[78]
17:19:09.291 (291977916)|METHOD_EXIT|[12]|01p58000000n6Fr|SObjectData.getSObjectType()
17:19:09.292 (292009477)|STATEMENT_EXECUTE|[12]
17:19:09.292 (292014022)|STATEMENT_EXECUTE|[15]
17:19:09.295 (295133023)|HEAP_ALLOCATE|[15]|Bytes:1796
17:19:09.295 (295152399)|METHOD_ENTRY|[15]|01p58000000n6Fr|SObjectData.getSObjectType()
17:19:09.295 (295158770)|VARIABLE_SCOPE_BEGIN|[77]|this|SObjectData|true|false
17:19:09.295 (295187675)|VARIABLE_ASSIGNMENT|[77]|this|{"fieldMap":"0x61ddb485","sObjectType":"Risk__Impact_Categor (4 more) ..."}|0x178438f
17:19:09.295 (295199033)|HEAP_ALLOCATE|[78]|Bytes:5
17:19:09.295 (295204213)|STATEMENT_EXECUTE|[77]
17:19:09.295 (295206814)|STATEMENT_EXECUTE|[78]
17:19:09.295 (295215143)|METHOD_EXIT|[15]|01p58000000n6Fr|SObjectData.getSObjectType()
17:19:09.295 (295337641)|HEAP_ALLOCATE|[15]|Bytes:4
17:19:09.295 (295353792)|VARIABLE_SCOPE_BEGIN|[15]|sObj|SObject|true|false
17:19:09.295 (295367947)|VARIABLE_ASSIGNMENT|[15]|sObj|{}|0x4d71bb33
17:19:09.295 (295375584)|HEAP_ALLOCATE|[16]|Bytes:4
17:19:09.295 (295391764)|METHOD_ENTRY|[16]|01p58000000n6Fr|SObjectData.getFieldMap()
17:19:09.295 (295397225)|VARIABLE_SCOPE_BEGIN|[73]|this|SObjectData|true|false
17:19:09.295 (295423003)|VARIABLE_ASSIGNMENT|[73]|this|{"fieldMap":"0x61ddb485","sObjectType":"Risk__Impact_Categor (4 more) ..."}|0x178438f
17:19:09.295 (295433266)|HEAP_ALLOCATE|[74]|Bytes:5
17:19:09.295 (295437995)|STATEMENT_EXECUTE|[73]
17:19:09.295 (295440533)|STATEMENT_EXECUTE|[74]
17:19:09.295 (295448516)|METHOD_EXIT|[16]|01p58000000n6Fr|SObjectData.getFieldMap()
17:19:09.295 (295479608)|HEAP_ALLOCATE|[16]|Bytes:37
17:19:09.295 (295506434)|HEAP_ALLOCATE|[16]|Bytes:8
17:19:09.295 (295539489)|HEAP_ALLOCATE|[16]|Bytes:5
17:19:09.295 (295554776)|VARIABLE_SCOPE_BEGIN|[16]|field|String|false|false
17:19:09.295 (295565575)|VARIABLE_ASSIGNMENT|[16]|field|"Name"
17:19:09.295 (295569840)|STATEMENT_EXECUTE|[16]
17:19:09.295 (295572361)|STATEMENT_EXECUTE|[17]
17:19:09.295 (295578658)|METHOD_ENTRY|[17]|01p58000000n6Fr|SObjectData.getFieldMap()
17:19:09.295 (295583482)|VARIABLE_SCOPE_BEGIN|[73]|this|SObjectData|true|false
17:19:09.295 (295606711)|VARIABLE_ASSIGNMENT|[73]|this|{"fieldMap":"0x61ddb485","sObjectType":"Risk__Impact_Categor (4 more) ..."}|0x178438f
17:19:09.295 (295616885)|HEAP_ALLOCATE|[74]|Bytes:5
17:19:09.295 (295621547)|STATEMENT_EXECUTE|[73]
17:19:09.295 (295623962)|STATEMENT_EXECUTE|[74]
17:19:09.295 (295631662)|METHOD_EXIT|[17]|01p58000000n6Fr|SObjectData.getFieldMap()
17:19:09.295 (295659820)|VARIABLE_SCOPE_BEGIN|[17]|value|String|false|false
17:19:09.295 (295670478)|VARIABLE_ASSIGNMENT|[17]|value|"Time IC"
17:19:09.295 (295674330)|STATEMENT_EXECUTE|[18]
17:19:09.304 (304248319)|HEAP_ALLOCATE|[16]|Bytes:5
17:19:09.304 (304268588)|VARIABLE_SCOPE_BEGIN|[16]|field|String|false|false
17:19:09.304 (304282596)|VARIABLE_ASSIGNMENT|[16]|field|"Risk__Type_Of_Risk__ (1 more) ..."
17:19:09.304 (304287781)|STATEMENT_EXECUTE|[16]
17:19:09.304 (304290579)|STATEMENT_EXECUTE|[17]
17:19:09.304 (304298041)|METHOD_ENTRY|[17]|01p58000000n6Fr|SObjectData.getFieldMap()
17:19:09.304 (304303846)|VARIABLE_SCOPE_BEGIN|[73]|this|SObjectData|true|false
17:19:09.304 (304331019)|VARIABLE_ASSIGNMENT|[73]|this|{"fieldMap":"0x61ddb485","sObjectType":"Risk__Impact_Categor (4 more) ..."}|0x178438f
17:19:09.304 (304341948)|HEAP_ALLOCATE|[74]|Bytes:5
17:19:09.304 (304347270)|STATEMENT_EXECUTE|[73]
17:19:09.304 (304350001)|STATEMENT_EXECUTE|[74]
17:19:09.304 (304358625)|METHOD_EXIT|[17]|01p58000000n6Fr|SObjectData.getFieldMap()
17:19:09.304 (304388782)|VARIABLE_SCOPE_BEGIN|[17]|value|String|false|false
17:19:09.304 (304399805)|VARIABLE_ASSIGNMENT|[17]|value|"Time"
17:19:09.304 (304403791)|STATEMENT_EXECUTE|[18]
17:19:09.304 (304527324)|HEAP_ALLOCATE|[16]|Bytes:5
17:19:09.304 (304546250)|VARIABLE_ASSIGNMENT|[16]|field|null
17:19:09.304 (304551432)|STATEMENT_EXECUTE|[21]
17:19:09.304 (304559947)|METHOD_EXIT|[79]|01p58000000n6rI|SObjectUtility.createSObject(SObjectData)
17:19:09.304 (304585004)|HEAP_ALLOCATE|[EXTERNAL]|Bytes:-4
17:19:09.304 (304605946)|METHOD_ENTRY|[80]|01p58000000n6Fr|SObjectData.getChildren()
17:19:09.304 (304627929)|VARIABLE_SCOPE_BEGIN|[81]|this|SObjectData|true|false
17:19:09.304 (304656373)|VARIABLE_ASSIGNMENT|[81]|this|{"fieldMap":"0x61ddb485","sObjectType":"Risk__Impact_Categor (4 more) ..."}|0x178438f
17:19:09.304 (304667456)|HEAP_ALLOCATE|[82]|Bytes:5
17:19:09.304 (304672550)|STATEMENT_EXECUTE|[81]
17:19:09.304 (304676107)|STATEMENT_EXECUTE|[82]
17:19:09.304 (304678525)|STATEMENT_EXECUTE|[83]
17:19:09.304 (304685758)|HEAP_ALLOCATE|[83]|Bytes:4
17:19:09.304 (304717238)|VARIABLE_ASSIGNMENT|[83]|this.children|{"s":1,"v":{}}|0x178438f
17:19:09.304 (304724495)|STATEMENT_EXECUTE|[85]
17:19:09.304 (304734035)|METHOD_EXIT|[80]|01p58000000n6Fr|SObjectData.getChildren()
17:19:09.304 (304755371)|STATEMENT_EXECUTE|[80]
17:19:09.304 (304771825)|HEAP_ALLOCATE|[76]|Bytes:5
17:19:09.304 (304787995)|VARIABLE_ASSIGNMENT|[76]|obj|null|
17:19:09.304 (304792889)|STATEMENT_EXECUTE|[85]
17:19:09.304 (304804634)|HEAP_ALLOCATE|[85]|Bytes:4
17:19:09.304 (304816239)|VARIABLE_SCOPE_BEGIN|[85]|bufferMap|Map<String,Map<String,SObject>>|true|false
17:19:09.304 (304835629)|VARIABLE_ASSIGNMENT|[85]|bufferMap|{"s":1,"v":{}}|0x500123c9
17:19:09.304 (304841559)|STATEMENT_EXECUTE|[86]
17:19:09.304 (304885092)|HEAP_ALLOCATE|[EXTERNAL]|Bytes:-4
17:19:09.304 (304946985)|STATEMENT_EXECUTE|[89]
17:19:09.304 (304952204)|STATEMENT_EXECUTE|[90]
17:19:09.304 (304992758)|HEAP_ALLOCATE|[EXTERNAL]|Bytes:-4
17:19:09.305 (305022606)|HEAP_ALLOCATE|[72]|Bytes:5
17:19:09.305 (305041003)|VARIABLE_ASSIGNMENT|[72]|relationshipKey|null
17:19:09.305 (305053879)|METHOD_EXIT|[64]|01p58000000n6rI|SObjectUtility.createChildren(String, Map<String,List<SObjectData>>)
17:19:09.305 (305070352)|HEAP_ALLOCATE|[60]|Bytes:5
17:19:09.305 (305084692)|VARIABLE_ASSIGNMENT|[60]|obj|null|
17:19:09.305 (305089924)|STATEMENT_EXECUTE|[67]
17:19:09.305 (305098766)|METHOD_EXIT|[6]|01p58000000n6rI|SObjectUtility.createRoot(List<SObjectData>)
17:19:09.305 (305104747)|VARIABLE_SCOPE_BEGIN|[6]|root|Map<String,SObject>|true|false
17:19:09.305 (305131863)|VARIABLE_ASSIGNMENT|[6]|root|{"s":1,"v":{"dyUvwj0xgUjaGpHHVx":{"Name":"Scoring Scheme 5x5","RecordTypeId":"012580000000H5p"}}}|0x6c3eede4
17:19:09.305 (305138648)|STATEMENT_EXECUTE|[7]
17:19:09.305 (305155354)|METHOD_ENTRY|[7]|01p58000000n6rI|SObjectUtility.insertSObjects(Map<String,SObject>)
17:19:09.305 (305186589)|VARIABLE_SCOPE_BEGIN|[24]|this|SObjectUtility|true|false
17:19:09.305 (305210709)|VARIABLE_ASSIGNMENT|[24]|this|{"childrenMap":"0x68b2fd7f"}|0x5471e7e8
17:19:09.305 (305217219)|VARIABLE_SCOPE_BEGIN|[24]|objMap|Map<String,SObject>|true|false
17:19:09.305 (305234724)|VARIABLE_ASSIGNMENT|[24]|objMap|{"s":1,"v":{"dyUvwj0xgUjaGpHHVx":{"Name":"Scoring Scheme 5x5","RecordTypeId":"012580000000H5p"}}}|0x6c3eede4
17:19:09.305 (305246044)|HEAP_ALLOCATE|[25]|Bytes:5
17:19:09.305 (305251425)|STATEMENT_EXECUTE|[24]
17:19:09.305 (305254020)|STATEMENT_EXECUTE|[25]
17:19:09.305 (305256200)|STATEMENT_EXECUTE|[25]
17:19:09.305 (305258476)|STATEMENT_EXECUTE|[26]
17:19:09.305 (305265122)|HEAP_ALLOCATE|[26]|Bytes:4
17:19:09.305 (305272783)|VARIABLE_SCOPE_BEGIN|[26]|childMap|Map<String,SObject>|true|false
17:19:09.305 (305290223)|VARIABLE_ASSIGNMENT|[26]|childMap|{"s":1,"v":{}}|0x571fefc5
17:19:09.305 (305295817)|STATEMENT_EXECUTE|[27]
17:19:09.305 (305341851)|HEAP_ALLOCATE|[EXTERNAL]|Bytes:8
17:19:09.305 (305357016)|HEAP_ALLOCATE|[27]|Bytes:69
17:19:09.305 (305430570)|DML_BEGIN|[27]|Op:Insert|Type:SObject|Rows:1
17:19:09.305 (305466548)|HEAP_ALLOCATE|[EXTERNAL]|Bytes:8
17:19:09.371 (371658525)|DML_END|[27]
17:19:09.371 (371747296)|HEAP_ALLOCATE|[EXTERNAL]|Bytes:8
17:19:09.371 (371762288)|HEAP_ALLOCATE|[28]|Bytes:4
17:19:09.371 (371821818)|HEAP_ALLOCATE|[28]|Bytes:26
17:19:09.371 (371858784)|HEAP_ALLOCATE|[28]|Bytes:4
17:19:09.371 (371896957)|HEAP_ALLOCATE|[28]|Bytes:5
17:19:09.371 (371916208)|VARIABLE_SCOPE_BEGIN|[28]|key|String|false|false
17:19:09.371 (371928810)|VARIABLE_ASSIGNMENT|[28]|key|"dyUvwj0xgUjaGpHHVx"
17:19:09.371 (371933935)|STATEMENT_EXECUTE|[28]
17:19:09.371 (371940270)|HEAP_ALLOCATE|[29]|Bytes:4
17:19:09.372 (372001333)|HEAP_ALLOCATE|[29]|Bytes:31
17:19:09.372 (372031649)|HEAP_ALLOCATE|[29]|Bytes:4
17:19:09.372 (372067263)|HEAP_ALLOCATE|[29]|Bytes:5
17:19:09.372 (372085125)|VARIABLE_SCOPE_BEGIN|[29]|relationshipKey|String|false|false
17:19:09.372 (372098643)|VARIABLE_ASSIGNMENT|[29]|relationshipKey|"Risk__Scoring_Scheme (3 more) ..."
17:19:09.372 (372103625)|STATEMENT_EXECUTE|[29]
17:19:09.372 (372180899)|STATEMENT_EXECUTE|[31]
17:19:09.372 (372185168)|STATEMENT_EXECUTE|[32]
17:19:09.372 (372290837)|HEAP_ALLOCATE|[32]|Bytes:18
17:19:09.372 (372364297)|METHOD_ENTRY|[32]|01p58000000n6rI|SObjectUtility.buildRelationships(String, String, Map<String,SObject>)
17:19:09.372 (372373569)|VARIABLE_SCOPE_BEGIN|[47]|this|SObjectUtility|true|false
17:19:09.372 (372398332)|VARIABLE_ASSIGNMENT|[47]|this|{"childrenMap":"0x68b2fd7f"}|0x5471e7e8
17:19:09.372 (372405231)|VARIABLE_SCOPE_BEGIN|[47]|field|String|false|false
17:19:09.372 (372413008)|VARIABLE_ASSIGNMENT|[47]|field|"Risk__Scoring_Scheme (3 more) ..."
17:19:09.372 (372416729)|VARIABLE_SCOPE_BEGIN|[47]|parentId|String|false|false
17:19:09.372 (372422167)|VARIABLE_ASSIGNMENT|[47]|parentId|"a0u58000000PNVKAA4"
17:19:09.372 (372425924)|VARIABLE_SCOPE_BEGIN|[47]|objMap|Map<String,SObject>|true|false
17:19:09.372 (372445159)|VARIABLE_ASSIGNMENT|[47]|objMap|{"s":1,"v":{"e7Z2HW8JCVl7U7pibo":{"Name":"Time IC","Risk__Type_of_Risk__ (1 more) ...":"Time"}}}|0x73c1d9a8
17:19:09.372 (372457590)|HEAP_ALLOCATE|[48]|Bytes:5
17:19:09.372 (372463247)|STATEMENT_EXECUTE|[47]
17:19:09.372 (372466166)|STATEMENT_EXECUTE|[48]
17:19:09.372 (372468357)|STATEMENT_EXECUTE|[48]
17:19:09.372 (372474092)|HEAP_ALLOCATE|[49]|Bytes:4
17:19:09.372 (372528618)|HEAP_ALLOCATE|[49]|Bytes:26
17:19:09.372 (372557334)|HEAP_ALLOCATE|[49]|Bytes:4
17:19:09.372 (372592297)|HEAP_ALLOCATE|[49]|Bytes:5
17:19:09.372 (372610668)|VARIABLE_SCOPE_BEGIN|[49]|key|String|false|false
17:19:09.372 (372622086)|VARIABLE_ASSIGNMENT|[49]|key|"e7Z2HW8JCVl7U7pibo"
17:19:09.372 (372627240)|STATEMENT_EXECUTE|[49]
17:19:09.372 (372629794)|STATEMENT_EXECUTE|[50]
17:19:09.372 (372821495)|HEAP_ALLOCATE|[49]|Bytes:5
17:19:09.372 (372840344)|VARIABLE_ASSIGNMENT|[49]|key|null
17:19:09.372 (372845861)|STATEMENT_EXECUTE|[52]
17:19:09.372 (372855660)|METHOD_EXIT|[32]|01p58000000n6rI|SObjectUtility.buildRelationships(String, String, Map<String,SObject>)
17:19:09.372 (372892925)|HEAP_ALLOCATE|[EXTERNAL]|Bytes:-4
17:19:09.372 (372898369)|HEAP_ALLOCATE|[32]|Bytes:4
17:19:09.372 (372924109)|HEAP_ALLOCATE|[29]|Bytes:5
17:19:09.372 (372940587)|VARIABLE_ASSIGNMENT|[29]|relationshipKey|null
17:19:09.372 (372959082)|HEAP_ALLOCATE|[28]|Bytes:5
17:19:09.372 (372973894)|VARIABLE_ASSIGNMENT|[28]|key|null
17:19:09.373 (373022937)|HEAP_ALLOCATE|[37]|Bytes:26
17:19:09.373 (373056137)|STATEMENT_EXECUTE|[37]
17:19:09.373 (373060043)|STATEMENT_EXECUTE|[38]
17:19:09.373 (373069252)|METHOD_ENTRY|[38]|01p58000000n6rI|SObjectUtility.insertSObjects(Map<String,SObject>)
17:19:09.373 (373088521)|VARIABLE_SCOPE_BEGIN|[24]|this|SObjectUtility|true|false
17:19:09.373 (373112939)|VARIABLE_ASSIGNMENT|[24]|this|{"childrenMap":"0x68b2fd7f"}|0x5471e7e8
17:19:09.373 (373118649)|VARIABLE_SCOPE_BEGIN|[24]|objMap|Map<String,SObject>|true|false
17:19:09.373 (373138766)|VARIABLE_ASSIGNMENT|[24]|objMap|{"s":1,"v":{"e7Z2HW8JCVl7U7pibo":{"Name":"Time IC","Risk__Type_of_Risk__ (1 more) ...":"Time","Risk__Scoring_Scheme (3 more) ...":"a0u58000000PNVKAA4"}}}|0x571fefc5
17:19:09.373 (373150834)|HEAP_ALLOCATE|[25]|Bytes:5
17:19:09.373 (373156099)|STATEMENT_EXECUTE|[24]
17:19:09.373 (373158820)|STATEMENT_EXECUTE|[25]
17:19:09.373 (373161004)|STATEMENT_EXECUTE|[25]
17:19:09.373 (373163047)|STATEMENT_EXECUTE|[26]
17:19:09.373 (373169403)|HEAP_ALLOCATE|[26]|Bytes:4
17:19:09.373 (373176313)|VARIABLE_SCOPE_BEGIN|[26]|childMap|Map<String,SObject>|true|false
17:19:09.373 (373193657)|VARIABLE_ASSIGNMENT|[26]|childMap|{"s":1,"v":{}}|0x21fe5464
17:19:09.373 (373198800)|STATEMENT_EXECUTE|[27]
17:19:09.373 (373215975)|HEAP_ALLOCATE|[EXTERNAL]|Bytes:8
17:19:09.373 (373227434)|HEAP_ALLOCATE|[27]|Bytes:101
17:19:09.373 (373261617)|DML_BEGIN|[27]|Op:Insert|Type:SObject|Rows:1
17:19:09.373 (373283393)|HEAP_ALLOCATE|[EXTERNAL]|Bytes:8
17:19:09.386 (386122368)|ENTERING_MANAGED_PKG|Risk
17:19:09.391 (391764171)|SOQL_EXECUTE_BEGIN|[19]|Aggregations:1|SELECT Id, (SELECT Risk__Order__c FROM Impact_Categories__r ORDER BY Order__c DESC NULLS FIRST LIMIT 1) FROM Scoring_Scheme__c WHERE Id = :tmpVar1
17:19:09.398 (398100789)|SOQL_EXECUTE_END|[19]|Rows:1
17:19:09.399 (399728704)|SOQL_EXECUTE_BEGIN|[64]|Aggregations:1|SELECT Id, (SELECT Id, Risk__Type_of_Risk__c FROM Impact_Categories__r) FROM Scoring_Scheme__c WHERE Id = :tmpVar1
17:19:09.403 (403311809)|SOQL_EXECUTE_END|[64]|Rows:1
17:19:09.431 (431718292)|DML_END|[27]
17:19:09.431 (431747930)|HEAP_ALLOCATE|[EXTERNAL]|Bytes:8
17:19:09.431 (431761119)|HEAP_ALLOCATE|[28]|Bytes:4
17:19:09.431 (431801605)|HEAP_ALLOCATE|[28]|Bytes:26
17:19:09.431 (431831369)|HEAP_ALLOCATE|[28]|Bytes:4
17:19:09.431 (431867254)|HEAP_ALLOCATE|[28]|Bytes:5
17:19:09.431 (431883222)|VARIABLE_SCOPE_BEGIN|[28]|key|String|false|false
17:19:09.431 (431897116)|VARIABLE_ASSIGNMENT|[28]|key|"e7Z2HW8JCVl7U7pibo"
17:19:09.431 (431902985)|STATEMENT_EXECUTE|[28]
17:19:09.431 (431908597)|HEAP_ALLOCATE|[29]|Bytes:4
17:19:09.431 (431944965)|HEAP_ALLOCATE|[29]|Bytes:31
17:19:09.431 (431975959)|HEAP_ALLOCATE|[29]|Bytes:4
17:19:09.432 (432008478)|HEAP_ALLOCATE|[29]|Bytes:5
17:19:09.432 (432025207)|VARIABLE_SCOPE_BEGIN|[29]|relationshipKey|String|false|false
17:19:09.432 (432038485)|VARIABLE_ASSIGNMENT|[29]|relationshipKey|"Risk__Scoring_Scheme (3 more) ..."
17:19:09.432 (432043321)|STATEMENT_EXECUTE|[29]
17:19:09.432 (432094085)|STATEMENT_EXECUTE|[31]
17:19:09.432 (432110326)|HEAP_ALLOCATE|[29]|Bytes:5
17:19:09.432 (432126077)|VARIABLE_ASSIGNMENT|[29]|relationshipKey|null
17:19:09.432 (432139989)|HEAP_ALLOCATE|[28]|Bytes:5
17:19:09.432 (432153447)|VARIABLE_ASSIGNMENT|[28]|key|null
17:19:09.432 (432180458)|HEAP_ALLOCATE|[37]|Bytes:4
17:19:09.432 (432204982)|STATEMENT_EXECUTE|[37]
17:19:09.432 (432215771)|METHOD_EXIT|[38]|01p58000000n6rI|SObjectUtility.insertSObjects(Map<String,SObject>)
17:19:09.432 (432223501)|METHOD_EXIT|[7]|01p58000000n6rI|SObjectUtility.insertSObjects(Map<String,SObject>)
17:19:09.432 (432227688)|STATEMENT_EXECUTE|[8]
17:19:09.432 (432236084)|METHOD_EXIT|[20]|01p58000000n6rI|SObjectUtility.createSObjects(List<SObjectData>)
17:19:09.432 (432245499)|METHOD_EXIT|[34]|01p58000000n81u|ScoringSchemeHelper.create5x5ScoringScheme()
17:19:09.432 (432253977)|SYSTEM_MODE_EXIT|false
17:19:09.436 (436486967)|CUMULATIVE_LIMIT_USAGE
17:19:09.436 (436486967)|LIMIT_USAGE_FOR_NS|(default)|
  Number of SOQL queries: 0 out of 100
  Number of query rows: 0 out of 50000
  Number of SOSL queries: 0 out of 20
  Number of DML statements: 2 out of 150
  Number of DML rows: 2 out of 10000
  Maximum CPU time: 40 out of 10000
  Maximum heap size: 0 out of 6000000
  Number of callouts: 0 out of 100
  Number of Email Invocations: 0 out of 10
  Number of future calls: 0 out of 50
  Number of queueable jobs added to the queue: 0 out of 50
  Number of Mobile Apex push calls: 0 out of 10

17:19:09.436 (436486967)|LIMIT_USAGE_FOR_NS|Risk|
  Number of SOQL queries: 2 out of 100
  Number of query rows: 2 out of 50000
  Number of SOSL queries: 0 out of 20
  Number of DML statements: 0 out of 150
  Number of DML rows: 0 out of 10000
  Maximum CPU time: 0 out of 10000
  Maximum heap size: 0 out of 6000000
  Number of callouts: 0 out of 100
  Number of Email Invocations: 0 out of 10
  Number of future calls: 0 out of 50
  Number of queueable jobs added to the queue: 0 out of 50
  Number of Mobile Apex push calls: 0 out of 10

17:19:09.436 (436486967)|CUMULATIVE_LIMIT_USAGE_END

17:19:09.436 (436557916)|CODE_UNIT_FINISHED|execute_anonymous_apex
17:19:09.437 (437541216)|EXECUTION_FINISHED
