35.0 APEX_CODE,FINEST;APEX_PROFILING,INFO;CALLOUT,INFO;DB,INFO;SYSTEM,DEBUG;VALIDATION,INFO;VISUALFORCE,INFO;WORKFLOW,INFO
10:02:33.027 (27432259)|EXECUTION_STARTED
10:02:33.027 (27474028)|CODE_UNIT_STARTED|[EXTERNAL]|01p58000000n2dy|BUTestBatch
10:02:33.030 (30114142)|HEAP_ALLOCATE|[EXTERNAL]|Bytes:8
10:02:33.046 (46749122)|HEAP_ALLOCATE|[72]|Bytes:3
10:02:33.046 (46811145)|HEAP_ALLOCATE|[77]|Bytes:152
10:02:33.046 (46836296)|HEAP_ALLOCATE|[342]|Bytes:408
10:02:33.046 (46862588)|HEAP_ALLOCATE|[355]|Bytes:408
10:02:33.046 (46887694)|HEAP_ALLOCATE|[467]|Bytes:48
10:02:33.046 (46927828)|HEAP_ALLOCATE|[139]|Bytes:6
10:02:33.047 (47784197)|HEAP_ALLOCATE|[EXTERNAL]|Bytes:52
10:02:33.047 (47796666)|HEAP_ALLOCATE|[EXTERNAL]|Bytes:9
10:02:33.047 (47814346)|METHOD_ENTRY|[1]|01p58000000n2dy|BUTestBatch.BUTestBatch()
10:02:33.047 (47822014)|STATEMENT_EXECUTE|[1]
10:02:33.047 (47830063)|STATEMENT_EXECUTE|[1]
10:02:33.047 (47837342)|METHOD_EXIT|[1]|BUTestBatch
10:02:33.047 (47844282)|HEAP_ALLOCATE|[EXTERNAL]|Bytes:8
10:02:33.047 (47848790)|HEAP_ALLOCATE|[EXTERNAL]|Bytes:12
10:02:33.047 (47857296)|VARIABLE_SCOPE_BEGIN|[9]|this|BUTestBatch|true|false
10:02:33.047 (47912243)|VARIABLE_ASSIGNMENT|[9]|this|{}|0x3c0f42c4
10:02:33.047 (47918961)|VARIABLE_SCOPE_BEGIN|[9]|BC|Database.BatchableContext|true|false
10:02:33.048 (48079500)|VARIABLE_ASSIGNMENT|[9]|BC|{"jobId":"70758000001OPjUAAW"}|0x1d015e64
10:02:33.048 (48098225)|STATEMENT_EXECUTE|[9]
10:02:33.048 (48103400)|STATEMENT_EXECUTE|[10]
10:02:33.048 (48326027)|HEAP_ALLOCATE|[10]|Bytes:4
10:02:33.048 (48500754)|VARIABLE_SCOPE_BEGIN|[10]|bu|grc__Business_Unit__c|true|false
10:02:33.048 (48523700)|VARIABLE_ASSIGNMENT|[10]|bu|{}|0x374ee03c
10:02:33.048 (48531667)|STATEMENT_EXECUTE|[11]
10:02:33.048 (48537805)|HEAP_ALLOCATE|[11]|Bytes:2
10:02:33.051 (51396949)|VARIABLE_ASSIGNMENT|[11]|this.Name|"bu"|0x374ee03c
10:02:33.051 (51407981)|STATEMENT_EXECUTE|[12]
10:02:33.051 (51423817)|HEAP_ALLOCATE|[12]|Bytes:4
10:02:33.051 (51510313)|HEAP_ALLOCATE|[EXTERNAL]|Bytes:8
10:02:33.052 (52325324)|HEAP_ALLOCATE|[EXTERNAL]|Bytes:8
10:02:33.052 (52554124)|HEAP_ALLOCATE|[50]|Bytes:5
10:02:33.052 (52578488)|HEAP_ALLOCATE|[56]|Bytes:5
10:02:33.052 (52590666)|HEAP_ALLOCATE|[64]|Bytes:7
10:02:33.052 (52883436)|HEAP_ALLOCATE|[EXTERNAL]|Bytes:4
10:02:33.052 (52901346)|HEAP_ALLOCATE|[EXTERNAL]|Bytes:4
10:02:33.052 (52907604)|HEAP_ALLOCATE|[EXTERNAL]|Bytes:4
10:02:33.074 (74109370)|CUMULATIVE_LIMIT_USAGE
10:02:33.074 (74109370)|LIMIT_USAGE_FOR_NS|(default)|
  Number of SOQL queries: 0 out of 200
  Number of query rows: 0 out of 50000
  Number of SOSL queries: 0 out of 20
  Number of DML statements: 0 out of 150
  Number of DML rows: 0 out of 10000
  Maximum CPU time: 0 out of 60000
  Maximum heap size: 0 out of 12000000
  Number of callouts: 0 out of 0
  Number of Email Invocations: 0 out of 10
  Number of future calls: 0 out of 0
  Number of queueable jobs added to the queue: 0 out of 1
  Number of Mobile Apex push calls: 0 out of 10

10:02:33.074 (74109370)|CUMULATIVE_LIMIT_USAGE_END

10:02:33.074 (74221662)|CODE_UNIT_FINISHED|BUTestBatch
10:02:33.075 (75260191)|EXECUTION_FINISHED
