35.0 APEX_CODE,FINEST;APEX_PROFILING,INFO;CALLOUT,INFO;DB,INFO;SYSTEM,DEBUG;VALIDATION,INFO;VISUALFORCE,INFO;WORKFLOW,INFO
17:36:04.033 (33832629)|HEAP_ALLOCATE|[72]|Bytes:3
17:36:04.033 (33909328)|HEAP_ALLOCATE|[77]|Bytes:152
17:36:04.033 (33930157)|HEAP_ALLOCATE|[342]|Bytes:408
17:36:04.033 (33953783)|HEAP_ALLOCATE|[355]|Bytes:408
17:36:04.033 (33975809)|HEAP_ALLOCATE|[467]|Bytes:48
17:36:04.034 (34011981)|HEAP_ALLOCATE|[139]|Bytes:6
17:36:04.034 (34159935)|HEAP_ALLOCATE|[50]|Bytes:5
17:36:04.034 (34183118)|HEAP_ALLOCATE|[56]|Bytes:5
17:36:04.034 (34193792)|HEAP_ALLOCATE|[64]|Bytes:7
17:36:04.036 (36630024)|SOQL_EXECUTE_BEGIN|[23]|Aggregations:2|SELECT Id, Name, (SELECT Id, Name, Risk__Type_of_Risk__c, Risk__Symbol__c, Risk__Units__c FROM Impact_Categories__r ORDER BY Order__c ASC NULLS FIRST), (SELECT Id, Name, Risk__Type__c, Risk__Rating__c, Risk__Colour__c FROM Score_Bands__r ORDER BY Rating__c ASC NULLS FIRST) FROM Scoring_Scheme__c WHERE Id = :tmpVar1
17:36:04.044 (44887916)|SOQL_EXECUTE_END|[23]|Rows:1
17:36:04.065 (65055658)|SOQL_EXECUTE_BEGIN|[185]|Aggregations:0|SELECT Id, Risk__Score_Band__c, Risk__Impact_Category__c, Risk__From_Value__c, Risk__To_Value__c, Risk__Description__c FROM Score_Band_Entry__c 
17:36:04.069 (69871466)|SOQL_EXECUTE_END|[185]|Rows:0
17:36:04.101 (101989019)|SOQL_EXECUTE_BEGIN|[185]|Aggregations:0|SELECT Id, Risk__Score_Band__c, Risk__Impact_Category__c, Risk__From_Value__c, Risk__To_Value__c, Risk__Description__c FROM Score_Band_Entry__c 
17:36:04.105 (105469706)|SOQL_EXECUTE_END|[185]|Rows:0
17:36:04.183 (183737067)|CUMULATIVE_LIMIT_USAGE
17:36:04.183 (183737067)|LIMIT_USAGE_FOR_NS|(default)|
  Number of SOQL queries: 0 out of 100
  Number of query rows: 0 out of 50000
  Number of SOSL queries: 0 out of 20
  Number of DML statements: 0 out of 150
  Number of DML rows: 0 out of 10000
  Maximum CPU time: 0 out of 10000
  Maximum heap size: 0 out of 6000000
  Number of callouts: 0 out of 100
  Number of Email Invocations: 0 out of 10
  Number of future calls: 0 out of 50
  Number of queueable jobs added to the queue: 0 out of 50
  Number of Mobile Apex push calls: 0 out of 10

17:36:04.183 (183737067)|LIMIT_USAGE_FOR_NS|Risk|
  Number of SOQL queries: 3 out of 100
  Number of query rows: 13 out of 50000
  Number of SOSL queries: 0 out of 20
  Number of DML statements: 0 out of 150
  Number of DML rows: 0 out of 10000
  Maximum CPU time: 0 out of 10000
  Maximum heap size: 0 out of 6000000
  Number of callouts: 0 out of 100
  Number of Email Invocations: 0 out of 10
  Number of future calls: 0 out of 50
  Number of queueable jobs added to the queue: 0 out of 50
  Number of Mobile Apex push calls: 0 out of 10

17:36:04.183 (183737067)|CUMULATIVE_LIMIT_USAGE_END

