35.0 APEX_CODE,FINEST;APEX_PROFILING,INFO;CALLOUT,INFO;DB,INFO;SYSTEM,DEBUG;VALIDATION,INFO;VISUALFORCE,INFO;WORKFLOW,INFO
11:45:26.179 (179686569)|EXECUTION_STARTED
11:45:26.179 (179788275)|CODE_UNIT_STARTED|[EXTERNAL]|01p58000000nl6e|BusinessUnitRelationshipHelperTest.testUpdateRelationships
11:45:26.180 (180109984)|HEAP_ALLOCATE|[72]|Bytes:3
11:45:26.180 (180170955)|HEAP_ALLOCATE|[77]|Bytes:152
11:45:26.180 (180199849)|HEAP_ALLOCATE|[342]|Bytes:408
11:45:26.180 (180232301)|HEAP_ALLOCATE|[355]|Bytes:408
11:45:26.180 (180259248)|HEAP_ALLOCATE|[467]|Bytes:48
11:45:26.180 (180301499)|HEAP_ALLOCATE|[139]|Bytes:6
11:45:26.180 (180328327)|HEAP_ALLOCATE|[EXTERNAL]|Bytes:138
11:45:26.180 (180349432)|METHOD_ENTRY|[2]|01p58000000nl6e|BusinessUnitRelationshipHelperTest.BusinessUnitRelationshipHelperTest()
11:45:26.180 (180355318)|STATEMENT_EXECUTE|[2]
11:45:26.180 (180360792)|STATEMENT_EXECUTE|[2]
11:45:26.180 (180400783)|HEAP_ALLOCATE|[50]|Bytes:5
11:45:26.180 (180429216)|HEAP_ALLOCATE|[56]|Bytes:5
11:45:26.180 (180440587)|HEAP_ALLOCATE|[64]|Bytes:7
11:45:26.181 (181051030)|SYSTEM_MODE_ENTER|false
11:45:26.181 (181078566)|HEAP_ALLOCATE|[EXTERNAL]|Bytes:5
11:45:26.181 (181088180)|SYSTEM_MODE_EXIT|false
11:45:26.181 (181100102)|METHOD_EXIT|[2]|BusinessUnitRelationshipHelperTest
11:45:26.181 (181144800)|SYSTEM_MODE_ENTER|false
11:45:26.181 (181151174)|HEAP_ALLOCATE|[4]|Bytes:5
11:45:26.181 (181156039)|STATEMENT_EXECUTE|[3]
11:45:26.181 (181158547)|STATEMENT_EXECUTE|[4]
11:45:26.181 (181244164)|HEAP_ALLOCATE|[4]|Bytes:4
11:45:26.181 (181415906)|VARIABLE_SCOPE_BEGIN|[4]|parent|grc__Business_Unit__c|true|false
11:45:26.181 (181447921)|VARIABLE_ASSIGNMENT|[4]|parent|{}|0x58420396
11:45:26.181 (181453114)|STATEMENT_EXECUTE|[5]
11:45:26.181 (181458479)|HEAP_ALLOCATE|[5]|Bytes:6
11:45:26.181 (181584729)|VARIABLE_ASSIGNMENT|[5]|this.Name|"parent"|0x58420396
11:45:26.181 (181591983)|STATEMENT_EXECUTE|[6]
11:45:26.181 (181676228)|VARIABLE_ASSIGNMENT|[6]|this.Risk__Sharing_Group_Name__c|"parent"|0x58420396
11:45:26.181 (181683125)|STATEMENT_EXECUTE|[8]
11:45:26.181 (181700075)|HEAP_ALLOCATE|[8]|Bytes:4
11:45:26.181 (181722477)|VARIABLE_SCOPE_BEGIN|[8]|child1|grc__Business_Unit__c|true|false
11:45:26.181 (181737152)|VARIABLE_ASSIGNMENT|[8]|child1|{}|0x475d949d
11:45:26.181 (181741583)|STATEMENT_EXECUTE|[9]
11:45:26.181 (181746065)|HEAP_ALLOCATE|[9]|Bytes:6
11:45:26.181 (181809844)|VARIABLE_ASSIGNMENT|[9]|this.Name|"child1"|0x475d949d
11:45:26.181 (181816590)|STATEMENT_EXECUTE|[10]
11:45:26.181 (181887501)|VARIABLE_ASSIGNMENT|[10]|this.Risk__Sharing_Group_Name__c|"child1"|0x475d949d
11:45:26.181 (181894559)|STATEMENT_EXECUTE|[12]
11:45:26.181 (181910258)|HEAP_ALLOCATE|[12]|Bytes:4
11:45:26.181 (181937563)|VARIABLE_SCOPE_BEGIN|[12]|child2|grc__Business_Unit__c|true|false
11:45:26.181 (181952442)|VARIABLE_ASSIGNMENT|[12]|child2|{}|0x6a3473d6
11:45:26.181 (181957249)|STATEMENT_EXECUTE|[13]
11:45:26.181 (181961951)|HEAP_ALLOCATE|[13]|Bytes:6
11:45:26.182 (182024726)|VARIABLE_ASSIGNMENT|[13]|this.Name|"child2"|0x6a3473d6
11:45:26.182 (182032497)|STATEMENT_EXECUTE|[14]
11:45:26.182 (182098734)|VARIABLE_ASSIGNMENT|[14]|this.Risk__Sharing_Group_Name__c|"child2"|0x6a3473d6
11:45:26.182 (182105540)|STATEMENT_EXECUTE|[16]
11:45:26.182 (182120717)|HEAP_ALLOCATE|[16]|Bytes:4
11:45:26.182 (182143867)|VARIABLE_SCOPE_BEGIN|[16]|child11|grc__Business_Unit__c|true|false
11:45:26.182 (182157879)|VARIABLE_ASSIGNMENT|[16]|child11|{}|0x9f01210
11:45:26.182 (182162112)|STATEMENT_EXECUTE|[17]
11:45:26.182 (182166628)|HEAP_ALLOCATE|[17]|Bytes:7
11:45:26.182 (182228428)|VARIABLE_ASSIGNMENT|[17]|this.Name|"child11"|0x9f01210
11:45:26.182 (182235378)|STATEMENT_EXECUTE|[18]
11:45:26.182 (182299721)|VARIABLE_ASSIGNMENT|[18]|this.Risk__Sharing_Group_Name__c|"child11"|0x9f01210
11:45:26.182 (182306164)|STATEMENT_EXECUTE|[20]
11:45:26.182 (182321274)|HEAP_ALLOCATE|[20]|Bytes:4
11:45:26.182 (182342202)|VARIABLE_SCOPE_BEGIN|[20]|child21|grc__Business_Unit__c|true|false
11:45:26.182 (182355975)|VARIABLE_ASSIGNMENT|[20]|child21|{}|0x29935b40
11:45:26.182 (182360445)|STATEMENT_EXECUTE|[21]
11:45:26.182 (182365547)|HEAP_ALLOCATE|[21]|Bytes:7
11:45:26.182 (182430216)|VARIABLE_ASSIGNMENT|[21]|this.Name|"child21"|0x29935b40
11:45:26.182 (182437102)|STATEMENT_EXECUTE|[22]
11:45:26.182 (182502355)|VARIABLE_ASSIGNMENT|[22]|this.Risk__Sharing_Group_Name__c|"child21"|0x29935b40
11:45:26.182 (182509069)|STATEMENT_EXECUTE|[24]
11:45:26.182 (182513926)|HEAP_ALLOCATE|[24]|Bytes:39
11:45:26.182 (182528613)|HEAP_ALLOCATE|[24]|Bytes:4
11:45:26.182 (182543391)|HEAP_ALLOCATE|[24]|Bytes:7
11:45:26.182 (182929212)|SOQL_EXECUTE_BEGIN|[24]|Aggregations:0|SELECT Id FROM User WHERE Id = :tmpVar1
11:45:26.185 (185018376)|SOQL_EXECUTE_END|[24]|Rows:1
11:45:26.185 (185040394)|HEAP_ALLOCATE|[24]|Bytes:8
11:45:26.185 (185058507)|HEAP_ALLOCATE|[24]|Bytes:29
11:45:26.185 (185160894)|HEAP_ALLOCATE|[24]|Bytes:8
11:45:26.185 (185171485)|HEAP_ALLOCATE|[24]|Bytes:30
11:45:26.185 (185264593)|HEAP_ALLOCATE|[24]|Bytes:8
11:45:26.185 (185273926)|VARIABLE_SCOPE_BEGIN|[24]|usr|User|true|false
11:45:26.185 (185300526)|VARIABLE_ASSIGNMENT|[24]|usr|{"s":1,"v":{"Id":"00558000000FHMRAA4"}}|0x27e70e7d
11:45:26.189 (189491208)|HEAP_ALLOCATE|[25]|Bytes:8
11:45:26.189 (189501953)|STATEMENT_EXECUTE|[25]
11:45:26.189 (189505029)|STATEMENT_EXECUTE|[27]
11:45:26.190 (190925699)|STATEMENT_EXECUTE|[28]
11:45:26.190 (190955802)|HEAP_ALLOCATE|[28]|Bytes:4
11:45:26.191 (191063312)|HEAP_ALLOCATE|[EXTERNAL]|Bytes:24
11:45:26.191 (191127121)|DML_BEGIN|[28]|Op:Insert|Type:grc__Business_Unit__c|Rows:5
11:45:26.191 (191173934)|HEAP_ALLOCATE|[EXTERNAL]|Bytes:24
11:45:26.197 (197981532)|ENTERING_MANAGED_PKG|Risk
11:45:26.201 (201611201)|SOQL_EXECUTE_BEGIN|[16]|Aggregations:0|SELECT Id, Risk__Hierarchy_Level__c FROM grc__Business_Unit__c WHERE Id = :tmpVar1
11:45:26.203 (203689749)|SOQL_EXECUTE_END|[16]|Rows:0
11:45:26.206 (206366849)|SOQL_EXECUTE_BEGIN|[11]|Aggregations:0|SELECT Id, grc__Parent_Business_Unit__c FROM grc__Business_Unit__c LIMIT 50000
11:45:26.207 (207573578)|SOQL_EXECUTE_END|[11]|Rows:0
11:45:26.217 (217696507)|CODE_UNIT_STARTED|[EXTERNAL]|Validation:Business_Unit:new
11:45:26.217 (217712129)|VALIDATION_RULE|03d580000004IqX|No_Dashes_in_Sharing_Group_Name_Allowed
11:45:26.217 (217847274)|VALIDATION_FORMULA|CONTAINS(Risk__Sharing_Group_Name__c, '-')|Risk__Sharing_Group_Name__c=parent
11:45:26.217 (217855818)|VALIDATION_PASS
11:45:26.217 (217886581)|CODE_UNIT_FINISHED|Validation:Business_Unit:new
11:45:26.218 (218718163)|CODE_UNIT_STARTED|[EXTERNAL]|Validation:Business_Unit:new
11:45:26.218 (218728761)|VALIDATION_RULE|03d580000004IqX|No_Dashes_in_Sharing_Group_Name_Allowed
11:45:26.218 (218842439)|VALIDATION_FORMULA|CONTAINS(Risk__Sharing_Group_Name__c, '-')|Risk__Sharing_Group_Name__c=child1
11:45:26.218 (218850317)|VALIDATION_PASS
11:45:26.218 (218870658)|CODE_UNIT_FINISHED|Validation:Business_Unit:new
11:45:26.219 (219695997)|CODE_UNIT_STARTED|[EXTERNAL]|Validation:Business_Unit:new
11:45:26.219 (219706090)|VALIDATION_RULE|03d580000004IqX|No_Dashes_in_Sharing_Group_Name_Allowed
11:45:26.219 (219816315)|VALIDATION_FORMULA|CONTAINS(Risk__Sharing_Group_Name__c, '-')|Risk__Sharing_Group_Name__c=child2
11:45:26.219 (219824652)|VALIDATION_PASS
11:45:26.219 (219848157)|CODE_UNIT_FINISHED|Validation:Business_Unit:new
11:45:26.220 (220674372)|CODE_UNIT_STARTED|[EXTERNAL]|Validation:Business_Unit:new
11:45:26.220 (220684256)|VALIDATION_RULE|03d580000004IqX|No_Dashes_in_Sharing_Group_Name_Allowed
11:45:26.220 (220793003)|VALIDATION_FORMULA|CONTAINS(Risk__Sharing_Group_Name__c, '-')|Risk__Sharing_Group_Name__c=child11
11:45:26.220 (220800643)|VALIDATION_PASS
11:45:26.220 (220820703)|CODE_UNIT_FINISHED|Validation:Business_Unit:new
11:45:26.221 (221645841)|CODE_UNIT_STARTED|[EXTERNAL]|Validation:Business_Unit:new
11:45:26.221 (221658864)|VALIDATION_RULE|03d580000004IqX|No_Dashes_in_Sharing_Group_Name_Allowed
11:45:26.221 (221767477)|VALIDATION_FORMULA|CONTAINS(Risk__Sharing_Group_Name__c, '-')|Risk__Sharing_Group_Name__c=child21
11:45:26.221 (221774971)|VALIDATION_PASS
11:45:26.221 (221794762)|CODE_UNIT_FINISHED|Validation:Business_Unit:new
11:45:33.339 (7339931890)|ENTERING_MANAGED_PKG|Risk
11:45:33.340 (7340609563)|SOQL_EXECUTE_BEGIN|[28]|Aggregations:0|SELECT COUNT() FROM AsyncApexJob WHERE (JobType = 'BatchApex' AND (Status = 'Processing' OR Status = 'Preparing' OR Status = 'Queued'))
11:45:33.341 (7341870883)|SOQL_EXECUTE_END|[28]|Rows:0
11:45:33.394 (7394825969)|DML_END|[28]
11:45:33.394 (7394945612)|HEAP_ALLOCATE|[EXTERNAL]|Bytes:24
11:45:33.394 (7394960608)|STATEMENT_EXECUTE|[29]
11:45:33.407 (7407333714)|HEAP_ALLOCATE|[EXTERNAL]|Bytes:24
11:45:33.407 (7407863517)|HEAP_ALLOCATE|[EXTERNAL]|Bytes:4
11:45:33.424 (7424968463)|SOQL_EXECUTE_BEGIN|[109]|Aggregations:0|SELECT Id, Risk__Sharing_Group_Name__c, grc__Parent_Business_Unit__c, grc__Parent_Business_Unit__r.Risk__Sharing_Group_Name__c, grc__Parent_Business_Unit__r.Risk__Read_Write_Access_to_Child_BUs__c FROM grc__Business_Unit__c WHERE Id = :tmpVar1
11:45:33.427 (7427807969)|SOQL_EXECUTE_END|[109]|Rows:5
11:45:33.429 (7429885445)|DML_BEGIN|[131]|Op:Insert|Type:Group|Rows:10
11:45:33.555 (7555492486)|DML_END|[131]
11:45:33.556 (7556041323)|SOQL_EXECUTE_BEGIN|[133]|Aggregations:0|SELECT Id, Name FROM Group 
11:45:33.559 (7559216465)|SOQL_EXECUTE_END|[133]|Rows:10
11:45:33.563 (7563073434)|SOQL_EXECUTE_BEGIN|[149]|Aggregations:0|SELECT Id, OwnerId, Risk__Sharing_Group_Name__c, grc__Parent_Business_Unit__c, grc__Parent_Business_Unit__r.Risk__Sharing_Group_Name__c, grc__Parent_Business_Unit__r.Risk__Read_Write_Access_to_Child_BUs__c FROM grc__Business_Unit__c WHERE Id = :tmpVar1
11:45:33.566 (7566298437)|SOQL_EXECUTE_END|[149]|Rows:5
11:45:33.569 (7569076098)|DML_BEGIN|[173]|Op:Insert|Type:GroupMember|Rows:5
11:45:33.736 (7736469521)|DML_END|[173]
11:45:33.795 (7795722329)|HEAP_ALLOCATE|[EXTERNAL]|Bytes:24
11:45:33.796 (7796217748)|HEAP_ALLOCATE|[EXTERNAL]|Bytes:4
11:45:33.796 (7796342077)|HEAP_ALLOCATE|[EXTERNAL]|Bytes:4
11:45:33.796 (7796348609)|HEAP_ALLOCATE|[EXTERNAL]|Bytes:18
11:45:33.796 (7796379296)|HEAP_ALLOCATE|[EXTERNAL]|Bytes:4
11:45:33.796 (7796453924)|HEAP_ALLOCATE|[EXTERNAL]|Bytes:8
11:45:33.796 (7796460209)|HEAP_ALLOCATE|[EXTERNAL]|Bytes:18
11:45:33.796 (7796481269)|HEAP_ALLOCATE|[EXTERNAL]|Bytes:4
11:45:33.796 (7796588831)|HEAP_ALLOCATE|[EXTERNAL]|Bytes:12
11:45:33.796 (7796599437)|HEAP_ALLOCATE|[EXTERNAL]|Bytes:18
11:45:33.796 (7796634356)|HEAP_ALLOCATE|[EXTERNAL]|Bytes:4
11:45:33.796 (7796734637)|HEAP_ALLOCATE|[EXTERNAL]|Bytes:16
11:45:33.796 (7796744627)|HEAP_ALLOCATE|[EXTERNAL]|Bytes:18
11:45:33.796 (7796776579)|HEAP_ALLOCATE|[EXTERNAL]|Bytes:4
11:45:33.796 (7796877164)|HEAP_ALLOCATE|[EXTERNAL]|Bytes:20
11:45:33.796 (7796889444)|HEAP_ALLOCATE|[EXTERNAL]|Bytes:18
11:45:33.796 (7796918993)|HEAP_ALLOCATE|[EXTERNAL]|Bytes:4
11:45:33.810 (7810247487)|SOQL_EXECUTE_BEGIN|[33]|Aggregations:0|SELECT Id, Risk__Sharing_Group_Name__c, grc__Parent_Business_Unit__c, grc__Parent_Business_Unit__r.Risk__Sharing_Group_Name__c, grc__Parent_Business_Unit__r.Risk__Read_Write_Access_to_Child_BUs__c FROM grc__Business_Unit__c WHERE Id IN :tmpVar1
11:45:33.813 (7813625841)|SOQL_EXECUTE_END|[33]|Rows:5
11:45:33.815 (7815664457)|SOQL_EXECUTE_BEGIN|[58]|Aggregations:0|SELECT Id, Name FROM Group 
11:45:33.817 (7817755494)|SOQL_EXECUTE_END|[58]|Rows:10
11:45:33.822 (7822662410)|DML_BEGIN|[74]|Op:Insert|Type:grc__Business_Unit__Share|Rows:10
11:45:33.892 (7892498000)|DML_END|[74]
11:45:33.930 (7930448171)|STATEMENT_EXECUTE|[32]
11:45:33.930 (7930470061)|HEAP_ALLOCATE|[32]|Bytes:4
11:45:33.930 (7930488966)|VARIABLE_SCOPE_BEGIN|[32]|parameters|Map<String,String>|true|false
11:45:33.930 (7930532335)|VARIABLE_ASSIGNMENT|[32]|parameters|{"s":1,"v":{}}|0x732dcfb6
11:45:33.930 (7930537982)|STATEMENT_EXECUTE|[33]
11:45:33.930 (7930543876)|HEAP_ALLOCATE|[33]|Bytes:57
11:45:33.930 (7930550274)|VARIABLE_SCOPE_BEGIN|[33]|csvString|String|false|false
11:45:33.930 (7930562104)|VARIABLE_ASSIGNMENT|[33]|csvString|"child1:parent,child2 (37 more) ..."
11:45:33.930 (7930565664)|STATEMENT_EXECUTE|[34]
11:45:33.930 (7930569447)|HEAP_ALLOCATE|[34]|Bytes:9
11:45:33.930 (7930644893)|HEAP_ALLOCATE|[EXTERNAL]|Bytes:-4
11:45:33.930 (7930664296)|STATEMENT_EXECUTE|[36]
11:45:33.930 (7930672787)|HEAP_ALLOCATE|[36]|Bytes:4
11:45:33.930 (7930710440)|VARIABLE_SCOPE_BEGIN|[36]|results|List<grc__Business_Unit__c>|true|false
11:45:33.930 (7930719517)|HEAP_ALLOCATE|[EXTERNAL]|Bytes:4
11:45:33.930 (7930733100)|VARIABLE_ASSIGNMENT|[36]|results|{"s":1,"v":[]}|0x4dc7cd9
11:45:33.930 (7930737506)|STATEMENT_EXECUTE|[39]
11:45:33.931 (7931755618)|VARIABLE_SCOPE_BEGIN|[7]|BusinessUnitRelationshipHelper.key|String|false|true
11:45:33.931 (7931774949)|HEAP_ALLOCATE|[39]|Bytes:5
11:45:33.931 (7931784216)|HEAP_ALLOCATE|[39]|Bytes:13
11:45:33.931 (7931800304)|VARIABLE_ASSIGNMENT|[39]|BusinessUnitRelationshipHelper.key|"relationships"
11:45:33.931 (7931826876)|METHOD_ENTRY|[5]|01p58000000nl2M|BusinessUnitRelationshipHelper.BusinessUnitRelationshipHelper()
11:45:33.931 (7931832379)|STATEMENT_EXECUTE|[5]
11:45:33.931 (7931836292)|STATEMENT_EXECUTE|[5]
11:45:33.931 (7931843842)|HEAP_ALLOCATE|[39]|Bytes:5
11:45:33.931 (7931855590)|METHOD_EXIT|[5]|BusinessUnitRelationshipHelper
11:45:33.931 (7931895064)|METHOD_ENTRY|[39]|01p58000000nl2M|BusinessUnitRelationshipHelper.updateRelationships(Map<String,String>)
11:45:33.931 (7931928544)|VARIABLE_SCOPE_BEGIN|[15]|relationships|Map<String,String>|true|false
11:45:33.931 (7931937888)|VARIABLE_ASSIGNMENT|[15]|relationships|null|
11:45:33.931 (7931951454)|HEAP_ALLOCATE|[17]|Bytes:5
11:45:33.931 (7931956225)|STATEMENT_EXECUTE|[15]
11:45:33.931 (7931963243)|STATEMENT_EXECUTE|[17]
11:45:33.931 (7931965372)|STATEMENT_EXECUTE|[63]
11:45:33.931 (7931970276)|HEAP_ALLOCATE|[63]|Bytes:4
11:45:33.932 (7932032306)|METHOD_EXIT|[39]|01p58000000nl2M|BusinessUnitRelationshipHelper.updateRelationships(Map<String,String>)
11:45:33.932 (7932043241)|HEAP_ALLOCATE|[EXTERNAL]|Bytes:4
11:45:33.932 (7932056004)|VARIABLE_ASSIGNMENT|[39]|results|{"s":1,"v":[]}|0x7c6bb974
11:45:33.932 (7932060452)|STATEMENT_EXECUTE|[41]
11:45:33.932 (7932158451)|STATEMENT_EXECUTE|[42]
11:45:33.932 (7932229032)|STATEMENT_EXECUTE|[44]
11:45:33.932 (7932237364)|HEAP_ALLOCATE|[44]|Bytes:4
11:45:33.932 (7932248678)|METHOD_ENTRY|[44]|01p58000000nl2M|BusinessUnitRelationshipHelper.updateRelationships(Map<String,String>)
11:45:33.932 (7932269528)|VARIABLE_SCOPE_BEGIN|[15]|relationships|Map<String,String>|true|false
11:45:33.932 (7932288203)|VARIABLE_ASSIGNMENT|[15]|relationships|{"s":1,"v":{}}|0x4d4c6d47
11:45:33.932 (7932298901)|HEAP_ALLOCATE|[17]|Bytes:5
11:45:33.932 (7932303391)|STATEMENT_EXECUTE|[15]
11:45:33.932 (7932307663)|HEAP_ALLOCATE|[17]|Bytes:13
11:45:33.932 (7932361507)|STATEMENT_EXECUTE|[17]
11:45:33.932 (7932365227)|STATEMENT_EXECUTE|[63]
11:45:33.932 (7932370179)|HEAP_ALLOCATE|[63]|Bytes:4
11:45:33.932 (7932386576)|METHOD_EXIT|[44]|01p58000000nl2M|BusinessUnitRelationshipHelper.updateRelationships(Map<String,String>)
11:45:33.932 (7932391880)|STATEMENT_EXECUTE|[46]
11:45:33.932 (7932448198)|STATEMENT_EXECUTE|[47]
11:45:33.932 (7932505447)|STATEMENT_EXECUTE|[50]
11:45:33.932 (7932514337)|METHOD_ENTRY|[50]|01p58000000nl2M|BusinessUnitRelationshipHelper.updateRelationships(Map<String,String>)
11:45:33.932 (7932534119)|VARIABLE_SCOPE_BEGIN|[15]|relationships|Map<String,String>|true|false
11:45:33.932 (7932554609)|VARIABLE_ASSIGNMENT|[15]|relationships|{"s":1,"v":{"wrong key":"child1:parent,child2 (37 more) ..."}}|0x732dcfb6
11:45:33.932 (7932565065)|HEAP_ALLOCATE|[17]|Bytes:5
11:45:33.932 (7932569511)|STATEMENT_EXECUTE|[15]
11:45:33.932 (7932598774)|STATEMENT_EXECUTE|[17]
11:45:33.932 (7932601742)|STATEMENT_EXECUTE|[63]
11:45:33.932 (7932606245)|HEAP_ALLOCATE|[63]|Bytes:4
11:45:33.932 (7932621561)|METHOD_EXIT|[50]|01p58000000nl2M|BusinessUnitRelationshipHelper.updateRelationships(Map<String,String>)
11:45:33.932 (7932629019)|HEAP_ALLOCATE|[EXTERNAL]|Bytes:4
11:45:33.932 (7932641005)|VARIABLE_ASSIGNMENT|[50]|results|{"s":1,"v":[]}|0x46e10dc1
11:45:33.932 (7932645182)|STATEMENT_EXECUTE|[51]
11:45:33.932 (7932701998)|STATEMENT_EXECUTE|[52]
11:45:33.932 (7932758639)|STATEMENT_EXECUTE|[54]
11:45:33.932 (7932765676)|HEAP_ALLOCATE|[54]|Bytes:17
11:45:33.932 (7932807433)|HEAP_ALLOCATE|[EXTERNAL]|Bytes:-4
11:45:33.932 (7932824607)|STATEMENT_EXECUTE|[56]
11:45:33.932 (7932833422)|METHOD_ENTRY|[56]|01p58000000nl2M|BusinessUnitRelationshipHelper.updateRelationships(Map<String,String>)
11:45:33.932 (7932852709)|VARIABLE_SCOPE_BEGIN|[15]|relationships|Map<String,String>|true|false
11:45:33.932 (7932878102)|VARIABLE_ASSIGNMENT|[15]|relationships|{"s":1,"v":{"wrong key":"child1:parent,child2 (37 more) ...","relationships":"very wrong string"}}|0x732dcfb6
11:45:33.932 (7932889812)|HEAP_ALLOCATE|[17]|Bytes:5
11:45:33.932 (7932894215)|STATEMENT_EXECUTE|[15]
11:45:33.932 (7932927810)|STATEMENT_EXECUTE|[17]
11:45:33.932 (7932931009)|STATEMENT_EXECUTE|[19]
11:45:33.932 (7932943254)|HEAP_ALLOCATE|[19]|Bytes:4
11:45:33.932 (7932982854)|VARIABLE_SCOPE_BEGIN|[19]|businessUnitNames|Set<String>|true|false
11:45:33.933 (7933010324)|VARIABLE_ASSIGNMENT|[19]|businessUnitNames|{"s":1,"v":[]}|0x4968c38e
11:45:33.933 (7933016209)|STATEMENT_EXECUTE|[20]
11:45:33.933 (7933022502)|HEAP_ALLOCATE|[20]|Bytes:4
11:45:33.933 (7933029632)|VARIABLE_SCOPE_BEGIN|[20]|childToParentMap|Map<String,String>|true|false
11:45:33.933 (7933045967)|VARIABLE_ASSIGNMENT|[20]|childToParentMap|{"s":1,"v":{}}|0x7dcfcb80
11:45:33.933 (7933050733)|STATEMENT_EXECUTE|[21]
11:45:33.933 (7933094422)|HEAP_ALLOCATE|[21]|Bytes:4
11:45:33.933 (7933143892)|VARIABLE_SCOPE_BEGIN|[21]|businessUnitMap|Map<String,grc__Business_Unit__c>|true|false
11:45:33.933 (7933163448)|VARIABLE_ASSIGNMENT|[21]|businessUnitMap|{"s":1,"v":{}}|0x330e4efd
11:45:33.933 (7933168352)|STATEMENT_EXECUTE|[23]
11:45:33.933 (7933227873)|HEAP_ALLOCATE|[23]|Bytes:1
11:45:33.933 (7933272445)|HEAP_ALLOCATE|[23]|Bytes:17
11:45:33.933 (7933277884)|HEAP_ALLOCATE|[23]|Bytes:8
11:45:33.933 (7933291712)|VARIABLE_SCOPE_BEGIN|[23]|pairs|List<String>|true|false
11:45:33.933 (7933308832)|HEAP_ALLOCATE|[EXTERNAL]|Bytes:8
11:45:33.933 (7933324386)|VARIABLE_ASSIGNMENT|[23]|pairs|{"s":1,"v":["very wrong string"]}|0x51eff7d0
11:45:33.933 (7933394932)|HEAP_ALLOCATE|[25]|Bytes:5
11:45:33.933 (7933413169)|HEAP_ALLOCATE|[25]|Bytes:17
11:45:33.933 (7933425351)|VARIABLE_SCOPE_BEGIN|[25]|pair|String|false|false
11:45:33.933 (7933435237)|VARIABLE_ASSIGNMENT|[25]|pair|"very wrong string"
11:45:33.933 (7933439422)|STATEMENT_EXECUTE|[25]
11:45:33.933 (7933441552)|STATEMENT_EXECUTE|[26]
11:45:33.933 (7933444894)|HEAP_ALLOCATE|[26]|Bytes:1
11:45:33.933 (7933494267)|HEAP_ALLOCATE|[26]|Bytes:17
11:45:33.933 (7933499243)|HEAP_ALLOCATE|[26]|Bytes:8
11:45:33.933 (7933513995)|VARIABLE_SCOPE_BEGIN|[26]|pairValue|List<String>|true|false
11:45:33.933 (7933528110)|HEAP_ALLOCATE|[EXTERNAL]|Bytes:8
11:45:33.933 (7933541007)|VARIABLE_ASSIGNMENT|[26]|pairValue|{"s":1,"v":["very wrong string"]}|0x5e943ad0
11:45:33.933 (7933580285)|STATEMENT_EXECUTE|[27]
11:45:33.933 (7933597020)|HEAP_ALLOCATE|[25]|Bytes:5
11:45:33.933 (7933612794)|VARIABLE_ASSIGNMENT|[25]|pair|null
11:45:33.933 (7933617182)|STATEMENT_EXECUTE|[39]
11:45:33.933 (7933630718)|METHOD_ENTRY|[39]|01p58000000nl2M|BusinessUnitRelationshipHelper.getNamedBusinessUnits(Set<String>)
11:45:33.933 (7933657433)|VARIABLE_SCOPE_BEGIN|[71]|businessUnitNames|Set<String>|true|false
11:45:33.933 (7933672215)|VARIABLE_ASSIGNMENT|[71]|businessUnitNames|{"s":1,"v":[]}|0x4968c38e
11:45:33.933 (7933686006)|HEAP_ALLOCATE|[72]|Bytes:5
11:45:33.933 (7933690665)|STATEMENT_EXECUTE|[71]
11:45:33.933 (7933692830)|STATEMENT_EXECUTE|[72]
11:45:33.933 (7933696315)|HEAP_ALLOCATE|[72]|Bytes:64
11:45:33.933 (7933703596)|HEAP_ALLOCATE|[72]|Bytes:4
11:45:33.934 (7934093699)|SOQL_EXECUTE_BEGIN|[72]|Aggregations:0|SELECT Id, Name FROM grc__Business_Unit__c WHERE Name = :tmpVar1
11:45:33.935 (7935227126)|SOQL_EXECUTE_END|[72]|Rows:0
11:45:33.935 (7935248685)|HEAP_ALLOCATE|[72]|Bytes:4
11:45:33.935 (7935259740)|HEAP_ALLOCATE|[72]|Bytes:0
11:45:33.935 (7935276951)|HEAP_ALLOCATE|[72]|Bytes:4
11:45:33.935 (7935290337)|METHOD_EXIT|[39]|01p58000000nl2M|BusinessUnitRelationshipHelper.getNamedBusinessUnits(Set<String>)
11:45:33.935 (7935297057)|VARIABLE_SCOPE_BEGIN|[39]|businessUnits|List<grc__Business_Unit__c>|true|false
11:45:33.935 (7935312062)|VARIABLE_ASSIGNMENT|[39]|businessUnits|{"s":1,"v":[]}|0x469ccb8
11:45:33.935 (7935317549)|STATEMENT_EXECUTE|[40]
11:45:33.935 (7935323135)|HEAP_ALLOCATE|[40]|Bytes:4
11:45:33.935 (7935355626)|VARIABLE_SCOPE_BEGIN|[40]|businessUnitsToUpdate|List<grc__Business_Unit__c>|true|false
11:45:33.935 (7935362898)|HEAP_ALLOCATE|[EXTERNAL]|Bytes:4
11:45:33.935 (7935373434)|VARIABLE_ASSIGNMENT|[40]|businessUnitsToUpdate|{"s":1,"v":[]}|0x49f1e940
11:45:33.935 (7935427939)|HEAP_ALLOCATE|[43]|Bytes:5
11:45:33.935 (7935446574)|VARIABLE_ASSIGNMENT|[43]|bu|null|
11:45:33.935 (7935451021)|STATEMENT_EXECUTE|[43]
11:45:33.935 (7935456718)|HEAP_ALLOCATE|[47]|Bytes:4
11:45:33.935 (7935514621)|HEAP_ALLOCATE|[47]|Bytes:4
11:45:33.935 (7935545103)|HEAP_ALLOCATE|[47]|Bytes:0
11:45:33.935 (7935579719)|HEAP_ALLOCATE|[47]|Bytes:5
11:45:33.935 (7935595784)|VARIABLE_ASSIGNMENT|[47]|child|null
11:45:33.935 (7935600327)|STATEMENT_EXECUTE|[47]
11:45:33.935 (7935602712)|STATEMENT_EXECUTE|[59]
11:45:33.935 (7935611136)|METHOD_EXIT|[56]|01p58000000nl2M|BusinessUnitRelationshipHelper.updateRelationships(Map<String,String>)
11:45:33.935 (7935624950)|VARIABLE_ASSIGNMENT|[56]|results|{"s":1,"v":[]}|0x49f1e940
11:45:33.935 (7935629300)|STATEMENT_EXECUTE|[57]
11:45:33.935 (7935689681)|STATEMENT_EXECUTE|[58]
11:45:33.935 (7935747396)|STATEMENT_EXECUTE|[60]
11:45:33.935 (7935802023)|STATEMENT_EXECUTE|[61]
11:45:33.935 (7935811400)|METHOD_ENTRY|[61]|01p58000000nl2M|BusinessUnitRelationshipHelper.updateRelationships(Map<String,String>)
11:45:33.935 (7935830966)|VARIABLE_SCOPE_BEGIN|[15]|relationships|Map<String,String>|true|false
11:45:33.935 (7935852435)|VARIABLE_ASSIGNMENT|[15]|relationships|{"s":1,"v":{"wrong key":"child1:parent,child2 (37 more) ...","relationships":"child1:parent,child2 (37 more) ..."}}|0x732dcfb6
11:45:33.935 (7935863596)|HEAP_ALLOCATE|[17]|Bytes:5
11:45:33.935 (7935868010)|STATEMENT_EXECUTE|[15]
11:45:33.935 (7935901890)|STATEMENT_EXECUTE|[17]
11:45:33.935 (7935904987)|STATEMENT_EXECUTE|[19]
11:45:33.935 (7935912376)|HEAP_ALLOCATE|[19]|Bytes:4
11:45:33.935 (7935925433)|VARIABLE_SCOPE_BEGIN|[19]|businessUnitNames|Set<String>|true|false
11:45:33.935 (7935947096)|VARIABLE_ASSIGNMENT|[19]|businessUnitNames|{"s":1,"v":[]}|0x5695f43a
11:45:33.935 (7935952066)|STATEMENT_EXECUTE|[20]
11:45:33.935 (7935957301)|HEAP_ALLOCATE|[20]|Bytes:4
11:45:33.935 (7935963509)|VARIABLE_SCOPE_BEGIN|[20]|childToParentMap|Map<String,String>|true|false
11:45:33.935 (7935978461)|VARIABLE_ASSIGNMENT|[20]|childToParentMap|{"s":1,"v":{}}|0x36f10061
11:45:33.935 (7935982975)|STATEMENT_EXECUTE|[21]
11:45:33.935 (7935987156)|HEAP_ALLOCATE|[21]|Bytes:4
11:45:33.935 (7935992677)|VARIABLE_SCOPE_BEGIN|[21]|businessUnitMap|Map<String,grc__Business_Unit__c>|true|false
11:45:33.936 (7936005439)|VARIABLE_ASSIGNMENT|[21]|businessUnitMap|{"s":1,"v":{}}|0x7cb7160b
11:45:33.936 (7936010641)|STATEMENT_EXECUTE|[23]
11:45:33.936 (7936059488)|HEAP_ALLOCATE|[23]|Bytes:13
11:45:33.936 (7936064113)|HEAP_ALLOCATE|[23]|Bytes:13
11:45:33.936 (7936066694)|HEAP_ALLOCATE|[23]|Bytes:14
11:45:33.936 (7936068856)|HEAP_ALLOCATE|[23]|Bytes:14
11:45:33.936 (7936072428)|HEAP_ALLOCATE|[23]|Bytes:20
11:45:33.936 (7936085054)|VARIABLE_SCOPE_BEGIN|[23]|pairs|List<String>|true|false
11:45:33.936 (7936099437)|HEAP_ALLOCATE|[EXTERNAL]|Bytes:20
11:45:33.936 (7936113907)|VARIABLE_ASSIGNMENT|[23]|pairs|{"s":1,"v":["child1:parent","child2:parent","child11:child1","child21:child2"]}|0x3aca5b34
11:45:33.936 (7936144721)|HEAP_ALLOCATE|[25]|Bytes:5
11:45:33.936 (7936158163)|HEAP_ALLOCATE|[25]|Bytes:13
11:45:33.936 (7936164746)|VARIABLE_SCOPE_BEGIN|[25]|pair|String|false|false
11:45:33.936 (7936173185)|VARIABLE_ASSIGNMENT|[25]|pair|"child1:parent"
11:45:33.936 (7936177274)|STATEMENT_EXECUTE|[25]
11:45:33.936 (7936179316)|STATEMENT_EXECUTE|[26]
11:45:33.936 (7936201602)|HEAP_ALLOCATE|[26]|Bytes:6
11:45:33.936 (7936205654)|HEAP_ALLOCATE|[26]|Bytes:6
11:45:33.936 (7936208539)|HEAP_ALLOCATE|[26]|Bytes:12
11:45:33.936 (7936220951)|VARIABLE_SCOPE_BEGIN|[26]|pairValue|List<String>|true|false
11:45:33.936 (7936234160)|HEAP_ALLOCATE|[EXTERNAL]|Bytes:12
11:45:33.936 (7936250740)|VARIABLE_ASSIGNMENT|[26]|pairValue|{"s":1,"v":["child1","parent"]}|0x43074c73
11:45:33.936 (7936270221)|STATEMENT_EXECUTE|[27]
11:45:33.936 (7936272984)|STATEMENT_EXECUTE|[30]
11:45:33.936 (7936311838)|HEAP_ALLOCATE|[30]|Bytes:6
11:45:33.936 (7936345716)|HEAP_ALLOCATE|[EXTERNAL]|Bytes:4
11:45:33.936 (7936358373)|STATEMENT_EXECUTE|[31]
11:45:33.936 (7936390694)|HEAP_ALLOCATE|[31]|Bytes:6
11:45:33.936 (7936416176)|HEAP_ALLOCATE|[EXTERNAL]|Bytes:4
11:45:33.936 (7936427708)|STATEMENT_EXECUTE|[35]
11:45:33.936 (7936458450)|HEAP_ALLOCATE|[35]|Bytes:6
11:45:33.936 (7936481791)|HEAP_ALLOCATE|[35]|Bytes:6
11:45:33.936 (7936507066)|HEAP_ALLOCATE|[EXTERNAL]|Bytes:-4
11:45:33.936 (7936532087)|HEAP_ALLOCATE|[25]|Bytes:5
11:45:33.936 (7936545075)|HEAP_ALLOCATE|[25]|Bytes:13
11:45:33.936 (7936551773)|VARIABLE_SCOPE_BEGIN|[25]|pair|String|false|false
11:45:33.936 (7936561161)|VARIABLE_ASSIGNMENT|[25]|pair|"child2:parent"
11:45:33.936 (7936565231)|STATEMENT_EXECUTE|[25]
11:45:33.936 (7936567484)|STATEMENT_EXECUTE|[26]
11:45:33.936 (7936590540)|HEAP_ALLOCATE|[26]|Bytes:6
11:45:33.936 (7936594540)|HEAP_ALLOCATE|[26]|Bytes:6
11:45:33.936 (7936597315)|HEAP_ALLOCATE|[26]|Bytes:12
11:45:33.936 (7936609458)|VARIABLE_SCOPE_BEGIN|[26]|pairValue|List<String>|true|false
11:45:33.936 (7936622837)|HEAP_ALLOCATE|[EXTERNAL]|Bytes:12
11:45:33.936 (7936635345)|VARIABLE_ASSIGNMENT|[26]|pairValue|{"s":1,"v":["child2","parent"]}|0x7dcbae7a
11:45:33.936 (7936653109)|STATEMENT_EXECUTE|[27]
11:45:33.936 (7936655730)|STATEMENT_EXECUTE|[30]
11:45:33.936 (7936669336)|HEAP_ALLOCATE|[30]|Bytes:6
11:45:33.936 (7936690747)|HEAP_ALLOCATE|[EXTERNAL]|Bytes:4
11:45:33.936 (7936701993)|STATEMENT_EXECUTE|[31]
11:45:33.936 (7936715185)|HEAP_ALLOCATE|[31]|Bytes:6
11:45:33.936 (7936734247)|HEAP_ALLOCATE|[EXTERNAL]|Bytes:4
11:45:33.936 (7936745507)|STATEMENT_EXECUTE|[35]
11:45:33.936 (7936758284)|HEAP_ALLOCATE|[35]|Bytes:6
11:45:33.936 (7936775682)|HEAP_ALLOCATE|[35]|Bytes:6
11:45:33.936 (7936797923)|HEAP_ALLOCATE|[EXTERNAL]|Bytes:-4
11:45:33.936 (7936822916)|HEAP_ALLOCATE|[25]|Bytes:5
11:45:33.936 (7936835354)|HEAP_ALLOCATE|[25]|Bytes:14
11:45:33.936 (7936841734)|VARIABLE_SCOPE_BEGIN|[25]|pair|String|false|false
11:45:33.936 (7936850638)|VARIABLE_ASSIGNMENT|[25]|pair|"child11:child1"
11:45:33.936 (7936854459)|STATEMENT_EXECUTE|[25]
11:45:33.936 (7936856772)|STATEMENT_EXECUTE|[26]
11:45:33.936 (7936884437)|HEAP_ALLOCATE|[26]|Bytes:7
11:45:33.936 (7936888767)|HEAP_ALLOCATE|[26]|Bytes:6
11:45:33.936 (7936891478)|HEAP_ALLOCATE|[26]|Bytes:12
11:45:33.936 (7936904069)|VARIABLE_SCOPE_BEGIN|[26]|pairValue|List<String>|true|false
11:45:33.936 (7936917109)|HEAP_ALLOCATE|[EXTERNAL]|Bytes:12
11:45:33.936 (7936929659)|VARIABLE_ASSIGNMENT|[26]|pairValue|{"s":1,"v":["child11","child1"]}|0x3988f886
11:45:33.936 (7936947707)|STATEMENT_EXECUTE|[27]
11:45:33.936 (7936950551)|STATEMENT_EXECUTE|[30]
11:45:33.936 (7936964375)|HEAP_ALLOCATE|[30]|Bytes:7
11:45:33.936 (7936985714)|HEAP_ALLOCATE|[EXTERNAL]|Bytes:4
11:45:33.936 (7936996901)|STATEMENT_EXECUTE|[31]
11:45:33.937 (7937010509)|HEAP_ALLOCATE|[31]|Bytes:6
11:45:33.937 (7937030538)|HEAP_ALLOCATE|[EXTERNAL]|Bytes:4
11:45:33.937 (7937041486)|STATEMENT_EXECUTE|[35]
11:45:33.937 (7937054355)|HEAP_ALLOCATE|[35]|Bytes:7
11:45:33.937 (7937072006)|HEAP_ALLOCATE|[35]|Bytes:6
11:45:33.937 (7937093455)|HEAP_ALLOCATE|[EXTERNAL]|Bytes:-4
11:45:33.937 (7937117481)|HEAP_ALLOCATE|[25]|Bytes:5
11:45:33.937 (7937130014)|HEAP_ALLOCATE|[25]|Bytes:14
11:45:33.937 (7937136309)|VARIABLE_SCOPE_BEGIN|[25]|pair|String|false|false
11:45:33.937 (7937145183)|VARIABLE_ASSIGNMENT|[25]|pair|"child21:child2"
11:45:33.937 (7937149063)|STATEMENT_EXECUTE|[25]
11:45:33.937 (7937151135)|STATEMENT_EXECUTE|[26]
11:45:33.937 (7937172525)|HEAP_ALLOCATE|[26]|Bytes:7
11:45:33.937 (7937176383)|HEAP_ALLOCATE|[26]|Bytes:6
11:45:33.937 (7937178960)|HEAP_ALLOCATE|[26]|Bytes:12
11:45:33.937 (7937190651)|VARIABLE_SCOPE_BEGIN|[26]|pairValue|List<String>|true|false
11:45:33.937 (7937203369)|HEAP_ALLOCATE|[EXTERNAL]|Bytes:12
11:45:33.937 (7937215490)|VARIABLE_ASSIGNMENT|[26]|pairValue|{"s":1,"v":["child21","child2"]}|0x51f30778
11:45:33.937 (7937233717)|STATEMENT_EXECUTE|[27]
11:45:33.937 (7937236437)|STATEMENT_EXECUTE|[30]
11:45:33.937 (7937250190)|HEAP_ALLOCATE|[30]|Bytes:7
11:45:33.937 (7937271514)|HEAP_ALLOCATE|[EXTERNAL]|Bytes:4
11:45:33.937 (7937282593)|STATEMENT_EXECUTE|[31]
11:45:33.937 (7937295569)|HEAP_ALLOCATE|[31]|Bytes:6
11:45:33.937 (7937314531)|HEAP_ALLOCATE|[EXTERNAL]|Bytes:4
11:45:33.937 (7937325552)|STATEMENT_EXECUTE|[35]
11:45:33.937 (7937338081)|HEAP_ALLOCATE|[35]|Bytes:7
11:45:33.937 (7937355669)|HEAP_ALLOCATE|[35]|Bytes:6
11:45:33.937 (7937377066)|HEAP_ALLOCATE|[EXTERNAL]|Bytes:-4
11:45:33.937 (7937400947)|HEAP_ALLOCATE|[25]|Bytes:5
11:45:33.937 (7937416278)|VARIABLE_ASSIGNMENT|[25]|pair|null
11:45:33.937 (7937420940)|STATEMENT_EXECUTE|[39]
11:45:33.937 (7937428037)|METHOD_ENTRY|[39]|01p58000000nl2M|BusinessUnitRelationshipHelper.getNamedBusinessUnits(Set<String>)
11:45:33.937 (7937433503)|VARIABLE_SCOPE_BEGIN|[71]|businessUnitNames|Set<String>|true|false
11:45:33.937 (7937447844)|VARIABLE_ASSIGNMENT|[71]|businessUnitNames|{"s":1,"v":["child1","parent","child2","child11","child21"]}|0x5695f43a
11:45:33.937 (7937457005)|HEAP_ALLOCATE|[72]|Bytes:5
11:45:33.937 (7937460851)|STATEMENT_EXECUTE|[71]
11:45:33.937 (7937462842)|STATEMENT_EXECUTE|[72]
11:45:33.937 (7937468101)|HEAP_ALLOCATE|[72]|Bytes:4
11:45:33.937 (7937714841)|SOQL_EXECUTE_BEGIN|[72]|Aggregations:0|SELECT Id, Name FROM grc__Business_Unit__c WHERE Name = :tmpVar1
11:45:33.948 (7948435604)|SOQL_EXECUTE_END|[72]|Rows:5
11:45:33.948 (7948463935)|HEAP_ALLOCATE|[72]|Bytes:24
11:45:33.948 (7948494166)|HEAP_ALLOCATE|[72]|Bytes:217
11:45:33.948 (7948523348)|HEAP_ALLOCATE|[72]|Bytes:24
11:45:33.948 (7948551544)|METHOD_EXIT|[39]|01p58000000nl2M|BusinessUnitRelationshipHelper.getNamedBusinessUnits(Set<String>)
11:45:33.948 (7948562107)|VARIABLE_SCOPE_BEGIN|[39]|businessUnits|List<grc__Business_Unit__c>|true|false
11:45:33.948 (7948611379)|VARIABLE_ASSIGNMENT|[39]|businessUnits|{"s":1,"v":[{"s":2,"v":{"Id":"a0258000000wyl9AAA","Name":"parent"}},{"s":3,"v":{"Id":"a0258000000wylAAAQ","Name":"child1"}},{"s":4,"v":{"Id":"a0258000000wylBAAQ","Name":"child2"}},{"s":5,"v":{"Id":"a0258000000wylCAAQ","Name":"child11"}},{"s":6,"v":{"Id":"a0258000000wylDAAQ","Name":"child21"}}]}|0x71d0a03b
11:45:33.948 (7948622514)|STATEMENT_EXECUTE|[40]
11:45:33.948 (7948630391)|HEAP_ALLOCATE|[40]|Bytes:4
11:45:33.948 (7948646849)|VARIABLE_SCOPE_BEGIN|[40]|businessUnitsToUpdate|List<grc__Business_Unit__c>|true|false
11:45:33.948 (7948653553)|HEAP_ALLOCATE|[EXTERNAL]|Bytes:4
11:45:33.948 (7948663404)|VARIABLE_ASSIGNMENT|[40]|businessUnitsToUpdate|{"s":1,"v":[]}|0x3ffd10c1
11:45:33.948 (7948705473)|HEAP_ALLOCATE|[43]|Bytes:5
11:45:33.948 (7948749617)|HEAP_ALLOCATE|[43]|Bytes:12
11:45:33.948 (7948766427)|VARIABLE_SCOPE_BEGIN|[43]|bu|grc__Business_Unit__c|true|false
11:45:33.948 (7948783507)|VARIABLE_ASSIGNMENT|[43]|bu|{"s":1,"v":{"Id":"a0258000000wyl9AAA","Name":"parent"}}|0x502fc6c6
11:45:33.948 (7948789192)|STATEMENT_EXECUTE|[43]
11:45:33.948 (7948792279)|STATEMENT_EXECUTE|[44]
11:45:33.948 (7948918431)|HEAP_ALLOCATE|[EXTERNAL]|Bytes:-4
11:45:33.948 (7948950031)|HEAP_ALLOCATE|[43]|Bytes:5
11:45:33.948 (7948985083)|HEAP_ALLOCATE|[43]|Bytes:12
11:45:33.948 (7948994602)|VARIABLE_SCOPE_BEGIN|[43]|bu|grc__Business_Unit__c|true|false
11:45:33.949 (7949012134)|VARIABLE_ASSIGNMENT|[43]|bu|{"s":1,"v":{"Id":"a0258000000wylAAAQ","Name":"child1"}}|0x5c6f0dc9
11:45:33.949 (7949018290)|STATEMENT_EXECUTE|[43]
11:45:33.949 (7949020664)|STATEMENT_EXECUTE|[44]
11:45:33.949 (7949048387)|HEAP_ALLOCATE|[EXTERNAL]|Bytes:-4
11:45:33.949 (7949074324)|HEAP_ALLOCATE|[43]|Bytes:5
11:45:33.949 (7949107197)|HEAP_ALLOCATE|[43]|Bytes:12
11:45:33.949 (7949116204)|VARIABLE_SCOPE_BEGIN|[43]|bu|grc__Business_Unit__c|true|false
11:45:33.949 (7949132818)|VARIABLE_ASSIGNMENT|[43]|bu|{"s":1,"v":{"Id":"a0258000000wylBAAQ","Name":"child2"}}|0x1a1b331d
11:45:33.949 (7949137841)|STATEMENT_EXECUTE|[43]
11:45:33.949 (7949140045)|STATEMENT_EXECUTE|[44]
11:45:33.949 (7949166370)|HEAP_ALLOCATE|[EXTERNAL]|Bytes:-4
11:45:33.949 (7949192480)|HEAP_ALLOCATE|[43]|Bytes:5
11:45:33.949 (7949224475)|HEAP_ALLOCATE|[43]|Bytes:12
11:45:33.949 (7949233335)|VARIABLE_SCOPE_BEGIN|[43]|bu|grc__Business_Unit__c|true|false
11:45:33.949 (7949249153)|VARIABLE_ASSIGNMENT|[43]|bu|{"s":1,"v":{"Id":"a0258000000wylCAAQ","Name":"child11"}}|0x4cecf766
11:45:33.949 (7949254246)|STATEMENT_EXECUTE|[43]
11:45:33.949 (7949256481)|STATEMENT_EXECUTE|[44]
11:45:33.949 (7949282821)|HEAP_ALLOCATE|[EXTERNAL]|Bytes:-4
11:45:33.949 (7949308028)|HEAP_ALLOCATE|[43]|Bytes:5
11:45:33.949 (7949340154)|HEAP_ALLOCATE|[43]|Bytes:12
11:45:33.949 (7949349040)|VARIABLE_SCOPE_BEGIN|[43]|bu|grc__Business_Unit__c|true|false
11:45:33.949 (7949364882)|VARIABLE_ASSIGNMENT|[43]|bu|{"s":1,"v":{"Id":"a0258000000wylDAAQ","Name":"child21"}}|0x625b01cb
11:45:33.949 (7949369954)|STATEMENT_EXECUTE|[43]
11:45:33.949 (7949372138)|STATEMENT_EXECUTE|[44]
11:45:33.949 (7949397736)|HEAP_ALLOCATE|[EXTERNAL]|Bytes:-4
11:45:33.949 (7949422937)|HEAP_ALLOCATE|[43]|Bytes:5
11:45:33.949 (7949440258)|VARIABLE_ASSIGNMENT|[43]|bu|null|
11:45:33.949 (7949447670)|HEAP_ALLOCATE|[47]|Bytes:4
11:45:33.949 (7949496109)|HEAP_ALLOCATE|[47]|Bytes:46
11:45:33.949 (7949526551)|HEAP_ALLOCATE|[47]|Bytes:16
11:45:33.949 (7949565056)|HEAP_ALLOCATE|[47]|Bytes:5
11:45:33.949 (7949583802)|VARIABLE_SCOPE_BEGIN|[47]|child|String|false|false
11:45:33.949 (7949594615)|VARIABLE_ASSIGNMENT|[47]|child|"child1"
11:45:33.949 (7949598747)|STATEMENT_EXECUTE|[47]
11:45:33.949 (7949600839)|STATEMENT_EXECUTE|[48]
11:45:33.949 (7949652223)|VARIABLE_SCOPE_BEGIN|[48]|parent|String|false|false
11:45:33.949 (7949662680)|VARIABLE_ASSIGNMENT|[48]|parent|"parent"
11:45:33.949 (7949666549)|STATEMENT_EXECUTE|[50]
11:45:33.949 (7949713428)|VARIABLE_SCOPE_BEGIN|[50]|buChild|grc__Business_Unit__c|true|false
11:45:33.949 (7949731350)|VARIABLE_ASSIGNMENT|[50]|buChild|{"s":1,"v":{"Id":"a0258000000wylAAAQ","Name":"child1"}}|0x5c6f0dc9
11:45:33.949 (7949736518)|STATEMENT_EXECUTE|[51]
11:45:33.949 (7949784839)|VARIABLE_SCOPE_BEGIN|[51]|buParent|grc__Business_Unit__c|true|false
11:45:33.949 (7949802577)|VARIABLE_ASSIGNMENT|[51]|buParent|{"s":1,"v":{"Id":"a0258000000wyl9AAA","Name":"parent"}}|0x502fc6c6
11:45:33.949 (7949810429)|STATEMENT_EXECUTE|[53]
11:45:33.949 (7949812745)|STATEMENT_EXECUTE|[54]
11:45:33.949 (7949931207)|HEAP_ALLOCATE|[54]|Bytes:-4
11:45:33.949 (7949959992)|VARIABLE_ASSIGNMENT|[54]|this.grc__Parent_Business_Unit__c|"a0258000000wyl9AAA"|0x5c6f0dc9
11:45:33.949 (7949966482)|STATEMENT_EXECUTE|[55]
11:45:33.950 (7950013374)|HEAP_ALLOCATE|[EXTERNAL]|Bytes:4
11:45:33.950 (7950042610)|HEAP_ALLOCATE|[47]|Bytes:5
11:45:33.950 (7950058060)|VARIABLE_SCOPE_BEGIN|[47]|child|String|false|false
11:45:33.950 (7950067918)|VARIABLE_ASSIGNMENT|[47]|child|"child2"
11:45:33.950 (7950071960)|STATEMENT_EXECUTE|[47]
11:45:33.950 (7950074083)|STATEMENT_EXECUTE|[48]
11:45:33.950 (7950099506)|VARIABLE_SCOPE_BEGIN|[48]|parent|String|false|false
11:45:33.950 (7950107671)|VARIABLE_ASSIGNMENT|[48]|parent|"parent"
11:45:33.950 (7950111056)|STATEMENT_EXECUTE|[50]
11:45:33.950 (7950137189)|VARIABLE_SCOPE_BEGIN|[50]|buChild|grc__Business_Unit__c|true|false
11:45:33.950 (7950153447)|VARIABLE_ASSIGNMENT|[50]|buChild|{"s":1,"v":{"Id":"a0258000000wylBAAQ","Name":"child2"}}|0x1a1b331d
11:45:33.950 (7950158318)|STATEMENT_EXECUTE|[51]
11:45:33.950 (7950185070)|VARIABLE_SCOPE_BEGIN|[51]|buParent|grc__Business_Unit__c|true|false
11:45:33.950 (7950199248)|VARIABLE_ASSIGNMENT|[51]|buParent|{"s":1,"v":{"Id":"a0258000000wyl9AAA","Name":"parent"}}|0x502fc6c6
11:45:33.950 (7950205660)|STATEMENT_EXECUTE|[53]
11:45:33.950 (7950207919)|STATEMENT_EXECUTE|[54]
11:45:33.950 (7950269345)|HEAP_ALLOCATE|[54]|Bytes:-4
11:45:33.950 (7950289836)|VARIABLE_ASSIGNMENT|[54]|this.grc__Parent_Business_Unit__c|"a0258000000wyl9AAA"|0x1a1b331d
11:45:33.950 (7950295850)|STATEMENT_EXECUTE|[55]
11:45:33.950 (7950318180)|HEAP_ALLOCATE|[EXTERNAL]|Bytes:4
11:45:33.950 (7950342531)|HEAP_ALLOCATE|[47]|Bytes:5
11:45:33.950 (7950357579)|VARIABLE_SCOPE_BEGIN|[47]|child|String|false|false
11:45:33.950 (7950367828)|VARIABLE_ASSIGNMENT|[47]|child|"child11"
11:45:33.950 (7950371774)|STATEMENT_EXECUTE|[47]
11:45:33.950 (7950373785)|STATEMENT_EXECUTE|[48]
11:45:33.950 (7950398627)|VARIABLE_SCOPE_BEGIN|[48]|parent|String|false|false
11:45:33.950 (7950406600)|VARIABLE_ASSIGNMENT|[48]|parent|"child1"
11:45:33.950 (7950409808)|STATEMENT_EXECUTE|[50]
11:45:33.950 (7950434724)|VARIABLE_SCOPE_BEGIN|[50]|buChild|grc__Business_Unit__c|true|false
11:45:33.950 (7950450519)|VARIABLE_ASSIGNMENT|[50]|buChild|{"s":1,"v":{"Id":"a0258000000wylCAAQ","Name":"child11"}}|0x4cecf766
11:45:33.950 (7950455282)|STATEMENT_EXECUTE|[51]
11:45:33.950 (7950482430)|VARIABLE_SCOPE_BEGIN|[51]|buParent|grc__Business_Unit__c|true|false
11:45:33.950 (7950499268)|VARIABLE_ASSIGNMENT|[51]|buParent|{"s":1,"v":{"Id":"a0258000000wylAAAQ","Name":"child1","grc__Parent_Business (8 more) ...":"a0258000000wyl9AAA"}}|0x5c6f0dc9
11:45:33.950 (7950506523)|STATEMENT_EXECUTE|[53]
11:45:33.950 (7950508820)|STATEMENT_EXECUTE|[54]
11:45:33.950 (7950568233)|HEAP_ALLOCATE|[54]|Bytes:-4
11:45:33.950 (7950588385)|VARIABLE_ASSIGNMENT|[54]|this.grc__Parent_Business_Unit__c|"a0258000000wylAAAQ"|0x4cecf766
11:45:33.950 (7950594321)|STATEMENT_EXECUTE|[55]
11:45:33.950 (7950616569)|HEAP_ALLOCATE|[EXTERNAL]|Bytes:4
11:45:33.950 (7950641116)|HEAP_ALLOCATE|[47]|Bytes:5
11:45:33.950 (7950656015)|VARIABLE_SCOPE_BEGIN|[47]|child|String|false|false
11:45:33.950 (7950665357)|VARIABLE_ASSIGNMENT|[47]|child|"child21"
11:45:33.950 (7950669195)|STATEMENT_EXECUTE|[47]
11:45:33.950 (7950671163)|STATEMENT_EXECUTE|[48]
11:45:33.950 (7950695750)|VARIABLE_SCOPE_BEGIN|[48]|parent|String|false|false
11:45:33.950 (7950703591)|VARIABLE_ASSIGNMENT|[48]|parent|"child2"
11:45:33.950 (7950706847)|STATEMENT_EXECUTE|[50]
11:45:33.950 (7950731873)|VARIABLE_SCOPE_BEGIN|[50]|buChild|grc__Business_Unit__c|true|false
11:45:33.950 (7950747113)|VARIABLE_ASSIGNMENT|[50]|buChild|{"s":1,"v":{"Id":"a0258000000wylDAAQ","Name":"child21"}}|0x625b01cb
11:45:33.950 (7950752028)|STATEMENT_EXECUTE|[51]
11:45:33.950 (7950778637)|VARIABLE_SCOPE_BEGIN|[51]|buParent|grc__Business_Unit__c|true|false
11:45:33.950 (7950795126)|VARIABLE_ASSIGNMENT|[51]|buParent|{"s":1,"v":{"Id":"a0258000000wylBAAQ","Name":"child2","grc__Parent_Business (8 more) ...":"a0258000000wyl9AAA"}}|0x1a1b331d
11:45:33.950 (7950802557)|STATEMENT_EXECUTE|[53]
11:45:33.950 (7950804808)|STATEMENT_EXECUTE|[54]
11:45:33.950 (7950863632)|HEAP_ALLOCATE|[54]|Bytes:-4
11:45:33.950 (7950887150)|VARIABLE_ASSIGNMENT|[54]|this.grc__Parent_Business_Unit__c|"a0258000000wylBAAQ"|0x625b01cb
11:45:33.950 (7950893078)|STATEMENT_EXECUTE|[55]
11:45:33.950 (7950915616)|HEAP_ALLOCATE|[EXTERNAL]|Bytes:4
11:45:33.950 (7950939981)|HEAP_ALLOCATE|[47]|Bytes:5
11:45:33.950 (7950956181)|VARIABLE_ASSIGNMENT|[47]|child|null
11:45:33.950 (7950960758)|STATEMENT_EXECUTE|[59]
11:45:33.950 (7950970672)|METHOD_EXIT|[61]|01p58000000nl2M|BusinessUnitRelationshipHelper.updateRelationships(Map<String,String>)
11:45:33.951 (7951002519)|VARIABLE_ASSIGNMENT|[61]|results|{"s":1,"v":[{"s":2,"v":{"Id":"a0258000000wylAAAQ","Name":"child1","grc__Parent_Business (8 more) ...":"a0258000000wyl9AAA"}},{"s":3,"v":{"Id":"a0258000000wylBAAQ","Name":"child2","grc__Parent_Business (8 more) ...":"a0258000000wyl9AAA"}},{"s":4,"v":{"Id":"a0258000000wylCAAQ","Name":"child11","grc__Parent_Business (8 more) ...":"a0258000000wylAAAQ"}},{"s":5,"v":{"Id":"a0258000000wylDAAQ","Name":"child21","grc__Parent_Business (8 more) ...":"a0258000000wylBAAQ"}}]}|0x3ffd10c1
11:45:33.951 (7951012600)|STATEMENT_EXECUTE|[63]
11:45:33.951 (7951097619)|STATEMENT_EXECUTE|[65]
11:45:33.951 (7951213595)|HEAP_ALLOCATE|[67]|Bytes:5
11:45:33.951 (7951230419)|HEAP_ALLOCATE|[67]|Bytes:16
11:45:33.951 (7951239706)|VARIABLE_SCOPE_BEGIN|[67]|bu|grc__Business_Unit__c|true|false
11:45:33.951 (7951257447)|VARIABLE_ASSIGNMENT|[67]|bu|{"s":1,"v":{"Id":"a0258000000wylAAAQ","Name":"child1","grc__Parent_Business (8 more) ...":"a0258000000wyl9AAA"}}|0x5c6f0dc9
11:45:33.951 (7951263784)|STATEMENT_EXECUTE|[67]
11:45:33.951 (7951273245)|HEAP_ALLOCATE|[68]|Bytes:6
11:45:33.951 (7951298153)|STATEMENT_EXECUTE|[68]
11:45:33.951 (7951300980)|STATEMENT_EXECUTE|[69]
11:45:33.951 (7951411214)|HEAP_ALLOCATE|[67]|Bytes:5
11:45:33.951 (7951427081)|HEAP_ALLOCATE|[67]|Bytes:16
11:45:33.951 (7951434069)|VARIABLE_SCOPE_BEGIN|[67]|bu|grc__Business_Unit__c|true|false
11:45:33.951 (7951452627)|VARIABLE_ASSIGNMENT|[67]|bu|{"s":1,"v":{"Id":"a0258000000wylBAAQ","Name":"child2","grc__Parent_Business (8 more) ...":"a0258000000wyl9AAA"}}|0x1a1b331d
11:45:33.951 (7951458379)|STATEMENT_EXECUTE|[67]
11:45:33.951 (7951475156)|HEAP_ALLOCATE|[68]|Bytes:6
11:45:33.951 (7951485689)|STATEMENT_EXECUTE|[68]
11:45:33.951 (7951488192)|STATEMENT_EXECUTE|[69]
11:45:33.951 (7951527701)|HEAP_ALLOCATE|[67]|Bytes:5
11:45:33.951 (7951543026)|HEAP_ALLOCATE|[67]|Bytes:16
11:45:33.951 (7951549664)|VARIABLE_SCOPE_BEGIN|[67]|bu|grc__Business_Unit__c|true|false
11:45:33.951 (7951567093)|VARIABLE_ASSIGNMENT|[67]|bu|{"s":1,"v":{"Id":"a0258000000wylCAAQ","Name":"child11","grc__Parent_Business (8 more) ...":"a0258000000wylAAAQ"}}|0x4cecf766
11:45:33.951 (7951573461)|STATEMENT_EXECUTE|[67]
11:45:33.951 (7951593725)|HEAP_ALLOCATE|[70]|Bytes:7
11:45:33.951 (7951603682)|STATEMENT_EXECUTE|[70]
11:45:33.951 (7951606278)|STATEMENT_EXECUTE|[71]
11:45:33.951 (7951662362)|HEAP_ALLOCATE|[67]|Bytes:5
11:45:33.951 (7951677456)|HEAP_ALLOCATE|[67]|Bytes:16
11:45:33.951 (7951684051)|VARIABLE_SCOPE_BEGIN|[67]|bu|grc__Business_Unit__c|true|false
11:45:33.951 (7951701973)|VARIABLE_ASSIGNMENT|[67]|bu|{"s":1,"v":{"Id":"a0258000000wylDAAQ","Name":"child21","grc__Parent_Business (8 more) ...":"a0258000000wylBAAQ"}}|0x625b01cb
11:45:33.951 (7951707930)|STATEMENT_EXECUTE|[67]
11:45:33.951 (7951731491)|HEAP_ALLOCATE|[72]|Bytes:7
11:45:33.951 (7951741291)|STATEMENT_EXECUTE|[72]
11:45:33.951 (7951743885)|STATEMENT_EXECUTE|[73]
11:45:33.951 (7951799568)|HEAP_ALLOCATE|[67]|Bytes:5
11:45:33.951 (7951816317)|VARIABLE_ASSIGNMENT|[67]|bu|null|
11:45:33.951 (7951822716)|SYSTEM_MODE_EXIT|false
11:45:33.951 (7951858893)|CUMULATIVE_LIMIT_USAGE
11:45:33.951 (7951858893)|LIMIT_USAGE_FOR_NS|(default)|
  Number of SOQL queries: 3 out of 100
  Number of query rows: 6 out of 50000
  Number of SOSL queries: 0 out of 20
  Number of DML statements: 2 out of 150
  Number of DML rows: 6 out of 10000
  Maximum CPU time: 4 out of 10000
  Maximum heap size: 0 out of 6000000
  Number of callouts: 0 out of 100
  Number of Email Invocations: 0 out of 10
  Number of future calls: 0 out of 50
  Number of queueable jobs added to the queue: 0 out of 50
  Number of Mobile Apex push calls: 0 out of 10

11:45:33.951 (7951858893)|TESTING_LIMITS
11:45:33.951 (7951858893)|LIMIT_USAGE_FOR_NS|(default)|
  Number of SOQL queries: 0 out of 100
  Number of query rows: 0 out of 50000
  Number of SOSL queries: 0 out of 20
  Number of DML statements: 0 out of 150
  Number of DML rows: 0 out of 10000
  Maximum CPU time: 2 out of 10000
  Maximum heap size: 0 out of 6000000
  Number of callouts: 0 out of 100
  Number of Email Invocations: 0 out of 10
  Number of future calls: 0 out of 50
  Number of queueable jobs added to the queue: 0 out of 50
  Number of Mobile Apex push calls: 0 out of 10

11:45:33.951 (7951858893)|LIMIT_USAGE_FOR_NS|Risk|
  Number of SOQL queries: 3 out of 100
  Number of query rows: 0 out of 50000
  Number of SOSL queries: 0 out of 20
  Number of DML statements: 0 out of 150
  Number of DML rows: 0 out of 10000
  Maximum CPU time: 0 out of 10000
  Maximum heap size: 0 out of 6000000
  Number of callouts: 0 out of 100
  Number of Email Invocations: 0 out of 10
  Number of future calls: 0 out of 50
  Number of queueable jobs added to the queue: 0 out of 50
  Number of Mobile Apex push calls: 0 out of 10

11:45:33.951 (7951858893)|CUMULATIVE_LIMIT_USAGE_END

11:45:33.951 (7951964153)|CODE_UNIT_FINISHED|BusinessUnitRelationshipHelperTest.testUpdateRelationships
11:45:33.953 (7953415328)|EXECUTION_FINISHED
