35.0 APEX_CODE,FINEST;APEX_PROFILING,INFO;CALLOUT,INFO;DB,INFO;SYSTEM,DEBUG;VALIDATION,INFO;VISUALFORCE,INFO;WORKFLOW,INFO
Execute Anonymous: SObjectData d = new SObjectData('Test_objects__c');
Execute Anonymous: Map<String, String> x = new Map<String, String>();
Execute Anonymous: x.put('Name', 'x');
Execute Anonymous: 
Execute Anonymous: SObjectData d1 = new SObjectData('Test_objects__c');
Execute Anonymous: d1.setParent(d);
Execute Anonymous: 
Execute Anonymous: d.addChild(d1);
Execute Anonymous: 
Execute Anonymous: ScoringSchemeHelper h = new ScoringSchemeHelper();
Execute Anonymous: h.createSObjects(new List<SObjectData> { d} );
14:09:50.035 (35443748)|EXECUTION_STARTED
14:09:50.035 (35457382)|CODE_UNIT_STARTED|[EXTERNAL]|execute_anonymous_apex
14:09:50.036 (36981745)|VARIABLE_SCOPE_BEGIN|[1]|d|SObjectData|true|false
14:09:50.036 (36994106)|VARIABLE_SCOPE_BEGIN|[5]|d1|SObjectData|true|false
14:09:50.038 (38911404)|VARIABLE_SCOPE_BEGIN|[10]|h|ScoringSchemeHelper|true|false
14:09:50.038 (38927032)|VARIABLE_SCOPE_BEGIN|[2]|x|Map<String,String>|true|false
14:09:50.039 (39084774)|HEAP_ALLOCATE|[72]|Bytes:3
14:09:50.039 (39148790)|HEAP_ALLOCATE|[77]|Bytes:152
14:09:50.039 (39172599)|HEAP_ALLOCATE|[342]|Bytes:408
14:09:50.039 (39198397)|HEAP_ALLOCATE|[355]|Bytes:408
14:09:50.039 (39224502)|HEAP_ALLOCATE|[467]|Bytes:48
14:09:50.039 (39275595)|HEAP_ALLOCATE|[139]|Bytes:6
14:09:50.039 (39317340)|HEAP_ALLOCATE|[EXTERNAL]|Bytes:17
14:09:50.039 (39370844)|STATEMENT_EXECUTE|[1]
14:09:50.039 (39386424)|STATEMENT_EXECUTE|[1]
14:09:50.039 (39395018)|HEAP_ALLOCATE|[1]|Bytes:34
14:09:50.039 (39436052)|METHOD_ENTRY|[1]|01p58000000n6Fr|SObjectData.SObjectData()
14:09:50.039 (39442270)|STATEMENT_EXECUTE|[1]
14:09:50.039 (39447541)|STATEMENT_EXECUTE|[1]
14:09:50.039 (39488672)|HEAP_ALLOCATE|[50]|Bytes:5
14:09:50.039 (39521286)|HEAP_ALLOCATE|[56]|Bytes:5
14:09:50.039 (39538597)|HEAP_ALLOCATE|[64]|Bytes:7
14:09:50.039 (39570062)|SYSTEM_MODE_ENTER|false
14:09:50.039 (39590385)|HEAP_ALLOCATE|[1]|Bytes:5
14:09:50.039 (39598488)|SYSTEM_MODE_EXIT|false
14:09:50.039 (39610569)|METHOD_EXIT|[1]|SObjectData
14:09:50.039 (39697192)|HEAP_ALLOCATE|[1]|Bytes:20
14:09:50.039 (39705236)|HEAP_ALLOCATE|[1]|Bytes:15
14:09:50.039 (39734111)|SYSTEM_MODE_ENTER|false
14:09:50.039 (39752673)|HEAP_ALLOCATE|[1]|Bytes:5
14:09:50.039 (39774452)|CONSTRUCTOR_ENTRY|[1]|01p58000000n6Fr|<init>(String)
14:09:50.039 (39816814)|VARIABLE_SCOPE_BEGIN|[7]|this|SObjectData|true|false
14:09:50.039 (39868601)|VARIABLE_ASSIGNMENT|[7]|this|{}|0x1cc107ea
14:09:50.039 (39876419)|VARIABLE_SCOPE_BEGIN|[7]|sobjectType|String|false|false
14:09:50.039 (39888089)|VARIABLE_ASSIGNMENT|[7]|sobjectType|"Test_objects__c"
14:09:50.039 (39897098)|HEAP_ALLOCATE|[2]|Bytes:5
14:09:50.039 (39901947)|STATEMENT_EXECUTE|[1]
14:09:50.039 (39905760)|HEAP_ALLOCATE|[2]|Bytes:5
14:09:50.039 (39908806)|STATEMENT_EXECUTE|[2]
14:09:50.039 (39917248)|HEAP_ALLOCATE|[2]|Bytes:4
14:09:50.039 (39961058)|VARIABLE_ASSIGNMENT|[2]|this.fieldMap|{"s":1,"v":{}}|0x1cc107ea
14:09:50.039 (39966822)|STATEMENT_EXECUTE|[3]
14:09:50.039 (39969392)|STATEMENT_EXECUTE|[4]
14:09:50.039 (39971431)|STATEMENT_EXECUTE|[5]
14:09:50.039 (39987672)|HEAP_ALLOCATE|[2]|Bytes:6
14:09:50.040 (40008643)|VARIABLE_SCOPE_BEGIN|[2]|this|System.ApexBaseClass|true|false
14:09:50.040 (40035668)|VARIABLE_ASSIGNMENT|[2]|this|{"fieldMap":"0x1ab16df5"}|0x1cc107ea
14:09:50.040 (40047383)|STATEMENT_EXECUTE|[7]
14:09:50.040 (40050227)|STATEMENT_EXECUTE|[8]
14:09:50.040 (40062653)|VARIABLE_ASSIGNMENT|[8]|this.sObjectType|"Test_objects__c"|0x1cc107ea
14:09:50.040 (40080187)|CONSTRUCTOR_EXIT|[1]|01p58000000n6Fr|<init>(String)
14:09:50.040 (40087652)|SYSTEM_MODE_EXIT|false
14:09:50.040 (40123528)|VARIABLE_ASSIGNMENT|[1]|d|{"fieldMap":"0x1ab16df5","sObjectType":"Test_objects__c"}|0x1cc107ea
14:09:50.040 (40130186)|STATEMENT_EXECUTE|[2]
14:09:50.040 (40136703)|HEAP_ALLOCATE|[2]|Bytes:4
14:09:50.040 (40166746)|VARIABLE_ASSIGNMENT|[2]|x|{"s":1,"v":{}}|0x56025918
14:09:50.040 (40172570)|STATEMENT_EXECUTE|[3]
14:09:50.040 (40182624)|HEAP_ALLOCATE|[3]|Bytes:4
14:09:50.040 (40186792)|HEAP_ALLOCATE|[3]|Bytes:1
14:09:50.040 (40243338)|HEAP_ALLOCATE|[EXTERNAL]|Bytes:-4
14:09:50.040 (40262696)|STATEMENT_EXECUTE|[5]
14:09:50.040 (40268895)|HEAP_ALLOCATE|[5]|Bytes:20
14:09:50.040 (40295664)|SYSTEM_MODE_ENTER|false
14:09:50.040 (40312444)|HEAP_ALLOCATE|[5]|Bytes:5
14:09:50.040 (40324047)|CONSTRUCTOR_ENTRY|[5]|01p58000000n6Fr|<init>(String)
14:09:50.040 (40347301)|VARIABLE_SCOPE_BEGIN|[7]|this|SObjectData|true|false
14:09:50.040 (40367705)|VARIABLE_ASSIGNMENT|[7]|this|{}|0x607c1890
14:09:50.040 (40376772)|VARIABLE_SCOPE_BEGIN|[7]|sobjectType|String|false|false
14:09:50.040 (40384257)|VARIABLE_ASSIGNMENT|[7]|sobjectType|"Test_objects__c"
14:09:50.040 (40392042)|HEAP_ALLOCATE|[2]|Bytes:5
14:09:50.040 (40396492)|STATEMENT_EXECUTE|[1]
14:09:50.040 (40400203)|HEAP_ALLOCATE|[2]|Bytes:5
14:09:50.040 (40403186)|STATEMENT_EXECUTE|[2]
14:09:50.040 (40408647)|HEAP_ALLOCATE|[2]|Bytes:4
14:09:50.040 (40429889)|VARIABLE_ASSIGNMENT|[2]|this.fieldMap|{"s":1,"v":{}}|0x607c1890
14:09:50.040 (40435112)|STATEMENT_EXECUTE|[3]
14:09:50.040 (40437610)|STATEMENT_EXECUTE|[4]
14:09:50.040 (40439738)|STATEMENT_EXECUTE|[5]
14:09:50.040 (40447422)|VARIABLE_SCOPE_BEGIN|[2]|this|System.ApexBaseClass|true|false
14:09:50.040 (40467281)|VARIABLE_ASSIGNMENT|[2]|this|{"fieldMap":"0x71b30faf"}|0x607c1890
14:09:50.040 (40476278)|STATEMENT_EXECUTE|[7]
14:09:50.040 (40478951)|STATEMENT_EXECUTE|[8]
14:09:50.040 (40488429)|VARIABLE_ASSIGNMENT|[8]|this.sObjectType|"Test_objects__c"|0x607c1890
14:09:50.040 (40502980)|CONSTRUCTOR_EXIT|[5]|01p58000000n6Fr|<init>(String)
14:09:50.040 (40509623)|SYSTEM_MODE_EXIT|false
14:09:50.040 (40542428)|VARIABLE_ASSIGNMENT|[5]|d1|{"fieldMap":"0x71b30faf","sObjectType":"Test_objects__c"}|0x607c1890
14:09:50.040 (40549109)|STATEMENT_EXECUTE|[6]
14:09:50.040 (40579689)|SYSTEM_MODE_ENTER|false
14:09:50.040 (40595863)|HEAP_ALLOCATE|[6]|Bytes:5
14:09:50.040 (40633827)|METHOD_ENTRY|[6]|01p58000000n6Fr|SObjectData.setParent(SObjectData)
14:09:50.040 (40662911)|VARIABLE_SCOPE_BEGIN|[27]|this|SObjectData|true|false
14:09:50.040 (40686967)|VARIABLE_ASSIGNMENT|[27]|this|{"fieldMap":"0x71b30faf","sObjectType":"Test_objects__c"}|0x607c1890
14:09:50.040 (40692739)|VARIABLE_SCOPE_BEGIN|[27]|o|SObjectData|true|false
14:09:50.040 (40707694)|VARIABLE_ASSIGNMENT|[27]|o|{"fieldMap":"0x1ab16df5","sObjectType":"Test_objects__c"}|0x1cc107ea
14:09:50.040 (40721613)|HEAP_ALLOCATE|[28]|Bytes:5
14:09:50.040 (40726255)|STATEMENT_EXECUTE|[27]
14:09:50.040 (40728749)|STATEMENT_EXECUTE|[28]
14:09:50.040 (40736445)|VARIABLE_ASSIGNMENT|[28]|this.parent|0x1cc107ea|0x607c1890
14:09:50.040 (40745738)|METHOD_EXIT|[6]|01p58000000n6Fr|SObjectData.setParent(SObjectData)
14:09:50.040 (40750570)|SYSTEM_MODE_EXIT|false
14:09:50.040 (40755017)|STATEMENT_EXECUTE|[8]
14:09:50.040 (40783922)|SYSTEM_MODE_ENTER|false
14:09:50.040 (40799778)|HEAP_ALLOCATE|[8]|Bytes:5
14:09:50.040 (40821927)|METHOD_ENTRY|[8]|01p58000000n6Fr|SObjectData.addChild(SObjectData)
14:09:50.040 (40849349)|VARIABLE_SCOPE_BEGIN|[37]|this|SObjectData|true|false
14:09:50.040 (40873332)|VARIABLE_ASSIGNMENT|[37]|this|{"fieldMap":"0x1ab16df5","sObjectType":"Test_objects__c"}|0x1cc107ea
14:09:50.040 (40878828)|VARIABLE_SCOPE_BEGIN|[37]|o|SObjectData|true|false
14:09:50.040 (40895239)|VARIABLE_ASSIGNMENT|[37]|o|{"fieldMap":"0x71b30faf","parent":"0x1cc107ea","sObjectType":"Test_objects__c"}|0x607c1890
14:09:50.040 (40904871)|HEAP_ALLOCATE|[38]|Bytes:5
14:09:50.040 (40909224)|STATEMENT_EXECUTE|[37]
14:09:50.040 (40915033)|STATEMENT_EXECUTE|[38]
14:09:50.040 (40917326)|STATEMENT_EXECUTE|[39]
14:09:50.040 (40923689)|HEAP_ALLOCATE|[39]|Bytes:4
14:09:50.041 (41075549)|HEAP_ALLOCATE|[EXTERNAL]|Bytes:4
14:09:50.041 (41094306)|VARIABLE_ASSIGNMENT|[39]|this.children|{"s":1,"v":[]}|0x1cc107ea
14:09:50.041 (41099522)|STATEMENT_EXECUTE|[41]
14:09:50.041 (41155355)|HEAP_ALLOCATE|[EXTERNAL]|Bytes:4
14:09:50.041 (41177299)|METHOD_EXIT|[8]|01p58000000n6Fr|SObjectData.addChild(SObjectData)
14:09:50.041 (41182943)|SYSTEM_MODE_EXIT|false
14:09:50.041 (41188073)|STATEMENT_EXECUTE|[10]
14:09:50.041 (41196663)|HEAP_ALLOCATE|[10]|Bytes:22
14:09:50.041 (41217856)|METHOD_ENTRY|[1]|01p58000000n2RS|ScoringSchemeHelper.ScoringSchemeHelper()
14:09:50.041 (41222804)|STATEMENT_EXECUTE|[1]
14:09:50.041 (41227750)|STATEMENT_EXECUTE|[1]
14:09:50.041 (41233503)|SYSTEM_MODE_ENTER|false
14:09:50.041 (41238753)|HEAP_ALLOCATE|[10]|Bytes:5
14:09:50.041 (41243611)|SYSTEM_MODE_EXIT|false
14:09:50.041 (41253606)|METHOD_EXIT|[1]|ScoringSchemeHelper
14:09:50.041 (41272882)|HEAP_ALLOCATE|[10]|Bytes:8
14:09:50.041 (41299794)|SYSTEM_MODE_ENTER|false
14:09:50.041 (41315579)|HEAP_ALLOCATE|[10]|Bytes:5
14:09:50.041 (41336285)|CONSTRUCTOR_ENTRY|[10]|01p58000000n2RS|<init>()
14:09:50.041 (41367573)|VARIABLE_SCOPE_BEGIN|[1]|this|ScoringSchemeHelper|true|false
14:09:50.041 (41395981)|VARIABLE_ASSIGNMENT|[1]|this|{}|0x7abc6454
14:09:50.041 (41405158)|HEAP_ALLOCATE|[3]|Bytes:5
14:09:50.041 (41413065)|VARIABLE_SCOPE_BEGIN|[2]|this|System.ApexBaseClass|true|false
14:09:50.041 (41427037)|VARIABLE_ASSIGNMENT|[2]|this|{}|0x7abc6454
14:09:50.041 (41437444)|STATEMENT_EXECUTE|[1]
14:09:50.041 (41442755)|HEAP_ALLOCATE|[3]|Bytes:5
14:09:50.041 (41446052)|STATEMENT_EXECUTE|[3]
14:09:50.041 (41452261)|HEAP_ALLOCATE|[3]|Bytes:4
14:09:50.041 (41484688)|VARIABLE_ASSIGNMENT|[3]|this.childrenMap|{"s":1,"v":{}}|0x7abc6454
14:09:50.041 (41503376)|CONSTRUCTOR_EXIT|[10]|01p58000000n2RS|<init>()
14:09:50.041 (41509117)|SYSTEM_MODE_EXIT|false
14:09:50.041 (41541715)|VARIABLE_ASSIGNMENT|[10]|h|{"childrenMap":"0x6f9dd4ab"}|0x7abc6454
14:09:50.041 (41548069)|STATEMENT_EXECUTE|[11]
14:09:50.041 (41558456)|HEAP_ALLOCATE|[11]|Bytes:4
14:09:50.041 (41619043)|SYSTEM_MODE_ENTER|false
14:09:50.041 (41635332)|HEAP_ALLOCATE|[11]|Bytes:5
14:09:50.041 (41666617)|METHOD_ENTRY|[11]|01p58000000n2RS|ScoringSchemeHelper.createSObjects(List<SObjectData>)
14:09:50.041 (41675740)|VARIABLE_SCOPE_BEGIN|[5]|this|ScoringSchemeHelper|true|false
14:09:50.041 (41696438)|VARIABLE_ASSIGNMENT|[5]|this|{"childrenMap":"0x6f9dd4ab"}|0x7abc6454
14:09:50.041 (41702714)|VARIABLE_SCOPE_BEGIN|[5]|dataList|List<SObjectData>|true|false
14:09:50.041 (41713594)|HEAP_ALLOCATE|[EXTERNAL]|Bytes:8
14:09:50.041 (41737344)|VARIABLE_ASSIGNMENT|[5]|dataList|{"s":1,"v":[{"children":"0xde0c0f3","fieldMap":"0x1ab16df5","sObjectType":"Test_objects__c"}]}|0x1991a048
14:09:50.041 (41747909)|HEAP_ALLOCATE|[6]|Bytes:5
14:09:50.041 (41752405)|STATEMENT_EXECUTE|[5]
14:09:50.041 (41754885)|STATEMENT_EXECUTE|[6]
14:09:50.041 (41775467)|METHOD_ENTRY|[6]|01p58000000n2RS|ScoringSchemeHelper.createRoot(List<SObjectData>)
14:09:50.041 (41840808)|VARIABLE_SCOPE_BEGIN|[54]|this|ScoringSchemeHelper|true|false
14:09:50.041 (41862664)|VARIABLE_ASSIGNMENT|[54]|this|{"childrenMap":"0x6f9dd4ab"}|0x7abc6454
14:09:50.041 (41868839)|VARIABLE_SCOPE_BEGIN|[54]|dataList|List<SObjectData>|true|false
14:09:50.041 (41889617)|VARIABLE_ASSIGNMENT|[54]|dataList|{"s":1,"v":[{"children":"0xde0c0f3","fieldMap":"0x1ab16df5","sObjectType":"Test_objects__c"}]}|0x1991a048
14:09:50.041 (41900085)|HEAP_ALLOCATE|[55]|Bytes:5
14:09:50.041 (41904689)|STATEMENT_EXECUTE|[54]
14:09:50.041 (41907178)|STATEMENT_EXECUTE|[55]
14:09:50.041 (41912992)|HEAP_ALLOCATE|[55]|Bytes:4
14:09:50.041 (41926276)|VARIABLE_SCOPE_BEGIN|[55]|rootObjects|Map<String,SObject>|true|false
14:09:50.041 (41944041)|VARIABLE_ASSIGNMENT|[55]|rootObjects|{"s":1,"v":{}}|0x6f3ce396
14:09:50.042 (42188543)|HEAP_ALLOCATE|[56]|Bytes:5
14:09:50.042 (42211666)|HEAP_ALLOCATE|[56]|Bytes:20
14:09:50.042 (42223692)|VARIABLE_SCOPE_BEGIN|[56]|obj|SObjectData|true|false
14:09:50.042 (42250233)|VARIABLE_ASSIGNMENT|[56]|obj|{"children":"0xde0c0f3","fieldMap":"0x1ab16df5","sObjectType":"Test_objects__c"}|0x1cc107ea
14:09:50.042 (42257252)|STATEMENT_EXECUTE|[56]
14:09:50.042 (42259857)|STATEMENT_EXECUTE|[57]
14:09:50.042 (42278837)|METHOD_ENTRY|[57]|01p58000000n2RS|ScoringSchemeHelper.generateRandomString(Integer)
14:09:50.042 (42307439)|HEAP_ALLOCATE|[79]|Bytes:4
14:09:50.042 (42314051)|VARIABLE_SCOPE_BEGIN|[78]|len|Integer|false|false
14:09:50.042 (42322380)|VARIABLE_ASSIGNMENT|[78]|len|18
14:09:50.042 (42330133)|HEAP_ALLOCATE|[79]|Bytes:5
14:09:50.042 (42334060)|STATEMENT_EXECUTE|[78]
14:09:50.042 (42336459)|STATEMENT_EXECUTE|[79]
14:09:50.042 (42339862)|HEAP_ALLOCATE|[79]|Bytes:62
14:09:50.042 (42344242)|VARIABLE_SCOPE_BEGIN|[79]|chars|String|false|false
14:09:50.042 (42353712)|VARIABLE_ASSIGNMENT|[79]|chars|"ABCDEFGHIJKLMNOPQRST (42 more) ..."
14:09:50.042 (42357179)|STATEMENT_EXECUTE|[80]
14:09:50.042 (42361312)|VARIABLE_SCOPE_BEGIN|[80]|randStr|String|false|false
14:09:50.042 (42367160)|VARIABLE_ASSIGNMENT|[80]|randStr|""
14:09:50.042 (42448027)|STATEMENT_EXECUTE|[81]
14:09:50.042 (42452099)|STATEMENT_EXECUTE|[82]
14:09:50.042 (42665815)|VARIABLE_SCOPE_BEGIN|[2]|Math.E|Double|false|true
14:09:50.042 (42672907)|VARIABLE_SCOPE_BEGIN|[3]|Math.PI|Double|false|true
14:09:50.042 (42958626)|VARIABLE_SCOPE_BEGIN|[82]|idx|Integer|false|false
14:09:50.042 (42964528)|HEAP_ALLOCATE|[82]|Bytes:4
14:09:50.042 (42973299)|VARIABLE_ASSIGNMENT|[82]|idx|31
14:09:50.042 (42977290)|STATEMENT_EXECUTE|[83]
14:09:50.043 (43027984)|HEAP_ALLOCATE|[83]|Bytes:1
14:09:50.043 (43057737)|HEAP_ALLOCATE|[83]|Bytes:1
14:09:50.043 (43068890)|VARIABLE_ASSIGNMENT|[83]|randStr|"5"
14:09:50.043 (43097324)|STATEMENT_EXECUTE|[81]
14:09:50.043 (43100727)|STATEMENT_EXECUTE|[82]
14:09:50.043 (43205099)|VARIABLE_SCOPE_BEGIN|[82]|idx|Integer|false|false
14:09:50.043 (43210122)|HEAP_ALLOCATE|[82]|Bytes:4
14:09:50.043 (43218698)|VARIABLE_ASSIGNMENT|[82]|idx|26
14:09:50.043 (43222300)|STATEMENT_EXECUTE|[83]
14:09:50.043 (43245556)|HEAP_ALLOCATE|[83]|Bytes:1
14:09:50.043 (43261346)|HEAP_ALLOCATE|[83]|Bytes:2
14:09:50.043 (43270508)|VARIABLE_ASSIGNMENT|[83]|randStr|"50"
14:09:50.043 (43291227)|STATEMENT_EXECUTE|[81]
14:09:50.043 (43294159)|STATEMENT_EXECUTE|[82]
14:09:50.043 (43397214)|VARIABLE_SCOPE_BEGIN|[82]|idx|Integer|false|false
14:09:50.043 (43402198)|HEAP_ALLOCATE|[82]|Bytes:4
14:09:50.043 (43410286)|VARIABLE_ASSIGNMENT|[82]|idx|30
14:09:50.043 (43413838)|STATEMENT_EXECUTE|[83]
14:09:50.043 (43437131)|HEAP_ALLOCATE|[83]|Bytes:1
14:09:50.043 (43452744)|HEAP_ALLOCATE|[83]|Bytes:3
14:09:50.043 (43461910)|VARIABLE_ASSIGNMENT|[83]|randStr|"504"
14:09:50.043 (43482490)|STATEMENT_EXECUTE|[81]
14:09:50.043 (43485469)|STATEMENT_EXECUTE|[82]
14:09:50.043 (43582682)|VARIABLE_SCOPE_BEGIN|[82]|idx|Integer|false|false
14:09:50.043 (43587441)|HEAP_ALLOCATE|[82]|Bytes:4
14:09:50.043 (43595369)|VARIABLE_ASSIGNMENT|[82]|idx|24
14:09:50.043 (43598854)|STATEMENT_EXECUTE|[83]
14:09:50.043 (43621420)|HEAP_ALLOCATE|[83]|Bytes:1
14:09:50.043 (43636908)|HEAP_ALLOCATE|[83]|Bytes:4
14:09:50.043 (43645959)|VARIABLE_ASSIGNMENT|[83]|randStr|"504Y"
14:09:50.043 (43666699)|STATEMENT_EXECUTE|[81]
14:09:50.043 (43669632)|STATEMENT_EXECUTE|[82]
14:09:50.043 (43764618)|VARIABLE_SCOPE_BEGIN|[82]|idx|Integer|false|false
14:09:50.043 (43769743)|HEAP_ALLOCATE|[82]|Bytes:4
14:09:50.043 (43777489)|VARIABLE_ASSIGNMENT|[82]|idx|25
14:09:50.043 (43780978)|STATEMENT_EXECUTE|[83]
14:09:50.043 (43803424)|HEAP_ALLOCATE|[83]|Bytes:1
14:09:50.043 (43819146)|HEAP_ALLOCATE|[83]|Bytes:5
14:09:50.043 (43828050)|VARIABLE_ASSIGNMENT|[83]|randStr|"504YZ"
14:09:50.043 (43849071)|STATEMENT_EXECUTE|[81]
14:09:50.043 (43852048)|STATEMENT_EXECUTE|[82]
14:09:50.043 (43949450)|VARIABLE_SCOPE_BEGIN|[82]|idx|Integer|false|false
14:09:50.043 (43954047)|HEAP_ALLOCATE|[82]|Bytes:4
14:09:50.043 (43961735)|VARIABLE_ASSIGNMENT|[82]|idx|43
14:09:50.043 (43965203)|STATEMENT_EXECUTE|[83]
14:09:50.043 (43987738)|HEAP_ALLOCATE|[83]|Bytes:1
14:09:50.044 (44003105)|HEAP_ALLOCATE|[83]|Bytes:6
14:09:50.044 (44016838)|VARIABLE_ASSIGNMENT|[83]|randStr|"504YZh"
14:09:50.044 (44039708)|STATEMENT_EXECUTE|[81]
14:09:50.044 (44042732)|STATEMENT_EXECUTE|[82]
14:09:50.044 (44139548)|VARIABLE_SCOPE_BEGIN|[82]|idx|Integer|false|false
14:09:50.044 (44144558)|HEAP_ALLOCATE|[82]|Bytes:4
14:09:50.044 (44152293)|VARIABLE_ASSIGNMENT|[82]|idx|22
14:09:50.044 (44155836)|STATEMENT_EXECUTE|[83]
14:09:50.044 (44178559)|HEAP_ALLOCATE|[83]|Bytes:1
14:09:50.044 (44193920)|HEAP_ALLOCATE|[83]|Bytes:7
14:09:50.044 (44203279)|VARIABLE_ASSIGNMENT|[83]|randStr|"504YZhW"
14:09:50.044 (44224163)|STATEMENT_EXECUTE|[81]
14:09:50.044 (44227138)|STATEMENT_EXECUTE|[82]
14:09:50.044 (44321197)|VARIABLE_SCOPE_BEGIN|[82]|idx|Integer|false|false
14:09:50.044 (44326003)|HEAP_ALLOCATE|[82]|Bytes:4
14:09:50.044 (44333975)|VARIABLE_ASSIGNMENT|[82]|idx|5
14:09:50.044 (44337506)|STATEMENT_EXECUTE|[83]
14:09:50.044 (44359580)|HEAP_ALLOCATE|[83]|Bytes:1
14:09:50.044 (44379090)|HEAP_ALLOCATE|[83]|Bytes:8
14:09:50.044 (44389016)|VARIABLE_ASSIGNMENT|[83]|randStr|"504YZhWF"
14:09:50.044 (44410442)|STATEMENT_EXECUTE|[81]
14:09:50.044 (44413428)|STATEMENT_EXECUTE|[82]
14:09:50.044 (44518031)|VARIABLE_SCOPE_BEGIN|[82]|idx|Integer|false|false
14:09:50.044 (44522880)|HEAP_ALLOCATE|[82]|Bytes:4
14:09:50.044 (44530993)|VARIABLE_ASSIGNMENT|[82]|idx|57
14:09:50.044 (44534506)|STATEMENT_EXECUTE|[83]
14:09:50.044 (44557086)|HEAP_ALLOCATE|[83]|Bytes:1
14:09:50.044 (44572399)|HEAP_ALLOCATE|[83]|Bytes:9
14:09:50.044 (44581498)|VARIABLE_ASSIGNMENT|[83]|randStr|"504YZhWFv"
14:09:50.044 (44602395)|STATEMENT_EXECUTE|[81]
14:09:50.044 (44605359)|STATEMENT_EXECUTE|[82]
14:09:50.044 (44699942)|VARIABLE_SCOPE_BEGIN|[82]|idx|Integer|false|false
14:09:50.044 (44704650)|HEAP_ALLOCATE|[82]|Bytes:4
14:09:50.044 (44712445)|VARIABLE_ASSIGNMENT|[82]|idx|50
14:09:50.044 (44715817)|STATEMENT_EXECUTE|[83]
14:09:50.044 (44738213)|HEAP_ALLOCATE|[83]|Bytes:1
14:09:50.044 (44753595)|HEAP_ALLOCATE|[83]|Bytes:10
14:09:50.044 (44762845)|VARIABLE_ASSIGNMENT|[83]|randStr|"504YZhWFvo"
14:09:50.044 (44783601)|STATEMENT_EXECUTE|[81]
14:09:50.044 (44786567)|STATEMENT_EXECUTE|[82]
14:09:50.044 (44880064)|VARIABLE_SCOPE_BEGIN|[82]|idx|Integer|false|false
14:09:50.044 (44884752)|HEAP_ALLOCATE|[82]|Bytes:4
14:09:50.044 (44892463)|VARIABLE_ASSIGNMENT|[82]|idx|11
14:09:50.044 (44896127)|STATEMENT_EXECUTE|[83]
14:09:50.044 (44918465)|HEAP_ALLOCATE|[83]|Bytes:1
14:09:50.044 (44933803)|HEAP_ALLOCATE|[83]|Bytes:11
14:09:50.044 (44942903)|VARIABLE_ASSIGNMENT|[83]|randStr|"504YZhWFvoL"
14:09:50.044 (44963557)|STATEMENT_EXECUTE|[81]
14:09:50.044 (44966471)|STATEMENT_EXECUTE|[82]
14:09:50.045 (45061899)|VARIABLE_SCOPE_BEGIN|[82]|idx|Integer|false|false
14:09:50.045 (45067234)|HEAP_ALLOCATE|[82]|Bytes:4
14:09:50.045 (45075123)|VARIABLE_ASSIGNMENT|[82]|idx|49
14:09:50.045 (45078623)|STATEMENT_EXECUTE|[83]
14:09:50.045 (45101259)|HEAP_ALLOCATE|[83]|Bytes:1
14:09:50.045 (45116668)|HEAP_ALLOCATE|[83]|Bytes:12
14:09:50.045 (45125803)|VARIABLE_ASSIGNMENT|[83]|randStr|"504YZhWFvoLn"
14:09:50.045 (45146677)|STATEMENT_EXECUTE|[81]
14:09:50.045 (45149580)|STATEMENT_EXECUTE|[82]
14:09:50.045 (45243602)|VARIABLE_SCOPE_BEGIN|[82]|idx|Integer|false|false
14:09:50.045 (45248354)|HEAP_ALLOCATE|[82]|Bytes:4
14:09:50.045 (45255973)|VARIABLE_ASSIGNMENT|[82]|idx|30
14:09:50.045 (45259722)|STATEMENT_EXECUTE|[83]
14:09:50.045 (45282157)|HEAP_ALLOCATE|[83]|Bytes:1
14:09:50.045 (45297860)|HEAP_ALLOCATE|[83]|Bytes:13
14:09:50.045 (45306974)|VARIABLE_ASSIGNMENT|[83]|randStr|"504YZhWFvoLn4"
14:09:50.045 (45327757)|STATEMENT_EXECUTE|[81]
14:09:50.045 (45330696)|STATEMENT_EXECUTE|[82]
14:09:50.045 (45444224)|VARIABLE_SCOPE_BEGIN|[82]|idx|Integer|false|false
14:09:50.045 (45449309)|HEAP_ALLOCATE|[82]|Bytes:4
14:09:50.045 (45457377)|VARIABLE_ASSIGNMENT|[82]|idx|52
14:09:50.045 (45460955)|STATEMENT_EXECUTE|[83]
14:09:50.045 (45483807)|HEAP_ALLOCATE|[83]|Bytes:1
14:09:50.045 (45499463)|HEAP_ALLOCATE|[83]|Bytes:14
14:09:50.045 (45508605)|VARIABLE_ASSIGNMENT|[83]|randStr|"504YZhWFvoLn4q"
14:09:50.045 (45529718)|STATEMENT_EXECUTE|[81]
14:09:50.045 (45532664)|STATEMENT_EXECUTE|[82]
14:09:50.045 (45627031)|VARIABLE_SCOPE_BEGIN|[82]|idx|Integer|false|false
14:09:50.045 (45631658)|HEAP_ALLOCATE|[82]|Bytes:4
14:09:50.045 (45639404)|VARIABLE_ASSIGNMENT|[82]|idx|59
14:09:50.045 (45642852)|STATEMENT_EXECUTE|[83]
14:09:50.045 (45665590)|HEAP_ALLOCATE|[83]|Bytes:1
14:09:50.045 (45681282)|HEAP_ALLOCATE|[83]|Bytes:15
14:09:50.045 (45690657)|VARIABLE_ASSIGNMENT|[83]|randStr|"504YZhWFvoLn4qx"
14:09:50.045 (45711423)|STATEMENT_EXECUTE|[81]
14:09:50.045 (45714422)|STATEMENT_EXECUTE|[82]
14:09:50.045 (45808226)|VARIABLE_SCOPE_BEGIN|[82]|idx|Integer|false|false
14:09:50.045 (45812832)|HEAP_ALLOCATE|[82]|Bytes:4
14:09:50.045 (45820660)|VARIABLE_ASSIGNMENT|[82]|idx|57
14:09:50.045 (45824044)|STATEMENT_EXECUTE|[83]
14:09:50.045 (45846284)|HEAP_ALLOCATE|[83]|Bytes:1
14:09:50.045 (45861752)|HEAP_ALLOCATE|[83]|Bytes:16
14:09:50.045 (45870995)|VARIABLE_ASSIGNMENT|[83]|randStr|"504YZhWFvoLn4qxv"
14:09:50.045 (45891806)|STATEMENT_EXECUTE|[81]
14:09:50.045 (45894756)|STATEMENT_EXECUTE|[82]
14:09:50.045 (45999186)|VARIABLE_SCOPE_BEGIN|[82]|idx|Integer|false|false
14:09:50.046 (46004057)|HEAP_ALLOCATE|[82]|Bytes:4
14:09:50.046 (46012597)|VARIABLE_ASSIGNMENT|[82]|idx|3
14:09:50.046 (46016245)|STATEMENT_EXECUTE|[83]
14:09:50.046 (46039360)|HEAP_ALLOCATE|[83]|Bytes:1
14:09:50.046 (46054847)|HEAP_ALLOCATE|[83]|Bytes:17
14:09:50.046 (46064197)|VARIABLE_ASSIGNMENT|[83]|randStr|"504YZhWFvoLn4qxvD"
14:09:50.046 (46085085)|STATEMENT_EXECUTE|[81]
14:09:50.046 (46088088)|STATEMENT_EXECUTE|[82]
14:09:50.046 (46182369)|VARIABLE_SCOPE_BEGIN|[82]|idx|Integer|false|false
14:09:50.046 (46187158)|HEAP_ALLOCATE|[82]|Bytes:4
14:09:50.046 (46194913)|VARIABLE_ASSIGNMENT|[82]|idx|13
14:09:50.046 (46198364)|STATEMENT_EXECUTE|[83]
14:09:50.046 (46220498)|HEAP_ALLOCATE|[83]|Bytes:1
14:09:50.046 (46235913)|HEAP_ALLOCATE|[83]|Bytes:18
14:09:50.046 (46245176)|VARIABLE_ASSIGNMENT|[83]|randStr|"504YZhWFvoLn4qxvDN"
14:09:50.046 (46266466)|STATEMENT_EXECUTE|[85]
14:09:50.046 (46274915)|METHOD_EXIT|[57]|01p58000000n2RS|ScoringSchemeHelper.generateRandomString(Integer)
14:09:50.046 (46280517)|VARIABLE_SCOPE_BEGIN|[57]|rId|String|false|false
14:09:50.046 (46288320)|VARIABLE_ASSIGNMENT|[57]|rId|"504YZhWFvoLn4qxvDN"
14:09:50.046 (46291796)|STATEMENT_EXECUTE|[58]
14:09:50.046 (46305171)|METHOD_ENTRY|[58]|01p58000000n2RS|ScoringSchemeHelper.createSObject(SObjectData)
14:09:50.046 (46336333)|VARIABLE_SCOPE_BEGIN|[11]|this|ScoringSchemeHelper|true|false
14:09:50.046 (46359427)|VARIABLE_ASSIGNMENT|[11]|this|{"childrenMap":"0x6f9dd4ab"}|0x7abc6454
14:09:50.046 (46364743)|VARIABLE_SCOPE_BEGIN|[11]|obj|SObjectData|true|false
14:09:50.046 (46386779)|VARIABLE_ASSIGNMENT|[11]|obj|{"children":"0xde0c0f3","fieldMap":"0x1ab16df5","sObjectType":"Test_objects__c"}|0x1cc107ea
14:09:50.046 (46397471)|HEAP_ALLOCATE|[12]|Bytes:5
14:09:50.046 (46401971)|STATEMENT_EXECUTE|[11]
14:09:50.046 (46404462)|STATEMENT_EXECUTE|[12]
14:09:50.046 (46496359)|HEAP_ALLOCATE|[12]|Bytes:4
14:09:50.046 (46624453)|VARIABLE_SCOPE_BEGIN|[12]|scoringScheme|Test_Objects__c|true|false
14:09:50.046 (46642815)|VARIABLE_ASSIGNMENT|[12]|scoringScheme|{}|0x58c411b3
14:09:50.046 (46653938)|HEAP_ALLOCATE|[13]|Bytes:4
14:09:50.046 (46701483)|METHOD_ENTRY|[13]|01p58000000n6Fr|SObjectData.getFieldMap()
14:09:50.046 (46710074)|VARIABLE_SCOPE_BEGIN|[52]|this|SObjectData|true|false
14:09:50.046 (46736094)|VARIABLE_ASSIGNMENT|[52]|this|{"children":"0xde0c0f3","fieldMap":"0x1ab16df5","sObjectType":"Test_objects__c"}|0x1cc107ea
14:09:50.046 (46746839)|HEAP_ALLOCATE|[53]|Bytes:5
14:09:50.046 (46751521)|STATEMENT_EXECUTE|[52]
14:09:50.046 (46754185)|STATEMENT_EXECUTE|[53]
14:09:50.046 (46763186)|METHOD_EXIT|[13]|01p58000000n6Fr|SObjectData.getFieldMap()
14:09:50.046 (46819245)|HEAP_ALLOCATE|[13]|Bytes:4
14:09:50.046 (46852696)|HEAP_ALLOCATE|[13]|Bytes:0
14:09:50.046 (46895669)|HEAP_ALLOCATE|[13]|Bytes:5
14:09:50.046 (46912312)|VARIABLE_ASSIGNMENT|[13]|field|null
14:09:50.046 (46916854)|STATEMENT_EXECUTE|[13]
14:09:50.046 (46919295)|STATEMENT_EXECUTE|[18]
14:09:50.046 (46926991)|METHOD_EXIT|[58]|01p58000000n2RS|ScoringSchemeHelper.createSObject(SObjectData)
14:09:50.046 (46952145)|HEAP_ALLOCATE|[EXTERNAL]|Bytes:-4
14:09:50.046 (46973538)|METHOD_ENTRY|[59]|01p58000000n6Fr|SObjectData.getChildren()
14:09:50.047 (47000772)|VARIABLE_SCOPE_BEGIN|[60]|this|SObjectData|true|false
14:09:50.047 (47027958)|VARIABLE_ASSIGNMENT|[60]|this|{"children":"0xde0c0f3","fieldMap":"0x1ab16df5","sObjectType":"Test_objects__c"}|0x1cc107ea
14:09:50.047 (47038459)|HEAP_ALLOCATE|[61]|Bytes:5
14:09:50.047 (47042783)|STATEMENT_EXECUTE|[60]
14:09:50.047 (47045187)|STATEMENT_EXECUTE|[61]
14:09:50.047 (47053943)|METHOD_EXIT|[59]|01p58000000n6Fr|SObjectData.getChildren()
14:09:50.047 (47074519)|STATEMENT_EXECUTE|[59]
14:09:50.047 (47077775)|STATEMENT_EXECUTE|[60]
14:09:50.047 (47085170)|METHOD_ENTRY|[60]|01p58000000n6Fr|SObjectData.getChildren()
14:09:50.047 (47106054)|VARIABLE_SCOPE_BEGIN|[60]|this|SObjectData|true|false
14:09:50.047 (47130015)|VARIABLE_ASSIGNMENT|[60]|this|{"children":"0xde0c0f3","fieldMap":"0x1ab16df5","sObjectType":"Test_objects__c"}|0x1cc107ea
14:09:50.047 (47140149)|HEAP_ALLOCATE|[61]|Bytes:5
14:09:50.047 (47144327)|STATEMENT_EXECUTE|[60]
14:09:50.047 (47146709)|STATEMENT_EXECUTE|[61]
14:09:50.047 (47154155)|METHOD_EXIT|[60]|01p58000000n6Fr|SObjectData.getChildren()
14:09:50.047 (47169742)|METHOD_ENTRY|[60]|01p58000000n2RS|ScoringSchemeHelper.createChildren(String, List<SObjectData>)
14:09:50.047 (47177824)|VARIABLE_SCOPE_BEGIN|[66]|this|ScoringSchemeHelper|true|false
14:09:50.047 (47196398)|VARIABLE_ASSIGNMENT|[66]|this|{"childrenMap":"0x6f9dd4ab"}|0x7abc6454
14:09:50.047 (47202325)|VARIABLE_SCOPE_BEGIN|[66]|parentId|String|false|false
14:09:50.047 (47208280)|VARIABLE_ASSIGNMENT|[66]|parentId|"504YZhWFvoLn4qxvDN"
14:09:50.047 (47212290)|VARIABLE_SCOPE_BEGIN|[66]|childrenList|List<SObjectData>|true|false
14:09:50.047 (47233976)|VARIABLE_ASSIGNMENT|[66]|childrenList|{"s":1,"v":[{"fieldMap":"0x71b30faf","parent":"0x1cc107ea","sObjectType":"Test_objects__c"}]}|0xde0c0f3
14:09:50.047 (47244075)|HEAP_ALLOCATE|[67]|Bytes:5
14:09:50.047 (47248459)|STATEMENT_EXECUTE|[66]
14:09:50.047 (47250818)|STATEMENT_EXECUTE|[67]
14:09:50.047 (47256676)|HEAP_ALLOCATE|[67]|Bytes:4
14:09:50.047 (47266656)|VARIABLE_SCOPE_BEGIN|[67]|childObjects|Map<String,SObject>|true|false
14:09:50.047 (47284380)|VARIABLE_ASSIGNMENT|[67]|childObjects|{"s":1,"v":{}}|0x989577
14:09:50.047 (47337893)|HEAP_ALLOCATE|[68]|Bytes:5
14:09:50.047 (47353512)|HEAP_ALLOCATE|[68]|Bytes:20
14:09:50.047 (47361529)|VARIABLE_SCOPE_BEGIN|[68]|obj|SObjectData|true|false
14:09:50.047 (47390646)|VARIABLE_ASSIGNMENT|[68]|obj|{"fieldMap":"0x71b30faf","parent":"0x1cc107ea","sObjectType":"Test_objects__c"}|0x607c1890
14:09:50.047 (47397442)|STATEMENT_EXECUTE|[68]
14:09:50.047 (47399861)|STATEMENT_EXECUTE|[69]
14:09:50.047 (47410766)|METHOD_ENTRY|[69]|01p58000000n2RS|ScoringSchemeHelper.generateRandomString(Integer)
14:09:50.047 (47432926)|HEAP_ALLOCATE|[79]|Bytes:4
14:09:50.047 (47437626)|VARIABLE_SCOPE_BEGIN|[78]|len|Integer|false|false
14:09:50.047 (47444854)|VARIABLE_ASSIGNMENT|[78]|len|18
14:09:50.047 (47451966)|HEAP_ALLOCATE|[79]|Bytes:5
14:09:50.047 (47455805)|STATEMENT_EXECUTE|[78]
14:09:50.047 (47458146)|STATEMENT_EXECUTE|[79]
14:09:50.047 (47462566)|VARIABLE_SCOPE_BEGIN|[79]|chars|String|false|false
14:09:50.047 (47471324)|VARIABLE_ASSIGNMENT|[79]|chars|"ABCDEFGHIJKLMNOPQRST (42 more) ..."
14:09:50.047 (47474967)|STATEMENT_EXECUTE|[80]
14:09:50.047 (47478232)|VARIABLE_SCOPE_BEGIN|[80]|randStr|String|false|false
14:09:50.047 (47483726)|VARIABLE_ASSIGNMENT|[80]|randStr|""
14:09:50.047 (47509687)|STATEMENT_EXECUTE|[81]
14:09:50.047 (47512643)|STATEMENT_EXECUTE|[82]
14:09:50.047 (47611634)|VARIABLE_SCOPE_BEGIN|[82]|idx|Integer|false|false
14:09:50.047 (47616534)|HEAP_ALLOCATE|[82]|Bytes:4
14:09:50.047 (47624794)|VARIABLE_ASSIGNMENT|[82]|idx|15
14:09:50.047 (47628328)|STATEMENT_EXECUTE|[83]
14:09:50.047 (47652024)|HEAP_ALLOCATE|[83]|Bytes:1
14:09:50.047 (47667831)|HEAP_ALLOCATE|[83]|Bytes:1
14:09:50.047 (47676962)|VARIABLE_ASSIGNMENT|[83]|randStr|"P"
14:09:50.047 (47697861)|STATEMENT_EXECUTE|[81]
14:09:50.047 (47700848)|STATEMENT_EXECUTE|[82]
14:09:50.047 (47795635)|VARIABLE_SCOPE_BEGIN|[82]|idx|Integer|false|false
14:09:50.047 (47800546)|HEAP_ALLOCATE|[82]|Bytes:4
14:09:50.047 (47808450)|VARIABLE_ASSIGNMENT|[82]|idx|17
14:09:50.047 (47812287)|STATEMENT_EXECUTE|[83]
14:09:50.047 (47834639)|HEAP_ALLOCATE|[83]|Bytes:1
14:09:50.047 (47850221)|HEAP_ALLOCATE|[83]|Bytes:2
14:09:50.047 (47859237)|VARIABLE_ASSIGNMENT|[83]|randStr|"PR"
14:09:50.047 (47879947)|STATEMENT_EXECUTE|[81]
14:09:50.047 (47882851)|STATEMENT_EXECUTE|[82]
14:09:50.047 (47977142)|VARIABLE_SCOPE_BEGIN|[82]|idx|Integer|false|false
14:09:50.047 (47981818)|HEAP_ALLOCATE|[82]|Bytes:4
14:09:50.047 (47989628)|VARIABLE_ASSIGNMENT|[82]|idx|55
14:09:50.047 (47993153)|STATEMENT_EXECUTE|[83]
14:09:50.048 (48015301)|HEAP_ALLOCATE|[83]|Bytes:1
14:09:50.048 (48031626)|HEAP_ALLOCATE|[83]|Bytes:3
14:09:50.048 (48040609)|VARIABLE_ASSIGNMENT|[83]|randStr|"PRt"
14:09:50.048 (48061248)|STATEMENT_EXECUTE|[81]
14:09:50.048 (48064200)|STATEMENT_EXECUTE|[82]
14:09:50.048 (48160168)|VARIABLE_SCOPE_BEGIN|[82]|idx|Integer|false|false
14:09:50.048 (48164863)|HEAP_ALLOCATE|[82]|Bytes:4
14:09:50.048 (48172674)|VARIABLE_ASSIGNMENT|[82]|idx|9
14:09:50.048 (48176382)|STATEMENT_EXECUTE|[83]
14:09:50.048 (48198775)|HEAP_ALLOCATE|[83]|Bytes:1
14:09:50.048 (48214285)|HEAP_ALLOCATE|[83]|Bytes:4
14:09:50.048 (48223394)|VARIABLE_ASSIGNMENT|[83]|randStr|"PRtJ"
14:09:50.048 (48244009)|STATEMENT_EXECUTE|[81]
14:09:50.048 (48246962)|STATEMENT_EXECUTE|[82]
14:09:50.048 (48340487)|VARIABLE_SCOPE_BEGIN|[82]|idx|Integer|false|false
14:09:50.048 (48345222)|HEAP_ALLOCATE|[82]|Bytes:4
14:09:50.048 (48353014)|VARIABLE_ASSIGNMENT|[82]|idx|61
14:09:50.048 (48356628)|STATEMENT_EXECUTE|[83]
14:09:50.048 (48383067)|HEAP_ALLOCATE|[83]|Bytes:1
14:09:50.048 (48399208)|HEAP_ALLOCATE|[83]|Bytes:5
14:09:50.048 (48408567)|VARIABLE_ASSIGNMENT|[83]|randStr|"PRtJz"
14:09:50.048 (48429821)|STATEMENT_EXECUTE|[81]
14:09:50.048 (48432810)|STATEMENT_EXECUTE|[82]
14:09:50.048 (48526948)|VARIABLE_SCOPE_BEGIN|[82]|idx|Integer|false|false
14:09:50.048 (48531610)|HEAP_ALLOCATE|[82]|Bytes:4
14:09:50.048 (48539448)|VARIABLE_ASSIGNMENT|[82]|idx|0
14:09:50.048 (48543004)|STATEMENT_EXECUTE|[83]
14:09:50.048 (48565026)|HEAP_ALLOCATE|[83]|Bytes:1
14:09:50.048 (48580423)|HEAP_ALLOCATE|[83]|Bytes:6
14:09:50.048 (48589627)|VARIABLE_ASSIGNMENT|[83]|randStr|"PRtJzA"
14:09:50.048 (48610140)|STATEMENT_EXECUTE|[81]
14:09:50.048 (48613115)|STATEMENT_EXECUTE|[82]
14:09:50.048 (48721839)|VARIABLE_SCOPE_BEGIN|[82]|idx|Integer|false|false
14:09:50.048 (48726907)|HEAP_ALLOCATE|[82]|Bytes:4
14:09:50.048 (48734828)|VARIABLE_ASSIGNMENT|[82]|idx|20
14:09:50.048 (48738443)|STATEMENT_EXECUTE|[83]
14:09:50.048 (48761382)|HEAP_ALLOCATE|[83]|Bytes:1
14:09:50.048 (48776773)|HEAP_ALLOCATE|[83]|Bytes:7
14:09:50.048 (48786035)|VARIABLE_ASSIGNMENT|[83]|randStr|"PRtJzAU"
14:09:50.048 (48806871)|STATEMENT_EXECUTE|[81]
14:09:50.048 (48809817)|STATEMENT_EXECUTE|[82]
14:09:50.048 (48904411)|VARIABLE_SCOPE_BEGIN|[82]|idx|Integer|false|false
14:09:50.048 (48909144)|HEAP_ALLOCATE|[82]|Bytes:4
14:09:50.048 (48916782)|VARIABLE_ASSIGNMENT|[82]|idx|0
14:09:50.048 (48920428)|STATEMENT_EXECUTE|[83]
14:09:50.048 (48942771)|HEAP_ALLOCATE|[83]|Bytes:1
14:09:50.048 (48958205)|HEAP_ALLOCATE|[83]|Bytes:8
14:09:50.048 (48967619)|VARIABLE_ASSIGNMENT|[83]|randStr|"PRtJzAUA"
14:09:50.048 (48988267)|STATEMENT_EXECUTE|[81]
14:09:50.048 (48991240)|STATEMENT_EXECUTE|[82]
14:09:50.049 (49122607)|VARIABLE_SCOPE_BEGIN|[82]|idx|Integer|false|false
14:09:50.049 (49128914)|HEAP_ALLOCATE|[82]|Bytes:4
14:09:50.049 (49137478)|VARIABLE_ASSIGNMENT|[82]|idx|14
14:09:50.049 (49141164)|STATEMENT_EXECUTE|[83]
14:09:50.049 (49165558)|HEAP_ALLOCATE|[83]|Bytes:1
14:09:50.049 (49181037)|HEAP_ALLOCATE|[83]|Bytes:9
14:09:50.049 (49190517)|VARIABLE_ASSIGNMENT|[83]|randStr|"PRtJzAUAO"
14:09:50.049 (49211566)|STATEMENT_EXECUTE|[81]
14:09:50.049 (49214597)|STATEMENT_EXECUTE|[82]
14:09:50.049 (49309844)|VARIABLE_SCOPE_BEGIN|[82]|idx|Integer|false|false
14:09:50.049 (49314700)|HEAP_ALLOCATE|[82]|Bytes:4
14:09:50.049 (49322638)|VARIABLE_ASSIGNMENT|[82]|idx|36
14:09:50.049 (49326092)|STATEMENT_EXECUTE|[83]
14:09:50.049 (49348187)|HEAP_ALLOCATE|[83]|Bytes:1
14:09:50.049 (49363810)|HEAP_ALLOCATE|[83]|Bytes:10
14:09:50.049 (49376963)|VARIABLE_ASSIGNMENT|[83]|randStr|"PRtJzAUAOa"
14:09:50.049 (49399617)|STATEMENT_EXECUTE|[81]
14:09:50.049 (49402648)|STATEMENT_EXECUTE|[82]
14:09:50.049 (49506024)|VARIABLE_SCOPE_BEGIN|[82]|idx|Integer|false|false
14:09:50.049 (49510889)|HEAP_ALLOCATE|[82]|Bytes:4
14:09:50.049 (49519015)|VARIABLE_ASSIGNMENT|[82]|idx|32
14:09:50.049 (49522568)|STATEMENT_EXECUTE|[83]
14:09:50.049 (49545311)|HEAP_ALLOCATE|[83]|Bytes:1
14:09:50.049 (49560754)|HEAP_ALLOCATE|[83]|Bytes:11
14:09:50.049 (49570079)|VARIABLE_ASSIGNMENT|[83]|randStr|"PRtJzAUAOa6"
14:09:50.049 (49590800)|STATEMENT_EXECUTE|[81]
14:09:50.049 (49593787)|STATEMENT_EXECUTE|[82]
14:09:50.049 (49688490)|VARIABLE_SCOPE_BEGIN|[82]|idx|Integer|false|false
14:09:50.049 (49693130)|HEAP_ALLOCATE|[82]|Bytes:4
14:09:50.049 (49701014)|VARIABLE_ASSIGNMENT|[82]|idx|56
14:09:50.049 (49704453)|STATEMENT_EXECUTE|[83]
14:09:50.049 (49726831)|HEAP_ALLOCATE|[83]|Bytes:1
14:09:50.049 (49742331)|HEAP_ALLOCATE|[83]|Bytes:12
14:09:50.049 (49751513)|VARIABLE_ASSIGNMENT|[83]|randStr|"PRtJzAUAOa6u"
14:09:50.049 (49772557)|STATEMENT_EXECUTE|[81]
14:09:50.049 (49775532)|STATEMENT_EXECUTE|[82]
14:09:50.049 (49870097)|VARIABLE_SCOPE_BEGIN|[82]|idx|Integer|false|false
14:09:50.049 (49874712)|HEAP_ALLOCATE|[82]|Bytes:4
14:09:50.049 (49882612)|VARIABLE_ASSIGNMENT|[82]|idx|31
14:09:50.049 (49886140)|STATEMENT_EXECUTE|[83]
14:09:50.049 (49908415)|HEAP_ALLOCATE|[83]|Bytes:1
14:09:50.049 (49923904)|HEAP_ALLOCATE|[83]|Bytes:13
14:09:50.049 (49933211)|VARIABLE_ASSIGNMENT|[83]|randStr|"PRtJzAUAOa6u5"
14:09:50.049 (49954127)|STATEMENT_EXECUTE|[81]
14:09:50.049 (49957082)|STATEMENT_EXECUTE|[82]
14:09:50.050 (50053448)|VARIABLE_SCOPE_BEGIN|[82]|idx|Integer|false|false
14:09:50.050 (50058822)|HEAP_ALLOCATE|[82]|Bytes:4
14:09:50.050 (50066800)|VARIABLE_ASSIGNMENT|[82]|idx|37
14:09:50.050 (50070284)|STATEMENT_EXECUTE|[83]
14:09:50.050 (50092783)|HEAP_ALLOCATE|[83]|Bytes:1
14:09:50.050 (50108214)|HEAP_ALLOCATE|[83]|Bytes:14
14:09:50.050 (50117528)|VARIABLE_ASSIGNMENT|[83]|randStr|"PRtJzAUAOa6u5b"
14:09:50.050 (50138268)|STATEMENT_EXECUTE|[81]
14:09:50.050 (50141575)|STATEMENT_EXECUTE|[82]
14:09:50.050 (50245629)|VARIABLE_SCOPE_BEGIN|[82]|idx|Integer|false|false
14:09:50.050 (50250335)|HEAP_ALLOCATE|[82]|Bytes:4
14:09:50.050 (50258250)|VARIABLE_ASSIGNMENT|[82]|idx|46
14:09:50.050 (50261797)|STATEMENT_EXECUTE|[83]
14:09:50.050 (50284055)|HEAP_ALLOCATE|[83]|Bytes:1
14:09:50.050 (50299404)|HEAP_ALLOCATE|[83]|Bytes:15
14:09:50.050 (50308728)|VARIABLE_ASSIGNMENT|[83]|randStr|"PRtJzAUAOa6u5bk"
14:09:50.050 (50329562)|STATEMENT_EXECUTE|[81]
14:09:50.050 (50332514)|STATEMENT_EXECUTE|[82]
14:09:50.050 (50440541)|VARIABLE_SCOPE_BEGIN|[82]|idx|Integer|false|false
14:09:50.050 (50445584)|HEAP_ALLOCATE|[82]|Bytes:4
14:09:50.050 (50453761)|VARIABLE_ASSIGNMENT|[82]|idx|27
14:09:50.050 (50457302)|STATEMENT_EXECUTE|[83]
14:09:50.050 (50480116)|HEAP_ALLOCATE|[83]|Bytes:1
14:09:50.050 (50495780)|HEAP_ALLOCATE|[83]|Bytes:16
14:09:50.050 (50505193)|VARIABLE_ASSIGNMENT|[83]|randStr|"PRtJzAUAOa6u5bk1"
14:09:50.050 (50525996)|STATEMENT_EXECUTE|[81]
14:09:50.050 (50529263)|STATEMENT_EXECUTE|[82]
14:09:50.050 (50623487)|VARIABLE_SCOPE_BEGIN|[82]|idx|Integer|false|false
14:09:50.050 (50628186)|HEAP_ALLOCATE|[82]|Bytes:4
14:09:50.050 (50635948)|VARIABLE_ASSIGNMENT|[82]|idx|14
14:09:50.050 (50639449)|STATEMENT_EXECUTE|[83]
14:09:50.050 (50661618)|HEAP_ALLOCATE|[83]|Bytes:1
14:09:50.050 (50676977)|HEAP_ALLOCATE|[83]|Bytes:17
14:09:50.050 (50686183)|VARIABLE_ASSIGNMENT|[83]|randStr|"PRtJzAUAOa6u5bk1O"
14:09:50.050 (50706972)|STATEMENT_EXECUTE|[81]
14:09:50.050 (50709913)|STATEMENT_EXECUTE|[82]
14:09:50.050 (50804786)|VARIABLE_SCOPE_BEGIN|[82]|idx|Integer|false|false
14:09:50.050 (50809432)|HEAP_ALLOCATE|[82]|Bytes:4
14:09:50.050 (50817250)|VARIABLE_ASSIGNMENT|[82]|idx|50
14:09:50.050 (50820763)|STATEMENT_EXECUTE|[83]
14:09:50.050 (50842962)|HEAP_ALLOCATE|[83]|Bytes:1
14:09:50.050 (50858313)|HEAP_ALLOCATE|[83]|Bytes:18
14:09:50.050 (50867755)|VARIABLE_ASSIGNMENT|[83]|randStr|"PRtJzAUAOa6u5bk1Oo"
14:09:50.050 (50888703)|STATEMENT_EXECUTE|[85]
14:09:50.050 (50897212)|METHOD_EXIT|[69]|01p58000000n2RS|ScoringSchemeHelper.generateRandomString(Integer)
14:09:50.050 (50902657)|VARIABLE_SCOPE_BEGIN|[69]|rId|String|false|false
14:09:50.050 (50910728)|VARIABLE_ASSIGNMENT|[69]|rId|"PRtJzAUAOa6u5bk1Oo"
14:09:50.050 (50914319)|STATEMENT_EXECUTE|[70]
14:09:50.050 (50923471)|METHOD_ENTRY|[70]|01p58000000n2RS|ScoringSchemeHelper.createSObject(SObjectData)
14:09:50.050 (50947334)|VARIABLE_SCOPE_BEGIN|[11]|this|ScoringSchemeHelper|true|false
14:09:50.050 (50970133)|VARIABLE_ASSIGNMENT|[11]|this|{"childrenMap":"0x6f9dd4ab"}|0x7abc6454
14:09:50.050 (50975083)|VARIABLE_SCOPE_BEGIN|[11]|obj|SObjectData|true|false
14:09:50.050 (50992698)|VARIABLE_ASSIGNMENT|[11]|obj|{"fieldMap":"0x71b30faf","parent":"0x1cc107ea","sObjectType":"Test_objects__c"}|0x607c1890
14:09:50.051 (51002888)|HEAP_ALLOCATE|[12]|Bytes:5
14:09:50.051 (51007862)|STATEMENT_EXECUTE|[11]
14:09:50.051 (51010352)|STATEMENT_EXECUTE|[12]
14:09:50.051 (51026119)|HEAP_ALLOCATE|[12]|Bytes:4
14:09:50.051 (51042358)|VARIABLE_SCOPE_BEGIN|[12]|scoringScheme|Test_Objects__c|true|false
14:09:50.051 (51055302)|VARIABLE_ASSIGNMENT|[12]|scoringScheme|{}|0x4f581aaa
14:09:50.051 (51062030)|HEAP_ALLOCATE|[13]|Bytes:4
14:09:50.051 (51081115)|METHOD_ENTRY|[13]|01p58000000n6Fr|SObjectData.getFieldMap()
14:09:50.051 (51086776)|VARIABLE_SCOPE_BEGIN|[52]|this|SObjectData|true|false
14:09:50.051 (51109619)|VARIABLE_ASSIGNMENT|[52]|this|{"fieldMap":"0x71b30faf","parent":"0x1cc107ea","sObjectType":"Test_objects__c"}|0x607c1890
14:09:50.051 (51119226)|HEAP_ALLOCATE|[53]|Bytes:5
14:09:50.051 (51123662)|STATEMENT_EXECUTE|[52]
14:09:50.051 (51126159)|STATEMENT_EXECUTE|[53]
14:09:50.051 (51133786)|METHOD_EXIT|[13]|01p58000000n6Fr|SObjectData.getFieldMap()
14:09:50.051 (51163211)|HEAP_ALLOCATE|[13]|Bytes:4
14:09:50.051 (51187656)|HEAP_ALLOCATE|[13]|Bytes:0
14:09:50.051 (51219109)|HEAP_ALLOCATE|[13]|Bytes:5
14:09:50.051 (51234789)|VARIABLE_ASSIGNMENT|[13]|field|null
14:09:50.051 (51239380)|STATEMENT_EXECUTE|[13]
14:09:50.051 (51241834)|STATEMENT_EXECUTE|[18]
14:09:50.051 (51249144)|METHOD_EXIT|[70]|01p58000000n2RS|ScoringSchemeHelper.createSObject(SObjectData)
14:09:50.051 (51272477)|HEAP_ALLOCATE|[EXTERNAL]|Bytes:-4
14:09:50.051 (51292071)|METHOD_ENTRY|[71]|01p58000000n6Fr|SObjectData.getChildren()
14:09:50.051 (51314783)|VARIABLE_SCOPE_BEGIN|[60]|this|SObjectData|true|false
14:09:50.051 (51339316)|VARIABLE_ASSIGNMENT|[60]|this|{"fieldMap":"0x71b30faf","parent":"0x1cc107ea","sObjectType":"Test_objects__c"}|0x607c1890
14:09:50.051 (51349375)|HEAP_ALLOCATE|[61]|Bytes:5
14:09:50.051 (51353715)|STATEMENT_EXECUTE|[60]
14:09:50.051 (51356358)|STATEMENT_EXECUTE|[61]
14:09:50.051 (51364049)|METHOD_EXIT|[71]|01p58000000n6Fr|SObjectData.getChildren()
14:09:50.051 (51434187)|HEAP_ALLOCATE|[71]|Bytes:41
14:09:50.051 (51465010)|METHOD_EXIT|[60]|01p58000000n2RS|ScoringSchemeHelper.createChildren(String, List<SObjectData>)
14:09:50.051 (51476235)|METHOD_EXIT|[6]|01p58000000n2RS|ScoringSchemeHelper.createRoot(List<SObjectData>)
14:09:50.051 (51485499)|METHOD_EXIT|[11]|01p58000000n2RS|ScoringSchemeHelper.createSObjects(List<SObjectData>)
14:09:50.051 (51490655)|SYSTEM_MODE_EXIT|false
14:09:50.051 (51589629)|FATAL_ERROR|System.NullPointerException: Attempt to de-reference a null object

Class.ScoringSchemeHelper.createChildren: line 71, column 1
Class.ScoringSchemeHelper.createRoot: line 60, column 1
Class.ScoringSchemeHelper.createSObjects: line 6, column 1
AnonymousBlock: line 11, column 1
AnonymousBlock: line 11, column 1
14:09:50.051 (51635096)|CUMULATIVE_LIMIT_USAGE
14:09:50.051 (51635096)|LIMIT_USAGE_FOR_NS|(default)|
  Number of SOQL queries: 0 out of 100
  Number of query rows: 0 out of 50000
  Number of SOSL queries: 0 out of 20
  Number of DML statements: 0 out of 150
  Number of DML rows: 0 out of 10000
  Maximum CPU time: 0 out of 10000
  Maximum heap size: 0 out of 6000000
  Number of callouts: 0 out of 100
  Number of Email Invocations: 0 out of 10
  Number of future calls: 0 out of 50
  Number of queueable jobs added to the queue: 0 out of 50
  Number of Mobile Apex push calls: 0 out of 10

14:09:50.051 (51635096)|CUMULATIVE_LIMIT_USAGE_END

14:09:50.051 (51686158)|CODE_UNIT_FINISHED|execute_anonymous_apex
14:09:50.052 (52776713)|EXECUTION_FINISHED
