35.0 APEX_CODE,FINEST;APEX_PROFILING,INFO;CALLOUT,INFO;DB,INFO;SYSTEM,DEBUG;VALIDATION,INFO;VISUALFORCE,INFO;WORKFLOW,INFO
Execute Anonymous: /*SObjectData d = new SObjectData('Test_objects__c');
Execute Anonymous: d.addValuePair('Name', 'Parent');
Execute Anonymous: d.setParentField('Parent__c');
Execute Anonymous: 
Execute Anonymous: SObjectData d1 = new SObjectData('Test_objects__c');
Execute Anonymous: d1.addValuePair('Name', 'Child 1');
Execute Anonymous: d1.setParent(d);
Execute Anonymous: d1.setParentField('Parent__c');
Execute Anonymous: 
Execute Anonymous: SObjectData d2 = new SObjectData('Test_objects__c');
Execute Anonymous: d2.addValuePair('Name', 'Child 2');
Execute Anonymous: d2.setParent(d);
Execute Anonymous: d2.setParentField('Parent__c');
Execute Anonymous: 
Execute Anonymous: SObjectData d3 = new SObjectData('Test_objects__c');
Execute Anonymous: d3.addValuePair('Name', 'Child 3');
Execute Anonymous: d3.setParent(d);
Execute Anonymous: d3.setParentField('Parent__c');
Execute Anonymous: 
Execute Anonymous: d.addChild(d1);
Execute Anonymous: d.addChild(d2);
Execute Anonymous: d.addChild(d3);
Execute Anonymous: 
Execute Anonymous: SObjectData d4 = new SObjectData('Test_objects__c');
Execute Anonymous: d4.addValuePair('Name', 'Child 4');
Execute Anonymous: d4.setParent(d3);
Execute Anonymous: d4.setParentField('Parent__c');
Execute Anonymous: 
Execute Anonymous: d3.addChild(d4);
Execute Anonymous: 
Execute Anonymous: SObjectUtility h = new SObjectUtility();
Execute Anonymous: h.createSObjects(new List<SObjectData> { d} );*/
Execute Anonymous: 
Execute Anonymous: ScoringSchemeHelper.create5x5ScoringScheme();
17:16:12.066 (66426318)|EXECUTION_STARTED
17:16:12.066 (66439662)|CODE_UNIT_STARTED|[EXTERNAL]|execute_anonymous_apex
17:16:12.066 (66762767)|HEAP_ALLOCATE|[72]|Bytes:3
17:16:12.066 (66824541)|HEAP_ALLOCATE|[77]|Bytes:152
17:16:12.066 (66848107)|HEAP_ALLOCATE|[342]|Bytes:408
17:16:12.066 (66869951)|HEAP_ALLOCATE|[355]|Bytes:408
17:16:12.066 (66890551)|HEAP_ALLOCATE|[467]|Bytes:48
17:16:12.066 (66934484)|HEAP_ALLOCATE|[139]|Bytes:6
17:16:12.066 (66966953)|HEAP_ALLOCATE|[EXTERNAL]|Bytes:2
17:16:12.067 (67059981)|STATEMENT_EXECUTE|[1]
17:16:12.067 (67065452)|STATEMENT_EXECUTE|[34]
17:16:12.067 (67127603)|HEAP_ALLOCATE|[50]|Bytes:5
17:16:12.067 (67156888)|HEAP_ALLOCATE|[56]|Bytes:5
17:16:12.067 (67167733)|HEAP_ALLOCATE|[64]|Bytes:7
17:16:12.067 (67195672)|SYSTEM_MODE_ENTER|false
17:16:12.067 (67233354)|HEAP_ALLOCATE|[34]|Bytes:5
17:16:12.068 (68326285)|HEAP_ALLOCATE|[34]|Bytes:1
17:16:12.068 (68362250)|METHOD_ENTRY|[1]|01p58000000n81u|ScoringSchemeHelper.ScoringSchemeHelper()
17:16:12.068 (68368435)|STATEMENT_EXECUTE|[1]
17:16:12.068 (68373017)|STATEMENT_EXECUTE|[1]
17:16:12.068 (68382134)|HEAP_ALLOCATE|[34]|Bytes:5
17:16:12.068 (68397736)|METHOD_EXIT|[1]|ScoringSchemeHelper
17:16:12.068 (68429614)|METHOD_ENTRY|[34]|01p58000000n81u|ScoringSchemeHelper.create5x5ScoringScheme()
17:16:12.068 (68475306)|HEAP_ALLOCATE|[4]|Bytes:5
17:16:12.068 (68481764)|STATEMENT_EXECUTE|[3]
17:16:12.068 (68484329)|STATEMENT_EXECUTE|[4]
17:16:12.069 (69822019)|HEAP_ALLOCATE|[4]|Bytes:43
17:16:12.069 (69831847)|HEAP_ALLOCATE|[4]|Bytes:2
17:16:12.069 (69854172)|METHOD_ENTRY|[1]|01p58000000n6Fr|SObjectData.SObjectData()
17:16:12.069 (69860069)|STATEMENT_EXECUTE|[1]
17:16:12.069 (69864492)|STATEMENT_EXECUTE|[1]
17:16:12.069 (69871179)|HEAP_ALLOCATE|[4]|Bytes:5
17:16:12.069 (69883209)|METHOD_EXIT|[1]|SObjectData
17:16:12.069 (69982397)|HEAP_ALLOCATE|[4]|Bytes:24
17:16:12.069 (69989707)|HEAP_ALLOCATE|[4]|Bytes:23
17:16:12.070 (70007241)|CONSTRUCTOR_ENTRY|[4]|01p58000000n6Fr|<init>(String)
17:16:12.070 (70068913)|VARIABLE_SCOPE_BEGIN|[8]|this|SObjectData|true|false
17:16:12.070 (70130302)|VARIABLE_ASSIGNMENT|[8]|this|{}|0x79d3f0e6
17:16:12.070 (70138314)|VARIABLE_SCOPE_BEGIN|[8]|sobjectType|String|false|false
17:16:12.070 (70152666)|VARIABLE_ASSIGNMENT|[8]|sobjectType|"Risk__Scoring_Scheme (3 more) ..."
17:16:12.070 (70161586)|HEAP_ALLOCATE|[2]|Bytes:5
17:16:12.070 (70166529)|STATEMENT_EXECUTE|[1]
17:16:12.070 (70170281)|HEAP_ALLOCATE|[2]|Bytes:5
17:16:12.070 (70173328)|STATEMENT_EXECUTE|[2]
17:16:12.070 (70181583)|HEAP_ALLOCATE|[2]|Bytes:4
17:16:12.070 (70232209)|VARIABLE_ASSIGNMENT|[2]|this.fieldMap|{"s":1,"v":{}}|0x79d3f0e6
17:16:12.070 (70238418)|STATEMENT_EXECUTE|[3]
17:16:12.070 (70241076)|STATEMENT_EXECUTE|[4]
17:16:12.070 (70243288)|STATEMENT_EXECUTE|[5]
17:16:12.070 (70245379)|STATEMENT_EXECUTE|[6]
17:16:12.070 (70261617)|HEAP_ALLOCATE|[2]|Bytes:6
17:16:12.070 (70278636)|VARIABLE_SCOPE_BEGIN|[2]|this|System.ApexBaseClass|true|false
17:16:12.070 (70306028)|VARIABLE_ASSIGNMENT|[2]|this|{"fieldMap":"0x7284c6e1"}|0x79d3f0e6
17:16:12.070 (70318552)|STATEMENT_EXECUTE|[8]
17:16:12.070 (70321472)|STATEMENT_EXECUTE|[9]
17:16:12.070 (70334689)|VARIABLE_ASSIGNMENT|[9]|this.sObjectType|"Risk__Scoring_Scheme (3 more) ..."|0x79d3f0e6
17:16:12.070 (70348064)|CONSTRUCTOR_EXIT|[4]|01p58000000n6Fr|<init>(String)
17:16:12.070 (70353199)|VARIABLE_SCOPE_BEGIN|[4]|scoringScheme|SObjectData|true|false
17:16:12.070 (70377047)|VARIABLE_ASSIGNMENT|[4]|scoringScheme|{"fieldMap":"0x7284c6e1","sObjectType":"Risk__Scoring_Scheme (3 more) ..."}|0x79d3f0e6
17:16:12.070 (70383423)|STATEMENT_EXECUTE|[5]
17:16:12.070 (70387834)|HEAP_ALLOCATE|[5]|Bytes:4
17:16:12.070 (70391675)|HEAP_ALLOCATE|[5]|Bytes:18
17:16:12.070 (70432205)|METHOD_ENTRY|[5]|01p58000000n6Fr|SObjectData.addValuePair(String, String)
17:16:12.070 (70462400)|VARIABLE_SCOPE_BEGIN|[65]|this|SObjectData|true|false
17:16:12.070 (70489204)|VARIABLE_ASSIGNMENT|[65]|this|{"fieldMap":"0x7284c6e1","sObjectType":"Risk__Scoring_Scheme (3 more) ..."}|0x79d3f0e6
17:16:12.070 (70497402)|VARIABLE_SCOPE_BEGIN|[65]|field|String|false|false
17:16:12.070 (70505762)|VARIABLE_ASSIGNMENT|[65]|field|"Name"
17:16:12.070 (70512471)|VARIABLE_SCOPE_BEGIN|[65]|value|String|false|false
17:16:12.070 (70518744)|VARIABLE_ASSIGNMENT|[65]|value|"Scoring Scheme 5x5"
17:16:12.070 (70527575)|HEAP_ALLOCATE|[67]|Bytes:5
17:16:12.070 (70532684)|STATEMENT_EXECUTE|[65]
17:16:12.070 (70539567)|STATEMENT_EXECUTE|[67]
17:16:12.070 (70542008)|STATEMENT_EXECUTE|[70]
17:16:12.070 (70646479)|HEAP_ALLOCATE|[EXTERNAL]|Bytes:-4
17:16:12.070 (70685374)|METHOD_EXIT|[5]|01p58000000n6Fr|SObjectData.addValuePair(String, String)
17:16:12.070 (70691348)|STATEMENT_EXECUTE|[6]
17:16:12.070 (70695930)|HEAP_ALLOCATE|[6]|Bytes:12
17:16:12.070 (70699784)|HEAP_ALLOCATE|[6]|Bytes:15
17:16:12.070 (70709369)|METHOD_ENTRY|[6]|01p58000000n6Fr|SObjectData.addValuePair(String, String)
17:16:12.070 (70727816)|VARIABLE_SCOPE_BEGIN|[65]|this|SObjectData|true|false
17:16:12.070 (70754960)|VARIABLE_ASSIGNMENT|[65]|this|{"fieldMap":"0x7284c6e1","sObjectType":"Risk__Scoring_Scheme (3 more) ..."}|0x79d3f0e6
17:16:12.070 (70760552)|VARIABLE_SCOPE_BEGIN|[65]|field|String|false|false
17:16:12.070 (70766444)|VARIABLE_ASSIGNMENT|[65]|field|"RecordTypeId"
17:16:12.070 (70769260)|VARIABLE_SCOPE_BEGIN|[65]|value|String|false|false
17:16:12.070 (70773862)|VARIABLE_ASSIGNMENT|[65]|value|"012580000000H5p"
17:16:12.070 (70782010)|HEAP_ALLOCATE|[67]|Bytes:5
17:16:12.070 (70786616)|STATEMENT_EXECUTE|[65]
17:16:12.070 (70790219)|STATEMENT_EXECUTE|[67]
17:16:12.070 (70792574)|STATEMENT_EXECUTE|[70]
17:16:12.070 (70814618)|HEAP_ALLOCATE|[EXTERNAL]|Bytes:-4
17:16:12.070 (70833672)|METHOD_EXIT|[6]|01p58000000n6Fr|SObjectData.addValuePair(String, String)
17:16:12.070 (70838604)|STATEMENT_EXECUTE|[8]
17:16:12.070 (70844658)|HEAP_ALLOCATE|[8]|Bytes:24
17:16:12.070 (70849686)|HEAP_ALLOCATE|[8]|Bytes:24
17:16:12.070 (70858596)|CONSTRUCTOR_ENTRY|[8]|01p58000000n6Fr|<init>(String)
17:16:12.070 (70881762)|VARIABLE_SCOPE_BEGIN|[8]|this|SObjectData|true|false
17:16:12.070 (70902904)|VARIABLE_ASSIGNMENT|[8]|this|{}|0x6d8acc79
17:16:12.070 (70907822)|VARIABLE_SCOPE_BEGIN|[8]|sobjectType|String|false|false
17:16:12.070 (70915216)|VARIABLE_ASSIGNMENT|[8]|sobjectType|"Risk__Impact_Categor (4 more) ..."
17:16:12.070 (70923217)|HEAP_ALLOCATE|[2]|Bytes:5
17:16:12.070 (70927618)|STATEMENT_EXECUTE|[1]
17:16:12.070 (70931134)|HEAP_ALLOCATE|[2]|Bytes:5
17:16:12.070 (70934157)|STATEMENT_EXECUTE|[2]
17:16:12.070 (70938994)|HEAP_ALLOCATE|[2]|Bytes:4
17:16:12.070 (70960735)|VARIABLE_ASSIGNMENT|[2]|this.fieldMap|{"s":1,"v":{}}|0x6d8acc79
17:16:12.070 (70966287)|STATEMENT_EXECUTE|[3]
17:16:12.070 (70968835)|STATEMENT_EXECUTE|[4]
17:16:12.070 (70971084)|STATEMENT_EXECUTE|[5]
17:16:12.070 (70973676)|STATEMENT_EXECUTE|[6]
17:16:12.070 (70981846)|VARIABLE_SCOPE_BEGIN|[2]|this|System.ApexBaseClass|true|false
17:16:12.071 (71003895)|VARIABLE_ASSIGNMENT|[2]|this|{"fieldMap":"0x396dace7"}|0x6d8acc79
17:16:12.071 (71014725)|STATEMENT_EXECUTE|[8]
17:16:12.071 (71017456)|STATEMENT_EXECUTE|[9]
17:16:12.071 (71028561)|VARIABLE_ASSIGNMENT|[9]|this.sObjectType|"Risk__Impact_Categor (4 more) ..."|0x6d8acc79
17:16:12.071 (71039619)|CONSTRUCTOR_EXIT|[8]|01p58000000n6Fr|<init>(String)
17:16:12.071 (71044248)|VARIABLE_SCOPE_BEGIN|[8]|costIC|SObjectData|true|false
17:16:12.071 (71065599)|VARIABLE_ASSIGNMENT|[8]|costIC|{"fieldMap":"0x396dace7","sObjectType":"Risk__Impact_Categor (4 more) ..."}|0x6d8acc79
17:16:12.071 (71071459)|STATEMENT_EXECUTE|[9]
17:16:12.071 (71076215)|HEAP_ALLOCATE|[9]|Bytes:7
17:16:12.071 (71087621)|METHOD_ENTRY|[9]|01p58000000n6Fr|SObjectData.addValuePair(String, String)
17:16:12.071 (71105743)|VARIABLE_SCOPE_BEGIN|[65]|this|SObjectData|true|false
17:16:12.071 (71129010)|VARIABLE_ASSIGNMENT|[65]|this|{"fieldMap":"0x396dace7","sObjectType":"Risk__Impact_Categor (4 more) ..."}|0x6d8acc79
17:16:12.071 (71134261)|VARIABLE_SCOPE_BEGIN|[65]|field|String|false|false
17:16:12.071 (71139600)|VARIABLE_ASSIGNMENT|[65]|field|"Name"
17:16:12.071 (71142308)|VARIABLE_SCOPE_BEGIN|[65]|value|String|false|false
17:16:12.071 (71146828)|VARIABLE_ASSIGNMENT|[65]|value|"Cost IC"
17:16:12.071 (71154774)|HEAP_ALLOCATE|[67]|Bytes:5
17:16:12.071 (71159307)|STATEMENT_EXECUTE|[65]
17:16:12.071 (71162902)|STATEMENT_EXECUTE|[67]
17:16:12.071 (71165246)|STATEMENT_EXECUTE|[70]
17:16:12.071 (71186441)|HEAP_ALLOCATE|[EXTERNAL]|Bytes:-4
17:16:12.071 (71205730)|METHOD_EXIT|[9]|01p58000000n6Fr|SObjectData.addValuePair(String, String)
17:16:12.071 (71210417)|STATEMENT_EXECUTE|[10]
17:16:12.071 (71214344)|HEAP_ALLOCATE|[10]|Bytes:21
17:16:12.071 (71218185)|HEAP_ALLOCATE|[10]|Bytes:4
17:16:12.071 (71226755)|METHOD_ENTRY|[10]|01p58000000n6Fr|SObjectData.addValuePair(String, String)
17:16:12.071 (71243693)|VARIABLE_SCOPE_BEGIN|[65]|this|SObjectData|true|false
17:16:12.071 (71267933)|VARIABLE_ASSIGNMENT|[65]|this|{"fieldMap":"0x396dace7","sObjectType":"Risk__Impact_Categor (4 more) ..."}|0x6d8acc79
17:16:12.071 (71273685)|VARIABLE_SCOPE_BEGIN|[65]|field|String|false|false
17:16:12.071 (71279785)|VARIABLE_ASSIGNMENT|[65]|field|"Risk__Type_Of_Risk__ (1 more) ..."
17:16:12.071 (71282653)|VARIABLE_SCOPE_BEGIN|[65]|value|String|false|false
17:16:12.071 (71287191)|VARIABLE_ASSIGNMENT|[65]|value|"Cost"
17:16:12.071 (71294834)|HEAP_ALLOCATE|[67]|Bytes:5
17:16:12.071 (71299219)|STATEMENT_EXECUTE|[65]
17:16:12.071 (71302609)|STATEMENT_EXECUTE|[67]
17:16:12.071 (71304876)|STATEMENT_EXECUTE|[70]
17:16:12.071 (71325076)|HEAP_ALLOCATE|[EXTERNAL]|Bytes:-4
17:16:12.071 (71342885)|METHOD_EXIT|[10]|01p58000000n6Fr|SObjectData.addValuePair(String, String)
17:16:12.071 (71347529)|STATEMENT_EXECUTE|[12]
17:16:12.071 (71353506)|HEAP_ALLOCATE|[12]|Bytes:24
17:16:12.071 (71362920)|CONSTRUCTOR_ENTRY|[12]|01p58000000n6Fr|<init>(String)
17:16:12.071 (71385345)|VARIABLE_SCOPE_BEGIN|[8]|this|SObjectData|true|false
17:16:12.071 (71405952)|VARIABLE_ASSIGNMENT|[8]|this|{}|0x3325f0b
17:16:12.071 (71410801)|VARIABLE_SCOPE_BEGIN|[8]|sobjectType|String|false|false
17:16:12.071 (71418129)|VARIABLE_ASSIGNMENT|[8]|sobjectType|"Risk__Impact_Categor (4 more) ..."
17:16:12.071 (71426158)|HEAP_ALLOCATE|[2]|Bytes:5
17:16:12.071 (71430670)|STATEMENT_EXECUTE|[1]
17:16:12.071 (71434307)|HEAP_ALLOCATE|[2]|Bytes:5
17:16:12.071 (71437344)|STATEMENT_EXECUTE|[2]
17:16:12.071 (71442082)|HEAP_ALLOCATE|[2]|Bytes:4
17:16:12.071 (71463324)|VARIABLE_ASSIGNMENT|[2]|this.fieldMap|{"s":1,"v":{}}|0x3325f0b
17:16:12.071 (71468916)|STATEMENT_EXECUTE|[3]
17:16:12.071 (71471514)|STATEMENT_EXECUTE|[4]
17:16:12.071 (71473730)|STATEMENT_EXECUTE|[5]
17:16:12.071 (71475846)|STATEMENT_EXECUTE|[6]
17:16:12.071 (71483496)|VARIABLE_SCOPE_BEGIN|[2]|this|System.ApexBaseClass|true|false
17:16:12.071 (71506248)|VARIABLE_ASSIGNMENT|[2]|this|{"fieldMap":"0x4a0a27cc"}|0x3325f0b
17:16:12.071 (71517720)|STATEMENT_EXECUTE|[8]
17:16:12.071 (71520544)|STATEMENT_EXECUTE|[9]
17:16:12.071 (71532298)|VARIABLE_ASSIGNMENT|[9]|this.sObjectType|"Risk__Impact_Categor (4 more) ..."|0x3325f0b
17:16:12.071 (71543091)|CONSTRUCTOR_EXIT|[12]|01p58000000n6Fr|<init>(String)
17:16:12.071 (71547602)|VARIABLE_SCOPE_BEGIN|[12]|timeIC|SObjectData|true|false
17:16:12.071 (71568345)|VARIABLE_ASSIGNMENT|[12]|timeIC|{"fieldMap":"0x4a0a27cc","sObjectType":"Risk__Impact_Categor (4 more) ..."}|0x3325f0b
17:16:12.071 (71574191)|STATEMENT_EXECUTE|[13]
17:16:12.071 (71585295)|METHOD_ENTRY|[13]|01p58000000n6Fr|SObjectData.addValuePair(String, String)
17:16:12.071 (71602821)|VARIABLE_SCOPE_BEGIN|[65]|this|SObjectData|true|false
17:16:12.071 (71625826)|VARIABLE_ASSIGNMENT|[65]|this|{"fieldMap":"0x4a0a27cc","sObjectType":"Risk__Impact_Categor (4 more) ..."}|0x3325f0b
17:16:12.071 (71631101)|VARIABLE_SCOPE_BEGIN|[65]|field|String|false|false
17:16:12.071 (71636098)|VARIABLE_ASSIGNMENT|[65]|field|"Name"
17:16:12.071 (71639071)|VARIABLE_SCOPE_BEGIN|[65]|value|String|false|false
17:16:12.071 (71643366)|VARIABLE_ASSIGNMENT|[65]|value|"Cost IC"
17:16:12.071 (71651235)|HEAP_ALLOCATE|[67]|Bytes:5
17:16:12.071 (71655786)|STATEMENT_EXECUTE|[65]
17:16:12.071 (71664497)|STATEMENT_EXECUTE|[67]
17:16:12.071 (71666974)|STATEMENT_EXECUTE|[70]
17:16:12.071 (71688107)|HEAP_ALLOCATE|[EXTERNAL]|Bytes:-4
17:16:12.071 (71706756)|METHOD_EXIT|[13]|01p58000000n6Fr|SObjectData.addValuePair(String, String)
17:16:12.071 (71711687)|STATEMENT_EXECUTE|[14]
17:16:12.071 (71715891)|HEAP_ALLOCATE|[14]|Bytes:4
17:16:12.071 (71724966)|METHOD_ENTRY|[14]|01p58000000n6Fr|SObjectData.addValuePair(String, String)
17:16:12.071 (71741437)|VARIABLE_SCOPE_BEGIN|[65]|this|SObjectData|true|false
17:16:12.071 (71765953)|VARIABLE_ASSIGNMENT|[65]|this|{"fieldMap":"0x4a0a27cc","sObjectType":"Risk__Impact_Categor (4 more) ..."}|0x3325f0b
17:16:12.071 (71771286)|VARIABLE_SCOPE_BEGIN|[65]|field|String|false|false
17:16:12.071 (71777236)|VARIABLE_ASSIGNMENT|[65]|field|"Risk__Type_Of_Risk__ (1 more) ..."
17:16:12.071 (71780148)|VARIABLE_SCOPE_BEGIN|[65]|value|String|false|false
17:16:12.071 (71784583)|VARIABLE_ASSIGNMENT|[65]|value|"Time"
17:16:12.071 (71792249)|HEAP_ALLOCATE|[67]|Bytes:5
17:16:12.071 (71796734)|STATEMENT_EXECUTE|[65]
17:16:12.071 (71800169)|STATEMENT_EXECUTE|[67]
17:16:12.071 (71802513)|STATEMENT_EXECUTE|[70]
17:16:12.071 (71822347)|HEAP_ALLOCATE|[EXTERNAL]|Bytes:-4
17:16:12.071 (71840234)|METHOD_EXIT|[14]|01p58000000n6Fr|SObjectData.addValuePair(String, String)
17:16:12.071 (71844862)|STATEMENT_EXECUTE|[16]
17:16:12.071 (71859196)|METHOD_ENTRY|[16]|01p58000000n6Fr|SObjectData.addChild(String, SObjectData)
17:16:12.071 (71884772)|VARIABLE_SCOPE_BEGIN|[40]|this|SObjectData|true|false
17:16:12.071 (71909205)|VARIABLE_ASSIGNMENT|[40]|this|{"fieldMap":"0x7284c6e1","sObjectType":"Risk__Scoring_Scheme (3 more) ..."}|0x79d3f0e6
17:16:12.071 (71916938)|VARIABLE_SCOPE_BEGIN|[40]|field|String|false|false
17:16:12.071 (71923101)|VARIABLE_ASSIGNMENT|[40]|field|"Risk__Scoring_Scheme (3 more) ..."
17:16:12.071 (71927337)|VARIABLE_SCOPE_BEGIN|[40]|o|SObjectData|true|false
17:16:12.071 (71943937)|VARIABLE_ASSIGNMENT|[40]|o|{"fieldMap":"0x396dace7","sObjectType":"Risk__Impact_Categor (4 more) ..."}|0x6d8acc79
17:16:12.071 (71954122)|HEAP_ALLOCATE|[41]|Bytes:5
17:16:12.071 (71958647)|STATEMENT_EXECUTE|[40]
17:16:12.071 (71963298)|STATEMENT_EXECUTE|[41]
17:16:12.071 (71965813)|STATEMENT_EXECUTE|[42]
17:16:12.071 (71970625)|HEAP_ALLOCATE|[42]|Bytes:4
17:16:12.072 (72037865)|VARIABLE_ASSIGNMENT|[42]|this.children|{"s":1,"v":{}}|0x79d3f0e6
17:16:12.072 (72101642)|STATEMENT_EXECUTE|[46]
17:16:12.072 (72105984)|STATEMENT_EXECUTE|[47]
17:16:12.072 (72182130)|HEAP_ALLOCATE|[47]|Bytes:4
17:16:12.072 (72311879)|HEAP_ALLOCATE|[EXTERNAL]|Bytes:8
17:16:12.072 (72317466)|HEAP_ALLOCATE|[EXTERNAL]|Bytes:-4
17:16:12.072 (72333407)|STATEMENT_EXECUTE|[49]
17:16:12.072 (72338278)|HEAP_ALLOCATE|[49]|Bytes:4
17:16:12.072 (72456416)|HEAP_ALLOCATE|[49]|Bytes:177
17:16:12.072 (72490892)|HEAP_ALLOCATE|[49]|Bytes:204
17:16:12.072 (72531184)|USER_DEBUG|[49]|DEBUG|Risk__Scoring_Scheme__c :: {Risk__Scoring_Scheme__c=(SObjectData:[children=null, fieldMap={Name=Cost IC, Risk__Type_Of_Risk__c=Cost}, parent=null, parentField=null, sObjectType=Risk__Impact_Category__c])}
17:16:12.072 (72549264)|METHOD_EXIT|[16]|01p58000000n6Fr|SObjectData.addChild(String, SObjectData)
17:16:12.072 (72554463)|STATEMENT_EXECUTE|[17]
17:16:12.072 (72563326)|METHOD_ENTRY|[17]|01p58000000n6Fr|SObjectData.addChild(String, SObjectData)
17:16:12.072 (72580712)|VARIABLE_SCOPE_BEGIN|[40]|this|SObjectData|true|false
17:16:12.072 (72608634)|VARIABLE_ASSIGNMENT|[40]|this|{"children":"0x258643a8","fieldMap":"0x7284c6e1","sObjectType":"Risk__Scoring_Scheme (3 more) ..."}|0x79d3f0e6
17:16:12.072 (72615099)|VARIABLE_SCOPE_BEGIN|[40]|field|String|false|false
17:16:12.072 (72621026)|VARIABLE_ASSIGNMENT|[40]|field|"Risk__Scoring_Scheme (3 more) ..."
17:16:12.072 (72623908)|VARIABLE_SCOPE_BEGIN|[40]|o|SObjectData|true|false
17:16:12.072 (72640832)|VARIABLE_ASSIGNMENT|[40]|o|{"fieldMap":"0x4a0a27cc","sObjectType":"Risk__Impact_Categor (4 more) ..."}|0x3325f0b
17:16:12.072 (72650612)|HEAP_ALLOCATE|[41]|Bytes:5
17:16:12.072 (72655242)|STATEMENT_EXECUTE|[40]
17:16:12.072 (72664271)|STATEMENT_EXECUTE|[41]
17:16:12.072 (72694657)|STATEMENT_EXECUTE|[46]
17:16:12.072 (72698193)|STATEMENT_EXECUTE|[47]
17:16:12.072 (72704025)|HEAP_ALLOCATE|[47]|Bytes:4
17:16:12.072 (72735557)|HEAP_ALLOCATE|[EXTERNAL]|Bytes:8
17:16:12.072 (72758380)|STATEMENT_EXECUTE|[49]
17:16:12.072 (72808218)|HEAP_ALLOCATE|[49]|Bytes:177
17:16:12.072 (72830571)|HEAP_ALLOCATE|[49]|Bytes:204
17:16:12.072 (72846765)|USER_DEBUG|[49]|DEBUG|Risk__Scoring_Scheme__c :: {Risk__Scoring_Scheme__c=(SObjectData:[children=null, fieldMap={Name=Cost IC, Risk__Type_Of_Risk__c=Time}, parent=null, parentField=null, sObjectType=Risk__Impact_Category__c])}
17:16:12.072 (72862097)|METHOD_EXIT|[17]|01p58000000n6Fr|SObjectData.addChild(String, SObjectData)
17:16:12.072 (72867097)|STATEMENT_EXECUTE|[19]
17:16:12.074 (74579482)|HEAP_ALLOCATE|[19]|Bytes:19
17:16:12.074 (74589463)|HEAP_ALLOCATE|[19]|Bytes:2
17:16:12.074 (74612176)|METHOD_ENTRY|[1]|01p58000000n6rI|SObjectUtility.SObjectUtility()
17:16:12.074 (74618072)|STATEMENT_EXECUTE|[1]
17:16:12.074 (74623339)|STATEMENT_EXECUTE|[1]
17:16:12.074 (74630195)|HEAP_ALLOCATE|[19]|Bytes:5
17:16:12.074 (74642564)|METHOD_EXIT|[1]|SObjectUtility
17:16:12.074 (74671574)|HEAP_ALLOCATE|[19]|Bytes:8
17:16:12.074 (74683671)|CONSTRUCTOR_ENTRY|[19]|01p58000000n6rI|<init>()
17:16:12.074 (74717437)|VARIABLE_SCOPE_BEGIN|[1]|this|SObjectUtility|true|false
17:16:12.074 (74743113)|VARIABLE_ASSIGNMENT|[1]|this|{}|0x5c8f0387
17:16:12.074 (74752851)|HEAP_ALLOCATE|[3]|Bytes:5
17:16:12.074 (74761591)|VARIABLE_SCOPE_BEGIN|[2]|this|System.ApexBaseClass|true|false
17:16:12.074 (74777984)|VARIABLE_ASSIGNMENT|[2]|this|{}|0x5c8f0387
17:16:12.074 (74789612)|STATEMENT_EXECUTE|[1]
17:16:12.074 (74795428)|HEAP_ALLOCATE|[3]|Bytes:5
17:16:12.074 (74799104)|STATEMENT_EXECUTE|[3]
17:16:12.074 (74804450)|HEAP_ALLOCATE|[3]|Bytes:4
17:16:12.074 (74834240)|VARIABLE_ASSIGNMENT|[3]|this.childrenMap|{"s":1,"v":{}}|0x5c8f0387
17:16:12.074 (74844977)|CONSTRUCTOR_EXIT|[19]|01p58000000n6rI|<init>()
17:16:12.074 (74849492)|VARIABLE_SCOPE_BEGIN|[19]|su|SObjectUtility|true|false
17:16:12.074 (74870931)|VARIABLE_ASSIGNMENT|[19]|su|{"childrenMap":"0x3deedab0"}|0x5c8f0387
17:16:12.074 (74877095)|STATEMENT_EXECUTE|[20]
17:16:12.074 (74883393)|HEAP_ALLOCATE|[20]|Bytes:4
17:16:12.074 (74944610)|METHOD_ENTRY|[20]|01p58000000n6rI|SObjectUtility.createSObjects(List<SObjectData>)
17:16:12.074 (74955289)|VARIABLE_SCOPE_BEGIN|[5]|this|SObjectUtility|true|false
17:16:12.074 (74977719)|VARIABLE_ASSIGNMENT|[5]|this|{"childrenMap":"0x3deedab0"}|0x5c8f0387
17:16:12.074 (74985212)|VARIABLE_SCOPE_BEGIN|[5]|dataList|List<SObjectData>|true|false
17:16:12.074 (74995903)|HEAP_ALLOCATE|[EXTERNAL]|Bytes:8
17:16:12.075 (75027776)|VARIABLE_ASSIGNMENT|[5]|dataList|{"s":1,"v":[{"children":"0x258643a8","fieldMap":"0x7284c6e1","sObjectType":"Risk__Scoring_Scheme (3 more) ..."}]}|0x2a17ee06
17:16:12.075 (75040775)|HEAP_ALLOCATE|[6]|Bytes:5
17:16:12.075 (75045681)|STATEMENT_EXECUTE|[5]
17:16:12.075 (75048230)|STATEMENT_EXECUTE|[6]
17:16:12.075 (75072251)|METHOD_ENTRY|[6]|01p58000000n6rI|SObjectUtility.createRoot(List<SObjectData>)
17:16:12.075 (75133598)|VARIABLE_SCOPE_BEGIN|[58]|this|SObjectUtility|true|false
17:16:12.075 (75157702)|VARIABLE_ASSIGNMENT|[58]|this|{"childrenMap":"0x3deedab0"}|0x5c8f0387
17:16:12.075 (75165313)|VARIABLE_SCOPE_BEGIN|[58]|dataList|List<SObjectData>|true|false
17:16:12.075 (75190870)|VARIABLE_ASSIGNMENT|[58]|dataList|{"s":1,"v":[{"children":"0x258643a8","fieldMap":"0x7284c6e1","sObjectType":"Risk__Scoring_Scheme (3 more) ..."}]}|0x2a17ee06
17:16:12.075 (75202267)|HEAP_ALLOCATE|[59]|Bytes:5
17:16:12.075 (75207164)|STATEMENT_EXECUTE|[58]
17:16:12.075 (75209764)|STATEMENT_EXECUTE|[59]
17:16:12.075 (75215064)|HEAP_ALLOCATE|[59]|Bytes:4
17:16:12.075 (75229033)|VARIABLE_SCOPE_BEGIN|[59]|rootObjects|Map<String,SObject>|true|false
17:16:12.075 (75247954)|VARIABLE_ASSIGNMENT|[59]|rootObjects|{"s":1,"v":{}}|0x6c6093fc
17:16:12.075 (75542637)|HEAP_ALLOCATE|[60]|Bytes:5
17:16:12.075 (75563910)|HEAP_ALLOCATE|[60]|Bytes:24
17:16:12.075 (75573980)|VARIABLE_SCOPE_BEGIN|[60]|obj|SObjectData|true|false
17:16:12.075 (75604300)|VARIABLE_ASSIGNMENT|[60]|obj|{"children":"0x258643a8","fieldMap":"0x7284c6e1","sObjectType":"Risk__Scoring_Scheme (3 more) ..."}|0x79d3f0e6
17:16:12.075 (75611971)|STATEMENT_EXECUTE|[60]
17:16:12.075 (75614753)|STATEMENT_EXECUTE|[61]
17:16:12.075 (75633667)|METHOD_ENTRY|[61]|01p58000000n6rI|SObjectUtility.generateRandomString(Integer)
17:16:12.075 (75663782)|HEAP_ALLOCATE|[97]|Bytes:4
17:16:12.075 (75672161)|VARIABLE_SCOPE_BEGIN|[96]|len|Integer|false|false
17:16:12.075 (75681036)|VARIABLE_ASSIGNMENT|[96]|len|18
17:16:12.075 (75689331)|HEAP_ALLOCATE|[97]|Bytes:5
17:16:12.075 (75693858)|STATEMENT_EXECUTE|[96]
17:16:12.075 (75696355)|STATEMENT_EXECUTE|[97]
17:16:12.075 (75699734)|HEAP_ALLOCATE|[97]|Bytes:62
17:16:12.075 (75704371)|VARIABLE_SCOPE_BEGIN|[97]|chars|String|false|false
17:16:12.075 (75713659)|VARIABLE_ASSIGNMENT|[97]|chars|"ABCDEFGHIJKLMNOPQRST (42 more) ..."
17:16:12.075 (75717397)|STATEMENT_EXECUTE|[98]
17:16:12.075 (75722736)|VARIABLE_SCOPE_BEGIN|[98]|randStr|String|false|false
17:16:12.075 (75729043)|VARIABLE_ASSIGNMENT|[98]|randStr|""
17:16:12.075 (75785191)|STATEMENT_EXECUTE|[99]
17:16:12.075 (75789511)|STATEMENT_EXECUTE|[100]
17:16:12.076 (76046056)|VARIABLE_SCOPE_BEGIN|[2]|Math.E|Double|false|true
17:16:12.076 (76054620)|VARIABLE_SCOPE_BEGIN|[3]|Math.PI|Double|false|true
17:16:12.076 (76319554)|VARIABLE_SCOPE_BEGIN|[100]|idx|Integer|false|false
17:16:12.076 (76325737)|HEAP_ALLOCATE|[100]|Bytes:4
17:16:12.076 (76335200)|VARIABLE_ASSIGNMENT|[100]|idx|13
17:16:12.076 (76339314)|STATEMENT_EXECUTE|[101]
17:16:12.076 (76386221)|HEAP_ALLOCATE|[101]|Bytes:1
17:16:12.076 (76414173)|HEAP_ALLOCATE|[101]|Bytes:1
17:16:12.076 (76425632)|VARIABLE_ASSIGNMENT|[101]|randStr|"N"
17:16:12.076 (76448973)|STATEMENT_EXECUTE|[99]
17:16:12.076 (76452394)|STATEMENT_EXECUTE|[100]
17:16:12.076 (76553664)|VARIABLE_SCOPE_BEGIN|[100]|idx|Integer|false|false
17:16:12.076 (76558899)|HEAP_ALLOCATE|[100]|Bytes:4
17:16:12.076 (76567297)|VARIABLE_ASSIGNMENT|[100]|idx|1
17:16:12.076 (76571092)|STATEMENT_EXECUTE|[101]
17:16:12.076 (76594723)|HEAP_ALLOCATE|[101]|Bytes:1
17:16:12.076 (76611440)|HEAP_ALLOCATE|[101]|Bytes:2
17:16:12.076 (76620869)|VARIABLE_ASSIGNMENT|[101]|randStr|"NB"
17:16:12.076 (76642092)|STATEMENT_EXECUTE|[99]
17:16:12.076 (76645389)|STATEMENT_EXECUTE|[100]
17:16:12.076 (76751684)|VARIABLE_SCOPE_BEGIN|[100]|idx|Integer|false|false
17:16:12.076 (76756890)|HEAP_ALLOCATE|[100]|Bytes:4
17:16:12.076 (76765376)|VARIABLE_ASSIGNMENT|[100]|idx|31
17:16:12.076 (76769057)|STATEMENT_EXECUTE|[101]
17:16:12.076 (76792090)|HEAP_ALLOCATE|[101]|Bytes:1
17:16:12.076 (76808440)|HEAP_ALLOCATE|[101]|Bytes:3
17:16:12.076 (76817914)|VARIABLE_ASSIGNMENT|[101]|randStr|"NB5"
17:16:12.076 (76838686)|STATEMENT_EXECUTE|[99]
17:16:12.076 (76841881)|STATEMENT_EXECUTE|[100]
17:16:12.076 (76941539)|VARIABLE_SCOPE_BEGIN|[100]|idx|Integer|false|false
17:16:12.076 (76946952)|HEAP_ALLOCATE|[100]|Bytes:4
17:16:12.076 (76955125)|VARIABLE_ASSIGNMENT|[100]|idx|42
17:16:12.076 (76958732)|STATEMENT_EXECUTE|[101]
17:16:12.076 (76981352)|HEAP_ALLOCATE|[101]|Bytes:1
17:16:12.076 (76997330)|HEAP_ALLOCATE|[101]|Bytes:4
17:16:12.077 (77006734)|VARIABLE_ASSIGNMENT|[101]|randStr|"NB5g"
17:16:12.077 (77028377)|STATEMENT_EXECUTE|[99]
17:16:12.077 (77031712)|STATEMENT_EXECUTE|[100]
17:16:12.077 (77128603)|VARIABLE_SCOPE_BEGIN|[100]|idx|Integer|false|false
17:16:12.077 (77133735)|HEAP_ALLOCATE|[100]|Bytes:4
17:16:12.077 (77141938)|VARIABLE_ASSIGNMENT|[100]|idx|47
17:16:12.077 (77145354)|STATEMENT_EXECUTE|[101]
17:16:12.077 (77167640)|HEAP_ALLOCATE|[101]|Bytes:1
17:16:12.077 (77183632)|HEAP_ALLOCATE|[101]|Bytes:5
17:16:12.077 (77193046)|VARIABLE_ASSIGNMENT|[101]|randStr|"NB5gl"
17:16:12.077 (77213463)|STATEMENT_EXECUTE|[99]
17:16:12.077 (77216619)|STATEMENT_EXECUTE|[100]
17:16:12.077 (77336415)|VARIABLE_SCOPE_BEGIN|[100]|idx|Integer|false|false
17:16:12.077 (77345443)|HEAP_ALLOCATE|[100]|Bytes:4
17:16:12.077 (77359980)|VARIABLE_ASSIGNMENT|[100]|idx|40
17:16:12.077 (77366501)|STATEMENT_EXECUTE|[101]
17:16:12.077 (77407231)|HEAP_ALLOCATE|[101]|Bytes:1
17:16:12.077 (77428700)|HEAP_ALLOCATE|[101]|Bytes:6
17:16:12.077 (77439312)|VARIABLE_ASSIGNMENT|[101]|randStr|"NB5gle"
17:16:12.077 (77460880)|STATEMENT_EXECUTE|[99]
17:16:12.077 (77464290)|STATEMENT_EXECUTE|[100]
17:16:12.077 (77561796)|VARIABLE_SCOPE_BEGIN|[100]|idx|Integer|false|false
17:16:12.077 (77567014)|HEAP_ALLOCATE|[100]|Bytes:4
17:16:12.077 (77575228)|VARIABLE_ASSIGNMENT|[100]|idx|48
17:16:12.077 (77578687)|STATEMENT_EXECUTE|[101]
17:16:12.077 (77601403)|HEAP_ALLOCATE|[101]|Bytes:1
17:16:12.077 (77617513)|HEAP_ALLOCATE|[101]|Bytes:7
17:16:12.077 (77627023)|VARIABLE_ASSIGNMENT|[101]|randStr|"NB5glem"
17:16:12.077 (77647524)|STATEMENT_EXECUTE|[99]
17:16:12.077 (77651002)|STATEMENT_EXECUTE|[100]
17:16:12.077 (77753618)|VARIABLE_SCOPE_BEGIN|[100]|idx|Integer|false|false
17:16:12.077 (77759186)|HEAP_ALLOCATE|[100]|Bytes:4
17:16:12.077 (77767582)|VARIABLE_ASSIGNMENT|[100]|idx|7
17:16:12.077 (77771211)|STATEMENT_EXECUTE|[101]
17:16:12.077 (77794107)|HEAP_ALLOCATE|[101]|Bytes:1
17:16:12.077 (77810306)|HEAP_ALLOCATE|[101]|Bytes:8
17:16:12.077 (77819725)|VARIABLE_ASSIGNMENT|[101]|randStr|"NB5glemH"
17:16:12.077 (77840183)|STATEMENT_EXECUTE|[99]
17:16:12.077 (77843550)|STATEMENT_EXECUTE|[100]
17:16:12.077 (77950018)|VARIABLE_SCOPE_BEGIN|[100]|idx|Integer|false|false
17:16:12.077 (77955219)|HEAP_ALLOCATE|[100]|Bytes:4
17:16:12.077 (77963403)|VARIABLE_ASSIGNMENT|[100]|idx|28
17:16:12.077 (77966926)|STATEMENT_EXECUTE|[101]
17:16:12.077 (77989791)|HEAP_ALLOCATE|[101]|Bytes:1
17:16:12.078 (78006148)|HEAP_ALLOCATE|[101]|Bytes:9
17:16:12.078 (78016558)|VARIABLE_ASSIGNMENT|[101]|randStr|"NB5glemH2"
17:16:12.078 (78037512)|STATEMENT_EXECUTE|[99]
17:16:12.078 (78041018)|STATEMENT_EXECUTE|[100]
17:16:12.078 (78135644)|VARIABLE_SCOPE_BEGIN|[100]|idx|Integer|false|false
17:16:12.078 (78140714)|HEAP_ALLOCATE|[100]|Bytes:4
17:16:12.078 (78149096)|VARIABLE_ASSIGNMENT|[100]|idx|12
17:16:12.078 (78152580)|STATEMENT_EXECUTE|[101]
17:16:12.078 (78174960)|HEAP_ALLOCATE|[101]|Bytes:1
17:16:12.078 (78190904)|HEAP_ALLOCATE|[101]|Bytes:10
17:16:12.078 (78200345)|VARIABLE_ASSIGNMENT|[101]|randStr|"NB5glemH2M"
17:16:12.078 (78220891)|STATEMENT_EXECUTE|[99]
17:16:12.078 (78224182)|STATEMENT_EXECUTE|[100]
17:16:12.078 (78318575)|VARIABLE_SCOPE_BEGIN|[100]|idx|Integer|false|false
17:16:12.078 (78323551)|HEAP_ALLOCATE|[100]|Bytes:4
17:16:12.078 (78331604)|VARIABLE_ASSIGNMENT|[100]|idx|9
17:16:12.078 (78335056)|STATEMENT_EXECUTE|[101]
17:16:12.078 (78357486)|HEAP_ALLOCATE|[101]|Bytes:1
17:16:12.078 (78373425)|HEAP_ALLOCATE|[101]|Bytes:11
17:16:12.078 (78383013)|VARIABLE_ASSIGNMENT|[101]|randStr|"NB5glemH2MJ"
17:16:12.078 (78403724)|STATEMENT_EXECUTE|[99]
17:16:12.078 (78407028)|STATEMENT_EXECUTE|[100]
17:16:12.078 (78501325)|VARIABLE_SCOPE_BEGIN|[100]|idx|Integer|false|false
17:16:12.078 (78506415)|HEAP_ALLOCATE|[100]|Bytes:4
17:16:12.078 (78514560)|VARIABLE_ASSIGNMENT|[100]|idx|51
17:16:12.078 (78518108)|STATEMENT_EXECUTE|[101]
17:16:12.078 (78540398)|HEAP_ALLOCATE|[101]|Bytes:1
17:16:12.078 (78556483)|HEAP_ALLOCATE|[101]|Bytes:12
17:16:12.078 (78565919)|VARIABLE_ASSIGNMENT|[101]|randStr|"NB5glemH2MJp"
17:16:12.078 (78586643)|STATEMENT_EXECUTE|[99]
17:16:12.078 (78589944)|STATEMENT_EXECUTE|[100]
17:16:12.078 (78696672)|VARIABLE_SCOPE_BEGIN|[100]|idx|Integer|false|false
17:16:12.078 (78702094)|HEAP_ALLOCATE|[100]|Bytes:4
17:16:12.078 (78710333)|VARIABLE_ASSIGNMENT|[100]|idx|38
17:16:12.078 (78713883)|STATEMENT_EXECUTE|[101]
17:16:12.078 (78736967)|HEAP_ALLOCATE|[101]|Bytes:1
17:16:12.078 (78753067)|HEAP_ALLOCATE|[101]|Bytes:13
17:16:12.078 (78762666)|VARIABLE_ASSIGNMENT|[101]|randStr|"NB5glemH2MJpc"
17:16:12.078 (78783343)|STATEMENT_EXECUTE|[99]
17:16:12.078 (78786533)|STATEMENT_EXECUTE|[100]
17:16:12.078 (78882492)|VARIABLE_SCOPE_BEGIN|[100]|idx|Integer|false|false
17:16:12.078 (78887548)|HEAP_ALLOCATE|[100]|Bytes:4
17:16:12.078 (78896041)|VARIABLE_ASSIGNMENT|[100]|idx|53
17:16:12.078 (78899572)|STATEMENT_EXECUTE|[101]
17:16:12.078 (78922482)|HEAP_ALLOCATE|[101]|Bytes:1
17:16:12.078 (78938478)|HEAP_ALLOCATE|[101]|Bytes:14
17:16:12.078 (78947942)|VARIABLE_ASSIGNMENT|[101]|randStr|"NB5glemH2MJpcr"
17:16:12.078 (78968313)|STATEMENT_EXECUTE|[99]
17:16:12.078 (78971509)|STATEMENT_EXECUTE|[100]
17:16:12.079 (79065281)|VARIABLE_SCOPE_BEGIN|[100]|idx|Integer|false|false
17:16:12.079 (79071024)|HEAP_ALLOCATE|[100]|Bytes:4
17:16:12.079 (79079151)|VARIABLE_ASSIGNMENT|[100]|idx|30
17:16:12.079 (79082572)|STATEMENT_EXECUTE|[101]
17:16:12.079 (79104894)|HEAP_ALLOCATE|[101]|Bytes:1
17:16:12.079 (79120835)|HEAP_ALLOCATE|[101]|Bytes:15
17:16:12.079 (79130711)|VARIABLE_ASSIGNMENT|[101]|randStr|"NB5glemH2MJpcr4"
17:16:12.079 (79151454)|STATEMENT_EXECUTE|[99]
17:16:12.079 (79154681)|STATEMENT_EXECUTE|[100]
17:16:12.079 (79248646)|VARIABLE_SCOPE_BEGIN|[100]|idx|Integer|false|false
17:16:12.079 (79253596)|HEAP_ALLOCATE|[100]|Bytes:4
17:16:12.079 (79261763)|VARIABLE_ASSIGNMENT|[100]|idx|10
17:16:12.079 (79265808)|STATEMENT_EXECUTE|[101]
17:16:12.079 (79288222)|HEAP_ALLOCATE|[101]|Bytes:1
17:16:12.079 (79304103)|HEAP_ALLOCATE|[101]|Bytes:16
17:16:12.079 (79313763)|VARIABLE_ASSIGNMENT|[101]|randStr|"NB5glemH2MJpcr4K"
17:16:12.079 (79334504)|STATEMENT_EXECUTE|[99]
17:16:12.079 (79337714)|STATEMENT_EXECUTE|[100]
17:16:12.079 (79440310)|VARIABLE_SCOPE_BEGIN|[100]|idx|Integer|false|false
17:16:12.079 (79445401)|HEAP_ALLOCATE|[100]|Bytes:4
17:16:12.079 (79453478)|VARIABLE_ASSIGNMENT|[100]|idx|21
17:16:12.079 (79456995)|STATEMENT_EXECUTE|[101]
17:16:12.079 (79479455)|HEAP_ALLOCATE|[101]|Bytes:1
17:16:12.079 (79495151)|HEAP_ALLOCATE|[101]|Bytes:17
17:16:12.079 (79504825)|VARIABLE_ASSIGNMENT|[101]|randStr|"NB5glemH2MJpcr4KV"
17:16:12.079 (79525629)|STATEMENT_EXECUTE|[99]
17:16:12.079 (79528832)|STATEMENT_EXECUTE|[100]
17:16:12.079 (79622307)|VARIABLE_SCOPE_BEGIN|[100]|idx|Integer|false|false
17:16:12.079 (79627326)|HEAP_ALLOCATE|[100]|Bytes:4
17:16:12.079 (79635246)|VARIABLE_ASSIGNMENT|[100]|idx|6
17:16:12.079 (79639083)|STATEMENT_EXECUTE|[101]
17:16:12.079 (79666344)|HEAP_ALLOCATE|[101]|Bytes:1
17:16:12.079 (79684215)|HEAP_ALLOCATE|[101]|Bytes:18
17:16:12.079 (79694247)|VARIABLE_ASSIGNMENT|[101]|randStr|"NB5glemH2MJpcr4KVG"
17:16:12.079 (79716496)|STATEMENT_EXECUTE|[103]
17:16:12.079 (79725084)|METHOD_EXIT|[61]|01p58000000n6rI|SObjectUtility.generateRandomString(Integer)
17:16:12.079 (79730666)|VARIABLE_SCOPE_BEGIN|[61]|rId|String|false|false
17:16:12.079 (79738908)|VARIABLE_ASSIGNMENT|[61]|rId|"NB5glemH2MJpcr4KVG"
17:16:12.079 (79742611)|STATEMENT_EXECUTE|[62]
17:16:12.079 (79756284)|METHOD_ENTRY|[62]|01p58000000n6rI|SObjectUtility.createSObject(SObjectData)
17:16:12.079 (79785140)|VARIABLE_SCOPE_BEGIN|[11]|this|SObjectUtility|true|false
17:16:12.079 (79809629)|VARIABLE_ASSIGNMENT|[11]|this|{"childrenMap":"0x3deedab0"}|0x5c8f0387
17:16:12.079 (79816770)|VARIABLE_SCOPE_BEGIN|[11]|obj|SObjectData|true|false
17:16:12.079 (79838624)|VARIABLE_ASSIGNMENT|[11]|obj|{"children":"0x258643a8","fieldMap":"0x7284c6e1","sObjectType":"Risk__Scoring_Scheme (3 more) ..."}|0x79d3f0e6
17:16:12.079 (79849881)|HEAP_ALLOCATE|[12]|Bytes:5
17:16:12.079 (79854855)|STATEMENT_EXECUTE|[11]
17:16:12.271 (271936111)|HEAP_ALLOCATE|[12]|Bytes:1796
17:16:12.272 (272009853)|METHOD_ENTRY|[12]|01p58000000n6Fr|SObjectData.getSObjectType()
17:16:12.272 (272031042)|VARIABLE_SCOPE_BEGIN|[77]|this|SObjectData|true|false
17:16:12.272 (272105173)|VARIABLE_ASSIGNMENT|[77]|this|{"children":"0x258643a8","fieldMap":"0x7284c6e1","sObjectType":"Risk__Scoring_Scheme (3 more) ..."}|0x79d3f0e6
17:16:12.272 (272129426)|HEAP_ALLOCATE|[78]|Bytes:5
17:16:12.272 (272137692)|STATEMENT_EXECUTE|[77]
17:16:12.272 (272140838)|STATEMENT_EXECUTE|[78]
17:16:12.272 (272158526)|METHOD_EXIT|[12]|01p58000000n6Fr|SObjectData.getSObjectType()
17:16:12.272 (272222372)|STATEMENT_EXECUTE|[12]
17:16:12.272 (272226830)|STATEMENT_EXECUTE|[15]
17:16:12.275 (275622678)|HEAP_ALLOCATE|[15]|Bytes:1796
17:16:12.275 (275645729)|METHOD_ENTRY|[15]|01p58000000n6Fr|SObjectData.getSObjectType()
17:16:12.275 (275652387)|VARIABLE_SCOPE_BEGIN|[77]|this|SObjectData|true|false
17:16:12.275 (275687138)|VARIABLE_ASSIGNMENT|[77]|this|{"children":"0x258643a8","fieldMap":"0x7284c6e1","sObjectType":"Risk__Scoring_Scheme (3 more) ..."}|0x79d3f0e6
17:16:12.275 (275699246)|HEAP_ALLOCATE|[78]|Bytes:5
17:16:12.275 (275704313)|STATEMENT_EXECUTE|[77]
17:16:12.275 (275707209)|STATEMENT_EXECUTE|[78]
17:16:12.275 (275716010)|METHOD_EXIT|[15]|01p58000000n6Fr|SObjectData.getSObjectType()
17:16:12.276 (276268470)|HEAP_ALLOCATE|[15]|Bytes:4
17:16:12.276 (276286816)|VARIABLE_SCOPE_BEGIN|[15]|sObj|SObject|true|false
17:16:12.276 (276304332)|VARIABLE_ASSIGNMENT|[15]|sObj|{}|0x62e9054b
17:16:12.276 (276325265)|HEAP_ALLOCATE|[16]|Bytes:4
17:16:12.276 (276386465)|METHOD_ENTRY|[16]|01p58000000n6Fr|SObjectData.getFieldMap()
17:16:12.276 (276397000)|VARIABLE_SCOPE_BEGIN|[73]|this|SObjectData|true|false
17:16:12.276 (276426591)|VARIABLE_ASSIGNMENT|[73]|this|{"children":"0x258643a8","fieldMap":"0x7284c6e1","sObjectType":"Risk__Scoring_Scheme (3 more) ..."}|0x79d3f0e6
17:16:12.276 (276438279)|HEAP_ALLOCATE|[74]|Bytes:5
17:16:12.276 (276443306)|STATEMENT_EXECUTE|[73]
17:16:12.276 (276446170)|STATEMENT_EXECUTE|[74]
17:16:12.276 (276456017)|METHOD_EXIT|[16]|01p58000000n6Fr|SObjectData.getFieldMap()
17:16:12.276 (276525679)|HEAP_ALLOCATE|[16]|Bytes:28
17:16:12.276 (276564617)|HEAP_ALLOCATE|[16]|Bytes:8
17:16:12.276 (276622390)|HEAP_ALLOCATE|[16]|Bytes:5
17:16:12.276 (276648439)|VARIABLE_SCOPE_BEGIN|[16]|field|String|false|false
17:16:12.276 (276670010)|VARIABLE_ASSIGNMENT|[16]|field|"Name"
17:16:12.276 (276675942)|STATEMENT_EXECUTE|[16]
17:16:12.276 (276678717)|STATEMENT_EXECUTE|[17]
17:16:12.276 (276688735)|METHOD_ENTRY|[17]|01p58000000n6Fr|SObjectData.getFieldMap()
17:16:12.276 (276716546)|VARIABLE_SCOPE_BEGIN|[73]|this|SObjectData|true|false
17:16:12.276 (276744936)|VARIABLE_ASSIGNMENT|[73]|this|{"children":"0x258643a8","fieldMap":"0x7284c6e1","sObjectType":"Risk__Scoring_Scheme (3 more) ..."}|0x79d3f0e6
17:16:12.276 (276756151)|HEAP_ALLOCATE|[74]|Bytes:5
17:16:12.276 (276760993)|STATEMENT_EXECUTE|[73]
17:16:12.276 (276763647)|STATEMENT_EXECUTE|[74]
17:16:12.276 (276771894)|METHOD_EXIT|[17]|01p58000000n6Fr|SObjectData.getFieldMap()
17:16:12.276 (276803225)|VARIABLE_SCOPE_BEGIN|[17]|value|String|false|false
17:16:12.276 (276814118)|VARIABLE_ASSIGNMENT|[17]|value|"Scoring Scheme 5x5"
17:16:12.276 (276818136)|STATEMENT_EXECUTE|[18]
17:16:12.284 (284873383)|HEAP_ALLOCATE|[16]|Bytes:5
17:16:12.284 (284892727)|VARIABLE_SCOPE_BEGIN|[16]|field|String|false|false
17:16:12.284 (284905088)|VARIABLE_ASSIGNMENT|[16]|field|"RecordTypeId"
17:16:12.284 (284909856)|STATEMENT_EXECUTE|[16]
17:16:12.284 (284912773)|STATEMENT_EXECUTE|[17]
17:16:12.284 (284920123)|METHOD_ENTRY|[17]|01p58000000n6Fr|SObjectData.getFieldMap()
17:16:12.284 (284925832)|VARIABLE_SCOPE_BEGIN|[73]|this|SObjectData|true|false
17:16:12.284 (284955165)|VARIABLE_ASSIGNMENT|[73]|this|{"children":"0x258643a8","fieldMap":"0x7284c6e1","sObjectType":"Risk__Scoring_Scheme (3 more) ..."}|0x79d3f0e6
17:16:12.284 (284966918)|HEAP_ALLOCATE|[74]|Bytes:5
17:16:12.284 (284971855)|STATEMENT_EXECUTE|[73]
17:16:12.284 (284974499)|STATEMENT_EXECUTE|[74]
17:16:12.284 (284983156)|METHOD_EXIT|[17]|01p58000000n6Fr|SObjectData.getFieldMap()
17:16:12.285 (285012091)|VARIABLE_SCOPE_BEGIN|[17]|value|String|false|false
17:16:12.285 (285023577)|VARIABLE_ASSIGNMENT|[17]|value|"012580000000H5p"
17:16:12.285 (285027784)|STATEMENT_EXECUTE|[18]
17:16:12.285 (285138193)|HEAP_ALLOCATE|[16]|Bytes:5
17:16:12.285 (285157867)|VARIABLE_ASSIGNMENT|[16]|field|null
17:16:12.285 (285163401)|STATEMENT_EXECUTE|[21]
17:16:12.285 (285172970)|METHOD_EXIT|[62]|01p58000000n6rI|SObjectUtility.createSObject(SObjectData)
17:16:12.285 (285206143)|HEAP_ALLOCATE|[EXTERNAL]|Bytes:-4
17:16:12.285 (285230843)|METHOD_ENTRY|[63]|01p58000000n6Fr|SObjectData.getChildren()
17:16:12.285 (285259722)|VARIABLE_SCOPE_BEGIN|[81]|this|SObjectData|true|false
17:16:12.285 (285289310)|VARIABLE_ASSIGNMENT|[81]|this|{"children":"0x258643a8","fieldMap":"0x7284c6e1","sObjectType":"Risk__Scoring_Scheme (3 more) ..."}|0x79d3f0e6
17:16:12.285 (285300771)|HEAP_ALLOCATE|[82]|Bytes:5
17:16:12.285 (285305940)|STATEMENT_EXECUTE|[81]
17:16:12.285 (285311998)|STATEMENT_EXECUTE|[82]
17:16:12.285 (285314848)|STATEMENT_EXECUTE|[85]
17:16:12.285 (285323385)|METHOD_EXIT|[63]|01p58000000n6Fr|SObjectData.getChildren()
17:16:12.285 (285344801)|STATEMENT_EXECUTE|[63]
17:16:12.285 (285348208)|STATEMENT_EXECUTE|[64]
17:16:12.285 (285356055)|METHOD_ENTRY|[64]|01p58000000n6Fr|SObjectData.getChildren()
17:16:12.285 (285373871)|VARIABLE_SCOPE_BEGIN|[81]|this|SObjectData|true|false
17:16:12.285 (285401406)|VARIABLE_ASSIGNMENT|[81]|this|{"children":"0x258643a8","fieldMap":"0x7284c6e1","sObjectType":"Risk__Scoring_Scheme (3 more) ..."}|0x79d3f0e6
17:16:12.285 (285412533)|HEAP_ALLOCATE|[82]|Bytes:5
17:16:12.285 (285417285)|STATEMENT_EXECUTE|[81]
17:16:12.285 (285420810)|STATEMENT_EXECUTE|[82]
17:16:12.285 (285423181)|STATEMENT_EXECUTE|[85]
17:16:12.285 (285430510)|METHOD_EXIT|[64]|01p58000000n6Fr|SObjectData.getChildren()
17:16:12.285 (285448670)|METHOD_ENTRY|[64]|01p58000000n6rI|SObjectUtility.createChildren(String, Map<String,List<SObjectData>>)
17:16:12.285 (285458075)|VARIABLE_SCOPE_BEGIN|[70]|this|SObjectUtility|true|false
17:16:12.285 (285479907)|VARIABLE_ASSIGNMENT|[70]|this|{"childrenMap":"0x3deedab0"}|0x5c8f0387
17:16:12.285 (285487290)|VARIABLE_SCOPE_BEGIN|[70]|parentId|String|false|false
17:16:12.285 (285494247)|VARIABLE_ASSIGNMENT|[70]|parentId|"NB5glemH2MJpcr4KVG"
17:16:12.285 (285498997)|VARIABLE_SCOPE_BEGIN|[70]|childMap|Map<String,List<SObjectData>>|true|false
17:16:12.285 (285541703)|VARIABLE_ASSIGNMENT|[70]|childMap|{"s":1,"v":{"Risk__Scoring_Scheme (3 more) ...":{"s":2,"v":[{"fieldMap":"0x4a0a27cc","sObjectType":"Risk__Impact_Categor (4 more) ..."}]}}}|0x258643a8
17:16:12.285 (285553540)|HEAP_ALLOCATE|[72]|Bytes:5
17:16:12.285 (285558445)|STATEMENT_EXECUTE|[70]
17:16:12.285 (285564289)|HEAP_ALLOCATE|[72]|Bytes:4
17:16:12.285 (285623264)|HEAP_ALLOCATE|[72]|Bytes:31
17:16:12.285 (285652492)|HEAP_ALLOCATE|[72]|Bytes:4
17:16:12.285 (285695293)|HEAP_ALLOCATE|[72]|Bytes:5
17:16:12.285 (285713808)|VARIABLE_SCOPE_BEGIN|[72]|relationshipKey|String|false|false
17:16:12.285 (285726082)|VARIABLE_ASSIGNMENT|[72]|relationshipKey|"Risk__Scoring_Scheme (3 more) ..."
17:16:12.285 (285730918)|STATEMENT_EXECUTE|[72]
17:16:12.285 (285733533)|STATEMENT_EXECUTE|[73]
17:16:12.285 (285741361)|HEAP_ALLOCATE|[73]|Bytes:4
17:16:12.285 (285751581)|VARIABLE_SCOPE_BEGIN|[73]|childObjects|Map<String,SObject>|true|false
17:16:12.285 (285771799)|VARIABLE_ASSIGNMENT|[73]|childObjects|{"s":1,"v":{}}|0x6478da57
17:16:12.285 (285777143)|STATEMENT_EXECUTE|[74]
17:16:12.285 (285833787)|VARIABLE_SCOPE_BEGIN|[74]|childrenList|List<SObjectData>|true|false
17:16:12.285 (285867528)|VARIABLE_ASSIGNMENT|[74]|childrenList|{"s":1,"v":[{"fieldMap":"0x4a0a27cc","sObjectType":"Risk__Impact_Categor (4 more) ..."}]}|0xf8e65e2
17:16:12.285 (285920287)|HEAP_ALLOCATE|[76]|Bytes:5
17:16:12.285 (285937761)|HEAP_ALLOCATE|[76]|Bytes:24
17:16:12.285 (285946294)|VARIABLE_SCOPE_BEGIN|[76]|obj|SObjectData|true|false
17:16:12.285 (285972736)|VARIABLE_ASSIGNMENT|[76]|obj|{"fieldMap":"0x4a0a27cc","sObjectType":"Risk__Impact_Categor (4 more) ..."}|0x3325f0b
17:16:12.285 (285979381)|STATEMENT_EXECUTE|[76]
17:16:12.285 (285982073)|STATEMENT_EXECUTE|[77]
17:16:12.285 (285991904)|METHOD_ENTRY|[77]|01p58000000n6Fr|SObjectData.getFieldMap()
17:16:12.286 (286009917)|VARIABLE_SCOPE_BEGIN|[73]|this|SObjectData|true|false
17:16:12.286 (286034771)|VARIABLE_ASSIGNMENT|[73]|this|{"fieldMap":"0x4a0a27cc","sObjectType":"Risk__Impact_Categor (4 more) ..."}|0x3325f0b
17:16:12.286 (286045267)|HEAP_ALLOCATE|[74]|Bytes:5
17:16:12.286 (286049978)|STATEMENT_EXECUTE|[73]
17:16:12.286 (286052565)|STATEMENT_EXECUTE|[74]
17:16:12.286 (286060905)|METHOD_EXIT|[77]|01p58000000n6Fr|SObjectData.getFieldMap()
17:16:12.286 (286093805)|HEAP_ALLOCATE|[77]|Bytes:8
17:16:12.286 (286109580)|HEAP_ALLOCATE|[77]|Bytes:15
17:16:12.286 (286135057)|USER_DEBUG|[77]|DEBUG|Cost IC Created
17:16:12.286 (286145396)|STATEMENT_EXECUTE|[78]
17:16:12.286 (286156392)|METHOD_ENTRY|[78]|01p58000000n6rI|SObjectUtility.generateRandomString(Integer)
17:16:12.286 (286180180)|HEAP_ALLOCATE|[97]|Bytes:4
17:16:12.286 (286185170)|VARIABLE_SCOPE_BEGIN|[96]|len|Integer|false|false
17:16:12.286 (286194005)|VARIABLE_ASSIGNMENT|[96]|len|18
17:16:12.286 (286201890)|HEAP_ALLOCATE|[97]|Bytes:5
17:16:12.286 (286206183)|STATEMENT_EXECUTE|[96]
17:16:12.286 (286208676)|STATEMENT_EXECUTE|[97]
17:16:12.286 (286213515)|VARIABLE_SCOPE_BEGIN|[97]|chars|String|false|false
17:16:12.286 (286222652)|VARIABLE_ASSIGNMENT|[97]|chars|"ABCDEFGHIJKLMNOPQRST (42 more) ..."
17:16:12.286 (286226469)|STATEMENT_EXECUTE|[98]
17:16:12.286 (286232717)|VARIABLE_SCOPE_BEGIN|[98]|randStr|String|false|false
17:16:12.286 (286239292)|VARIABLE_ASSIGNMENT|[98]|randStr|""
17:16:12.286 (286269270)|STATEMENT_EXECUTE|[99]
17:16:12.286 (286273320)|STATEMENT_EXECUTE|[100]
17:16:12.286 (286421148)|VARIABLE_SCOPE_BEGIN|[100]|idx|Integer|false|false
17:16:12.286 (286427029)|HEAP_ALLOCATE|[100]|Bytes:4
17:16:12.286 (286435697)|VARIABLE_ASSIGNMENT|[100]|idx|41
17:16:12.286 (286439542)|STATEMENT_EXECUTE|[101]
17:16:12.286 (286466492)|HEAP_ALLOCATE|[101]|Bytes:1
17:16:12.286 (286483523)|HEAP_ALLOCATE|[101]|Bytes:1
17:16:12.286 (286493244)|VARIABLE_ASSIGNMENT|[101]|randStr|"f"
17:16:12.286 (286514280)|STATEMENT_EXECUTE|[99]
17:16:12.286 (286517433)|STATEMENT_EXECUTE|[100]
17:16:12.286 (286615771)|VARIABLE_SCOPE_BEGIN|[100]|idx|Integer|false|false
17:16:12.286 (286621019)|HEAP_ALLOCATE|[100]|Bytes:4
17:16:12.286 (286629203)|VARIABLE_ASSIGNMENT|[100]|idx|40
17:16:12.286 (286632896)|STATEMENT_EXECUTE|[101]
17:16:12.286 (286655639)|HEAP_ALLOCATE|[101]|Bytes:1
17:16:12.286 (286677457)|HEAP_ALLOCATE|[101]|Bytes:2
17:16:12.286 (286687186)|VARIABLE_ASSIGNMENT|[101]|randStr|"fe"
17:16:12.286 (286708451)|STATEMENT_EXECUTE|[99]
17:16:12.286 (286712053)|STATEMENT_EXECUTE|[100]
17:16:12.286 (286809133)|VARIABLE_SCOPE_BEGIN|[100]|idx|Integer|false|false
17:16:12.286 (286814202)|HEAP_ALLOCATE|[100]|Bytes:4
17:16:12.286 (286822180)|VARIABLE_ASSIGNMENT|[100]|idx|30
17:16:12.286 (286825746)|STATEMENT_EXECUTE|[101]
17:16:12.286 (286848250)|HEAP_ALLOCATE|[101]|Bytes:1
17:16:12.286 (286864039)|HEAP_ALLOCATE|[101]|Bytes:3
17:16:12.286 (286873342)|VARIABLE_ASSIGNMENT|[101]|randStr|"fe4"
17:16:12.286 (286893896)|STATEMENT_EXECUTE|[99]
17:16:12.286 (286897164)|STATEMENT_EXECUTE|[100]
17:16:12.286 (286992350)|VARIABLE_SCOPE_BEGIN|[100]|idx|Integer|false|false
17:16:12.286 (286997498)|HEAP_ALLOCATE|[100]|Bytes:4
17:16:12.287 (287005458)|VARIABLE_ASSIGNMENT|[100]|idx|58
17:16:12.287 (287009808)|STATEMENT_EXECUTE|[101]
17:16:12.287 (287032691)|HEAP_ALLOCATE|[101]|Bytes:1
17:16:12.287 (287048407)|HEAP_ALLOCATE|[101]|Bytes:4
17:16:12.287 (287057713)|VARIABLE_ASSIGNMENT|[101]|randStr|"fe4w"
17:16:12.287 (287078131)|STATEMENT_EXECUTE|[99]
17:16:12.287 (287081567)|STATEMENT_EXECUTE|[100]
17:16:12.287 (287181022)|VARIABLE_SCOPE_BEGIN|[100]|idx|Integer|false|false
17:16:12.287 (287186060)|HEAP_ALLOCATE|[100]|Bytes:4
17:16:12.287 (287194072)|VARIABLE_ASSIGNMENT|[100]|idx|47
17:16:12.287 (287197607)|STATEMENT_EXECUTE|[101]
17:16:12.287 (287220149)|HEAP_ALLOCATE|[101]|Bytes:1
17:16:12.287 (287235970)|HEAP_ALLOCATE|[101]|Bytes:5
17:16:12.287 (287245239)|VARIABLE_ASSIGNMENT|[101]|randStr|"fe4wl"
17:16:12.287 (287265507)|STATEMENT_EXECUTE|[99]
17:16:12.287 (287268748)|STATEMENT_EXECUTE|[100]
17:16:12.287 (287363557)|VARIABLE_SCOPE_BEGIN|[100]|idx|Integer|false|false
17:16:12.287 (287368594)|HEAP_ALLOCATE|[100]|Bytes:4
17:16:12.287 (287376570)|VARIABLE_ASSIGNMENT|[100]|idx|61
17:16:12.287 (287380046)|STATEMENT_EXECUTE|[101]
17:16:12.287 (287402155)|HEAP_ALLOCATE|[101]|Bytes:1
17:16:12.287 (287418176)|HEAP_ALLOCATE|[101]|Bytes:6
17:16:12.287 (287427630)|VARIABLE_ASSIGNMENT|[101]|randStr|"fe4wlz"
17:16:12.287 (287448190)|STATEMENT_EXECUTE|[99]
17:16:12.287 (287451427)|STATEMENT_EXECUTE|[100]
17:16:12.287 (287559833)|VARIABLE_SCOPE_BEGIN|[100]|idx|Integer|false|false
17:16:12.287 (287565371)|HEAP_ALLOCATE|[100]|Bytes:4
17:16:12.287 (287573622)|VARIABLE_ASSIGNMENT|[100]|idx|40
17:16:12.287 (287577195)|STATEMENT_EXECUTE|[101]
17:16:12.287 (287600532)|HEAP_ALLOCATE|[101]|Bytes:1
17:16:12.287 (287616651)|HEAP_ALLOCATE|[101]|Bytes:7
17:16:12.287 (287626232)|VARIABLE_ASSIGNMENT|[101]|randStr|"fe4wlze"
17:16:12.287 (287646727)|STATEMENT_EXECUTE|[99]
17:16:12.287 (287649898)|STATEMENT_EXECUTE|[100]
17:16:12.287 (287750695)|VARIABLE_SCOPE_BEGIN|[100]|idx|Integer|false|false
17:16:12.287 (287755923)|HEAP_ALLOCATE|[100]|Bytes:4
17:16:12.287 (287764043)|VARIABLE_ASSIGNMENT|[100]|idx|12
17:16:12.287 (287767628)|STATEMENT_EXECUTE|[101]
17:16:12.287 (287790572)|HEAP_ALLOCATE|[101]|Bytes:1
17:16:12.287 (287806366)|HEAP_ALLOCATE|[101]|Bytes:8
17:16:12.287 (287815745)|VARIABLE_ASSIGNMENT|[101]|randStr|"fe4wlzeM"
17:16:12.287 (287836194)|STATEMENT_EXECUTE|[99]
17:16:12.287 (287839379)|STATEMENT_EXECUTE|[100]
17:16:12.287 (287943608)|VARIABLE_SCOPE_BEGIN|[100]|idx|Integer|false|false
17:16:12.287 (287948735)|HEAP_ALLOCATE|[100]|Bytes:4
17:16:12.287 (287956731)|VARIABLE_ASSIGNMENT|[100]|idx|19
17:16:12.287 (287960195)|STATEMENT_EXECUTE|[101]
17:16:12.287 (287982907)|HEAP_ALLOCATE|[101]|Bytes:1
17:16:12.287 (287999054)|HEAP_ALLOCATE|[101]|Bytes:9
17:16:12.288 (288008440)|VARIABLE_ASSIGNMENT|[101]|randStr|"fe4wlzeMT"
17:16:12.288 (288029986)|STATEMENT_EXECUTE|[99]
17:16:12.288 (288033249)|STATEMENT_EXECUTE|[100]
17:16:12.288 (288141251)|VARIABLE_SCOPE_BEGIN|[100]|idx|Integer|false|false
17:16:12.288 (288146348)|HEAP_ALLOCATE|[100]|Bytes:4
17:16:12.288 (288154430)|VARIABLE_ASSIGNMENT|[100]|idx|36
17:16:12.288 (288157881)|STATEMENT_EXECUTE|[101]
17:16:12.288 (288180440)|HEAP_ALLOCATE|[101]|Bytes:1
17:16:12.288 (288196504)|HEAP_ALLOCATE|[101]|Bytes:10
17:16:12.288 (288206039)|VARIABLE_ASSIGNMENT|[101]|randStr|"fe4wlzeMTa"
17:16:12.288 (288226895)|STATEMENT_EXECUTE|[99]
17:16:12.288 (288230094)|STATEMENT_EXECUTE|[100]
17:16:12.288 (288324799)|VARIABLE_SCOPE_BEGIN|[100]|idx|Integer|false|false
17:16:12.288 (288329683)|HEAP_ALLOCATE|[100]|Bytes:4
17:16:12.288 (288337603)|VARIABLE_ASSIGNMENT|[100]|idx|0
17:16:12.288 (288341119)|STATEMENT_EXECUTE|[101]
17:16:12.288 (288363541)|HEAP_ALLOCATE|[101]|Bytes:1
17:16:12.288 (288379803)|HEAP_ALLOCATE|[101]|Bytes:11
17:16:12.288 (288389478)|VARIABLE_ASSIGNMENT|[101]|randStr|"fe4wlzeMTaA"
17:16:12.288 (288410354)|STATEMENT_EXECUTE|[99]
17:16:12.288 (288413587)|STATEMENT_EXECUTE|[100]
17:16:12.288 (288507615)|VARIABLE_SCOPE_BEGIN|[100]|idx|Integer|false|false
17:16:12.288 (288512651)|HEAP_ALLOCATE|[100]|Bytes:4
17:16:12.288 (288520506)|VARIABLE_ASSIGNMENT|[100]|idx|43
17:16:12.288 (288523986)|STATEMENT_EXECUTE|[101]
17:16:12.288 (288546568)|HEAP_ALLOCATE|[101]|Bytes:1
17:16:12.288 (288562773)|HEAP_ALLOCATE|[101]|Bytes:12
17:16:12.288 (288572335)|VARIABLE_ASSIGNMENT|[101]|randStr|"fe4wlzeMTaAh"
17:16:12.288 (288593177)|STATEMENT_EXECUTE|[99]
17:16:12.288 (288596386)|STATEMENT_EXECUTE|[100]
17:16:12.288 (288695612)|VARIABLE_SCOPE_BEGIN|[100]|idx|Integer|false|false
17:16:12.288 (288700870)|HEAP_ALLOCATE|[100]|Bytes:4
17:16:12.288 (288708845)|VARIABLE_ASSIGNMENT|[100]|idx|6
17:16:12.288 (288712319)|STATEMENT_EXECUTE|[101]
17:16:12.288 (288735075)|HEAP_ALLOCATE|[101]|Bytes:1
17:16:12.288 (288751028)|HEAP_ALLOCATE|[101]|Bytes:13
17:16:12.288 (288760407)|VARIABLE_ASSIGNMENT|[101]|randStr|"fe4wlzeMTaAhG"
17:16:12.288 (288780912)|STATEMENT_EXECUTE|[99]
17:16:12.288 (288784072)|STATEMENT_EXECUTE|[100]
17:16:12.288 (288877966)|VARIABLE_SCOPE_BEGIN|[100]|idx|Integer|false|false
17:16:12.288 (288882940)|HEAP_ALLOCATE|[100]|Bytes:4
17:16:12.288 (288890940)|VARIABLE_ASSIGNMENT|[100]|idx|60
17:16:12.288 (288894323)|STATEMENT_EXECUTE|[101]
17:16:12.288 (288916542)|HEAP_ALLOCATE|[101]|Bytes:1
17:16:12.288 (288932295)|HEAP_ALLOCATE|[101]|Bytes:14
17:16:12.288 (288941639)|VARIABLE_ASSIGNMENT|[101]|randStr|"fe4wlzeMTaAhGy"
17:16:12.288 (288962229)|STATEMENT_EXECUTE|[99]
17:16:12.288 (288965477)|STATEMENT_EXECUTE|[100]
17:16:12.289 (289061167)|VARIABLE_SCOPE_BEGIN|[100]|idx|Integer|false|false
17:16:12.289 (289067044)|HEAP_ALLOCATE|[100]|Bytes:4
17:16:12.289 (289075137)|VARIABLE_ASSIGNMENT|[100]|idx|25
17:16:12.289 (289078568)|STATEMENT_EXECUTE|[101]
17:16:12.289 (289101374)|HEAP_ALLOCATE|[101]|Bytes:1
17:16:12.289 (289117016)|HEAP_ALLOCATE|[101]|Bytes:15
17:16:12.289 (289126601)|VARIABLE_ASSIGNMENT|[101]|randStr|"fe4wlzeMTaAhGyZ"
17:16:12.289 (289147535)|STATEMENT_EXECUTE|[99]
17:16:12.289 (289150804)|STATEMENT_EXECUTE|[100]
17:16:12.289 (289244528)|VARIABLE_SCOPE_BEGIN|[100]|idx|Integer|false|false
17:16:12.289 (289249602)|HEAP_ALLOCATE|[100]|Bytes:4
17:16:12.289 (289257536)|VARIABLE_ASSIGNMENT|[100]|idx|59
17:16:12.289 (289261021)|STATEMENT_EXECUTE|[101]
17:16:12.289 (289283318)|HEAP_ALLOCATE|[101]|Bytes:1
17:16:12.289 (289299029)|HEAP_ALLOCATE|[101]|Bytes:16
17:16:12.289 (289308736)|VARIABLE_ASSIGNMENT|[101]|randStr|"fe4wlzeMTaAhGyZx"
17:16:12.289 (289329576)|STATEMENT_EXECUTE|[99]
17:16:12.289 (289333338)|STATEMENT_EXECUTE|[100]
17:16:12.289 (289436274)|VARIABLE_SCOPE_BEGIN|[100]|idx|Integer|false|false
17:16:12.289 (289441454)|HEAP_ALLOCATE|[100]|Bytes:4
17:16:12.289 (289449545)|VARIABLE_ASSIGNMENT|[100]|idx|29
17:16:12.289 (289453158)|STATEMENT_EXECUTE|[101]
17:16:12.289 (289475985)|HEAP_ALLOCATE|[101]|Bytes:1
17:16:12.289 (289491902)|HEAP_ALLOCATE|[101]|Bytes:17
17:16:12.289 (289501565)|VARIABLE_ASSIGNMENT|[101]|randStr|"fe4wlzeMTaAhGyZx3"
17:16:12.289 (289522459)|STATEMENT_EXECUTE|[99]
17:16:12.289 (289525770)|STATEMENT_EXECUTE|[100]
17:16:12.289 (289619365)|VARIABLE_SCOPE_BEGIN|[100]|idx|Integer|false|false
17:16:12.289 (289624435)|HEAP_ALLOCATE|[100]|Bytes:4
17:16:12.289 (289632257)|VARIABLE_ASSIGNMENT|[100]|idx|15
17:16:12.289 (289635808)|STATEMENT_EXECUTE|[101]
17:16:12.289 (289662499)|HEAP_ALLOCATE|[101]|Bytes:1
17:16:12.289 (289680092)|HEAP_ALLOCATE|[101]|Bytes:18
17:16:12.289 (289690040)|VARIABLE_ASSIGNMENT|[101]|randStr|"fe4wlzeMTaAhGyZx3P"
17:16:12.289 (289711740)|STATEMENT_EXECUTE|[103]
17:16:12.289 (289720884)|METHOD_EXIT|[78]|01p58000000n6rI|SObjectUtility.generateRandomString(Integer)
17:16:12.289 (289726320)|VARIABLE_SCOPE_BEGIN|[78]|rId|String|false|false
17:16:12.289 (289734784)|VARIABLE_ASSIGNMENT|[78]|rId|"fe4wlzeMTaAhGyZx3P"
17:16:12.289 (289738359)|STATEMENT_EXECUTE|[79]
17:16:12.289 (289747981)|METHOD_ENTRY|[79]|01p58000000n6rI|SObjectUtility.createSObject(SObjectData)
17:16:12.289 (289766868)|VARIABLE_SCOPE_BEGIN|[11]|this|SObjectUtility|true|false
17:16:12.289 (289790092)|VARIABLE_ASSIGNMENT|[11]|this|{"childrenMap":"0x3deedab0"}|0x5c8f0387
17:16:12.289 (289795742)|VARIABLE_SCOPE_BEGIN|[11]|obj|SObjectData|true|false
17:16:12.289 (289815531)|VARIABLE_ASSIGNMENT|[11]|obj|{"fieldMap":"0x4a0a27cc","sObjectType":"Risk__Impact_Categor (4 more) ..."}|0x3325f0b
17:16:12.289 (289826008)|HEAP_ALLOCATE|[12]|Bytes:5
17:16:12.289 (289830894)|STATEMENT_EXECUTE|[11]
17:16:12.292 (292809880)|HEAP_ALLOCATE|[12]|Bytes:1796
17:16:12.292 (292829321)|METHOD_ENTRY|[12]|01p58000000n6Fr|SObjectData.getSObjectType()
17:16:12.292 (292835705)|VARIABLE_SCOPE_BEGIN|[77]|this|SObjectData|true|false
17:16:12.292 (292864986)|VARIABLE_ASSIGNMENT|[77]|this|{"fieldMap":"0x4a0a27cc","sObjectType":"Risk__Impact_Categor (4 more) ..."}|0x3325f0b
17:16:12.292 (292876036)|HEAP_ALLOCATE|[78]|Bytes:5
17:16:12.292 (292881195)|STATEMENT_EXECUTE|[77]
17:16:12.292 (292884094)|STATEMENT_EXECUTE|[78]
17:16:12.292 (292892162)|METHOD_EXIT|[12]|01p58000000n6Fr|SObjectData.getSObjectType()
17:16:12.292 (292927231)|STATEMENT_EXECUTE|[12]
17:16:12.292 (292930959)|STATEMENT_EXECUTE|[15]
17:16:12.295 (295889819)|HEAP_ALLOCATE|[15]|Bytes:1796
17:16:12.295 (295908851)|METHOD_ENTRY|[15]|01p58000000n6Fr|SObjectData.getSObjectType()
17:16:12.295 (295915295)|VARIABLE_SCOPE_BEGIN|[77]|this|SObjectData|true|false
17:16:12.295 (295944641)|VARIABLE_ASSIGNMENT|[77]|this|{"fieldMap":"0x4a0a27cc","sObjectType":"Risk__Impact_Categor (4 more) ..."}|0x3325f0b
17:16:12.295 (295955723)|HEAP_ALLOCATE|[78]|Bytes:5
17:16:12.295 (295960700)|STATEMENT_EXECUTE|[77]
17:16:12.295 (295963411)|STATEMENT_EXECUTE|[78]
17:16:12.295 (295971633)|METHOD_EXIT|[15]|01p58000000n6Fr|SObjectData.getSObjectType()
17:16:12.296 (296091253)|HEAP_ALLOCATE|[15]|Bytes:4
17:16:12.296 (296107974)|VARIABLE_SCOPE_BEGIN|[15]|sObj|SObject|true|false
17:16:12.296 (296121647)|VARIABLE_ASSIGNMENT|[15]|sObj|{}|0x7c11a624
17:16:12.296 (296129046)|HEAP_ALLOCATE|[16]|Bytes:4
17:16:12.296 (296145361)|METHOD_ENTRY|[16]|01p58000000n6Fr|SObjectData.getFieldMap()
17:16:12.296 (296150763)|VARIABLE_SCOPE_BEGIN|[73]|this|SObjectData|true|false
17:16:12.296 (296176897)|VARIABLE_ASSIGNMENT|[73]|this|{"fieldMap":"0x4a0a27cc","sObjectType":"Risk__Impact_Categor (4 more) ..."}|0x3325f0b
17:16:12.296 (296187439)|HEAP_ALLOCATE|[74]|Bytes:5
17:16:12.296 (296192264)|STATEMENT_EXECUTE|[73]
17:16:12.296 (296194919)|STATEMENT_EXECUTE|[74]
17:16:12.296 (296202831)|METHOD_EXIT|[16]|01p58000000n6Fr|SObjectData.getFieldMap()
17:16:12.296 (296233502)|HEAP_ALLOCATE|[16]|Bytes:37
17:16:12.296 (296259774)|HEAP_ALLOCATE|[16]|Bytes:8
17:16:12.296 (296293053)|HEAP_ALLOCATE|[16]|Bytes:5
17:16:12.296 (296308442)|VARIABLE_SCOPE_BEGIN|[16]|field|String|false|false
17:16:12.296 (296319497)|VARIABLE_ASSIGNMENT|[16]|field|"Name"
17:16:12.296 (296323756)|STATEMENT_EXECUTE|[16]
17:16:12.296 (296326272)|STATEMENT_EXECUTE|[17]
17:16:12.296 (296332740)|METHOD_ENTRY|[17]|01p58000000n6Fr|SObjectData.getFieldMap()
17:16:12.296 (296337641)|VARIABLE_SCOPE_BEGIN|[73]|this|SObjectData|true|false
17:16:12.296 (296361576)|VARIABLE_ASSIGNMENT|[73]|this|{"fieldMap":"0x4a0a27cc","sObjectType":"Risk__Impact_Categor (4 more) ..."}|0x3325f0b
17:16:12.296 (296371428)|HEAP_ALLOCATE|[74]|Bytes:5
17:16:12.296 (296375953)|STATEMENT_EXECUTE|[73]
17:16:12.296 (296378439)|STATEMENT_EXECUTE|[74]
17:16:12.296 (296386149)|METHOD_EXIT|[17]|01p58000000n6Fr|SObjectData.getFieldMap()
17:16:12.296 (296413019)|VARIABLE_SCOPE_BEGIN|[17]|value|String|false|false
17:16:12.296 (296423116)|VARIABLE_ASSIGNMENT|[17]|value|"Cost IC"
17:16:12.296 (296427170)|STATEMENT_EXECUTE|[18]
17:16:12.305 (305192084)|HEAP_ALLOCATE|[16]|Bytes:5
17:16:12.305 (305215881)|VARIABLE_SCOPE_BEGIN|[16]|field|String|false|false
17:16:12.305 (305231948)|VARIABLE_ASSIGNMENT|[16]|field|"Risk__Type_Of_Risk__ (1 more) ..."
17:16:12.305 (305240581)|STATEMENT_EXECUTE|[16]
17:16:12.305 (305245767)|STATEMENT_EXECUTE|[17]
17:16:12.305 (305258908)|METHOD_ENTRY|[17]|01p58000000n6Fr|SObjectData.getFieldMap()
17:16:12.305 (305268427)|VARIABLE_SCOPE_BEGIN|[73]|this|SObjectData|true|false
17:16:12.305 (305299705)|VARIABLE_ASSIGNMENT|[73]|this|{"fieldMap":"0x4a0a27cc","sObjectType":"Risk__Impact_Categor (4 more) ..."}|0x3325f0b
17:16:12.305 (305311202)|HEAP_ALLOCATE|[74]|Bytes:5
17:16:12.305 (305316307)|STATEMENT_EXECUTE|[73]
17:16:12.305 (305319092)|STATEMENT_EXECUTE|[74]
17:16:12.305 (305327577)|METHOD_EXIT|[17]|01p58000000n6Fr|SObjectData.getFieldMap()
17:16:12.305 (305358327)|VARIABLE_SCOPE_BEGIN|[17]|value|String|false|false
17:16:12.305 (305368785)|VARIABLE_ASSIGNMENT|[17]|value|"Time"
17:16:12.305 (305372836)|STATEMENT_EXECUTE|[18]
17:16:12.305 (305497577)|HEAP_ALLOCATE|[16]|Bytes:5
17:16:12.305 (305521843)|VARIABLE_ASSIGNMENT|[16]|field|null
17:16:12.305 (305526845)|STATEMENT_EXECUTE|[21]
17:16:12.305 (305535500)|METHOD_EXIT|[79]|01p58000000n6rI|SObjectUtility.createSObject(SObjectData)
17:16:12.305 (305560893)|HEAP_ALLOCATE|[EXTERNAL]|Bytes:-4
17:16:12.305 (305581407)|METHOD_ENTRY|[80]|01p58000000n6Fr|SObjectData.getChildren()
17:16:12.305 (305602010)|VARIABLE_SCOPE_BEGIN|[81]|this|SObjectData|true|false
17:16:12.305 (305630720)|VARIABLE_ASSIGNMENT|[81]|this|{"fieldMap":"0x4a0a27cc","sObjectType":"Risk__Impact_Categor (4 more) ..."}|0x3325f0b
17:16:12.305 (305641868)|HEAP_ALLOCATE|[82]|Bytes:5
17:16:12.305 (305646922)|STATEMENT_EXECUTE|[81]
17:16:12.305 (305650608)|STATEMENT_EXECUTE|[82]
17:16:12.305 (305652903)|STATEMENT_EXECUTE|[83]
17:16:12.305 (305659376)|HEAP_ALLOCATE|[83]|Bytes:4
17:16:12.305 (305696799)|VARIABLE_ASSIGNMENT|[83]|this.children|{"s":1,"v":{}}|0x3325f0b
17:16:12.305 (305703361)|STATEMENT_EXECUTE|[85]
17:16:12.305 (305712658)|METHOD_EXIT|[80]|01p58000000n6Fr|SObjectData.getChildren()
17:16:12.305 (305731707)|STATEMENT_EXECUTE|[80]
17:16:12.305 (305748312)|HEAP_ALLOCATE|[76]|Bytes:5
17:16:12.305 (305763826)|VARIABLE_ASSIGNMENT|[76]|obj|null|
17:16:12.305 (305768360)|STATEMENT_EXECUTE|[85]
17:16:12.305 (305779073)|HEAP_ALLOCATE|[85]|Bytes:4
17:16:12.305 (305793949)|VARIABLE_SCOPE_BEGIN|[85]|bufferMap|Map<String,Map<String,SObject>>|true|false
17:16:12.305 (305812637)|VARIABLE_ASSIGNMENT|[85]|bufferMap|{"s":1,"v":{}}|0x133af3ba
17:16:12.305 (305818200)|STATEMENT_EXECUTE|[86]
17:16:12.305 (305858769)|HEAP_ALLOCATE|[EXTERNAL]|Bytes:-4
17:16:12.305 (305916574)|STATEMENT_EXECUTE|[89]
17:16:12.305 (305920669)|STATEMENT_EXECUTE|[90]
17:16:12.305 (305953820)|HEAP_ALLOCATE|[EXTERNAL]|Bytes:-4
17:16:12.305 (305982417)|HEAP_ALLOCATE|[72]|Bytes:5
17:16:12.305 (305999087)|VARIABLE_ASSIGNMENT|[72]|relationshipKey|null
17:16:12.306 (306010920)|METHOD_EXIT|[64]|01p58000000n6rI|SObjectUtility.createChildren(String, Map<String,List<SObjectData>>)
17:16:12.306 (306027873)|HEAP_ALLOCATE|[60]|Bytes:5
17:16:12.306 (306041448)|VARIABLE_ASSIGNMENT|[60]|obj|null|
17:16:12.306 (306046001)|STATEMENT_EXECUTE|[67]
17:16:12.306 (306053478)|METHOD_EXIT|[6]|01p58000000n6rI|SObjectUtility.createRoot(List<SObjectData>)
17:16:12.306 (306059511)|VARIABLE_SCOPE_BEGIN|[6]|root|Map<String,SObject>|true|false
17:16:12.306 (306080865)|VARIABLE_ASSIGNMENT|[6]|root|{"s":1,"v":{"NB5glemH2MJpcr4KVG":{"Name":"Scoring Scheme 5x5","RecordTypeId":"012580000000H5p"}}}|0x6c6093fc
17:16:12.306 (306087721)|STATEMENT_EXECUTE|[7]
17:16:12.306 (306103751)|METHOD_ENTRY|[7]|01p58000000n6rI|SObjectUtility.insertSObjects(Map<String,SObject>)
17:16:12.306 (306134059)|VARIABLE_SCOPE_BEGIN|[24]|this|SObjectUtility|true|false
17:16:12.306 (306157695)|VARIABLE_ASSIGNMENT|[24]|this|{"childrenMap":"0x3deedab0"}|0x5c8f0387
17:16:12.306 (306165250)|VARIABLE_SCOPE_BEGIN|[24]|objMap|Map<String,SObject>|true|false
17:16:12.306 (306181408)|VARIABLE_ASSIGNMENT|[24]|objMap|{"s":1,"v":{"NB5glemH2MJpcr4KVG":{"Name":"Scoring Scheme 5x5","RecordTypeId":"012580000000H5p"}}}|0x6c6093fc
17:16:12.306 (306192339)|HEAP_ALLOCATE|[25]|Bytes:5
17:16:12.306 (306197323)|STATEMENT_EXECUTE|[24]
17:16:12.306 (306200092)|STATEMENT_EXECUTE|[25]
17:16:12.306 (306202203)|STATEMENT_EXECUTE|[25]
17:16:12.306 (306204480)|STATEMENT_EXECUTE|[26]
17:16:12.306 (306209695)|HEAP_ALLOCATE|[26]|Bytes:4
17:16:12.306 (306219172)|VARIABLE_SCOPE_BEGIN|[26]|childMap|Map<String,SObject>|true|false
17:16:12.306 (306236320)|VARIABLE_ASSIGNMENT|[26]|childMap|{"s":1,"v":{}}|0xae2565e
17:16:12.306 (306241377)|STATEMENT_EXECUTE|[27]
17:16:12.306 (306284448)|HEAP_ALLOCATE|[EXTERNAL]|Bytes:8
17:16:12.306 (306299657)|HEAP_ALLOCATE|[27]|Bytes:69
17:16:12.306 (306375250)|DML_BEGIN|[27]|Op:Insert|Type:SObject|Rows:1
17:16:12.306 (306411196)|HEAP_ALLOCATE|[EXTERNAL]|Bytes:8
17:16:12.371 (371808449)|DML_END|[27]
17:16:12.371 (371922437)|HEAP_ALLOCATE|[EXTERNAL]|Bytes:8
17:16:12.371 (371944139)|HEAP_ALLOCATE|[28]|Bytes:4
17:16:12.372 (372024544)|HEAP_ALLOCATE|[28]|Bytes:26
17:16:12.372 (372063124)|HEAP_ALLOCATE|[28]|Bytes:4
17:16:12.372 (372110706)|HEAP_ALLOCATE|[28]|Bytes:5
17:16:12.372 (372133011)|VARIABLE_SCOPE_BEGIN|[28]|key|String|false|false
17:16:12.372 (372149712)|VARIABLE_ASSIGNMENT|[28]|key|"NB5glemH2MJpcr4KVG"
17:16:12.372 (372155857)|STATEMENT_EXECUTE|[28]
17:16:12.372 (372162237)|HEAP_ALLOCATE|[29]|Bytes:4
17:16:12.372 (372221358)|HEAP_ALLOCATE|[29]|Bytes:31
17:16:12.372 (372256641)|HEAP_ALLOCATE|[29]|Bytes:4
17:16:12.372 (372294100)|HEAP_ALLOCATE|[29]|Bytes:5
17:16:12.372 (372312332)|VARIABLE_SCOPE_BEGIN|[29]|relationshipKey|String|false|false
17:16:12.372 (372325230)|VARIABLE_ASSIGNMENT|[29]|relationshipKey|"Risk__Scoring_Scheme (3 more) ..."
17:16:12.372 (372330012)|STATEMENT_EXECUTE|[29]
17:16:12.372 (372411664)|STATEMENT_EXECUTE|[31]
17:16:12.372 (372416156)|STATEMENT_EXECUTE|[32]
17:16:12.372 (372532209)|HEAP_ALLOCATE|[32]|Bytes:18
17:16:12.372 (372653290)|METHOD_ENTRY|[32]|01p58000000n6rI|SObjectUtility.buildRelationships(String, String, Map<String,SObject>)
17:16:12.372 (372670565)|VARIABLE_SCOPE_BEGIN|[47]|this|SObjectUtility|true|false
17:16:12.372 (372701675)|VARIABLE_ASSIGNMENT|[47]|this|{"childrenMap":"0x3deedab0"}|0x5c8f0387
17:16:12.372 (372709859)|VARIABLE_SCOPE_BEGIN|[47]|field|String|false|false
17:16:12.372 (372717737)|VARIABLE_ASSIGNMENT|[47]|field|"Risk__Scoring_Scheme (3 more) ..."
17:16:12.372 (372722335)|VARIABLE_SCOPE_BEGIN|[47]|parentId|String|false|false
17:16:12.372 (372728284)|VARIABLE_ASSIGNMENT|[47]|parentId|"a0u58000000PNV5AAO"
17:16:12.372 (372732944)|VARIABLE_SCOPE_BEGIN|[47]|objMap|Map<String,SObject>|true|false
17:16:12.372 (372753662)|VARIABLE_ASSIGNMENT|[47]|objMap|{"s":1,"v":{"fe4wlzeMTaAhGyZx3P":{"Name":"Cost IC","Risk__Type_of_Risk__ (1 more) ...":"Time"}}}|0x6478da57
17:16:12.372 (372766037)|HEAP_ALLOCATE|[48]|Bytes:5
17:16:12.372 (372771474)|STATEMENT_EXECUTE|[47]
17:16:12.372 (372774332)|STATEMENT_EXECUTE|[48]
17:16:12.372 (372776462)|STATEMENT_EXECUTE|[48]
17:16:12.372 (372782043)|HEAP_ALLOCATE|[49]|Bytes:4
17:16:12.372 (372839269)|HEAP_ALLOCATE|[49]|Bytes:26
17:16:12.372 (372868324)|HEAP_ALLOCATE|[49]|Bytes:4
17:16:12.372 (372905295)|HEAP_ALLOCATE|[49]|Bytes:5
17:16:12.372 (372923574)|VARIABLE_SCOPE_BEGIN|[49]|key|String|false|false
17:16:12.372 (372934999)|VARIABLE_ASSIGNMENT|[49]|key|"fe4wlzeMTaAhGyZx3P"
17:16:12.372 (372939791)|STATEMENT_EXECUTE|[49]
17:16:12.372 (372942515)|STATEMENT_EXECUTE|[50]
17:16:12.373 (373139289)|HEAP_ALLOCATE|[49]|Bytes:5
17:16:12.373 (373158470)|VARIABLE_ASSIGNMENT|[49]|key|null
17:16:12.373 (373164112)|STATEMENT_EXECUTE|[52]
17:16:12.373 (373174565)|METHOD_EXIT|[32]|01p58000000n6rI|SObjectUtility.buildRelationships(String, String, Map<String,SObject>)
17:16:12.373 (373208945)|HEAP_ALLOCATE|[EXTERNAL]|Bytes:-4
17:16:12.373 (373213731)|HEAP_ALLOCATE|[32]|Bytes:4
17:16:12.373 (373240048)|HEAP_ALLOCATE|[29]|Bytes:5
17:16:12.373 (373256000)|VARIABLE_ASSIGNMENT|[29]|relationshipKey|null
17:16:12.373 (373269680)|HEAP_ALLOCATE|[28]|Bytes:5
17:16:12.373 (373282331)|VARIABLE_ASSIGNMENT|[28]|key|null
17:16:12.373 (373328786)|HEAP_ALLOCATE|[37]|Bytes:26
17:16:12.373 (373362100)|STATEMENT_EXECUTE|[37]
17:16:12.373 (373365665)|STATEMENT_EXECUTE|[38]
17:16:12.373 (373375505)|METHOD_ENTRY|[38]|01p58000000n6rI|SObjectUtility.insertSObjects(Map<String,SObject>)
17:16:12.373 (373394374)|VARIABLE_SCOPE_BEGIN|[24]|this|SObjectUtility|true|false
17:16:12.373 (373419258)|VARIABLE_ASSIGNMENT|[24]|this|{"childrenMap":"0x3deedab0"}|0x5c8f0387
17:16:12.373 (373424973)|VARIABLE_SCOPE_BEGIN|[24]|objMap|Map<String,SObject>|true|false
17:16:12.373 (373444438)|VARIABLE_ASSIGNMENT|[24]|objMap|{"s":1,"v":{"fe4wlzeMTaAhGyZx3P":{"Name":"Cost IC","Risk__Type_of_Risk__ (1 more) ...":"Time","Risk__Scoring_Scheme (3 more) ...":"a0u58000000PNV5AAO"}}}|0xae2565e
17:16:12.373 (373456219)|HEAP_ALLOCATE|[25]|Bytes:5
17:16:12.373 (373461103)|STATEMENT_EXECUTE|[24]
17:16:12.373 (373463592)|STATEMENT_EXECUTE|[25]
17:16:12.373 (373465744)|STATEMENT_EXECUTE|[25]
17:16:12.373 (373467862)|STATEMENT_EXECUTE|[26]
17:16:12.373 (373473063)|HEAP_ALLOCATE|[26]|Bytes:4
17:16:12.373 (373479783)|VARIABLE_SCOPE_BEGIN|[26]|childMap|Map<String,SObject>|true|false
17:16:12.373 (373498359)|VARIABLE_ASSIGNMENT|[26]|childMap|{"s":1,"v":{}}|0x5a7c327b
17:16:12.373 (373503539)|STATEMENT_EXECUTE|[27]
17:16:12.373 (373523774)|HEAP_ALLOCATE|[EXTERNAL]|Bytes:8
17:16:12.373 (373536116)|HEAP_ALLOCATE|[27]|Bytes:101
17:16:12.373 (373572803)|DML_BEGIN|[27]|Op:Insert|Type:SObject|Rows:1
17:16:12.373 (373596291)|HEAP_ALLOCATE|[EXTERNAL]|Bytes:8
17:16:12.387 (387550029)|ENTERING_MANAGED_PKG|Risk
17:16:12.393 (393331621)|SOQL_EXECUTE_BEGIN|[19]|Aggregations:1|SELECT Id, (SELECT Risk__Order__c FROM Impact_Categories__r ORDER BY Order__c DESC NULLS FIRST LIMIT 1) FROM Scoring_Scheme__c WHERE Id = :tmpVar1
17:16:12.400 (400178163)|SOQL_EXECUTE_END|[19]|Rows:1
17:16:12.402 (402153778)|SOQL_EXECUTE_BEGIN|[64]|Aggregations:1|SELECT Id, (SELECT Id, Risk__Type_of_Risk__c FROM Impact_Categories__r) FROM Scoring_Scheme__c WHERE Id = :tmpVar1
17:16:12.405 (405989908)|SOQL_EXECUTE_END|[64]|Rows:1
17:16:12.435 (435157424)|DML_END|[27]
17:16:12.435 (435185601)|HEAP_ALLOCATE|[EXTERNAL]|Bytes:8
17:16:12.435 (435198420)|HEAP_ALLOCATE|[28]|Bytes:4
17:16:12.435 (435240224)|HEAP_ALLOCATE|[28]|Bytes:26
17:16:12.435 (435272524)|HEAP_ALLOCATE|[28]|Bytes:4
17:16:12.435 (435320445)|HEAP_ALLOCATE|[28]|Bytes:5
17:16:12.435 (435338241)|VARIABLE_SCOPE_BEGIN|[28]|key|String|false|false
17:16:12.435 (435351748)|VARIABLE_ASSIGNMENT|[28]|key|"fe4wlzeMTaAhGyZx3P"
17:16:12.435 (435357151)|STATEMENT_EXECUTE|[28]
17:16:12.435 (435362814)|HEAP_ALLOCATE|[29]|Bytes:4
17:16:12.435 (435400469)|HEAP_ALLOCATE|[29]|Bytes:31
17:16:12.435 (435426733)|HEAP_ALLOCATE|[29]|Bytes:4
17:16:12.435 (435460062)|HEAP_ALLOCATE|[29]|Bytes:5
17:16:12.435 (435475109)|VARIABLE_SCOPE_BEGIN|[29]|relationshipKey|String|false|false
17:16:12.435 (435487527)|VARIABLE_ASSIGNMENT|[29]|relationshipKey|"Risk__Scoring_Scheme (3 more) ..."
17:16:12.435 (435492296)|STATEMENT_EXECUTE|[29]
17:16:12.435 (435547236)|STATEMENT_EXECUTE|[31]
17:16:12.435 (435564459)|HEAP_ALLOCATE|[29]|Bytes:5
17:16:12.435 (435580198)|VARIABLE_ASSIGNMENT|[29]|relationshipKey|null
17:16:12.435 (435594427)|HEAP_ALLOCATE|[28]|Bytes:5
17:16:12.435 (435607560)|VARIABLE_ASSIGNMENT|[28]|key|null
17:16:12.435 (435635134)|HEAP_ALLOCATE|[37]|Bytes:4
17:16:12.435 (435669478)|STATEMENT_EXECUTE|[37]
17:16:12.435 (435681043)|METHOD_EXIT|[38]|01p58000000n6rI|SObjectUtility.insertSObjects(Map<String,SObject>)
17:16:12.435 (435688614)|METHOD_EXIT|[7]|01p58000000n6rI|SObjectUtility.insertSObjects(Map<String,SObject>)
17:16:12.435 (435692637)|STATEMENT_EXECUTE|[8]
17:16:12.435 (435700293)|METHOD_EXIT|[20]|01p58000000n6rI|SObjectUtility.createSObjects(List<SObjectData>)
17:16:12.435 (435704877)|STATEMENT_EXECUTE|[22]
17:16:12.436 (436686998)|METHOD_ENTRY|[1]|01p58000000n6Yd|AppException.AppException()
17:16:12.436 (436695646)|STATEMENT_EXECUTE|[1]
17:16:12.436 (436700483)|STATEMENT_EXECUTE|[1]
17:16:12.436 (436708733)|METHOD_EXIT|[1]|AppException
17:16:12.436 (436731424)|HEAP_ALLOCATE|[22]|Bytes:28
17:16:12.436 (436738775)|HEAP_ALLOCATE|[22]|Bytes:4
17:16:12.436 (436754815)|CONSTRUCTOR_ENTRY|[22]|01p58000000n6Yd|<init>(String)
17:16:12.436 (436799441)|VARIABLE_SCOPE_BEGIN|[1]|this|AppException|true|false
17:16:12.436 (436930036)|VARIABLE_ASSIGNMENT|[1]|this|"common.apex.runtime.impl.ExecutionException"|0x3cb13fd6
17:16:12.436 (436949195)|HEAP_ALLOCATE|[EXTERNAL]|Bytes:34
17:16:12.436 (436972068)|VARIABLE_SCOPE_BEGIN|[2]|this|System.ApexBaseException|true|false
17:16:12.437 (437038720)|VARIABLE_ASSIGNMENT|[2]|this|"common.apex.runtime.impl.ExecutionException"|0x637cc19f
17:16:12.437 (437076180)|VARIABLE_ASSIGNMENT|[-1]|Exception.serialVersionUID|-3387516993124229948|0x72d34ba5
17:16:12.438 (438719740)|STATEMENT_EXECUTE|[1]
17:16:12.438 (438731803)|CONSTRUCTOR_EXIT|[22]|01p58000000n6Yd|<init>(String)
17:16:12.438 (438769281)|EXCEPTION_THROWN|[22]|AppException: stop
17:16:12.438 (438803253)|EXCEPTION_THROWN|[22]|AppException: stop
17:16:12.438 (438813926)|METHOD_EXIT|[34]|01p58000000n81u|ScoringSchemeHelper.create5x5ScoringScheme()
17:16:12.438 (438822762)|SYSTEM_MODE_EXIT|false
17:16:12.438 (438848678)|EXCEPTION_THROWN|[34]|AppException: stop
17:16:12.438 (438960960)|FATAL_ERROR|AppException: stop

Class.ScoringSchemeHelper.create5x5ScoringScheme: line 22, column 1
AnonymousBlock: line 34, column 1
17:16:12.439 (439003863)|CUMULATIVE_LIMIT_USAGE
17:16:12.439 (439003863)|LIMIT_USAGE_FOR_NS|(default)|
  Number of SOQL queries: 0 out of 100
  Number of query rows: 0 out of 50000
  Number of SOSL queries: 0 out of 20
  Number of DML statements: 2 out of 150
  Number of DML rows: 2 out of 10000
  Maximum CPU time: 42 out of 10000
  Maximum heap size: 0 out of 6000000
  Number of callouts: 0 out of 100
  Number of Email Invocations: 0 out of 10
  Number of future calls: 0 out of 50
  Number of queueable jobs added to the queue: 0 out of 50
  Number of Mobile Apex push calls: 0 out of 10

17:16:12.439 (439003863)|LIMIT_USAGE_FOR_NS|Risk|
  Number of SOQL queries: 2 out of 100
  Number of query rows: 2 out of 50000
  Number of SOSL queries: 0 out of 20
  Number of DML statements: 0 out of 150
  Number of DML rows: 0 out of 10000
  Maximum CPU time: 0 out of 10000
  Maximum heap size: 0 out of 6000000
  Number of callouts: 0 out of 100
  Number of Email Invocations: 0 out of 10
  Number of future calls: 0 out of 50
  Number of queueable jobs added to the queue: 0 out of 50
  Number of Mobile Apex push calls: 0 out of 10

17:16:12.439 (439003863)|CUMULATIVE_LIMIT_USAGE_END

17:16:12.439 (439067369)|CODE_UNIT_FINISHED|execute_anonymous_apex
17:16:12.440 (440451876)|EXECUTION_FINISHED
