35.0 APEX_CODE,FINEST;APEX_PROFILING,INFO;CALLOUT,INFO;DB,INFO;SYSTEM,DEBUG;VALIDATION,INFO;VISUALFORCE,INFO;WORKFLOW,INFO
Execute Anonymous: SObjectData d = new SObjectData('Test_objects__c');
Execute Anonymous: Map<String, String> x = new Map<String, String>();
Execute Anonymous: x.put('Name', 'x');
Execute Anonymous: 
Execute Anonymous: SObjectData d1 = new SObjectData('Test_objects__c');
Execute Anonymous: d1.setParent(d);
Execute Anonymous: 
Execute Anonymous: d.addChild(d1);
Execute Anonymous: 
Execute Anonymous: ScoringSchemeHelper h = new ScoringSchemeHelper();
Execute Anonymous: h.createSObjects(new List<SObjectData> { d} );
14:10:43.170 (170489860)|EXECUTION_STARTED
14:10:43.170 (170503672)|CODE_UNIT_STARTED|[EXTERNAL]|execute_anonymous_apex
14:10:43.187 (187154076)|VARIABLE_SCOPE_BEGIN|[1]|d|SObjectData|true|false
14:10:43.187 (187178290)|VARIABLE_SCOPE_BEGIN|[5]|d1|SObjectData|true|false
14:10:43.196 (196899085)|VARIABLE_SCOPE_BEGIN|[10]|h|ScoringSchemeHelper|true|false
14:10:43.196 (196917322)|VARIABLE_SCOPE_BEGIN|[2]|x|Map<String,String>|true|false
14:10:43.197 (197103333)|HEAP_ALLOCATE|[72]|Bytes:3
14:10:43.197 (197175088)|HEAP_ALLOCATE|[77]|Bytes:152
14:10:43.197 (197199535)|HEAP_ALLOCATE|[342]|Bytes:408
14:10:43.197 (197226045)|HEAP_ALLOCATE|[355]|Bytes:408
14:10:43.197 (197252392)|HEAP_ALLOCATE|[467]|Bytes:48
14:10:43.197 (197301647)|HEAP_ALLOCATE|[139]|Bytes:6
14:10:43.197 (197338658)|HEAP_ALLOCATE|[EXTERNAL]|Bytes:17
14:10:43.197 (197397673)|STATEMENT_EXECUTE|[1]
14:10:43.197 (197402717)|STATEMENT_EXECUTE|[1]
14:10:43.197 (197408988)|HEAP_ALLOCATE|[1]|Bytes:34
14:10:43.197 (197452530)|METHOD_ENTRY|[1]|01p58000000n6Fr|SObjectData.SObjectData()
14:10:43.197 (197458521)|STATEMENT_EXECUTE|[1]
14:10:43.197 (197462893)|STATEMENT_EXECUTE|[1]
14:10:43.197 (197507767)|HEAP_ALLOCATE|[50]|Bytes:5
14:10:43.197 (197541034)|HEAP_ALLOCATE|[56]|Bytes:5
14:10:43.197 (197555380)|HEAP_ALLOCATE|[64]|Bytes:7
14:10:43.197 (197584335)|SYSTEM_MODE_ENTER|false
14:10:43.197 (197608821)|HEAP_ALLOCATE|[1]|Bytes:5
14:10:43.197 (197618723)|SYSTEM_MODE_EXIT|false
14:10:43.197 (197630100)|METHOD_EXIT|[1]|SObjectData
14:10:43.197 (197731503)|HEAP_ALLOCATE|[1]|Bytes:20
14:10:43.197 (197739718)|HEAP_ALLOCATE|[1]|Bytes:15
14:10:43.197 (197770499)|SYSTEM_MODE_ENTER|false
14:10:43.197 (197803386)|HEAP_ALLOCATE|[1]|Bytes:5
14:10:43.197 (197826595)|CONSTRUCTOR_ENTRY|[1]|01p58000000n6Fr|<init>(String)
14:10:43.197 (197871418)|VARIABLE_SCOPE_BEGIN|[7]|this|SObjectData|true|false
14:10:43.197 (197934152)|VARIABLE_ASSIGNMENT|[7]|this|{}|0x271665c5
14:10:43.197 (197942132)|VARIABLE_SCOPE_BEGIN|[7]|sobjectType|String|false|false
14:10:43.197 (197954457)|VARIABLE_ASSIGNMENT|[7]|sobjectType|"Test_objects__c"
14:10:43.197 (197963758)|HEAP_ALLOCATE|[2]|Bytes:5
14:10:43.197 (197968657)|STATEMENT_EXECUTE|[1]
14:10:43.197 (197972633)|HEAP_ALLOCATE|[2]|Bytes:5
14:10:43.197 (197975721)|STATEMENT_EXECUTE|[2]
14:10:43.197 (197985505)|HEAP_ALLOCATE|[2]|Bytes:4
14:10:43.198 (198033431)|VARIABLE_ASSIGNMENT|[2]|this.fieldMap|{"s":1,"v":{}}|0x271665c5
14:10:43.198 (198040156)|STATEMENT_EXECUTE|[3]
14:10:43.198 (198042895)|STATEMENT_EXECUTE|[4]
14:10:43.198 (198045037)|STATEMENT_EXECUTE|[5]
14:10:43.198 (198060239)|HEAP_ALLOCATE|[2]|Bytes:6
14:10:43.198 (198078622)|VARIABLE_SCOPE_BEGIN|[2]|this|System.ApexBaseClass|true|false
14:10:43.198 (198104547)|VARIABLE_ASSIGNMENT|[2]|this|{"fieldMap":"0x687d6f9f"}|0x271665c5
14:10:43.198 (198116727)|STATEMENT_EXECUTE|[7]
14:10:43.198 (198119660)|STATEMENT_EXECUTE|[8]
14:10:43.198 (198131980)|VARIABLE_ASSIGNMENT|[8]|this.sObjectType|"Test_objects__c"|0x271665c5
14:10:43.198 (198150156)|CONSTRUCTOR_EXIT|[1]|01p58000000n6Fr|<init>(String)
14:10:43.198 (198157926)|SYSTEM_MODE_EXIT|false
14:10:43.198 (198194765)|VARIABLE_ASSIGNMENT|[1]|d|{"fieldMap":"0x687d6f9f","sObjectType":"Test_objects__c"}|0x271665c5
14:10:43.198 (198201297)|STATEMENT_EXECUTE|[2]
14:10:43.198 (198208013)|HEAP_ALLOCATE|[2]|Bytes:4
14:10:43.198 (198237943)|VARIABLE_ASSIGNMENT|[2]|x|{"s":1,"v":{}}|0x1145b35a
14:10:43.198 (198243933)|STATEMENT_EXECUTE|[3]
14:10:43.198 (198255245)|HEAP_ALLOCATE|[3]|Bytes:4
14:10:43.198 (198259475)|HEAP_ALLOCATE|[3]|Bytes:1
14:10:43.198 (198321749)|HEAP_ALLOCATE|[EXTERNAL]|Bytes:-4
14:10:43.198 (198341626)|STATEMENT_EXECUTE|[5]
14:10:43.198 (198347903)|HEAP_ALLOCATE|[5]|Bytes:20
14:10:43.198 (198375521)|SYSTEM_MODE_ENTER|false
14:10:43.198 (198392456)|HEAP_ALLOCATE|[5]|Bytes:5
14:10:43.198 (198403941)|CONSTRUCTOR_ENTRY|[5]|01p58000000n6Fr|<init>(String)
14:10:43.198 (198427019)|VARIABLE_SCOPE_BEGIN|[7]|this|SObjectData|true|false
14:10:43.198 (198447693)|VARIABLE_ASSIGNMENT|[7]|this|{}|0x201f049e
14:10:43.198 (198452398)|VARIABLE_SCOPE_BEGIN|[7]|sobjectType|String|false|false
14:10:43.198 (198459478)|VARIABLE_ASSIGNMENT|[7]|sobjectType|"Test_objects__c"
14:10:43.198 (198467146)|HEAP_ALLOCATE|[2]|Bytes:5
14:10:43.198 (198471437)|STATEMENT_EXECUTE|[1]
14:10:43.198 (198475042)|HEAP_ALLOCATE|[2]|Bytes:5
14:10:43.198 (198478597)|STATEMENT_EXECUTE|[2]
14:10:43.198 (198486497)|HEAP_ALLOCATE|[2]|Bytes:4
14:10:43.198 (198509687)|VARIABLE_ASSIGNMENT|[2]|this.fieldMap|{"s":1,"v":{}}|0x201f049e
14:10:43.198 (198515388)|STATEMENT_EXECUTE|[3]
14:10:43.198 (198517939)|STATEMENT_EXECUTE|[4]
14:10:43.198 (198520075)|STATEMENT_EXECUTE|[5]
14:10:43.198 (198527936)|VARIABLE_SCOPE_BEGIN|[2]|this|System.ApexBaseClass|true|false
14:10:43.198 (198548013)|VARIABLE_ASSIGNMENT|[2]|this|{"fieldMap":"0x231d8695"}|0x201f049e
14:10:43.198 (198557309)|STATEMENT_EXECUTE|[7]
14:10:43.198 (198560073)|STATEMENT_EXECUTE|[8]
14:10:43.198 (198569671)|VARIABLE_ASSIGNMENT|[8]|this.sObjectType|"Test_objects__c"|0x201f049e
14:10:43.198 (198584626)|CONSTRUCTOR_EXIT|[5]|01p58000000n6Fr|<init>(String)
14:10:43.198 (198591415)|SYSTEM_MODE_EXIT|false
14:10:43.198 (198624119)|VARIABLE_ASSIGNMENT|[5]|d1|{"fieldMap":"0x231d8695","sObjectType":"Test_objects__c"}|0x201f049e
14:10:43.198 (198630851)|STATEMENT_EXECUTE|[6]
14:10:43.198 (198667822)|SYSTEM_MODE_ENTER|false
14:10:43.198 (198684470)|HEAP_ALLOCATE|[6]|Bytes:5
14:10:43.198 (198727221)|METHOD_ENTRY|[6]|01p58000000n6Fr|SObjectData.setParent(SObjectData)
14:10:43.198 (198757013)|VARIABLE_SCOPE_BEGIN|[27]|this|SObjectData|true|false
14:10:43.198 (198781554)|VARIABLE_ASSIGNMENT|[27]|this|{"fieldMap":"0x231d8695","sObjectType":"Test_objects__c"}|0x201f049e
14:10:43.198 (198787504)|VARIABLE_SCOPE_BEGIN|[27]|o|SObjectData|true|false
14:10:43.198 (198802632)|VARIABLE_ASSIGNMENT|[27]|o|{"fieldMap":"0x687d6f9f","sObjectType":"Test_objects__c"}|0x271665c5
14:10:43.198 (198817507)|HEAP_ALLOCATE|[28]|Bytes:5
14:10:43.198 (198822314)|STATEMENT_EXECUTE|[27]
14:10:43.198 (198825046)|STATEMENT_EXECUTE|[28]
14:10:43.198 (198832969)|VARIABLE_ASSIGNMENT|[28]|this.parent|0x271665c5|0x201f049e
14:10:43.198 (198842335)|METHOD_EXIT|[6]|01p58000000n6Fr|SObjectData.setParent(SObjectData)
14:10:43.198 (198847512)|SYSTEM_MODE_EXIT|false
14:10:43.198 (198852225)|STATEMENT_EXECUTE|[8]
14:10:43.198 (198882127)|SYSTEM_MODE_ENTER|false
14:10:43.198 (198898096)|HEAP_ALLOCATE|[8]|Bytes:5
14:10:43.198 (198921054)|METHOD_ENTRY|[8]|01p58000000n6Fr|SObjectData.addChild(SObjectData)
14:10:43.198 (198948746)|VARIABLE_SCOPE_BEGIN|[37]|this|SObjectData|true|false
14:10:43.198 (198972788)|VARIABLE_ASSIGNMENT|[37]|this|{"fieldMap":"0x687d6f9f","sObjectType":"Test_objects__c"}|0x271665c5
14:10:43.198 (198978415)|VARIABLE_SCOPE_BEGIN|[37]|o|SObjectData|true|false
14:10:43.198 (198994881)|VARIABLE_ASSIGNMENT|[37]|o|{"fieldMap":"0x231d8695","parent":"0x271665c5","sObjectType":"Test_objects__c"}|0x201f049e
14:10:43.199 (199004426)|HEAP_ALLOCATE|[38]|Bytes:5
14:10:43.199 (199009638)|STATEMENT_EXECUTE|[37]
14:10:43.199 (199016001)|STATEMENT_EXECUTE|[38]
14:10:43.199 (199018499)|STATEMENT_EXECUTE|[39]
14:10:43.199 (199025528)|HEAP_ALLOCATE|[39]|Bytes:4
14:10:43.199 (199196289)|HEAP_ALLOCATE|[EXTERNAL]|Bytes:4
14:10:43.199 (199215117)|VARIABLE_ASSIGNMENT|[39]|this.children|{"s":1,"v":[]}|0x271665c5
14:10:43.199 (199220591)|STATEMENT_EXECUTE|[41]
14:10:43.199 (199278487)|HEAP_ALLOCATE|[EXTERNAL]|Bytes:4
14:10:43.199 (199300258)|METHOD_EXIT|[8]|01p58000000n6Fr|SObjectData.addChild(SObjectData)
14:10:43.199 (199305959)|SYSTEM_MODE_EXIT|false
14:10:43.199 (199311179)|STATEMENT_EXECUTE|[10]
14:10:43.199 (199317600)|HEAP_ALLOCATE|[10]|Bytes:22
14:10:43.199 (199339356)|METHOD_ENTRY|[1]|01p58000000n2RS|ScoringSchemeHelper.ScoringSchemeHelper()
14:10:43.199 (199344473)|STATEMENT_EXECUTE|[1]
14:10:43.199 (199348579)|STATEMENT_EXECUTE|[1]
14:10:43.199 (199354043)|SYSTEM_MODE_ENTER|false
14:10:43.199 (199358970)|HEAP_ALLOCATE|[10]|Bytes:5
14:10:43.199 (199363892)|SYSTEM_MODE_EXIT|false
14:10:43.199 (199372692)|METHOD_EXIT|[1]|ScoringSchemeHelper
14:10:43.199 (199390836)|HEAP_ALLOCATE|[10]|Bytes:8
14:10:43.199 (199417991)|SYSTEM_MODE_ENTER|false
14:10:43.199 (199434234)|HEAP_ALLOCATE|[10]|Bytes:5
14:10:43.199 (199456540)|CONSTRUCTOR_ENTRY|[10]|01p58000000n2RS|<init>()
14:10:43.199 (199491158)|VARIABLE_SCOPE_BEGIN|[1]|this|ScoringSchemeHelper|true|false
14:10:43.199 (199515629)|VARIABLE_ASSIGNMENT|[1]|this|{}|0x34aa89a5
14:10:43.199 (199524522)|HEAP_ALLOCATE|[3]|Bytes:5
14:10:43.199 (199532361)|VARIABLE_SCOPE_BEGIN|[2]|this|System.ApexBaseClass|true|false
14:10:43.199 (199546512)|VARIABLE_ASSIGNMENT|[2]|this|{}|0x34aa89a5
14:10:43.199 (199557361)|STATEMENT_EXECUTE|[1]
14:10:43.199 (199562888)|HEAP_ALLOCATE|[3]|Bytes:5
14:10:43.199 (199566249)|STATEMENT_EXECUTE|[3]
14:10:43.199 (199572394)|HEAP_ALLOCATE|[3]|Bytes:4
14:10:43.199 (199602692)|VARIABLE_ASSIGNMENT|[3]|this.childrenMap|{"s":1,"v":{}}|0x34aa89a5
14:10:43.199 (199621309)|CONSTRUCTOR_EXIT|[10]|01p58000000n2RS|<init>()
14:10:43.199 (199627305)|SYSTEM_MODE_EXIT|false
14:10:43.199 (199664624)|VARIABLE_ASSIGNMENT|[10]|h|{"childrenMap":"0x5c8894c9"}|0x34aa89a5
14:10:43.199 (199671250)|STATEMENT_EXECUTE|[11]
14:10:43.199 (199682112)|HEAP_ALLOCATE|[11]|Bytes:4
14:10:43.199 (199743069)|SYSTEM_MODE_ENTER|false
14:10:43.199 (199759735)|HEAP_ALLOCATE|[11]|Bytes:5
14:10:43.199 (199791310)|METHOD_ENTRY|[11]|01p58000000n2RS|ScoringSchemeHelper.createSObjects(List<SObjectData>)
14:10:43.199 (199800787)|VARIABLE_SCOPE_BEGIN|[5]|this|ScoringSchemeHelper|true|false
14:10:43.199 (199822017)|VARIABLE_ASSIGNMENT|[5]|this|{"childrenMap":"0x5c8894c9"}|0x34aa89a5
14:10:43.199 (199828355)|VARIABLE_SCOPE_BEGIN|[5]|dataList|List<SObjectData>|true|false
14:10:43.199 (199840004)|HEAP_ALLOCATE|[EXTERNAL]|Bytes:8
14:10:43.199 (199864643)|VARIABLE_ASSIGNMENT|[5]|dataList|{"s":1,"v":[{"children":"0xb0f58e5","fieldMap":"0x687d6f9f","sObjectType":"Test_objects__c"}]}|0x182f3026
14:10:43.199 (199875489)|HEAP_ALLOCATE|[6]|Bytes:5
14:10:43.199 (199880198)|STATEMENT_EXECUTE|[5]
14:10:43.199 (199883084)|STATEMENT_EXECUTE|[6]
14:10:43.199 (199903891)|METHOD_ENTRY|[6]|01p58000000n2RS|ScoringSchemeHelper.createRoot(List<SObjectData>)
14:10:43.199 (199969980)|VARIABLE_SCOPE_BEGIN|[54]|this|ScoringSchemeHelper|true|false
14:10:43.199 (199992167)|VARIABLE_ASSIGNMENT|[54]|this|{"childrenMap":"0x5c8894c9"}|0x34aa89a5
14:10:43.199 (199998884)|VARIABLE_SCOPE_BEGIN|[54]|dataList|List<SObjectData>|true|false
14:10:43.200 (200020371)|VARIABLE_ASSIGNMENT|[54]|dataList|{"s":1,"v":[{"children":"0xb0f58e5","fieldMap":"0x687d6f9f","sObjectType":"Test_objects__c"}]}|0x182f3026
14:10:43.200 (200031672)|HEAP_ALLOCATE|[55]|Bytes:5
14:10:43.200 (200036227)|STATEMENT_EXECUTE|[54]
14:10:43.200 (200038770)|STATEMENT_EXECUTE|[55]
14:10:43.200 (200044739)|HEAP_ALLOCATE|[55]|Bytes:4
14:10:43.200 (200058770)|VARIABLE_SCOPE_BEGIN|[55]|rootObjects|Map<String,SObject>|true|false
14:10:43.200 (200077342)|VARIABLE_ASSIGNMENT|[55]|rootObjects|{"s":1,"v":{}}|0x38be9df1
14:10:43.200 (200343624)|HEAP_ALLOCATE|[56]|Bytes:5
14:10:43.200 (200367445)|HEAP_ALLOCATE|[56]|Bytes:20
14:10:43.200 (200379316)|VARIABLE_SCOPE_BEGIN|[56]|obj|SObjectData|true|false
14:10:43.200 (200406563)|VARIABLE_ASSIGNMENT|[56]|obj|{"children":"0xb0f58e5","fieldMap":"0x687d6f9f","sObjectType":"Test_objects__c"}|0x271665c5
14:10:43.200 (200413711)|STATEMENT_EXECUTE|[56]
14:10:43.200 (200416364)|STATEMENT_EXECUTE|[57]
14:10:43.200 (200435807)|METHOD_ENTRY|[57]|01p58000000n2RS|ScoringSchemeHelper.generateRandomString(Integer)
14:10:43.200 (200465079)|HEAP_ALLOCATE|[79]|Bytes:4
14:10:43.200 (200471733)|VARIABLE_SCOPE_BEGIN|[78]|len|Integer|false|false
14:10:43.200 (200481245)|VARIABLE_ASSIGNMENT|[78]|len|18
14:10:43.200 (200491410)|HEAP_ALLOCATE|[79]|Bytes:5
14:10:43.200 (200495884)|STATEMENT_EXECUTE|[78]
14:10:43.200 (200498360)|STATEMENT_EXECUTE|[79]
14:10:43.200 (200501732)|HEAP_ALLOCATE|[79]|Bytes:62
14:10:43.200 (200506486)|VARIABLE_SCOPE_BEGIN|[79]|chars|String|false|false
14:10:43.200 (200516764)|VARIABLE_ASSIGNMENT|[79]|chars|"ABCDEFGHIJKLMNOPQRST (42 more) ..."
14:10:43.200 (200520341)|STATEMENT_EXECUTE|[80]
14:10:43.200 (200524684)|VARIABLE_SCOPE_BEGIN|[80]|randStr|String|false|false
14:10:43.200 (200530687)|VARIABLE_ASSIGNMENT|[80]|randStr|""
14:10:43.200 (200611298)|STATEMENT_EXECUTE|[81]
14:10:43.200 (200615372)|STATEMENT_EXECUTE|[82]
14:10:43.200 (200825158)|VARIABLE_SCOPE_BEGIN|[2]|Math.E|Double|false|true
14:10:43.200 (200832311)|VARIABLE_SCOPE_BEGIN|[3]|Math.PI|Double|false|true
14:10:43.201 (201119805)|VARIABLE_SCOPE_BEGIN|[82]|idx|Integer|false|false
14:10:43.201 (201126502)|HEAP_ALLOCATE|[82]|Bytes:4
14:10:43.201 (201135644)|VARIABLE_ASSIGNMENT|[82]|idx|58
14:10:43.201 (201139373)|STATEMENT_EXECUTE|[83]
14:10:43.201 (201190251)|HEAP_ALLOCATE|[83]|Bytes:1
14:10:43.201 (201219312)|HEAP_ALLOCATE|[83]|Bytes:1
14:10:43.201 (201230536)|VARIABLE_ASSIGNMENT|[83]|randStr|"w"
14:10:43.201 (201254501)|STATEMENT_EXECUTE|[81]
14:10:43.201 (201257702)|STATEMENT_EXECUTE|[82]
14:10:43.201 (201361998)|VARIABLE_SCOPE_BEGIN|[82]|idx|Integer|false|false
14:10:43.201 (201367002)|HEAP_ALLOCATE|[82]|Bytes:4
14:10:43.201 (201375246)|VARIABLE_ASSIGNMENT|[82]|idx|46
14:10:43.201 (201378954)|STATEMENT_EXECUTE|[83]
14:10:43.201 (201402393)|HEAP_ALLOCATE|[83]|Bytes:1
14:10:43.201 (201418851)|HEAP_ALLOCATE|[83]|Bytes:2
14:10:43.201 (201428284)|VARIABLE_ASSIGNMENT|[83]|randStr|"wk"
14:10:43.201 (201449845)|STATEMENT_EXECUTE|[81]
14:10:43.201 (201452926)|STATEMENT_EXECUTE|[82]
14:10:43.201 (201563313)|VARIABLE_SCOPE_BEGIN|[82]|idx|Integer|false|false
14:10:43.201 (201568297)|HEAP_ALLOCATE|[82]|Bytes:4
14:10:43.201 (201576366)|VARIABLE_ASSIGNMENT|[82]|idx|61
14:10:43.201 (201579900)|STATEMENT_EXECUTE|[83]
14:10:43.201 (201602966)|HEAP_ALLOCATE|[83]|Bytes:1
14:10:43.201 (201618987)|HEAP_ALLOCATE|[83]|Bytes:3
14:10:43.201 (201628334)|VARIABLE_ASSIGNMENT|[83]|randStr|"wkz"
14:10:43.201 (201654555)|STATEMENT_EXECUTE|[81]
14:10:43.201 (201657778)|STATEMENT_EXECUTE|[82]
14:10:43.201 (201757635)|VARIABLE_SCOPE_BEGIN|[82]|idx|Integer|false|false
14:10:43.201 (201762519)|HEAP_ALLOCATE|[82]|Bytes:4
14:10:43.201 (201770555)|VARIABLE_ASSIGNMENT|[82]|idx|52
14:10:43.201 (201774009)|STATEMENT_EXECUTE|[83]
14:10:43.201 (201797065)|HEAP_ALLOCATE|[83]|Bytes:1
14:10:43.201 (201813243)|HEAP_ALLOCATE|[83]|Bytes:4
14:10:43.201 (201822783)|VARIABLE_ASSIGNMENT|[83]|randStr|"wkzq"
14:10:43.201 (201844232)|STATEMENT_EXECUTE|[81]
14:10:43.201 (201847253)|STATEMENT_EXECUTE|[82]
14:10:43.201 (201958434)|VARIABLE_SCOPE_BEGIN|[82]|idx|Integer|false|false
14:10:43.201 (201963343)|HEAP_ALLOCATE|[82]|Bytes:4
14:10:43.201 (201971423)|VARIABLE_ASSIGNMENT|[82]|idx|39
14:10:43.201 (201974965)|STATEMENT_EXECUTE|[83]
14:10:43.201 (201997807)|HEAP_ALLOCATE|[83]|Bytes:1
14:10:43.202 (202013877)|HEAP_ALLOCATE|[83]|Bytes:5
14:10:43.202 (202024218)|VARIABLE_ASSIGNMENT|[83]|randStr|"wkzqd"
14:10:43.202 (202045740)|STATEMENT_EXECUTE|[81]
14:10:43.202 (202048761)|STATEMENT_EXECUTE|[82]
14:10:43.202 (202148040)|VARIABLE_SCOPE_BEGIN|[82]|idx|Integer|false|false
14:10:43.202 (202152959)|HEAP_ALLOCATE|[82]|Bytes:4
14:10:43.202 (202161011)|VARIABLE_ASSIGNMENT|[82]|idx|28
14:10:43.202 (202164436)|STATEMENT_EXECUTE|[83]
14:10:43.202 (202187466)|HEAP_ALLOCATE|[83]|Bytes:1
14:10:43.202 (202203514)|HEAP_ALLOCATE|[83]|Bytes:6
14:10:43.202 (202213200)|VARIABLE_ASSIGNMENT|[83]|randStr|"wkzqd2"
14:10:43.202 (202234342)|STATEMENT_EXECUTE|[81]
14:10:43.202 (202237400)|STATEMENT_EXECUTE|[82]
14:10:43.202 (202335593)|VARIABLE_SCOPE_BEGIN|[82]|idx|Integer|false|false
14:10:43.202 (202340363)|HEAP_ALLOCATE|[82]|Bytes:4
14:10:43.202 (202348424)|VARIABLE_ASSIGNMENT|[82]|idx|6
14:10:43.202 (202352070)|STATEMENT_EXECUTE|[83]
14:10:43.202 (202374678)|HEAP_ALLOCATE|[83]|Bytes:1
14:10:43.202 (202390622)|HEAP_ALLOCATE|[83]|Bytes:7
14:10:43.202 (202399945)|VARIABLE_ASSIGNMENT|[83]|randStr|"wkzqd2G"
14:10:43.202 (202421415)|STATEMENT_EXECUTE|[81]
14:10:43.202 (202424441)|STATEMENT_EXECUTE|[82]
14:10:43.202 (202530423)|VARIABLE_SCOPE_BEGIN|[82]|idx|Integer|false|false
14:10:43.202 (202535389)|HEAP_ALLOCATE|[82]|Bytes:4
14:10:43.202 (202543369)|VARIABLE_ASSIGNMENT|[82]|idx|22
14:10:43.202 (202546963)|STATEMENT_EXECUTE|[83]
14:10:43.202 (202570139)|HEAP_ALLOCATE|[83]|Bytes:1
14:10:43.202 (202585991)|HEAP_ALLOCATE|[83]|Bytes:8
14:10:43.202 (202595443)|VARIABLE_ASSIGNMENT|[83]|randStr|"wkzqd2GW"
14:10:43.202 (202617089)|STATEMENT_EXECUTE|[81]
14:10:43.202 (202620154)|STATEMENT_EXECUTE|[82]
14:10:43.202 (202724718)|VARIABLE_SCOPE_BEGIN|[82]|idx|Integer|false|false
14:10:43.202 (202729500)|HEAP_ALLOCATE|[82]|Bytes:4
14:10:43.202 (202737704)|VARIABLE_ASSIGNMENT|[82]|idx|33
14:10:43.202 (202741251)|STATEMENT_EXECUTE|[83]
14:10:43.202 (202764123)|HEAP_ALLOCATE|[83]|Bytes:1
14:10:43.202 (202780063)|HEAP_ALLOCATE|[83]|Bytes:9
14:10:43.202 (202789331)|VARIABLE_ASSIGNMENT|[83]|randStr|"wkzqd2GW7"
14:10:43.202 (202810513)|STATEMENT_EXECUTE|[81]
14:10:43.202 (202813613)|STATEMENT_EXECUTE|[82]
14:10:43.202 (202911055)|VARIABLE_SCOPE_BEGIN|[82]|idx|Integer|false|false
14:10:43.202 (202915679)|HEAP_ALLOCATE|[82]|Bytes:4
14:10:43.202 (202923519)|VARIABLE_ASSIGNMENT|[82]|idx|61
14:10:43.202 (202926898)|STATEMENT_EXECUTE|[83]
14:10:43.202 (202949503)|HEAP_ALLOCATE|[83]|Bytes:1
14:10:43.202 (202965559)|HEAP_ALLOCATE|[83]|Bytes:10
14:10:43.202 (202975063)|VARIABLE_ASSIGNMENT|[83]|randStr|"wkzqd2GW7z"
14:10:43.202 (202996474)|STATEMENT_EXECUTE|[81]
14:10:43.202 (202999546)|STATEMENT_EXECUTE|[82]
14:10:43.203 (203096135)|VARIABLE_SCOPE_BEGIN|[82]|idx|Integer|false|false
14:10:43.203 (203101655)|HEAP_ALLOCATE|[82]|Bytes:4
14:10:43.203 (203109494)|VARIABLE_ASSIGNMENT|[82]|idx|23
14:10:43.203 (203112923)|STATEMENT_EXECUTE|[83]
14:10:43.203 (203135505)|HEAP_ALLOCATE|[83]|Bytes:1
14:10:43.203 (203151529)|HEAP_ALLOCATE|[83]|Bytes:11
14:10:43.203 (203160839)|VARIABLE_ASSIGNMENT|[83]|randStr|"wkzqd2GW7zX"
14:10:43.203 (203181834)|STATEMENT_EXECUTE|[81]
14:10:43.203 (203184844)|STATEMENT_EXECUTE|[82]
14:10:43.203 (203281990)|VARIABLE_SCOPE_BEGIN|[82]|idx|Integer|false|false
14:10:43.203 (203286760)|HEAP_ALLOCATE|[82]|Bytes:4
14:10:43.203 (203294651)|VARIABLE_ASSIGNMENT|[82]|idx|29
14:10:43.203 (203298145)|STATEMENT_EXECUTE|[83]
14:10:43.203 (203320804)|HEAP_ALLOCATE|[83]|Bytes:1
14:10:43.203 (203336643)|HEAP_ALLOCATE|[83]|Bytes:12
14:10:43.203 (203345985)|VARIABLE_ASSIGNMENT|[83]|randStr|"wkzqd2GW7zX3"
14:10:43.203 (203367461)|STATEMENT_EXECUTE|[81]
14:10:43.203 (203370545)|STATEMENT_EXECUTE|[82]
14:10:43.203 (203478597)|VARIABLE_SCOPE_BEGIN|[82]|idx|Integer|false|false
14:10:43.203 (203485761)|HEAP_ALLOCATE|[82]|Bytes:4
14:10:43.203 (203494780)|VARIABLE_ASSIGNMENT|[82]|idx|57
14:10:43.203 (203498345)|STATEMENT_EXECUTE|[83]
14:10:43.203 (203521874)|HEAP_ALLOCATE|[83]|Bytes:1
14:10:43.203 (203537953)|HEAP_ALLOCATE|[83]|Bytes:13
14:10:43.203 (203547429)|VARIABLE_ASSIGNMENT|[83]|randStr|"wkzqd2GW7zX3v"
14:10:43.203 (203568974)|STATEMENT_EXECUTE|[81]
14:10:43.203 (203572028)|STATEMENT_EXECUTE|[82]
14:10:43.203 (203678248)|VARIABLE_SCOPE_BEGIN|[82]|idx|Integer|false|false
14:10:43.203 (203683209)|HEAP_ALLOCATE|[82]|Bytes:4
14:10:43.203 (203691135)|VARIABLE_ASSIGNMENT|[82]|idx|11
14:10:43.203 (203694605)|STATEMENT_EXECUTE|[83]
14:10:43.203 (203717572)|HEAP_ALLOCATE|[83]|Bytes:1
14:10:43.203 (203733521)|HEAP_ALLOCATE|[83]|Bytes:14
14:10:43.203 (203742791)|VARIABLE_ASSIGNMENT|[83]|randStr|"wkzqd2GW7zX3vL"
14:10:43.203 (203764191)|STATEMENT_EXECUTE|[81]
14:10:43.203 (203767343)|STATEMENT_EXECUTE|[82]
14:10:43.203 (203863556)|VARIABLE_SCOPE_BEGIN|[82]|idx|Integer|false|false
14:10:43.203 (203868275)|HEAP_ALLOCATE|[82]|Bytes:4
14:10:43.203 (203876211)|VARIABLE_ASSIGNMENT|[82]|idx|40
14:10:43.203 (203879708)|STATEMENT_EXECUTE|[83]
14:10:43.203 (203902002)|HEAP_ALLOCATE|[83]|Bytes:1
14:10:43.203 (203917784)|HEAP_ALLOCATE|[83]|Bytes:15
14:10:43.203 (203927172)|VARIABLE_ASSIGNMENT|[83]|randStr|"wkzqd2GW7zX3vLe"
14:10:43.203 (203948419)|STATEMENT_EXECUTE|[81]
14:10:43.203 (203951477)|STATEMENT_EXECUTE|[82]
14:10:43.204 (204047725)|VARIABLE_SCOPE_BEGIN|[82]|idx|Integer|false|false
14:10:43.204 (204052964)|HEAP_ALLOCATE|[82]|Bytes:4
14:10:43.204 (204061037)|VARIABLE_ASSIGNMENT|[82]|idx|42
14:10:43.204 (204064480)|STATEMENT_EXECUTE|[83]
14:10:43.204 (204087045)|HEAP_ALLOCATE|[83]|Bytes:1
14:10:43.204 (204103040)|HEAP_ALLOCATE|[83]|Bytes:16
14:10:43.204 (204112602)|VARIABLE_ASSIGNMENT|[83]|randStr|"wkzqd2GW7zX3vLeg"
14:10:43.204 (204134269)|STATEMENT_EXECUTE|[81]
14:10:43.204 (204137365)|STATEMENT_EXECUTE|[82]
14:10:43.204 (204234288)|VARIABLE_SCOPE_BEGIN|[82]|idx|Integer|false|false
14:10:43.204 (204238988)|HEAP_ALLOCATE|[82]|Bytes:4
14:10:43.204 (204246895)|VARIABLE_ASSIGNMENT|[82]|idx|10
14:10:43.204 (204250270)|STATEMENT_EXECUTE|[83]
14:10:43.204 (204272742)|HEAP_ALLOCATE|[83]|Bytes:1
14:10:43.204 (204288663)|HEAP_ALLOCATE|[83]|Bytes:17
14:10:43.204 (204298123)|VARIABLE_ASSIGNMENT|[83]|randStr|"wkzqd2GW7zX3vLegK"
14:10:43.204 (204319759)|STATEMENT_EXECUTE|[81]
14:10:43.204 (204322817)|STATEMENT_EXECUTE|[82]
14:10:43.204 (204421235)|VARIABLE_SCOPE_BEGIN|[82]|idx|Integer|false|false
14:10:43.204 (204426017)|HEAP_ALLOCATE|[82]|Bytes:4
14:10:43.204 (204433889)|VARIABLE_ASSIGNMENT|[82]|idx|32
14:10:43.204 (204437316)|STATEMENT_EXECUTE|[83]
14:10:43.204 (204460065)|HEAP_ALLOCATE|[83]|Bytes:1
14:10:43.204 (204475949)|HEAP_ALLOCATE|[83]|Bytes:18
14:10:43.204 (204487837)|VARIABLE_ASSIGNMENT|[83]|randStr|"wkzqd2GW7zX3vLegK6"
14:10:43.204 (204511877)|STATEMENT_EXECUTE|[85]
14:10:43.204 (204520826)|METHOD_EXIT|[57]|01p58000000n2RS|ScoringSchemeHelper.generateRandomString(Integer)
14:10:43.204 (204526422)|VARIABLE_SCOPE_BEGIN|[57]|rId|String|false|false
14:10:43.204 (204534720)|VARIABLE_ASSIGNMENT|[57]|rId|"wkzqd2GW7zX3vLegK6"
14:10:43.204 (204538304)|STATEMENT_EXECUTE|[58]
14:10:43.204 (204552199)|METHOD_ENTRY|[58]|01p58000000n2RS|ScoringSchemeHelper.createSObject(SObjectData)
14:10:43.204 (204585300)|VARIABLE_SCOPE_BEGIN|[11]|this|ScoringSchemeHelper|true|false
14:10:43.204 (204608629)|VARIABLE_ASSIGNMENT|[11]|this|{"childrenMap":"0x5c8894c9"}|0x34aa89a5
14:10:43.204 (204614676)|VARIABLE_SCOPE_BEGIN|[11]|obj|SObjectData|true|false
14:10:43.204 (204633201)|VARIABLE_ASSIGNMENT|[11]|obj|{"children":"0xb0f58e5","fieldMap":"0x687d6f9f","sObjectType":"Test_objects__c"}|0x271665c5
14:10:43.204 (204648805)|HEAP_ALLOCATE|[12]|Bytes:5
14:10:43.204 (204654101)|STATEMENT_EXECUTE|[11]
14:10:43.204 (204656864)|STATEMENT_EXECUTE|[12]
14:10:43.207 (207975482)|HEAP_ALLOCATE|[12]|Bytes:4
14:10:43.208 (208130102)|VARIABLE_SCOPE_BEGIN|[12]|scoringScheme|Test_Objects__c|true|false
14:10:43.208 (208150231)|VARIABLE_ASSIGNMENT|[12]|scoringScheme|{}|0x3dc9d23f
14:10:43.208 (208162107)|HEAP_ALLOCATE|[13]|Bytes:4
14:10:43.208 (208211567)|METHOD_ENTRY|[13]|01p58000000n6Fr|SObjectData.getFieldMap()
14:10:43.208 (208220670)|VARIABLE_SCOPE_BEGIN|[52]|this|SObjectData|true|false
14:10:43.208 (208248790)|VARIABLE_ASSIGNMENT|[52]|this|{"children":"0xb0f58e5","fieldMap":"0x687d6f9f","sObjectType":"Test_objects__c"}|0x271665c5
14:10:43.208 (208260258)|HEAP_ALLOCATE|[53]|Bytes:5
14:10:43.208 (208265044)|STATEMENT_EXECUTE|[52]
14:10:43.208 (208267747)|STATEMENT_EXECUTE|[53]
14:10:43.208 (208277387)|METHOD_EXIT|[13]|01p58000000n6Fr|SObjectData.getFieldMap()
14:10:43.208 (208336766)|HEAP_ALLOCATE|[13]|Bytes:4
14:10:43.208 (208371417)|HEAP_ALLOCATE|[13]|Bytes:0
14:10:43.208 (208415322)|HEAP_ALLOCATE|[13]|Bytes:5
14:10:43.208 (208432833)|VARIABLE_ASSIGNMENT|[13]|field|null
14:10:43.208 (208437437)|STATEMENT_EXECUTE|[13]
14:10:43.208 (208440064)|STATEMENT_EXECUTE|[18]
14:10:43.208 (208448260)|METHOD_EXIT|[58]|01p58000000n2RS|ScoringSchemeHelper.createSObject(SObjectData)
14:10:43.208 (208474432)|HEAP_ALLOCATE|[EXTERNAL]|Bytes:-4
14:10:43.208 (208502723)|METHOD_ENTRY|[59]|01p58000000n6Fr|SObjectData.getChildren()
14:10:43.208 (208531395)|VARIABLE_SCOPE_BEGIN|[60]|this|SObjectData|true|false
14:10:43.208 (208558707)|VARIABLE_ASSIGNMENT|[60]|this|{"children":"0xb0f58e5","fieldMap":"0x687d6f9f","sObjectType":"Test_objects__c"}|0x271665c5
14:10:43.208 (208569912)|HEAP_ALLOCATE|[61]|Bytes:5
14:10:43.208 (208574581)|STATEMENT_EXECUTE|[60]
14:10:43.208 (208579419)|STATEMENT_EXECUTE|[61]
14:10:43.208 (208581829)|STATEMENT_EXECUTE|[64]
14:10:43.208 (208589812)|METHOD_EXIT|[59]|01p58000000n6Fr|SObjectData.getChildren()
14:10:43.208 (208610569)|STATEMENT_EXECUTE|[59]
14:10:43.208 (208613670)|STATEMENT_EXECUTE|[60]
14:10:43.208 (208621199)|METHOD_ENTRY|[60]|01p58000000n6Fr|SObjectData.getChildren()
14:10:43.208 (208642793)|VARIABLE_SCOPE_BEGIN|[60]|this|SObjectData|true|false
14:10:43.208 (208667992)|VARIABLE_ASSIGNMENT|[60]|this|{"children":"0xb0f58e5","fieldMap":"0x687d6f9f","sObjectType":"Test_objects__c"}|0x271665c5
14:10:43.208 (208678243)|HEAP_ALLOCATE|[61]|Bytes:5
14:10:43.208 (208682693)|STATEMENT_EXECUTE|[60]
14:10:43.208 (208686202)|STATEMENT_EXECUTE|[61]
14:10:43.208 (208688588)|STATEMENT_EXECUTE|[64]
14:10:43.208 (208695686)|METHOD_EXIT|[60]|01p58000000n6Fr|SObjectData.getChildren()
14:10:43.208 (208712339)|METHOD_ENTRY|[60]|01p58000000n2RS|ScoringSchemeHelper.createChildren(String, List<SObjectData>)
14:10:43.208 (208720501)|VARIABLE_SCOPE_BEGIN|[66]|this|ScoringSchemeHelper|true|false
14:10:43.208 (208740083)|VARIABLE_ASSIGNMENT|[66]|this|{"childrenMap":"0x5c8894c9"}|0x34aa89a5
14:10:43.208 (208746446)|VARIABLE_SCOPE_BEGIN|[66]|parentId|String|false|false
14:10:43.208 (208752582)|VARIABLE_ASSIGNMENT|[66]|parentId|"wkzqd2GW7zX3vLegK6"
14:10:43.208 (208756993)|VARIABLE_SCOPE_BEGIN|[66]|childrenList|List<SObjectData>|true|false
14:10:43.208 (208779045)|VARIABLE_ASSIGNMENT|[66]|childrenList|{"s":1,"v":[{"fieldMap":"0x231d8695","parent":"0x271665c5","sObjectType":"Test_objects__c"}]}|0xb0f58e5
14:10:43.208 (208789709)|HEAP_ALLOCATE|[67]|Bytes:5
14:10:43.208 (208794338)|STATEMENT_EXECUTE|[66]
14:10:43.208 (208796875)|STATEMENT_EXECUTE|[67]
14:10:43.208 (208802879)|HEAP_ALLOCATE|[67]|Bytes:4
14:10:43.208 (208812821)|VARIABLE_SCOPE_BEGIN|[67]|childObjects|Map<String,SObject>|true|false
14:10:43.208 (208831084)|VARIABLE_ASSIGNMENT|[67]|childObjects|{"s":1,"v":{}}|0x28e93aa1
14:10:43.208 (208885849)|HEAP_ALLOCATE|[68]|Bytes:5
14:10:43.208 (208902082)|HEAP_ALLOCATE|[68]|Bytes:20
14:10:43.208 (208910581)|VARIABLE_SCOPE_BEGIN|[68]|obj|SObjectData|true|false
14:10:43.208 (208935712)|VARIABLE_ASSIGNMENT|[68]|obj|{"fieldMap":"0x231d8695","parent":"0x271665c5","sObjectType":"Test_objects__c"}|0x201f049e
14:10:43.208 (208942473)|STATEMENT_EXECUTE|[68]
14:10:43.208 (208945674)|STATEMENT_EXECUTE|[69]
14:10:43.208 (208956475)|METHOD_ENTRY|[69]|01p58000000n2RS|ScoringSchemeHelper.generateRandomString(Integer)
14:10:43.208 (208979223)|HEAP_ALLOCATE|[79]|Bytes:4
14:10:43.208 (208983892)|VARIABLE_SCOPE_BEGIN|[78]|len|Integer|false|false
14:10:43.208 (208991180)|VARIABLE_ASSIGNMENT|[78]|len|18
14:10:43.208 (208998570)|HEAP_ALLOCATE|[79]|Bytes:5
14:10:43.209 (209002622)|STATEMENT_EXECUTE|[78]
14:10:43.209 (209005832)|STATEMENT_EXECUTE|[79]
14:10:43.209 (209010363)|VARIABLE_SCOPE_BEGIN|[79]|chars|String|false|false
14:10:43.209 (209019322)|VARIABLE_ASSIGNMENT|[79]|chars|"ABCDEFGHIJKLMNOPQRST (42 more) ..."
14:10:43.209 (209022883)|STATEMENT_EXECUTE|[80]
14:10:43.209 (209026295)|VARIABLE_SCOPE_BEGIN|[80]|randStr|String|false|false
14:10:43.209 (209031881)|VARIABLE_ASSIGNMENT|[80]|randStr|""
14:10:43.209 (209058506)|STATEMENT_EXECUTE|[81]
14:10:43.209 (209061781)|STATEMENT_EXECUTE|[82]
14:10:43.209 (209166565)|VARIABLE_SCOPE_BEGIN|[82]|idx|Integer|false|false
14:10:43.209 (209171470)|HEAP_ALLOCATE|[82]|Bytes:4
14:10:43.209 (209179785)|VARIABLE_ASSIGNMENT|[82]|idx|16
14:10:43.209 (209183750)|STATEMENT_EXECUTE|[83]
14:10:43.209 (209208352)|HEAP_ALLOCATE|[83]|Bytes:1
14:10:43.209 (209225009)|HEAP_ALLOCATE|[83]|Bytes:1
14:10:43.209 (209234357)|VARIABLE_ASSIGNMENT|[83]|randStr|"Q"
14:10:43.209 (209255829)|STATEMENT_EXECUTE|[81]
14:10:43.209 (209258982)|STATEMENT_EXECUTE|[82]
14:10:43.209 (209357401)|VARIABLE_SCOPE_BEGIN|[82]|idx|Integer|false|false
14:10:43.209 (209362183)|HEAP_ALLOCATE|[82]|Bytes:4
14:10:43.209 (209370149)|VARIABLE_ASSIGNMENT|[82]|idx|18
14:10:43.209 (209373719)|STATEMENT_EXECUTE|[83]
14:10:43.209 (209396567)|HEAP_ALLOCATE|[83]|Bytes:1
14:10:43.209 (209412852)|HEAP_ALLOCATE|[83]|Bytes:2
14:10:43.209 (209422128)|VARIABLE_ASSIGNMENT|[83]|randStr|"QS"
14:10:43.209 (209443366)|STATEMENT_EXECUTE|[81]
14:10:43.209 (209446429)|STATEMENT_EXECUTE|[82]
14:10:43.209 (209560861)|VARIABLE_SCOPE_BEGIN|[82]|idx|Integer|false|false
14:10:43.209 (209565999)|HEAP_ALLOCATE|[82]|Bytes:4
14:10:43.209 (209574107)|VARIABLE_ASSIGNMENT|[82]|idx|51
14:10:43.209 (209577807)|STATEMENT_EXECUTE|[83]
14:10:43.209 (209601530)|HEAP_ALLOCATE|[83]|Bytes:1
14:10:43.209 (209617639)|HEAP_ALLOCATE|[83]|Bytes:3
14:10:43.209 (209627039)|VARIABLE_ASSIGNMENT|[83]|randStr|"QSp"
14:10:43.209 (209648289)|STATEMENT_EXECUTE|[81]
14:10:43.209 (209651318)|STATEMENT_EXECUTE|[82]
14:10:43.209 (209748804)|VARIABLE_SCOPE_BEGIN|[82]|idx|Integer|false|false
14:10:43.209 (209753709)|HEAP_ALLOCATE|[82]|Bytes:4
14:10:43.209 (209761665)|VARIABLE_ASSIGNMENT|[82]|idx|58
14:10:43.209 (209765447)|STATEMENT_EXECUTE|[83]
14:10:43.209 (209788236)|HEAP_ALLOCATE|[83]|Bytes:1
14:10:43.209 (209804294)|HEAP_ALLOCATE|[83]|Bytes:4
14:10:43.209 (209813456)|VARIABLE_ASSIGNMENT|[83]|randStr|"QSpw"
14:10:43.209 (209834585)|STATEMENT_EXECUTE|[81]
14:10:43.209 (209837621)|STATEMENT_EXECUTE|[82]
14:10:43.209 (209937224)|VARIABLE_SCOPE_BEGIN|[82]|idx|Integer|false|false
14:10:43.209 (209942026)|HEAP_ALLOCATE|[82]|Bytes:4
14:10:43.209 (209949849)|VARIABLE_ASSIGNMENT|[82]|idx|29
14:10:43.209 (209953486)|STATEMENT_EXECUTE|[83]
14:10:43.209 (209976596)|HEAP_ALLOCATE|[83]|Bytes:1
14:10:43.209 (209992287)|HEAP_ALLOCATE|[83]|Bytes:5
14:10:43.210 (210001487)|VARIABLE_ASSIGNMENT|[83]|randStr|"QSpw3"
14:10:43.210 (210023427)|STATEMENT_EXECUTE|[81]
14:10:43.210 (210026512)|STATEMENT_EXECUTE|[82]
14:10:43.210 (210123779)|VARIABLE_SCOPE_BEGIN|[82]|idx|Integer|false|false
14:10:43.210 (210128483)|HEAP_ALLOCATE|[82]|Bytes:4
14:10:43.210 (210136387)|VARIABLE_ASSIGNMENT|[82]|idx|37
14:10:43.210 (210139942)|STATEMENT_EXECUTE|[83]
14:10:43.210 (210162550)|HEAP_ALLOCATE|[83]|Bytes:1
14:10:43.210 (210178454)|HEAP_ALLOCATE|[83]|Bytes:6
14:10:43.210 (210187694)|VARIABLE_ASSIGNMENT|[83]|randStr|"QSpw3b"
14:10:43.210 (210208808)|STATEMENT_EXECUTE|[81]
14:10:43.210 (210211877)|STATEMENT_EXECUTE|[82]
14:10:43.210 (210308770)|VARIABLE_SCOPE_BEGIN|[82]|idx|Integer|false|false
14:10:43.210 (210313476)|HEAP_ALLOCATE|[82]|Bytes:4
14:10:43.210 (210321257)|VARIABLE_ASSIGNMENT|[82]|idx|28
14:10:43.210 (210324824)|STATEMENT_EXECUTE|[83]
14:10:43.210 (210347169)|HEAP_ALLOCATE|[83]|Bytes:1
14:10:43.210 (210363126)|HEAP_ALLOCATE|[83]|Bytes:7
14:10:43.210 (210372421)|VARIABLE_ASSIGNMENT|[83]|randStr|"QSpw3b2"
14:10:43.210 (210393519)|STATEMENT_EXECUTE|[81]
14:10:43.210 (210396602)|STATEMENT_EXECUTE|[82]
14:10:43.210 (210498203)|VARIABLE_SCOPE_BEGIN|[82]|idx|Integer|false|false
14:10:43.210 (210503178)|HEAP_ALLOCATE|[82]|Bytes:4
14:10:43.210 (210511501)|VARIABLE_ASSIGNMENT|[82]|idx|39
14:10:43.210 (210515091)|STATEMENT_EXECUTE|[83]
14:10:43.210 (210538220)|HEAP_ALLOCATE|[83]|Bytes:1
14:10:43.210 (210554218)|HEAP_ALLOCATE|[83]|Bytes:8
14:10:43.210 (210563525)|VARIABLE_ASSIGNMENT|[83]|randStr|"QSpw3b2d"
14:10:43.210 (210584998)|STATEMENT_EXECUTE|[81]
14:10:43.210 (210588019)|STATEMENT_EXECUTE|[82]
14:10:43.210 (210685547)|VARIABLE_SCOPE_BEGIN|[82]|idx|Integer|false|false
14:10:43.210 (210690354)|HEAP_ALLOCATE|[82]|Bytes:4
14:10:43.210 (210698354)|VARIABLE_ASSIGNMENT|[82]|idx|8
14:10:43.210 (210701889)|STATEMENT_EXECUTE|[83]
14:10:43.210 (210724447)|HEAP_ALLOCATE|[83]|Bytes:1
14:10:43.210 (210740436)|HEAP_ALLOCATE|[83]|Bytes:9
14:10:43.210 (210749661)|VARIABLE_ASSIGNMENT|[83]|randStr|"QSpw3b2dI"
14:10:43.210 (210770857)|STATEMENT_EXECUTE|[81]
14:10:43.210 (210773806)|STATEMENT_EXECUTE|[82]
14:10:43.210 (210872712)|VARIABLE_SCOPE_BEGIN|[82]|idx|Integer|false|false
14:10:43.210 (210877413)|HEAP_ALLOCATE|[82]|Bytes:4
14:10:43.210 (210885462)|VARIABLE_ASSIGNMENT|[82]|idx|11
14:10:43.210 (210888861)|STATEMENT_EXECUTE|[83]
14:10:43.210 (210911567)|HEAP_ALLOCATE|[83]|Bytes:1
14:10:43.210 (210927584)|HEAP_ALLOCATE|[83]|Bytes:10
14:10:43.210 (210936761)|VARIABLE_ASSIGNMENT|[83]|randStr|"QSpw3b2dIL"
14:10:43.210 (210957958)|STATEMENT_EXECUTE|[81]
14:10:43.210 (210961113)|STATEMENT_EXECUTE|[82]
14:10:43.211 (211075123)|VARIABLE_SCOPE_BEGIN|[82]|idx|Integer|false|false
14:10:43.211 (211080669)|HEAP_ALLOCATE|[82]|Bytes:4
14:10:43.211 (211088986)|VARIABLE_ASSIGNMENT|[82]|idx|33
14:10:43.211 (211092608)|STATEMENT_EXECUTE|[83]
14:10:43.211 (211115609)|HEAP_ALLOCATE|[83]|Bytes:1
14:10:43.211 (211131652)|HEAP_ALLOCATE|[83]|Bytes:11
14:10:43.211 (211141227)|VARIABLE_ASSIGNMENT|[83]|randStr|"QSpw3b2dIL7"
14:10:43.211 (211162970)|STATEMENT_EXECUTE|[81]
14:10:43.211 (211166138)|STATEMENT_EXECUTE|[82]
14:10:43.211 (211263700)|VARIABLE_SCOPE_BEGIN|[82]|idx|Integer|false|false
14:10:43.211 (211268560)|HEAP_ALLOCATE|[82]|Bytes:4
14:10:43.211 (211276560)|VARIABLE_ASSIGNMENT|[82]|idx|26
14:10:43.211 (211280005)|STATEMENT_EXECUTE|[83]
14:10:43.211 (211302658)|HEAP_ALLOCATE|[83]|Bytes:1
14:10:43.211 (211318707)|HEAP_ALLOCATE|[83]|Bytes:12
14:10:43.211 (211328167)|VARIABLE_ASSIGNMENT|[83]|randStr|"QSpw3b2dIL70"
14:10:43.211 (211349434)|STATEMENT_EXECUTE|[81]
14:10:43.211 (211352592)|STATEMENT_EXECUTE|[82]
14:10:43.211 (211449306)|VARIABLE_SCOPE_BEGIN|[82]|idx|Integer|false|false
14:10:43.211 (211454052)|HEAP_ALLOCATE|[82]|Bytes:4
14:10:43.211 (211462017)|VARIABLE_ASSIGNMENT|[82]|idx|48
14:10:43.211 (211465422)|STATEMENT_EXECUTE|[83]
14:10:43.211 (211492038)|HEAP_ALLOCATE|[83]|Bytes:1
14:10:43.211 (211508893)|HEAP_ALLOCATE|[83]|Bytes:13
14:10:43.211 (211518922)|VARIABLE_ASSIGNMENT|[83]|randStr|"QSpw3b2dIL70m"
14:10:43.211 (211540520)|STATEMENT_EXECUTE|[81]
14:10:43.211 (211543687)|STATEMENT_EXECUTE|[82]
14:10:43.211 (211640638)|VARIABLE_SCOPE_BEGIN|[82]|idx|Integer|false|false
14:10:43.211 (211645339)|HEAP_ALLOCATE|[82]|Bytes:4
14:10:43.211 (211653243)|VARIABLE_ASSIGNMENT|[82]|idx|23
14:10:43.211 (211656756)|STATEMENT_EXECUTE|[83]
14:10:43.211 (211679515)|HEAP_ALLOCATE|[83]|Bytes:1
14:10:43.211 (211695540)|HEAP_ALLOCATE|[83]|Bytes:14
14:10:43.211 (211704899)|VARIABLE_ASSIGNMENT|[83]|randStr|"QSpw3b2dIL70mX"
14:10:43.211 (211726204)|STATEMENT_EXECUTE|[81]
14:10:43.211 (211729305)|STATEMENT_EXECUTE|[82]
14:10:43.211 (211827941)|VARIABLE_SCOPE_BEGIN|[82]|idx|Integer|false|false
14:10:43.211 (211832757)|HEAP_ALLOCATE|[82]|Bytes:4
14:10:43.211 (211840568)|VARIABLE_ASSIGNMENT|[82]|idx|42
14:10:43.211 (211844131)|STATEMENT_EXECUTE|[83]
14:10:43.211 (211866569)|HEAP_ALLOCATE|[83]|Bytes:1
14:10:43.211 (211882441)|HEAP_ALLOCATE|[83]|Bytes:15
14:10:43.211 (211892080)|VARIABLE_ASSIGNMENT|[83]|randStr|"QSpw3b2dIL70mXg"
14:10:43.211 (211913610)|STATEMENT_EXECUTE|[81]
14:10:43.211 (211916662)|STATEMENT_EXECUTE|[82]
14:10:43.212 (212013857)|VARIABLE_SCOPE_BEGIN|[82]|idx|Integer|false|false
14:10:43.212 (212019223)|HEAP_ALLOCATE|[82]|Bytes:4
14:10:43.212 (212027112)|VARIABLE_ASSIGNMENT|[82]|idx|53
14:10:43.212 (212030576)|STATEMENT_EXECUTE|[83]
14:10:43.212 (212053041)|HEAP_ALLOCATE|[83]|Bytes:1
14:10:43.212 (212068929)|HEAP_ALLOCATE|[83]|Bytes:16
14:10:43.212 (212078379)|VARIABLE_ASSIGNMENT|[83]|randStr|"QSpw3b2dIL70mXgr"
14:10:43.212 (212099963)|STATEMENT_EXECUTE|[81]
14:10:43.212 (212103081)|STATEMENT_EXECUTE|[82]
14:10:43.212 (212199872)|VARIABLE_SCOPE_BEGIN|[82]|idx|Integer|false|false
14:10:43.212 (212204605)|HEAP_ALLOCATE|[82]|Bytes:4
14:10:43.212 (212212598)|VARIABLE_ASSIGNMENT|[82]|idx|61
14:10:43.212 (212216036)|STATEMENT_EXECUTE|[83]
14:10:43.212 (212238678)|HEAP_ALLOCATE|[83]|Bytes:1
14:10:43.212 (212254850)|HEAP_ALLOCATE|[83]|Bytes:17
14:10:43.212 (212264738)|VARIABLE_ASSIGNMENT|[83]|randStr|"QSpw3b2dIL70mXgrz"
14:10:43.212 (212285838)|STATEMENT_EXECUTE|[81]
14:10:43.212 (212288933)|STATEMENT_EXECUTE|[82]
14:10:43.212 (212385538)|VARIABLE_SCOPE_BEGIN|[82]|idx|Integer|false|false
14:10:43.212 (212390225)|HEAP_ALLOCATE|[82]|Bytes:4
14:10:43.212 (212398030)|VARIABLE_ASSIGNMENT|[82]|idx|15
14:10:43.212 (212401489)|STATEMENT_EXECUTE|[83]
14:10:43.212 (212424084)|HEAP_ALLOCATE|[83]|Bytes:1
14:10:43.212 (212439888)|HEAP_ALLOCATE|[83]|Bytes:18
14:10:43.212 (212449301)|VARIABLE_ASSIGNMENT|[83]|randStr|"QSpw3b2dIL70mXgrzP"
14:10:43.212 (212470924)|STATEMENT_EXECUTE|[85]
14:10:43.212 (212482993)|METHOD_EXIT|[69]|01p58000000n2RS|ScoringSchemeHelper.generateRandomString(Integer)
14:10:43.212 (212488901)|VARIABLE_SCOPE_BEGIN|[69]|rId|String|false|false
14:10:43.212 (212497419)|VARIABLE_ASSIGNMENT|[69]|rId|"QSpw3b2dIL70mXgrzP"
14:10:43.212 (212501087)|STATEMENT_EXECUTE|[70]
14:10:43.212 (212510666)|METHOD_ENTRY|[70]|01p58000000n2RS|ScoringSchemeHelper.createSObject(SObjectData)
14:10:43.212 (212534355)|VARIABLE_SCOPE_BEGIN|[11]|this|ScoringSchemeHelper|true|false
14:10:43.212 (212556609)|VARIABLE_ASSIGNMENT|[11]|this|{"childrenMap":"0x5c8894c9"}|0x34aa89a5
14:10:43.212 (212561842)|VARIABLE_SCOPE_BEGIN|[11]|obj|SObjectData|true|false
14:10:43.212 (212579951)|VARIABLE_ASSIGNMENT|[11]|obj|{"fieldMap":"0x231d8695","parent":"0x271665c5","sObjectType":"Test_objects__c"}|0x201f049e
14:10:43.212 (212590532)|HEAP_ALLOCATE|[12]|Bytes:5
14:10:43.212 (212595197)|STATEMENT_EXECUTE|[11]
14:10:43.212 (212597759)|STATEMENT_EXECUTE|[12]
14:10:43.212 (212613678)|HEAP_ALLOCATE|[12]|Bytes:4
14:10:43.212 (212629951)|VARIABLE_SCOPE_BEGIN|[12]|scoringScheme|Test_Objects__c|true|false
14:10:43.212 (212642889)|VARIABLE_ASSIGNMENT|[12]|scoringScheme|{}|0x2ef5eed5
14:10:43.212 (212649584)|HEAP_ALLOCATE|[13]|Bytes:4
14:10:43.212 (212669016)|METHOD_ENTRY|[13]|01p58000000n6Fr|SObjectData.getFieldMap()
14:10:43.212 (212674524)|VARIABLE_SCOPE_BEGIN|[52]|this|SObjectData|true|false
14:10:43.212 (212697296)|VARIABLE_ASSIGNMENT|[52]|this|{"fieldMap":"0x231d8695","parent":"0x271665c5","sObjectType":"Test_objects__c"}|0x201f049e
14:10:43.212 (212707108)|HEAP_ALLOCATE|[53]|Bytes:5
14:10:43.212 (212711535)|STATEMENT_EXECUTE|[52]
14:10:43.212 (212714047)|STATEMENT_EXECUTE|[53]
14:10:43.212 (212721919)|METHOD_EXIT|[13]|01p58000000n6Fr|SObjectData.getFieldMap()
14:10:43.212 (212751555)|HEAP_ALLOCATE|[13]|Bytes:4
14:10:43.212 (212776195)|HEAP_ALLOCATE|[13]|Bytes:0
14:10:43.212 (212807979)|HEAP_ALLOCATE|[13]|Bytes:5
14:10:43.212 (212824089)|VARIABLE_ASSIGNMENT|[13]|field|null
14:10:43.212 (212828660)|STATEMENT_EXECUTE|[13]
14:10:43.212 (212831315)|STATEMENT_EXECUTE|[18]
14:10:43.212 (212838919)|METHOD_EXIT|[70]|01p58000000n2RS|ScoringSchemeHelper.createSObject(SObjectData)
14:10:43.212 (212862655)|HEAP_ALLOCATE|[EXTERNAL]|Bytes:-4
14:10:43.212 (212882576)|METHOD_ENTRY|[71]|01p58000000n6Fr|SObjectData.getChildren()
14:10:43.212 (212905773)|VARIABLE_SCOPE_BEGIN|[60]|this|SObjectData|true|false
14:10:43.212 (212930610)|VARIABLE_ASSIGNMENT|[60]|this|{"fieldMap":"0x231d8695","parent":"0x271665c5","sObjectType":"Test_objects__c"}|0x201f049e
14:10:43.212 (212940622)|HEAP_ALLOCATE|[61]|Bytes:5
14:10:43.212 (212945099)|STATEMENT_EXECUTE|[60]
14:10:43.212 (212948636)|STATEMENT_EXECUTE|[61]
14:10:43.212 (212950803)|STATEMENT_EXECUTE|[62]
14:10:43.212 (212955432)|HEAP_ALLOCATE|[62]|Bytes:4
14:10:43.212 (212999296)|HEAP_ALLOCATE|[EXTERNAL]|Bytes:4
14:10:43.213 (213014234)|VARIABLE_ASSIGNMENT|[62]|this.children|{"s":1,"v":[]}|0x201f049e
14:10:43.213 (213020094)|STATEMENT_EXECUTE|[64]
14:10:43.213 (213029207)|METHOD_EXIT|[71]|01p58000000n6Fr|SObjectData.getChildren()
14:10:43.213 (213049249)|STATEMENT_EXECUTE|[71]
14:10:43.213 (213064533)|HEAP_ALLOCATE|[68]|Bytes:5
14:10:43.213 (213079864)|VARIABLE_ASSIGNMENT|[68]|obj|null|
14:10:43.213 (213084051)|STATEMENT_EXECUTE|[75]
14:10:43.213 (213137629)|HEAP_ALLOCATE|[EXTERNAL]|Bytes:-4
14:10:43.213 (213160235)|METHOD_EXIT|[60]|01p58000000n2RS|ScoringSchemeHelper.createChildren(String, List<SObjectData>)
14:10:43.213 (213176776)|HEAP_ALLOCATE|[56]|Bytes:5
14:10:43.213 (213192176)|VARIABLE_ASSIGNMENT|[56]|obj|null|
14:10:43.213 (213196603)|STATEMENT_EXECUTE|[63]
14:10:43.213 (213204088)|METHOD_EXIT|[6]|01p58000000n2RS|ScoringSchemeHelper.createRoot(List<SObjectData>)
14:10:43.213 (213209691)|VARIABLE_SCOPE_BEGIN|[6]|root|Map<String,SObject>|true|false
14:10:43.213 (213228850)|VARIABLE_ASSIGNMENT|[6]|root|{"s":1,"v":{"wkzqd2GW7zX3vLegK6":{}}}|0x38be9df1
14:10:43.213 (213234262)|STATEMENT_EXECUTE|[7]
14:10:43.213 (213249651)|METHOD_ENTRY|[7]|01p58000000n2RS|ScoringSchemeHelper.insertSObjects(Map<String,SObject>)
14:10:43.213 (213279867)|VARIABLE_SCOPE_BEGIN|[25]|this|ScoringSchemeHelper|true|false
14:10:43.213 (213301553)|VARIABLE_ASSIGNMENT|[25]|this|{"childrenMap":"0x5c8894c9"}|0x34aa89a5
14:10:43.213 (213307768)|VARIABLE_SCOPE_BEGIN|[25]|objMap|Map<String,SObject>|true|false
14:10:43.213 (213322899)|VARIABLE_ASSIGNMENT|[25]|objMap|{"s":1,"v":{"wkzqd2GW7zX3vLegK6":{}}}|0x38be9df1
14:10:43.213 (213333235)|HEAP_ALLOCATE|[26]|Bytes:5
14:10:43.213 (213338052)|STATEMENT_EXECUTE|[25]
14:10:43.213 (213340626)|STATEMENT_EXECUTE|[26]
14:10:43.213 (213342707)|STATEMENT_EXECUTE|[26]
14:10:43.213 (213344848)|STATEMENT_EXECUTE|[27]
14:10:43.213 (213394140)|HEAP_ALLOCATE|[EXTERNAL]|Bytes:8
14:10:43.213 (213406526)|HEAP_ALLOCATE|[27]|Bytes:12
14:10:43.213 (213484701)|DML_BEGIN|[27]|Op:Insert|Type:SObject|Rows:1
14:10:43.213 (213518747)|HEAP_ALLOCATE|[EXTERNAL]|Bytes:8
14:10:43.266 (266691243)|DML_END|[27]
14:10:43.266 (266805728)|HEAP_ALLOCATE|[EXTERNAL]|Bytes:8
14:10:43.266 (266835115)|HEAP_ALLOCATE|[28]|Bytes:4
14:10:43.266 (266938203)|HEAP_ALLOCATE|[28]|Bytes:26
14:10:43.266 (266982370)|HEAP_ALLOCATE|[28]|Bytes:4
14:10:43.267 (267035522)|HEAP_ALLOCATE|[28]|Bytes:5
14:10:43.267 (267063900)|VARIABLE_SCOPE_BEGIN|[28]|key|String|false|false
14:10:43.267 (267084201)|VARIABLE_ASSIGNMENT|[28]|key|"wkzqd2GW7zX3vLegK6"
14:10:43.267 (267091937)|STATEMENT_EXECUTE|[28]
14:10:43.267 (267153256)|STATEMENT_EXECUTE|[29]
14:10:43.267 (267157229)|STATEMENT_EXECUTE|[30]
14:10:43.267 (267293554)|HEAP_ALLOCATE|[30]|Bytes:18
14:10:43.267 (267355181)|METHOD_ENTRY|[30]|01p58000000n2RS|ScoringSchemeHelper.insertSObjects(String, Map<String,SObject>)
14:10:43.267 (267366351)|VARIABLE_SCOPE_BEGIN|[38]|this|ScoringSchemeHelper|true|false
14:10:43.267 (267402343)|VARIABLE_ASSIGNMENT|[38]|this|{"childrenMap":"0x5c8894c9"}|0x34aa89a5
14:10:43.267 (267409313)|VARIABLE_SCOPE_BEGIN|[38]|parentId|String|false|false
14:10:43.267 (267416135)|VARIABLE_ASSIGNMENT|[38]|parentId|"a0w58000000GsYuAAK"
14:10:43.267 (267420301)|VARIABLE_SCOPE_BEGIN|[38]|objMap|Map<String,SObject>|true|false
14:10:43.267 (267441158)|VARIABLE_ASSIGNMENT|[38]|objMap|{"s":1,"v":{"QSpw3b2dIL70mXgrzP":{}}}|0x28e93aa1
14:10:43.267 (267454264)|HEAP_ALLOCATE|[39]|Bytes:5
14:10:43.267 (267459649)|STATEMENT_EXECUTE|[38]
14:10:43.267 (267462305)|STATEMENT_EXECUTE|[39]
14:10:43.267 (267464490)|STATEMENT_EXECUTE|[39]
14:10:43.267 (267470089)|HEAP_ALLOCATE|[40]|Bytes:4
14:10:43.267 (267537218)|HEAP_ALLOCATE|[40]|Bytes:26
14:10:43.267 (267566993)|HEAP_ALLOCATE|[40]|Bytes:4
14:10:43.267 (267605169)|HEAP_ALLOCATE|[40]|Bytes:5
14:10:43.267 (267624088)|VARIABLE_SCOPE_BEGIN|[40]|key|String|false|false
14:10:43.267 (267635828)|VARIABLE_ASSIGNMENT|[40]|key|"QSpw3b2dIL70mXgrzP"
14:10:43.267 (267640424)|STATEMENT_EXECUTE|[40]
14:10:43.267 (267643334)|STATEMENT_EXECUTE|[41]
14:10:43.267 (267700004)|HEAP_ALLOCATE|[41]|Bytes:9
14:10:43.267 (267848375)|HEAP_ALLOCATE|[40]|Bytes:5
14:10:43.267 (267867299)|VARIABLE_ASSIGNMENT|[40]|key|null
14:10:43.267 (267872627)|STATEMENT_EXECUTE|[43]
14:10:43.267 (267916080)|HEAP_ALLOCATE|[EXTERNAL]|Bytes:8
14:10:43.267 (267929435)|HEAP_ALLOCATE|[43]|Bytes:43
14:10:43.267 (267979334)|DML_BEGIN|[43]|Op:Insert|Type:SObject|Rows:1
14:10:43.268 (268006906)|HEAP_ALLOCATE|[EXTERNAL]|Bytes:8
14:10:43.285 (285918917)|DML_END|[43]
14:10:43.285 (285944496)|HEAP_ALLOCATE|[EXTERNAL]|Bytes:8
14:10:43.285 (285957481)|HEAP_ALLOCATE|[44]|Bytes:4
14:10:43.286 (286021300)|HEAP_ALLOCATE|[44]|Bytes:26
14:10:43.286 (286054112)|HEAP_ALLOCATE|[44]|Bytes:4
14:10:43.286 (286093596)|HEAP_ALLOCATE|[44]|Bytes:5
14:10:43.286 (286112839)|VARIABLE_SCOPE_BEGIN|[44]|key|String|false|false
14:10:43.286 (286125098)|VARIABLE_ASSIGNMENT|[44]|key|"QSpw3b2dIL70mXgrzP"
14:10:43.286 (286129939)|STATEMENT_EXECUTE|[44]
14:10:43.286 (286184584)|STATEMENT_EXECUTE|[45]
14:10:43.286 (286201819)|HEAP_ALLOCATE|[44]|Bytes:5
14:10:43.286 (286217276)|VARIABLE_ASSIGNMENT|[44]|key|null
14:10:43.286 (286230339)|METHOD_EXIT|[30]|01p58000000n2RS|ScoringSchemeHelper.insertSObjects(String, Map<String,SObject>)
14:10:43.286 (286245652)|HEAP_ALLOCATE|[28]|Bytes:5
14:10:43.286 (286259477)|VARIABLE_ASSIGNMENT|[28]|key|null
14:10:43.286 (286268812)|METHOD_EXIT|[7]|01p58000000n2RS|ScoringSchemeHelper.insertSObjects(Map<String,SObject>)
14:10:43.286 (286273609)|STATEMENT_EXECUTE|[8]
14:10:43.286 (286281222)|METHOD_EXIT|[11]|01p58000000n2RS|ScoringSchemeHelper.createSObjects(List<SObjectData>)
14:10:43.286 (286286446)|SYSTEM_MODE_EXIT|false
14:10:43.293 (293459101)|CUMULATIVE_LIMIT_USAGE
14:10:43.293 (293459101)|LIMIT_USAGE_FOR_NS|(default)|
  Number of SOQL queries: 0 out of 100
  Number of query rows: 0 out of 50000
  Number of SOSL queries: 0 out of 20
  Number of DML statements: 2 out of 150
  Number of DML rows: 2 out of 10000
  Maximum CPU time: 0 out of 10000
  Maximum heap size: 0 out of 6000000
  Number of callouts: 0 out of 100
  Number of Email Invocations: 0 out of 10
  Number of future calls: 0 out of 50
  Number of queueable jobs added to the queue: 0 out of 50
  Number of Mobile Apex push calls: 0 out of 10

14:10:43.293 (293459101)|CUMULATIVE_LIMIT_USAGE_END

14:10:43.293 (293520126)|CODE_UNIT_FINISHED|execute_anonymous_apex
14:10:43.294 (294532485)|EXECUTION_FINISHED
