35.0 APEX_CODE,FINEST;APEX_PROFILING,INFO;CALLOUT,INFO;DB,INFO;SYSTEM,DEBUG;VALIDATION,INFO;VISUALFORCE,INFO;WORKFLOW,INFO
11:46:59.401 (401895214)|EXECUTION_STARTED
11:46:59.401 (401983768)|CODE_UNIT_STARTED|[EXTERNAL]|01p58000000nnNY|ControlCreatorHelperTest.testCreateControls
11:46:59.402 (402247017)|HEAP_ALLOCATE|[72]|Bytes:3
11:46:59.402 (402301264)|HEAP_ALLOCATE|[77]|Bytes:152
11:46:59.402 (402327256)|HEAP_ALLOCATE|[342]|Bytes:408
11:46:59.402 (402352592)|HEAP_ALLOCATE|[355]|Bytes:408
11:46:59.402 (402376077)|HEAP_ALLOCATE|[467]|Bytes:48
11:46:59.402 (402419879)|HEAP_ALLOCATE|[139]|Bytes:6
11:46:59.402 (402449333)|HEAP_ALLOCATE|[EXTERNAL]|Bytes:69
11:46:59.402 (402472880)|METHOD_ENTRY|[2]|01p58000000nnNY|ControlCreatorHelperTest.ControlCreatorHelperTest()
11:46:59.402 (402481029)|STATEMENT_EXECUTE|[2]
11:46:59.402 (402487148)|STATEMENT_EXECUTE|[2]
11:46:59.402 (402529753)|HEAP_ALLOCATE|[50]|Bytes:5
11:46:59.402 (402559392)|HEAP_ALLOCATE|[56]|Bytes:5
11:46:59.402 (402572421)|HEAP_ALLOCATE|[64]|Bytes:7
11:46:59.403 (403025674)|SYSTEM_MODE_ENTER|false
11:46:59.403 (403052539)|HEAP_ALLOCATE|[EXTERNAL]|Bytes:5
11:46:59.403 (403063603)|SYSTEM_MODE_EXIT|false
11:46:59.403 (403077208)|METHOD_EXIT|[2]|ControlCreatorHelperTest
11:46:59.403 (403122353)|SYSTEM_MODE_ENTER|false
11:46:59.403 (403130200)|HEAP_ALLOCATE|[4]|Bytes:5
11:46:59.403 (403136313)|STATEMENT_EXECUTE|[3]
11:46:59.403 (403139999)|STATEMENT_EXECUTE|[4]
11:46:59.403 (403216721)|HEAP_ALLOCATE|[4]|Bytes:4
11:46:59.403 (403369674)|VARIABLE_SCOPE_BEGIN|[4]|parent|grc__Business_Unit__c|true|false
11:46:59.403 (403404742)|VARIABLE_ASSIGNMENT|[4]|parent|{}|0x44edc778
11:46:59.403 (403411090)|STATEMENT_EXECUTE|[5]
11:46:59.403 (403417144)|HEAP_ALLOCATE|[5]|Bytes:6
11:46:59.403 (403530124)|VARIABLE_ASSIGNMENT|[5]|this.Name|"parent"|0x44edc778
11:46:59.403 (403539801)|STATEMENT_EXECUTE|[6]
11:46:59.403 (403616395)|VARIABLE_ASSIGNMENT|[6]|this.Risk__Sharing_Group_Name__c|"parent"|0x44edc778
11:46:59.403 (403625726)|STATEMENT_EXECUTE|[8]
11:46:59.403 (403631582)|HEAP_ALLOCATE|[8]|Bytes:39
11:46:59.403 (403646058)|HEAP_ALLOCATE|[8]|Bytes:4
11:46:59.403 (403660171)|HEAP_ALLOCATE|[8]|Bytes:7
11:46:59.404 (404044454)|SOQL_EXECUTE_BEGIN|[8]|Aggregations:0|SELECT Id FROM User WHERE Id = :tmpVar1
11:46:59.406 (406365213)|SOQL_EXECUTE_END|[8]|Rows:1
11:46:59.406 (406388490)|HEAP_ALLOCATE|[8]|Bytes:8
11:46:59.406 (406405273)|HEAP_ALLOCATE|[8]|Bytes:29
11:46:59.406 (406503433)|HEAP_ALLOCATE|[8]|Bytes:8
11:46:59.406 (406516511)|HEAP_ALLOCATE|[8]|Bytes:30
11:46:59.406 (406591620)|HEAP_ALLOCATE|[8]|Bytes:8
11:46:59.406 (406602450)|VARIABLE_SCOPE_BEGIN|[8]|usr|User|true|false
11:46:59.406 (406633296)|VARIABLE_ASSIGNMENT|[8]|usr|{"s":1,"v":{"Id":"00558000000FHMRAA4"}}|0x55f8310e
11:46:59.410 (410209601)|HEAP_ALLOCATE|[9]|Bytes:8
11:46:59.410 (410223458)|STATEMENT_EXECUTE|[9]
11:46:59.410 (410227794)|STATEMENT_EXECUTE|[11]
11:46:59.411 (411503777)|STATEMENT_EXECUTE|[12]
11:46:59.411 (411536438)|HEAP_ALLOCATE|[12]|Bytes:4
11:46:59.411 (411621949)|HEAP_ALLOCATE|[EXTERNAL]|Bytes:8
11:46:59.411 (411675071)|DML_BEGIN|[12]|Op:Insert|Type:grc__Business_Unit__c|Rows:1
11:46:59.411 (411714352)|HEAP_ALLOCATE|[EXTERNAL]|Bytes:8
11:46:59.415 (415360170)|ENTERING_MANAGED_PKG|Risk
11:46:59.417 (417000879)|SOQL_EXECUTE_BEGIN|[16]|Aggregations:0|SELECT Id, Risk__Hierarchy_Level__c FROM grc__Business_Unit__c WHERE Id = :tmpVar1
11:46:59.418 (418697400)|SOQL_EXECUTE_END|[16]|Rows:0
11:46:59.419 (419606641)|SOQL_EXECUTE_BEGIN|[11]|Aggregations:0|SELECT Id, grc__Parent_Business_Unit__c FROM grc__Business_Unit__c LIMIT 50000
11:46:59.420 (420788400)|SOQL_EXECUTE_END|[11]|Rows:0
11:46:59.425 (425007851)|CODE_UNIT_STARTED|[EXTERNAL]|Validation:Business_Unit:new
11:46:59.425 (425023290)|VALIDATION_RULE|03d580000004IqX|No_Dashes_in_Sharing_Group_Name_Allowed
11:46:59.425 (425159403)|VALIDATION_FORMULA|CONTAINS(Risk__Sharing_Group_Name__c, '-')|Risk__Sharing_Group_Name__c=parent
11:46:59.425 (425170433)|VALIDATION_PASS
11:46:59.425 (425197429)|CODE_UNIT_FINISHED|Validation:Business_Unit:new
11:47:01.242 (2242079150)|ENTERING_MANAGED_PKG|Risk
11:47:01.242 (2242667567)|SOQL_EXECUTE_BEGIN|[28]|Aggregations:0|SELECT COUNT() FROM AsyncApexJob WHERE (JobType = 'BatchApex' AND (Status = 'Processing' OR Status = 'Preparing' OR Status = 'Queued'))
11:47:01.243 (2243851069)|SOQL_EXECUTE_END|[28]|Rows:0
11:47:01.287 (2287609875)|DML_END|[12]
11:47:01.287 (2287718189)|HEAP_ALLOCATE|[EXTERNAL]|Bytes:8
11:47:01.287 (2287735073)|STATEMENT_EXECUTE|[13]
11:47:01.299 (2299147982)|HEAP_ALLOCATE|[EXTERNAL]|Bytes:8
11:47:01.299 (2299410723)|HEAP_ALLOCATE|[EXTERNAL]|Bytes:4
11:47:01.314 (2314593042)|SOQL_EXECUTE_BEGIN|[109]|Aggregations:0|SELECT Id, Risk__Sharing_Group_Name__c, grc__Parent_Business_Unit__c, grc__Parent_Business_Unit__r.Risk__Sharing_Group_Name__c, grc__Parent_Business_Unit__r.Risk__Read_Write_Access_to_Child_BUs__c FROM grc__Business_Unit__c WHERE Id = :tmpVar1
11:47:01.330 (2330681658)|SOQL_EXECUTE_END|[109]|Rows:1
11:47:01.331 (2331716897)|DML_BEGIN|[131]|Op:Insert|Type:Group|Rows:2
11:47:01.368 (2368562393)|DML_END|[131]
11:47:01.368 (2368921453)|SOQL_EXECUTE_BEGIN|[133]|Aggregations:0|SELECT Id, Name FROM Group 
11:47:01.370 (2370986310)|SOQL_EXECUTE_END|[133]|Rows:2
11:47:01.372 (2372626208)|SOQL_EXECUTE_BEGIN|[149]|Aggregations:0|SELECT Id, OwnerId, Risk__Sharing_Group_Name__c, grc__Parent_Business_Unit__c, grc__Parent_Business_Unit__r.Risk__Sharing_Group_Name__c, grc__Parent_Business_Unit__r.Risk__Read_Write_Access_to_Child_BUs__c FROM grc__Business_Unit__c WHERE Id = :tmpVar1
11:47:01.375 (2375153156)|SOQL_EXECUTE_END|[149]|Rows:1
11:47:01.376 (2376058227)|DML_BEGIN|[173]|Op:Insert|Type:GroupMember|Rows:1
11:47:01.418 (2418984014)|DML_END|[173]
11:47:01.474 (2474661646)|HEAP_ALLOCATE|[EXTERNAL]|Bytes:8
11:47:01.474 (2474896160)|HEAP_ALLOCATE|[EXTERNAL]|Bytes:4
11:47:01.474 (2474980124)|HEAP_ALLOCATE|[EXTERNAL]|Bytes:4
11:47:01.474 (2474989262)|HEAP_ALLOCATE|[EXTERNAL]|Bytes:18
11:47:01.475 (2475021360)|HEAP_ALLOCATE|[EXTERNAL]|Bytes:4
11:47:01.486 (2486703476)|SOQL_EXECUTE_BEGIN|[33]|Aggregations:0|SELECT Id, Risk__Sharing_Group_Name__c, grc__Parent_Business_Unit__c, grc__Parent_Business_Unit__r.Risk__Sharing_Group_Name__c, grc__Parent_Business_Unit__r.Risk__Read_Write_Access_to_Child_BUs__c FROM grc__Business_Unit__c WHERE Id IN :tmpVar1
11:47:01.489 (2489395012)|SOQL_EXECUTE_END|[33]|Rows:1
11:47:01.490 (2490313975)|SOQL_EXECUTE_BEGIN|[58]|Aggregations:0|SELECT Id, Name FROM Group 
11:47:01.492 (2492115456)|SOQL_EXECUTE_END|[58]|Rows:2
11:47:01.493 (2493867668)|DML_BEGIN|[74]|Op:Insert|Type:grc__Business_Unit__Share|Rows:2
11:47:01.514 (2514167755)|DML_END|[74]
11:47:01.537 (2537626502)|STATEMENT_EXECUTE|[16]
11:47:01.537 (2537728083)|HEAP_ALLOCATE|[16]|Bytes:4
11:47:01.537 (2537820773)|VARIABLE_SCOPE_BEGIN|[16]|risk1|grc__Risk__c|true|false
11:47:01.537 (2537852826)|VARIABLE_ASSIGNMENT|[16]|risk1|{}|0x62cdb514
11:47:01.540 (2540688379)|STATEMENT_EXECUTE|[17]
11:47:01.540 (2540699938)|HEAP_ALLOCATE|[17]|Bytes:5
11:47:01.540 (2540800482)|VARIABLE_ASSIGNMENT|[17]|this.Name|"risk1"|0x62cdb514
11:47:01.540 (2540810151)|STATEMENT_EXECUTE|[18]
11:47:01.540 (2540906195)|VARIABLE_ASSIGNMENT|[18]|this.grc__Business_Unit__c|"a0258000000wylOAAQ"|0x62cdb514
11:47:01.540 (2540915975)|STATEMENT_EXECUTE|[20]
11:47:01.540 (2540951221)|HEAP_ALLOCATE|[20]|Bytes:8
11:47:01.540 (2540964755)|DML_BEGIN|[20]|Op:Insert|Type:grc__Risk__c|Rows:1
11:47:01.540 (2540980162)|HEAP_ALLOCATE|[EXTERNAL]|Bytes:8
11:47:01.582 (2582162203)|ENTERING_MANAGED_PKG|Risk
11:47:01.583 (2583291323)|SOQL_EXECUTE_BEGIN|[4]|Aggregations:0|SELECT COUNT() FROM AsyncApexJob WHERE (JobType = 'BatchApex' AND (Status = 'Processing' OR Status = 'Preparing' OR Status = 'Queued'))
11:47:01.587 (2587259164)|SOQL_EXECUTE_END|[4]|Rows:0
11:47:01.646 (2646643154)|CODE_UNIT_STARTED|[EXTERNAL]|Workflow:01I580000000sUu
11:47:01.655 (2655677235)|WF_RULE_EVAL_BEGIN|Workflow
11:47:01.655 (2655710470)|WF_CRITERIA_BEGIN|[Risk: risk1 a09580000001qpZ]|Update Last Modified Residual Rating Field|01Q580000004LQi|ON_ALL_CHANGES|0
11:47:01.656 (2656120022)|WF_FORMULA|Formula:ENCODED:[treatNullAsNull]IF( {!ID:00N580000016ahQ} <> PRIORVALUE({!ID:00N580000016ahQ} ),true,false)|Values:Risk__Residual_Score__c=0
11:47:01.656 (2656140508)|WF_CRITERIA_END|false
11:47:01.656 (2656159576)|WF_SPOOL_ACTION_BEGIN|Workflow
11:47:01.656 (2656171063)|WF_ACTION| None
11:47:01.656 (2656176140)|WF_RULE_EVAL_END
11:47:01.656 (2656229843)|WF_ACTIONS_END| None
11:47:01.656 (2656239784)|CODE_UNIT_FINISHED|Workflow:01I580000000sUu
11:47:01.657 (2657296837)|DML_END|[20]
11:47:01.657 (2657330237)|STATEMENT_EXECUTE|[22]
11:47:01.658 (2658450284)|VARIABLE_SCOPE_BEGIN|[6]|ControlCreatorHelper.key|String|false|true
11:47:01.658 (2658472873)|HEAP_ALLOCATE|[22]|Bytes:2
11:47:01.658 (2658487849)|HEAP_ALLOCATE|[22]|Bytes:13
11:47:01.658 (2658513989)|VARIABLE_ASSIGNMENT|[22]|ControlCreatorHelper.key|"relationships"
11:47:01.658 (2658547998)|METHOD_ENTRY|[4]|01p58000000nnNT|ControlCreatorHelper.ControlCreatorHelper()
11:47:01.658 (2658555763)|STATEMENT_EXECUTE|[4]
11:47:01.658 (2658561817)|STATEMENT_EXECUTE|[4]
11:47:01.658 (2658573571)|HEAP_ALLOCATE|[22]|Bytes:5
11:47:01.658 (2658588561)|METHOD_EXIT|[4]|ControlCreatorHelper
11:47:01.658 (2658632112)|METHOD_ENTRY|[22]|01p58000000nnNT|ControlCreatorHelper.createControls(Map<String,String>, Id)
11:47:01.658 (2658674854)|VARIABLE_SCOPE_BEGIN|[13]|parameters|Map<String,String>|true|false
11:47:01.658 (2658689182)|VARIABLE_ASSIGNMENT|[13]|parameters|null|
11:47:01.658 (2658695276)|VARIABLE_SCOPE_BEGIN|[13]|businessUnitId|Id|false|false
11:47:01.658 (2658701943)|VARIABLE_ASSIGNMENT|[13]|businessUnitId|null
11:47:01.658 (2658714852)|HEAP_ALLOCATE|[15]|Bytes:5
11:47:01.658 (2658721801)|STATEMENT_EXECUTE|[13]
11:47:01.658 (2658728969)|STATEMENT_EXECUTE|[15]
11:47:01.658 (2658739660)|METHOD_EXIT|[22]|01p58000000nnNT|ControlCreatorHelper.createControls(Map<String,String>, Id)
11:47:01.658 (2658746237)|STATEMENT_EXECUTE|[23]
11:47:01.658 (2658758009)|HEAP_ALLOCATE|[23]|Bytes:4
11:47:01.658 (2658781166)|METHOD_ENTRY|[23]|01p58000000nnNT|ControlCreatorHelper.createControls(Map<String,String>, Id)
11:47:01.658 (2658797297)|VARIABLE_SCOPE_BEGIN|[13]|parameters|Map<String,String>|true|false
11:47:01.658 (2658828760)|VARIABLE_ASSIGNMENT|[13]|parameters|{"s":1,"v":{}}|0x6c1fd3be
11:47:01.658 (2658834564)|VARIABLE_SCOPE_BEGIN|[13]|businessUnitId|Id|false|false
11:47:01.658 (2658841108)|VARIABLE_ASSIGNMENT|[13]|businessUnitId|null
11:47:01.658 (2658850151)|HEAP_ALLOCATE|[15]|Bytes:5
11:47:01.658 (2658856189)|STATEMENT_EXECUTE|[13]
11:47:01.658 (2658860913)|STATEMENT_EXECUTE|[15]
11:47:01.658 (2658870614)|METHOD_EXIT|[23]|01p58000000nnNT|ControlCreatorHelper.createControls(Map<String,String>, Id)
11:47:01.658 (2658882254)|STATEMENT_EXECUTE|[24]
11:47:01.658 (2658889107)|HEAP_ALLOCATE|[24]|Bytes:4
11:47:01.658 (2658897765)|HEAP_ALLOCATE|[24]|Bytes:1
11:47:01.658 (2658970850)|METHOD_ENTRY|[24]|01p58000000nnNT|ControlCreatorHelper.createControls(Map<String,String>, Id)
11:47:01.658 (2658980329)|VARIABLE_SCOPE_BEGIN|[13]|parameters|Map<String,String>|true|false
11:47:01.659 (2659002165)|VARIABLE_ASSIGNMENT|[13]|parameters|{"s":1,"v":{"x":"x"}}|0x38a4b58f
11:47:01.659 (2659009596)|VARIABLE_SCOPE_BEGIN|[13]|businessUnitId|Id|false|false
11:47:01.659 (2659016409)|VARIABLE_ASSIGNMENT|[13]|businessUnitId|null
11:47:01.659 (2659025993)|HEAP_ALLOCATE|[15]|Bytes:5
11:47:01.659 (2659032220)|STATEMENT_EXECUTE|[13]
11:47:01.659 (2659036954)|STATEMENT_EXECUTE|[15]
11:47:01.659 (2659046677)|METHOD_EXIT|[24]|01p58000000nnNT|ControlCreatorHelper.createControls(Map<String,String>, Id)
11:47:01.659 (2659052784)|STATEMENT_EXECUTE|[25]
11:47:01.659 (2659059106)|HEAP_ALLOCATE|[25]|Bytes:4
11:47:01.659 (2659067449)|HEAP_ALLOCATE|[25]|Bytes:13
11:47:01.659 (2659130999)|METHOD_ENTRY|[25]|01p58000000nnNT|ControlCreatorHelper.createControls(Map<String,String>, Id)
11:47:01.659 (2659139770)|VARIABLE_SCOPE_BEGIN|[13]|parameters|Map<String,String>|true|false
11:47:01.659 (2659160125)|VARIABLE_ASSIGNMENT|[13]|parameters|{"s":1,"v":{"relationships":"x"}}|0x1eca470c
11:47:01.659 (2659165818)|VARIABLE_SCOPE_BEGIN|[13]|businessUnitId|Id|false|false
11:47:01.659 (2659246346)|VARIABLE_ASSIGNMENT|[13]|businessUnitId|"a0258000000wylOAAQ"
11:47:01.659 (2659261134)|HEAP_ALLOCATE|[15]|Bytes:5
11:47:01.659 (2659267478)|STATEMENT_EXECUTE|[13]
11:47:01.659 (2659338466)|STATEMENT_EXECUTE|[15]
11:47:01.659 (2659344929)|STATEMENT_EXECUTE|[17]
11:47:01.659 (2659433455)|HEAP_ALLOCATE|[17]|Bytes:4
11:47:01.659 (2659485006)|VARIABLE_SCOPE_BEGIN|[17]|controlsToInsert|Map<String,grc__Control__c>|true|false
11:47:01.659 (2659507463)|VARIABLE_ASSIGNMENT|[17]|controlsToInsert|{"s":1,"v":{}}|0xcdaf548
11:47:01.659 (2659514457)|STATEMENT_EXECUTE|[18]
11:47:01.659 (2659581356)|HEAP_ALLOCATE|[18]|Bytes:4
11:47:01.659 (2659665827)|VARIABLE_SCOPE_BEGIN|[18]|controlJunctions|List<Risk__Risk_Control_Lookup__c>|true|false
11:47:01.659 (2659677991)|HEAP_ALLOCATE|[EXTERNAL]|Bytes:4
11:47:01.659 (2659695459)|VARIABLE_ASSIGNMENT|[18]|controlJunctions|{"s":1,"v":[]}|0x114f3191
11:47:01.659 (2659701896)|STATEMENT_EXECUTE|[19]
11:47:01.659 (2659708628)|HEAP_ALLOCATE|[19]|Bytes:4
11:47:01.659 (2659715535)|VARIABLE_SCOPE_BEGIN|[19]|controlsToRisks|Map<String,String>|true|false
11:47:01.659 (2659732052)|VARIABLE_ASSIGNMENT|[19]|controlsToRisks|{"s":1,"v":{}}|0x55dd5c31
11:47:01.659 (2659738226)|STATEMENT_EXECUTE|[20]
11:47:01.659 (2659748049)|HEAP_ALLOCATE|[20]|Bytes:4
11:47:01.659 (2659782871)|VARIABLE_SCOPE_BEGIN|[20]|riskNames|Set<String>|true|false
11:47:01.659 (2659810266)|VARIABLE_ASSIGNMENT|[20]|riskNames|{"s":1,"v":[]}|0x19e383a1
11:47:01.659 (2659816519)|STATEMENT_EXECUTE|[21]
11:47:01.659 (2659847861)|HEAP_ALLOCATE|[21]|Bytes:4
11:47:01.659 (2659880764)|VARIABLE_SCOPE_BEGIN|[21]|riskMap|Map<String,grc__Risk__c>|true|false
11:47:01.659 (2659901545)|VARIABLE_ASSIGNMENT|[21]|riskMap|{"s":1,"v":{}}|0x42485560
11:47:01.659 (2659911956)|STATEMENT_EXECUTE|[23]
11:47:01.659 (2659961084)|VARIABLE_SCOPE_BEGIN|[23]|values|String|false|false
11:47:01.659 (2659974368)|VARIABLE_ASSIGNMENT|[23]|values|"x"
11:47:01.659 (2659982062)|HEAP_ALLOCATE|[24]|Bytes:1
11:47:01.660 (2660037470)|HEAP_ALLOCATE|[24]|Bytes:1
11:47:01.660 (2660046638)|HEAP_ALLOCATE|[24]|Bytes:8
11:47:01.660 (2660108805)|HEAP_ALLOCATE|[24]|Bytes:5
11:47:01.660 (2660132627)|VARIABLE_SCOPE_BEGIN|[24]|pair|String|false|false
11:47:01.660 (2660144719)|VARIABLE_ASSIGNMENT|[24]|pair|"x"
11:47:01.660 (2660150379)|STATEMENT_EXECUTE|[24]
11:47:01.660 (2660153827)|STATEMENT_EXECUTE|[25]
11:47:01.660 (2660158840)|HEAP_ALLOCATE|[25]|Bytes:1
11:47:01.660 (2660194208)|HEAP_ALLOCATE|[25]|Bytes:1
11:47:01.660 (2660200975)|HEAP_ALLOCATE|[25]|Bytes:8
11:47:01.660 (2660216871)|VARIABLE_SCOPE_BEGIN|[25]|v|List<String>|true|false
11:47:01.660 (2660242286)|HEAP_ALLOCATE|[EXTERNAL]|Bytes:8
11:47:01.660 (2660260125)|VARIABLE_ASSIGNMENT|[25]|v|{"s":1,"v":["x"]}|0x2a632701
11:47:01.660 (2660294072)|STATEMENT_EXECUTE|[26]
11:47:01.660 (2660312687)|HEAP_ALLOCATE|[24]|Bytes:5
11:47:01.660 (2660330566)|VARIABLE_ASSIGNMENT|[24]|pair|null
11:47:01.660 (2660337283)|STATEMENT_EXECUTE|[36]
11:47:01.660 (2660395128)|HEAP_ALLOCATE|[EXTERNAL]|Bytes:4
11:47:01.660 (2660405117)|HEAP_ALLOCATE|[36]|Bytes:4
11:47:01.660 (2660488341)|HEAP_ALLOCATE|[EXTERNAL]|Bytes:4
11:47:01.660 (2660501694)|HEAP_ALLOCATE|[39]|Bytes:55
11:47:01.660 (2660509936)|HEAP_ALLOCATE|[39]|Bytes:4
11:47:01.660 (2660912081)|SOQL_EXECUTE_BEGIN|[39]|Aggregations:0|SELECT Id, Name FROM grc__Risk__c 
11:47:01.662 (2662109368)|SOQL_EXECUTE_END|[39]|Rows:0
11:47:01.662 (2662250712)|HEAP_ALLOCATE|[39]|Bytes:28
11:47:01.662 (2662273704)|HEAP_ALLOCATE|[39]|Bytes:8
11:47:01.662 (2662279748)|HEAP_ALLOCATE|[39]|Bytes:8
11:47:01.662 (2662287804)|VARIABLE_SCOPE_BEGIN|[15]|this|Database.QueryLocatorIterator|true|false
11:47:01.662 (2662325422)|VARIABLE_ASSIGNMENT|[15]|this|{}|0x3c4ae1f9
11:47:01.662 (2662333451)|VARIABLE_SCOPE_BEGIN|[15]|values|List<SObject>|true|false
11:47:01.662 (2662342143)|VARIABLE_ASSIGNMENT|[15]|values|null|
11:47:01.662 (2662347147)|VARIABLE_SCOPE_BEGIN|[15]|ql|Database.QueryLocator|true|false
11:47:01.662 (2662367128)|VARIABLE_ASSIGNMENT|[15]|ql|{"query":"SELECT Id, Name FROM (35 more) ..."}|0x93ca1b5
11:47:01.662 (2662373994)|VARIABLE_SCOPE_BEGIN|[15]|totalNumRecords|Integer|false|false
11:47:01.662 (2662382759)|VARIABLE_ASSIGNMENT|[15]|totalNumRecords|0
11:47:01.662 (2662387461)|VARIABLE_SCOPE_BEGIN|[15]|queryMoreSize|Integer|false|false
11:47:01.662 (2662394147)|VARIABLE_ASSIGNMENT|[15]|queryMoreSize|49999
11:47:01.662 (2662406572)|VARIABLE_SCOPE_BEGIN|[2]|this|System.ApexBaseClass|true|false
11:47:01.662 (2662426944)|VARIABLE_ASSIGNMENT|[2]|this|{}|0x3c4ae1f9
11:47:01.662 (2662459358)|VARIABLE_ASSIGNMENT|[16]|this.ql|{"query":"SELECT Id, Name FROM (35 more) ..."}|0x3c4ae1f9
11:47:01.662 (2662473606)|VARIABLE_ASSIGNMENT|[17]|this.totalNumRecords|0|0x3c4ae1f9
11:47:01.662 (2662487222)|HEAP_ALLOCATE|[18]|Bytes:4
11:47:01.662 (2662498442)|VARIABLE_ASSIGNMENT|[18]|this.count|0|0x3c4ae1f9
11:47:01.662 (2662504786)|HEAP_ALLOCATE|[19]|Bytes:4
11:47:01.662 (2662513684)|VARIABLE_ASSIGNMENT|[19]|this.index|0|0x3c4ae1f9
11:47:01.662 (2662523482)|VARIABLE_ASSIGNMENT|[20]|this.buffer|null|0x3c4ae1f9
11:47:01.662 (2662533174)|VARIABLE_ASSIGNMENT|[21]|this.buffer|null|0x3c4ae1f9
11:47:01.662 (2662543560)|VARIABLE_ASSIGNMENT|[22]|this.queryMoreSize|49999|0x3c4ae1f9
11:47:01.662 (2662556884)|HEAP_ALLOCATE|[39]|Bytes:28
11:47:01.662 (2662587528)|VARIABLE_SCOPE_BEGIN|[25]|this|Database.QueryLocatorIterator|true|false
11:47:01.662 (2662620964)|VARIABLE_ASSIGNMENT|[25]|this|{"count":0,"index":0,"ql":{"query":"SELECT Id, Name FROM (35 more) ..."},"queryMoreSize":49999,"totalNumRecords":0}|0x3c4ae1f9
11:47:01.662 (2662650205)|VARIABLE_ASSIGNMENT|[39]|risk|null|
11:47:01.662 (2662657009)|STATEMENT_EXECUTE|[39]
11:47:01.662 (2662699576)|HEAP_ALLOCATE|[EXTERNAL]|Bytes:4
11:47:01.662 (2662708722)|HEAP_ALLOCATE|[43]|Bytes:4
11:47:01.662 (2662948967)|HEAP_ALLOCATE|[43]|Bytes:5
11:47:01.662 (2662977033)|VARIABLE_ASSIGNMENT|[43]|control|null|
11:47:01.662 (2662984276)|STATEMENT_EXECUTE|[43]
11:47:01.662 (2662988007)|STATEMENT_EXECUTE|[54]
11:47:01.663 (2663046465)|HEAP_ALLOCATE|[EXTERNAL]|Bytes:4
11:47:01.663 (2663065130)|METHOD_EXIT|[25]|01p58000000nnNT|ControlCreatorHelper.createControls(Map<String,String>, Id)
11:47:01.663 (2663073250)|STATEMENT_EXECUTE|[26]
11:47:01.663 (2663080085)|HEAP_ALLOCATE|[26]|Bytes:4
11:47:01.663 (2663089512)|HEAP_ALLOCATE|[26]|Bytes:14
11:47:01.663 (2663146612)|METHOD_ENTRY|[26]|01p58000000nnNT|ControlCreatorHelper.createControls(Map<String,String>, Id)
11:47:01.663 (2663156220)|VARIABLE_SCOPE_BEGIN|[13]|parameters|Map<String,String>|true|false
11:47:01.663 (2663183841)|VARIABLE_ASSIGNMENT|[13]|parameters|{"s":1,"v":{"relationships":"control1:risk1"}}|0x29b6a0e5
11:47:01.663 (2663190213)|VARIABLE_SCOPE_BEGIN|[13]|businessUnitId|Id|false|false
11:47:01.663 (2663223663)|VARIABLE_ASSIGNMENT|[13]|businessUnitId|"a0258000000wylOAAQ"
11:47:01.663 (2663237299)|HEAP_ALLOCATE|[15]|Bytes:5
11:47:01.663 (2663243624)|STATEMENT_EXECUTE|[13]
11:47:01.663 (2663275188)|STATEMENT_EXECUTE|[15]
11:47:01.663 (2663280690)|STATEMENT_EXECUTE|[17]
11:47:01.663 (2663286224)|HEAP_ALLOCATE|[17]|Bytes:4
11:47:01.663 (2663293392)|VARIABLE_SCOPE_BEGIN|[17]|controlsToInsert|Map<String,grc__Control__c>|true|false
11:47:01.663 (2663312611)|VARIABLE_ASSIGNMENT|[17]|controlsToInsert|{"s":1,"v":{}}|0x32ef3abe
11:47:01.663 (2663319610)|STATEMENT_EXECUTE|[18]
11:47:01.663 (2663325327)|HEAP_ALLOCATE|[18]|Bytes:4
11:47:01.663 (2663338407)|VARIABLE_SCOPE_BEGIN|[18]|controlJunctions|List<Risk__Risk_Control_Lookup__c>|true|false
11:47:01.663 (2663345751)|HEAP_ALLOCATE|[EXTERNAL]|Bytes:4
11:47:01.663 (2663357624)|VARIABLE_ASSIGNMENT|[18]|controlJunctions|{"s":1,"v":[]}|0x33e4af96
11:47:01.663 (2663363196)|STATEMENT_EXECUTE|[19]
11:47:01.663 (2663368363)|HEAP_ALLOCATE|[19]|Bytes:4
11:47:01.663 (2663374674)|VARIABLE_SCOPE_BEGIN|[19]|controlsToRisks|Map<String,String>|true|false
11:47:01.663 (2663388821)|VARIABLE_ASSIGNMENT|[19]|controlsToRisks|{"s":1,"v":{}}|0x2a9175be
11:47:01.663 (2663394824)|STATEMENT_EXECUTE|[20]
11:47:01.663 (2663400636)|HEAP_ALLOCATE|[20]|Bytes:4
11:47:01.663 (2663413724)|VARIABLE_SCOPE_BEGIN|[20]|riskNames|Set<String>|true|false
11:47:01.663 (2663432362)|VARIABLE_ASSIGNMENT|[20]|riskNames|{"s":1,"v":[]}|0x36bc4981
11:47:01.663 (2663438858)|STATEMENT_EXECUTE|[21]
11:47:01.663 (2663444070)|HEAP_ALLOCATE|[21]|Bytes:4
11:47:01.663 (2663450409)|VARIABLE_SCOPE_BEGIN|[21]|riskMap|Map<String,grc__Risk__c>|true|false
11:47:01.663 (2663465021)|VARIABLE_ASSIGNMENT|[21]|riskMap|{"s":1,"v":{}}|0x7dcdaf22
11:47:01.663 (2663470907)|STATEMENT_EXECUTE|[23]
11:47:01.663 (2663500292)|VARIABLE_SCOPE_BEGIN|[23]|values|String|false|false
11:47:01.663 (2663512346)|VARIABLE_ASSIGNMENT|[23]|values|"control1:risk1"
11:47:01.663 (2663539628)|HEAP_ALLOCATE|[24]|Bytes:14
11:47:01.663 (2663546443)|HEAP_ALLOCATE|[24]|Bytes:8
11:47:01.663 (2663581648)|HEAP_ALLOCATE|[24]|Bytes:5
11:47:01.663 (2663598461)|VARIABLE_SCOPE_BEGIN|[24]|pair|String|false|false
11:47:01.663 (2663610252)|VARIABLE_ASSIGNMENT|[24]|pair|"control1:risk1"
11:47:01.663 (2663620614)|STATEMENT_EXECUTE|[24]
11:47:01.663 (2663624347)|STATEMENT_EXECUTE|[25]
11:47:01.663 (2663651536)|HEAP_ALLOCATE|[25]|Bytes:8
11:47:01.663 (2663657846)|HEAP_ALLOCATE|[25]|Bytes:5
11:47:01.663 (2663662360)|HEAP_ALLOCATE|[25]|Bytes:12
11:47:01.663 (2663676707)|VARIABLE_SCOPE_BEGIN|[25]|v|List<String>|true|false
11:47:01.663 (2663693560)|HEAP_ALLOCATE|[EXTERNAL]|Bytes:12
11:47:01.663 (2663709580)|VARIABLE_ASSIGNMENT|[25]|v|{"s":1,"v":["control1","risk1"]}|0x6b433712
11:47:01.663 (2663729588)|STATEMENT_EXECUTE|[26]
11:47:01.663 (2663734021)|STATEMENT_EXECUTE|[27]
11:47:01.663 (2663763665)|HEAP_ALLOCATE|[27]|Bytes:4
11:47:01.663 (2663877759)|VARIABLE_SCOPE_BEGIN|[27]|control|grc__Control__c|true|false
11:47:01.663 (2663898477)|VARIABLE_ASSIGNMENT|[27]|control|{}|0x4ade9341
11:47:01.663 (2663904752)|STATEMENT_EXECUTE|[28]
11:47:01.663 (2663942836)|HEAP_ALLOCATE|[28]|Bytes:8
11:47:01.664 (2664056366)|VARIABLE_ASSIGNMENT|[28]|this.Name|"control1"|0x4ade9341
11:47:01.664 (2664067301)|STATEMENT_EXECUTE|[29]
11:47:01.664 (2664156484)|VARIABLE_ASSIGNMENT|[29]|this.grc__Business_Unit__c|"a0258000000wylOAAQ"|0x4ade9341
11:47:01.664 (2664165723)|STATEMENT_EXECUTE|[30]
11:47:01.664 (2664235257)|HEAP_ALLOCATE|[EXTERNAL]|Bytes:-4
11:47:01.664 (2664256159)|STATEMENT_EXECUTE|[31]
11:47:01.664 (2664291123)|HEAP_ALLOCATE|[31]|Bytes:5
11:47:01.664 (2664323281)|HEAP_ALLOCATE|[EXTERNAL]|Bytes:-4
11:47:01.664 (2664340795)|STATEMENT_EXECUTE|[32]
11:47:01.664 (2664368640)|HEAP_ALLOCATE|[32]|Bytes:5
11:47:01.664 (2664396745)|HEAP_ALLOCATE|[EXTERNAL]|Bytes:4
11:47:01.664 (2664424490)|HEAP_ALLOCATE|[24]|Bytes:5
11:47:01.664 (2664449844)|VARIABLE_ASSIGNMENT|[24]|pair|null
11:47:01.664 (2664456812)|STATEMENT_EXECUTE|[36]
11:47:01.664 (2664474030)|HEAP_ALLOCATE|[EXTERNAL]|Bytes:8
11:47:01.664 (2664486541)|HEAP_ALLOCATE|[36]|Bytes:71
11:47:01.664 (2664533939)|DML_BEGIN|[36]|Op:Insert|Type:grc__Control__c|Rows:1
11:47:01.664 (2664553678)|HEAP_ALLOCATE|[EXTERNAL]|Bytes:8
11:47:01.768 (2768684660)|ENTERING_MANAGED_PKG|Risk
11:47:01.769 (2769152585)|SOQL_EXECUTE_BEGIN|[8]|Aggregations:0|SELECT COUNT() FROM AsyncApexJob WHERE (JobType = 'BatchApex' AND (Status = 'Processing' OR Status = 'Preparing' OR Status = 'Queued'))
11:47:01.772 (2772249065)|SOQL_EXECUTE_END|[8]|Rows:1
11:47:01.808 (2808876562)|DML_END|[36]
11:47:01.808 (2808919754)|HEAP_ALLOCATE|[EXTERNAL]|Bytes:8
11:47:01.808 (2808940907)|HEAP_ALLOCATE|[39]|Bytes:4
11:47:01.809 (2809276450)|SOQL_EXECUTE_BEGIN|[39]|Aggregations:0|SELECT Id, Name FROM grc__Risk__c 
11:47:01.813 (2813423017)|SOQL_EXECUTE_END|[39]|Rows:1
11:47:01.813 (2813446446)|HEAP_ALLOCATE|[EXTERNAL]|Bytes:8
11:47:01.813 (2813570362)|HEAP_ALLOCATE|[39]|Bytes:28
11:47:01.813 (2813593012)|HEAP_ALLOCATE|[39]|Bytes:8
11:47:01.813 (2813610653)|HEAP_ALLOCATE|[39]|Bytes:8
11:47:01.813 (2813616310)|HEAP_ALLOCATE|[39]|Bytes:8
11:47:01.813 (2813624210)|VARIABLE_SCOPE_BEGIN|[15]|this|Database.QueryLocatorIterator|true|false
11:47:01.813 (2813670498)|VARIABLE_ASSIGNMENT|[15]|this|{}|0x3535adc2
11:47:01.813 (2813679054)|VARIABLE_SCOPE_BEGIN|[15]|values|List<SObject>|true|false
11:47:01.813 (2813714259)|VARIABLE_ASSIGNMENT|[15]|values|{"s":1,"v":[{"s":2,"v":{"Id":"a09580000001qpZAAQ","Name":"risk1"}}]}|0x284c27b3
11:47:01.813 (2813736471)|VARIABLE_SCOPE_BEGIN|[15]|ql|Database.QueryLocator|true|false
11:47:01.813 (2813769587)|VARIABLE_ASSIGNMENT|[15]|ql|{"query":"SELECT Id, Name FROM (35 more) ..."}|0xdc2e39a
11:47:01.813 (2813777889)|VARIABLE_SCOPE_BEGIN|[15]|totalNumRecords|Integer|false|false
11:47:01.813 (2813787459)|VARIABLE_ASSIGNMENT|[15]|totalNumRecords|1
11:47:01.813 (2813792319)|VARIABLE_SCOPE_BEGIN|[15]|queryMoreSize|Integer|false|false
11:47:01.813 (2813799084)|VARIABLE_ASSIGNMENT|[15]|queryMoreSize|49998
11:47:01.813 (2813812016)|VARIABLE_SCOPE_BEGIN|[2]|this|System.ApexBaseClass|true|false
11:47:01.813 (2813833669)|VARIABLE_ASSIGNMENT|[2]|this|{}|0x3535adc2
11:47:01.813 (2813864257)|VARIABLE_ASSIGNMENT|[16]|this.ql|{"query":"SELECT Id, Name FROM (35 more) ..."}|0x3535adc2
11:47:01.813 (2813878597)|VARIABLE_ASSIGNMENT|[17]|this.totalNumRecords|1|0x3535adc2
11:47:01.813 (2813886629)|HEAP_ALLOCATE|[18]|Bytes:4
11:47:01.813 (2813899485)|VARIABLE_ASSIGNMENT|[18]|this.count|0|0x3535adc2
11:47:01.813 (2813907625)|HEAP_ALLOCATE|[19]|Bytes:4
11:47:01.813 (2813917259)|VARIABLE_ASSIGNMENT|[19]|this.index|0|0x3535adc2
11:47:01.813 (2813928133)|VARIABLE_ASSIGNMENT|[20]|this.buffer|null|0x3535adc2
11:47:01.813 (2813948182)|VARIABLE_ASSIGNMENT|[21]|this.buffer|{"s":1,"v":[{"s":2,"v":{"Id":"a09580000001qpZAAQ","Name":"risk1"}}]}|0x3535adc2
11:47:01.813 (2813961491)|VARIABLE_ASSIGNMENT|[22]|this.queryMoreSize|49998|0x3535adc2
11:47:01.813 (2813975271)|HEAP_ALLOCATE|[39]|Bytes:28
11:47:01.814 (2814004528)|VARIABLE_SCOPE_BEGIN|[25]|this|Database.QueryLocatorIterator|true|false
11:47:01.814 (2814040490)|VARIABLE_ASSIGNMENT|[25]|this|{"buffer":"0x284c27b3","count":0,"index":0,"ql":{"query":"SELECT Id, Name FROM (35 more) ..."},"queryMoreSize":49998,"totalNumRecords":1}|0x3535adc2
11:47:01.814 (2814159005)|VARIABLE_SCOPE_BEGIN|[49]|this|Database.QueryLocatorIterator|true|false
11:47:01.814 (2814195687)|VARIABLE_ASSIGNMENT|[49]|this|{"buffer":"0x284c27b3","count":0,"index":0,"ql":{"query":"SELECT Id, Name FROM (35 more) ..."},"queryMoreSize":49998,"totalNumRecords":1}|0x3535adc2
11:47:01.814 (2814217559)|VARIABLE_SCOPE_BEGIN|[25]|this|Database.QueryLocatorIterator|true|false
11:47:01.814 (2814247584)|VARIABLE_ASSIGNMENT|[25]|this|{"buffer":"0x284c27b3","count":0,"index":0,"ql":{"query":"SELECT Id, Name FROM (35 more) ..."},"queryMoreSize":49998,"totalNumRecords":1}|0x3535adc2
11:47:01.814 (2814313752)|HEAP_ALLOCATE|[55]|Bytes:12
11:47:01.814 (2814327717)|VARIABLE_SCOPE_BEGIN|[55]|retval|SObject|true|false
11:47:01.814 (2814348415)|VARIABLE_ASSIGNMENT|[55]|retval|{"s":1,"v":{"Id":"a09580000001qpZAAQ","Name":"risk1"}}|0x4e6c4d6c
11:47:01.814 (2814358833)|HEAP_ALLOCATE|[56]|Bytes:4
11:47:01.814 (2814370066)|VARIABLE_ASSIGNMENT|[56]|this.index|1|0x3535adc2
11:47:01.814 (2814376553)|HEAP_ALLOCATE|[57]|Bytes:4
11:47:01.814 (2814385145)|VARIABLE_ASSIGNMENT|[57]|this.count|1|0x3535adc2
11:47:01.814 (2814403689)|VARIABLE_SCOPE_BEGIN|[39]|risk|grc__Risk__c|true|false
11:47:01.814 (2814423907)|VARIABLE_ASSIGNMENT|[39]|risk|{"s":1,"v":{"Id":"a09580000001qpZAAQ","Name":"risk1"}}|0x4e6c4d6c
11:47:01.814 (2814434097)|STATEMENT_EXECUTE|[39]
11:47:01.814 (2814438083)|STATEMENT_EXECUTE|[40]
11:47:01.814 (2814537770)|HEAP_ALLOCATE|[EXTERNAL]|Bytes:-4
11:47:01.814 (2814569341)|VARIABLE_SCOPE_BEGIN|[25]|this|Database.QueryLocatorIterator|true|false
11:47:01.814 (2814605360)|VARIABLE_ASSIGNMENT|[25]|this|{"buffer":"0x284c27b3","count":1,"index":1,"ql":{"query":"SELECT Id, Name FROM (35 more) ..."},"queryMoreSize":49998,"totalNumRecords":1}|0x3535adc2
11:47:01.814 (2814631766)|VARIABLE_ASSIGNMENT|[39]|risk|null|
11:47:01.814 (2814668070)|HEAP_ALLOCATE|[EXTERNAL]|Bytes:8
11:47:01.814 (2814684596)|HEAP_ALLOCATE|[43]|Bytes:95
11:47:01.814 (2814722770)|HEAP_ALLOCATE|[43]|Bytes:5
11:47:01.814 (2814745737)|HEAP_ALLOCATE|[43]|Bytes:16
11:47:01.814 (2814762353)|VARIABLE_SCOPE_BEGIN|[43]|control|grc__Control__c|true|false
11:47:01.814 (2814785522)|VARIABLE_ASSIGNMENT|[43]|control|{"Name":"control1","grc__Business_Unit__ (1 more) ...":"a0258000000wylOAAQ","Id":"a0358000000mByXAAU"}|0x4ade9341
11:47:01.814 (2814794021)|STATEMENT_EXECUTE|[43]
11:47:01.814 (2814797912)|STATEMENT_EXECUTE|[44]
11:47:01.814 (2814824724)|HEAP_ALLOCATE|[44]|Bytes:4
11:47:01.814 (2814938081)|VARIABLE_SCOPE_BEGIN|[44]|lookup|Risk__Risk_Control_Lookup__c|true|false
11:47:01.814 (2814957081)|VARIABLE_ASSIGNMENT|[44]|lookup|{}|0x7092e937
11:47:01.815 (2815055069)|STATEMENT_EXECUTE|[45]
11:47:01.815 (2815062622)|STATEMENT_EXECUTE|[46]
11:47:01.815 (2815260060)|VARIABLE_ASSIGNMENT|[46]|this.Risk__Risk__c|"a09580000001qpZAAQ"|0x7092e937
11:47:01.815 (2815270196)|STATEMENT_EXECUTE|[47]
11:47:01.815 (2815369554)|VARIABLE_ASSIGNMENT|[47]|this.Risk__Control__c|"a0358000000mByXAAU"|0x7092e937
11:47:01.815 (2815378954)|STATEMENT_EXECUTE|[49]
11:47:01.815 (2815428598)|HEAP_ALLOCATE|[EXTERNAL]|Bytes:4
11:47:01.815 (2815459767)|HEAP_ALLOCATE|[43]|Bytes:5
11:47:01.815 (2815480760)|VARIABLE_ASSIGNMENT|[43]|control|null|
11:47:01.815 (2815487804)|STATEMENT_EXECUTE|[54]
11:47:01.815 (2815534526)|DML_BEGIN|[54]|Op:Insert|Type:Risk__Risk_Control_Lookup__c|Rows:1
11:47:01.815 (2815556286)|HEAP_ALLOCATE|[EXTERNAL]|Bytes:8
11:47:01.829 (2829858342)|ENTERING_MANAGED_PKG|Risk
11:47:01.865 (2865164700)|ENTERING_MANAGED_PKG|Risk
11:47:01.868 (2868233875)|SOQL_EXECUTE_BEGIN|[33]|Aggregations:1|SELECT Name, Risk__Risk_Mitigation__c, (SELECT Risk__Control__c, IsDeleted FROM Risk_Control_Lookup__r WHERE IsDeleted = FALSE ORDER BY LastModifiedDate DESC NULLS FIRST) FROM grc__Risk__c WHERE Id = :tmpVar1
11:47:01.876 (2876132203)|SOQL_EXECUTE_END|[33]|Rows:1
11:47:01.877 (2877537975)|SOQL_EXECUTE_BEGIN|[49]|Aggregations:0|SELECT Id, Name, grc__Description__c FROM grc__Control__c WHERE Id = :tmpVar1
11:47:01.880 (2880593110)|SOQL_EXECUTE_END|[49]|Rows:1
11:47:01.882 (2882324349)|DML_BEGIN|[65]|Op:Update|Type:grc__Risk__c|Rows:1
11:47:01.903 (2903441381)|ENTERING_MANAGED_PKG|Risk
11:47:01.904 (2904370431)|SOQL_EXECUTE_BEGIN|[4]|Aggregations:0|SELECT COUNT() FROM AsyncApexJob WHERE (JobType = 'BatchApex' AND (Status = 'Processing' OR Status = 'Preparing' OR Status = 'Queued'))
11:47:01.907 (2907614906)|SOQL_EXECUTE_END|[4]|Rows:1
11:47:01.972 (2972499253)|ENTERING_MANAGED_PKG|Risk
11:47:01.974 (2974703182)|SOQL_EXECUTE_BEGIN|[21]|Aggregations:1|SELECT Id, Risk__Average_Risk_Score__c, Risk__Previous_Average_Risk_Score__c, Risk__Previous_Risk_Score__c, Risk__Risk_Score__c, (SELECT Id, Risk__Average_KRI_Score__c, Risk__Type__c, Risk__Previous_Average_KRI_Score__c, Risk__KRI_Score__c, Risk__Previous_KRI_Score__c, Risk__Cost_Best_Case__c, Risk__Cost_Most_Likely_Case__c, Risk__Cost_Worst_Case__c, Risk__Time_Best_Case__c, Risk__Time_Most_Likely_Case__c, Risk__Time_Worst_Case__c FROM grc__Risks__r) FROM grc__Business_Unit__c WHERE Id = :tmpVar1
11:47:01.982 (2982237301)|SOQL_EXECUTE_END|[21]|Rows:1
11:47:02.004 (3004228315)|HEAP_ALLOCATE|[74]|Bytes:4
11:47:02.004 (3004665479)|DML_BEGIN|[31]|Op:Update|Type:grc__Business_Unit__c|Rows:1
11:47:02.011 (3011112371)|ENTERING_MANAGED_PKG|Risk
11:47:02.011 (3011587131)|SOQL_EXECUTE_BEGIN|[11]|Aggregations:0|SELECT Id, grc__Parent_Business_Unit__c FROM grc__Business_Unit__c LIMIT 50000
11:47:02.013 (3013602518)|SOQL_EXECUTE_END|[11]|Rows:1
11:47:02.032 (3032143368)|ENTERING_MANAGED_PKG|Risk
11:47:02.032 (3032909979)|DML_END|[31]
11:47:02.040 (3040251578)|DML_END|[65]
11:47:02.063 (3063279209)|ENTERING_MANAGED_PKG|Risk
11:47:02.064 (3064125944)|SOQL_EXECUTE_BEGIN|[4]|Aggregations:0|SELECT COUNT() FROM AsyncApexJob WHERE (JobType = 'BatchApex' AND (Status = 'Processing' OR Status = 'Preparing' OR Status = 'Queued'))
11:47:02.067 (3067180936)|SOQL_EXECUTE_END|[4]|Rows:1
11:47:02.132 (3132088061)|ENTERING_MANAGED_PKG|Risk
11:47:02.133 (3133965336)|SOQL_EXECUTE_BEGIN|[21]|Aggregations:1|SELECT Id, Risk__Average_Risk_Score__c, Risk__Previous_Average_Risk_Score__c, Risk__Previous_Risk_Score__c, Risk__Risk_Score__c, (SELECT Id, Risk__Average_KRI_Score__c, Risk__Type__c, Risk__Previous_Average_KRI_Score__c, Risk__KRI_Score__c, Risk__Previous_KRI_Score__c, Risk__Cost_Best_Case__c, Risk__Cost_Most_Likely_Case__c, Risk__Cost_Worst_Case__c, Risk__Time_Best_Case__c, Risk__Time_Most_Likely_Case__c, Risk__Time_Worst_Case__c FROM grc__Risks__r) FROM grc__Business_Unit__c WHERE Id = :tmpVar1
11:47:02.140 (3140807279)|SOQL_EXECUTE_END|[21]|Rows:1
11:47:02.142 (3142844173)|DML_BEGIN|[31]|Op:Update|Type:grc__Business_Unit__c|Rows:1
11:47:02.149 (3149658061)|ENTERING_MANAGED_PKG|Risk
11:47:02.150 (3150133711)|SOQL_EXECUTE_BEGIN|[11]|Aggregations:0|SELECT Id, grc__Parent_Business_Unit__c FROM grc__Business_Unit__c LIMIT 50000
11:47:02.152 (3152066767)|SOQL_EXECUTE_END|[11]|Rows:1
11:47:02.164 (3164891904)|ENTERING_MANAGED_PKG|Risk
11:47:02.165 (3165724456)|DML_END|[31]
11:47:02.167 (3167683941)|CODE_UNIT_STARTED|[EXTERNAL]|Workflow:01I580000000sUu
11:47:02.172 (3172269368)|WF_RULE_EVAL_BEGIN|Workflow
11:47:02.172 (3172304006)|WF_CRITERIA_BEGIN|[Risk: risk1 a09580000001qpZ]|Update Last Modified Residual Rating Field|01Q580000004LQi|ON_ALL_CHANGES|0
11:47:02.172 (3172652430)|WF_FORMULA|Formula:ENCODED:[treatNullAsNull]IF( {!ID:00N580000016ahQ} <> PRIORVALUE({!ID:00N580000016ahQ} ),true,false)|Values:Risk__Residual_Score__c=0
11:47:02.172 (3172671793)|WF_CRITERIA_END|false
11:47:02.172 (3172690815)|WF_SPOOL_ACTION_BEGIN|Workflow
11:47:02.172 (3172702152)|WF_ACTION| None
11:47:02.172 (3172707483)|WF_RULE_EVAL_END
11:47:02.172 (3172768048)|WF_ACTIONS_END| None
11:47:02.172 (3172778430)|CODE_UNIT_FINISHED|Workflow:01I580000000sUu
11:47:02.175 (3175790067)|DML_END|[54]
11:47:02.175 (3175836629)|HEAP_ALLOCATE|[EXTERNAL]|Bytes:8
11:47:02.175 (3175867304)|METHOD_EXIT|[26]|01p58000000nnNT|ControlCreatorHelper.createControls(Map<String,String>, Id)
11:47:02.175 (3175878569)|STATEMENT_EXECUTE|[28]
11:47:02.175 (3175887198)|HEAP_ALLOCATE|[28]|Bytes:59
11:47:02.175 (3175906234)|HEAP_ALLOCATE|[28]|Bytes:4
11:47:02.176 (3176252430)|SOQL_EXECUTE_BEGIN|[28]|Aggregations:0|SELECT Id, Name, grc__Business_Unit__c FROM grc__Control__c
11:47:02.178 (3178569108)|SOQL_EXECUTE_END|[28]|Rows:1
11:47:02.178 (3178596773)|HEAP_ALLOCATE|[28]|Bytes:8
11:47:02.178 (3178619655)|HEAP_ALLOCATE|[28]|Bytes:88
11:47:02.178 (3178644089)|HEAP_ALLOCATE|[28]|Bytes:8
11:47:02.178 (3178655981)|VARIABLE_SCOPE_BEGIN|[28]|controls|List<grc__Control__c>|true|false
11:47:02.178 (3178716238)|VARIABLE_ASSIGNMENT|[28]|controls|{"s":1,"v":[{"s":2,"v":{"Id":"a0358000000mByXAAU","Name":"control1","grc__Business_Unit__ (1 more) ...":"a0258000000wylOAAQ"}}]}|0x614f62bc
11:47:02.178 (3178725026)|STATEMENT_EXECUTE|[29]
11:47:02.178 (3178824000)|STATEMENT_EXECUTE|[30]
11:47:02.178 (3178832894)|HEAP_ALLOCATE|[30]|Bytes:8
11:47:02.178 (3178899018)|HEAP_ALLOCATE|[30]|Bytes:16
11:47:02.178 (3178948143)|STATEMENT_EXECUTE|[32]
11:47:02.178 (3178956404)|HEAP_ALLOCATE|[32]|Bytes:76
11:47:02.178 (3178963908)|HEAP_ALLOCATE|[32]|Bytes:4
11:47:02.179 (3179209850)|SOQL_EXECUTE_BEGIN|[32]|Aggregations:0|SELECT Id, Risk__Risk__c, Risk__Control__c FROM Risk__Risk_Control_Lookup__c
11:47:02.180 (3180770221)|SOQL_EXECUTE_END|[32]|Rows:1
11:47:02.180 (3180793678)|HEAP_ALLOCATE|[32]|Bytes:8
11:47:02.180 (3180809297)|HEAP_ALLOCATE|[32]|Bytes:102
11:47:02.180 (3180828590)|HEAP_ALLOCATE|[32]|Bytes:8
11:47:02.180 (3180838720)|VARIABLE_SCOPE_BEGIN|[32]|lookups|List<Risk__Risk_Control_Lookup__c>|true|false
11:47:02.180 (3180865666)|VARIABLE_ASSIGNMENT|[32]|lookups|{"s":1,"v":[{"s":2,"v":{"Id":"a0k58000000LU1OAAW","Risk__Risk__c":"a09580000001qpZAAQ","Risk__Control__c":"a0358000000mByXAAU"}}]}|0x76a2a11a
11:47:02.180 (3180874170)|STATEMENT_EXECUTE|[33]
11:47:02.180 (3180927791)|STATEMENT_EXECUTE|[34]
11:47:02.180 (3180988309)|HEAP_ALLOCATE|[34]|Bytes:16
11:47:02.181 (3181033943)|STATEMENT_EXECUTE|[35]
11:47:02.181 (3181076731)|HEAP_ALLOCATE|[35]|Bytes:16
11:47:02.181 (3181109690)|HEAP_ALLOCATE|[35]|Bytes:16
11:47:02.181 (3181144056)|STATEMENT_EXECUTE|[36]
11:47:02.181 (3181180147)|HEAP_ALLOCATE|[36]|Bytes:16
11:47:02.181 (3181255593)|SYSTEM_MODE_EXIT|false
11:47:02.181 (3181289080)|CUMULATIVE_LIMIT_USAGE
11:47:02.181 (3181289080)|LIMIT_USAGE_FOR_NS|(default)|
  Number of SOQL queries: 5 out of 100
  Number of query rows: 4 out of 50000
  Number of SOSL queries: 0 out of 20
  Number of DML statements: 5 out of 150
  Number of DML rows: 5 out of 10000
  Maximum CPU time: 11 out of 10000
  Maximum heap size: 0 out of 6000000
  Number of callouts: 0 out of 100
  Number of Email Invocations: 0 out of 10
  Number of future calls: 0 out of 50
  Number of queueable jobs added to the queue: 0 out of 50
  Number of Mobile Apex push calls: 0 out of 10

11:47:02.181 (3181289080)|LIMIT_USAGE_FOR_NS|Risk|
  Number of SOQL queries: 10 out of 100
  Number of query rows: 12 out of 50000
  Number of SOSL queries: 0 out of 20
  Number of DML statements: 3 out of 150
  Number of DML rows: 3 out of 10000
  Maximum CPU time: 0 out of 10000
  Maximum heap size: 0 out of 6000000
  Number of callouts: 0 out of 100
  Number of Email Invocations: 0 out of 10
  Number of future calls: 0 out of 50
  Number of queueable jobs added to the queue: 0 out of 50
  Number of Mobile Apex push calls: 0 out of 10

11:47:02.181 (3181289080)|TESTING_LIMITS
11:47:02.181 (3181289080)|LIMIT_USAGE_FOR_NS|(default)|
  Number of SOQL queries: 0 out of 100
  Number of query rows: 0 out of 50000
  Number of SOSL queries: 0 out of 20
  Number of DML statements: 0 out of 150
  Number of DML rows: 0 out of 10000
  Maximum CPU time: 0 out of 10000
  Maximum heap size: 0 out of 6000000
  Number of callouts: 0 out of 100
  Number of Email Invocations: 0 out of 10
  Number of future calls: 0 out of 50
  Number of queueable jobs added to the queue: 0 out of 50
  Number of Mobile Apex push calls: 0 out of 10

11:47:02.181 (3181289080)|LIMIT_USAGE_FOR_NS|Risk|
  Number of SOQL queries: 3 out of 100
  Number of query rows: 0 out of 50000
  Number of SOSL queries: 0 out of 20
  Number of DML statements: 0 out of 150
  Number of DML rows: 0 out of 10000
  Maximum CPU time: 0 out of 10000
  Maximum heap size: 0 out of 6000000
  Number of callouts: 0 out of 100
  Number of Email Invocations: 0 out of 10
  Number of future calls: 0 out of 50
  Number of queueable jobs added to the queue: 0 out of 50
  Number of Mobile Apex push calls: 0 out of 10

11:47:02.181 (3181289080)|CUMULATIVE_LIMIT_USAGE_END

11:47:02.181 (3181364122)|CODE_UNIT_FINISHED|ControlCreatorHelperTest.testCreateControls
11:47:02.183 (3183011828)|EXECUTION_FINISHED
11:47:02.197 (3197059393)|HEAP_ALLOCATE|[EXTERNAL]|Bytes:8
11:47:02.197 (3197309645)|HEAP_ALLOCATE|[EXTERNAL]|Bytes:4
11:47:02.214 (3214580545)|SOQL_EXECUTE_BEGIN|[88]|Aggregations:0|SELECT Id, Risk__Sharing_Group_Name__c FROM grc__Business_Unit__c WHERE Id = :tmpVar1
11:47:02.217 (3217461933)|SOQL_EXECUTE_END|[88]|Rows:1
11:47:02.218 (3218480596)|SOQL_EXECUTE_BEGIN|[112]|Aggregations:0|SELECT Id, Name FROM Group 
11:47:02.220 (3220651507)|SOQL_EXECUTE_END|[112]|Rows:2
11:47:02.222 (3222489437)|DML_BEGIN|[123]|Op:Insert|Type:grc__Risk__Share|Rows:2
11:47:02.242 (3242544542)|DML_END|[123]
11:47:02.282 (3282525793)|HEAP_ALLOCATE|[EXTERNAL]|Bytes:8
11:47:02.282 (3282772677)|HEAP_ALLOCATE|[EXTERNAL]|Bytes:4
11:47:02.302 (3302108605)|HEAP_ALLOCATE|[EXTERNAL]|Bytes:8
11:47:02.302 (3302305239)|HEAP_ALLOCATE|[EXTERNAL]|Bytes:4
11:47:02.322 (3322546874)|HEAP_ALLOCATE|[EXTERNAL]|Bytes:8
11:47:02.322 (3322760058)|HEAP_ALLOCATE|[EXTERNAL]|Bytes:4
11:47:02.337 (3337944844)|SOQL_EXECUTE_BEGIN|[71]|Aggregations:0|SELECT Id, Risk__Sharing_Group_Name__c FROM grc__Business_Unit__c WHERE Id = :tmpVar1
11:47:02.340 (3340074507)|SOQL_EXECUTE_END|[71]|Rows:1
11:47:02.341 (3341021489)|SOQL_EXECUTE_BEGIN|[95]|Aggregations:0|SELECT Id, Name FROM Group 
11:47:02.342 (3342910843)|SOQL_EXECUTE_END|[95]|Rows:2
11:47:02.344 (3344651278)|DML_BEGIN|[106]|Op:Insert|Type:grc__Control__Share|Rows:2
11:47:02.359 (3359844384)|DML_END|[106]
11:47:02.373 (3373983703)|SOQL_EXECUTE_BEGIN|[145]|Aggregations:0|SELECT Id, Risk__Sharing_Group_Name__c FROM grc__Business_Unit__c WHERE Id = :tmpVar1
11:47:02.376 (3376676824)|SOQL_EXECUTE_END|[145]|Rows:1
11:47:02.389 (3389742536)|SOQL_EXECUTE_BEGIN|[145]|Aggregations:0|SELECT Id, Risk__Sharing_Group_Name__c FROM grc__Business_Unit__c WHERE Id = :tmpVar1
11:47:02.391 (3391695438)|SOQL_EXECUTE_END|[145]|Rows:1
