35.0 APEX_CODE,FINEST;APEX_PROFILING,INFO;CALLOUT,INFO;DB,INFO;SYSTEM,DEBUG;VALIDATION,INFO;VISUALFORCE,INFO;WORKFLOW,INFO
Execute Anonymous: /*SObjectData d = new SObjectData('Test_objects__c');
Execute Anonymous: d.addValuePair('Name', 'Parent');
Execute Anonymous: d.setParentField('Parent__c');
Execute Anonymous: 
Execute Anonymous: SObjectData d1 = new SObjectData('Test_objects__c');
Execute Anonymous: d1.addValuePair('Name', 'Child 1');
Execute Anonymous: d1.setParent(d);
Execute Anonymous: d1.setParentField('Parent__c');
Execute Anonymous: 
Execute Anonymous: SObjectData d2 = new SObjectData('Test_objects__c');
Execute Anonymous: d2.addValuePair('Name', 'Child 2');
Execute Anonymous: d2.setParent(d);
Execute Anonymous: d2.setParentField('Parent__c');
Execute Anonymous: 
Execute Anonymous: SObjectData d3 = new SObjectData('Test_objects__c');
Execute Anonymous: d3.addValuePair('Name', 'Child 3');
Execute Anonymous: d3.setParent(d);
Execute Anonymous: d3.setParentField('Parent__c');
Execute Anonymous: 
Execute Anonymous: d.addChild(d1);
Execute Anonymous: d.addChild(d2);
Execute Anonymous: d.addChild(d3);
Execute Anonymous: 
Execute Anonymous: SObjectData d4 = new SObjectData('Test_objects__c');
Execute Anonymous: d4.addValuePair('Name', 'Child 4');
Execute Anonymous: d4.setParent(d3);
Execute Anonymous: d4.setParentField('Parent__c');
Execute Anonymous: 
Execute Anonymous: d3.addChild(d4);
Execute Anonymous: 
Execute Anonymous: SObjectUtility h = new SObjectUtility();
Execute Anonymous: h.createSObjects(new List<SObjectData> { d} );*/
Execute Anonymous: 
Execute Anonymous: ScoringSchemeHelper.create5x5ScoringScheme();
17:11:10.046 (46541323)|EXECUTION_STARTED
17:11:10.046 (46552462)|CODE_UNIT_STARTED|[EXTERNAL]|execute_anonymous_apex
17:11:10.046 (46867853)|HEAP_ALLOCATE|[72]|Bytes:3
17:11:10.046 (46933019)|HEAP_ALLOCATE|[77]|Bytes:152
17:11:10.046 (46957135)|HEAP_ALLOCATE|[342]|Bytes:408
17:11:10.046 (46982068)|HEAP_ALLOCATE|[355]|Bytes:408
17:11:10.047 (47004741)|HEAP_ALLOCATE|[467]|Bytes:48
17:11:10.047 (47052096)|HEAP_ALLOCATE|[139]|Bytes:6
17:11:10.047 (47087435)|HEAP_ALLOCATE|[EXTERNAL]|Bytes:2
17:11:10.047 (47174756)|STATEMENT_EXECUTE|[1]
17:11:10.047 (47178902)|STATEMENT_EXECUTE|[34]
17:11:10.047 (47241695)|HEAP_ALLOCATE|[50]|Bytes:5
17:11:10.047 (47274707)|HEAP_ALLOCATE|[56]|Bytes:5
17:11:10.047 (47289101)|HEAP_ALLOCATE|[64]|Bytes:7
17:11:10.047 (47319958)|SYSTEM_MODE_ENTER|false
17:11:10.047 (47354304)|HEAP_ALLOCATE|[34]|Bytes:5
17:11:10.048 (48386423)|HEAP_ALLOCATE|[34]|Bytes:1
17:11:10.048 (48421292)|METHOD_ENTRY|[1]|01p58000000n81u|ScoringSchemeHelper.ScoringSchemeHelper()
17:11:10.048 (48427252)|STATEMENT_EXECUTE|[1]
17:11:10.048 (48431419)|STATEMENT_EXECUTE|[1]
17:11:10.048 (48440609)|HEAP_ALLOCATE|[34]|Bytes:5
17:11:10.048 (48454842)|METHOD_EXIT|[1]|ScoringSchemeHelper
17:11:10.048 (48485800)|METHOD_ENTRY|[34]|01p58000000n81u|ScoringSchemeHelper.create5x5ScoringScheme()
17:11:10.048 (48534594)|HEAP_ALLOCATE|[4]|Bytes:5
17:11:10.048 (48540752)|STATEMENT_EXECUTE|[3]
17:11:10.048 (48542999)|STATEMENT_EXECUTE|[4]
17:11:10.049 (49746608)|HEAP_ALLOCATE|[4]|Bytes:43
17:11:10.049 (49777103)|METHOD_ENTRY|[1]|01p58000000n6Fr|SObjectData.SObjectData()
17:11:10.049 (49782905)|STATEMENT_EXECUTE|[1]
17:11:10.049 (49786964)|STATEMENT_EXECUTE|[1]
17:11:10.049 (49793867)|HEAP_ALLOCATE|[4]|Bytes:5
17:11:10.049 (49805285)|METHOD_EXIT|[1]|SObjectData
17:11:10.049 (49903967)|HEAP_ALLOCATE|[4]|Bytes:24
17:11:10.049 (49911538)|HEAP_ALLOCATE|[4]|Bytes:23
17:11:10.049 (49930554)|CONSTRUCTOR_ENTRY|[4]|01p58000000n6Fr|<init>(String)
17:11:10.049 (49989052)|VARIABLE_SCOPE_BEGIN|[8]|this|SObjectData|true|false
17:11:10.050 (50049752)|VARIABLE_ASSIGNMENT|[8]|this|{}|0x3f0684f2
17:11:10.050 (50057791)|VARIABLE_SCOPE_BEGIN|[8]|sobjectType|String|false|false
17:11:10.050 (50071569)|VARIABLE_ASSIGNMENT|[8]|sobjectType|"Risk__Scoring_Scheme (3 more) ..."
17:11:10.050 (50082139)|HEAP_ALLOCATE|[2]|Bytes:5
17:11:10.050 (50087003)|STATEMENT_EXECUTE|[1]
17:11:10.050 (50090374)|HEAP_ALLOCATE|[2]|Bytes:5
17:11:10.050 (50093091)|STATEMENT_EXECUTE|[2]
17:11:10.050 (50105253)|HEAP_ALLOCATE|[2]|Bytes:4
17:11:10.050 (50156855)|VARIABLE_ASSIGNMENT|[2]|this.fieldMap|{"s":1,"v":{}}|0x3f0684f2
17:11:10.050 (50162549)|STATEMENT_EXECUTE|[3]
17:11:10.050 (50165062)|STATEMENT_EXECUTE|[4]
17:11:10.050 (50166918)|STATEMENT_EXECUTE|[5]
17:11:10.050 (50168648)|STATEMENT_EXECUTE|[6]
17:11:10.050 (50184120)|HEAP_ALLOCATE|[2]|Bytes:6
17:11:10.050 (50203003)|VARIABLE_SCOPE_BEGIN|[2]|this|System.ApexBaseClass|true|false
17:11:10.050 (50232873)|VARIABLE_ASSIGNMENT|[2]|this|{"fieldMap":"0x540a4e24"}|0x3f0684f2
17:11:10.050 (50246935)|STATEMENT_EXECUTE|[8]
17:11:10.050 (50249457)|STATEMENT_EXECUTE|[9]
17:11:10.050 (50263780)|VARIABLE_ASSIGNMENT|[9]|this.sObjectType|"Risk__Scoring_Scheme (3 more) ..."|0x3f0684f2
17:11:10.050 (50279127)|CONSTRUCTOR_EXIT|[4]|01p58000000n6Fr|<init>(String)
17:11:10.050 (50283760)|VARIABLE_SCOPE_BEGIN|[4]|scoringScheme|SObjectData|true|false
17:11:10.050 (50310913)|VARIABLE_ASSIGNMENT|[4]|scoringScheme|{"fieldMap":"0x540a4e24","sObjectType":"Risk__Scoring_Scheme (3 more) ..."}|0x3f0684f2
17:11:10.050 (50316871)|STATEMENT_EXECUTE|[5]
17:11:10.050 (50321242)|HEAP_ALLOCATE|[5]|Bytes:4
17:11:10.050 (50325450)|HEAP_ALLOCATE|[5]|Bytes:18
17:11:10.050 (50365294)|METHOD_ENTRY|[5]|01p58000000n6Fr|SObjectData.addValuePair(String, String)
17:11:10.050 (50400300)|VARIABLE_SCOPE_BEGIN|[64]|this|SObjectData|true|false
17:11:10.050 (50430508)|VARIABLE_ASSIGNMENT|[64]|this|{"fieldMap":"0x540a4e24","sObjectType":"Risk__Scoring_Scheme (3 more) ..."}|0x3f0684f2
17:11:10.050 (50437497)|VARIABLE_SCOPE_BEGIN|[64]|field|String|false|false
17:11:10.050 (50443798)|VARIABLE_ASSIGNMENT|[64]|field|"Name"
17:11:10.050 (50447537)|VARIABLE_SCOPE_BEGIN|[64]|value|String|false|false
17:11:10.050 (50452641)|VARIABLE_ASSIGNMENT|[64]|value|"Scoring Scheme 5x5"
17:11:10.050 (50463109)|HEAP_ALLOCATE|[66]|Bytes:5
17:11:10.050 (50467830)|STATEMENT_EXECUTE|[64]
17:11:10.050 (50473476)|STATEMENT_EXECUTE|[66]
17:11:10.050 (50475648)|STATEMENT_EXECUTE|[69]
17:11:10.050 (50582885)|HEAP_ALLOCATE|[EXTERNAL]|Bytes:-4
17:11:10.050 (50611646)|METHOD_EXIT|[5]|01p58000000n6Fr|SObjectData.addValuePair(String, String)
17:11:10.050 (50616925)|STATEMENT_EXECUTE|[6]
17:11:10.050 (50621167)|HEAP_ALLOCATE|[6]|Bytes:12
17:11:10.050 (50625216)|HEAP_ALLOCATE|[6]|Bytes:15
17:11:10.050 (50635240)|METHOD_ENTRY|[6]|01p58000000n6Fr|SObjectData.addValuePair(String, String)
17:11:10.050 (50658558)|VARIABLE_SCOPE_BEGIN|[64]|this|SObjectData|true|false
17:11:10.050 (50689163)|VARIABLE_ASSIGNMENT|[64]|this|{"fieldMap":"0x540a4e24","sObjectType":"Risk__Scoring_Scheme (3 more) ..."}|0x3f0684f2
17:11:10.050 (50694179)|VARIABLE_SCOPE_BEGIN|[64]|field|String|false|false
17:11:10.050 (50700104)|VARIABLE_ASSIGNMENT|[64]|field|"RecordTypeId"
17:11:10.050 (50702521)|VARIABLE_SCOPE_BEGIN|[64]|value|String|false|false
17:11:10.050 (50706924)|VARIABLE_ASSIGNMENT|[64]|value|"012580000000H5p"
17:11:10.050 (50715194)|HEAP_ALLOCATE|[66]|Bytes:5
17:11:10.050 (50719558)|STATEMENT_EXECUTE|[64]
17:11:10.050 (50722692)|STATEMENT_EXECUTE|[66]
17:11:10.050 (50724740)|STATEMENT_EXECUTE|[69]
17:11:10.050 (50750315)|HEAP_ALLOCATE|[EXTERNAL]|Bytes:-4
17:11:10.050 (50775421)|METHOD_EXIT|[6]|01p58000000n6Fr|SObjectData.addValuePair(String, String)
17:11:10.050 (50780436)|STATEMENT_EXECUTE|[8]
17:11:10.050 (50788862)|HEAP_ALLOCATE|[8]|Bytes:24
17:11:10.050 (50793886)|HEAP_ALLOCATE|[8]|Bytes:24
17:11:10.050 (50804598)|CONSTRUCTOR_ENTRY|[8]|01p58000000n6Fr|<init>(String)
17:11:10.050 (50829828)|VARIABLE_SCOPE_BEGIN|[8]|this|SObjectData|true|false
17:11:10.050 (50849768)|VARIABLE_ASSIGNMENT|[8]|this|{}|0x48b0b811
17:11:10.050 (50853847)|VARIABLE_SCOPE_BEGIN|[8]|sobjectType|String|false|false
17:11:10.050 (50861651)|VARIABLE_ASSIGNMENT|[8]|sobjectType|"Risk__Impact_Categor (4 more) ..."
17:11:10.050 (50869572)|HEAP_ALLOCATE|[2]|Bytes:5
17:11:10.050 (50873823)|STATEMENT_EXECUTE|[1]
17:11:10.050 (50877062)|HEAP_ALLOCATE|[2]|Bytes:5
17:11:10.050 (50879743)|STATEMENT_EXECUTE|[2]
17:11:10.050 (50887004)|HEAP_ALLOCATE|[2]|Bytes:4
17:11:10.050 (50912365)|VARIABLE_ASSIGNMENT|[2]|this.fieldMap|{"s":1,"v":{}}|0x48b0b811
17:11:10.050 (50917543)|STATEMENT_EXECUTE|[3]
17:11:10.050 (50919895)|STATEMENT_EXECUTE|[4]
17:11:10.050 (50921755)|STATEMENT_EXECUTE|[5]
17:11:10.050 (50923485)|STATEMENT_EXECUTE|[6]
17:11:10.050 (50931021)|VARIABLE_SCOPE_BEGIN|[2]|this|System.ApexBaseClass|true|false
17:11:10.050 (50955729)|VARIABLE_ASSIGNMENT|[2]|this|{"fieldMap":"0x63eb4609"}|0x48b0b811
17:11:10.050 (50965910)|STATEMENT_EXECUTE|[8]
17:11:10.050 (50968260)|STATEMENT_EXECUTE|[9]
17:11:10.050 (50979656)|VARIABLE_ASSIGNMENT|[9]|this.sObjectType|"Risk__Impact_Categor (4 more) ..."|0x48b0b811
17:11:10.050 (50990737)|CONSTRUCTOR_EXIT|[8]|01p58000000n6Fr|<init>(String)
17:11:10.050 (50994966)|VARIABLE_SCOPE_BEGIN|[8]|costIC|SObjectData|true|false
17:11:10.051 (51019530)|VARIABLE_ASSIGNMENT|[8]|costIC|{"fieldMap":"0x63eb4609","sObjectType":"Risk__Impact_Categor (4 more) ..."}|0x48b0b811
17:11:10.051 (51025871)|STATEMENT_EXECUTE|[9]
17:11:10.051 (51031112)|HEAP_ALLOCATE|[9]|Bytes:7
17:11:10.051 (51042912)|METHOD_ENTRY|[9]|01p58000000n6Fr|SObjectData.addValuePair(String, String)
17:11:10.051 (51065785)|VARIABLE_SCOPE_BEGIN|[64]|this|SObjectData|true|false
17:11:10.051 (51094087)|VARIABLE_ASSIGNMENT|[64]|this|{"fieldMap":"0x63eb4609","sObjectType":"Risk__Impact_Categor (4 more) ..."}|0x48b0b811
17:11:10.051 (51099134)|VARIABLE_SCOPE_BEGIN|[64]|field|String|false|false
17:11:10.051 (51104551)|VARIABLE_ASSIGNMENT|[64]|field|"Name"
17:11:10.051 (51107306)|VARIABLE_SCOPE_BEGIN|[64]|value|String|false|false
17:11:10.051 (51111506)|VARIABLE_ASSIGNMENT|[64]|value|"Cost IC"
17:11:10.051 (51119400)|HEAP_ALLOCATE|[66]|Bytes:5
17:11:10.051 (51123700)|STATEMENT_EXECUTE|[64]
17:11:10.051 (51126768)|STATEMENT_EXECUTE|[66]
17:11:10.051 (51128779)|STATEMENT_EXECUTE|[69]
17:11:10.051 (51154638)|HEAP_ALLOCATE|[EXTERNAL]|Bytes:-4
17:11:10.051 (51174488)|METHOD_EXIT|[9]|01p58000000n6Fr|SObjectData.addValuePair(String, String)
17:11:10.051 (51178865)|STATEMENT_EXECUTE|[10]
17:11:10.051 (51183191)|HEAP_ALLOCATE|[10]|Bytes:21
17:11:10.051 (51186845)|HEAP_ALLOCATE|[10]|Bytes:4
17:11:10.051 (51195708)|METHOD_ENTRY|[10]|01p58000000n6Fr|SObjectData.addValuePair(String, String)
17:11:10.051 (51218071)|VARIABLE_SCOPE_BEGIN|[64]|this|SObjectData|true|false
17:11:10.051 (51246275)|VARIABLE_ASSIGNMENT|[64]|this|{"fieldMap":"0x63eb4609","sObjectType":"Risk__Impact_Categor (4 more) ..."}|0x48b0b811
17:11:10.051 (51251033)|VARIABLE_SCOPE_BEGIN|[64]|field|String|false|false
17:11:10.051 (51257380)|VARIABLE_ASSIGNMENT|[64]|field|"Risk__Type_Of_Risk__ (1 more) ..."
17:11:10.051 (51260008)|VARIABLE_SCOPE_BEGIN|[64]|value|String|false|false
17:11:10.051 (51264638)|VARIABLE_ASSIGNMENT|[64]|value|"Cost"
17:11:10.051 (51272379)|HEAP_ALLOCATE|[66]|Bytes:5
17:11:10.051 (51276634)|STATEMENT_EXECUTE|[64]
17:11:10.051 (51279792)|STATEMENT_EXECUTE|[66]
17:11:10.051 (51281800)|STATEMENT_EXECUTE|[69]
17:11:10.051 (51305871)|HEAP_ALLOCATE|[EXTERNAL]|Bytes:-4
17:11:10.051 (51325137)|METHOD_EXIT|[10]|01p58000000n6Fr|SObjectData.addValuePair(String, String)
17:11:10.051 (51329346)|STATEMENT_EXECUTE|[12]
17:11:10.051 (51336843)|HEAP_ALLOCATE|[12]|Bytes:24
17:11:10.051 (51347547)|CONSTRUCTOR_ENTRY|[12]|01p58000000n6Fr|<init>(String)
17:11:10.051 (51371428)|VARIABLE_SCOPE_BEGIN|[8]|this|SObjectData|true|false
17:11:10.051 (51390547)|VARIABLE_ASSIGNMENT|[8]|this|{}|0x66379395
17:11:10.051 (51394605)|VARIABLE_SCOPE_BEGIN|[8]|sobjectType|String|false|false
17:11:10.051 (51402169)|VARIABLE_ASSIGNMENT|[8]|sobjectType|"Risk__Impact_Categor (4 more) ..."
17:11:10.051 (51409913)|HEAP_ALLOCATE|[2]|Bytes:5
17:11:10.051 (51414044)|STATEMENT_EXECUTE|[1]
17:11:10.051 (51417140)|HEAP_ALLOCATE|[2]|Bytes:5
17:11:10.051 (51419802)|STATEMENT_EXECUTE|[2]
17:11:10.051 (51427020)|HEAP_ALLOCATE|[2]|Bytes:4
17:11:10.051 (51451613)|VARIABLE_ASSIGNMENT|[2]|this.fieldMap|{"s":1,"v":{}}|0x66379395
17:11:10.051 (51457314)|STATEMENT_EXECUTE|[3]
17:11:10.051 (51459658)|STATEMENT_EXECUTE|[4]
17:11:10.051 (51461546)|STATEMENT_EXECUTE|[5]
17:11:10.051 (51463331)|STATEMENT_EXECUTE|[6]
17:11:10.051 (51470396)|VARIABLE_SCOPE_BEGIN|[2]|this|System.ApexBaseClass|true|false
17:11:10.051 (51494163)|VARIABLE_ASSIGNMENT|[2]|this|{"fieldMap":"0x5f555a54"}|0x66379395
17:11:10.051 (51503837)|STATEMENT_EXECUTE|[8]
17:11:10.051 (51506155)|STATEMENT_EXECUTE|[9]
17:11:10.051 (51517238)|VARIABLE_ASSIGNMENT|[9]|this.sObjectType|"Risk__Impact_Categor (4 more) ..."|0x66379395
17:11:10.051 (51527911)|CONSTRUCTOR_EXIT|[12]|01p58000000n6Fr|<init>(String)
17:11:10.051 (51532109)|VARIABLE_SCOPE_BEGIN|[12]|timeIC|SObjectData|true|false
17:11:10.051 (51555497)|VARIABLE_ASSIGNMENT|[12]|timeIC|{"fieldMap":"0x5f555a54","sObjectType":"Risk__Impact_Categor (4 more) ..."}|0x66379395
17:11:10.051 (51560867)|STATEMENT_EXECUTE|[13]
17:11:10.051 (51571676)|METHOD_ENTRY|[13]|01p58000000n6Fr|SObjectData.addValuePair(String, String)
17:11:10.051 (51593564)|VARIABLE_SCOPE_BEGIN|[64]|this|SObjectData|true|false
17:11:10.051 (51620483)|VARIABLE_ASSIGNMENT|[64]|this|{"fieldMap":"0x5f555a54","sObjectType":"Risk__Impact_Categor (4 more) ..."}|0x66379395
17:11:10.051 (51625561)|VARIABLE_SCOPE_BEGIN|[64]|field|String|false|false
17:11:10.051 (51631096)|VARIABLE_ASSIGNMENT|[64]|field|"Name"
17:11:10.051 (51633354)|VARIABLE_SCOPE_BEGIN|[64]|value|String|false|false
17:11:10.051 (51637457)|VARIABLE_ASSIGNMENT|[64]|value|"Cost IC"
17:11:10.051 (51645068)|HEAP_ALLOCATE|[66]|Bytes:5
17:11:10.051 (51649270)|STATEMENT_EXECUTE|[64]
17:11:10.051 (51652376)|STATEMENT_EXECUTE|[66]
17:11:10.051 (51654431)|STATEMENT_EXECUTE|[69]
17:11:10.051 (51678913)|HEAP_ALLOCATE|[EXTERNAL]|Bytes:-4
17:11:10.051 (51698022)|METHOD_EXIT|[13]|01p58000000n6Fr|SObjectData.addValuePair(String, String)
17:11:10.051 (51702561)|STATEMENT_EXECUTE|[14]
17:11:10.051 (51706757)|HEAP_ALLOCATE|[14]|Bytes:4
17:11:10.051 (51715929)|METHOD_ENTRY|[14]|01p58000000n6Fr|SObjectData.addValuePair(String, String)
17:11:10.051 (51737416)|VARIABLE_SCOPE_BEGIN|[64]|this|SObjectData|true|false
17:11:10.051 (51765702)|VARIABLE_ASSIGNMENT|[64]|this|{"fieldMap":"0x5f555a54","sObjectType":"Risk__Impact_Categor (4 more) ..."}|0x66379395
17:11:10.051 (51774735)|VARIABLE_SCOPE_BEGIN|[64]|field|String|false|false
17:11:10.051 (51781375)|VARIABLE_ASSIGNMENT|[64]|field|"Risk__Type_Of_Risk__ (1 more) ..."
17:11:10.051 (51784359)|VARIABLE_SCOPE_BEGIN|[64]|value|String|false|false
17:11:10.051 (51788974)|VARIABLE_ASSIGNMENT|[64]|value|"Time"
17:11:10.051 (51796705)|HEAP_ALLOCATE|[66]|Bytes:5
17:11:10.051 (51800993)|STATEMENT_EXECUTE|[64]
17:11:10.051 (51804083)|STATEMENT_EXECUTE|[66]
17:11:10.051 (51806169)|STATEMENT_EXECUTE|[69]
17:11:10.051 (51830584)|HEAP_ALLOCATE|[EXTERNAL]|Bytes:-4
17:11:10.051 (51849858)|METHOD_EXIT|[14]|01p58000000n6Fr|SObjectData.addValuePair(String, String)
17:11:10.051 (51854189)|STATEMENT_EXECUTE|[16]
17:11:10.051 (51869276)|METHOD_ENTRY|[16]|01p58000000n6Fr|SObjectData.addChild(String, SObjectData)
17:11:10.051 (51899996)|VARIABLE_SCOPE_BEGIN|[40]|this|SObjectData|true|false
17:11:10.051 (51928496)|VARIABLE_ASSIGNMENT|[40]|this|{"fieldMap":"0x540a4e24","sObjectType":"Risk__Scoring_Scheme (3 more) ..."}|0x3f0684f2
17:11:10.051 (51935354)|VARIABLE_SCOPE_BEGIN|[40]|field|String|false|false
17:11:10.051 (51942105)|VARIABLE_ASSIGNMENT|[40]|field|"Risk__Scoring_Scheme (3 more) ..."
17:11:10.051 (51946027)|VARIABLE_SCOPE_BEGIN|[40]|o|SObjectData|true|false
17:11:10.051 (51965227)|VARIABLE_ASSIGNMENT|[40]|o|{"fieldMap":"0x63eb4609","sObjectType":"Risk__Impact_Categor (4 more) ..."}|0x48b0b811
17:11:10.051 (51977107)|HEAP_ALLOCATE|[41]|Bytes:5
17:11:10.051 (51981725)|STATEMENT_EXECUTE|[40]
17:11:10.051 (51986115)|STATEMENT_EXECUTE|[41]
17:11:10.051 (51988086)|STATEMENT_EXECUTE|[42]
17:11:10.051 (51995976)|HEAP_ALLOCATE|[42]|Bytes:4
17:11:10.052 (52062876)|VARIABLE_ASSIGNMENT|[42]|this.children|{"s":1,"v":{}}|0x3f0684f2
17:11:10.052 (52131281)|STATEMENT_EXECUTE|[46]
17:11:10.052 (52134746)|STATEMENT_EXECUTE|[47]
17:11:10.052 (52218211)|HEAP_ALLOCATE|[47]|Bytes:4
17:11:10.052 (52350609)|HEAP_ALLOCATE|[EXTERNAL]|Bytes:8
17:11:10.052 (52358601)|HEAP_ALLOCATE|[EXTERNAL]|Bytes:-4
17:11:10.052 (52381115)|METHOD_EXIT|[16]|01p58000000n6Fr|SObjectData.addChild(String, SObjectData)
17:11:10.052 (52386106)|STATEMENT_EXECUTE|[17]
17:11:10.052 (52396179)|METHOD_ENTRY|[17]|01p58000000n6Fr|SObjectData.addChild(String, SObjectData)
17:11:10.052 (52418254)|VARIABLE_SCOPE_BEGIN|[40]|this|SObjectData|true|false
17:11:10.052 (52450704)|VARIABLE_ASSIGNMENT|[40]|this|{"children":"0x24aa9fe","fieldMap":"0x540a4e24","sObjectType":"Risk__Scoring_Scheme (3 more) ..."}|0x3f0684f2
17:11:10.052 (52456665)|VARIABLE_SCOPE_BEGIN|[40]|field|String|false|false
17:11:10.052 (52463080)|VARIABLE_ASSIGNMENT|[40]|field|"Risk__Scoring_Scheme (3 more) ..."
17:11:10.052 (52465540)|VARIABLE_SCOPE_BEGIN|[40]|o|SObjectData|true|false
17:11:10.052 (52484879)|VARIABLE_ASSIGNMENT|[40]|o|{"fieldMap":"0x5f555a54","sObjectType":"Risk__Impact_Categor (4 more) ..."}|0x66379395
17:11:10.052 (52494738)|HEAP_ALLOCATE|[41]|Bytes:5
17:11:10.052 (52499270)|STATEMENT_EXECUTE|[40]
17:11:10.052 (52502387)|STATEMENT_EXECUTE|[41]
17:11:10.052 (52530511)|STATEMENT_EXECUTE|[46]
17:11:10.052 (52533383)|STATEMENT_EXECUTE|[47]
17:11:10.052 (52539486)|HEAP_ALLOCATE|[47]|Bytes:4
17:11:10.052 (52571842)|HEAP_ALLOCATE|[EXTERNAL]|Bytes:8
17:11:10.052 (52605247)|METHOD_EXIT|[17]|01p58000000n6Fr|SObjectData.addChild(String, SObjectData)
17:11:10.052 (52610236)|STATEMENT_EXECUTE|[19]
17:11:10.054 (54010571)|HEAP_ALLOCATE|[19]|Bytes:19
17:11:10.054 (54020118)|HEAP_ALLOCATE|[19]|Bytes:2
17:11:10.054 (54041090)|METHOD_ENTRY|[1]|01p58000000n6rI|SObjectUtility.SObjectUtility()
17:11:10.054 (54046784)|STATEMENT_EXECUTE|[1]
17:11:10.054 (54050885)|STATEMENT_EXECUTE|[1]
17:11:10.054 (54057582)|HEAP_ALLOCATE|[19]|Bytes:5
17:11:10.054 (54068434)|METHOD_EXIT|[1]|SObjectUtility
17:11:10.054 (54087441)|HEAP_ALLOCATE|[19]|Bytes:8
17:11:10.054 (54099572)|CONSTRUCTOR_ENTRY|[19]|01p58000000n6rI|<init>()
17:11:10.054 (54133487)|VARIABLE_SCOPE_BEGIN|[1]|this|SObjectUtility|true|false
17:11:10.054 (54158214)|VARIABLE_ASSIGNMENT|[1]|this|{}|0x5411627
17:11:10.054 (54167738)|HEAP_ALLOCATE|[3]|Bytes:5
17:11:10.054 (54178382)|VARIABLE_SCOPE_BEGIN|[2]|this|System.ApexBaseClass|true|false
17:11:10.054 (54194290)|VARIABLE_ASSIGNMENT|[2]|this|{}|0x5411627
17:11:10.054 (54205490)|STATEMENT_EXECUTE|[1]
17:11:10.054 (54210810)|HEAP_ALLOCATE|[3]|Bytes:5
17:11:10.054 (54213874)|STATEMENT_EXECUTE|[3]
17:11:10.054 (54222725)|HEAP_ALLOCATE|[3]|Bytes:4
17:11:10.054 (54255486)|VARIABLE_ASSIGNMENT|[3]|this.childrenMap|{"s":1,"v":{}}|0x5411627
17:11:10.054 (54265586)|CONSTRUCTOR_EXIT|[19]|01p58000000n6rI|<init>()
17:11:10.054 (54270185)|VARIABLE_SCOPE_BEGIN|[19]|su|SObjectUtility|true|false
17:11:10.054 (54293574)|VARIABLE_ASSIGNMENT|[19]|su|{"childrenMap":"0x54ec36f6"}|0x5411627
17:11:10.054 (54299113)|STATEMENT_EXECUTE|[20]
17:11:10.054 (54307392)|HEAP_ALLOCATE|[20]|Bytes:4
17:11:10.054 (54370506)|METHOD_ENTRY|[20]|01p58000000n6rI|SObjectUtility.createSObjects(List<SObjectData>)
17:11:10.054 (54380552)|VARIABLE_SCOPE_BEGIN|[5]|this|SObjectUtility|true|false
17:11:10.054 (54405828)|VARIABLE_ASSIGNMENT|[5]|this|{"childrenMap":"0x54ec36f6"}|0x5411627
17:11:10.054 (54413345)|VARIABLE_SCOPE_BEGIN|[5]|dataList|List<SObjectData>|true|false
17:11:10.054 (54424034)|HEAP_ALLOCATE|[EXTERNAL]|Bytes:8
17:11:10.054 (54461324)|VARIABLE_ASSIGNMENT|[5]|dataList|{"s":1,"v":[{"children":"0x24aa9fe","fieldMap":"0x540a4e24","sObjectType":"Risk__Scoring_Scheme (3 more) ..."}]}|0x4be2ce6f
17:11:10.054 (54475124)|HEAP_ALLOCATE|[6]|Bytes:5
17:11:10.054 (54480070)|STATEMENT_EXECUTE|[5]
17:11:10.054 (54482331)|STATEMENT_EXECUTE|[6]
17:11:10.054 (54505086)|METHOD_ENTRY|[6]|01p58000000n6rI|SObjectUtility.createRoot(List<SObjectData>)
17:11:10.054 (54566234)|VARIABLE_SCOPE_BEGIN|[58]|this|SObjectUtility|true|false
17:11:10.054 (54592139)|VARIABLE_ASSIGNMENT|[58]|this|{"childrenMap":"0x54ec36f6"}|0x5411627
17:11:10.054 (54599234)|VARIABLE_SCOPE_BEGIN|[58]|dataList|List<SObjectData>|true|false
17:11:10.054 (54629504)|VARIABLE_ASSIGNMENT|[58]|dataList|{"s":1,"v":[{"children":"0x24aa9fe","fieldMap":"0x540a4e24","sObjectType":"Risk__Scoring_Scheme (3 more) ..."}]}|0x4be2ce6f
17:11:10.054 (54642669)|HEAP_ALLOCATE|[59]|Bytes:5
17:11:10.054 (54647596)|STATEMENT_EXECUTE|[58]
17:11:10.054 (54650094)|STATEMENT_EXECUTE|[59]
17:11:10.054 (54658349)|HEAP_ALLOCATE|[59]|Bytes:4
17:11:10.054 (54671809)|VARIABLE_SCOPE_BEGIN|[59]|rootObjects|Map<String,SObject>|true|false
17:11:10.054 (54692687)|VARIABLE_ASSIGNMENT|[59]|rootObjects|{"s":1,"v":{}}|0x2d083e15
17:11:10.054 (54994744)|HEAP_ALLOCATE|[60]|Bytes:5
17:11:10.055 (55014312)|HEAP_ALLOCATE|[60]|Bytes:24
17:11:10.055 (55024736)|VARIABLE_SCOPE_BEGIN|[60]|obj|SObjectData|true|false
17:11:10.055 (55059528)|VARIABLE_ASSIGNMENT|[60]|obj|{"children":"0x24aa9fe","fieldMap":"0x540a4e24","sObjectType":"Risk__Scoring_Scheme (3 more) ..."}|0x3f0684f2
17:11:10.055 (55066833)|STATEMENT_EXECUTE|[60]
17:11:10.055 (55069131)|STATEMENT_EXECUTE|[61]
17:11:10.055 (55088308)|METHOD_ENTRY|[61]|01p58000000n6rI|SObjectUtility.generateRandomString(Integer)
17:11:10.055 (55117058)|HEAP_ALLOCATE|[97]|Bytes:4
17:11:10.055 (55124449)|VARIABLE_SCOPE_BEGIN|[96]|len|Integer|false|false
17:11:10.055 (55132832)|VARIABLE_ASSIGNMENT|[96]|len|18
17:11:10.055 (55142570)|HEAP_ALLOCATE|[97]|Bytes:5
17:11:10.055 (55146685)|STATEMENT_EXECUTE|[96]
17:11:10.055 (55148830)|STATEMENT_EXECUTE|[97]
17:11:10.055 (55152252)|HEAP_ALLOCATE|[97]|Bytes:62
17:11:10.055 (55156369)|VARIABLE_SCOPE_BEGIN|[97]|chars|String|false|false
17:11:10.055 (55165827)|VARIABLE_ASSIGNMENT|[97]|chars|"ABCDEFGHIJKLMNOPQRST (42 more) ..."
17:11:10.055 (55169154)|STATEMENT_EXECUTE|[98]
17:11:10.055 (55172904)|VARIABLE_SCOPE_BEGIN|[98]|randStr|String|false|false
17:11:10.055 (55178750)|VARIABLE_ASSIGNMENT|[98]|randStr|""
17:11:10.055 (55260799)|STATEMENT_EXECUTE|[99]
17:11:10.055 (55264409)|STATEMENT_EXECUTE|[100]
17:11:10.055 (55527259)|VARIABLE_SCOPE_BEGIN|[2]|Math.E|Double|false|true
17:11:10.055 (55536121)|VARIABLE_SCOPE_BEGIN|[3]|Math.PI|Double|false|true
17:11:10.055 (55821869)|VARIABLE_SCOPE_BEGIN|[100]|idx|Integer|false|false
17:11:10.055 (55827819)|HEAP_ALLOCATE|[100]|Bytes:4
17:11:10.055 (55837228)|VARIABLE_ASSIGNMENT|[100]|idx|28
17:11:10.055 (55840771)|STATEMENT_EXECUTE|[101]
17:11:10.055 (55894141)|HEAP_ALLOCATE|[101]|Bytes:1
17:11:10.055 (55922645)|HEAP_ALLOCATE|[101]|Bytes:1
17:11:10.055 (55933648)|VARIABLE_ASSIGNMENT|[101]|randStr|"2"
17:11:10.055 (55956434)|STATEMENT_EXECUTE|[99]
17:11:10.055 (55959233)|STATEMENT_EXECUTE|[100]
17:11:10.056 (56057658)|VARIABLE_SCOPE_BEGIN|[100]|idx|Integer|false|false
17:11:10.056 (56063593)|HEAP_ALLOCATE|[100]|Bytes:4
17:11:10.056 (56072185)|VARIABLE_ASSIGNMENT|[100]|idx|13
17:11:10.056 (56075430)|STATEMENT_EXECUTE|[101]
17:11:10.056 (56098991)|HEAP_ALLOCATE|[101]|Bytes:1
17:11:10.056 (56114492)|HEAP_ALLOCATE|[101]|Bytes:2
17:11:10.056 (56123470)|VARIABLE_ASSIGNMENT|[101]|randStr|"2N"
17:11:10.056 (56143934)|STATEMENT_EXECUTE|[99]
17:11:10.056 (56146733)|STATEMENT_EXECUTE|[100]
17:11:10.056 (56241869)|VARIABLE_SCOPE_BEGIN|[100]|idx|Integer|false|false
17:11:10.056 (56246435)|HEAP_ALLOCATE|[100]|Bytes:4
17:11:10.056 (56254802)|VARIABLE_ASSIGNMENT|[100]|idx|30
17:11:10.056 (56258008)|STATEMENT_EXECUTE|[101]
17:11:10.056 (56280722)|HEAP_ALLOCATE|[101]|Bytes:1
17:11:10.056 (56295904)|HEAP_ALLOCATE|[101]|Bytes:3
17:11:10.056 (56305024)|VARIABLE_ASSIGNMENT|[101]|randStr|"2N4"
17:11:10.056 (56325850)|STATEMENT_EXECUTE|[99]
17:11:10.056 (56328541)|STATEMENT_EXECUTE|[100]
17:11:10.056 (56424822)|VARIABLE_SCOPE_BEGIN|[100]|idx|Integer|false|false
17:11:10.056 (56429541)|HEAP_ALLOCATE|[100]|Bytes:4
17:11:10.056 (56437726)|VARIABLE_ASSIGNMENT|[100]|idx|12
17:11:10.056 (56440948)|STATEMENT_EXECUTE|[101]
17:11:10.056 (56463472)|HEAP_ALLOCATE|[101]|Bytes:1
17:11:10.056 (56478358)|HEAP_ALLOCATE|[101]|Bytes:4
17:11:10.056 (56487360)|VARIABLE_ASSIGNMENT|[101]|randStr|"2N4M"
17:11:10.056 (56507609)|STATEMENT_EXECUTE|[99]
17:11:10.056 (56510453)|STATEMENT_EXECUTE|[100]
17:11:10.056 (56615835)|VARIABLE_SCOPE_BEGIN|[100]|idx|Integer|false|false
17:11:10.056 (56620741)|HEAP_ALLOCATE|[100]|Bytes:4
17:11:10.056 (56629194)|VARIABLE_ASSIGNMENT|[100]|idx|27
17:11:10.056 (56632442)|STATEMENT_EXECUTE|[101]
17:11:10.056 (56655134)|HEAP_ALLOCATE|[101]|Bytes:1
17:11:10.056 (56670478)|HEAP_ALLOCATE|[101]|Bytes:5
17:11:10.056 (56679393)|VARIABLE_ASSIGNMENT|[101]|randStr|"2N4M1"
17:11:10.056 (56699497)|STATEMENT_EXECUTE|[99]
17:11:10.056 (56702608)|STATEMENT_EXECUTE|[100]
17:11:10.056 (56800618)|VARIABLE_SCOPE_BEGIN|[100]|idx|Integer|false|false
17:11:10.056 (56805422)|HEAP_ALLOCATE|[100]|Bytes:4
17:11:10.056 (56813787)|VARIABLE_ASSIGNMENT|[100]|idx|47
17:11:10.056 (56817003)|STATEMENT_EXECUTE|[101]
17:11:10.056 (56839629)|HEAP_ALLOCATE|[101]|Bytes:1
17:11:10.056 (56854562)|HEAP_ALLOCATE|[101]|Bytes:6
17:11:10.056 (56863562)|VARIABLE_ASSIGNMENT|[101]|randStr|"2N4M1l"
17:11:10.056 (56883782)|STATEMENT_EXECUTE|[99]
17:11:10.056 (56886488)|STATEMENT_EXECUTE|[100]
17:11:10.056 (56978572)|VARIABLE_SCOPE_BEGIN|[100]|idx|Integer|false|false
17:11:10.056 (56983119)|HEAP_ALLOCATE|[100]|Bytes:4
17:11:10.056 (56991184)|VARIABLE_ASSIGNMENT|[100]|idx|17
17:11:10.056 (56994248)|STATEMENT_EXECUTE|[101]
17:11:10.057 (57016220)|HEAP_ALLOCATE|[101]|Bytes:1
17:11:10.057 (57032376)|HEAP_ALLOCATE|[101]|Bytes:7
17:11:10.057 (57041577)|VARIABLE_ASSIGNMENT|[101]|randStr|"2N4M1lR"
17:11:10.057 (57061836)|STATEMENT_EXECUTE|[99]
17:11:10.057 (57064485)|STATEMENT_EXECUTE|[100]
17:11:10.057 (57157816)|VARIABLE_SCOPE_BEGIN|[100]|idx|Integer|false|false
17:11:10.057 (57162452)|HEAP_ALLOCATE|[100]|Bytes:4
17:11:10.057 (57170673)|VARIABLE_ASSIGNMENT|[100]|idx|32
17:11:10.057 (57173789)|STATEMENT_EXECUTE|[101]
17:11:10.057 (57196272)|HEAP_ALLOCATE|[101]|Bytes:1
17:11:10.057 (57211268)|HEAP_ALLOCATE|[101]|Bytes:8
17:11:10.057 (57220214)|VARIABLE_ASSIGNMENT|[101]|randStr|"2N4M1lR6"
17:11:10.057 (57240098)|STATEMENT_EXECUTE|[99]
17:11:10.057 (57242842)|STATEMENT_EXECUTE|[100]
17:11:10.057 (57336824)|VARIABLE_SCOPE_BEGIN|[100]|idx|Integer|false|false
17:11:10.057 (57341373)|HEAP_ALLOCATE|[100]|Bytes:4
17:11:10.057 (57349417)|VARIABLE_ASSIGNMENT|[100]|idx|44
17:11:10.057 (57352530)|STATEMENT_EXECUTE|[101]
17:11:10.057 (57374842)|HEAP_ALLOCATE|[101]|Bytes:1
17:11:10.057 (57390014)|HEAP_ALLOCATE|[101]|Bytes:9
17:11:10.057 (57399039)|VARIABLE_ASSIGNMENT|[101]|randStr|"2N4M1lR6i"
17:11:10.057 (57419247)|STATEMENT_EXECUTE|[99]
17:11:10.057 (57422007)|STATEMENT_EXECUTE|[100]
17:11:10.057 (57514978)|VARIABLE_SCOPE_BEGIN|[100]|idx|Integer|false|false
17:11:10.057 (57519583)|HEAP_ALLOCATE|[100]|Bytes:4
17:11:10.057 (57527637)|VARIABLE_ASSIGNMENT|[100]|idx|31
17:11:10.057 (57530776)|STATEMENT_EXECUTE|[101]
17:11:10.057 (57553213)|HEAP_ALLOCATE|[101]|Bytes:1
17:11:10.057 (57568293)|HEAP_ALLOCATE|[101]|Bytes:10
17:11:10.057 (57577633)|VARIABLE_ASSIGNMENT|[101]|randStr|"2N4M1lR6i5"
17:11:10.057 (57598158)|STATEMENT_EXECUTE|[99]
17:11:10.057 (57600892)|STATEMENT_EXECUTE|[100]
17:11:10.057 (57692710)|VARIABLE_SCOPE_BEGIN|[100]|idx|Integer|false|false
17:11:10.057 (57697307)|HEAP_ALLOCATE|[100]|Bytes:4
17:11:10.057 (57705336)|VARIABLE_ASSIGNMENT|[100]|idx|0
17:11:10.057 (57708578)|STATEMENT_EXECUTE|[101]
17:11:10.057 (57730826)|HEAP_ALLOCATE|[101]|Bytes:1
17:11:10.057 (57745709)|HEAP_ALLOCATE|[101]|Bytes:11
17:11:10.057 (57755234)|VARIABLE_ASSIGNMENT|[101]|randStr|"2N4M1lR6i5A"
17:11:10.057 (57779605)|STATEMENT_EXECUTE|[99]
17:11:10.057 (57782500)|STATEMENT_EXECUTE|[100]
17:11:10.057 (57876163)|VARIABLE_SCOPE_BEGIN|[100]|idx|Integer|false|false
17:11:10.057 (57880908)|HEAP_ALLOCATE|[100]|Bytes:4
17:11:10.057 (57889269)|VARIABLE_ASSIGNMENT|[100]|idx|31
17:11:10.057 (57892336)|STATEMENT_EXECUTE|[101]
17:11:10.057 (57914874)|HEAP_ALLOCATE|[101]|Bytes:1
17:11:10.057 (57929974)|HEAP_ALLOCATE|[101]|Bytes:12
17:11:10.057 (57939034)|VARIABLE_ASSIGNMENT|[101]|randStr|"2N4M1lR6i5A5"
17:11:10.057 (57959385)|STATEMENT_EXECUTE|[99]
17:11:10.057 (57962114)|STATEMENT_EXECUTE|[100]
17:11:10.058 (58066937)|VARIABLE_SCOPE_BEGIN|[100]|idx|Integer|false|false
17:11:10.058 (58072532)|HEAP_ALLOCATE|[100]|Bytes:4
17:11:10.058 (58080977)|VARIABLE_ASSIGNMENT|[100]|idx|15
17:11:10.058 (58084132)|STATEMENT_EXECUTE|[101]
17:11:10.058 (58106994)|HEAP_ALLOCATE|[101]|Bytes:1
17:11:10.058 (58122246)|HEAP_ALLOCATE|[101]|Bytes:13
17:11:10.058 (58131279)|VARIABLE_ASSIGNMENT|[101]|randStr|"2N4M1lR6i5A5P"
17:11:10.058 (58151810)|STATEMENT_EXECUTE|[99]
17:11:10.058 (58154548)|STATEMENT_EXECUTE|[100]
17:11:10.058 (58248697)|VARIABLE_SCOPE_BEGIN|[100]|idx|Integer|false|false
17:11:10.058 (58253511)|HEAP_ALLOCATE|[100]|Bytes:4
17:11:10.058 (58261628)|VARIABLE_ASSIGNMENT|[100]|idx|41
17:11:10.058 (58264701)|STATEMENT_EXECUTE|[101]
17:11:10.058 (58287009)|HEAP_ALLOCATE|[101]|Bytes:1
17:11:10.058 (58301979)|HEAP_ALLOCATE|[101]|Bytes:14
17:11:10.058 (58311042)|VARIABLE_ASSIGNMENT|[101]|randStr|"2N4M1lR6i5A5Pf"
17:11:10.058 (58331338)|STATEMENT_EXECUTE|[99]
17:11:10.058 (58334107)|STATEMENT_EXECUTE|[100]
17:11:10.058 (58425908)|VARIABLE_SCOPE_BEGIN|[100]|idx|Integer|false|false
17:11:10.058 (58430549)|HEAP_ALLOCATE|[100]|Bytes:4
17:11:10.058 (58438514)|VARIABLE_ASSIGNMENT|[100]|idx|8
17:11:10.058 (58441684)|STATEMENT_EXECUTE|[101]
17:11:10.058 (58463928)|HEAP_ALLOCATE|[101]|Bytes:1
17:11:10.058 (58478935)|HEAP_ALLOCATE|[101]|Bytes:15
17:11:10.058 (58488178)|VARIABLE_ASSIGNMENT|[101]|randStr|"2N4M1lR6i5A5PfI"
17:11:10.058 (58508508)|STATEMENT_EXECUTE|[99]
17:11:10.058 (58511250)|STATEMENT_EXECUTE|[100]
17:11:10.058 (58602573)|VARIABLE_SCOPE_BEGIN|[100]|idx|Integer|false|false
17:11:10.058 (58607467)|HEAP_ALLOCATE|[100]|Bytes:4
17:11:10.058 (58615490)|VARIABLE_ASSIGNMENT|[100]|idx|51
17:11:10.058 (58618709)|STATEMENT_EXECUTE|[101]
17:11:10.058 (58640975)|HEAP_ALLOCATE|[101]|Bytes:1
17:11:10.058 (58655892)|HEAP_ALLOCATE|[101]|Bytes:16
17:11:10.058 (58665140)|VARIABLE_ASSIGNMENT|[101]|randStr|"2N4M1lR6i5A5PfIp"
17:11:10.058 (58685580)|STATEMENT_EXECUTE|[99]
17:11:10.058 (58688365)|STATEMENT_EXECUTE|[100]
17:11:10.058 (58783849)|VARIABLE_SCOPE_BEGIN|[100]|idx|Integer|false|false
17:11:10.058 (58788584)|HEAP_ALLOCATE|[100]|Bytes:4
17:11:10.058 (58797055)|VARIABLE_ASSIGNMENT|[100]|idx|18
17:11:10.058 (58800133)|STATEMENT_EXECUTE|[101]
17:11:10.058 (58823055)|HEAP_ALLOCATE|[101]|Bytes:1
17:11:10.058 (58837877)|HEAP_ALLOCATE|[101]|Bytes:17
17:11:10.058 (58847187)|VARIABLE_ASSIGNMENT|[101]|randStr|"2N4M1lR6i5A5PfIpS"
17:11:10.058 (58867640)|STATEMENT_EXECUTE|[99]
17:11:10.058 (58870374)|STATEMENT_EXECUTE|[100]
17:11:10.058 (58962612)|VARIABLE_SCOPE_BEGIN|[100]|idx|Integer|false|false
17:11:10.058 (58967729)|HEAP_ALLOCATE|[100]|Bytes:4
17:11:10.058 (58975995)|VARIABLE_ASSIGNMENT|[100]|idx|35
17:11:10.058 (58979094)|STATEMENT_EXECUTE|[101]
17:11:10.059 (59001306)|HEAP_ALLOCATE|[101]|Bytes:1
17:11:10.059 (59017244)|HEAP_ALLOCATE|[101]|Bytes:18
17:11:10.059 (59026707)|VARIABLE_ASSIGNMENT|[101]|randStr|"2N4M1lR6i5A5PfIpS9"
17:11:10.059 (59047839)|STATEMENT_EXECUTE|[103]
17:11:10.059 (59056266)|METHOD_EXIT|[61]|01p58000000n6rI|SObjectUtility.generateRandomString(Integer)
17:11:10.059 (59061150)|VARIABLE_SCOPE_BEGIN|[61]|rId|String|false|false
17:11:10.059 (59069170)|VARIABLE_ASSIGNMENT|[61]|rId|"2N4M1lR6i5A5PfIpS9"
17:11:10.059 (59072345)|STATEMENT_EXECUTE|[62]
17:11:10.059 (59086248)|METHOD_ENTRY|[62]|01p58000000n6rI|SObjectUtility.createSObject(SObjectData)
17:11:10.059 (59120214)|VARIABLE_SCOPE_BEGIN|[11]|this|SObjectUtility|true|false
17:11:10.059 (59147852)|VARIABLE_ASSIGNMENT|[11]|this|{"childrenMap":"0x54ec36f6"}|0x5411627
17:11:10.059 (59154504)|VARIABLE_SCOPE_BEGIN|[11]|obj|SObjectData|true|false
17:11:10.059 (59180160)|VARIABLE_ASSIGNMENT|[11]|obj|{"children":"0x24aa9fe","fieldMap":"0x540a4e24","sObjectType":"Risk__Scoring_Scheme (3 more) ..."}|0x3f0684f2
17:11:10.059 (59193644)|HEAP_ALLOCATE|[12]|Bytes:5
17:11:10.059 (59198572)|STATEMENT_EXECUTE|[11]
17:11:10.157 (157125432)|HEAP_ALLOCATE|[12]|Bytes:1796
17:11:10.157 (157191584)|METHOD_ENTRY|[12]|01p58000000n6Fr|SObjectData.getSObjectType()
17:11:10.157 (157208140)|VARIABLE_SCOPE_BEGIN|[76]|this|SObjectData|true|false
17:11:10.157 (157285482)|VARIABLE_ASSIGNMENT|[76]|this|{"children":"0x24aa9fe","fieldMap":"0x540a4e24","sObjectType":"Risk__Scoring_Scheme (3 more) ..."}|0x3f0684f2
17:11:10.157 (157309652)|HEAP_ALLOCATE|[77]|Bytes:5
17:11:10.157 (157317359)|STATEMENT_EXECUTE|[76]
17:11:10.157 (157320172)|STATEMENT_EXECUTE|[77]
17:11:10.157 (157336441)|METHOD_EXIT|[12]|01p58000000n6Fr|SObjectData.getSObjectType()
17:11:10.157 (157395225)|STATEMENT_EXECUTE|[12]
17:11:10.157 (157399133)|STATEMENT_EXECUTE|[15]
17:11:10.160 (160915232)|HEAP_ALLOCATE|[15]|Bytes:1796
17:11:10.160 (160938005)|METHOD_ENTRY|[15]|01p58000000n6Fr|SObjectData.getSObjectType()
17:11:10.160 (160944131)|VARIABLE_SCOPE_BEGIN|[76]|this|SObjectData|true|false
17:11:10.160 (160980066)|VARIABLE_ASSIGNMENT|[76]|this|{"children":"0x24aa9fe","fieldMap":"0x540a4e24","sObjectType":"Risk__Scoring_Scheme (3 more) ..."}|0x3f0684f2
17:11:10.160 (160992257)|HEAP_ALLOCATE|[77]|Bytes:5
17:11:10.160 (160997287)|STATEMENT_EXECUTE|[76]
17:11:10.161 (161000170)|STATEMENT_EXECUTE|[77]
17:11:10.161 (161008855)|METHOD_EXIT|[15]|01p58000000n6Fr|SObjectData.getSObjectType()
17:11:10.161 (161268984)|HEAP_ALLOCATE|[15]|Bytes:4
17:11:10.161 (161286217)|VARIABLE_SCOPE_BEGIN|[15]|sObj|SObject|true|false
17:11:10.161 (161305055)|VARIABLE_ASSIGNMENT|[15]|sObj|{}|0x30e9d5f6
17:11:10.161 (161330448)|HEAP_ALLOCATE|[16]|Bytes:4
17:11:10.161 (161389308)|METHOD_ENTRY|[16]|01p58000000n6Fr|SObjectData.getFieldMap()
17:11:10.161 (161398500)|VARIABLE_SCOPE_BEGIN|[72]|this|SObjectData|true|false
17:11:10.161 (161432623)|VARIABLE_ASSIGNMENT|[72]|this|{"children":"0x24aa9fe","fieldMap":"0x540a4e24","sObjectType":"Risk__Scoring_Scheme (3 more) ..."}|0x3f0684f2
17:11:10.161 (161446650)|HEAP_ALLOCATE|[73]|Bytes:5
17:11:10.161 (161451850)|STATEMENT_EXECUTE|[72]
17:11:10.161 (161454357)|STATEMENT_EXECUTE|[73]
17:11:10.161 (161463737)|METHOD_EXIT|[16]|01p58000000n6Fr|SObjectData.getFieldMap()
17:11:10.161 (161532562)|HEAP_ALLOCATE|[16]|Bytes:28
17:11:10.161 (161568472)|HEAP_ALLOCATE|[16]|Bytes:8
17:11:10.161 (161624100)|HEAP_ALLOCATE|[16]|Bytes:5
17:11:10.161 (161649362)|VARIABLE_SCOPE_BEGIN|[16]|field|String|false|false
17:11:10.161 (161660641)|VARIABLE_ASSIGNMENT|[16]|field|"Name"
17:11:10.161 (161665138)|STATEMENT_EXECUTE|[16]
17:11:10.161 (161667748)|STATEMENT_EXECUTE|[17]
17:11:10.161 (161677465)|METHOD_ENTRY|[17]|01p58000000n6Fr|SObjectData.getFieldMap()
17:11:10.161 (161709143)|VARIABLE_SCOPE_BEGIN|[72]|this|SObjectData|true|false
17:11:10.161 (161741500)|VARIABLE_ASSIGNMENT|[72]|this|{"children":"0x24aa9fe","fieldMap":"0x540a4e24","sObjectType":"Risk__Scoring_Scheme (3 more) ..."}|0x3f0684f2
17:11:10.161 (161752782)|HEAP_ALLOCATE|[73]|Bytes:5
17:11:10.161 (161757309)|STATEMENT_EXECUTE|[72]
17:11:10.161 (161759549)|STATEMENT_EXECUTE|[73]
17:11:10.161 (161767430)|METHOD_EXIT|[17]|01p58000000n6Fr|SObjectData.getFieldMap()
17:11:10.161 (161797200)|VARIABLE_SCOPE_BEGIN|[17]|value|String|false|false
17:11:10.161 (161807579)|VARIABLE_ASSIGNMENT|[17]|value|"Scoring Scheme 5x5"
17:11:10.161 (161811014)|STATEMENT_EXECUTE|[18]
17:11:10.162 (162201902)|HEAP_ALLOCATE|[16]|Bytes:5
17:11:10.162 (162218593)|VARIABLE_SCOPE_BEGIN|[16]|field|String|false|false
17:11:10.162 (162229498)|VARIABLE_ASSIGNMENT|[16]|field|"RecordTypeId"
17:11:10.162 (162233308)|STATEMENT_EXECUTE|[16]
17:11:10.162 (162235452)|STATEMENT_EXECUTE|[17]
17:11:10.162 (162241912)|METHOD_ENTRY|[17]|01p58000000n6Fr|SObjectData.getFieldMap()
17:11:10.162 (162246680)|VARIABLE_SCOPE_BEGIN|[72]|this|SObjectData|true|false
17:11:10.162 (162278537)|VARIABLE_ASSIGNMENT|[72]|this|{"children":"0x24aa9fe","fieldMap":"0x540a4e24","sObjectType":"Risk__Scoring_Scheme (3 more) ..."}|0x3f0684f2
17:11:10.162 (162289744)|HEAP_ALLOCATE|[73]|Bytes:5
17:11:10.162 (162294306)|STATEMENT_EXECUTE|[72]
17:11:10.162 (162296533)|STATEMENT_EXECUTE|[73]
17:11:10.162 (162304206)|METHOD_EXIT|[17]|01p58000000n6Fr|SObjectData.getFieldMap()
17:11:10.162 (162330634)|VARIABLE_SCOPE_BEGIN|[17]|value|String|false|false
17:11:10.162 (162340069)|VARIABLE_ASSIGNMENT|[17]|value|"012580000000H5p"
17:11:10.162 (162343372)|STATEMENT_EXECUTE|[18]
17:11:10.162 (162450766)|HEAP_ALLOCATE|[16]|Bytes:5
17:11:10.162 (162470787)|VARIABLE_ASSIGNMENT|[16]|field|null
17:11:10.162 (162475900)|STATEMENT_EXECUTE|[21]
17:11:10.162 (162485668)|METHOD_EXIT|[62]|01p58000000n6rI|SObjectUtility.createSObject(SObjectData)
17:11:10.162 (162523999)|HEAP_ALLOCATE|[EXTERNAL]|Bytes:-4
17:11:10.162 (162548717)|METHOD_ENTRY|[63]|01p58000000n6Fr|SObjectData.getChildren()
17:11:10.162 (162580943)|VARIABLE_SCOPE_BEGIN|[80]|this|SObjectData|true|false
17:11:10.162 (162617738)|VARIABLE_ASSIGNMENT|[80]|this|{"children":"0x24aa9fe","fieldMap":"0x540a4e24","sObjectType":"Risk__Scoring_Scheme (3 more) ..."}|0x3f0684f2
17:11:10.162 (162631878)|HEAP_ALLOCATE|[81]|Bytes:5
17:11:10.162 (162637195)|STATEMENT_EXECUTE|[80]
17:11:10.162 (162642246)|STATEMENT_EXECUTE|[81]
17:11:10.162 (162644436)|STATEMENT_EXECUTE|[84]
17:11:10.162 (162652231)|METHOD_EXIT|[63]|01p58000000n6Fr|SObjectData.getChildren()
17:11:10.162 (162675698)|STATEMENT_EXECUTE|[63]
17:11:10.162 (162678326)|STATEMENT_EXECUTE|[64]
17:11:10.162 (162686398)|METHOD_ENTRY|[64]|01p58000000n6Fr|SObjectData.getChildren()
17:11:10.162 (162709062)|VARIABLE_SCOPE_BEGIN|[80]|this|SObjectData|true|false
17:11:10.162 (162740392)|VARIABLE_ASSIGNMENT|[80]|this|{"children":"0x24aa9fe","fieldMap":"0x540a4e24","sObjectType":"Risk__Scoring_Scheme (3 more) ..."}|0x3f0684f2
17:11:10.162 (162751385)|HEAP_ALLOCATE|[81]|Bytes:5
17:11:10.162 (162755797)|STATEMENT_EXECUTE|[80]
17:11:10.162 (162758996)|STATEMENT_EXECUTE|[81]
17:11:10.162 (162761047)|STATEMENT_EXECUTE|[84]
17:11:10.162 (162767861)|METHOD_EXIT|[64]|01p58000000n6Fr|SObjectData.getChildren()
17:11:10.162 (162786573)|METHOD_ENTRY|[64]|01p58000000n6rI|SObjectUtility.createChildren(String, Map<String,List<SObjectData>>)
17:11:10.162 (162795529)|VARIABLE_SCOPE_BEGIN|[70]|this|SObjectUtility|true|false
17:11:10.162 (162820697)|VARIABLE_ASSIGNMENT|[70]|this|{"childrenMap":"0x54ec36f6"}|0x5411627
17:11:10.162 (162827894)|VARIABLE_SCOPE_BEGIN|[70]|parentId|String|false|false
17:11:10.162 (162834729)|VARIABLE_ASSIGNMENT|[70]|parentId|"2N4M1lR6i5A5PfIpS9"
17:11:10.162 (162839553)|VARIABLE_SCOPE_BEGIN|[70]|childMap|Map<String,List<SObjectData>>|true|false
17:11:10.162 (162885295)|VARIABLE_ASSIGNMENT|[70]|childMap|{"s":1,"v":{"Risk__Scoring_Scheme (3 more) ...":{"s":2,"v":[{"fieldMap":"0x5f555a54","sObjectType":"Risk__Impact_Categor (4 more) ..."}]}}}|0x24aa9fe
17:11:10.162 (162898854)|HEAP_ALLOCATE|[72]|Bytes:5
17:11:10.162 (162903939)|STATEMENT_EXECUTE|[70]
17:11:10.162 (162911812)|HEAP_ALLOCATE|[72]|Bytes:4
17:11:10.162 (162972596)|HEAP_ALLOCATE|[72]|Bytes:31
17:11:10.162 (162999820)|HEAP_ALLOCATE|[72]|Bytes:4
17:11:10.163 (163034806)|HEAP_ALLOCATE|[72]|Bytes:5
17:11:10.163 (163052696)|VARIABLE_SCOPE_BEGIN|[72]|relationshipKey|String|false|false
17:11:10.163 (163065289)|VARIABLE_ASSIGNMENT|[72]|relationshipKey|"Risk__Scoring_Scheme (3 more) ..."
17:11:10.163 (163069425)|STATEMENT_EXECUTE|[72]
17:11:10.163 (163071667)|STATEMENT_EXECUTE|[73]
17:11:10.163 (163083623)|HEAP_ALLOCATE|[73]|Bytes:4
17:11:10.163 (163093663)|VARIABLE_SCOPE_BEGIN|[73]|childObjects|Map<String,SObject>|true|false
17:11:10.163 (163116257)|VARIABLE_ASSIGNMENT|[73]|childObjects|{"s":1,"v":{}}|0x5a899290
17:11:10.163 (163121226)|STATEMENT_EXECUTE|[74]
17:11:10.163 (163184507)|VARIABLE_SCOPE_BEGIN|[74]|childrenList|List<SObjectData>|true|false
17:11:10.163 (163222037)|VARIABLE_ASSIGNMENT|[74]|childrenList|{"s":1,"v":[{"fieldMap":"0x5f555a54","sObjectType":"Risk__Impact_Categor (4 more) ..."}]}|0x553c1f5f
17:11:10.163 (163279287)|HEAP_ALLOCATE|[76]|Bytes:5
17:11:10.163 (163295315)|HEAP_ALLOCATE|[76]|Bytes:24
17:11:10.163 (163302700)|VARIABLE_SCOPE_BEGIN|[76]|obj|SObjectData|true|false
17:11:10.163 (163332374)|VARIABLE_ASSIGNMENT|[76]|obj|{"fieldMap":"0x5f555a54","sObjectType":"Risk__Impact_Categor (4 more) ..."}|0x66379395
17:11:10.163 (163338815)|STATEMENT_EXECUTE|[76]
17:11:10.163 (163341044)|STATEMENT_EXECUTE|[77]
17:11:10.163 (163351273)|METHOD_ENTRY|[77]|01p58000000n6Fr|SObjectData.getFieldMap()
17:11:10.163 (163373660)|VARIABLE_SCOPE_BEGIN|[72]|this|SObjectData|true|false
17:11:10.163 (163401155)|VARIABLE_ASSIGNMENT|[72]|this|{"fieldMap":"0x5f555a54","sObjectType":"Risk__Impact_Categor (4 more) ..."}|0x66379395
17:11:10.163 (163411686)|HEAP_ALLOCATE|[73]|Bytes:5
17:11:10.163 (163416124)|STATEMENT_EXECUTE|[72]
17:11:10.163 (163418236)|STATEMENT_EXECUTE|[73]
17:11:10.163 (163425640)|METHOD_EXIT|[77]|01p58000000n6Fr|SObjectData.getFieldMap()
17:11:10.163 (163457156)|HEAP_ALLOCATE|[77]|Bytes:8
17:11:10.163 (163473328)|HEAP_ALLOCATE|[77]|Bytes:15
17:11:10.163 (163505506)|USER_DEBUG|[77]|DEBUG|Cost IC Created
17:11:10.163 (163515219)|STATEMENT_EXECUTE|[78]
17:11:10.163 (163528133)|METHOD_ENTRY|[78]|01p58000000n6rI|SObjectUtility.generateRandomString(Integer)
17:11:10.163 (163553781)|HEAP_ALLOCATE|[97]|Bytes:4
17:11:10.163 (163558401)|VARIABLE_SCOPE_BEGIN|[96]|len|Integer|false|false
17:11:10.163 (163566982)|VARIABLE_ASSIGNMENT|[96]|len|18
17:11:10.163 (163574942)|HEAP_ALLOCATE|[97]|Bytes:5
17:11:10.163 (163578734)|STATEMENT_EXECUTE|[96]
17:11:10.163 (163581129)|STATEMENT_EXECUTE|[97]
17:11:10.163 (163585687)|VARIABLE_SCOPE_BEGIN|[97]|chars|String|false|false
17:11:10.163 (163595045)|VARIABLE_ASSIGNMENT|[97]|chars|"ABCDEFGHIJKLMNOPQRST (42 more) ..."
17:11:10.163 (163598503)|STATEMENT_EXECUTE|[98]
17:11:10.163 (163601753)|VARIABLE_SCOPE_BEGIN|[98]|randStr|String|false|false
17:11:10.163 (163608148)|VARIABLE_ASSIGNMENT|[98]|randStr|""
17:11:10.163 (163643609)|STATEMENT_EXECUTE|[99]
17:11:10.163 (163646592)|STATEMENT_EXECUTE|[100]
17:11:10.163 (163787430)|VARIABLE_SCOPE_BEGIN|[100]|idx|Integer|false|false
17:11:10.163 (163792799)|HEAP_ALLOCATE|[100]|Bytes:4
17:11:10.163 (163801669)|VARIABLE_ASSIGNMENT|[100]|idx|5
17:11:10.163 (163805223)|STATEMENT_EXECUTE|[101]
17:11:10.163 (163832242)|HEAP_ALLOCATE|[101]|Bytes:1
17:11:10.163 (163848523)|HEAP_ALLOCATE|[101]|Bytes:1
17:11:10.163 (163857671)|VARIABLE_ASSIGNMENT|[101]|randStr|"F"
17:11:10.163 (163878530)|STATEMENT_EXECUTE|[99]
17:11:10.163 (163881446)|STATEMENT_EXECUTE|[100]
17:11:10.163 (163976151)|VARIABLE_SCOPE_BEGIN|[100]|idx|Integer|false|false
17:11:10.163 (163980842)|HEAP_ALLOCATE|[100]|Bytes:4
17:11:10.163 (163989270)|VARIABLE_ASSIGNMENT|[100]|idx|24
17:11:10.163 (163992709)|STATEMENT_EXECUTE|[101]
17:11:10.164 (164015805)|HEAP_ALLOCATE|[101]|Bytes:1
17:11:10.164 (164031950)|HEAP_ALLOCATE|[101]|Bytes:2
17:11:10.164 (164041275)|VARIABLE_ASSIGNMENT|[101]|randStr|"FY"
17:11:10.164 (164061857)|STATEMENT_EXECUTE|[99]
17:11:10.164 (164064756)|STATEMENT_EXECUTE|[100]
17:11:10.164 (164158381)|VARIABLE_SCOPE_BEGIN|[100]|idx|Integer|false|false
17:11:10.164 (164162980)|HEAP_ALLOCATE|[100]|Bytes:4
17:11:10.164 (164171116)|VARIABLE_ASSIGNMENT|[100]|idx|42
17:11:10.164 (164174443)|STATEMENT_EXECUTE|[101]
17:11:10.164 (164197006)|HEAP_ALLOCATE|[101]|Bytes:1
17:11:10.164 (164212284)|HEAP_ALLOCATE|[101]|Bytes:3
17:11:10.164 (164221306)|VARIABLE_ASSIGNMENT|[101]|randStr|"FYg"
17:11:10.164 (164241694)|STATEMENT_EXECUTE|[99]
17:11:10.164 (164244534)|STATEMENT_EXECUTE|[100]
17:11:10.164 (164337714)|VARIABLE_SCOPE_BEGIN|[100]|idx|Integer|false|false
17:11:10.164 (164342323)|HEAP_ALLOCATE|[100]|Bytes:4
17:11:10.164 (164350496)|VARIABLE_ASSIGNMENT|[100]|idx|10
17:11:10.164 (164353787)|STATEMENT_EXECUTE|[101]
17:11:10.164 (164376129)|HEAP_ALLOCATE|[101]|Bytes:1
17:11:10.164 (164391034)|HEAP_ALLOCATE|[101]|Bytes:4
17:11:10.164 (164400023)|VARIABLE_ASSIGNMENT|[101]|randStr|"FYgK"
17:11:10.164 (164420737)|STATEMENT_EXECUTE|[99]
17:11:10.164 (164423543)|STATEMENT_EXECUTE|[100]
17:11:10.164 (164516506)|VARIABLE_SCOPE_BEGIN|[100]|idx|Integer|false|false
17:11:10.164 (164521104)|HEAP_ALLOCATE|[100]|Bytes:4
17:11:10.164 (164529687)|VARIABLE_ASSIGNMENT|[100]|idx|44
17:11:10.164 (164532893)|STATEMENT_EXECUTE|[101]
17:11:10.164 (164555243)|HEAP_ALLOCATE|[101]|Bytes:1
17:11:10.164 (164570450)|HEAP_ALLOCATE|[101]|Bytes:5
17:11:10.164 (164579450)|VARIABLE_ASSIGNMENT|[101]|randStr|"FYgKi"
17:11:10.164 (164599560)|STATEMENT_EXECUTE|[99]
17:11:10.164 (164602254)|STATEMENT_EXECUTE|[100]
17:11:10.164 (164702103)|VARIABLE_SCOPE_BEGIN|[100]|idx|Integer|false|false
17:11:10.164 (164706802)|HEAP_ALLOCATE|[100]|Bytes:4
17:11:10.164 (164715062)|VARIABLE_ASSIGNMENT|[100]|idx|17
17:11:10.164 (164718235)|STATEMENT_EXECUTE|[101]
17:11:10.164 (164740974)|HEAP_ALLOCATE|[101]|Bytes:1
17:11:10.164 (164755889)|HEAP_ALLOCATE|[101]|Bytes:6
17:11:10.164 (164765047)|VARIABLE_ASSIGNMENT|[101]|randStr|"FYgKiR"
17:11:10.164 (164785729)|STATEMENT_EXECUTE|[99]
17:11:10.164 (164788515)|STATEMENT_EXECUTE|[100]
17:11:10.164 (164881424)|VARIABLE_SCOPE_BEGIN|[100]|idx|Integer|false|false
17:11:10.164 (164886098)|HEAP_ALLOCATE|[100]|Bytes:4
17:11:10.164 (164894279)|VARIABLE_ASSIGNMENT|[100]|idx|33
17:11:10.164 (164897625)|STATEMENT_EXECUTE|[101]
17:11:10.164 (164920192)|HEAP_ALLOCATE|[101]|Bytes:1
17:11:10.164 (164935271)|HEAP_ALLOCATE|[101]|Bytes:7
17:11:10.164 (164944576)|VARIABLE_ASSIGNMENT|[101]|randStr|"FYgKiR7"
17:11:10.164 (164964767)|STATEMENT_EXECUTE|[99]
17:11:10.164 (164967541)|STATEMENT_EXECUTE|[100]
17:11:10.165 (165059450)|VARIABLE_SCOPE_BEGIN|[100]|idx|Integer|false|false
17:11:10.165 (165064639)|HEAP_ALLOCATE|[100]|Bytes:4
17:11:10.165 (165072765)|VARIABLE_ASSIGNMENT|[100]|idx|35
17:11:10.165 (165075912)|STATEMENT_EXECUTE|[101]
17:11:10.165 (165098282)|HEAP_ALLOCATE|[101]|Bytes:1
17:11:10.165 (165113307)|HEAP_ALLOCATE|[101]|Bytes:8
17:11:10.165 (165122502)|VARIABLE_ASSIGNMENT|[101]|randStr|"FYgKiR79"
17:11:10.165 (165143241)|STATEMENT_EXECUTE|[99]
17:11:10.165 (165146011)|STATEMENT_EXECUTE|[100]
17:11:10.165 (165247101)|VARIABLE_SCOPE_BEGIN|[100]|idx|Integer|false|false
17:11:10.165 (165251760)|HEAP_ALLOCATE|[100]|Bytes:4
17:11:10.165 (165259921)|VARIABLE_ASSIGNMENT|[100]|idx|44
17:11:10.165 (165263141)|STATEMENT_EXECUTE|[101]
17:11:10.165 (165285505)|HEAP_ALLOCATE|[101]|Bytes:1
17:11:10.165 (165300582)|HEAP_ALLOCATE|[101]|Bytes:9
17:11:10.165 (165309638)|VARIABLE_ASSIGNMENT|[101]|randStr|"FYgKiR79i"
17:11:10.165 (165329803)|STATEMENT_EXECUTE|[99]
17:11:10.165 (165332565)|STATEMENT_EXECUTE|[100]
17:11:10.165 (165436983)|VARIABLE_SCOPE_BEGIN|[100]|idx|Integer|false|false
17:11:10.165 (165441598)|HEAP_ALLOCATE|[100]|Bytes:4
17:11:10.165 (165449898)|VARIABLE_ASSIGNMENT|[100]|idx|12
17:11:10.165 (165453194)|STATEMENT_EXECUTE|[101]
17:11:10.165 (165475803)|HEAP_ALLOCATE|[101]|Bytes:1
17:11:10.165 (165491192)|HEAP_ALLOCATE|[101]|Bytes:10
17:11:10.165 (165500422)|VARIABLE_ASSIGNMENT|[101]|randStr|"FYgKiR79iM"
17:11:10.165 (165521082)|STATEMENT_EXECUTE|[99]
17:11:10.165 (165523935)|STATEMENT_EXECUTE|[100]
17:11:10.165 (165621978)|VARIABLE_SCOPE_BEGIN|[100]|idx|Integer|false|false
17:11:10.165 (165626716)|HEAP_ALLOCATE|[100]|Bytes:4
17:11:10.165 (165635053)|VARIABLE_ASSIGNMENT|[100]|idx|18
17:11:10.165 (165638284)|STATEMENT_EXECUTE|[101]
17:11:10.165 (165661384)|HEAP_ALLOCATE|[101]|Bytes:1
17:11:10.165 (165676347)|HEAP_ALLOCATE|[101]|Bytes:11
17:11:10.165 (165685550)|VARIABLE_ASSIGNMENT|[101]|randStr|"FYgKiR79iMS"
17:11:10.165 (165705927)|STATEMENT_EXECUTE|[99]
17:11:10.165 (165708729)|STATEMENT_EXECUTE|[100]
17:11:10.165 (165800514)|VARIABLE_SCOPE_BEGIN|[100]|idx|Integer|false|false
17:11:10.165 (165804925)|HEAP_ALLOCATE|[100]|Bytes:4
17:11:10.165 (165813044)|VARIABLE_ASSIGNMENT|[100]|idx|31
17:11:10.165 (165816225)|STATEMENT_EXECUTE|[101]
17:11:10.165 (165838565)|HEAP_ALLOCATE|[101]|Bytes:1
17:11:10.165 (165853580)|HEAP_ALLOCATE|[101]|Bytes:12
17:11:10.165 (165862709)|VARIABLE_ASSIGNMENT|[101]|randStr|"FYgKiR79iMS5"
17:11:10.165 (165883344)|STATEMENT_EXECUTE|[99]
17:11:10.165 (165886095)|STATEMENT_EXECUTE|[100]
17:11:10.165 (165977597)|VARIABLE_SCOPE_BEGIN|[100]|idx|Integer|false|false
17:11:10.165 (165982212)|HEAP_ALLOCATE|[100]|Bytes:4
17:11:10.165 (165990175)|VARIABLE_ASSIGNMENT|[100]|idx|23
17:11:10.165 (165993369)|STATEMENT_EXECUTE|[101]
17:11:10.166 (166015465)|HEAP_ALLOCATE|[101]|Bytes:1
17:11:10.166 (166031487)|HEAP_ALLOCATE|[101]|Bytes:13
17:11:10.166 (166040971)|VARIABLE_ASSIGNMENT|[101]|randStr|"FYgKiR79iMS5X"
17:11:10.166 (166061394)|STATEMENT_EXECUTE|[99]
17:11:10.166 (166064125)|STATEMENT_EXECUTE|[100]
17:11:10.166 (166154959)|VARIABLE_SCOPE_BEGIN|[100]|idx|Integer|false|false
17:11:10.166 (166159518)|HEAP_ALLOCATE|[100]|Bytes:4
17:11:10.166 (166167506)|VARIABLE_ASSIGNMENT|[100]|idx|5
17:11:10.166 (166170819)|STATEMENT_EXECUTE|[101]
17:11:10.166 (166192958)|HEAP_ALLOCATE|[101]|Bytes:1
17:11:10.166 (166208166)|HEAP_ALLOCATE|[101]|Bytes:14
17:11:10.166 (166217312)|VARIABLE_ASSIGNMENT|[101]|randStr|"FYgKiR79iMS5XF"
17:11:10.166 (166238007)|STATEMENT_EXECUTE|[99]
17:11:10.166 (166240793)|STATEMENT_EXECUTE|[100]
17:11:10.166 (166332748)|VARIABLE_SCOPE_BEGIN|[100]|idx|Integer|false|false
17:11:10.166 (166337338)|HEAP_ALLOCATE|[100]|Bytes:4
17:11:10.166 (166345475)|VARIABLE_ASSIGNMENT|[100]|idx|51
17:11:10.166 (166348751)|STATEMENT_EXECUTE|[101]
17:11:10.166 (166370995)|HEAP_ALLOCATE|[101]|Bytes:1
17:11:10.166 (166386296)|HEAP_ALLOCATE|[101]|Bytes:15
17:11:10.166 (166395519)|VARIABLE_ASSIGNMENT|[101]|randStr|"FYgKiR79iMS5XFp"
17:11:10.166 (166416057)|STATEMENT_EXECUTE|[99]
17:11:10.166 (166418754)|STATEMENT_EXECUTE|[100]
17:11:10.166 (166511987)|VARIABLE_SCOPE_BEGIN|[100]|idx|Integer|false|false
17:11:10.166 (166516553)|HEAP_ALLOCATE|[100]|Bytes:4
17:11:10.166 (166524818)|VARIABLE_ASSIGNMENT|[100]|idx|18
17:11:10.166 (166528083)|STATEMENT_EXECUTE|[101]
17:11:10.166 (166550257)|HEAP_ALLOCATE|[101]|Bytes:1
17:11:10.166 (166565265)|HEAP_ALLOCATE|[101]|Bytes:16
17:11:10.166 (166577777)|VARIABLE_ASSIGNMENT|[101]|randStr|"FYgKiR79iMS5XFpS"
17:11:10.166 (166600857)|STATEMENT_EXECUTE|[99]
17:11:10.166 (166603680)|STATEMENT_EXECUTE|[100]
17:11:10.166 (166710141)|VARIABLE_SCOPE_BEGIN|[100]|idx|Integer|false|false
17:11:10.166 (166714892)|HEAP_ALLOCATE|[100]|Bytes:4
17:11:10.166 (166723309)|VARIABLE_ASSIGNMENT|[100]|idx|11
17:11:10.166 (166726593)|STATEMENT_EXECUTE|[101]
17:11:10.166 (166749664)|HEAP_ALLOCATE|[101]|Bytes:1
17:11:10.166 (166764980)|HEAP_ALLOCATE|[101]|Bytes:17
17:11:10.166 (166774405)|VARIABLE_ASSIGNMENT|[101]|randStr|"FYgKiR79iMS5XFpSL"
17:11:10.166 (166794818)|STATEMENT_EXECUTE|[99]
17:11:10.166 (166797605)|STATEMENT_EXECUTE|[100]
17:11:10.166 (166889182)|VARIABLE_SCOPE_BEGIN|[100]|idx|Integer|false|false
17:11:10.166 (166893766)|HEAP_ALLOCATE|[100]|Bytes:4
17:11:10.166 (166901941)|VARIABLE_ASSIGNMENT|[100]|idx|1
17:11:10.166 (166905200)|STATEMENT_EXECUTE|[101]
17:11:10.166 (166927449)|HEAP_ALLOCATE|[101]|Bytes:1
17:11:10.166 (166942646)|HEAP_ALLOCATE|[101]|Bytes:18
17:11:10.166 (166951949)|VARIABLE_ASSIGNMENT|[101]|randStr|"FYgKiR79iMS5XFpSLB"
17:11:10.166 (166972915)|STATEMENT_EXECUTE|[103]
17:11:10.166 (166981391)|METHOD_EXIT|[78]|01p58000000n6rI|SObjectUtility.generateRandomString(Integer)
17:11:10.166 (166986072)|VARIABLE_SCOPE_BEGIN|[78]|rId|String|false|false
17:11:10.166 (166994661)|VARIABLE_ASSIGNMENT|[78]|rId|"FYgKiR79iMS5XFpSLB"
17:11:10.166 (166998106)|STATEMENT_EXECUTE|[79]
17:11:10.167 (167008045)|METHOD_ENTRY|[79]|01p58000000n6rI|SObjectUtility.createSObject(SObjectData)
17:11:10.167 (167032427)|VARIABLE_SCOPE_BEGIN|[11]|this|SObjectUtility|true|false
17:11:10.167 (167059620)|VARIABLE_ASSIGNMENT|[11]|this|{"childrenMap":"0x54ec36f6"}|0x5411627
17:11:10.167 (167064754)|VARIABLE_SCOPE_BEGIN|[11]|obj|SObjectData|true|false
17:11:10.167 (167086866)|VARIABLE_ASSIGNMENT|[11]|obj|{"fieldMap":"0x5f555a54","sObjectType":"Risk__Impact_Categor (4 more) ..."}|0x66379395
17:11:10.167 (167097298)|HEAP_ALLOCATE|[12]|Bytes:5
17:11:10.167 (167102196)|STATEMENT_EXECUTE|[11]
17:11:10.170 (170646150)|HEAP_ALLOCATE|[12]|Bytes:1796
17:11:10.170 (170668113)|METHOD_ENTRY|[12]|01p58000000n6Fr|SObjectData.getSObjectType()
17:11:10.170 (170674501)|VARIABLE_SCOPE_BEGIN|[76]|this|SObjectData|true|false
17:11:10.170 (170708248)|VARIABLE_ASSIGNMENT|[76]|this|{"fieldMap":"0x5f555a54","sObjectType":"Risk__Impact_Categor (4 more) ..."}|0x66379395
17:11:10.170 (170719988)|HEAP_ALLOCATE|[77]|Bytes:5
17:11:10.170 (170724945)|STATEMENT_EXECUTE|[76]
17:11:10.170 (170727325)|STATEMENT_EXECUTE|[77]
17:11:10.170 (170735221)|METHOD_EXIT|[12]|01p58000000n6Fr|SObjectData.getSObjectType()
17:11:10.170 (170768243)|STATEMENT_EXECUTE|[12]
17:11:10.170 (170771413)|STATEMENT_EXECUTE|[15]
17:11:10.173 (173940273)|HEAP_ALLOCATE|[15]|Bytes:1796
17:11:10.173 (173959273)|METHOD_ENTRY|[15]|01p58000000n6Fr|SObjectData.getSObjectType()
17:11:10.173 (173965106)|VARIABLE_SCOPE_BEGIN|[76]|this|SObjectData|true|false
17:11:10.173 (173998532)|VARIABLE_ASSIGNMENT|[76]|this|{"fieldMap":"0x5f555a54","sObjectType":"Risk__Impact_Categor (4 more) ..."}|0x66379395
17:11:10.174 (174009730)|HEAP_ALLOCATE|[77]|Bytes:5
17:11:10.174 (174015353)|STATEMENT_EXECUTE|[76]
17:11:10.174 (174017810)|STATEMENT_EXECUTE|[77]
17:11:10.174 (174025619)|METHOD_EXIT|[15]|01p58000000n6Fr|SObjectData.getSObjectType()
17:11:10.174 (174155269)|HEAP_ALLOCATE|[15]|Bytes:4
17:11:10.174 (174170415)|VARIABLE_SCOPE_BEGIN|[15]|sObj|SObject|true|false
17:11:10.174 (174185055)|VARIABLE_ASSIGNMENT|[15]|sObj|{}|0x5378c695
17:11:10.174 (174192892)|HEAP_ALLOCATE|[16]|Bytes:4
17:11:10.174 (174208870)|METHOD_ENTRY|[16]|01p58000000n6Fr|SObjectData.getFieldMap()
17:11:10.174 (174213821)|VARIABLE_SCOPE_BEGIN|[72]|this|SObjectData|true|false
17:11:10.174 (174244677)|VARIABLE_ASSIGNMENT|[72]|this|{"fieldMap":"0x5f555a54","sObjectType":"Risk__Impact_Categor (4 more) ..."}|0x66379395
17:11:10.174 (174255281)|HEAP_ALLOCATE|[73]|Bytes:5
17:11:10.174 (174259736)|STATEMENT_EXECUTE|[72]
17:11:10.174 (174262006)|STATEMENT_EXECUTE|[73]
17:11:10.174 (174269724)|METHOD_EXIT|[16]|01p58000000n6Fr|SObjectData.getFieldMap()
17:11:10.174 (174301511)|HEAP_ALLOCATE|[16]|Bytes:37
17:11:10.174 (174326280)|HEAP_ALLOCATE|[16]|Bytes:8
17:11:10.174 (174357260)|HEAP_ALLOCATE|[16]|Bytes:5
17:11:10.174 (174371396)|VARIABLE_SCOPE_BEGIN|[16]|field|String|false|false
17:11:10.174 (174381673)|VARIABLE_ASSIGNMENT|[16]|field|"Name"
17:11:10.174 (174385460)|STATEMENT_EXECUTE|[16]
17:11:10.174 (174387624)|STATEMENT_EXECUTE|[17]
17:11:10.174 (174393438)|METHOD_ENTRY|[17]|01p58000000n6Fr|SObjectData.getFieldMap()
17:11:10.174 (174398228)|VARIABLE_SCOPE_BEGIN|[72]|this|SObjectData|true|false
17:11:10.174 (174425339)|VARIABLE_ASSIGNMENT|[72]|this|{"fieldMap":"0x5f555a54","sObjectType":"Risk__Impact_Categor (4 more) ..."}|0x66379395
17:11:10.174 (174435375)|HEAP_ALLOCATE|[73]|Bytes:5
17:11:10.174 (174439733)|STATEMENT_EXECUTE|[72]
17:11:10.174 (174442499)|STATEMENT_EXECUTE|[73]
17:11:10.174 (174449704)|METHOD_EXIT|[17]|01p58000000n6Fr|SObjectData.getFieldMap()
17:11:10.174 (174476150)|VARIABLE_SCOPE_BEGIN|[17]|value|String|false|false
17:11:10.174 (174485769)|VARIABLE_ASSIGNMENT|[17]|value|"Cost IC"
17:11:10.174 (174489095)|STATEMENT_EXECUTE|[18]
17:11:10.176 (176307290)|HEAP_ALLOCATE|[16]|Bytes:5
17:11:10.176 (176324585)|VARIABLE_SCOPE_BEGIN|[16]|field|String|false|false
17:11:10.176 (176337409)|VARIABLE_ASSIGNMENT|[16]|field|"Risk__Type_Of_Risk__ (1 more) ..."
17:11:10.176 (176341731)|STATEMENT_EXECUTE|[16]
17:11:10.176 (176344015)|STATEMENT_EXECUTE|[17]
17:11:10.176 (176350566)|METHOD_ENTRY|[17]|01p58000000n6Fr|SObjectData.getFieldMap()
17:11:10.176 (176355596)|VARIABLE_SCOPE_BEGIN|[72]|this|SObjectData|true|false
17:11:10.176 (176386045)|VARIABLE_ASSIGNMENT|[72]|this|{"fieldMap":"0x5f555a54","sObjectType":"Risk__Impact_Categor (4 more) ..."}|0x66379395
17:11:10.176 (176396690)|HEAP_ALLOCATE|[73]|Bytes:5
17:11:10.176 (176401360)|STATEMENT_EXECUTE|[72]
17:11:10.176 (176403450)|STATEMENT_EXECUTE|[73]
17:11:10.176 (176411025)|METHOD_EXIT|[17]|01p58000000n6Fr|SObjectData.getFieldMap()
17:11:10.176 (176438017)|VARIABLE_SCOPE_BEGIN|[17]|value|String|false|false
17:11:10.176 (176447559)|VARIABLE_ASSIGNMENT|[17]|value|"Time"
17:11:10.176 (176451049)|STATEMENT_EXECUTE|[18]
17:11:10.176 (176570278)|HEAP_ALLOCATE|[16]|Bytes:5
17:11:10.176 (176588415)|VARIABLE_ASSIGNMENT|[16]|field|null
17:11:10.176 (176592942)|STATEMENT_EXECUTE|[21]
17:11:10.176 (176601066)|METHOD_EXIT|[79]|01p58000000n6rI|SObjectUtility.createSObject(SObjectData)
17:11:10.176 (176634504)|HEAP_ALLOCATE|[EXTERNAL]|Bytes:-4
17:11:10.176 (176657344)|METHOD_ENTRY|[80]|01p58000000n6Fr|SObjectData.getChildren()
17:11:10.176 (176682693)|VARIABLE_SCOPE_BEGIN|[80]|this|SObjectData|true|false
17:11:10.176 (176713888)|VARIABLE_ASSIGNMENT|[80]|this|{"fieldMap":"0x5f555a54","sObjectType":"Risk__Impact_Categor (4 more) ..."}|0x66379395
17:11:10.176 (176724305)|HEAP_ALLOCATE|[81]|Bytes:5
17:11:10.176 (176729034)|STATEMENT_EXECUTE|[80]
17:11:10.176 (176732206)|STATEMENT_EXECUTE|[81]
17:11:10.176 (176734126)|STATEMENT_EXECUTE|[82]
17:11:10.176 (176742993)|HEAP_ALLOCATE|[82]|Bytes:4
17:11:10.176 (176776678)|VARIABLE_ASSIGNMENT|[82]|this.children|{"s":1,"v":{}}|0x66379395
17:11:10.176 (176782431)|STATEMENT_EXECUTE|[84]
17:11:10.176 (176791185)|METHOD_EXIT|[80]|01p58000000n6Fr|SObjectData.getChildren()
17:11:10.176 (176810944)|STATEMENT_EXECUTE|[80]
17:11:10.176 (176826204)|HEAP_ALLOCATE|[76]|Bytes:5
17:11:10.176 (176842172)|VARIABLE_ASSIGNMENT|[76]|obj|null|
17:11:10.176 (176846597)|STATEMENT_EXECUTE|[85]
17:11:10.176 (176858853)|HEAP_ALLOCATE|[85]|Bytes:4
17:11:10.176 (176872110)|VARIABLE_SCOPE_BEGIN|[85]|bufferMap|Map<String,Map<String,SObject>>|true|false
17:11:10.176 (176893289)|VARIABLE_ASSIGNMENT|[85]|bufferMap|{"s":1,"v":{}}|0x5642a75f
17:11:10.176 (176898335)|STATEMENT_EXECUTE|[86]
17:11:10.176 (176952176)|HEAP_ALLOCATE|[EXTERNAL]|Bytes:-4
17:11:10.177 (177019468)|STATEMENT_EXECUTE|[89]
17:11:10.177 (177023779)|STATEMENT_EXECUTE|[90]
17:11:10.177 (177068123)|HEAP_ALLOCATE|[EXTERNAL]|Bytes:-4
17:11:10.177 (177098001)|HEAP_ALLOCATE|[72]|Bytes:5
17:11:10.177 (177114737)|VARIABLE_ASSIGNMENT|[72]|relationshipKey|null
17:11:10.177 (177126439)|METHOD_EXIT|[64]|01p58000000n6rI|SObjectUtility.createChildren(String, Map<String,List<SObjectData>>)
17:11:10.177 (177140601)|HEAP_ALLOCATE|[60]|Bytes:5
17:11:10.177 (177154624)|VARIABLE_ASSIGNMENT|[60]|obj|null|
17:11:10.177 (177158793)|STATEMENT_EXECUTE|[67]
17:11:10.177 (177165764)|METHOD_EXIT|[6]|01p58000000n6rI|SObjectUtility.createRoot(List<SObjectData>)
17:11:10.177 (177170703)|VARIABLE_SCOPE_BEGIN|[6]|root|Map<String,SObject>|true|false
17:11:10.177 (177196127)|VARIABLE_ASSIGNMENT|[6]|root|{"s":1,"v":{"2N4M1lR6i5A5PfIpS9":{"Name":"Scoring Scheme 5x5","RecordTypeId":"012580000000H5p"}}}|0x2d083e15
17:11:10.177 (177202186)|STATEMENT_EXECUTE|[7]
17:11:10.177 (177218479)|METHOD_ENTRY|[7]|01p58000000n6rI|SObjectUtility.insertSObjects(Map<String,SObject>)
17:11:10.177 (177253819)|VARIABLE_SCOPE_BEGIN|[24]|this|SObjectUtility|true|false
17:11:10.177 (177280446)|VARIABLE_ASSIGNMENT|[24]|this|{"childrenMap":"0x54ec36f6"}|0x5411627
17:11:10.177 (177287410)|VARIABLE_SCOPE_BEGIN|[24]|objMap|Map<String,SObject>|true|false
17:11:10.177 (177306888)|VARIABLE_ASSIGNMENT|[24]|objMap|{"s":1,"v":{"2N4M1lR6i5A5PfIpS9":{"Name":"Scoring Scheme 5x5","RecordTypeId":"012580000000H5p"}}}|0x2d083e15
17:11:10.177 (177319310)|HEAP_ALLOCATE|[25]|Bytes:5
17:11:10.177 (177324185)|STATEMENT_EXECUTE|[24]
17:11:10.177 (177326392)|STATEMENT_EXECUTE|[25]
17:11:10.177 (177328231)|STATEMENT_EXECUTE|[25]
17:11:10.177 (177330203)|STATEMENT_EXECUTE|[26]
17:11:10.177 (177338235)|HEAP_ALLOCATE|[26]|Bytes:4
17:11:10.177 (177347007)|VARIABLE_SCOPE_BEGIN|[26]|childMap|Map<String,SObject>|true|false
17:11:10.177 (177366599)|VARIABLE_ASSIGNMENT|[26]|childMap|{"s":1,"v":{}}|0x1f46c2ff
17:11:10.177 (177371617)|STATEMENT_EXECUTE|[27]
17:11:10.177 (177422345)|HEAP_ALLOCATE|[EXTERNAL]|Bytes:8
17:11:10.177 (177438356)|HEAP_ALLOCATE|[27]|Bytes:69
17:11:10.177 (177511990)|DML_BEGIN|[27]|Op:Insert|Type:SObject|Rows:1
17:11:10.177 (177553021)|HEAP_ALLOCATE|[EXTERNAL]|Bytes:8
17:11:10.219 (219105024)|DML_END|[27]
17:11:10.219 (219217901)|HEAP_ALLOCATE|[EXTERNAL]|Bytes:8
17:11:10.219 (219236032)|HEAP_ALLOCATE|[28]|Bytes:4
17:11:10.219 (219307320)|HEAP_ALLOCATE|[28]|Bytes:26
17:11:10.219 (219337955)|HEAP_ALLOCATE|[28]|Bytes:4
17:11:10.219 (219377299)|HEAP_ALLOCATE|[28]|Bytes:5
17:11:10.219 (219395463)|VARIABLE_SCOPE_BEGIN|[28]|key|String|false|false
17:11:10.219 (219408577)|VARIABLE_ASSIGNMENT|[28]|key|"2N4M1lR6i5A5PfIpS9"
17:11:10.219 (219413276)|STATEMENT_EXECUTE|[28]
17:11:10.219 (219421349)|HEAP_ALLOCATE|[29]|Bytes:4
17:11:10.219 (219484311)|HEAP_ALLOCATE|[29]|Bytes:31
17:11:10.219 (219510980)|HEAP_ALLOCATE|[29]|Bytes:4
17:11:10.219 (219545093)|HEAP_ALLOCATE|[29]|Bytes:5
17:11:10.219 (219561521)|VARIABLE_SCOPE_BEGIN|[29]|relationshipKey|String|false|false
17:11:10.219 (219574893)|VARIABLE_ASSIGNMENT|[29]|relationshipKey|"Risk__Scoring_Scheme (3 more) ..."
17:11:10.219 (219579137)|STATEMENT_EXECUTE|[29]
17:11:10.219 (219669551)|STATEMENT_EXECUTE|[31]
17:11:10.219 (219673366)|STATEMENT_EXECUTE|[32]
17:11:10.219 (219793094)|HEAP_ALLOCATE|[32]|Bytes:18
17:11:10.219 (219866644)|METHOD_ENTRY|[32]|01p58000000n6rI|SObjectUtility.buildRelationships(String, String, Map<String,SObject>)
17:11:10.219 (219877582)|VARIABLE_SCOPE_BEGIN|[47]|this|SObjectUtility|true|false
17:11:10.219 (219907765)|VARIABLE_ASSIGNMENT|[47]|this|{"childrenMap":"0x54ec36f6"}|0x5411627
17:11:10.219 (219915291)|VARIABLE_SCOPE_BEGIN|[47]|field|String|false|false
17:11:10.219 (219923487)|VARIABLE_ASSIGNMENT|[47]|field|"Risk__Scoring_Scheme (3 more) ..."
17:11:10.219 (219927731)|VARIABLE_SCOPE_BEGIN|[47]|parentId|String|false|false
17:11:10.219 (219933545)|VARIABLE_ASSIGNMENT|[47]|parentId|"a0u58000000PNUqAAO"
17:11:10.219 (219937797)|VARIABLE_SCOPE_BEGIN|[47]|objMap|Map<String,SObject>|true|false
17:11:10.219 (219959586)|VARIABLE_ASSIGNMENT|[47]|objMap|{"s":1,"v":{"FYgKiR79iMS5XFpSLB":{"Name":"Cost IC","Risk__Type_of_Risk__ (1 more) ...":"Time"}}}|0x5a899290
17:11:10.219 (219973843)|HEAP_ALLOCATE|[48]|Bytes:5
17:11:10.219 (219979308)|STATEMENT_EXECUTE|[47]
17:11:10.219 (219981757)|STATEMENT_EXECUTE|[48]
17:11:10.219 (219983594)|STATEMENT_EXECUTE|[48]
17:11:10.219 (219990960)|HEAP_ALLOCATE|[49]|Bytes:4
17:11:10.220 (220050634)|HEAP_ALLOCATE|[49]|Bytes:26
17:11:10.220 (220078201)|HEAP_ALLOCATE|[49]|Bytes:4
17:11:10.220 (220113011)|HEAP_ALLOCATE|[49]|Bytes:5
17:11:10.220 (220129855)|VARIABLE_SCOPE_BEGIN|[49]|key|String|false|false
17:11:10.220 (220140951)|VARIABLE_ASSIGNMENT|[49]|key|"FYgKiR79iMS5XFpSLB"
17:11:10.220 (220144902)|STATEMENT_EXECUTE|[49]
17:11:10.220 (220147232)|STATEMENT_EXECUTE|[50]
17:11:10.220 (220347438)|HEAP_ALLOCATE|[49]|Bytes:5
17:11:10.220 (220366685)|VARIABLE_ASSIGNMENT|[49]|key|null
17:11:10.220 (220371591)|STATEMENT_EXECUTE|[52]
17:11:10.220 (220381692)|METHOD_EXIT|[32]|01p58000000n6rI|SObjectUtility.buildRelationships(String, String, Map<String,SObject>)
17:11:10.220 (220415791)|HEAP_ALLOCATE|[EXTERNAL]|Bytes:-4
17:11:10.220 (220420149)|HEAP_ALLOCATE|[32]|Bytes:4
17:11:10.220 (220444339)|HEAP_ALLOCATE|[29]|Bytes:5
17:11:10.220 (220460527)|VARIABLE_ASSIGNMENT|[29]|relationshipKey|null
17:11:10.220 (220474803)|HEAP_ALLOCATE|[28]|Bytes:5
17:11:10.220 (220487970)|VARIABLE_ASSIGNMENT|[28]|key|null
17:11:10.220 (220541485)|HEAP_ALLOCATE|[37]|Bytes:26
17:11:10.220 (220573191)|STATEMENT_EXECUTE|[37]
17:11:10.220 (220576076)|STATEMENT_EXECUTE|[38]
17:11:10.220 (220585950)|METHOD_ENTRY|[38]|01p58000000n6rI|SObjectUtility.insertSObjects(Map<String,SObject>)
17:11:10.220 (220608547)|VARIABLE_SCOPE_BEGIN|[24]|this|SObjectUtility|true|false
17:11:10.220 (220640858)|VARIABLE_ASSIGNMENT|[24]|this|{"childrenMap":"0x54ec36f6"}|0x5411627
17:11:10.220 (220646098)|VARIABLE_SCOPE_BEGIN|[24]|objMap|Map<String,SObject>|true|false
17:11:10.220 (220667789)|VARIABLE_ASSIGNMENT|[24]|objMap|{"s":1,"v":{"FYgKiR79iMS5XFpSLB":{"Name":"Cost IC","Risk__Type_of_Risk__ (1 more) ...":"Time","Risk__Scoring_Scheme (3 more) ...":"a0u58000000PNUqAAO"}}}|0x1f46c2ff
17:11:10.220 (220679132)|HEAP_ALLOCATE|[25]|Bytes:5
17:11:10.220 (220683958)|STATEMENT_EXECUTE|[24]
17:11:10.220 (220686108)|STATEMENT_EXECUTE|[25]
17:11:10.220 (220687817)|STATEMENT_EXECUTE|[25]
17:11:10.220 (220689561)|STATEMENT_EXECUTE|[26]
17:11:10.220 (220696869)|HEAP_ALLOCATE|[26]|Bytes:4
17:11:10.220 (220703841)|VARIABLE_SCOPE_BEGIN|[26]|childMap|Map<String,SObject>|true|false
17:11:10.220 (220723446)|VARIABLE_ASSIGNMENT|[26]|childMap|{"s":1,"v":{}}|0x63a92ec6
17:11:10.220 (220728432)|STATEMENT_EXECUTE|[27]
17:11:10.220 (220749067)|HEAP_ALLOCATE|[EXTERNAL]|Bytes:8
17:11:10.220 (220761406)|HEAP_ALLOCATE|[27]|Bytes:101
17:11:10.220 (220800686)|DML_BEGIN|[27]|Op:Insert|Type:SObject|Rows:1
17:11:10.220 (220825427)|HEAP_ALLOCATE|[EXTERNAL]|Bytes:8
17:11:10.236 (236126433)|ENTERING_MANAGED_PKG|Risk
17:11:10.244 (244259974)|SOQL_EXECUTE_BEGIN|[19]|Aggregations:1|SELECT Id, (SELECT Risk__Order__c FROM Impact_Categories__r ORDER BY Order__c DESC NULLS FIRST LIMIT 1) FROM Scoring_Scheme__c WHERE Id = :tmpVar1
17:11:10.251 (251852440)|SOQL_EXECUTE_END|[19]|Rows:1
17:11:10.253 (253665976)|SOQL_EXECUTE_BEGIN|[64]|Aggregations:1|SELECT Id, (SELECT Id, Risk__Type_of_Risk__c FROM Impact_Categories__r) FROM Scoring_Scheme__c WHERE Id = :tmpVar1
17:11:10.257 (257865305)|SOQL_EXECUTE_END|[64]|Rows:1
17:11:10.286 (286304351)|DML_END|[27]
17:11:10.286 (286345988)|HEAP_ALLOCATE|[EXTERNAL]|Bytes:8
17:11:10.286 (286361287)|HEAP_ALLOCATE|[28]|Bytes:4
17:11:10.286 (286410361)|HEAP_ALLOCATE|[28]|Bytes:26
17:11:10.286 (286439682)|HEAP_ALLOCATE|[28]|Bytes:4
17:11:10.286 (286478947)|HEAP_ALLOCATE|[28]|Bytes:5
17:11:10.286 (286495350)|VARIABLE_SCOPE_BEGIN|[28]|key|String|false|false
17:11:10.286 (286517983)|VARIABLE_ASSIGNMENT|[28]|key|"FYgKiR79iMS5XFpSLB"
17:11:10.286 (286523519)|STATEMENT_EXECUTE|[28]
17:11:10.286 (286530521)|HEAP_ALLOCATE|[29]|Bytes:4
17:11:10.286 (286571552)|HEAP_ALLOCATE|[29]|Bytes:31
17:11:10.286 (286596057)|HEAP_ALLOCATE|[29]|Bytes:4
17:11:10.286 (286631568)|HEAP_ALLOCATE|[29]|Bytes:5
17:11:10.286 (286646347)|VARIABLE_SCOPE_BEGIN|[29]|relationshipKey|String|false|false
17:11:10.286 (286660292)|VARIABLE_ASSIGNMENT|[29]|relationshipKey|"Risk__Scoring_Scheme (3 more) ..."
17:11:10.286 (286664743)|STATEMENT_EXECUTE|[29]
17:11:10.286 (286720290)|STATEMENT_EXECUTE|[31]
17:11:10.286 (286736104)|HEAP_ALLOCATE|[29]|Bytes:5
17:11:10.286 (286754168)|VARIABLE_ASSIGNMENT|[29]|relationshipKey|null
17:11:10.286 (286768940)|HEAP_ALLOCATE|[28]|Bytes:5
17:11:10.286 (286790460)|VARIABLE_ASSIGNMENT|[28]|key|null
17:11:10.286 (286822322)|HEAP_ALLOCATE|[37]|Bytes:4
17:11:10.286 (286845992)|STATEMENT_EXECUTE|[37]
17:11:10.286 (286856759)|METHOD_EXIT|[38]|01p58000000n6rI|SObjectUtility.insertSObjects(Map<String,SObject>)
17:11:10.286 (286864086)|METHOD_EXIT|[7]|01p58000000n6rI|SObjectUtility.insertSObjects(Map<String,SObject>)
17:11:10.286 (286867666)|STATEMENT_EXECUTE|[8]
17:11:10.286 (286875085)|METHOD_EXIT|[20]|01p58000000n6rI|SObjectUtility.createSObjects(List<SObjectData>)
17:11:10.286 (286883345)|METHOD_EXIT|[34]|01p58000000n81u|ScoringSchemeHelper.create5x5ScoringScheme()
17:11:10.286 (286889986)|SYSTEM_MODE_EXIT|false
17:11:10.291 (291492227)|CUMULATIVE_LIMIT_USAGE
17:11:10.291 (291492227)|LIMIT_USAGE_FOR_NS|(default)|
  Number of SOQL queries: 0 out of 100
  Number of query rows: 0 out of 50000
  Number of SOSL queries: 0 out of 20
  Number of DML statements: 2 out of 150
  Number of DML rows: 2 out of 10000
  Maximum CPU time: 0 out of 10000
  Maximum heap size: 0 out of 6000000
  Number of callouts: 0 out of 100
  Number of Email Invocations: 0 out of 10
  Number of future calls: 0 out of 50
  Number of queueable jobs added to the queue: 0 out of 50
  Number of Mobile Apex push calls: 0 out of 10

17:11:10.291 (291492227)|LIMIT_USAGE_FOR_NS|Risk|
  Number of SOQL queries: 2 out of 100
  Number of query rows: 2 out of 50000
  Number of SOSL queries: 0 out of 20
  Number of DML statements: 0 out of 150
  Number of DML rows: 0 out of 10000
  Maximum CPU time: 0 out of 10000
  Maximum heap size: 0 out of 6000000
  Number of callouts: 0 out of 100
  Number of Email Invocations: 0 out of 10
  Number of future calls: 0 out of 50
  Number of queueable jobs added to the queue: 0 out of 50
  Number of Mobile Apex push calls: 0 out of 10

17:11:10.291 (291492227)|CUMULATIVE_LIMIT_USAGE_END

17:11:10.291 (291561816)|CODE_UNIT_FINISHED|execute_anonymous_apex
17:11:10.292 (292795334)|EXECUTION_FINISHED
