35.0 APEX_CODE,FINEST;APEX_PROFILING,INFO;CALLOUT,INFO;DB,INFO;SYSTEM,DEBUG;VALIDATION,INFO;VISUALFORCE,INFO;WORKFLOW,INFO
11:46:59.390 (390282941)|EXECUTION_STARTED
11:46:59.390 (390355131)|CODE_UNIT_STARTED|[EXTERNAL]|01p58000000nl6e|BusinessUnitRelationshipHelperTest.testUpdateRelationships
11:46:59.390 (390627656)|HEAP_ALLOCATE|[72]|Bytes:3
11:46:59.390 (390693636)|HEAP_ALLOCATE|[77]|Bytes:152
11:46:59.390 (390720250)|HEAP_ALLOCATE|[342]|Bytes:408
11:46:59.390 (390748147)|HEAP_ALLOCATE|[355]|Bytes:408
11:46:59.390 (390773316)|HEAP_ALLOCATE|[467]|Bytes:48
11:46:59.390 (390818379)|HEAP_ALLOCATE|[139]|Bytes:6
11:46:59.390 (390846547)|HEAP_ALLOCATE|[EXTERNAL]|Bytes:138
11:46:59.390 (390870105)|METHOD_ENTRY|[2]|01p58000000nl6e|BusinessUnitRelationshipHelperTest.BusinessUnitRelationshipHelperTest()
11:46:59.390 (390876006)|STATEMENT_EXECUTE|[2]
11:46:59.390 (390882452)|STATEMENT_EXECUTE|[2]
11:46:59.390 (390920343)|HEAP_ALLOCATE|[50]|Bytes:5
11:46:59.390 (390948107)|HEAP_ALLOCATE|[56]|Bytes:5
11:46:59.390 (390958878)|HEAP_ALLOCATE|[64]|Bytes:7
11:46:59.391 (391489296)|SYSTEM_MODE_ENTER|false
11:46:59.391 (391512858)|HEAP_ALLOCATE|[EXTERNAL]|Bytes:5
11:46:59.391 (391523014)|SYSTEM_MODE_EXIT|false
11:46:59.391 (391536807)|METHOD_EXIT|[2]|BusinessUnitRelationshipHelperTest
11:46:59.391 (391584320)|SYSTEM_MODE_ENTER|false
11:46:59.391 (391590341)|HEAP_ALLOCATE|[4]|Bytes:5
11:46:59.391 (391595641)|STATEMENT_EXECUTE|[3]
11:46:59.391 (391598235)|STATEMENT_EXECUTE|[4]
11:46:59.391 (391679060)|HEAP_ALLOCATE|[4]|Bytes:4
11:46:59.391 (391827841)|VARIABLE_SCOPE_BEGIN|[4]|parent|grc__Business_Unit__c|true|false
11:46:59.391 (391862289)|VARIABLE_ASSIGNMENT|[4]|parent|{}|0x6e7dc713
11:46:59.391 (391867341)|STATEMENT_EXECUTE|[5]
11:46:59.391 (391871924)|HEAP_ALLOCATE|[5]|Bytes:6
11:46:59.391 (391993737)|VARIABLE_ASSIGNMENT|[5]|this.Name|"parent"|0x6e7dc713
11:46:59.392 (392001295)|STATEMENT_EXECUTE|[6]
11:46:59.392 (392083311)|VARIABLE_ASSIGNMENT|[6]|this.Risk__Sharing_Group_Name__c|"parent"|0x6e7dc713
11:46:59.392 (392090576)|STATEMENT_EXECUTE|[8]
11:46:59.392 (392108141)|HEAP_ALLOCATE|[8]|Bytes:4
11:46:59.392 (392129645)|VARIABLE_SCOPE_BEGIN|[8]|child1|grc__Business_Unit__c|true|false
11:46:59.392 (392143880)|VARIABLE_ASSIGNMENT|[8]|child1|{}|0x2e1f7003
11:46:59.392 (392157177)|STATEMENT_EXECUTE|[9]
11:46:59.392 (392162714)|HEAP_ALLOCATE|[9]|Bytes:6
11:46:59.392 (392234618)|VARIABLE_ASSIGNMENT|[9]|this.Name|"child1"|0x2e1f7003
11:46:59.392 (392241740)|STATEMENT_EXECUTE|[10]
11:46:59.392 (392315266)|VARIABLE_ASSIGNMENT|[10]|this.Risk__Sharing_Group_Name__c|"child1"|0x2e1f7003
11:46:59.392 (392322266)|STATEMENT_EXECUTE|[12]
11:46:59.392 (392339126)|HEAP_ALLOCATE|[12]|Bytes:4
11:46:59.392 (392359851)|VARIABLE_SCOPE_BEGIN|[12]|child2|grc__Business_Unit__c|true|false
11:46:59.392 (392373574)|VARIABLE_ASSIGNMENT|[12]|child2|{}|0x14996c80
11:46:59.392 (392378089)|STATEMENT_EXECUTE|[13]
11:46:59.392 (392382192)|HEAP_ALLOCATE|[13]|Bytes:6
11:46:59.392 (392450624)|VARIABLE_ASSIGNMENT|[13]|this.Name|"child2"|0x14996c80
11:46:59.392 (392457596)|STATEMENT_EXECUTE|[14]
11:46:59.392 (392530298)|VARIABLE_ASSIGNMENT|[14]|this.Risk__Sharing_Group_Name__c|"child2"|0x14996c80
11:46:59.392 (392536956)|STATEMENT_EXECUTE|[16]
11:46:59.392 (392552988)|HEAP_ALLOCATE|[16]|Bytes:4
11:46:59.392 (392575177)|VARIABLE_SCOPE_BEGIN|[16]|child11|grc__Business_Unit__c|true|false
11:46:59.392 (392588887)|VARIABLE_ASSIGNMENT|[16]|child11|{}|0x411691bf
11:46:59.392 (392593310)|STATEMENT_EXECUTE|[17]
11:46:59.392 (392597475)|HEAP_ALLOCATE|[17]|Bytes:7
11:46:59.392 (392669088)|VARIABLE_ASSIGNMENT|[17]|this.Name|"child11"|0x411691bf
11:46:59.392 (392676132)|STATEMENT_EXECUTE|[18]
11:46:59.392 (392747680)|VARIABLE_ASSIGNMENT|[18]|this.Risk__Sharing_Group_Name__c|"child11"|0x411691bf
11:46:59.392 (392754551)|STATEMENT_EXECUTE|[20]
11:46:59.392 (392770187)|HEAP_ALLOCATE|[20]|Bytes:4
11:46:59.392 (392789892)|VARIABLE_SCOPE_BEGIN|[20]|child21|grc__Business_Unit__c|true|false
11:46:59.392 (392803022)|VARIABLE_ASSIGNMENT|[20]|child21|{}|0x2d384e05
11:46:59.392 (392807251)|STATEMENT_EXECUTE|[21]
11:46:59.392 (392812223)|HEAP_ALLOCATE|[21]|Bytes:7
11:46:59.392 (392879253)|VARIABLE_ASSIGNMENT|[21]|this.Name|"child21"|0x2d384e05
11:46:59.392 (392886062)|STATEMENT_EXECUTE|[22]
11:46:59.392 (392957676)|VARIABLE_ASSIGNMENT|[22]|this.Risk__Sharing_Group_Name__c|"child21"|0x2d384e05
11:46:59.392 (392964383)|STATEMENT_EXECUTE|[24]
11:46:59.392 (392968902)|HEAP_ALLOCATE|[24]|Bytes:39
11:46:59.392 (392985390)|HEAP_ALLOCATE|[24]|Bytes:4
11:46:59.393 (393001650)|HEAP_ALLOCATE|[24]|Bytes:7
11:46:59.393 (393397876)|SOQL_EXECUTE_BEGIN|[24]|Aggregations:0|SELECT Id FROM User WHERE Id = :tmpVar1
11:46:59.395 (395451704)|SOQL_EXECUTE_END|[24]|Rows:1
11:46:59.395 (395473663)|HEAP_ALLOCATE|[24]|Bytes:8
11:46:59.395 (395489479)|HEAP_ALLOCATE|[24]|Bytes:29
11:46:59.395 (395605757)|HEAP_ALLOCATE|[24]|Bytes:8
11:46:59.395 (395616916)|HEAP_ALLOCATE|[24]|Bytes:30
11:46:59.395 (395699271)|HEAP_ALLOCATE|[24]|Bytes:8
11:46:59.395 (395708144)|VARIABLE_SCOPE_BEGIN|[24]|usr|User|true|false
11:46:59.395 (395733199)|VARIABLE_ASSIGNMENT|[24]|usr|{"s":1,"v":{"Id":"00558000000FHMRAA4"}}|0x3f8a6ca3
11:46:59.399 (399825744)|HEAP_ALLOCATE|[25]|Bytes:8
11:46:59.399 (399836725)|STATEMENT_EXECUTE|[25]
11:46:59.399 (399839767)|STATEMENT_EXECUTE|[27]
11:46:59.401 (401276925)|STATEMENT_EXECUTE|[28]
11:46:59.401 (401308619)|HEAP_ALLOCATE|[28]|Bytes:4
11:46:59.401 (401411587)|HEAP_ALLOCATE|[EXTERNAL]|Bytes:24
11:46:59.401 (401471844)|DML_BEGIN|[28]|Op:Insert|Type:grc__Business_Unit__c|Rows:5
11:46:59.401 (401514264)|HEAP_ALLOCATE|[EXTERNAL]|Bytes:24
11:46:59.406 (406681776)|ENTERING_MANAGED_PKG|Risk
11:46:59.408 (408711172)|SOQL_EXECUTE_BEGIN|[16]|Aggregations:0|SELECT Id, Risk__Hierarchy_Level__c FROM grc__Business_Unit__c WHERE Id = :tmpVar1
11:46:59.410 (410442085)|SOQL_EXECUTE_END|[16]|Rows:0
11:46:59.412 (412127170)|SOQL_EXECUTE_BEGIN|[11]|Aggregations:0|SELECT Id, grc__Parent_Business_Unit__c FROM grc__Business_Unit__c LIMIT 50000
11:46:59.413 (413246035)|SOQL_EXECUTE_END|[11]|Rows:0
11:46:59.419 (419485412)|CODE_UNIT_STARTED|[EXTERNAL]|Validation:Business_Unit:new
11:46:59.419 (419499130)|VALIDATION_RULE|03d580000004IqX|No_Dashes_in_Sharing_Group_Name_Allowed
11:46:59.419 (419636535)|VALIDATION_FORMULA|CONTAINS(Risk__Sharing_Group_Name__c, '-')|Risk__Sharing_Group_Name__c=parent
11:46:59.419 (419645943)|VALIDATION_PASS
11:46:59.419 (419676337)|CODE_UNIT_FINISHED|Validation:Business_Unit:new
11:46:59.420 (420503241)|CODE_UNIT_STARTED|[EXTERNAL]|Validation:Business_Unit:new
11:46:59.420 (420513828)|VALIDATION_RULE|03d580000004IqX|No_Dashes_in_Sharing_Group_Name_Allowed
11:46:59.420 (420632851)|VALIDATION_FORMULA|CONTAINS(Risk__Sharing_Group_Name__c, '-')|Risk__Sharing_Group_Name__c=child1
11:46:59.420 (420641495)|VALIDATION_PASS
11:46:59.420 (420668044)|CODE_UNIT_FINISHED|Validation:Business_Unit:new
11:46:59.421 (421918291)|CODE_UNIT_STARTED|[EXTERNAL]|Validation:Business_Unit:new
11:46:59.421 (421928580)|VALIDATION_RULE|03d580000004IqX|No_Dashes_in_Sharing_Group_Name_Allowed
11:46:59.422 (422044873)|VALIDATION_FORMULA|CONTAINS(Risk__Sharing_Group_Name__c, '-')|Risk__Sharing_Group_Name__c=child2
11:46:59.422 (422054712)|VALIDATION_PASS
11:46:59.422 (422076482)|CODE_UNIT_FINISHED|Validation:Business_Unit:new
11:46:59.423 (423055292)|CODE_UNIT_STARTED|[EXTERNAL]|Validation:Business_Unit:new
11:46:59.423 (423065281)|VALIDATION_RULE|03d580000004IqX|No_Dashes_in_Sharing_Group_Name_Allowed
11:46:59.423 (423181443)|VALIDATION_FORMULA|CONTAINS(Risk__Sharing_Group_Name__c, '-')|Risk__Sharing_Group_Name__c=child11
11:46:59.423 (423189695)|VALIDATION_PASS
11:46:59.423 (423211208)|CODE_UNIT_FINISHED|Validation:Business_Unit:new
11:46:59.424 (424347456)|CODE_UNIT_STARTED|[EXTERNAL]|Validation:Business_Unit:new
11:46:59.424 (424357350)|VALIDATION_RULE|03d580000004IqX|No_Dashes_in_Sharing_Group_Name_Allowed
11:46:59.424 (424471990)|VALIDATION_FORMULA|CONTAINS(Risk__Sharing_Group_Name__c, '-')|Risk__Sharing_Group_Name__c=child21
11:46:59.424 (424480064)|VALIDATION_PASS
11:46:59.424 (424501771)|CODE_UNIT_FINISHED|Validation:Business_Unit:new
11:47:03.403 (4403902386)|ENTERING_MANAGED_PKG|Risk
11:47:03.404 (4404621389)|SOQL_EXECUTE_BEGIN|[28]|Aggregations:0|SELECT COUNT() FROM AsyncApexJob WHERE (JobType = 'BatchApex' AND (Status = 'Processing' OR Status = 'Preparing' OR Status = 'Queued'))
11:47:03.405 (4405939220)|SOQL_EXECUTE_END|[28]|Rows:0
11:47:03.472 (4472173982)|DML_END|[28]
11:47:03.472 (4472290941)|HEAP_ALLOCATE|[EXTERNAL]|Bytes:24
11:47:03.472 (4472305537)|STATEMENT_EXECUTE|[29]
11:47:03.486 (4486402520)|HEAP_ALLOCATE|[EXTERNAL]|Bytes:24
11:47:03.487 (4487010945)|HEAP_ALLOCATE|[EXTERNAL]|Bytes:4
11:47:03.503 (4503905481)|SOQL_EXECUTE_BEGIN|[109]|Aggregations:0|SELECT Id, Risk__Sharing_Group_Name__c, grc__Parent_Business_Unit__c, grc__Parent_Business_Unit__r.Risk__Sharing_Group_Name__c, grc__Parent_Business_Unit__r.Risk__Read_Write_Access_to_Child_BUs__c FROM grc__Business_Unit__c WHERE Id = :tmpVar1
11:47:03.507 (4507333029)|SOQL_EXECUTE_END|[109]|Rows:5
11:47:03.509 (4509636643)|DML_BEGIN|[131]|Op:Insert|Type:Group|Rows:10
11:47:03.654 (4654283561)|DML_END|[131]
11:47:03.654 (4654653484)|SOQL_EXECUTE_BEGIN|[133]|Aggregations:0|SELECT Id, Name FROM Group 
11:47:03.656 (4656719020)|SOQL_EXECUTE_END|[133]|Rows:10
11:47:03.659 (4659790923)|SOQL_EXECUTE_BEGIN|[149]|Aggregations:0|SELECT Id, OwnerId, Risk__Sharing_Group_Name__c, grc__Parent_Business_Unit__c, grc__Parent_Business_Unit__r.Risk__Sharing_Group_Name__c, grc__Parent_Business_Unit__r.Risk__Read_Write_Access_to_Child_BUs__c FROM grc__Business_Unit__c WHERE Id = :tmpVar1
11:47:03.662 (4662508579)|SOQL_EXECUTE_END|[149]|Rows:5
11:47:03.664 (4664357866)|DML_BEGIN|[173]|Op:Insert|Type:GroupMember|Rows:5
11:47:03.832 (4832399846)|DML_END|[173]
11:47:03.891 (4891720636)|HEAP_ALLOCATE|[EXTERNAL]|Bytes:24
11:47:03.892 (4892221432)|HEAP_ALLOCATE|[EXTERNAL]|Bytes:4
11:47:03.892 (4892327972)|HEAP_ALLOCATE|[EXTERNAL]|Bytes:4
11:47:03.892 (4892335079)|HEAP_ALLOCATE|[EXTERNAL]|Bytes:18
11:47:03.892 (4892366089)|HEAP_ALLOCATE|[EXTERNAL]|Bytes:4
11:47:03.892 (4892429579)|HEAP_ALLOCATE|[EXTERNAL]|Bytes:8
11:47:03.892 (4892435707)|HEAP_ALLOCATE|[EXTERNAL]|Bytes:18
11:47:03.892 (4892455338)|HEAP_ALLOCATE|[EXTERNAL]|Bytes:4
11:47:03.892 (4892520959)|HEAP_ALLOCATE|[EXTERNAL]|Bytes:12
11:47:03.892 (4892527069)|HEAP_ALLOCATE|[EXTERNAL]|Bytes:18
11:47:03.892 (4892545327)|HEAP_ALLOCATE|[EXTERNAL]|Bytes:4
11:47:03.892 (4892606827)|HEAP_ALLOCATE|[EXTERNAL]|Bytes:16
11:47:03.892 (4892612793)|HEAP_ALLOCATE|[EXTERNAL]|Bytes:18
11:47:03.892 (4892630935)|HEAP_ALLOCATE|[EXTERNAL]|Bytes:4
11:47:03.892 (4892695667)|HEAP_ALLOCATE|[EXTERNAL]|Bytes:20
11:47:03.892 (4892701622)|HEAP_ALLOCATE|[EXTERNAL]|Bytes:18
11:47:03.892 (4892719008)|HEAP_ALLOCATE|[EXTERNAL]|Bytes:4
11:47:03.915 (4915921700)|SOQL_EXECUTE_BEGIN|[33]|Aggregations:0|SELECT Id, Risk__Sharing_Group_Name__c, grc__Parent_Business_Unit__c, grc__Parent_Business_Unit__r.Risk__Sharing_Group_Name__c, grc__Parent_Business_Unit__r.Risk__Read_Write_Access_to_Child_BUs__c FROM grc__Business_Unit__c WHERE Id IN :tmpVar1
11:47:03.919 (4919407687)|SOQL_EXECUTE_END|[33]|Rows:5
11:47:03.921 (4921674912)|SOQL_EXECUTE_BEGIN|[58]|Aggregations:0|SELECT Id, Name FROM Group 
11:47:03.923 (4923813632)|SOQL_EXECUTE_END|[58]|Rows:10
11:47:03.929 (4929082740)|DML_BEGIN|[74]|Op:Insert|Type:grc__Business_Unit__Share|Rows:10
11:47:03.996 (4996027732)|DML_END|[74]
11:47:04.020 (5020565826)|STATEMENT_EXECUTE|[32]
11:47:04.020 (5020585734)|HEAP_ALLOCATE|[32]|Bytes:4
11:47:04.020 (5020605762)|VARIABLE_SCOPE_BEGIN|[32]|parameters|Map<String,String>|true|false
11:47:04.020 (5020652671)|VARIABLE_ASSIGNMENT|[32]|parameters|{"s":1,"v":{}}|0x16cb3b6d
11:47:04.020 (5020659383)|STATEMENT_EXECUTE|[33]
11:47:04.020 (5020664554)|HEAP_ALLOCATE|[33]|Bytes:57
11:47:04.020 (5020670334)|VARIABLE_SCOPE_BEGIN|[33]|csvString|String|false|false
11:47:04.020 (5020682283)|VARIABLE_ASSIGNMENT|[33]|csvString|"child1:parent,child2 (37 more) ..."
11:47:04.020 (5020686277)|STATEMENT_EXECUTE|[34]
11:47:04.020 (5020690066)|HEAP_ALLOCATE|[34]|Bytes:9
11:47:04.020 (5020758769)|HEAP_ALLOCATE|[EXTERNAL]|Bytes:-4
11:47:04.020 (5020778494)|STATEMENT_EXECUTE|[36]
11:47:04.020 (5020788597)|HEAP_ALLOCATE|[36]|Bytes:4
11:47:04.020 (5020826354)|VARIABLE_SCOPE_BEGIN|[36]|results|List<grc__Business_Unit__c>|true|false
11:47:04.020 (5020836980)|HEAP_ALLOCATE|[EXTERNAL]|Bytes:4
11:47:04.020 (5020853671)|VARIABLE_ASSIGNMENT|[36]|results|{"s":1,"v":[]}|0x4c1265db
11:47:04.020 (5020858590)|STATEMENT_EXECUTE|[39]
11:47:04.021 (5021856932)|VARIABLE_SCOPE_BEGIN|[7]|BusinessUnitRelationshipHelper.key|String|false|true
11:47:04.021 (5021876049)|HEAP_ALLOCATE|[39]|Bytes:5
11:47:04.021 (5021883345)|HEAP_ALLOCATE|[39]|Bytes:13
11:47:04.021 (5021901853)|VARIABLE_ASSIGNMENT|[39]|BusinessUnitRelationshipHelper.key|"relationships"
11:47:04.021 (5021932471)|METHOD_ENTRY|[5]|01p58000000nl2M|BusinessUnitRelationshipHelper.BusinessUnitRelationshipHelper()
11:47:04.021 (5021938799)|STATEMENT_EXECUTE|[5]
11:47:04.021 (5021943596)|STATEMENT_EXECUTE|[5]
11:47:04.021 (5021952096)|HEAP_ALLOCATE|[39]|Bytes:5
11:47:04.021 (5021967181)|METHOD_EXIT|[5]|BusinessUnitRelationshipHelper
11:47:04.021 (5021998820)|METHOD_ENTRY|[39]|01p58000000nl2M|BusinessUnitRelationshipHelper.updateRelationships(Map<String,String>)
11:47:04.022 (5022034791)|VARIABLE_SCOPE_BEGIN|[15]|relationships|Map<String,String>|true|false
11:47:04.022 (5022046815)|VARIABLE_ASSIGNMENT|[15]|relationships|null|
11:47:04.022 (5022058310)|HEAP_ALLOCATE|[17]|Bytes:5
11:47:04.022 (5022063659)|STATEMENT_EXECUTE|[15]
11:47:04.022 (5022070235)|STATEMENT_EXECUTE|[17]
11:47:04.022 (5022072738)|STATEMENT_EXECUTE|[63]
11:47:04.022 (5022079390)|HEAP_ALLOCATE|[63]|Bytes:4
11:47:04.022 (5022145577)|METHOD_EXIT|[39]|01p58000000nl2M|BusinessUnitRelationshipHelper.updateRelationships(Map<String,String>)
11:47:04.022 (5022158144)|HEAP_ALLOCATE|[EXTERNAL]|Bytes:4
11:47:04.022 (5022172406)|VARIABLE_ASSIGNMENT|[39]|results|{"s":1,"v":[]}|0x2a4ecc28
11:47:04.022 (5022177463)|STATEMENT_EXECUTE|[41]
11:47:04.022 (5022271754)|STATEMENT_EXECUTE|[42]
11:47:04.022 (5022345511)|STATEMENT_EXECUTE|[44]
11:47:04.022 (5022355539)|HEAP_ALLOCATE|[44]|Bytes:4
11:47:04.022 (5022369924)|METHOD_ENTRY|[44]|01p58000000nl2M|BusinessUnitRelationshipHelper.updateRelationships(Map<String,String>)
11:47:04.022 (5022394696)|VARIABLE_SCOPE_BEGIN|[15]|relationships|Map<String,String>|true|false
11:47:04.022 (5022412961)|VARIABLE_ASSIGNMENT|[15]|relationships|{"s":1,"v":{}}|0x6826d6b8
11:47:04.022 (5022422776)|HEAP_ALLOCATE|[17]|Bytes:5
11:47:04.022 (5022427691)|STATEMENT_EXECUTE|[15]
11:47:04.022 (5022431942)|HEAP_ALLOCATE|[17]|Bytes:13
11:47:04.022 (5022492294)|STATEMENT_EXECUTE|[17]
11:47:04.022 (5022496318)|STATEMENT_EXECUTE|[63]
11:47:04.022 (5022503137)|HEAP_ALLOCATE|[63]|Bytes:4
11:47:04.022 (5022523727)|METHOD_EXIT|[44]|01p58000000nl2M|BusinessUnitRelationshipHelper.updateRelationships(Map<String,String>)
11:47:04.022 (5022529600)|STATEMENT_EXECUTE|[46]
11:47:04.022 (5022591166)|STATEMENT_EXECUTE|[47]
11:47:04.022 (5022663538)|STATEMENT_EXECUTE|[50]
11:47:04.022 (5022672793)|METHOD_ENTRY|[50]|01p58000000nl2M|BusinessUnitRelationshipHelper.updateRelationships(Map<String,String>)
11:47:04.022 (5022696272)|VARIABLE_SCOPE_BEGIN|[15]|relationships|Map<String,String>|true|false
11:47:04.022 (5022716307)|VARIABLE_ASSIGNMENT|[15]|relationships|{"s":1,"v":{"wrong key":"child1:parent,child2 (37 more) ..."}}|0x16cb3b6d
11:47:04.022 (5022726113)|HEAP_ALLOCATE|[17]|Bytes:5
11:47:04.022 (5022730994)|STATEMENT_EXECUTE|[15]
11:47:04.022 (5022762575)|STATEMENT_EXECUTE|[17]
11:47:04.022 (5022765844)|STATEMENT_EXECUTE|[63]
11:47:04.022 (5022772497)|HEAP_ALLOCATE|[63]|Bytes:4
11:47:04.022 (5022792137)|METHOD_EXIT|[50]|01p58000000nl2M|BusinessUnitRelationshipHelper.updateRelationships(Map<String,String>)
11:47:04.022 (5022802414)|HEAP_ALLOCATE|[EXTERNAL]|Bytes:4
11:47:04.022 (5022815886)|VARIABLE_ASSIGNMENT|[50]|results|{"s":1,"v":[]}|0x2b92f179
11:47:04.022 (5022820523)|STATEMENT_EXECUTE|[51]
11:47:04.022 (5022881734)|STATEMENT_EXECUTE|[52]
11:47:04.022 (5022941506)|STATEMENT_EXECUTE|[54]
11:47:04.022 (5022948582)|HEAP_ALLOCATE|[54]|Bytes:17
11:47:04.022 (5022994540)|HEAP_ALLOCATE|[EXTERNAL]|Bytes:-4
11:47:04.023 (5023012751)|STATEMENT_EXECUTE|[56]
11:47:04.023 (5023022489)|METHOD_ENTRY|[56]|01p58000000nl2M|BusinessUnitRelationshipHelper.updateRelationships(Map<String,String>)
11:47:04.023 (5023044650)|VARIABLE_SCOPE_BEGIN|[15]|relationships|Map<String,String>|true|false
11:47:04.023 (5023064821)|VARIABLE_ASSIGNMENT|[15]|relationships|{"s":1,"v":{"wrong key":"child1:parent,child2 (37 more) ...","relationships":"very wrong string"}}|0x16cb3b6d
11:47:04.023 (5023074943)|HEAP_ALLOCATE|[17]|Bytes:5
11:47:04.023 (5023079797)|STATEMENT_EXECUTE|[15]
11:47:04.023 (5023110375)|STATEMENT_EXECUTE|[17]
11:47:04.023 (5023113427)|STATEMENT_EXECUTE|[19]
11:47:04.023 (5023125082)|HEAP_ALLOCATE|[19]|Bytes:4
11:47:04.023 (5023164951)|VARIABLE_SCOPE_BEGIN|[19]|businessUnitNames|Set<String>|true|false
11:47:04.023 (5023191202)|VARIABLE_ASSIGNMENT|[19]|businessUnitNames|{"s":1,"v":[]}|0x292ccced
11:47:04.023 (5023196493)|STATEMENT_EXECUTE|[20]
11:47:04.023 (5023204798)|HEAP_ALLOCATE|[20]|Bytes:4
11:47:04.023 (5023213826)|VARIABLE_SCOPE_BEGIN|[20]|childToParentMap|Map<String,String>|true|false
11:47:04.023 (5023229796)|VARIABLE_ASSIGNMENT|[20]|childToParentMap|{"s":1,"v":{}}|0x3ede977a
11:47:04.023 (5023234293)|STATEMENT_EXECUTE|[21]
11:47:04.023 (5023274176)|HEAP_ALLOCATE|[21]|Bytes:4
11:47:04.023 (5023319485)|VARIABLE_SCOPE_BEGIN|[21]|businessUnitMap|Map<String,grc__Business_Unit__c>|true|false
11:47:04.023 (5023338231)|VARIABLE_ASSIGNMENT|[21]|businessUnitMap|{"s":1,"v":{}}|0x2fba0e1
11:47:04.023 (5023343227)|STATEMENT_EXECUTE|[23]
11:47:04.023 (5023409544)|HEAP_ALLOCATE|[23]|Bytes:1
11:47:04.023 (5023456955)|HEAP_ALLOCATE|[23]|Bytes:17
11:47:04.023 (5023466251)|HEAP_ALLOCATE|[23]|Bytes:8
11:47:04.023 (5023482357)|VARIABLE_SCOPE_BEGIN|[23]|pairs|List<String>|true|false
11:47:04.023 (5023500842)|HEAP_ALLOCATE|[EXTERNAL]|Bytes:8
11:47:04.023 (5023517252)|VARIABLE_ASSIGNMENT|[23]|pairs|{"s":1,"v":["very wrong string"]}|0x7fdad32e
11:47:04.023 (5023588740)|HEAP_ALLOCATE|[25]|Bytes:5
11:47:04.023 (5023606606)|HEAP_ALLOCATE|[25]|Bytes:17
11:47:04.023 (5023616124)|VARIABLE_SCOPE_BEGIN|[25]|pair|String|false|false
11:47:04.023 (5023625776)|VARIABLE_ASSIGNMENT|[25]|pair|"very wrong string"
11:47:04.023 (5023629976)|STATEMENT_EXECUTE|[25]
11:47:04.023 (5023632359)|STATEMENT_EXECUTE|[26]
11:47:04.023 (5023635999)|HEAP_ALLOCATE|[26]|Bytes:1
11:47:04.023 (5023693723)|HEAP_ALLOCATE|[26]|Bytes:17
11:47:04.023 (5023701833)|HEAP_ALLOCATE|[26]|Bytes:8
11:47:04.023 (5023718330)|VARIABLE_SCOPE_BEGIN|[26]|pairValue|List<String>|true|false
11:47:04.023 (5023735407)|HEAP_ALLOCATE|[EXTERNAL]|Bytes:8
11:47:04.023 (5023750487)|VARIABLE_ASSIGNMENT|[26]|pairValue|{"s":1,"v":["very wrong string"]}|0x305e239c
11:47:04.023 (5023793617)|STATEMENT_EXECUTE|[27]
11:47:04.023 (5023817272)|HEAP_ALLOCATE|[25]|Bytes:5
11:47:04.023 (5023834568)|VARIABLE_ASSIGNMENT|[25]|pair|null
11:47:04.023 (5023839395)|STATEMENT_EXECUTE|[39]
11:47:04.023 (5023853514)|METHOD_ENTRY|[39]|01p58000000nl2M|BusinessUnitRelationshipHelper.getNamedBusinessUnits(Set<String>)
11:47:04.023 (5023882450)|VARIABLE_SCOPE_BEGIN|[71]|businessUnitNames|Set<String>|true|false
11:47:04.023 (5023898797)|VARIABLE_ASSIGNMENT|[71]|businessUnitNames|{"s":1,"v":[]}|0x292ccced
11:47:04.023 (5023908482)|HEAP_ALLOCATE|[72]|Bytes:5
11:47:04.023 (5023913252)|STATEMENT_EXECUTE|[71]
11:47:04.023 (5023915641)|STATEMENT_EXECUTE|[72]
11:47:04.023 (5023919331)|HEAP_ALLOCATE|[72]|Bytes:64
11:47:04.023 (5023928292)|HEAP_ALLOCATE|[72]|Bytes:4
11:47:04.024 (5024349751)|SOQL_EXECUTE_BEGIN|[72]|Aggregations:0|SELECT Id, Name FROM grc__Business_Unit__c WHERE Name = :tmpVar1
11:47:04.025 (5025535628)|SOQL_EXECUTE_END|[72]|Rows:0
11:47:04.025 (5025558778)|HEAP_ALLOCATE|[72]|Bytes:4
11:47:04.025 (5025570333)|HEAP_ALLOCATE|[72]|Bytes:0
11:47:04.025 (5025586650)|HEAP_ALLOCATE|[72]|Bytes:4
11:47:04.025 (5025601177)|METHOD_EXIT|[39]|01p58000000nl2M|BusinessUnitRelationshipHelper.getNamedBusinessUnits(Set<String>)
11:47:04.025 (5025607579)|VARIABLE_SCOPE_BEGIN|[39]|businessUnits|List<grc__Business_Unit__c>|true|false
11:47:04.025 (5025624424)|VARIABLE_ASSIGNMENT|[39]|businessUnits|{"s":1,"v":[]}|0x4cc5ae1f
11:47:04.025 (5025630183)|STATEMENT_EXECUTE|[40]
11:47:04.025 (5025637646)|HEAP_ALLOCATE|[40]|Bytes:4
11:47:04.025 (5025678792)|VARIABLE_SCOPE_BEGIN|[40]|businessUnitsToUpdate|List<grc__Business_Unit__c>|true|false
11:47:04.025 (5025688655)|HEAP_ALLOCATE|[EXTERNAL]|Bytes:4
11:47:04.025 (5025701518)|VARIABLE_ASSIGNMENT|[40]|businessUnitsToUpdate|{"s":1,"v":[]}|0x707b4765
11:47:04.025 (5025758945)|HEAP_ALLOCATE|[43]|Bytes:5
11:47:04.025 (5025778672)|VARIABLE_ASSIGNMENT|[43]|bu|null|
11:47:04.025 (5025783226)|STATEMENT_EXECUTE|[43]
11:47:04.025 (5025790489)|HEAP_ALLOCATE|[47]|Bytes:4
11:47:04.025 (5025849562)|HEAP_ALLOCATE|[47]|Bytes:4
11:47:04.025 (5025880625)|HEAP_ALLOCATE|[47]|Bytes:0
11:47:04.025 (5025917207)|HEAP_ALLOCATE|[47]|Bytes:5
11:47:04.025 (5025934447)|VARIABLE_ASSIGNMENT|[47]|child|null
11:47:04.025 (5025939174)|STATEMENT_EXECUTE|[47]
11:47:04.025 (5025941662)|STATEMENT_EXECUTE|[59]
11:47:04.025 (5025950584)|METHOD_EXIT|[56]|01p58000000nl2M|BusinessUnitRelationshipHelper.updateRelationships(Map<String,String>)
11:47:04.025 (5025966320)|VARIABLE_ASSIGNMENT|[56]|results|{"s":1,"v":[]}|0x707b4765
11:47:04.025 (5025970653)|STATEMENT_EXECUTE|[57]
11:47:04.026 (5026039295)|STATEMENT_EXECUTE|[58]
11:47:04.026 (5026101775)|STATEMENT_EXECUTE|[60]
11:47:04.026 (5026160593)|STATEMENT_EXECUTE|[61]
11:47:04.026 (5026169793)|METHOD_ENTRY|[61]|01p58000000nl2M|BusinessUnitRelationshipHelper.updateRelationships(Map<String,String>)
11:47:04.026 (5026191646)|VARIABLE_SCOPE_BEGIN|[15]|relationships|Map<String,String>|true|false
11:47:04.026 (5026212549)|VARIABLE_ASSIGNMENT|[15]|relationships|{"s":1,"v":{"wrong key":"child1:parent,child2 (37 more) ...","relationships":"child1:parent,child2 (37 more) ..."}}|0x16cb3b6d
11:47:04.026 (5026222926)|HEAP_ALLOCATE|[17]|Bytes:5
11:47:04.026 (5026227881)|STATEMENT_EXECUTE|[15]
11:47:04.026 (5026258223)|STATEMENT_EXECUTE|[17]
11:47:04.026 (5026261371)|STATEMENT_EXECUTE|[19]
11:47:04.026 (5026269749)|HEAP_ALLOCATE|[19]|Bytes:4
11:47:04.026 (5026285406)|VARIABLE_SCOPE_BEGIN|[19]|businessUnitNames|Set<String>|true|false
11:47:04.026 (5026307301)|VARIABLE_ASSIGNMENT|[19]|businessUnitNames|{"s":1,"v":[]}|0x471964bf
11:47:04.026 (5026312472)|STATEMENT_EXECUTE|[20]
11:47:04.026 (5026319942)|HEAP_ALLOCATE|[20]|Bytes:4
11:47:04.026 (5026326812)|VARIABLE_SCOPE_BEGIN|[20]|childToParentMap|Map<String,String>|true|false
11:47:04.026 (5026341547)|VARIABLE_ASSIGNMENT|[20]|childToParentMap|{"s":1,"v":{}}|0xb919b4a
11:47:04.026 (5026345918)|STATEMENT_EXECUTE|[21]
11:47:04.026 (5026351538)|HEAP_ALLOCATE|[21]|Bytes:4
11:47:04.026 (5026357417)|VARIABLE_SCOPE_BEGIN|[21]|businessUnitMap|Map<String,grc__Business_Unit__c>|true|false
11:47:04.026 (5026370458)|VARIABLE_ASSIGNMENT|[21]|businessUnitMap|{"s":1,"v":{}}|0x6ac56971
11:47:04.026 (5026374673)|STATEMENT_EXECUTE|[23]
11:47:04.026 (5026426852)|HEAP_ALLOCATE|[23]|Bytes:13
11:47:04.026 (5026432062)|HEAP_ALLOCATE|[23]|Bytes:13
11:47:04.026 (5026434746)|HEAP_ALLOCATE|[23]|Bytes:14
11:47:04.026 (5026437217)|HEAP_ALLOCATE|[23]|Bytes:14
11:47:04.026 (5026443650)|HEAP_ALLOCATE|[23]|Bytes:20
11:47:04.026 (5026458915)|VARIABLE_SCOPE_BEGIN|[23]|pairs|List<String>|true|false
11:47:04.026 (5026476619)|HEAP_ALLOCATE|[EXTERNAL]|Bytes:20
11:47:04.026 (5026493221)|VARIABLE_ASSIGNMENT|[23]|pairs|{"s":1,"v":["child1:parent","child2:parent","child11:child1","child21:child2"]}|0x40af4b23
11:47:04.026 (5026524324)|HEAP_ALLOCATE|[25]|Bytes:5
11:47:04.026 (5026537563)|HEAP_ALLOCATE|[25]|Bytes:13
11:47:04.026 (5026544535)|VARIABLE_SCOPE_BEGIN|[25]|pair|String|false|false
11:47:04.026 (5026553308)|VARIABLE_ASSIGNMENT|[25]|pair|"child1:parent"
11:47:04.026 (5026557326)|STATEMENT_EXECUTE|[25]
11:47:04.026 (5026559742)|STATEMENT_EXECUTE|[26]
11:47:04.026 (5026584463)|HEAP_ALLOCATE|[26]|Bytes:6
11:47:04.026 (5026589137)|HEAP_ALLOCATE|[26]|Bytes:6
11:47:04.026 (5026594715)|HEAP_ALLOCATE|[26]|Bytes:12
11:47:04.026 (5026609149)|VARIABLE_SCOPE_BEGIN|[26]|pairValue|List<String>|true|false
11:47:04.026 (5026625164)|HEAP_ALLOCATE|[EXTERNAL]|Bytes:12
11:47:04.026 (5026640888)|VARIABLE_ASSIGNMENT|[26]|pairValue|{"s":1,"v":["child1","parent"]}|0x4c9fe315
11:47:04.026 (5026665605)|STATEMENT_EXECUTE|[27]
11:47:04.026 (5026668797)|STATEMENT_EXECUTE|[30]
11:47:04.026 (5026711400)|HEAP_ALLOCATE|[30]|Bytes:6
11:47:04.026 (5026748362)|HEAP_ALLOCATE|[EXTERNAL]|Bytes:4
11:47:04.026 (5026763784)|STATEMENT_EXECUTE|[31]
11:47:04.026 (5026799275)|HEAP_ALLOCATE|[31]|Bytes:6
11:47:04.026 (5026828619)|HEAP_ALLOCATE|[EXTERNAL]|Bytes:4
11:47:04.026 (5026842931)|STATEMENT_EXECUTE|[35]
11:47:04.026 (5026877876)|HEAP_ALLOCATE|[35]|Bytes:6
11:47:04.026 (5026901532)|HEAP_ALLOCATE|[35]|Bytes:6
11:47:04.026 (5026927151)|HEAP_ALLOCATE|[EXTERNAL]|Bytes:-4
11:47:04.026 (5026953172)|HEAP_ALLOCATE|[25]|Bytes:5
11:47:04.026 (5026965939)|HEAP_ALLOCATE|[25]|Bytes:13
11:47:04.026 (5026972623)|VARIABLE_SCOPE_BEGIN|[25]|pair|String|false|false
11:47:04.026 (5026982305)|VARIABLE_ASSIGNMENT|[25]|pair|"child2:parent"
11:47:04.026 (5026986365)|STATEMENT_EXECUTE|[25]
11:47:04.026 (5026988804)|STATEMENT_EXECUTE|[26]
11:47:04.027 (5027013832)|HEAP_ALLOCATE|[26]|Bytes:6
11:47:04.027 (5027025376)|HEAP_ALLOCATE|[26]|Bytes:6
11:47:04.027 (5027031259)|HEAP_ALLOCATE|[26]|Bytes:12
11:47:04.027 (5027047268)|VARIABLE_SCOPE_BEGIN|[26]|pairValue|List<String>|true|false
11:47:04.027 (5027063819)|HEAP_ALLOCATE|[EXTERNAL]|Bytes:12
11:47:04.027 (5027078961)|VARIABLE_ASSIGNMENT|[26]|pairValue|{"s":1,"v":["child2","parent"]}|0x4bd36a07
11:47:04.027 (5027099273)|STATEMENT_EXECUTE|[27]
11:47:04.027 (5027102172)|STATEMENT_EXECUTE|[30]
11:47:04.027 (5027116629)|HEAP_ALLOCATE|[30]|Bytes:6
11:47:04.027 (5027142336)|HEAP_ALLOCATE|[EXTERNAL]|Bytes:4
11:47:04.027 (5027156464)|STATEMENT_EXECUTE|[31]
11:47:04.027 (5027170093)|HEAP_ALLOCATE|[31]|Bytes:6
11:47:04.027 (5027192186)|HEAP_ALLOCATE|[EXTERNAL]|Bytes:4
11:47:04.027 (5027205526)|STATEMENT_EXECUTE|[35]
11:47:04.027 (5027218629)|HEAP_ALLOCATE|[35]|Bytes:6
11:47:04.027 (5027235998)|HEAP_ALLOCATE|[35]|Bytes:6
11:47:04.027 (5027257866)|HEAP_ALLOCATE|[EXTERNAL]|Bytes:-4
11:47:04.027 (5027283200)|HEAP_ALLOCATE|[25]|Bytes:5
11:47:04.027 (5027295519)|HEAP_ALLOCATE|[25]|Bytes:14
11:47:04.027 (5027301954)|VARIABLE_SCOPE_BEGIN|[25]|pair|String|false|false
11:47:04.027 (5027311176)|VARIABLE_ASSIGNMENT|[25]|pair|"child11:child1"
11:47:04.027 (5027315077)|STATEMENT_EXECUTE|[25]
11:47:04.027 (5027317476)|STATEMENT_EXECUTE|[26]
11:47:04.027 (5027341502)|HEAP_ALLOCATE|[26]|Bytes:7
11:47:04.027 (5027345854)|HEAP_ALLOCATE|[26]|Bytes:6
11:47:04.027 (5027351449)|HEAP_ALLOCATE|[26]|Bytes:12
11:47:04.027 (5027365837)|VARIABLE_SCOPE_BEGIN|[26]|pairValue|List<String>|true|false
11:47:04.027 (5027381385)|HEAP_ALLOCATE|[EXTERNAL]|Bytes:12
11:47:04.027 (5027395855)|VARIABLE_ASSIGNMENT|[26]|pairValue|{"s":1,"v":["child11","child1"]}|0xa1c0ced
11:47:04.027 (5027415350)|STATEMENT_EXECUTE|[27]
11:47:04.027 (5027418211)|STATEMENT_EXECUTE|[30]
11:47:04.027 (5027432317)|HEAP_ALLOCATE|[30]|Bytes:7
11:47:04.027 (5027457452)|HEAP_ALLOCATE|[EXTERNAL]|Bytes:4
11:47:04.027 (5027471129)|STATEMENT_EXECUTE|[31]
11:47:04.027 (5027485155)|HEAP_ALLOCATE|[31]|Bytes:6
11:47:04.027 (5027507107)|HEAP_ALLOCATE|[EXTERNAL]|Bytes:4
11:47:04.027 (5027520136)|STATEMENT_EXECUTE|[35]
11:47:04.027 (5027533286)|HEAP_ALLOCATE|[35]|Bytes:7
11:47:04.027 (5027550801)|HEAP_ALLOCATE|[35]|Bytes:6
11:47:04.027 (5027572677)|HEAP_ALLOCATE|[EXTERNAL]|Bytes:-4
11:47:04.027 (5027596735)|HEAP_ALLOCATE|[25]|Bytes:5
11:47:04.027 (5027608818)|HEAP_ALLOCATE|[25]|Bytes:14
11:47:04.027 (5027615081)|VARIABLE_SCOPE_BEGIN|[25]|pair|String|false|false
11:47:04.027 (5027624137)|VARIABLE_ASSIGNMENT|[25]|pair|"child21:child2"
11:47:04.027 (5027627957)|STATEMENT_EXECUTE|[25]
11:47:04.027 (5027630304)|STATEMENT_EXECUTE|[26]
11:47:04.027 (5027657832)|HEAP_ALLOCATE|[26]|Bytes:7
11:47:04.027 (5027662349)|HEAP_ALLOCATE|[26]|Bytes:6
11:47:04.027 (5027667994)|HEAP_ALLOCATE|[26]|Bytes:12
11:47:04.027 (5027682741)|VARIABLE_SCOPE_BEGIN|[26]|pairValue|List<String>|true|false
11:47:04.027 (5027698438)|HEAP_ALLOCATE|[EXTERNAL]|Bytes:12
11:47:04.027 (5027713045)|VARIABLE_ASSIGNMENT|[26]|pairValue|{"s":1,"v":["child21","child2"]}|0x30d0a8de
11:47:04.027 (5027733433)|STATEMENT_EXECUTE|[27]
11:47:04.027 (5027736326)|STATEMENT_EXECUTE|[30]
11:47:04.027 (5027750432)|HEAP_ALLOCATE|[30]|Bytes:7
11:47:04.027 (5027775579)|HEAP_ALLOCATE|[EXTERNAL]|Bytes:4
11:47:04.027 (5027789348)|STATEMENT_EXECUTE|[31]
11:47:04.027 (5027802618)|HEAP_ALLOCATE|[31]|Bytes:6
11:47:04.027 (5027824431)|HEAP_ALLOCATE|[EXTERNAL]|Bytes:4
11:47:04.027 (5027837488)|STATEMENT_EXECUTE|[35]
11:47:04.027 (5027850485)|HEAP_ALLOCATE|[35]|Bytes:7
11:47:04.027 (5027868048)|HEAP_ALLOCATE|[35]|Bytes:6
11:47:04.027 (5027889908)|HEAP_ALLOCATE|[EXTERNAL]|Bytes:-4
11:47:04.027 (5027914358)|HEAP_ALLOCATE|[25]|Bytes:5
11:47:04.027 (5027930978)|VARIABLE_ASSIGNMENT|[25]|pair|null
11:47:04.027 (5027935433)|STATEMENT_EXECUTE|[39]
11:47:04.027 (5027942661)|METHOD_ENTRY|[39]|01p58000000nl2M|BusinessUnitRelationshipHelper.getNamedBusinessUnits(Set<String>)
11:47:04.027 (5027948159)|VARIABLE_SCOPE_BEGIN|[71]|businessUnitNames|Set<String>|true|false
11:47:04.027 (5027969376)|VARIABLE_ASSIGNMENT|[71]|businessUnitNames|{"s":1,"v":["child1","parent","child2","child11","child21"]}|0x471964bf
11:47:04.027 (5027979019)|HEAP_ALLOCATE|[72]|Bytes:5
11:47:04.027 (5027983655)|STATEMENT_EXECUTE|[71]
11:47:04.027 (5027986045)|STATEMENT_EXECUTE|[72]
11:47:04.027 (5027993895)|HEAP_ALLOCATE|[72]|Bytes:4
11:47:04.028 (5028271334)|SOQL_EXECUTE_BEGIN|[72]|Aggregations:0|SELECT Id, Name FROM grc__Business_Unit__c WHERE Name = :tmpVar1
11:47:04.038 (5038509633)|SOQL_EXECUTE_END|[72]|Rows:5
11:47:04.038 (5038532069)|HEAP_ALLOCATE|[72]|Bytes:24
11:47:04.038 (5038555332)|HEAP_ALLOCATE|[72]|Bytes:217
11:47:04.038 (5038573454)|HEAP_ALLOCATE|[72]|Bytes:24
11:47:04.038 (5038590174)|METHOD_EXIT|[39]|01p58000000nl2M|BusinessUnitRelationshipHelper.getNamedBusinessUnits(Set<String>)
11:47:04.038 (5038597305)|VARIABLE_SCOPE_BEGIN|[39]|businessUnits|List<grc__Business_Unit__c>|true|false
11:47:04.038 (5038634610)|VARIABLE_ASSIGNMENT|[39]|businessUnits|{"s":1,"v":[{"s":2,"v":{"Id":"a0258000000wylTAAQ","Name":"parent"}},{"s":3,"v":{"Id":"a0258000000wylUAAQ","Name":"child1"}},{"s":4,"v":{"Id":"a0258000000wylVAAQ","Name":"child2"}},{"s":5,"v":{"Id":"a0258000000wylWAAQ","Name":"child11"}},{"s":6,"v":{"Id":"a0258000000wylXAAQ","Name":"child21"}}]}|0x70837478
11:47:04.038 (5038642755)|STATEMENT_EXECUTE|[40]
11:47:04.038 (5038654096)|HEAP_ALLOCATE|[40]|Bytes:4
11:47:04.038 (5038671008)|VARIABLE_SCOPE_BEGIN|[40]|businessUnitsToUpdate|List<grc__Business_Unit__c>|true|false
11:47:04.038 (5038679884)|HEAP_ALLOCATE|[EXTERNAL]|Bytes:4
11:47:04.038 (5038692184)|VARIABLE_ASSIGNMENT|[40]|businessUnitsToUpdate|{"s":1,"v":[]}|0x7ffd327
11:47:04.038 (5038725319)|HEAP_ALLOCATE|[43]|Bytes:5
11:47:04.038 (5038766436)|HEAP_ALLOCATE|[43]|Bytes:12
11:47:04.038 (5038779179)|VARIABLE_SCOPE_BEGIN|[43]|bu|grc__Business_Unit__c|true|false
11:47:04.038 (5038795955)|VARIABLE_ASSIGNMENT|[43]|bu|{"s":1,"v":{"Id":"a0258000000wylTAAQ","Name":"parent"}}|0x5f232215
11:47:04.038 (5038801243)|STATEMENT_EXECUTE|[43]
11:47:04.038 (5038804548)|STATEMENT_EXECUTE|[44]
11:47:04.038 (5038905226)|HEAP_ALLOCATE|[EXTERNAL]|Bytes:-4
11:47:04.038 (5038937668)|HEAP_ALLOCATE|[43]|Bytes:5
11:47:04.038 (5038972946)|HEAP_ALLOCATE|[43]|Bytes:12
11:47:04.038 (5038982913)|VARIABLE_SCOPE_BEGIN|[43]|bu|grc__Business_Unit__c|true|false
11:47:04.038 (5038999254)|VARIABLE_ASSIGNMENT|[43]|bu|{"s":1,"v":{"Id":"a0258000000wylUAAQ","Name":"child1"}}|0x346603b7
11:47:04.039 (5039004387)|STATEMENT_EXECUTE|[43]
11:47:04.039 (5039007949)|STATEMENT_EXECUTE|[44]
11:47:04.039 (5039037370)|HEAP_ALLOCATE|[EXTERNAL]|Bytes:-4
11:47:04.039 (5039063241)|HEAP_ALLOCATE|[43]|Bytes:5
11:47:04.039 (5039096439)|HEAP_ALLOCATE|[43]|Bytes:12
11:47:04.039 (5039105690)|VARIABLE_SCOPE_BEGIN|[43]|bu|grc__Business_Unit__c|true|false
11:47:04.039 (5039120866)|VARIABLE_ASSIGNMENT|[43]|bu|{"s":1,"v":{"Id":"a0258000000wylVAAQ","Name":"child2"}}|0x6eec1cea
11:47:04.039 (5039125722)|STATEMENT_EXECUTE|[43]
11:47:04.039 (5039128259)|STATEMENT_EXECUTE|[44]
11:47:04.039 (5039155776)|HEAP_ALLOCATE|[EXTERNAL]|Bytes:-4
11:47:04.039 (5039182180)|HEAP_ALLOCATE|[43]|Bytes:5
11:47:04.039 (5039215019)|HEAP_ALLOCATE|[43]|Bytes:12
11:47:04.039 (5039224104)|VARIABLE_SCOPE_BEGIN|[43]|bu|grc__Business_Unit__c|true|false
11:47:04.039 (5039239264)|VARIABLE_ASSIGNMENT|[43]|bu|{"s":1,"v":{"Id":"a0258000000wylWAAQ","Name":"child11"}}|0x4666f745
11:47:04.039 (5039244322)|STATEMENT_EXECUTE|[43]
11:47:04.039 (5039246801)|STATEMENT_EXECUTE|[44]
11:47:04.039 (5039274144)|HEAP_ALLOCATE|[EXTERNAL]|Bytes:-4
11:47:04.039 (5039299735)|HEAP_ALLOCATE|[43]|Bytes:5
11:47:04.039 (5039332229)|HEAP_ALLOCATE|[43]|Bytes:12
11:47:04.039 (5039341461)|VARIABLE_SCOPE_BEGIN|[43]|bu|grc__Business_Unit__c|true|false
11:47:04.039 (5039356740)|VARIABLE_ASSIGNMENT|[43]|bu|{"s":1,"v":{"Id":"a0258000000wylXAAQ","Name":"child21"}}|0x134616
11:47:04.039 (5039361885)|STATEMENT_EXECUTE|[43]
11:47:04.039 (5039364332)|STATEMENT_EXECUTE|[44]
11:47:04.039 (5039396092)|HEAP_ALLOCATE|[EXTERNAL]|Bytes:-4
11:47:04.039 (5039422009)|HEAP_ALLOCATE|[43]|Bytes:5
11:47:04.039 (5039440366)|VARIABLE_ASSIGNMENT|[43]|bu|null|
11:47:04.039 (5039448995)|HEAP_ALLOCATE|[47]|Bytes:4
11:47:04.039 (5039486453)|HEAP_ALLOCATE|[47]|Bytes:46
11:47:04.039 (5039513985)|HEAP_ALLOCATE|[47]|Bytes:16
11:47:04.039 (5039546679)|HEAP_ALLOCATE|[47]|Bytes:5
11:47:04.039 (5039565258)|VARIABLE_SCOPE_BEGIN|[47]|child|String|false|false
11:47:04.039 (5039575795)|VARIABLE_ASSIGNMENT|[47]|child|"child1"
11:47:04.039 (5039579843)|STATEMENT_EXECUTE|[47]
11:47:04.039 (5039582314)|STATEMENT_EXECUTE|[48]
11:47:04.039 (5039641229)|VARIABLE_SCOPE_BEGIN|[48]|parent|String|false|false
11:47:04.039 (5039658546)|VARIABLE_ASSIGNMENT|[48]|parent|"parent"
11:47:04.039 (5039663014)|STATEMENT_EXECUTE|[50]
11:47:04.039 (5039721232)|VARIABLE_SCOPE_BEGIN|[50]|buChild|grc__Business_Unit__c|true|false
11:47:04.039 (5039738502)|VARIABLE_ASSIGNMENT|[50]|buChild|{"s":1,"v":{"Id":"a0258000000wylUAAQ","Name":"child1"}}|0x346603b7
11:47:04.039 (5039743059)|STATEMENT_EXECUTE|[51]
11:47:04.039 (5039797217)|VARIABLE_SCOPE_BEGIN|[51]|buParent|grc__Business_Unit__c|true|false
11:47:04.039 (5039814280)|VARIABLE_ASSIGNMENT|[51]|buParent|{"s":1,"v":{"Id":"a0258000000wylTAAQ","Name":"parent"}}|0x5f232215
11:47:04.039 (5039821002)|STATEMENT_EXECUTE|[53]
11:47:04.039 (5039823528)|STATEMENT_EXECUTE|[54]
11:47:04.039 (5039942949)|HEAP_ALLOCATE|[54]|Bytes:-4
11:47:04.039 (5039970320)|VARIABLE_ASSIGNMENT|[54]|this.grc__Parent_Business_Unit__c|"a0258000000wylTAAQ"|0x346603b7
11:47:04.039 (5039976564)|STATEMENT_EXECUTE|[55]
11:47:04.040 (5040027549)|HEAP_ALLOCATE|[EXTERNAL]|Bytes:4
11:47:04.040 (5040057993)|HEAP_ALLOCATE|[47]|Bytes:5
11:47:04.040 (5040073593)|VARIABLE_SCOPE_BEGIN|[47]|child|String|false|false
11:47:04.040 (5040083650)|VARIABLE_ASSIGNMENT|[47]|child|"child2"
11:47:04.040 (5040087579)|STATEMENT_EXECUTE|[47]
11:47:04.040 (5040089967)|STATEMENT_EXECUTE|[48]
11:47:04.040 (5040116158)|VARIABLE_SCOPE_BEGIN|[48]|parent|String|false|false
11:47:04.040 (5040124348)|VARIABLE_ASSIGNMENT|[48]|parent|"parent"
11:47:04.040 (5040127790)|STATEMENT_EXECUTE|[50]
11:47:04.040 (5040154425)|VARIABLE_SCOPE_BEGIN|[50]|buChild|grc__Business_Unit__c|true|false
11:47:04.040 (5040169845)|VARIABLE_ASSIGNMENT|[50]|buChild|{"s":1,"v":{"Id":"a0258000000wylVAAQ","Name":"child2"}}|0x6eec1cea
11:47:04.040 (5040174357)|STATEMENT_EXECUTE|[51]
11:47:04.040 (5040201066)|VARIABLE_SCOPE_BEGIN|[51]|buParent|grc__Business_Unit__c|true|false
11:47:04.040 (5040214637)|VARIABLE_ASSIGNMENT|[51]|buParent|{"s":1,"v":{"Id":"a0258000000wylTAAQ","Name":"parent"}}|0x5f232215
11:47:04.040 (5040220761)|STATEMENT_EXECUTE|[53]
11:47:04.040 (5040223178)|STATEMENT_EXECUTE|[54]
11:47:04.040 (5040296454)|HEAP_ALLOCATE|[54]|Bytes:-4
11:47:04.040 (5040316940)|VARIABLE_ASSIGNMENT|[54]|this.grc__Parent_Business_Unit__c|"a0258000000wylTAAQ"|0x6eec1cea
11:47:04.040 (5040323192)|STATEMENT_EXECUTE|[55]
11:47:04.040 (5040348489)|HEAP_ALLOCATE|[EXTERNAL]|Bytes:4
11:47:04.040 (5040375021)|HEAP_ALLOCATE|[47]|Bytes:5
11:47:04.040 (5040389820)|VARIABLE_SCOPE_BEGIN|[47]|child|String|false|false
11:47:04.040 (5040400001)|VARIABLE_ASSIGNMENT|[47]|child|"child11"
11:47:04.040 (5040403849)|STATEMENT_EXECUTE|[47]
11:47:04.040 (5040406268)|STATEMENT_EXECUTE|[48]
11:47:04.040 (5040431926)|VARIABLE_SCOPE_BEGIN|[48]|parent|String|false|false
11:47:04.040 (5040439996)|VARIABLE_ASSIGNMENT|[48]|parent|"child1"
11:47:04.040 (5040443268)|STATEMENT_EXECUTE|[50]
11:47:04.040 (5040469173)|VARIABLE_SCOPE_BEGIN|[50]|buChild|grc__Business_Unit__c|true|false
11:47:04.040 (5040483965)|VARIABLE_ASSIGNMENT|[50]|buChild|{"s":1,"v":{"Id":"a0258000000wylWAAQ","Name":"child11"}}|0x4666f745
11:47:04.040 (5040488606)|STATEMENT_EXECUTE|[51]
11:47:04.040 (5040515401)|VARIABLE_SCOPE_BEGIN|[51]|buParent|grc__Business_Unit__c|true|false
11:47:04.040 (5040537842)|VARIABLE_ASSIGNMENT|[51]|buParent|{"s":1,"v":{"Id":"a0258000000wylUAAQ","Name":"child1","grc__Parent_Business (8 more) ...":"a0258000000wylTAAQ"}}|0x346603b7
11:47:04.040 (5040545407)|STATEMENT_EXECUTE|[53]
11:47:04.040 (5040547896)|STATEMENT_EXECUTE|[54]
11:47:04.040 (5040619250)|HEAP_ALLOCATE|[54]|Bytes:-4
11:47:04.040 (5040640040)|VARIABLE_ASSIGNMENT|[54]|this.grc__Parent_Business_Unit__c|"a0258000000wylUAAQ"|0x4666f745
11:47:04.040 (5040646121)|STATEMENT_EXECUTE|[55]
11:47:04.040 (5040675421)|HEAP_ALLOCATE|[EXTERNAL]|Bytes:4
11:47:04.040 (5040701596)|HEAP_ALLOCATE|[47]|Bytes:5
11:47:04.040 (5040716686)|VARIABLE_SCOPE_BEGIN|[47]|child|String|false|false
11:47:04.040 (5040726041)|VARIABLE_ASSIGNMENT|[47]|child|"child21"
11:47:04.040 (5040729951)|STATEMENT_EXECUTE|[47]
11:47:04.040 (5040732333)|STATEMENT_EXECUTE|[48]
11:47:04.040 (5040757711)|VARIABLE_SCOPE_BEGIN|[48]|parent|String|false|false
11:47:04.040 (5040765717)|VARIABLE_ASSIGNMENT|[48]|parent|"child2"
11:47:04.040 (5040769058)|STATEMENT_EXECUTE|[50]
11:47:04.040 (5040794793)|VARIABLE_SCOPE_BEGIN|[50]|buChild|grc__Business_Unit__c|true|false
11:47:04.040 (5040809807)|VARIABLE_ASSIGNMENT|[50]|buChild|{"s":1,"v":{"Id":"a0258000000wylXAAQ","Name":"child21"}}|0x134616
11:47:04.040 (5040814409)|STATEMENT_EXECUTE|[51]
11:47:04.040 (5040841230)|VARIABLE_SCOPE_BEGIN|[51]|buParent|grc__Business_Unit__c|true|false
11:47:04.040 (5040857331)|VARIABLE_ASSIGNMENT|[51]|buParent|{"s":1,"v":{"Id":"a0258000000wylVAAQ","Name":"child2","grc__Parent_Business (8 more) ...":"a0258000000wylTAAQ"}}|0x6eec1cea
11:47:04.040 (5040864097)|STATEMENT_EXECUTE|[53]
11:47:04.040 (5040866519)|STATEMENT_EXECUTE|[54]
11:47:04.040 (5040937203)|HEAP_ALLOCATE|[54]|Bytes:-4
11:47:04.040 (5040957310)|VARIABLE_ASSIGNMENT|[54]|this.grc__Parent_Business_Unit__c|"a0258000000wylVAAQ"|0x134616
11:47:04.040 (5040963452)|STATEMENT_EXECUTE|[55]
11:47:04.040 (5040988153)|HEAP_ALLOCATE|[EXTERNAL]|Bytes:4
11:47:04.041 (5041014402)|HEAP_ALLOCATE|[47]|Bytes:5
11:47:04.041 (5041032841)|VARIABLE_ASSIGNMENT|[47]|child|null
11:47:04.041 (5041037414)|STATEMENT_EXECUTE|[59]
11:47:04.041 (5041046908)|METHOD_EXIT|[61]|01p58000000nl2M|BusinessUnitRelationshipHelper.updateRelationships(Map<String,String>)
11:47:04.041 (5041077399)|VARIABLE_ASSIGNMENT|[61]|results|{"s":1,"v":[{"s":2,"v":{"Id":"a0258000000wylUAAQ","Name":"child1","grc__Parent_Business (8 more) ...":"a0258000000wylTAAQ"}},{"s":3,"v":{"Id":"a0258000000wylVAAQ","Name":"child2","grc__Parent_Business (8 more) ...":"a0258000000wylTAAQ"}},{"s":4,"v":{"Id":"a0258000000wylWAAQ","Name":"child11","grc__Parent_Business (8 more) ...":"a0258000000wylUAAQ"}},{"s":5,"v":{"Id":"a0258000000wylXAAQ","Name":"child21","grc__Parent_Business (8 more) ...":"a0258000000wylVAAQ"}}]}|0x7ffd327
11:47:04.041 (5041085869)|STATEMENT_EXECUTE|[63]
11:47:04.041 (5041158562)|STATEMENT_EXECUTE|[65]
11:47:04.041 (5041271862)|HEAP_ALLOCATE|[67]|Bytes:5
11:47:04.041 (5041290396)|HEAP_ALLOCATE|[67]|Bytes:16
11:47:04.041 (5041299138)|VARIABLE_SCOPE_BEGIN|[67]|bu|grc__Business_Unit__c|true|false
11:47:04.041 (5041316554)|VARIABLE_ASSIGNMENT|[67]|bu|{"s":1,"v":{"Id":"a0258000000wylUAAQ","Name":"child1","grc__Parent_Business (8 more) ...":"a0258000000wylTAAQ"}}|0x346603b7
11:47:04.041 (5041322663)|STATEMENT_EXECUTE|[67]
11:47:04.041 (5041331680)|HEAP_ALLOCATE|[68]|Bytes:6
11:47:04.041 (5041355733)|STATEMENT_EXECUTE|[68]
11:47:04.041 (5041358615)|STATEMENT_EXECUTE|[69]
11:47:04.041 (5041469494)|HEAP_ALLOCATE|[67]|Bytes:5
11:47:04.041 (5041486443)|HEAP_ALLOCATE|[67]|Bytes:16
11:47:04.041 (5041494000)|VARIABLE_SCOPE_BEGIN|[67]|bu|grc__Business_Unit__c|true|false
11:47:04.041 (5041511625)|VARIABLE_ASSIGNMENT|[67]|bu|{"s":1,"v":{"Id":"a0258000000wylVAAQ","Name":"child2","grc__Parent_Business (8 more) ...":"a0258000000wylTAAQ"}}|0x6eec1cea
11:47:04.041 (5041517659)|STATEMENT_EXECUTE|[67]
11:47:04.041 (5041534762)|HEAP_ALLOCATE|[68]|Bytes:6
11:47:04.041 (5041546304)|STATEMENT_EXECUTE|[68]
11:47:04.041 (5041549006)|STATEMENT_EXECUTE|[69]
11:47:04.041 (5041589278)|HEAP_ALLOCATE|[67]|Bytes:5
11:47:04.041 (5041605208)|HEAP_ALLOCATE|[67]|Bytes:16
11:47:04.041 (5041617917)|VARIABLE_SCOPE_BEGIN|[67]|bu|grc__Business_Unit__c|true|false
11:47:04.041 (5041635264)|VARIABLE_ASSIGNMENT|[67]|bu|{"s":1,"v":{"Id":"a0258000000wylWAAQ","Name":"child11","grc__Parent_Business (8 more) ...":"a0258000000wylUAAQ"}}|0x4666f745
11:47:04.041 (5041641638)|STATEMENT_EXECUTE|[67]
11:47:04.041 (5041668000)|HEAP_ALLOCATE|[70]|Bytes:7
11:47:04.041 (5041678900)|STATEMENT_EXECUTE|[70]
11:47:04.041 (5041681479)|STATEMENT_EXECUTE|[71]
11:47:04.041 (5041760539)|HEAP_ALLOCATE|[67]|Bytes:5
11:47:04.041 (5041777569)|HEAP_ALLOCATE|[67]|Bytes:16
11:47:04.041 (5041784969)|VARIABLE_SCOPE_BEGIN|[67]|bu|grc__Business_Unit__c|true|false
11:47:04.041 (5041802216)|VARIABLE_ASSIGNMENT|[67]|bu|{"s":1,"v":{"Id":"a0258000000wylXAAQ","Name":"child21","grc__Parent_Business (8 more) ...":"a0258000000wylVAAQ"}}|0x134616
11:47:04.041 (5041807782)|STATEMENT_EXECUTE|[67]
11:47:04.041 (5041832874)|HEAP_ALLOCATE|[72]|Bytes:7
11:47:04.041 (5041843116)|STATEMENT_EXECUTE|[72]
11:47:04.041 (5041845638)|STATEMENT_EXECUTE|[73]
11:47:04.041 (5041905262)|HEAP_ALLOCATE|[67]|Bytes:5
11:47:04.041 (5041923590)|VARIABLE_ASSIGNMENT|[67]|bu|null|
11:47:04.041 (5041932277)|SYSTEM_MODE_EXIT|false
11:47:04.041 (5041955304)|CUMULATIVE_LIMIT_USAGE
11:47:04.041 (5041955304)|LIMIT_USAGE_FOR_NS|(default)|
  Number of SOQL queries: 3 out of 100
  Number of query rows: 6 out of 50000
  Number of SOSL queries: 0 out of 20
  Number of DML statements: 2 out of 150
  Number of DML rows: 6 out of 10000
  Maximum CPU time: 4 out of 10000
  Maximum heap size: 0 out of 6000000
  Number of callouts: 0 out of 100
  Number of Email Invocations: 0 out of 10
  Number of future calls: 0 out of 50
  Number of queueable jobs added to the queue: 0 out of 50
  Number of Mobile Apex push calls: 0 out of 10

11:47:04.041 (5041955304)|TESTING_LIMITS
11:47:04.041 (5041955304)|LIMIT_USAGE_FOR_NS|(default)|
  Number of SOQL queries: 0 out of 100
  Number of query rows: 0 out of 50000
  Number of SOSL queries: 0 out of 20
  Number of DML statements: 0 out of 150
  Number of DML rows: 0 out of 10000
  Maximum CPU time: 2 out of 10000
  Maximum heap size: 0 out of 6000000
  Number of callouts: 0 out of 100
  Number of Email Invocations: 0 out of 10
  Number of future calls: 0 out of 50
  Number of queueable jobs added to the queue: 0 out of 50
  Number of Mobile Apex push calls: 0 out of 10

11:47:04.041 (5041955304)|LIMIT_USAGE_FOR_NS|Risk|
  Number of SOQL queries: 3 out of 100
  Number of query rows: 0 out of 50000
  Number of SOSL queries: 0 out of 20
  Number of DML statements: 0 out of 150
  Number of DML rows: 0 out of 10000
  Maximum CPU time: 0 out of 10000
  Maximum heap size: 0 out of 6000000
  Number of callouts: 0 out of 100
  Number of Email Invocations: 0 out of 10
  Number of future calls: 0 out of 50
  Number of queueable jobs added to the queue: 0 out of 50
  Number of Mobile Apex push calls: 0 out of 10

11:47:04.041 (5041955304)|CUMULATIVE_LIMIT_USAGE_END

11:47:04.042 (5042043718)|CODE_UNIT_FINISHED|BusinessUnitRelationshipHelperTest.testUpdateRelationships
11:47:04.043 (5043420852)|EXECUTION_FINISHED
