35.0 APEX_CODE,FINEST;APEX_PROFILING,INFO;CALLOUT,INFO;DB,INFO;SYSTEM,DEBUG;VALIDATION,INFO;VISUALFORCE,INFO;WORKFLOW,INFO
Execute Anonymous: SObjectData d = new SObjectData('Test_objects__c');
Execute Anonymous: Map<String, String> x = new Map<String, String>();
Execute Anonymous: x.put('Name', 'x');
Execute Anonymous: 
Execute Anonymous: SObjectData d1 = new SObjectData('Test_objects__c');
Execute Anonymous: d1.setParent(d);
Execute Anonymous: 
Execute Anonymous: d.addChild(d1);
Execute Anonymous: 
Execute Anonymous: ScoringSchemeHelper h = new ScoringSchemeHelper();
Execute Anonymous: h.createSObjects(new List<SObjectData> { d} );
14:15:26.050 (50247240)|EXECUTION_STARTED
14:15:26.050 (50259556)|CODE_UNIT_STARTED|[EXTERNAL]|execute_anonymous_apex
14:15:26.051 (51618660)|VARIABLE_SCOPE_BEGIN|[1]|d|SObjectData|true|false
14:15:26.051 (51632603)|VARIABLE_SCOPE_BEGIN|[5]|d1|SObjectData|true|false
14:15:26.053 (53540804)|VARIABLE_SCOPE_BEGIN|[10]|h|ScoringSchemeHelper|true|false
14:15:26.053 (53557872)|VARIABLE_SCOPE_BEGIN|[2]|x|Map<String,String>|true|false
14:15:26.053 (53722270)|HEAP_ALLOCATE|[72]|Bytes:3
14:15:26.053 (53782299)|HEAP_ALLOCATE|[77]|Bytes:152
14:15:26.053 (53803694)|HEAP_ALLOCATE|[342]|Bytes:408
14:15:26.053 (53830078)|HEAP_ALLOCATE|[355]|Bytes:408
14:15:26.053 (53852879)|HEAP_ALLOCATE|[467]|Bytes:48
14:15:26.053 (53895282)|HEAP_ALLOCATE|[139]|Bytes:6
14:15:26.053 (53927001)|HEAP_ALLOCATE|[EXTERNAL]|Bytes:17
14:15:26.053 (53973873)|STATEMENT_EXECUTE|[1]
14:15:26.053 (53979575)|STATEMENT_EXECUTE|[1]
14:15:26.053 (53987143)|HEAP_ALLOCATE|[1]|Bytes:34
14:15:26.054 (54030511)|METHOD_ENTRY|[1]|01p58000000n6Fr|SObjectData.SObjectData()
14:15:26.054 (54036660)|STATEMENT_EXECUTE|[1]
14:15:26.054 (54040514)|STATEMENT_EXECUTE|[1]
14:15:26.054 (54082027)|HEAP_ALLOCATE|[50]|Bytes:5
14:15:26.054 (54109115)|HEAP_ALLOCATE|[56]|Bytes:5
14:15:26.054 (54120051)|HEAP_ALLOCATE|[64]|Bytes:7
14:15:26.054 (54144412)|SYSTEM_MODE_ENTER|false
14:15:26.054 (54165640)|HEAP_ALLOCATE|[1]|Bytes:5
14:15:26.054 (54173793)|SYSTEM_MODE_EXIT|false
14:15:26.054 (54185469)|METHOD_EXIT|[1]|SObjectData
14:15:26.054 (54275410)|HEAP_ALLOCATE|[1]|Bytes:20
14:15:26.054 (54283511)|HEAP_ALLOCATE|[1]|Bytes:15
14:15:26.054 (54310143)|SYSTEM_MODE_ENTER|false
14:15:26.054 (54329316)|HEAP_ALLOCATE|[1]|Bytes:5
14:15:26.054 (54354748)|CONSTRUCTOR_ENTRY|[1]|01p58000000n6Fr|<init>(String)
14:15:26.054 (54392854)|VARIABLE_SCOPE_BEGIN|[7]|this|SObjectData|true|false
14:15:26.054 (54451390)|VARIABLE_ASSIGNMENT|[7]|this|{}|0x7464c77e
14:15:26.054 (54458186)|VARIABLE_SCOPE_BEGIN|[7]|sobjectType|String|false|false
14:15:26.054 (54469627)|VARIABLE_ASSIGNMENT|[7]|sobjectType|"Test_objects__c"
14:15:26.054 (54481110)|HEAP_ALLOCATE|[2]|Bytes:5
14:15:26.054 (54486295)|STATEMENT_EXECUTE|[1]
14:15:26.054 (54489894)|HEAP_ALLOCATE|[2]|Bytes:5
14:15:26.054 (54492855)|STATEMENT_EXECUTE|[2]
14:15:26.054 (54501131)|HEAP_ALLOCATE|[2]|Bytes:4
14:15:26.054 (54551703)|VARIABLE_ASSIGNMENT|[2]|this.fieldMap|{"s":1,"v":{}}|0x7464c77e
14:15:26.054 (54557320)|STATEMENT_EXECUTE|[3]
14:15:26.054 (54559682)|STATEMENT_EXECUTE|[4]
14:15:26.054 (54561546)|STATEMENT_EXECUTE|[5]
14:15:26.054 (54576701)|HEAP_ALLOCATE|[2]|Bytes:6
14:15:26.054 (54594785)|VARIABLE_SCOPE_BEGIN|[2]|this|System.ApexBaseClass|true|false
14:15:26.054 (54624308)|VARIABLE_ASSIGNMENT|[2]|this|{"fieldMap":"0x5b917b04"}|0x7464c77e
14:15:26.054 (54635987)|STATEMENT_EXECUTE|[7]
14:15:26.054 (54638536)|STATEMENT_EXECUTE|[8]
14:15:26.054 (54651341)|VARIABLE_ASSIGNMENT|[8]|this.sObjectType|"Test_objects__c"|0x7464c77e
14:15:26.054 (54668106)|CONSTRUCTOR_EXIT|[1]|01p58000000n6Fr|<init>(String)
14:15:26.054 (54674907)|SYSTEM_MODE_EXIT|false
14:15:26.054 (54716349)|VARIABLE_ASSIGNMENT|[1]|d|{"fieldMap":"0x5b917b04","sObjectType":"Test_objects__c"}|0x7464c77e
14:15:26.054 (54723008)|STATEMENT_EXECUTE|[2]
14:15:26.054 (54728527)|HEAP_ALLOCATE|[2]|Bytes:4
14:15:26.054 (54759250)|VARIABLE_ASSIGNMENT|[2]|x|{"s":1,"v":{}}|0x55229bae
14:15:26.054 (54765065)|STATEMENT_EXECUTE|[3]
14:15:26.054 (54775218)|HEAP_ALLOCATE|[3]|Bytes:4
14:15:26.054 (54779390)|HEAP_ALLOCATE|[3]|Bytes:1
14:15:26.054 (54852308)|HEAP_ALLOCATE|[EXTERNAL]|Bytes:-4
14:15:26.054 (54875003)|STATEMENT_EXECUTE|[5]
14:15:26.054 (54881335)|HEAP_ALLOCATE|[5]|Bytes:20
14:15:26.054 (54905798)|SYSTEM_MODE_ENTER|false
14:15:26.054 (54922409)|HEAP_ALLOCATE|[5]|Bytes:5
14:15:26.054 (54937170)|CONSTRUCTOR_ENTRY|[5]|01p58000000n6Fr|<init>(String)
14:15:26.054 (54956455)|VARIABLE_SCOPE_BEGIN|[7]|this|SObjectData|true|false
14:15:26.054 (54978307)|VARIABLE_ASSIGNMENT|[7]|this|{}|0x4912fe96
14:15:26.054 (54984510)|VARIABLE_SCOPE_BEGIN|[7]|sobjectType|String|false|false
14:15:26.054 (54992054)|VARIABLE_ASSIGNMENT|[7]|sobjectType|"Test_objects__c"
14:15:26.055 (55000346)|HEAP_ALLOCATE|[2]|Bytes:5
14:15:26.055 (55005806)|STATEMENT_EXECUTE|[1]
14:15:26.055 (55009187)|HEAP_ALLOCATE|[2]|Bytes:5
14:15:26.055 (55012039)|STATEMENT_EXECUTE|[2]
14:15:26.055 (55016382)|HEAP_ALLOCATE|[2]|Bytes:4
14:15:26.055 (55042408)|VARIABLE_ASSIGNMENT|[2]|this.fieldMap|{"s":1,"v":{}}|0x4912fe96
14:15:26.055 (55047588)|STATEMENT_EXECUTE|[3]
14:15:26.055 (55049842)|STATEMENT_EXECUTE|[4]
14:15:26.055 (55051629)|STATEMENT_EXECUTE|[5]
14:15:26.055 (55059588)|VARIABLE_SCOPE_BEGIN|[2]|this|System.ApexBaseClass|true|false
14:15:26.055 (55087408)|VARIABLE_ASSIGNMENT|[2]|this|{"fieldMap":"0x198be5eb"}|0x4912fe96
14:15:26.055 (55097969)|STATEMENT_EXECUTE|[7]
14:15:26.055 (55100327)|STATEMENT_EXECUTE|[8]
14:15:26.055 (55110581)|VARIABLE_ASSIGNMENT|[8]|this.sObjectType|"Test_objects__c"|0x4912fe96
14:15:26.055 (55127459)|CONSTRUCTOR_EXIT|[5]|01p58000000n6Fr|<init>(String)
14:15:26.055 (55134449)|SYSTEM_MODE_EXIT|false
14:15:26.055 (55173615)|VARIABLE_ASSIGNMENT|[5]|d1|{"fieldMap":"0x198be5eb","sObjectType":"Test_objects__c"}|0x4912fe96
14:15:26.055 (55180621)|STATEMENT_EXECUTE|[6]
14:15:26.055 (55208033)|SYSTEM_MODE_ENTER|false
14:15:26.055 (55223979)|HEAP_ALLOCATE|[6]|Bytes:5
14:15:26.055 (55265592)|METHOD_ENTRY|[6]|01p58000000n6Fr|SObjectData.setParent(SObjectData)
14:15:26.055 (55292389)|VARIABLE_SCOPE_BEGIN|[27]|this|SObjectData|true|false
14:15:26.055 (55323228)|VARIABLE_ASSIGNMENT|[27]|this|{"fieldMap":"0x198be5eb","sObjectType":"Test_objects__c"}|0x4912fe96
14:15:26.055 (55330027)|VARIABLE_SCOPE_BEGIN|[27]|o|SObjectData|true|false
14:15:26.055 (55351192)|VARIABLE_ASSIGNMENT|[27]|o|{"fieldMap":"0x5b917b04","sObjectType":"Test_objects__c"}|0x7464c77e
14:15:26.055 (55367249)|HEAP_ALLOCATE|[28]|Bytes:5
14:15:26.055 (55373723)|STATEMENT_EXECUTE|[27]
14:15:26.055 (55376157)|STATEMENT_EXECUTE|[28]
14:15:26.055 (55384460)|VARIABLE_ASSIGNMENT|[28]|this.parent|0x7464c77e|0x4912fe96
14:15:26.055 (55394274)|METHOD_EXIT|[6]|01p58000000n6Fr|SObjectData.setParent(SObjectData)
14:15:26.055 (55399711)|SYSTEM_MODE_EXIT|false
14:15:26.055 (55404047)|STATEMENT_EXECUTE|[8]
14:15:26.055 (55429912)|SYSTEM_MODE_ENTER|false
14:15:26.055 (55445465)|HEAP_ALLOCATE|[8]|Bytes:5
14:15:26.055 (55469607)|METHOD_ENTRY|[8]|01p58000000n6Fr|SObjectData.addChild(SObjectData)
14:15:26.055 (55495089)|VARIABLE_SCOPE_BEGIN|[37]|this|SObjectData|true|false
14:15:26.055 (55523307)|VARIABLE_ASSIGNMENT|[37]|this|{"fieldMap":"0x5b917b04","sObjectType":"Test_objects__c"}|0x7464c77e
14:15:26.055 (55529273)|VARIABLE_SCOPE_BEGIN|[37]|o|SObjectData|true|false
14:15:26.055 (55550172)|VARIABLE_ASSIGNMENT|[37]|o|{"fieldMap":"0x198be5eb","parent":"0x7464c77e","sObjectType":"Test_objects__c"}|0x4912fe96
14:15:26.055 (55563331)|HEAP_ALLOCATE|[38]|Bytes:5
14:15:26.055 (55569135)|STATEMENT_EXECUTE|[37]
14:15:26.055 (55575619)|STATEMENT_EXECUTE|[38]
14:15:26.055 (55577568)|STATEMENT_EXECUTE|[39]
14:15:26.055 (55584781)|HEAP_ALLOCATE|[39]|Bytes:4
14:15:26.055 (55741839)|HEAP_ALLOCATE|[EXTERNAL]|Bytes:4
14:15:26.055 (55763082)|VARIABLE_ASSIGNMENT|[39]|this.children|{"s":1,"v":[]}|0x7464c77e
14:15:26.055 (55768291)|STATEMENT_EXECUTE|[41]
14:15:26.055 (55828421)|HEAP_ALLOCATE|[EXTERNAL]|Bytes:4
14:15:26.055 (55853584)|METHOD_EXIT|[8]|01p58000000n6Fr|SObjectData.addChild(SObjectData)
14:15:26.055 (55861515)|SYSTEM_MODE_EXIT|false
14:15:26.055 (55866955)|STATEMENT_EXECUTE|[10]
14:15:26.055 (55873834)|HEAP_ALLOCATE|[10]|Bytes:22
14:15:26.055 (55894451)|METHOD_ENTRY|[1]|01p58000000n2RS|ScoringSchemeHelper.ScoringSchemeHelper()
14:15:26.055 (55899032)|STATEMENT_EXECUTE|[1]
14:15:26.055 (55902627)|STATEMENT_EXECUTE|[1]
14:15:26.055 (55907123)|SYSTEM_MODE_ENTER|false
14:15:26.055 (55912044)|HEAP_ALLOCATE|[10]|Bytes:5
14:15:26.055 (55916839)|SYSTEM_MODE_EXIT|false
14:15:26.055 (55925174)|METHOD_EXIT|[1]|ScoringSchemeHelper
14:15:26.055 (55942831)|HEAP_ALLOCATE|[10]|Bytes:8
14:15:26.055 (55967816)|SYSTEM_MODE_ENTER|false
14:15:26.055 (55985750)|HEAP_ALLOCATE|[10]|Bytes:5
14:15:26.056 (56007341)|CONSTRUCTOR_ENTRY|[10]|01p58000000n2RS|<init>()
14:15:26.056 (56035313)|VARIABLE_SCOPE_BEGIN|[1]|this|ScoringSchemeHelper|true|false
14:15:26.056 (56060262)|VARIABLE_ASSIGNMENT|[1]|this|{}|0x1b655ee7
14:15:26.056 (56069099)|HEAP_ALLOCATE|[3]|Bytes:5
14:15:26.056 (56077195)|VARIABLE_SCOPE_BEGIN|[2]|this|System.ApexBaseClass|true|false
14:15:26.056 (56091992)|VARIABLE_ASSIGNMENT|[2]|this|{}|0x1b655ee7
14:15:26.056 (56102784)|STATEMENT_EXECUTE|[1]
14:15:26.056 (56107846)|HEAP_ALLOCATE|[3]|Bytes:5
14:15:26.056 (56111161)|STATEMENT_EXECUTE|[3]
14:15:26.056 (56115962)|HEAP_ALLOCATE|[3]|Bytes:4
14:15:26.056 (56149988)|VARIABLE_ASSIGNMENT|[3]|this.childrenMap|{"s":1,"v":{}}|0x1b655ee7
14:15:26.056 (56167578)|CONSTRUCTOR_EXIT|[10]|01p58000000n2RS|<init>()
14:15:26.056 (56172711)|SYSTEM_MODE_EXIT|false
14:15:26.056 (56207444)|VARIABLE_ASSIGNMENT|[10]|h|{"childrenMap":"0x5eb6d2b4"}|0x1b655ee7
14:15:26.056 (56213914)|STATEMENT_EXECUTE|[11]
14:15:26.056 (56222625)|HEAP_ALLOCATE|[11]|Bytes:4
14:15:26.056 (56274193)|SYSTEM_MODE_ENTER|false
14:15:26.056 (56290484)|HEAP_ALLOCATE|[11]|Bytes:5
14:15:26.056 (56323057)|METHOD_ENTRY|[11]|01p58000000n2RS|ScoringSchemeHelper.createSObjects(List<SObjectData>)
14:15:26.056 (56331652)|VARIABLE_SCOPE_BEGIN|[5]|this|ScoringSchemeHelper|true|false
14:15:26.056 (56357229)|VARIABLE_ASSIGNMENT|[5]|this|{"childrenMap":"0x5eb6d2b4"}|0x1b655ee7
14:15:26.056 (56363775)|VARIABLE_SCOPE_BEGIN|[5]|dataList|List<SObjectData>|true|false
14:15:26.056 (56374892)|HEAP_ALLOCATE|[EXTERNAL]|Bytes:8
14:15:26.056 (56405196)|VARIABLE_ASSIGNMENT|[5]|dataList|{"s":1,"v":[{"children":"0x6ac08908","fieldMap":"0x5b917b04","sObjectType":"Test_objects__c"}]}|0x5b671874
14:15:26.056 (56418393)|HEAP_ALLOCATE|[6]|Bytes:5
14:15:26.056 (56423163)|STATEMENT_EXECUTE|[5]
14:15:26.056 (56425455)|STATEMENT_EXECUTE|[6]
14:15:26.056 (56447540)|METHOD_ENTRY|[6]|01p58000000n2RS|ScoringSchemeHelper.createRoot(List<SObjectData>)
14:15:26.056 (56505566)|VARIABLE_SCOPE_BEGIN|[55]|this|ScoringSchemeHelper|true|false
14:15:26.056 (56532289)|VARIABLE_ASSIGNMENT|[55]|this|{"childrenMap":"0x5eb6d2b4"}|0x1b655ee7
14:15:26.056 (56538847)|VARIABLE_SCOPE_BEGIN|[55]|dataList|List<SObjectData>|true|false
14:15:26.056 (56565486)|VARIABLE_ASSIGNMENT|[55]|dataList|{"s":1,"v":[{"children":"0x6ac08908","fieldMap":"0x5b917b04","sObjectType":"Test_objects__c"}]}|0x5b671874
14:15:26.056 (56578176)|HEAP_ALLOCATE|[56]|Bytes:5
14:15:26.056 (56582949)|STATEMENT_EXECUTE|[55]
14:15:26.056 (56585214)|STATEMENT_EXECUTE|[56]
14:15:26.056 (56589848)|HEAP_ALLOCATE|[56]|Bytes:4
14:15:26.056 (56601186)|VARIABLE_SCOPE_BEGIN|[56]|rootObjects|Map<String,SObject>|true|false
14:15:26.056 (56622610)|VARIABLE_ASSIGNMENT|[56]|rootObjects|{"s":1,"v":{}}|0x59d68c69
14:15:26.056 (56883498)|HEAP_ALLOCATE|[57]|Bytes:5
14:15:26.056 (56905602)|HEAP_ALLOCATE|[57]|Bytes:20
14:15:26.056 (56917090)|VARIABLE_SCOPE_BEGIN|[57]|obj|SObjectData|true|false
14:15:26.056 (56948624)|VARIABLE_ASSIGNMENT|[57]|obj|{"children":"0x6ac08908","fieldMap":"0x5b917b04","sObjectType":"Test_objects__c"}|0x7464c77e
14:15:26.056 (56956521)|STATEMENT_EXECUTE|[57]
14:15:26.056 (56958815)|STATEMENT_EXECUTE|[58]
14:15:26.056 (56978263)|METHOD_ENTRY|[58]|01p58000000n2RS|ScoringSchemeHelper.generateRandomString(Integer)
14:15:26.057 (57006047)|HEAP_ALLOCATE|[80]|Bytes:4
14:15:26.057 (57020516)|VARIABLE_SCOPE_BEGIN|[79]|len|Integer|false|false
14:15:26.057 (57029174)|VARIABLE_ASSIGNMENT|[79]|len|18
14:15:26.057 (57038866)|HEAP_ALLOCATE|[80]|Bytes:5
14:15:26.057 (57043100)|STATEMENT_EXECUTE|[79]
14:15:26.057 (57045228)|STATEMENT_EXECUTE|[80]
14:15:26.057 (57048610)|HEAP_ALLOCATE|[80]|Bytes:62
14:15:26.057 (57053339)|VARIABLE_SCOPE_BEGIN|[80]|chars|String|false|false
14:15:26.057 (57063597)|VARIABLE_ASSIGNMENT|[80]|chars|"ABCDEFGHIJKLMNOPQRST (42 more) ..."
14:15:26.057 (57066922)|STATEMENT_EXECUTE|[81]
14:15:26.057 (57070901)|VARIABLE_SCOPE_BEGIN|[81]|randStr|String|false|false
14:15:26.057 (57076417)|VARIABLE_ASSIGNMENT|[81]|randStr|""
14:15:26.057 (57160517)|STATEMENT_EXECUTE|[82]
14:15:26.057 (57163941)|STATEMENT_EXECUTE|[83]
14:15:26.057 (57369711)|VARIABLE_SCOPE_BEGIN|[2]|Math.E|Double|false|true
14:15:26.057 (57377193)|VARIABLE_SCOPE_BEGIN|[3]|Math.PI|Double|false|true
14:15:26.057 (57653349)|VARIABLE_SCOPE_BEGIN|[83]|idx|Integer|false|false
14:15:26.057 (57659050)|HEAP_ALLOCATE|[83]|Bytes:4
14:15:26.057 (57668307)|VARIABLE_ASSIGNMENT|[83]|idx|61
14:15:26.057 (57671893)|STATEMENT_EXECUTE|[84]
14:15:26.057 (57724983)|HEAP_ALLOCATE|[84]|Bytes:1
14:15:26.057 (57758184)|HEAP_ALLOCATE|[84]|Bytes:1
14:15:26.057 (57769738)|VARIABLE_ASSIGNMENT|[84]|randStr|"z"
14:15:26.057 (57802325)|STATEMENT_EXECUTE|[82]
14:15:26.057 (57805193)|STATEMENT_EXECUTE|[83]
14:15:26.057 (57924136)|VARIABLE_SCOPE_BEGIN|[83]|idx|Integer|false|false
14:15:26.057 (57928854)|HEAP_ALLOCATE|[83]|Bytes:4
14:15:26.057 (57937452)|VARIABLE_ASSIGNMENT|[83]|idx|55
14:15:26.057 (57940812)|STATEMENT_EXECUTE|[84]
14:15:26.057 (57971625)|HEAP_ALLOCATE|[84]|Bytes:1
14:15:26.058 (58000329)|HEAP_ALLOCATE|[84]|Bytes:2
14:15:26.058 (58011886)|VARIABLE_ASSIGNMENT|[84]|randStr|"zt"
14:15:26.058 (58042708)|STATEMENT_EXECUTE|[82]
14:15:26.058 (58045663)|STATEMENT_EXECUTE|[83]
14:15:26.058 (58152040)|VARIABLE_SCOPE_BEGIN|[83]|idx|Integer|false|false
14:15:26.058 (58156755)|HEAP_ALLOCATE|[83]|Bytes:4
14:15:26.058 (58164990)|VARIABLE_ASSIGNMENT|[83]|idx|20
14:15:26.058 (58168256)|STATEMENT_EXECUTE|[84]
14:15:26.058 (58198050)|HEAP_ALLOCATE|[84]|Bytes:1
14:15:26.058 (58222362)|HEAP_ALLOCATE|[84]|Bytes:3
14:15:26.058 (58232448)|VARIABLE_ASSIGNMENT|[84]|randStr|"ztU"
14:15:26.058 (58262828)|STATEMENT_EXECUTE|[82]
14:15:26.058 (58265746)|STATEMENT_EXECUTE|[83]
14:15:26.058 (58370742)|VARIABLE_SCOPE_BEGIN|[83]|idx|Integer|false|false
14:15:26.058 (58375269)|HEAP_ALLOCATE|[83]|Bytes:4
14:15:26.058 (58383477)|VARIABLE_ASSIGNMENT|[83]|idx|54
14:15:26.058 (58386690)|STATEMENT_EXECUTE|[84]
14:15:26.058 (58416416)|HEAP_ALLOCATE|[84]|Bytes:1
14:15:26.058 (58440427)|HEAP_ALLOCATE|[84]|Bytes:4
14:15:26.058 (58450646)|VARIABLE_ASSIGNMENT|[84]|randStr|"ztUs"
14:15:26.058 (58480843)|STATEMENT_EXECUTE|[82]
14:15:26.058 (58483540)|STATEMENT_EXECUTE|[83]
14:15:26.058 (58597659)|VARIABLE_SCOPE_BEGIN|[83]|idx|Integer|false|false
14:15:26.058 (58602616)|HEAP_ALLOCATE|[83]|Bytes:4
14:15:26.058 (58610883)|VARIABLE_ASSIGNMENT|[83]|idx|34
14:15:26.058 (58614347)|STATEMENT_EXECUTE|[84]
14:15:26.058 (58643835)|HEAP_ALLOCATE|[84]|Bytes:1
14:15:26.058 (58667851)|HEAP_ALLOCATE|[84]|Bytes:5
14:15:26.058 (58678153)|VARIABLE_ASSIGNMENT|[84]|randStr|"ztUs8"
14:15:26.058 (58708284)|STATEMENT_EXECUTE|[82]
14:15:26.058 (58711170)|STATEMENT_EXECUTE|[83]
14:15:26.058 (58816397)|VARIABLE_SCOPE_BEGIN|[83]|idx|Integer|false|false
14:15:26.058 (58824799)|HEAP_ALLOCATE|[83]|Bytes:4
14:15:26.058 (58833443)|VARIABLE_ASSIGNMENT|[83]|idx|32
14:15:26.058 (58836744)|STATEMENT_EXECUTE|[84]
14:15:26.058 (58867347)|HEAP_ALLOCATE|[84]|Bytes:1
14:15:26.058 (58891746)|HEAP_ALLOCATE|[84]|Bytes:6
14:15:26.058 (58902085)|VARIABLE_ASSIGNMENT|[84]|randStr|"ztUs86"
14:15:26.058 (58932206)|STATEMENT_EXECUTE|[82]
14:15:26.058 (58935024)|STATEMENT_EXECUTE|[83]
14:15:26.059 (59047058)|VARIABLE_SCOPE_BEGIN|[83]|idx|Integer|false|false
14:15:26.059 (59052864)|HEAP_ALLOCATE|[83]|Bytes:4
14:15:26.059 (59061210)|VARIABLE_ASSIGNMENT|[83]|idx|5
14:15:26.059 (59064522)|STATEMENT_EXECUTE|[84]
14:15:26.059 (59094436)|HEAP_ALLOCATE|[84]|Bytes:1
14:15:26.059 (59118467)|HEAP_ALLOCATE|[84]|Bytes:7
14:15:26.059 (59128889)|VARIABLE_ASSIGNMENT|[84]|randStr|"ztUs86F"
14:15:26.059 (59158804)|STATEMENT_EXECUTE|[82]
14:15:26.059 (59161659)|STATEMENT_EXECUTE|[83]
14:15:26.059 (59265858)|VARIABLE_SCOPE_BEGIN|[83]|idx|Integer|false|false
14:15:26.059 (59270431)|HEAP_ALLOCATE|[83]|Bytes:4
14:15:26.059 (59278677)|VARIABLE_ASSIGNMENT|[83]|idx|11
14:15:26.059 (59281883)|STATEMENT_EXECUTE|[84]
14:15:26.059 (59311599)|HEAP_ALLOCATE|[84]|Bytes:1
14:15:26.059 (59335539)|HEAP_ALLOCATE|[84]|Bytes:8
14:15:26.059 (59345675)|VARIABLE_ASSIGNMENT|[84]|randStr|"ztUs86FL"
14:15:26.059 (59375809)|STATEMENT_EXECUTE|[82]
14:15:26.059 (59378695)|STATEMENT_EXECUTE|[83]
14:15:26.059 (59481168)|VARIABLE_SCOPE_BEGIN|[83]|idx|Integer|false|false
14:15:26.059 (59485557)|HEAP_ALLOCATE|[83]|Bytes:4
14:15:26.059 (59494376)|VARIABLE_ASSIGNMENT|[83]|idx|21
14:15:26.059 (59497649)|STATEMENT_EXECUTE|[84]
14:15:26.059 (59527384)|HEAP_ALLOCATE|[84]|Bytes:1
14:15:26.059 (59551438)|HEAP_ALLOCATE|[84]|Bytes:9
14:15:26.059 (59561839)|VARIABLE_ASSIGNMENT|[84]|randStr|"ztUs86FLV"
14:15:26.059 (59592168)|STATEMENT_EXECUTE|[82]
14:15:26.059 (59595002)|STATEMENT_EXECUTE|[83]
14:15:26.059 (59698127)|VARIABLE_SCOPE_BEGIN|[83]|idx|Integer|false|false
14:15:26.059 (59702699)|HEAP_ALLOCATE|[83]|Bytes:4
14:15:26.059 (59710916)|VARIABLE_ASSIGNMENT|[83]|idx|27
14:15:26.059 (59714175)|STATEMENT_EXECUTE|[84]
14:15:26.059 (59743487)|HEAP_ALLOCATE|[84]|Bytes:1
14:15:26.059 (59767517)|HEAP_ALLOCATE|[84]|Bytes:10
14:15:26.059 (59777961)|VARIABLE_ASSIGNMENT|[84]|randStr|"ztUs86FLV1"
14:15:26.059 (59808289)|STATEMENT_EXECUTE|[82]
14:15:26.059 (59811164)|STATEMENT_EXECUTE|[83]
14:15:26.059 (59918471)|VARIABLE_SCOPE_BEGIN|[83]|idx|Integer|false|false
14:15:26.059 (59922992)|HEAP_ALLOCATE|[83]|Bytes:4
14:15:26.059 (59931077)|VARIABLE_ASSIGNMENT|[83]|idx|8
14:15:26.059 (59934626)|STATEMENT_EXECUTE|[84]
14:15:26.059 (59964422)|HEAP_ALLOCATE|[84]|Bytes:1
14:15:26.059 (59992177)|HEAP_ALLOCATE|[84]|Bytes:11
14:15:26.060 (60002960)|VARIABLE_ASSIGNMENT|[84]|randStr|"ztUs86FLV1I"
14:15:26.060 (60034074)|STATEMENT_EXECUTE|[82]
14:15:26.060 (60037025)|STATEMENT_EXECUTE|[83]
14:15:26.060 (60142806)|VARIABLE_SCOPE_BEGIN|[83]|idx|Integer|false|false
14:15:26.060 (60147334)|HEAP_ALLOCATE|[83]|Bytes:4
14:15:26.060 (60155469)|VARIABLE_ASSIGNMENT|[83]|idx|57
14:15:26.060 (60158759)|STATEMENT_EXECUTE|[84]
14:15:26.060 (60188283)|HEAP_ALLOCATE|[84]|Bytes:1
14:15:26.060 (60212185)|HEAP_ALLOCATE|[84]|Bytes:12
14:15:26.060 (60222420)|VARIABLE_ASSIGNMENT|[84]|randStr|"ztUs86FLV1Iv"
14:15:26.060 (60252371)|STATEMENT_EXECUTE|[82]
14:15:26.060 (60255275)|STATEMENT_EXECUTE|[83]
14:15:26.060 (60367439)|VARIABLE_SCOPE_BEGIN|[83]|idx|Integer|false|false
14:15:26.060 (60371967)|HEAP_ALLOCATE|[83]|Bytes:4
14:15:26.060 (60380230)|VARIABLE_ASSIGNMENT|[83]|idx|19
14:15:26.060 (60383840)|STATEMENT_EXECUTE|[84]
14:15:26.060 (60413628)|HEAP_ALLOCATE|[84]|Bytes:1
14:15:26.060 (60437956)|HEAP_ALLOCATE|[84]|Bytes:13
14:15:26.060 (60448267)|VARIABLE_ASSIGNMENT|[84]|randStr|"ztUs86FLV1IvT"
14:15:26.060 (60479815)|STATEMENT_EXECUTE|[82]
14:15:26.060 (60483833)|STATEMENT_EXECUTE|[83]
14:15:26.060 (60592614)|VARIABLE_SCOPE_BEGIN|[83]|idx|Integer|false|false
14:15:26.060 (60597076)|HEAP_ALLOCATE|[83]|Bytes:4
14:15:26.060 (60605291)|VARIABLE_ASSIGNMENT|[83]|idx|18
14:15:26.060 (60608553)|STATEMENT_EXECUTE|[84]
14:15:26.060 (60638262)|HEAP_ALLOCATE|[84]|Bytes:1
14:15:26.060 (60662654)|HEAP_ALLOCATE|[84]|Bytes:14
14:15:26.060 (60672929)|VARIABLE_ASSIGNMENT|[84]|randStr|"ztUs86FLV1IvTS"
14:15:26.060 (60702901)|STATEMENT_EXECUTE|[82]
14:15:26.060 (60705744)|STATEMENT_EXECUTE|[83]
14:15:26.060 (60809047)|VARIABLE_SCOPE_BEGIN|[83]|idx|Integer|false|false
14:15:26.060 (60813445)|HEAP_ALLOCATE|[83]|Bytes:4
14:15:26.060 (60825422)|VARIABLE_ASSIGNMENT|[83]|idx|54
14:15:26.060 (60828827)|STATEMENT_EXECUTE|[84]
14:15:26.060 (60859552)|HEAP_ALLOCATE|[84]|Bytes:1
14:15:26.060 (60883855)|HEAP_ALLOCATE|[84]|Bytes:15
14:15:26.060 (60894131)|VARIABLE_ASSIGNMENT|[84]|randStr|"ztUs86FLV1IvTSs"
14:15:26.060 (60924620)|STATEMENT_EXECUTE|[82]
14:15:26.060 (60927602)|STATEMENT_EXECUTE|[83]
14:15:26.061 (61040565)|VARIABLE_SCOPE_BEGIN|[83]|idx|Integer|false|false
14:15:26.061 (61045777)|HEAP_ALLOCATE|[83]|Bytes:4
14:15:26.061 (61054325)|VARIABLE_ASSIGNMENT|[83]|idx|36
14:15:26.061 (61057717)|STATEMENT_EXECUTE|[84]
14:15:26.061 (61087820)|HEAP_ALLOCATE|[84]|Bytes:1
14:15:26.061 (61112205)|HEAP_ALLOCATE|[84]|Bytes:16
14:15:26.061 (61122630)|VARIABLE_ASSIGNMENT|[84]|randStr|"ztUs86FLV1IvTSsa"
14:15:26.061 (61153127)|STATEMENT_EXECUTE|[82]
14:15:26.061 (61155926)|STATEMENT_EXECUTE|[83]
14:15:26.061 (61265947)|VARIABLE_SCOPE_BEGIN|[83]|idx|Integer|false|false
14:15:26.061 (61270439)|HEAP_ALLOCATE|[83]|Bytes:4
14:15:26.061 (61278603)|VARIABLE_ASSIGNMENT|[83]|idx|18
14:15:26.061 (61281793)|STATEMENT_EXECUTE|[84]
14:15:26.061 (61311704)|HEAP_ALLOCATE|[84]|Bytes:1
14:15:26.061 (61335379)|HEAP_ALLOCATE|[84]|Bytes:17
14:15:26.061 (61345722)|VARIABLE_ASSIGNMENT|[84]|randStr|"ztUs86FLV1IvTSsaS"
14:15:26.061 (61375956)|STATEMENT_EXECUTE|[82]
14:15:26.061 (61379036)|STATEMENT_EXECUTE|[83]
14:15:26.061 (61485849)|VARIABLE_SCOPE_BEGIN|[83]|idx|Integer|false|false
14:15:26.061 (61490390)|HEAP_ALLOCATE|[83]|Bytes:4
14:15:26.061 (61502133)|VARIABLE_ASSIGNMENT|[83]|idx|23
14:15:26.061 (61508517)|STATEMENT_EXECUTE|[84]
14:15:26.061 (61553619)|HEAP_ALLOCATE|[84]|Bytes:1
14:15:26.061 (61580205)|HEAP_ALLOCATE|[84]|Bytes:18
14:15:26.061 (61591503)|VARIABLE_ASSIGNMENT|[84]|randStr|"ztUs86FLV1IvTSsaSX"
14:15:26.061 (61623054)|STATEMENT_EXECUTE|[86]
14:15:26.061 (61632038)|METHOD_EXIT|[58]|01p58000000n2RS|ScoringSchemeHelper.generateRandomString(Integer)
14:15:26.061 (61637757)|VARIABLE_SCOPE_BEGIN|[58]|rId|String|false|false
14:15:26.061 (61645726)|VARIABLE_ASSIGNMENT|[58]|rId|"ztUs86FLV1IvTSsaSX"
14:15:26.061 (61648848)|STATEMENT_EXECUTE|[59]
14:15:26.061 (61664824)|METHOD_ENTRY|[59]|01p58000000n2RS|ScoringSchemeHelper.createSObject(SObjectData)
14:15:26.061 (61694687)|VARIABLE_SCOPE_BEGIN|[11]|this|ScoringSchemeHelper|true|false
14:15:26.061 (61722539)|VARIABLE_ASSIGNMENT|[11]|this|{"childrenMap":"0x5eb6d2b4"}|0x1b655ee7
14:15:26.061 (61728625)|VARIABLE_SCOPE_BEGIN|[11]|obj|SObjectData|true|false
14:15:26.061 (61751574)|VARIABLE_ASSIGNMENT|[11]|obj|{"children":"0x6ac08908","fieldMap":"0x5b917b04","sObjectType":"Test_objects__c"}|0x7464c77e
14:15:26.061 (61764276)|HEAP_ALLOCATE|[12]|Bytes:5
14:15:26.061 (61769362)|STATEMENT_EXECUTE|[11]
14:15:26.061 (61771561)|STATEMENT_EXECUTE|[12]
14:15:26.062 (62271524)|HEAP_ALLOCATE|[12]|Bytes:4
14:15:26.062 (62420238)|VARIABLE_SCOPE_BEGIN|[12]|scoringScheme|Test_Objects__c|true|false
14:15:26.062 (62439951)|VARIABLE_ASSIGNMENT|[12]|scoringScheme|{}|0x14958d5d
14:15:26.062 (62451616)|HEAP_ALLOCATE|[13]|Bytes:4
14:15:26.062 (62495098)|METHOD_ENTRY|[13]|01p58000000n6Fr|SObjectData.getFieldMap()
14:15:26.062 (62503349)|VARIABLE_SCOPE_BEGIN|[52]|this|SObjectData|true|false
14:15:26.062 (62535027)|VARIABLE_ASSIGNMENT|[52]|this|{"children":"0x6ac08908","fieldMap":"0x5b917b04","sObjectType":"Test_objects__c"}|0x7464c77e
14:15:26.062 (62548553)|HEAP_ALLOCATE|[53]|Bytes:5
14:15:26.062 (62553473)|STATEMENT_EXECUTE|[52]
14:15:26.062 (62556079)|STATEMENT_EXECUTE|[53]
14:15:26.062 (62566070)|METHOD_EXIT|[13]|01p58000000n6Fr|SObjectData.getFieldMap()
14:15:26.062 (62624449)|HEAP_ALLOCATE|[13]|Bytes:4
14:15:26.062 (62658723)|HEAP_ALLOCATE|[13]|Bytes:0
14:15:26.062 (62703928)|HEAP_ALLOCATE|[13]|Bytes:5
14:15:26.062 (62733601)|VARIABLE_ASSIGNMENT|[13]|field|null
14:15:26.062 (62744978)|STATEMENT_EXECUTE|[13]
14:15:26.062 (62747916)|STATEMENT_EXECUTE|[19]
14:15:26.062 (62756918)|METHOD_EXIT|[59]|01p58000000n2RS|ScoringSchemeHelper.createSObject(SObjectData)
14:15:26.062 (62798288)|HEAP_ALLOCATE|[EXTERNAL]|Bytes:-4
14:15:26.062 (62829235)|METHOD_ENTRY|[60]|01p58000000n6Fr|SObjectData.getChildren()
14:15:26.062 (62870769)|VARIABLE_SCOPE_BEGIN|[60]|this|SObjectData|true|false
14:15:26.062 (62909160)|VARIABLE_ASSIGNMENT|[60]|this|{"children":"0x6ac08908","fieldMap":"0x5b917b04","sObjectType":"Test_objects__c"}|0x7464c77e
14:15:26.062 (62931908)|HEAP_ALLOCATE|[61]|Bytes:5
14:15:26.062 (62944685)|STATEMENT_EXECUTE|[60]
14:15:26.062 (62952443)|STATEMENT_EXECUTE|[61]
14:15:26.062 (62956290)|STATEMENT_EXECUTE|[64]
14:15:26.062 (62969076)|METHOD_EXIT|[60]|01p58000000n6Fr|SObjectData.getChildren()
14:15:26.062 (62993769)|STATEMENT_EXECUTE|[60]
14:15:26.062 (62996424)|STATEMENT_EXECUTE|[61]
14:15:26.063 (63003990)|METHOD_ENTRY|[61]|01p58000000n6Fr|SObjectData.getChildren()
14:15:26.063 (63023501)|VARIABLE_SCOPE_BEGIN|[60]|this|SObjectData|true|false
14:15:26.063 (63054451)|VARIABLE_ASSIGNMENT|[60]|this|{"children":"0x6ac08908","fieldMap":"0x5b917b04","sObjectType":"Test_objects__c"}|0x7464c77e
14:15:26.063 (63065403)|HEAP_ALLOCATE|[61]|Bytes:5
14:15:26.063 (63070112)|STATEMENT_EXECUTE|[60]
14:15:26.063 (63073515)|STATEMENT_EXECUTE|[61]
14:15:26.063 (63075453)|STATEMENT_EXECUTE|[64]
14:15:26.063 (63083022)|METHOD_EXIT|[61]|01p58000000n6Fr|SObjectData.getChildren()
14:15:26.063 (63100949)|METHOD_ENTRY|[61]|01p58000000n2RS|ScoringSchemeHelper.createChildren(String, List<SObjectData>)
14:15:26.063 (63109406)|VARIABLE_SCOPE_BEGIN|[67]|this|ScoringSchemeHelper|true|false
14:15:26.063 (63133197)|VARIABLE_ASSIGNMENT|[67]|this|{"childrenMap":"0x5eb6d2b4"}|0x1b655ee7
14:15:26.063 (63139794)|VARIABLE_SCOPE_BEGIN|[67]|parentId|String|false|false
14:15:26.063 (63145836)|VARIABLE_ASSIGNMENT|[67]|parentId|"ztUs86FLV1IvTSsaSX"
14:15:26.063 (63149668)|VARIABLE_SCOPE_BEGIN|[67]|childrenList|List<SObjectData>|true|false
14:15:26.063 (63178501)|VARIABLE_ASSIGNMENT|[67]|childrenList|{"s":1,"v":[{"fieldMap":"0x198be5eb","parent":"0x7464c77e","sObjectType":"Test_objects__c"}]}|0x6ac08908
14:15:26.063 (63190988)|HEAP_ALLOCATE|[68]|Bytes:5
14:15:26.063 (63195656)|STATEMENT_EXECUTE|[67]
14:15:26.063 (63198668)|STATEMENT_EXECUTE|[68]
14:15:26.063 (63203506)|HEAP_ALLOCATE|[68]|Bytes:4
14:15:26.063 (63210804)|VARIABLE_SCOPE_BEGIN|[68]|childObjects|Map<String,SObject>|true|false
14:15:26.063 (63231279)|VARIABLE_ASSIGNMENT|[68]|childObjects|{"s":1,"v":{}}|0x160b72c1
14:15:26.063 (63298938)|HEAP_ALLOCATE|[69]|Bytes:5
14:15:26.063 (63315279)|HEAP_ALLOCATE|[69]|Bytes:20
14:15:26.063 (63324305)|VARIABLE_SCOPE_BEGIN|[69]|obj|SObjectData|true|false
14:15:26.063 (63355304)|VARIABLE_ASSIGNMENT|[69]|obj|{"fieldMap":"0x198be5eb","parent":"0x7464c77e","sObjectType":"Test_objects__c"}|0x4912fe96
14:15:26.063 (63362000)|STATEMENT_EXECUTE|[69]
14:15:26.063 (63364298)|STATEMENT_EXECUTE|[70]
14:15:26.063 (63372999)|METHOD_ENTRY|[70]|01p58000000n2RS|ScoringSchemeHelper.generateRandomString(Integer)
14:15:26.063 (63391791)|HEAP_ALLOCATE|[80]|Bytes:4
14:15:26.063 (63396396)|VARIABLE_SCOPE_BEGIN|[79]|len|Integer|false|false
14:15:26.063 (63403794)|VARIABLE_ASSIGNMENT|[79]|len|18
14:15:26.063 (63411297)|HEAP_ALLOCATE|[80]|Bytes:5
14:15:26.063 (63415200)|STATEMENT_EXECUTE|[79]
14:15:26.063 (63417250)|STATEMENT_EXECUTE|[80]
14:15:26.063 (63421651)|VARIABLE_SCOPE_BEGIN|[80]|chars|String|false|false
14:15:26.063 (63429784)|VARIABLE_ASSIGNMENT|[80]|chars|"ABCDEFGHIJKLMNOPQRST (42 more) ..."
14:15:26.063 (63433076)|STATEMENT_EXECUTE|[81]
14:15:26.063 (63436271)|VARIABLE_SCOPE_BEGIN|[81]|randStr|String|false|false
14:15:26.063 (63441698)|VARIABLE_ASSIGNMENT|[81]|randStr|""
14:15:26.063 (63479505)|STATEMENT_EXECUTE|[82]
14:15:26.063 (63482364)|STATEMENT_EXECUTE|[83]
14:15:26.063 (63598064)|VARIABLE_SCOPE_BEGIN|[83]|idx|Integer|false|false
14:15:26.063 (63602778)|HEAP_ALLOCATE|[83]|Bytes:4
14:15:26.063 (63611308)|VARIABLE_ASSIGNMENT|[83]|idx|18
14:15:26.063 (63614712)|STATEMENT_EXECUTE|[84]
14:15:26.063 (63646288)|HEAP_ALLOCATE|[84]|Bytes:1
14:15:26.063 (63672685)|HEAP_ALLOCATE|[84]|Bytes:1
14:15:26.063 (63684355)|VARIABLE_ASSIGNMENT|[84]|randStr|"S"
14:15:26.063 (63715771)|STATEMENT_EXECUTE|[82]
14:15:26.063 (63718676)|STATEMENT_EXECUTE|[83]
14:15:26.063 (63827761)|VARIABLE_SCOPE_BEGIN|[83]|idx|Integer|false|false
14:15:26.063 (63832708)|HEAP_ALLOCATE|[83]|Bytes:4
14:15:26.063 (63841348)|VARIABLE_ASSIGNMENT|[83]|idx|32
14:15:26.063 (63844565)|STATEMENT_EXECUTE|[84]
14:15:26.063 (63875327)|HEAP_ALLOCATE|[84]|Bytes:1
14:15:26.063 (63901921)|HEAP_ALLOCATE|[84]|Bytes:2
14:15:26.063 (63912551)|VARIABLE_ASSIGNMENT|[84]|randStr|"S6"
14:15:26.063 (63943926)|STATEMENT_EXECUTE|[82]
14:15:26.063 (63946792)|STATEMENT_EXECUTE|[83]
14:15:26.064 (64077751)|VARIABLE_SCOPE_BEGIN|[83]|idx|Integer|false|false
14:15:26.064 (64083277)|HEAP_ALLOCATE|[83]|Bytes:4
14:15:26.064 (64091919)|VARIABLE_ASSIGNMENT|[83]|idx|39
14:15:26.064 (64095108)|STATEMENT_EXECUTE|[84]
14:15:26.064 (64126393)|HEAP_ALLOCATE|[84]|Bytes:1
14:15:26.064 (64151459)|HEAP_ALLOCATE|[84]|Bytes:3
14:15:26.064 (64161786)|VARIABLE_ASSIGNMENT|[84]|randStr|"S6d"
14:15:26.064 (64191952)|STATEMENT_EXECUTE|[82]
14:15:26.064 (64194725)|STATEMENT_EXECUTE|[83]
14:15:26.064 (64304996)|VARIABLE_SCOPE_BEGIN|[83]|idx|Integer|false|false
14:15:26.064 (64309689)|HEAP_ALLOCATE|[83]|Bytes:4
14:15:26.064 (64318787)|VARIABLE_ASSIGNMENT|[83]|idx|21
14:15:26.064 (64322116)|STATEMENT_EXECUTE|[84]
14:15:26.064 (64352768)|HEAP_ALLOCATE|[84]|Bytes:1
14:15:26.064 (64377029)|HEAP_ALLOCATE|[84]|Bytes:4
14:15:26.064 (64387233)|VARIABLE_ASSIGNMENT|[84]|randStr|"S6dV"
14:15:26.064 (64417214)|STATEMENT_EXECUTE|[82]
14:15:26.064 (64420026)|STATEMENT_EXECUTE|[83]
14:15:26.064 (64528170)|VARIABLE_SCOPE_BEGIN|[83]|idx|Integer|false|false
14:15:26.064 (64532776)|HEAP_ALLOCATE|[83]|Bytes:4
14:15:26.064 (64540877)|VARIABLE_ASSIGNMENT|[83]|idx|32
14:15:26.064 (64544092)|STATEMENT_EXECUTE|[84]
14:15:26.064 (64574140)|HEAP_ALLOCATE|[84]|Bytes:1
14:15:26.064 (64598523)|HEAP_ALLOCATE|[84]|Bytes:5
14:15:26.064 (64608503)|VARIABLE_ASSIGNMENT|[84]|randStr|"S6dV6"
14:15:26.064 (64638737)|STATEMENT_EXECUTE|[82]
14:15:26.064 (64641622)|STATEMENT_EXECUTE|[83]
14:15:26.064 (64750287)|VARIABLE_SCOPE_BEGIN|[83]|idx|Integer|false|false
14:15:26.064 (64754770)|HEAP_ALLOCATE|[83]|Bytes:4
14:15:26.064 (64763181)|VARIABLE_ASSIGNMENT|[83]|idx|23
14:15:26.064 (64766853)|STATEMENT_EXECUTE|[84]
14:15:26.064 (64796937)|HEAP_ALLOCATE|[84]|Bytes:1
14:15:26.064 (64825267)|HEAP_ALLOCATE|[84]|Bytes:6
14:15:26.064 (64835849)|VARIABLE_ASSIGNMENT|[84]|randStr|"S6dV6X"
14:15:26.064 (64867733)|STATEMENT_EXECUTE|[82]
14:15:26.064 (64872298)|STATEMENT_EXECUTE|[83]
14:15:26.064 (64978247)|VARIABLE_SCOPE_BEGIN|[83]|idx|Integer|false|false
14:15:26.064 (64982777)|HEAP_ALLOCATE|[83]|Bytes:4
14:15:26.064 (64991055)|VARIABLE_ASSIGNMENT|[83]|idx|22
14:15:26.064 (64994422)|STATEMENT_EXECUTE|[84]
14:15:26.065 (65024038)|HEAP_ALLOCATE|[84]|Bytes:1
14:15:26.065 (65049271)|HEAP_ALLOCATE|[84]|Bytes:7
14:15:26.065 (65059469)|VARIABLE_ASSIGNMENT|[84]|randStr|"S6dV6XW"
14:15:26.065 (65089986)|STATEMENT_EXECUTE|[82]
14:15:26.065 (65093031)|STATEMENT_EXECUTE|[83]
14:15:26.065 (65200132)|VARIABLE_SCOPE_BEGIN|[83]|idx|Integer|false|false
14:15:26.065 (65204597)|HEAP_ALLOCATE|[83]|Bytes:4
14:15:26.065 (65212788)|VARIABLE_ASSIGNMENT|[83]|idx|31
14:15:26.065 (65216028)|STATEMENT_EXECUTE|[84]
14:15:26.065 (65245868)|HEAP_ALLOCATE|[84]|Bytes:1
14:15:26.065 (65271541)|HEAP_ALLOCATE|[84]|Bytes:8
14:15:26.065 (65282570)|VARIABLE_ASSIGNMENT|[84]|randStr|"S6dV6XW5"
14:15:26.065 (65313611)|STATEMENT_EXECUTE|[82]
14:15:26.065 (65316389)|STATEMENT_EXECUTE|[83]
14:15:26.065 (65422159)|VARIABLE_SCOPE_BEGIN|[83]|idx|Integer|false|false
14:15:26.065 (65426559)|HEAP_ALLOCATE|[83]|Bytes:4
14:15:26.065 (65434710)|VARIABLE_ASSIGNMENT|[83]|idx|29
14:15:26.065 (65437891)|STATEMENT_EXECUTE|[84]
14:15:26.065 (65467420)|HEAP_ALLOCATE|[84]|Bytes:1
14:15:26.065 (65493243)|HEAP_ALLOCATE|[84]|Bytes:9
14:15:26.065 (65504165)|VARIABLE_ASSIGNMENT|[84]|randStr|"S6dV6XW53"
14:15:26.065 (65535482)|STATEMENT_EXECUTE|[82]
14:15:26.065 (65538394)|STATEMENT_EXECUTE|[83]
14:15:26.065 (65642466)|VARIABLE_SCOPE_BEGIN|[83]|idx|Integer|false|false
14:15:26.065 (65646780)|HEAP_ALLOCATE|[83]|Bytes:4
14:15:26.065 (65655034)|VARIABLE_ASSIGNMENT|[83]|idx|60
14:15:26.065 (65658242)|STATEMENT_EXECUTE|[84]
14:15:26.065 (65690796)|HEAP_ALLOCATE|[84]|Bytes:1
14:15:26.065 (65716097)|HEAP_ALLOCATE|[84]|Bytes:10
14:15:26.065 (65726803)|VARIABLE_ASSIGNMENT|[84]|randStr|"S6dV6XW53y"
14:15:26.065 (65756802)|STATEMENT_EXECUTE|[82]
14:15:26.065 (65759639)|STATEMENT_EXECUTE|[83]
14:15:26.065 (65886228)|VARIABLE_SCOPE_BEGIN|[83]|idx|Integer|false|false
14:15:26.065 (65890834)|HEAP_ALLOCATE|[83]|Bytes:4
14:15:26.065 (65902141)|VARIABLE_ASSIGNMENT|[83]|idx|4
14:15:26.065 (65906032)|STATEMENT_EXECUTE|[84]
14:15:26.065 (65936910)|HEAP_ALLOCATE|[84]|Bytes:1
14:15:26.065 (65961648)|HEAP_ALLOCATE|[84]|Bytes:11
14:15:26.065 (65972123)|VARIABLE_ASSIGNMENT|[84]|randStr|"S6dV6XW53yE"
14:15:26.066 (66002894)|STATEMENT_EXECUTE|[82]
14:15:26.066 (66006449)|STATEMENT_EXECUTE|[83]
14:15:26.066 (66115159)|VARIABLE_SCOPE_BEGIN|[83]|idx|Integer|false|false
14:15:26.066 (66119791)|HEAP_ALLOCATE|[83]|Bytes:4
14:15:26.066 (66127926)|VARIABLE_ASSIGNMENT|[83]|idx|25
14:15:26.066 (66131232)|STATEMENT_EXECUTE|[84]
14:15:26.066 (66161062)|HEAP_ALLOCATE|[84]|Bytes:1
14:15:26.066 (66185281)|HEAP_ALLOCATE|[84]|Bytes:12
14:15:26.066 (66195896)|VARIABLE_ASSIGNMENT|[84]|randStr|"S6dV6XW53yEZ"
14:15:26.066 (66226146)|STATEMENT_EXECUTE|[82]
14:15:26.066 (66229040)|STATEMENT_EXECUTE|[83]
14:15:26.066 (66335698)|VARIABLE_SCOPE_BEGIN|[83]|idx|Integer|false|false
14:15:26.066 (66340218)|HEAP_ALLOCATE|[83]|Bytes:4
14:15:26.066 (66348604)|VARIABLE_ASSIGNMENT|[83]|idx|48
14:15:26.066 (66351843)|STATEMENT_EXECUTE|[84]
14:15:26.066 (66382152)|HEAP_ALLOCATE|[84]|Bytes:1
14:15:26.066 (66406364)|HEAP_ALLOCATE|[84]|Bytes:13
14:15:26.066 (66416626)|VARIABLE_ASSIGNMENT|[84]|randStr|"S6dV6XW53yEZm"
14:15:26.066 (66446700)|STATEMENT_EXECUTE|[82]
14:15:26.066 (66449515)|STATEMENT_EXECUTE|[83]
14:15:26.066 (66559810)|VARIABLE_SCOPE_BEGIN|[83]|idx|Integer|false|false
14:15:26.066 (66564250)|HEAP_ALLOCATE|[83]|Bytes:4
14:15:26.066 (66572546)|VARIABLE_ASSIGNMENT|[83]|idx|26
14:15:26.066 (66575733)|STATEMENT_EXECUTE|[84]
14:15:26.066 (66605583)|HEAP_ALLOCATE|[84]|Bytes:1
14:15:26.066 (66629584)|HEAP_ALLOCATE|[84]|Bytes:14
14:15:26.066 (66640156)|VARIABLE_ASSIGNMENT|[84]|randStr|"S6dV6XW53yEZm0"
14:15:26.066 (66670862)|STATEMENT_EXECUTE|[82]
14:15:26.066 (66673665)|STATEMENT_EXECUTE|[83]
14:15:26.066 (66782538)|VARIABLE_SCOPE_BEGIN|[83]|idx|Integer|false|false
14:15:26.066 (66786959)|HEAP_ALLOCATE|[83]|Bytes:4
14:15:26.066 (66795266)|VARIABLE_ASSIGNMENT|[83]|idx|45
14:15:26.066 (66798473)|STATEMENT_EXECUTE|[84]
14:15:26.066 (66832652)|HEAP_ALLOCATE|[84]|Bytes:1
14:15:26.066 (66858059)|HEAP_ALLOCATE|[84]|Bytes:15
14:15:26.066 (66868661)|VARIABLE_ASSIGNMENT|[84]|randStr|"S6dV6XW53yEZm0j"
14:15:26.066 (66899031)|STATEMENT_EXECUTE|[82]
14:15:26.066 (66901854)|STATEMENT_EXECUTE|[83]
14:15:26.067 (67010207)|VARIABLE_SCOPE_BEGIN|[83]|idx|Integer|false|false
14:15:26.067 (67015401)|HEAP_ALLOCATE|[83]|Bytes:4
14:15:26.067 (67023994)|VARIABLE_ASSIGNMENT|[83]|idx|7
14:15:26.067 (67027287)|STATEMENT_EXECUTE|[84]
14:15:26.067 (67057250)|HEAP_ALLOCATE|[84]|Bytes:1
14:15:26.067 (67081453)|HEAP_ALLOCATE|[84]|Bytes:16
14:15:26.067 (67092186)|VARIABLE_ASSIGNMENT|[84]|randStr|"S6dV6XW53yEZm0jH"
14:15:26.067 (67122510)|STATEMENT_EXECUTE|[82]
14:15:26.067 (67126431)|STATEMENT_EXECUTE|[83]
14:15:26.067 (67238055)|VARIABLE_SCOPE_BEGIN|[83]|idx|Integer|false|false
14:15:26.067 (67242884)|HEAP_ALLOCATE|[83]|Bytes:4
14:15:26.067 (67251344)|VARIABLE_ASSIGNMENT|[83]|idx|47
14:15:26.067 (67254471)|STATEMENT_EXECUTE|[84]
14:15:26.067 (67284868)|HEAP_ALLOCATE|[84]|Bytes:1
14:15:26.067 (67312270)|HEAP_ALLOCATE|[84]|Bytes:17
14:15:26.067 (67323116)|VARIABLE_ASSIGNMENT|[84]|randStr|"S6dV6XW53yEZm0jHl"
14:15:26.067 (67353717)|STATEMENT_EXECUTE|[82]
14:15:26.067 (67356577)|STATEMENT_EXECUTE|[83]
14:15:26.067 (67460937)|VARIABLE_SCOPE_BEGIN|[83]|idx|Integer|false|false
14:15:26.067 (67465508)|HEAP_ALLOCATE|[83]|Bytes:4
14:15:26.067 (67473742)|VARIABLE_ASSIGNMENT|[83]|idx|61
14:15:26.067 (67477173)|STATEMENT_EXECUTE|[84]
14:15:26.067 (67506924)|HEAP_ALLOCATE|[84]|Bytes:1
14:15:26.067 (67534582)|HEAP_ALLOCATE|[84]|Bytes:18
14:15:26.067 (67545370)|VARIABLE_ASSIGNMENT|[84]|randStr|"S6dV6XW53yEZm0jHlz"
14:15:26.067 (67576814)|STATEMENT_EXECUTE|[86]
14:15:26.067 (67585333)|METHOD_EXIT|[70]|01p58000000n2RS|ScoringSchemeHelper.generateRandomString(Integer)
14:15:26.067 (67590860)|VARIABLE_SCOPE_BEGIN|[70]|rId|String|false|false
14:15:26.067 (67598902)|VARIABLE_ASSIGNMENT|[70]|rId|"S6dV6XW53yEZm0jHlz"
14:15:26.067 (67602499)|STATEMENT_EXECUTE|[71]
14:15:26.067 (67611607)|METHOD_ENTRY|[71]|01p58000000n2RS|ScoringSchemeHelper.createSObject(SObjectData)
14:15:26.067 (67631235)|VARIABLE_SCOPE_BEGIN|[11]|this|ScoringSchemeHelper|true|false
14:15:26.067 (67657888)|VARIABLE_ASSIGNMENT|[11]|this|{"childrenMap":"0x5eb6d2b4"}|0x1b655ee7
14:15:26.067 (67663130)|VARIABLE_SCOPE_BEGIN|[11]|obj|SObjectData|true|false
14:15:26.067 (67685347)|VARIABLE_ASSIGNMENT|[11]|obj|{"fieldMap":"0x198be5eb","parent":"0x7464c77e","sObjectType":"Test_objects__c"}|0x4912fe96
14:15:26.067 (67698092)|HEAP_ALLOCATE|[12]|Bytes:5
14:15:26.067 (67703130)|STATEMENT_EXECUTE|[11]
14:15:26.067 (67705443)|STATEMENT_EXECUTE|[12]
14:15:26.067 (67722363)|HEAP_ALLOCATE|[12]|Bytes:4
14:15:26.067 (67738321)|VARIABLE_SCOPE_BEGIN|[12]|scoringScheme|Test_Objects__c|true|false
14:15:26.067 (67752547)|VARIABLE_ASSIGNMENT|[12]|scoringScheme|{}|0x63cf9368
14:15:26.067 (67759485)|HEAP_ALLOCATE|[13]|Bytes:4
14:15:26.067 (67779501)|METHOD_ENTRY|[13]|01p58000000n6Fr|SObjectData.getFieldMap()
14:15:26.067 (67785090)|VARIABLE_SCOPE_BEGIN|[52]|this|SObjectData|true|false
14:15:26.067 (67813003)|VARIABLE_ASSIGNMENT|[52]|this|{"fieldMap":"0x198be5eb","parent":"0x7464c77e","sObjectType":"Test_objects__c"}|0x4912fe96
14:15:26.067 (67830370)|HEAP_ALLOCATE|[53]|Bytes:5
14:15:26.067 (67834986)|STATEMENT_EXECUTE|[52]
14:15:26.067 (67837080)|STATEMENT_EXECUTE|[53]
14:15:26.067 (67845250)|METHOD_EXIT|[13]|01p58000000n6Fr|SObjectData.getFieldMap()
14:15:26.067 (67872154)|HEAP_ALLOCATE|[13]|Bytes:4
14:15:26.067 (67898924)|HEAP_ALLOCATE|[13]|Bytes:0
14:15:26.067 (67937623)|HEAP_ALLOCATE|[13]|Bytes:5
14:15:26.067 (67955099)|VARIABLE_ASSIGNMENT|[13]|field|null
14:15:26.067 (67959596)|STATEMENT_EXECUTE|[13]
14:15:26.067 (67961939)|STATEMENT_EXECUTE|[19]
14:15:26.067 (67969017)|METHOD_EXIT|[71]|01p58000000n2RS|ScoringSchemeHelper.createSObject(SObjectData)
14:15:26.068 (68000111)|HEAP_ALLOCATE|[EXTERNAL]|Bytes:-4
14:15:26.068 (68024974)|METHOD_ENTRY|[72]|01p58000000n6Fr|SObjectData.getChildren()
14:15:26.068 (68043522)|VARIABLE_SCOPE_BEGIN|[60]|this|SObjectData|true|false
14:15:26.068 (68072444)|VARIABLE_ASSIGNMENT|[60]|this|{"fieldMap":"0x198be5eb","parent":"0x7464c77e","sObjectType":"Test_objects__c"}|0x4912fe96
14:15:26.068 (68085482)|HEAP_ALLOCATE|[61]|Bytes:5
14:15:26.068 (68090404)|STATEMENT_EXECUTE|[60]
14:15:26.068 (68093698)|STATEMENT_EXECUTE|[61]
14:15:26.068 (68095574)|STATEMENT_EXECUTE|[62]
14:15:26.068 (68099988)|HEAP_ALLOCATE|[62]|Bytes:4
14:15:26.068 (68136520)|HEAP_ALLOCATE|[EXTERNAL]|Bytes:4
14:15:26.068 (68153954)|VARIABLE_ASSIGNMENT|[62]|this.children|{"s":1,"v":[]}|0x4912fe96
14:15:26.068 (68158922)|STATEMENT_EXECUTE|[64]
14:15:26.068 (68167931)|METHOD_EXIT|[72]|01p58000000n6Fr|SObjectData.getChildren()
14:15:26.068 (68185524)|STATEMENT_EXECUTE|[72]
14:15:26.068 (68199982)|HEAP_ALLOCATE|[69]|Bytes:5
14:15:26.068 (68216198)|VARIABLE_ASSIGNMENT|[69]|obj|null|
14:15:26.068 (68220276)|STATEMENT_EXECUTE|[76]
14:15:26.068 (68277884)|HEAP_ALLOCATE|[EXTERNAL]|Bytes:-4
14:15:26.068 (68303807)|METHOD_EXIT|[61]|01p58000000n2RS|ScoringSchemeHelper.createChildren(String, List<SObjectData>)
14:15:26.068 (68320465)|HEAP_ALLOCATE|[57]|Bytes:5
14:15:26.068 (68340459)|VARIABLE_ASSIGNMENT|[57]|obj|null|
14:15:26.068 (68344777)|STATEMENT_EXECUTE|[64]
14:15:26.068 (68351579)|METHOD_EXIT|[6]|01p58000000n2RS|ScoringSchemeHelper.createRoot(List<SObjectData>)
14:15:26.068 (68357294)|VARIABLE_SCOPE_BEGIN|[6]|root|Map<String,SObject>|true|false
14:15:26.068 (68379886)|VARIABLE_ASSIGNMENT|[6]|root|{"s":1,"v":{"ztUs86FLV1IvTSsaSX":{}}}|0x59d68c69
14:15:26.068 (68385442)|STATEMENT_EXECUTE|[7]
14:15:26.068 (68400779)|METHOD_ENTRY|[7]|01p58000000n2RS|ScoringSchemeHelper.insertSObjects(Map<String,SObject>)
14:15:26.068 (68428949)|VARIABLE_SCOPE_BEGIN|[26]|this|ScoringSchemeHelper|true|false
14:15:26.068 (68454386)|VARIABLE_ASSIGNMENT|[26]|this|{"childrenMap":"0x5eb6d2b4"}|0x1b655ee7
14:15:26.068 (68461065)|VARIABLE_SCOPE_BEGIN|[26]|objMap|Map<String,SObject>|true|false
14:15:26.068 (68478027)|VARIABLE_ASSIGNMENT|[26]|objMap|{"s":1,"v":{"ztUs86FLV1IvTSsaSX":{}}}|0x59d68c69
14:15:26.068 (68489114)|HEAP_ALLOCATE|[27]|Bytes:5
14:15:26.068 (68494208)|STATEMENT_EXECUTE|[26]
14:15:26.068 (68496709)|STATEMENT_EXECUTE|[27]
14:15:26.068 (68498431)|STATEMENT_EXECUTE|[27]
14:15:26.068 (68501367)|STATEMENT_EXECUTE|[28]
14:15:26.068 (68551717)|HEAP_ALLOCATE|[EXTERNAL]|Bytes:8
14:15:26.068 (68564153)|HEAP_ALLOCATE|[28]|Bytes:12
14:15:26.068 (68637952)|DML_BEGIN|[28]|Op:Insert|Type:SObject|Rows:1
14:15:26.068 (68668930)|HEAP_ALLOCATE|[EXTERNAL]|Bytes:8
14:15:26.108 (108610744)|DML_END|[28]
14:15:26.108 (108701523)|HEAP_ALLOCATE|[EXTERNAL]|Bytes:8
14:15:26.108 (108716206)|HEAP_ALLOCATE|[29]|Bytes:4
14:15:26.108 (108773480)|HEAP_ALLOCATE|[29]|Bytes:26
14:15:26.108 (108806960)|HEAP_ALLOCATE|[29]|Bytes:4
14:15:26.108 (108852157)|HEAP_ALLOCATE|[29]|Bytes:5
14:15:26.108 (108871447)|VARIABLE_SCOPE_BEGIN|[29]|key|String|false|false
14:15:26.108 (108883245)|VARIABLE_ASSIGNMENT|[29]|key|"ztUs86FLV1IvTSsaSX"
14:15:26.108 (108887503)|STATEMENT_EXECUTE|[29]
14:15:26.108 (108941738)|STATEMENT_EXECUTE|[30]
14:15:26.108 (108944955)|STATEMENT_EXECUTE|[31]
14:15:26.109 (109059977)|HEAP_ALLOCATE|[31]|Bytes:18
14:15:26.109 (109116731)|METHOD_ENTRY|[31]|01p58000000n2RS|ScoringSchemeHelper.insertSObjects(String, Map<String,SObject>)
14:15:26.109 (109125582)|VARIABLE_SCOPE_BEGIN|[39]|this|ScoringSchemeHelper|true|false
14:15:26.109 (109154145)|VARIABLE_ASSIGNMENT|[39]|this|{"childrenMap":"0x5eb6d2b4"}|0x1b655ee7
14:15:26.109 (109161253)|VARIABLE_SCOPE_BEGIN|[39]|parentId|String|false|false
14:15:26.109 (109168082)|VARIABLE_ASSIGNMENT|[39]|parentId|"a0w58000000GsZ4AAK"
14:15:26.109 (109172017)|VARIABLE_SCOPE_BEGIN|[39]|objMap|Map<String,SObject>|true|false
14:15:26.109 (109190764)|VARIABLE_ASSIGNMENT|[39]|objMap|{"s":1,"v":{"S6dV6XW53yEZm0jHlz":{}}}|0x160b72c1
14:15:26.109 (109202934)|HEAP_ALLOCATE|[40]|Bytes:5
14:15:26.109 (109208530)|STATEMENT_EXECUTE|[39]
14:15:26.109 (109210881)|STATEMENT_EXECUTE|[40]
14:15:26.109 (109212758)|STATEMENT_EXECUTE|[40]
14:15:26.109 (109217729)|HEAP_ALLOCATE|[41]|Bytes:4
14:15:26.109 (109270556)|HEAP_ALLOCATE|[41]|Bytes:26
14:15:26.109 (109300350)|HEAP_ALLOCATE|[41]|Bytes:4
14:15:26.109 (109337159)|HEAP_ALLOCATE|[41]|Bytes:5
14:15:26.109 (109355132)|VARIABLE_SCOPE_BEGIN|[41]|key|String|false|false
14:15:26.109 (109365787)|VARIABLE_ASSIGNMENT|[41]|key|"S6dV6XW53yEZm0jHlz"
14:15:26.109 (109369777)|STATEMENT_EXECUTE|[41]
14:15:26.109 (109372061)|STATEMENT_EXECUTE|[42]
14:15:26.109 (109428136)|HEAP_ALLOCATE|[42]|Bytes:9
14:15:26.109 (109574953)|HEAP_ALLOCATE|[41]|Bytes:5
14:15:26.109 (109593887)|VARIABLE_ASSIGNMENT|[41]|key|null
14:15:26.109 (109598512)|STATEMENT_EXECUTE|[44]
14:15:26.109 (109636049)|HEAP_ALLOCATE|[EXTERNAL]|Bytes:8
14:15:26.109 (109647604)|HEAP_ALLOCATE|[44]|Bytes:43
14:15:26.109 (109685787)|DML_BEGIN|[44]|Op:Insert|Type:SObject|Rows:1
14:15:26.109 (109705423)|HEAP_ALLOCATE|[EXTERNAL]|Bytes:8
14:15:26.126 (126541692)|DML_END|[44]
14:15:26.126 (126570658)|HEAP_ALLOCATE|[EXTERNAL]|Bytes:8
14:15:26.126 (126583094)|HEAP_ALLOCATE|[45]|Bytes:4
14:15:26.126 (126638988)|HEAP_ALLOCATE|[45]|Bytes:26
14:15:26.126 (126671148)|HEAP_ALLOCATE|[45]|Bytes:4
14:15:26.126 (126710035)|HEAP_ALLOCATE|[45]|Bytes:5
14:15:26.126 (126728249)|VARIABLE_SCOPE_BEGIN|[45]|key|String|false|false
14:15:26.126 (126739752)|VARIABLE_ASSIGNMENT|[45]|key|"S6dV6XW53yEZm0jHlz"
14:15:26.126 (126744006)|STATEMENT_EXECUTE|[45]
14:15:26.126 (126795824)|STATEMENT_EXECUTE|[46]
14:15:26.126 (126812152)|HEAP_ALLOCATE|[45]|Bytes:5
14:15:26.126 (126833999)|VARIABLE_ASSIGNMENT|[45]|key|null
14:15:26.126 (126844794)|METHOD_EXIT|[31]|01p58000000n2RS|ScoringSchemeHelper.insertSObjects(String, Map<String,SObject>)
14:15:26.126 (126860257)|HEAP_ALLOCATE|[29]|Bytes:5
14:15:26.126 (126874319)|VARIABLE_ASSIGNMENT|[29]|key|null
14:15:26.126 (126882202)|METHOD_EXIT|[7]|01p58000000n2RS|ScoringSchemeHelper.insertSObjects(Map<String,SObject>)
14:15:26.126 (126886767)|STATEMENT_EXECUTE|[8]
14:15:26.126 (126892764)|METHOD_EXIT|[11]|01p58000000n2RS|ScoringSchemeHelper.createSObjects(List<SObjectData>)
14:15:26.126 (126897724)|SYSTEM_MODE_EXIT|false
14:15:26.131 (131889738)|CUMULATIVE_LIMIT_USAGE
14:15:26.131 (131889738)|LIMIT_USAGE_FOR_NS|(default)|
  Number of SOQL queries: 0 out of 100
  Number of query rows: 0 out of 50000
  Number of SOSL queries: 0 out of 20
  Number of DML statements: 2 out of 150
  Number of DML rows: 2 out of 10000
  Maximum CPU time: 0 out of 10000
  Maximum heap size: 0 out of 6000000
  Number of callouts: 0 out of 100
  Number of Email Invocations: 0 out of 10
  Number of future calls: 0 out of 50
  Number of queueable jobs added to the queue: 0 out of 50
  Number of Mobile Apex push calls: 0 out of 10

14:15:26.131 (131889738)|CUMULATIVE_LIMIT_USAGE_END

14:15:26.131 (131951916)|CODE_UNIT_FINISHED|execute_anonymous_apex
14:15:26.132 (132918335)|EXECUTION_FINISHED
